I250822 09:10:51.932368 51 util/log/file_sync_buffer.go:237 ⋮ [config]   file created at: 2025/08/22 09:10:51
I250822 09:10:51.932408 51 util/log/file_sync_buffer.go:237 ⋮ [config]   running on machine: ‹393847c56a2b›
I250822 09:10:51.932425 51 util/log/file_sync_buffer.go:237 ⋮ [config]   binary: CockroachDB CCL v25.2.0 (aarch64-unknown-linux-gnu, built 2025/05/15 21:07:42, go1.23.7 X:nocoverageredesign)
I250822 09:10:51.932432 51 util/log/file_sync_buffer.go:237 ⋮ [config]   arguments: [‹/cockroach/cockroach› ‹start-single-node› ‹--certs-dir=certs› ‹--advertise-addr=127.0.0.1:26257› ‹--insecure› ‹--http-addr=0.0.0.0:8080›]
I250822 09:10:51.932450 51 util/log/file_sync_buffer.go:237 ⋮ [config]   log format (utf8=✓): crdb-v2
I250822 09:10:51.932454 51 util/log/file_sync_buffer.go:237 ⋮ [config]   line format: [IWEF]yymmdd hh:mm:ss.uuuuuu goid [chan@]file:line redactionmark \[tags\] [counter] msg
I250822 09:10:51.927692 51 3@pebble/objstorage/objstorageprovider/remote.go:102 ⋮ [n?,s?,pebble] 1  remote storage configured; creatorID = 1
I250822 09:10:52.957461 51 3@pebble/open.go:1054 ⋮ [n?,s?,pebble] 2  [JOB ‹1›] WAL ‹004139: {(/cockroach/cockroach-data,000)}› stopped reading at offset: (‹/cockroach/cockroach-data/004139.log›: 13759909); replayed 42504 keys in 1322 batches
I250822 09:10:52.967422 69 3@pebble/event.go:1011 ⋮ [n?,s?,pebble] 3  [JOB 2] flushing 7 memtables (15MB) to L0
I250822 09:10:52.979794 69 3@pebble/event.go:1039 ⋮ [n?,s?,pebble] 4  [JOB 2] flushing: sstable created 004145
I250822 09:10:53.144150 69 3@pebble/event.go:1031 ⋮ [n?,s?,pebble] 5  [JOB 2] MANIFEST created 004146
I250822 09:10:53.144330 69 3@pebble/event.go:1015 ⋮ [n?,s?,pebble] 6  [JOB 2] flushed 7 memtables (15MB) to L0 [004145] (215KB), in 0.2s (0.2s total), output rate 1.4MB/s
I250822 09:10:53.153125 98 3@pebble/event.go:1063 ⋮ [n?,s?,pebble] 7  [JOB 2] WAL deleted 004135
I250822 09:10:53.157353 51 3@pebble/event.go:1059 ⋮ [n?,s?,pebble] 8  [JOB 1] WAL created 004147
I250822 09:10:53.167817 98 3@pebble/event.go:1063 ⋮ [n?,s?,pebble] 9  [JOB 2] WAL deleted 004139
I250822 09:10:53.179627 72 3@pebble/event.go:999 ⋮ [n?,s?,pebble] 10  [JOB 4] compacting(default) L0 [004145] (215KB) Score=16.79 + L5 [004141 004142 004143] (3.8MB) Score=0.06; OverlappingRatio: Single 18.13, Multi 0.00
I250822 09:10:53.280140 72 3@pebble/event.go:1039 ⋮ [n?,s?,pebble] 11  [JOB 4] compacting: sstable created 004149
I250822 09:10:53.331855 114 3@pebble/event.go:1051 ⋮ [n?,s?,pebble] 12  [JOB 5] all initial table stats loaded
I250822 09:10:54.315051 72 3@pebble/event.go:1039 ⋮ [n?,s?,pebble] 13  [JOB 4] compacting: sstable created 004150
I250822 09:10:54.403911 72 3@pebble/event.go:1003 ⋮ [n?,s?,pebble] 14  [JOB 4] compacted(default) L0 [004145] (215KB) Score=16.79 + L5 [004141 004142 004143] (3.8MB) Score=0.06 -> L5 [004149 004150] (3.8MB), in 1.2s (1.3s total), output rate 3.1MB/s
I250822 09:10:54.407210 98 3@pebble/event.go:1043 ⋮ [n?,s?,pebble] 15  [JOB 4] sstable deleted 004141
I250822 09:10:54.408314 98 3@pebble/event.go:1043 ⋮ [n?,s?,pebble] 16  [JOB 4] sstable deleted 004142
I250822 09:10:54.408853 98 3@pebble/event.go:1043 ⋮ [n?,s?,pebble] 17  [JOB 4] sstable deleted 004143
I250822 09:10:54.409868 98 3@pebble/event.go:1043 ⋮ [n?,s?,pebble] 18  [JOB 4] sstable deleted 004145
I250822 09:10:54.410373 98 3@pebble/event.go:1035 ⋮ [n?,s?,pebble] 19  [JOB 1] MANIFEST deleted 004108
I250822 09:10:54.460370 51 3@pebble/event.go:1031 ⋮ [n?,s?,pebble] 20  [JOB 1] MANIFEST created 000001
I250822 09:10:54.463873 51 3@pebble/event.go:1059 ⋮ [n?,s?,pebble] 21  [JOB 1] WAL created 000002
I250822 09:10:54.465592 51 3@pebble/event.go:1027 ⋮ [n?,s?,pebble] 22  upgraded to format version: 014
I250822 09:10:54.472282 51 3@pebble/event.go:1027 ⋮ [n?,s?,pebble] 23  upgraded to format version: 015
I250822 09:10:54.476654 51 3@pebble/event.go:1027 ⋮ [n?,s?,pebble] 24  upgraded to format version: 016
I250822 09:10:54.479773 51 3@pebble/event.go:1027 ⋮ [n?,s?,pebble] 25  upgraded to format version: 017
I250822 09:10:54.480969 51 3@pebble/event.go:1027 ⋮ [n?,s?,pebble] 26  upgraded to format version: 018
I250822 09:10:54.485399 51 3@pebble/event.go:1027 ⋮ [n?,s?,pebble] 27  upgraded to format version: 019
I250822 09:10:54.492299 15 3@pebble/event.go:1051 ⋮ [n?,s?,pebble] 28  [JOB 2] all initial table stats loaded
I250822 09:11:15.135186 156 3@kv/kvserver/store.go:3801 ⋮ [T1,Vsystem,n1,s1] 29  Pebble metrics:
I250822 09:11:15.135186 156 3@kv/kvserver/store.go:3801 ⋮ [T1,Vsystem,n1,s1] 29 +      |                             |       |       |   ingested   |     moved    |    written   |       |    amp
I250822 09:11:15.135186 156 3@kv/kvserver/store.go:3801 ⋮ [T1,Vsystem,n1,s1] 29 +level | tables  size val-bl vtables | score |   in  | tables  size | tables  size | tables  size |  read |   r   w
I250822 09:11:15.135186 156 3@kv/kvserver/store.go:3801 ⋮ [T1,Vsystem,n1,s1] 29 +------+-----------------------------+-------+-------+--------------+--------------+--------------+-------+---------
I250822 09:11:15.135186 156 3@kv/kvserver/store.go:3801 ⋮ [T1,Vsystem,n1,s1] 29 +    0 |     0     0B     0B       0 |  0.00 |  13MB |     0     0B |     0     0B |     1  215KB |    0B |   0  0.0
I250822 09:11:15.135186 156 3@kv/kvserver/store.go:3801 ⋮ [T1,Vsystem,n1,s1] 29 +    1 |     0     0B     0B       0 |  0.00 |    0B |     0     0B |     0     0B |     0     0B |    0B |   0  0.0
I250822 09:11:15.135186 156 3@kv/kvserver/store.go:3801 ⋮ [T1,Vsystem,n1,s1] 29 +    2 |     0     0B     0B       0 |  0.00 |    0B |     0     0B |     0     0B |     0     0B |    0B |   0  0.0
I250822 09:11:15.135186 156 3@kv/kvserver/store.go:3801 ⋮ [T1,Vsystem,n1,s1] 29 +    3 |     0     0B     0B       0 |  0.00 |    0B |     0     0B |     0     0B |     0     0B |    0B |   0  0.0
I250822 09:11:15.135186 156 3@kv/kvserver/store.go:3801 ⋮ [T1,Vsystem,n1,s1] 29 +    4 |     0     0B     0B       0 |  0.00 |    0B |     0     0B |     0     0B |     0     0B |    0B |   0  0.0
I250822 09:11:15.135186 156 3@kv/kvserver/store.go:3801 ⋮ [T1,Vsystem,n1,s1] 29 +    5 |     2  3.8MB   30KB       0 |  0.19 | 215KB |     0     0B |     0     0B |     2  3.8MB | 4.0MB |   1 18.1
I250822 09:11:15.135186 156 3@kv/kvserver/store.go:3801 ⋮ [T1,Vsystem,n1,s1] 29 +    6 |    10   75MB  841KB       0 |     - |    0B |     0     0B |     0     0B |     0     0B |    0B |   1  0.0
I250822 09:11:15.135186 156 3@kv/kvserver/store.go:3801 ⋮ [T1,Vsystem,n1,s1] 29 +total |    12   79MB  871KB       0 |     - |  15MB |     0     0B |     0     0B |     3   20MB | 4.0MB |   2  1.3
I250822 09:11:15.135186 156 3@kv/kvserver/store.go:3801 ⋮ [T1,Vsystem,n1,s1] 29 +-------------------------------------------------------------------------------------------------------------------
I250822 09:11:15.135186 156 3@kv/kvserver/store.go:3801 ⋮ [T1,Vsystem,n1,s1] 29 +WAL: 1 files (2.3MB)  in: 2.3MB  written: 15MB (570% overhead)
I250822 09:11:15.135186 156 3@kv/kvserver/store.go:3801 ⋮ [T1,Vsystem,n1,s1] 29 +Flushes: 1
I250822 09:11:15.135186 156 3@kv/kvserver/store.go:3801 ⋮ [T1,Vsystem,n1,s1] 29 +Compactions: 1  estimated debt: 0B  in progress: 0 (0B)
I250822 09:11:15.135186 156 3@kv/kvserver/store.go:3801 ⋮ [T1,Vsystem,n1,s1] 29 +             default: 1  delete: 0  elision: 0  move: 0  read: 0  tombstone-density: 0  rewrite: 0  copy: 0  multi-level: 0
I250822 09:11:15.135186 156 3@kv/kvserver/store.go:3801 ⋮ [T1,Vsystem,n1,s1] 29 +MemTables: 1 (32MB)  zombie: 1 (16MB)
I250822 09:11:15.135186 156 3@kv/kvserver/store.go:3801 ⋮ [T1,Vsystem,n1,s1] 29 +Zombie tables: 0 (0B, local: 0B)
I250822 09:11:15.135186 156 3@kv/kvserver/store.go:3801 ⋮ [T1,Vsystem,n1,s1] 29 +Backing tables: 0 (0B)
I250822 09:11:15.135186 156 3@kv/kvserver/store.go:3801 ⋮ [T1,Vsystem,n1,s1] 29 +Virtual tables: 0 (0B)
I250822 09:11:15.135186 156 3@kv/kvserver/store.go:3801 ⋮ [T1,Vsystem,n1,s1] 29 +Local tables size: 79MB
I250822 09:11:15.135186 156 3@kv/kvserver/store.go:3801 ⋮ [T1,Vsystem,n1,s1] 29 +Compression types: snappy: 12
I250822 09:11:15.135186 156 3@kv/kvserver/store.go:3801 ⋮ [T1,Vsystem,n1,s1] 29 +Block cache: 88 entries (3.1MB)  hit rate: 91.2%
I250822 09:11:15.135186 156 3@kv/kvserver/store.go:3801 ⋮ [T1,Vsystem,n1,s1] 29 +Table cache: 12 entries (9.8KB)  hit rate: 99.6%
I250822 09:11:15.135186 156 3@kv/kvserver/store.go:3801 ⋮ [T1,Vsystem,n1,s1] 29 +Snapshots: 0  earliest seq num: 0
I250822 09:11:15.135186 156 3@kv/kvserver/store.go:3801 ⋮ [T1,Vsystem,n1,s1] 29 +Table iters: 0
I250822 09:11:15.135186 156 3@kv/kvserver/store.go:3801 ⋮ [T1,Vsystem,n1,s1] 29 +Filter utility: 64.9%
I250822 09:11:15.135186 156 3@kv/kvserver/store.go:3801 ⋮ [T1,Vsystem,n1,s1] 29 +Ingestions: 0  as flushable: 0 (0B in 0 tables)
I250822 09:11:15.135186 156 3@kv/kvserver/store.go:3801 ⋮ [T1,Vsystem,n1,s1] 29 +Cgo memory usage: 51MB  block cache: 3.1MB (data: 3.1MB, maps: 18KB, entries: 6.9KB)  memtables: 48MB
I250822 09:15:05.231580 720 3@pebble/event.go:1059 ⋮ [n1,s1,pebble] 30  [JOB 7] WAL created 004151
I250822 09:15:05.240873 7178 3@pebble/event.go:1011 ⋮ [n1,s1,pebble] 31  [JOB 8] flushing 1 memtable (32MB) to L0
I250822 09:15:05.248554 7178 3@pebble/event.go:1039 ⋮ [n1,s1,pebble] 32  [JOB 8] flushing: sstable created 004152
I250822 09:15:05.317319 7178 3@pebble/event.go:1015 ⋮ [n1,s1,pebble] 33  [JOB 8] flushed 1 memtable (32MB) to L0 [004152] (386KB), in 0.1s (0.1s total), output rate 5.4MB/s
I250822 09:15:05.317656 7085 3@pebble/event.go:999 ⋮ [n1,s1,pebble] 34  [JOB 10] compacting(default) L0 [004152] (386KB) Score=16.84 + L5 [004149 004150] (3.8MB) Score=0.19; OverlappingRatio: Single 10.07, Multi 0.00
I250822 09:15:05.322465 7085 3@pebble/event.go:1039 ⋮ [n1,s1,pebble] 35  [JOB 10] compacting: sstable created 004153
I250822 09:15:05.499979 7085 3@pebble/event.go:1039 ⋮ [n1,s1,pebble] 36  [JOB 10] compacting: sstable created 004154
I250822 09:15:05.561977 7085 3@pebble/event.go:1039 ⋮ [n1,s1,pebble] 37  [JOB 10] compacting: sstable created 004155
I250822 09:15:05.590211 7085 3@pebble/event.go:1003 ⋮ [n1,s1,pebble] 38  [JOB 10] compacted(default) L0 [004152] (386KB) Score=16.84 + L5 [004149 004150] (3.8MB) Score=0.19 -> L5 [004153 004154 004155] (4.1MB), in 0.3s (0.3s total), output rate 15MB/s
I250822 09:15:05.596015 98 3@pebble/event.go:1043 ⋮ [n1,s1,pebble] 39  [JOB 10] sstable deleted 004149
I250822 09:15:05.597065 98 3@pebble/event.go:1043 ⋮ [n1,s1,pebble] 40  [JOB 10] sstable deleted 004150
I250822 09:15:05.597718 98 3@pebble/event.go:1043 ⋮ [n1,s1,pebble] 41  [JOB 10] sstable deleted 004152
I250822 09:25:21.672475 156 3@kv/kvserver/store.go:3801 ⋮ [T1,Vsystem,n1,s1] 42  Pebble metrics:
I250822 09:25:21.672475 156 3@kv/kvserver/store.go:3801 ⋮ [T1,Vsystem,n1,s1] 42 +      |                             |       |       |   ingested   |     moved    |    written   |       |    amp
I250822 09:25:21.672475 156 3@kv/kvserver/store.go:3801 ⋮ [T1,Vsystem,n1,s1] 42 +level | tables  size val-bl vtables | score |   in  | tables  size | tables  size | tables  size |  read |   r   w
I250822 09:25:21.672475 156 3@kv/kvserver/store.go:3801 ⋮ [T1,Vsystem,n1,s1] 42 +------+-----------------------------+-------+-------+--------------+--------------+--------------+-------+---------
I250822 09:25:21.672475 156 3@kv/kvserver/store.go:3801 ⋮ [T1,Vsystem,n1,s1] 42 +    0 |     0     0B     0B       0 |  0.00 |  42MB |     0     0B |     0     0B |     2  602KB |    0B |   0  0.0
I250822 09:25:21.672475 156 3@kv/kvserver/store.go:3801 ⋮ [T1,Vsystem,n1,s1] 42 +    1 |     0     0B     0B       0 |  0.00 |    0B |     0     0B |     0     0B |     0     0B |    0B |   0  0.0
I250822 09:25:21.672475 156 3@kv/kvserver/store.go:3801 ⋮ [T1,Vsystem,n1,s1] 42 +    2 |     0     0B     0B       0 |  0.00 |    0B |     0     0B |     0     0B |     0     0B |    0B |   0  0.0
I250822 09:25:21.672475 156 3@kv/kvserver/store.go:3801 ⋮ [T1,Vsystem,n1,s1] 42 +    3 |     0     0B     0B       0 |  0.00 |    0B |     0     0B |     0     0B |     0     0B |    0B |   0  0.0
I250822 09:25:21.672475 156 3@kv/kvserver/store.go:3801 ⋮ [T1,Vsystem,n1,s1] 42 +    4 |     0     0B     0B       0 |  0.00 |    0B |     0     0B |     0     0B |     0     0B |    0B |   0  0.0
I250822 09:25:21.672475 156 3@kv/kvserver/store.go:3801 ⋮ [T1,Vsystem,n1,s1] 42 +    5 |     3  4.1MB   34KB       0 |  0.20 | 602KB |     0     0B |     0     0B |     5  7.9MB | 8.2MB |   1 13.4
I250822 09:25:21.672475 156 3@kv/kvserver/store.go:3801 ⋮ [T1,Vsystem,n1,s1] 42 +    6 |    10   75MB  841KB       0 |     - |    0B |     0     0B |     0     0B |     0     0B |    0B |   1  0.0
I250822 09:25:21.672475 156 3@kv/kvserver/store.go:3801 ⋮ [T1,Vsystem,n1,s1] 42 +total |    13   79MB  875KB       0 |     - |  83MB |     0     0B |     0     0B |     7   92MB | 8.2MB |   2  1.1
I250822 09:25:21.672475 156 3@kv/kvserver/store.go:3801 ⋮ [T1,Vsystem,n1,s1] 42 +-------------------------------------------------------------------------------------------------------------------
I250822 09:25:21.672475 156 3@kv/kvserver/store.go:3801 ⋮ [T1,Vsystem,n1,s1] 42 +WAL: 1 files (41MB)  in: 70MB  written: 83MB (19% overhead)
I250822 09:25:21.672475 156 3@kv/kvserver/store.go:3801 ⋮ [T1,Vsystem,n1,s1] 42 +Flushes: 2
I250822 09:25:21.672475 156 3@kv/kvserver/store.go:3801 ⋮ [T1,Vsystem,n1,s1] 42 +Compactions: 2  estimated debt: 0B  in progress: 0 (0B)
I250822 09:25:21.672475 156 3@kv/kvserver/store.go:3801 ⋮ [T1,Vsystem,n1,s1] 42 +             default: 2  delete: 0  elision: 0  move: 0  read: 0  tombstone-density: 0  rewrite: 0  copy: 0  multi-level: 0
I250822 09:25:21.672475 156 3@kv/kvserver/store.go:3801 ⋮ [T1,Vsystem,n1,s1] 42 +MemTables: 1 (64MB)  zombie: 1 (32MB)
I250822 09:25:21.672475 156 3@kv/kvserver/store.go:3801 ⋮ [T1,Vsystem,n1,s1] 42 +Zombie tables: 0 (0B, local: 0B)
I250822 09:25:21.672475 156 3@kv/kvserver/store.go:3801 ⋮ [T1,Vsystem,n1,s1] 42 +Backing tables: 0 (0B)
I250822 09:25:21.672475 156 3@kv/kvserver/store.go:3801 ⋮ [T1,Vsystem,n1,s1] 42 +Virtual tables: 0 (0B)
I250822 09:25:21.672475 156 3@kv/kvserver/store.go:3801 ⋮ [T1,Vsystem,n1,s1] 42 +Local tables size: 79MB
I250822 09:25:21.672475 156 3@kv/kvserver/store.go:3801 ⋮ [T1,Vsystem,n1,s1] 42 +Compression types: snappy: 13
I250822 09:25:21.672475 156 3@kv/kvserver/store.go:3801 ⋮ [T1,Vsystem,n1,s1] 42 +Block cache: 276 entries (8.9MB)  hit rate: 98.7%
I250822 09:25:21.672475 156 3@kv/kvserver/store.go:3801 ⋮ [T1,Vsystem,n1,s1] 42 +Table cache: 13 entries (11KB)  hit rate: 100.0%
I250822 09:25:21.672475 156 3@kv/kvserver/store.go:3801 ⋮ [T1,Vsystem,n1,s1] 42 +Snapshots: 0  earliest seq num: 0
I250822 09:25:21.672475 156 3@kv/kvserver/store.go:3801 ⋮ [T1,Vsystem,n1,s1] 42 +Table iters: 0
I250822 09:25:21.672475 156 3@kv/kvserver/store.go:3801 ⋮ [T1,Vsystem,n1,s1] 42 +Filter utility: 83.0%
I250822 09:25:21.672475 156 3@kv/kvserver/store.go:3801 ⋮ [T1,Vsystem,n1,s1] 42 +Ingestions: 0  as flushable: 0 (0B in 0 tables)
I250822 09:25:21.672475 156 3@kv/kvserver/store.go:3801 ⋮ [T1,Vsystem,n1,s1] 42 +Cgo memory usage: 105MB  block cache: 9.0MB (data: 8.9MB, maps: 27KB, entries: 22KB)  memtables: 96MB
I250822 09:27:41.764840 702 3@pebble/event.go:1059 ⋮ [n1,s1,pebble] 43  [JOB 12] WAL created 004156 (recycled 004147)
I250822 09:27:41.862220 21319 3@pebble/event.go:1011 ⋮ [n1,s1,pebble] 44  [JOB 13] flushing 1 memtable (64MB) to L0
I250822 09:27:41.874923 21319 3@pebble/event.go:1039 ⋮ [n1,s1,pebble] 45  [JOB 13] flushing: sstable created 004157
I250822 09:27:42.316838 21319 3@pebble/event.go:1015 ⋮ [n1,s1,pebble] 46  [JOB 13] flushed 1 memtable (64MB) to L0 [004157] (602KB), in 0.4s (0.5s total), output rate 1.3MB/s
I250822 09:27:42.324832 21384 3@pebble/event.go:999 ⋮ [n1,s1,pebble] 47  [JOB 15] compacting(default) L0 [004157] (602KB) Score=15.80 + L5 [004153 004154 004155] (4.1MB) Score=0.20; OverlappingRatio: Single 6.89, Multi 0.00
I250822 09:27:42.341785 21384 3@pebble/event.go:1039 ⋮ [n1,s1,pebble] 48  [JOB 15] compacting: sstable created 004158
I250822 09:27:42.810615 21384 3@pebble/event.go:1039 ⋮ [n1,s1,pebble] 49  [JOB 15] compacting: sstable created 004159
I250822 09:27:42.895670 21384 3@pebble/event.go:1039 ⋮ [n1,s1,pebble] 50  [JOB 15] compacting: sstable created 004160
I250822 09:27:42.929651 21384 3@pebble/event.go:1003 ⋮ [n1,s1,pebble] 51  [JOB 15] compacted(default) L0 [004157] (602KB) Score=15.80 + L5 [004153 004154 004155] (4.1MB) Score=0.20 -> L5 [004158 004159 004160] (4.4MB), in 0.6s (0.6s total), output rate 7.2MB/s
I250822 09:27:42.933414 98 3@pebble/event.go:1043 ⋮ [n1,s1,pebble] 52  [JOB 15] sstable deleted 004153
I250822 09:27:42.934518 98 3@pebble/event.go:1043 ⋮ [n1,s1,pebble] 53  [JOB 15] sstable deleted 004154
I250822 09:27:42.935513 98 3@pebble/event.go:1043 ⋮ [n1,s1,pebble] 54  [JOB 15] sstable deleted 004155
I250822 09:27:42.936438 98 3@pebble/event.go:1043 ⋮ [n1,s1,pebble] 55  [JOB 15] sstable deleted 004157
I250822 09:35:21.606021 156 3@kv/kvserver/store.go:3801 ⋮ [T1,Vsystem,n1,s1] 56  Pebble metrics:
I250822 09:35:21.606021 156 3@kv/kvserver/store.go:3801 ⋮ [T1,Vsystem,n1,s1] 56 +      |                             |       |       |   ingested   |     moved    |    written   |       |    amp
I250822 09:35:21.606021 156 3@kv/kvserver/store.go:3801 ⋮ [T1,Vsystem,n1,s1] 56 +level | tables  size val-bl vtables | score |   in  | tables  size | tables  size | tables  size |  read |   r   w
I250822 09:35:21.606021 156 3@kv/kvserver/store.go:3801 ⋮ [T1,Vsystem,n1,s1] 56 +------+-----------------------------+-------+-------+--------------+--------------+--------------+-------+---------
I250822 09:35:21.606021 156 3@kv/kvserver/store.go:3801 ⋮ [T1,Vsystem,n1,s1] 56 +    0 |     0     0B     0B       0 |  0.00 | 100MB |     0     0B |     0     0B |     3  1.2MB |    0B |   0  0.0
I250822 09:35:21.606021 156 3@kv/kvserver/store.go:3801 ⋮ [T1,Vsystem,n1,s1] 56 +    1 |     0     0B     0B       0 |  0.00 |    0B |     0     0B |     0     0B |     0     0B |    0B |   0  0.0
I250822 09:35:21.606021 156 3@kv/kvserver/store.go:3801 ⋮ [T1,Vsystem,n1,s1] 56 +    2 |     0     0B     0B       0 |  0.00 |    0B |     0     0B |     0     0B |     0     0B |    0B |   0  0.0
I250822 09:35:21.606021 156 3@kv/kvserver/store.go:3801 ⋮ [T1,Vsystem,n1,s1] 56 +    3 |     0     0B     0B       0 |  0.00 |    0B |     0     0B |     0     0B |     0     0B |    0B |   0  0.0
I250822 09:35:21.606021 156 3@kv/kvserver/store.go:3801 ⋮ [T1,Vsystem,n1,s1] 56 +    4 |     0     0B     0B       0 |  0.00 |    0B |     0     0B |     0     0B |     0     0B |    0B |   0  0.0
I250822 09:35:21.606021 156 3@kv/kvserver/store.go:3801 ⋮ [T1,Vsystem,n1,s1] 56 +    5 |     3  4.4MB   70KB       0 |  0.21 | 1.2MB |     0     0B |     0     0B |     8   12MB |  13MB |   1 10.4
I250822 09:35:21.606021 156 3@kv/kvserver/store.go:3801 ⋮ [T1,Vsystem,n1,s1] 56 +    6 |    10   75MB  841KB       0 |     - |    0B |     0     0B |     0     0B |     0     0B |    0B |   1  0.0
I250822 09:35:21.606021 156 3@kv/kvserver/store.go:3801 ⋮ [T1,Vsystem,n1,s1] 56 +total |    13   79MB  911KB       0 |     - | 152MB |     0     0B |     0     0B |    11  165MB |  13MB |   2  1.1
I250822 09:35:21.606021 156 3@kv/kvserver/store.go:3801 ⋮ [T1,Vsystem,n1,s1] 56 +-------------------------------------------------------------------------------------------------------------------
I250822 09:35:21.606021 156 3@kv/kvserver/store.go:3801 ⋮ [T1,Vsystem,n1,s1] 56 +WAL: 1 files (52MB)  in: 138MB  written: 152MB (10% overhead)
I250822 09:35:21.606021 156 3@kv/kvserver/store.go:3801 ⋮ [T1,Vsystem,n1,s1] 56 +Flushes: 3
I250822 09:35:21.606021 156 3@kv/kvserver/store.go:3801 ⋮ [T1,Vsystem,n1,s1] 56 +Compactions: 3  estimated debt: 0B  in progress: 0 (0B)
I250822 09:35:21.606021 156 3@kv/kvserver/store.go:3801 ⋮ [T1,Vsystem,n1,s1] 56 +             default: 3  delete: 0  elision: 0  move: 0  read: 0  tombstone-density: 0  rewrite: 0  copy: 0  multi-level: 0
I250822 09:35:21.606021 156 3@kv/kvserver/store.go:3801 ⋮ [T1,Vsystem,n1,s1] 56 +MemTables: 1 (64MB)  zombie: 1 (64MB)
I250822 09:35:21.606021 156 3@kv/kvserver/store.go:3801 ⋮ [T1,Vsystem,n1,s1] 56 +Zombie tables: 0 (0B, local: 0B)
I250822 09:35:21.606021 156 3@kv/kvserver/store.go:3801 ⋮ [T1,Vsystem,n1,s1] 56 +Backing tables: 0 (0B)
I250822 09:35:21.606021 156 3@kv/kvserver/store.go:3801 ⋮ [T1,Vsystem,n1,s1] 56 +Virtual tables: 0 (0B)
I250822 09:35:21.606021 156 3@kv/kvserver/store.go:3801 ⋮ [T1,Vsystem,n1,s1] 56 +Local tables size: 79MB
I250822 09:35:21.606021 156 3@kv/kvserver/store.go:3801 ⋮ [T1,Vsystem,n1,s1] 56 +Compression types: snappy: 13
I250822 09:35:21.606021 156 3@kv/kvserver/store.go:3801 ⋮ [T1,Vsystem,n1,s1] 56 +Block cache: 0 entries (0B)  hit rate: 80.9%
I250822 09:35:21.606021 156 3@kv/kvserver/store.go:3801 ⋮ [T1,Vsystem,n1,s1] 56 +Table cache: 13 entries (11KB)  hit rate: 100.0%
I250822 09:35:21.606021 156 3@kv/kvserver/store.go:3801 ⋮ [T1,Vsystem,n1,s1] 56 +Snapshots: 0  earliest seq num: 0
I250822 09:35:21.606021 156 3@kv/kvserver/store.go:3801 ⋮ [T1,Vsystem,n1,s1] 56 +Table iters: 0
I250822 09:35:21.606021 156 3@kv/kvserver/store.go:3801 ⋮ [T1,Vsystem,n1,s1] 56 +Filter utility: 77.9%
I250822 09:35:21.606021 156 3@kv/kvserver/store.go:3801 ⋮ [T1,Vsystem,n1,s1] 56 +Ingestions: 0  as flushable: 0 (0B in 0 tables)
I250822 09:35:21.606021 156 3@kv/kvserver/store.go:3801 ⋮ [T1,Vsystem,n1,s1] 56 +Cgo memory usage: 128MB  block cache: 38KB (data: 0B, maps: 27KB, entries: 11KB)  memtables: 128MB
I250822 09:36:11.892122 716 3@pebble/event.go:1059 ⋮ [n1,s1,pebble] 57  [JOB 17] WAL created 004161 (recycled 004151)
I250822 09:36:11.894144 30604 3@pebble/event.go:1011 ⋮ [n1,s1,pebble] 58  [JOB 18] flushing 1 memtable (64MB) to L0
I250822 09:36:11.904282 30604 3@pebble/event.go:1039 ⋮ [n1,s1,pebble] 59  [JOB 18] flushing: sstable created 004162
I250822 09:36:12.116886 30604 3@pebble/event.go:1015 ⋮ [n1,s1,pebble] 60  [JOB 18] flushed 1 memtable (64MB) to L0 [004162] (494KB), in 0.2s (0.2s total), output rate 2.2MB/s
I250822 09:36:12.117206 30667 3@pebble/event.go:999 ⋮ [n1,s1,pebble] 61  [JOB 19] compacting(default) L0 [004162] (494KB) Score=14.65 + L5 [004158 004159 004160] (4.4MB) Score=0.21; OverlappingRatio: Single 9.05, Multi 0.00
I250822 09:36:12.182018 30667 3@pebble/event.go:1039 ⋮ [n1,s1,pebble] 62  [JOB 19] compacting: sstable created 004163
I250822 09:36:12.316142 30667 3@pebble/event.go:1039 ⋮ [n1,s1,pebble] 63  [JOB 19] compacting: sstable created 004164
I250822 09:36:12.361894 30667 3@pebble/event.go:1039 ⋮ [n1,s1,pebble] 64  [JOB 19] compacting: sstable created 004165
I250822 09:36:12.377434 30667 3@pebble/event.go:1003 ⋮ [n1,s1,pebble] 65  [JOB 19] compacted(default) L0 [004162] (494KB) Score=14.65 + L5 [004158 004159 004160] (4.4MB) Score=0.21 -> L5 [004163 004164 004165] (4.7MB), in 0.3s (0.3s total), output rate 18MB/s
I250822 09:36:12.378178 98 3@pebble/event.go:1043 ⋮ [n1,s1,pebble] 66  [JOB 19] sstable deleted 004158
I250822 09:36:12.378406 98 3@pebble/event.go:1043 ⋮ [n1,s1,pebble] 67  [JOB 19] sstable deleted 004159
I250822 09:36:12.378564 98 3@pebble/event.go:1043 ⋮ [n1,s1,pebble] 68  [JOB 19] sstable deleted 004160
I250822 09:36:12.378684 98 3@pebble/event.go:1043 ⋮ [n1,s1,pebble] 69  [JOB 19] sstable deleted 004162
I250822 09:45:04.048065 697 3@pebble/event.go:1059 ⋮ [n1,s1,pebble] 70  [JOB 22] WAL created 004166 (recycled 004156)
I250822 09:45:04.051491 39942 3@pebble/event.go:1011 ⋮ [n1,s1,pebble] 71  [JOB 23] flushing 1 memtable (64MB) to L0
I250822 09:45:04.061943 39942 3@pebble/event.go:1039 ⋮ [n1,s1,pebble] 72  [JOB 23] flushing: sstable created 004167
I250822 09:45:04.321448 39942 3@pebble/event.go:1015 ⋮ [n1,s1,pebble] 73  [JOB 23] flushed 1 memtable (64MB) to L0 [004167] (483KB), in 0.3s (0.3s total), output rate 1.8MB/s
I250822 09:45:04.323282 39912 3@pebble/event.go:999 ⋮ [n1,s1,pebble] 74  [JOB 24] compacting(default) L0 [004167] (483KB) Score=13.64 + L5 [004163 004164 004165] (4.7MB) Score=0.20; OverlappingRatio: Single 9.94, Multi 0.00
I250822 09:45:04.343987 39912 3@pebble/event.go:1039 ⋮ [n1,s1,pebble] 75  [JOB 24] compacting: sstable created 004168
I250822 09:45:05.092695 39912 3@pebble/event.go:1039 ⋮ [n1,s1,pebble] 76  [JOB 24] compacting: sstable created 004169
I250822 09:45:06.048777 39912 3@pebble/event.go:1039 ⋮ [n1,s1,pebble] 77  [JOB 24] compacting: sstable created 004170
I250822 09:45:06.190254 39912 3@pebble/event.go:1003 ⋮ [n1,s1,pebble] 78  [JOB 24] compacted(default) L0 [004167] (483KB) Score=13.64 + L5 [004163 004164 004165] (4.7MB) Score=0.20 -> L5 [004168 004169 004170] (5.0MB), in 1.9s (1.9s total), output rate 2.7MB/s
I250822 09:45:06.204821 98 3@pebble/event.go:1043 ⋮ [n1,s1,pebble] 79  [JOB 24] sstable deleted 004163
I250822 09:45:06.206677 98 3@pebble/event.go:1043 ⋮ [n1,s1,pebble] 80  [JOB 24] sstable deleted 004164
I250822 09:45:06.207381 98 3@pebble/event.go:1043 ⋮ [n1,s1,pebble] 81  [JOB 24] sstable deleted 004165
I250822 09:45:06.209190 98 3@pebble/event.go:1043 ⋮ [n1,s1,pebble] 82  [JOB 24] sstable deleted 004167
