I250729 22:02:54.311185 54 util/log/file_sync_buffer.go:237 ⋮ [config]   file created at: 2025/07/29 22:02:54
I250729 22:02:54.311207 54 util/log/file_sync_buffer.go:237 ⋮ [config]   running on machine: ‹138e9f084967›
I250729 22:02:54.311218 54 util/log/file_sync_buffer.go:237 ⋮ [config]   binary: CockroachDB CCL v25.2.0 (aarch64-unknown-linux-gnu, built 2025/05/15 21:07:42, go1.23.7 X:nocoverageredesign)
I250729 22:02:54.311223 54 util/log/file_sync_buffer.go:237 ⋮ [config]   arguments: [‹/cockroach/cockroach› ‹start-single-node› ‹--certs-dir=certs› ‹--advertise-addr=127.0.0.1:26257› ‹--insecure› ‹--http-addr=0.0.0.0:8080›]
I250729 22:02:54.311233 54 util/log/file_sync_buffer.go:237 ⋮ [config]   log format (utf8=✓): crdb-v2
I250729 22:02:54.311238 54 util/log/file_sync_buffer.go:237 ⋮ [config]   line format: [IWEF]yymmdd hh:mm:ss.uuuuuu goid [chan@]file:line redactionmark \[tags\] [counter] msg
I250729 22:02:54.305594 54 3@pebble/objstorage/objstorageprovider/remote.go:102 ⋮ [n?,s?,pebble] 1  remote storage configured; creatorID = 1
I250729 22:02:54.570523 54 3@pebble/open.go:1054 ⋮ [n?,s?,pebble] 2  [JOB ‹1›] WAL ‹000432: {(/cockroach/cockroach-data,000)}› stopped reading at offset: (‹/cockroach/cockroach-data/000432.log›: 14166803); replayed 41698 keys in 2043 batches
I250729 22:02:54.571096 56 3@pebble/event.go:1011 ⋮ [n?,s?,pebble] 3  [JOB 2] flushing 7 memtables (15MB) to L0
I250729 22:02:54.572796 56 3@pebble/event.go:1039 ⋮ [n?,s?,pebble] 4  [JOB 2] flushing: sstable created 000440
I250729 22:02:54.794982 56 3@pebble/event.go:1031 ⋮ [n?,s?,pebble] 5  [JOB 2] MANIFEST created 000441
I250729 22:02:54.795119 56 3@pebble/event.go:1015 ⋮ [n?,s?,pebble] 6  [JOB 2] flushed 7 memtables (15MB) to L0 [000440] (307KB), in 0.2s (0.2s total), output rate 1.4MB/s
I250729 22:02:54.800025 112 3@pebble/event.go:1063 ⋮ [n?,s?,pebble] 7  [JOB 2] WAL deleted 000425
I250729 22:02:54.800139 54 3@pebble/event.go:1059 ⋮ [n?,s?,pebble] 8  [JOB 1] WAL created 000442
I250729 22:02:54.802314 112 3@pebble/event.go:1063 ⋮ [n?,s?,pebble] 9  [JOB 2] WAL deleted 000432
I250729 22:02:54.820625 116 3@pebble/event.go:999 ⋮ [n?,s?,pebble] 10  [JOB 3] compacting(default) L0 [000440] (307KB) Score=3.44 + L6 [000434 000435 000436 000437 000438] (19MB) Score=0.29; OverlappingRatio: Single 62.02, Multi 0.00
I250729 22:02:54.848662 84 3@pebble/event.go:1051 ⋮ [n?,s?,pebble] 11  [JOB 5] all initial table stats loaded
I250729 22:02:54.871528 116 3@pebble/event.go:1039 ⋮ [n?,s?,pebble] 12  [JOB 3] compacting: sstable created 000444
I250729 22:02:55.495100 116 3@pebble/event.go:1039 ⋮ [n?,s?,pebble] 13  [JOB 3] compacting: sstable created 000445
I250729 22:02:56.088850 116 3@pebble/event.go:1039 ⋮ [n?,s?,pebble] 14  [JOB 3] compacting: sstable created 000446
I250729 22:02:56.419386 116 3@pebble/event.go:1039 ⋮ [n?,s?,pebble] 15  [JOB 3] compacting: sstable created 000447
I250729 22:02:56.689035 116 3@pebble/event.go:1039 ⋮ [n?,s?,pebble] 16  [JOB 3] compacting: sstable created 000448
I250729 22:02:56.820726 116 3@pebble/event.go:1003 ⋮ [n?,s?,pebble] 17  [JOB 3] compacted(default) L0 [000440] (307KB) Score=3.44 + L6 [000434 000435 000436 000437 000438] (19MB) Score=0.29 -> L6 [000444 000445 000446 000447 000448] (19MB), in 2.0s (2.0s total), output rate 9.4MB/s
I250729 22:02:56.827625 112 3@pebble/event.go:1043 ⋮ [n?,s?,pebble] 18  [JOB 3] sstable deleted 000434
I250729 22:02:56.835642 112 3@pebble/event.go:1043 ⋮ [n?,s?,pebble] 19  [JOB 3] sstable deleted 000435
I250729 22:02:56.836941 112 3@pebble/event.go:1043 ⋮ [n?,s?,pebble] 20  [JOB 3] sstable deleted 000436
I250729 22:02:56.837759 112 3@pebble/event.go:1043 ⋮ [n?,s?,pebble] 21  [JOB 3] sstable deleted 000437
I250729 22:02:56.838547 112 3@pebble/event.go:1043 ⋮ [n?,s?,pebble] 22  [JOB 3] sstable deleted 000438
I250729 22:02:56.839114 112 3@pebble/event.go:1043 ⋮ [n?,s?,pebble] 23  [JOB 3] sstable deleted 000440
I250729 22:02:56.839947 112 3@pebble/event.go:1035 ⋮ [n?,s?,pebble] 24  [JOB 1] MANIFEST deleted 000400
I250729 22:02:56.847643 54 3@pebble/event.go:1031 ⋮ [n?,s?,pebble] 25  [JOB 1] MANIFEST created 000001
I250729 22:02:56.849455 54 3@pebble/event.go:1059 ⋮ [n?,s?,pebble] 26  [JOB 1] WAL created 000002
I250729 22:02:56.852959 54 3@pebble/event.go:1027 ⋮ [n?,s?,pebble] 27  upgraded to format version: 014
I250729 22:02:56.854142 54 3@pebble/event.go:1027 ⋮ [n?,s?,pebble] 28  upgraded to format version: 015
I250729 22:02:56.856713 54 3@pebble/event.go:1027 ⋮ [n?,s?,pebble] 29  upgraded to format version: 016
I250729 22:02:56.859407 54 3@pebble/event.go:1027 ⋮ [n?,s?,pebble] 30  upgraded to format version: 017
I250729 22:02:56.861336 54 3@pebble/event.go:1027 ⋮ [n?,s?,pebble] 31  upgraded to format version: 018
I250729 22:02:56.870123 54 3@pebble/event.go:1027 ⋮ [n?,s?,pebble] 32  upgraded to format version: 019
I250729 22:02:56.874832 87 3@pebble/event.go:1051 ⋮ [n?,s?,pebble] 33  [JOB 2] all initial table stats loaded
I250729 22:03:17.445143 822 3@kv/kvserver/store.go:3801 ⋮ [T1,Vsystem,n1,s1] 34  Pebble metrics:
I250729 22:03:17.445143 822 3@kv/kvserver/store.go:3801 ⋮ [T1,Vsystem,n1,s1] 34 +      |                             |       |       |   ingested   |     moved    |    written   |       |    amp
I250729 22:03:17.445143 822 3@kv/kvserver/store.go:3801 ⋮ [T1,Vsystem,n1,s1] 34 +level | tables  size val-bl vtables | score |   in  | tables  size | tables  size | tables  size |  read |   r   w
I250729 22:03:17.445143 822 3@kv/kvserver/store.go:3801 ⋮ [T1,Vsystem,n1,s1] 34 +------+-----------------------------+-------+-------+--------------+--------------+--------------+-------+---------
I250729 22:03:17.445143 822 3@kv/kvserver/store.go:3801 ⋮ [T1,Vsystem,n1,s1] 34 +    0 |     0     0B     0B       0 |  0.00 |  14MB |     0     0B |     0     0B |     1  307KB |    0B |   0  0.0
I250729 22:03:17.445143 822 3@kv/kvserver/store.go:3801 ⋮ [T1,Vsystem,n1,s1] 34 +    1 |     0     0B     0B       0 |  0.00 |    0B |     0     0B |     0     0B |     0     0B |    0B |   0  0.0
I250729 22:03:17.445143 822 3@kv/kvserver/store.go:3801 ⋮ [T1,Vsystem,n1,s1] 34 +    2 |     0     0B     0B       0 |  0.00 |    0B |     0     0B |     0     0B |     0     0B |    0B |   0  0.0
I250729 22:03:17.445143 822 3@kv/kvserver/store.go:3801 ⋮ [T1,Vsystem,n1,s1] 34 +    3 |     0     0B     0B       0 |  0.00 |    0B |     0     0B |     0     0B |     0     0B |    0B |   0  0.0
I250729 22:03:17.445143 822 3@kv/kvserver/store.go:3801 ⋮ [T1,Vsystem,n1,s1] 34 +    4 |     0     0B     0B       0 |  0.00 |    0B |     0     0B |     0     0B |     0     0B |    0B |   0  0.0
I250729 22:03:17.445143 822 3@kv/kvserver/store.go:3801 ⋮ [T1,Vsystem,n1,s1] 34 +    5 |     0     0B     0B       0 |  0.00 |    0B |     0     0B |     0     0B |     0     0B |    0B |   0  0.0
I250729 22:03:17.445143 822 3@kv/kvserver/store.go:3801 ⋮ [T1,Vsystem,n1,s1] 34 +    6 |     5   19MB  1.7MB       0 |     - | 307KB |     0     0B |     0     0B |     5   19MB |  19MB |   1 62.4
I250729 22:03:17.445143 822 3@kv/kvserver/store.go:3801 ⋮ [T1,Vsystem,n1,s1] 34 +total |     5   19MB  1.7MB       0 |     - |  16MB |     0     0B |     0     0B |     6   35MB |  19MB |   1  2.2
I250729 22:03:17.445143 822 3@kv/kvserver/store.go:3801 ⋮ [T1,Vsystem,n1,s1] 34 +-------------------------------------------------------------------------------------------------------------------
I250729 22:03:17.445143 822 3@kv/kvserver/store.go:3801 ⋮ [T1,Vsystem,n1,s1] 34 +WAL: 1 files (2.3MB)  in: 2.3MB  written: 16MB (597% overhead)
I250729 22:03:17.445143 822 3@kv/kvserver/store.go:3801 ⋮ [T1,Vsystem,n1,s1] 34 +Flushes: 1
I250729 22:03:17.445143 822 3@kv/kvserver/store.go:3801 ⋮ [T1,Vsystem,n1,s1] 34 +Compactions: 1  estimated debt: 0B  in progress: 0 (0B)
I250729 22:03:17.445143 822 3@kv/kvserver/store.go:3801 ⋮ [T1,Vsystem,n1,s1] 34 +             default: 1  delete: 0  elision: 0  move: 0  read: 0  tombstone-density: 0  rewrite: 0  copy: 0  multi-level: 0
I250729 22:03:17.445143 822 3@kv/kvserver/store.go:3801 ⋮ [T1,Vsystem,n1,s1] 34 +MemTables: 1 (32MB)  zombie: 1 (16MB)
I250729 22:03:17.445143 822 3@kv/kvserver/store.go:3801 ⋮ [T1,Vsystem,n1,s1] 34 +Zombie tables: 0 (0B, local: 0B)
I250729 22:03:17.445143 822 3@kv/kvserver/store.go:3801 ⋮ [T1,Vsystem,n1,s1] 34 +Backing tables: 0 (0B)
I250729 22:03:17.445143 822 3@kv/kvserver/store.go:3801 ⋮ [T1,Vsystem,n1,s1] 34 +Virtual tables: 0 (0B)
I250729 22:03:17.445143 822 3@kv/kvserver/store.go:3801 ⋮ [T1,Vsystem,n1,s1] 34 +Local tables size: 19MB
I250729 22:03:17.445143 822 3@kv/kvserver/store.go:3801 ⋮ [T1,Vsystem,n1,s1] 34 +Compression types: snappy: 5
I250729 22:03:17.445143 822 3@kv/kvserver/store.go:3801 ⋮ [T1,Vsystem,n1,s1] 34 +Block cache: 51 entries (1.6MB)  hit rate: 54.1%
I250729 22:03:17.445143 822 3@kv/kvserver/store.go:3801 ⋮ [T1,Vsystem,n1,s1] 34 +Table cache: 3 entries (2.4KB)  hit rate: 99.6%
I250729 22:03:17.445143 822 3@kv/kvserver/store.go:3801 ⋮ [T1,Vsystem,n1,s1] 34 +Snapshots: 0  earliest seq num: 0
I250729 22:03:17.445143 822 3@kv/kvserver/store.go:3801 ⋮ [T1,Vsystem,n1,s1] 34 +Table iters: 0
I250729 22:03:17.445143 822 3@kv/kvserver/store.go:3801 ⋮ [T1,Vsystem,n1,s1] 34 +Filter utility: 0.0%
I250729 22:03:17.445143 822 3@kv/kvserver/store.go:3801 ⋮ [T1,Vsystem,n1,s1] 34 +Ingestions: 0  as flushable: 0 (0B in 0 tables)
I250729 22:03:17.445143 822 3@kv/kvserver/store.go:3801 ⋮ [T1,Vsystem,n1,s1] 34 +Cgo memory usage: 50MB  block cache: 1.7MB (data: 1.6MB, maps: 16KB, entries: 4.0KB)  memtables: 48MB
I250729 22:07:07.487178 733 3@pebble/event.go:1059 ⋮ [n1,s1,pebble] 35  [JOB 6] WAL created 000449
I250729 22:07:07.489211 6799 3@pebble/event.go:1011 ⋮ [n1,s1,pebble] 36  [JOB 7] flushing 1 memtable (32MB) to L0
I250729 22:07:07.491014 6799 3@pebble/event.go:1039 ⋮ [n1,s1,pebble] 37  [JOB 7] flushing: sstable created 000450
I250729 22:07:07.524300 6799 3@pebble/event.go:1015 ⋮ [n1,s1,pebble] 38  [JOB 7] flushed 1 memtable (32MB) to L0 [000450] (379KB), in 0.0s (0.0s total), output rate 11MB/s
I250729 22:07:07.524502 6849 3@pebble/event.go:999 ⋮ [n1,s1,pebble] 39  [JOB 8] compacting(default) L0 [000450] (379KB) Score=3.42 + L6 [000444 000445 000446 000447 000448] (19MB) Score=0.29; OverlappingRatio: Single 50.46, Multi 0.00
I250729 22:07:07.527099 6849 3@pebble/event.go:1039 ⋮ [n1,s1,pebble] 40  [JOB 8] compacting: sstable created 000451
I250729 22:07:07.661960 6849 3@pebble/event.go:1039 ⋮ [n1,s1,pebble] 41  [JOB 8] compacting: sstable created 000452
I250729 22:07:07.791698 6849 3@pebble/event.go:1039 ⋮ [n1,s1,pebble] 42  [JOB 8] compacting: sstable created 000453
I250729 22:07:07.906037 6849 3@pebble/event.go:1039 ⋮ [n1,s1,pebble] 43  [JOB 8] compacting: sstable created 000454
I250729 22:07:08.007384 6849 3@pebble/event.go:1039 ⋮ [n1,s1,pebble] 44  [JOB 8] compacting: sstable created 000455
I250729 22:07:08.075544 6849 3@pebble/event.go:1003 ⋮ [n1,s1,pebble] 45  [JOB 8] compacted(default) L0 [000450] (379KB) Score=3.42 + L6 [000444 000445 000446 000447 000448] (19MB) Score=0.29 -> L6 [000451 000452 000453 000454 000455] (19MB), in 0.6s (0.6s total), output rate 34MB/s
I250729 22:07:08.077043 112 3@pebble/event.go:1043 ⋮ [n1,s1,pebble] 46  [JOB 8] sstable deleted 000444
I250729 22:07:08.077425 112 3@pebble/event.go:1043 ⋮ [n1,s1,pebble] 47  [JOB 8] sstable deleted 000445
I250729 22:07:08.077742 112 3@pebble/event.go:1043 ⋮ [n1,s1,pebble] 48  [JOB 8] sstable deleted 000446
I250729 22:07:08.078008 112 3@pebble/event.go:1043 ⋮ [n1,s1,pebble] 49  [JOB 8] sstable deleted 000447
I250729 22:07:08.078242 112 3@pebble/event.go:1043 ⋮ [n1,s1,pebble] 50  [JOB 8] sstable deleted 000448
I250729 22:07:08.078407 112 3@pebble/event.go:1043 ⋮ [n1,s1,pebble] 51  [JOB 8] sstable deleted 000450
I250729 22:08:10.570457 7944 3@pebble/event.go:1059 ⋮ [n1,s1,pebble] 52  [JOB 10] WAL created 000456 (recycled 000442)
I250729 22:08:10.582309 8128 3@pebble/event.go:1011 ⋮ [n1,s1,pebble] 53  [JOB 11] flushing 1 memtable (8.2MB) to L0
I250729 22:08:10.583764 8128 3@pebble/event.go:1039 ⋮ [n1,s1,pebble] 54  [JOB 11] flushing: sstable created 000457
I250729 22:08:10.605777 8128 3@pebble/event.go:1015 ⋮ [n1,s1,pebble] 55  [JOB 11] flushed 1 memtable (8.2MB) to L0 [000457] (177KB), in 0.0s (0.0s total), output rate 7.5MB/s
I250729 22:08:10.605978 8164 3@pebble/event.go:999 ⋮ [n1,s1,pebble] 56  [JOB 12] compacting(default) L0 [000457] (177KB) Score=3.39 + L6 [000451 000452 000453 000454 000455] (19MB) Score=0.30; OverlappingRatio: Single 109.16, Multi 0.00
I250729 22:08:10.610139 8164 3@pebble/event.go:1039 ⋮ [n1,s1,pebble] 57  [JOB 12] compacting: sstable created 000458
I250729 22:08:10.767928 8164 3@pebble/event.go:1039 ⋮ [n1,s1,pebble] 58  [JOB 12] compacting: sstable created 000459
I250729 22:08:10.890708 8164 3@pebble/event.go:1039 ⋮ [n1,s1,pebble] 59  [JOB 12] compacting: sstable created 000460
I250729 22:08:10.990587 8164 3@pebble/event.go:1039 ⋮ [n1,s1,pebble] 60  [JOB 12] compacting: sstable created 000461
I250729 22:08:11.070576 8164 3@pebble/event.go:1039 ⋮ [n1,s1,pebble] 61  [JOB 12] compacting: sstable created 000462
I250729 22:08:11.124058 8164 3@pebble/event.go:1003 ⋮ [n1,s1,pebble] 62  [JOB 12] compacted(default) L0 [000457] (177KB) Score=3.39 + L6 [000451 000452 000453 000454 000455] (19MB) Score=0.30 -> L6 [000458 000459 000460 000461 000462] (19MB), in 0.5s (0.5s total), output rate 36MB/s
I250729 22:08:11.124868 112 3@pebble/event.go:1043 ⋮ [n1,s1,pebble] 63  [JOB 12] sstable deleted 000451
I250729 22:08:11.125223 112 3@pebble/event.go:1043 ⋮ [n1,s1,pebble] 64  [JOB 12] sstable deleted 000452
I250729 22:08:11.125474 112 3@pebble/event.go:1043 ⋮ [n1,s1,pebble] 65  [JOB 12] sstable deleted 000453
I250729 22:08:11.125724 112 3@pebble/event.go:1043 ⋮ [n1,s1,pebble] 66  [JOB 12] sstable deleted 000454
I250729 22:08:11.125939 112 3@pebble/event.go:1043 ⋮ [n1,s1,pebble] 67  [JOB 12] sstable deleted 000455
I250729 22:08:11.126089 112 3@pebble/event.go:1043 ⋮ [n1,s1,pebble] 68  [JOB 12] sstable deleted 000457
I250729 22:13:17.445365 822 3@kv/kvserver/store.go:3801 ⋮ [T1,Vsystem,n1,s1] 69  Pebble metrics:
I250729 22:13:17.445365 822 3@kv/kvserver/store.go:3801 ⋮ [T1,Vsystem,n1,s1] 69 +      |                             |       |       |   ingested   |     moved    |    written   |       |    amp
I250729 22:13:17.445365 822 3@kv/kvserver/store.go:3801 ⋮ [T1,Vsystem,n1,s1] 69 +level | tables  size val-bl vtables | score |   in  | tables  size | tables  size | tables  size |  read |   r   w
I250729 22:13:17.445365 822 3@kv/kvserver/store.go:3801 ⋮ [T1,Vsystem,n1,s1] 69 +------+-----------------------------+-------+-------+--------------+--------------+--------------+-------+---------
I250729 22:13:17.445365 822 3@kv/kvserver/store.go:3801 ⋮ [T1,Vsystem,n1,s1] 69 +    0 |     0     0B     0B       0 |  0.00 |  49MB |     0     0B |     0     0B |     3  863KB |    0B |   0  0.0
I250729 22:13:17.445365 822 3@kv/kvserver/store.go:3801 ⋮ [T1,Vsystem,n1,s1] 69 +    1 |     0     0B     0B       0 |  0.00 |    0B |     0     0B |     0     0B |     0     0B |    0B |   0  0.0
I250729 22:13:17.445365 822 3@kv/kvserver/store.go:3801 ⋮ [T1,Vsystem,n1,s1] 69 +    2 |     0     0B     0B       0 |  0.00 |    0B |     0     0B |     0     0B |     0     0B |    0B |   0  0.0
I250729 22:13:17.445365 822 3@kv/kvserver/store.go:3801 ⋮ [T1,Vsystem,n1,s1] 69 +    3 |     0     0B     0B       0 |  0.00 |    0B |     0     0B |     0     0B |     0     0B |    0B |   0  0.0
I250729 22:13:17.445365 822 3@kv/kvserver/store.go:3801 ⋮ [T1,Vsystem,n1,s1] 69 +    4 |     0     0B     0B       0 |  0.00 |    0B |     0     0B |     0     0B |     0     0B |    0B |   0  0.0
I250729 22:13:17.445365 822 3@kv/kvserver/store.go:3801 ⋮ [T1,Vsystem,n1,s1] 69 +    5 |     0     0B     0B       0 |  0.00 |    0B |     0     0B |     0     0B |     0     0B |    0B |   0  0.0
I250729 22:13:17.445365 822 3@kv/kvserver/store.go:3801 ⋮ [T1,Vsystem,n1,s1] 69 +    6 |     5   19MB  1.7MB       0 |     - | 863KB |     0     0B |     0     0B |    15   56MB |  57MB |   1 66.9
I250729 22:13:17.445365 822 3@kv/kvserver/store.go:3801 ⋮ [T1,Vsystem,n1,s1] 69 +total |     5   19MB  1.7MB       0 |     - |  83MB |     0     0B |     0     0B |    18  140MB |  57MB |   1  1.7
I250729 22:13:17.445365 822 3@kv/kvserver/store.go:3801 ⋮ [T1,Vsystem,n1,s1] 69 +-------------------------------------------------------------------------------------------------------------------
I250729 22:13:17.445365 822 3@kv/kvserver/store.go:3801 ⋮ [T1,Vsystem,n1,s1] 69 +WAL: 1 files (33MB)  in: 69MB  written: 83MB (20% overhead)
I250729 22:13:17.445365 822 3@kv/kvserver/store.go:3801 ⋮ [T1,Vsystem,n1,s1] 69 +Flushes: 3
I250729 22:13:17.445365 822 3@kv/kvserver/store.go:3801 ⋮ [T1,Vsystem,n1,s1] 69 +Compactions: 3  estimated debt: 0B  in progress: 0 (0B)
I250729 22:13:17.445365 822 3@kv/kvserver/store.go:3801 ⋮ [T1,Vsystem,n1,s1] 69 +             default: 3  delete: 0  elision: 0  move: 0  read: 0  tombstone-density: 0  rewrite: 0  copy: 0  multi-level: 0
I250729 22:13:17.445365 822 3@kv/kvserver/store.go:3801 ⋮ [T1,Vsystem,n1,s1] 69 +MemTables: 1 (64MB)  zombie: 1 (64MB)
I250729 22:13:17.445365 822 3@kv/kvserver/store.go:3801 ⋮ [T1,Vsystem,n1,s1] 69 +Zombie tables: 0 (0B, local: 0B)
I250729 22:13:17.445365 822 3@kv/kvserver/store.go:3801 ⋮ [T1,Vsystem,n1,s1] 69 +Backing tables: 0 (0B)
I250729 22:13:17.445365 822 3@kv/kvserver/store.go:3801 ⋮ [T1,Vsystem,n1,s1] 69 +Virtual tables: 0 (0B)
I250729 22:13:17.445365 822 3@kv/kvserver/store.go:3801 ⋮ [T1,Vsystem,n1,s1] 69 +Local tables size: 19MB
I250729 22:13:17.445365 822 3@kv/kvserver/store.go:3801 ⋮ [T1,Vsystem,n1,s1] 69 +Compression types: snappy: 5
I250729 22:13:17.445365 822 3@kv/kvserver/store.go:3801 ⋮ [T1,Vsystem,n1,s1] 69 +Block cache: 0 entries (0B)  hit rate: 52.7%
I250729 22:13:17.445365 822 3@kv/kvserver/store.go:3801 ⋮ [T1,Vsystem,n1,s1] 69 +Table cache: 3 entries (2.4KB)  hit rate: 99.8%
I250729 22:13:17.445365 822 3@kv/kvserver/store.go:3801 ⋮ [T1,Vsystem,n1,s1] 69 +Snapshots: 0  earliest seq num: 0
I250729 22:13:17.445365 822 3@kv/kvserver/store.go:3801 ⋮ [T1,Vsystem,n1,s1] 69 +Table iters: 0
I250729 22:13:17.445365 822 3@kv/kvserver/store.go:3801 ⋮ [T1,Vsystem,n1,s1] 69 +Filter utility: 83.3%
I250729 22:13:17.445365 822 3@kv/kvserver/store.go:3801 ⋮ [T1,Vsystem,n1,s1] 69 +Ingestions: 0  as flushable: 0 (0B in 0 tables)
I250729 22:13:17.445365 822 3@kv/kvserver/store.go:3801 ⋮ [T1,Vsystem,n1,s1] 69 +Cgo memory usage: 128MB  block cache: 24KB (data: 0B, maps: 19KB, entries: 5.0KB)  memtables: 128MB
