I250801 10:08:46.076436 80 util/log/file_sync_buffer.go:237 ⋮ [config]   file created at: 2025/08/01 10:08:46
I250801 10:08:46.076976 80 util/log/file_sync_buffer.go:237 ⋮ [config]   running on machine: ‹a86591319b51›
I250801 10:08:46.076992 80 util/log/file_sync_buffer.go:237 ⋮ [config]   binary: CockroachDB CCL v25.2.0 (aarch64-unknown-linux-gnu, built 2025/05/15 21:07:42, go1.23.7 X:nocoverageredesign)
I250801 10:08:46.076998 80 util/log/file_sync_buffer.go:237 ⋮ [config]   arguments: [‹/cockroach/cockroach› ‹start-single-node› ‹--certs-dir=certs› ‹--advertise-addr=127.0.0.1:26257› ‹--insecure› ‹--http-addr=0.0.0.0:8080›]
I250801 10:08:46.077008 80 util/log/file_sync_buffer.go:237 ⋮ [config]   log format (utf8=✓): crdb-v2
I250801 10:08:46.077012 80 util/log/file_sync_buffer.go:237 ⋮ [config]   line format: [IWEF]yymmdd hh:mm:ss.uuuuuu goid [chan@]file:line redactionmark \[tags\] [counter] msg
I250801 10:08:46.073922 80 3@pebble/objstorage/objstorageprovider/remote.go:102 ⋮ [n?,s?,pebble] 1  remote storage configured; creatorID = 1
I250801 10:08:46.277092 80 3@pebble/open.go:1054 ⋮ [n?,s?,pebble] 2  [JOB ‹1›] WAL ‹001446: {(/cockroach/cockroach-data,000)}› stopped reading at offset: (‹/cockroach/cockroach-data/001446.log›: 20480801); replayed 63234 keys in 3273 batches
I250801 10:08:46.277478 55 3@pebble/event.go:1011 ⋮ [n?,s?,pebble] 3  [JOB 2] flushing 7 memtables (22MB) to L0
I250801 10:08:46.282065 55 3@pebble/event.go:1039 ⋮ [n?,s?,pebble] 4  [JOB 2] flushing: sstable created 001458
I250801 10:08:46.383531 55 3@pebble/event.go:1039 ⋮ [n?,s?,pebble] 5  [JOB 2] flushing: sstable created 001459
I250801 10:08:46.407417 55 3@pebble/event.go:1031 ⋮ [n?,s?,pebble] 6  [JOB 2] MANIFEST created 001460
I250801 10:08:46.407509 55 3@pebble/event.go:1015 ⋮ [n?,s?,pebble] 7  [JOB 2] flushed 7 memtables (22MB) to L0 [001458 001459] (303KB), in 0.1s (0.1s total), output rate 2.5MB/s
I250801 10:08:46.419023 80 3@pebble/event.go:1059 ⋮ [n?,s?,pebble] 8  [JOB 1] WAL created 001461
I250801 10:08:46.423966 93 3@pebble/event.go:1063 ⋮ [n?,s?,pebble] 9  [JOB 2] WAL deleted 001446
I250801 10:08:46.430217 97 3@pebble/event.go:999 ⋮ [n?,s?,pebble] 10  [JOB 3] compacting(default) L0 [001458] (224KB) Score=1.96 + L6 [001449 001451 001453 001455 001456] (17MB) Score=0.51; OverlappingRatio: Single 78.17, Multi 0.00
I250801 10:08:46.499590 58 3@pebble/event.go:1051 ⋮ [n?,s?,pebble] 11  [JOB 5] all initial table stats loaded
I250801 10:08:46.518348 97 3@pebble/event.go:1039 ⋮ [n?,s?,pebble] 12  [JOB 3] compacting: sstable created 001463
I250801 10:08:47.339273 97 3@pebble/event.go:1039 ⋮ [n?,s?,pebble] 13  [JOB 3] compacting: sstable created 001464
I250801 10:08:47.989313 97 3@pebble/event.go:1039 ⋮ [n?,s?,pebble] 14  [JOB 3] compacting: sstable created 001465
I250801 10:08:48.982680 97 3@pebble/event.go:1039 ⋮ [n?,s?,pebble] 15  [JOB 3] compacting: sstable created 001466
I250801 10:08:49.517235 97 3@pebble/event.go:1039 ⋮ [n?,s?,pebble] 16  [JOB 3] compacting: sstable created 001467
I250801 10:08:49.630442 97 3@pebble/event.go:1003 ⋮ [n?,s?,pebble] 17  [JOB 3] compacted(default) L0 [001458] (224KB) Score=1.96 + L6 [001449 001451 001453 001455 001456] (17MB) Score=0.51 -> L6 [001463 001464 001465 001466 001467] (17MB), in 3.2s (3.2s total), output rate 5.4MB/s
I250801 10:08:49.634979 102 3@pebble/event.go:999 ⋮ [n?,s?,pebble] 18  [JOB 6] compacting(default) L0 [001459] (79KB) Score=1.96 + L6 [001448 001450 001452 001454] (16MB) Score=0.51; OverlappingRatio: Single 201.96, Multi 0.00
I250801 10:08:49.636891 93 3@pebble/event.go:1043 ⋮ [n?,s?,pebble] 19  [JOB 3] sstable deleted 001449
I250801 10:08:49.641627 93 3@pebble/event.go:1043 ⋮ [n?,s?,pebble] 20  [JOB 3] sstable deleted 001451
I250801 10:08:49.644822 93 3@pebble/event.go:1043 ⋮ [n?,s?,pebble] 21  [JOB 3] sstable deleted 001453
I250801 10:08:49.648907 93 3@pebble/event.go:1043 ⋮ [n?,s?,pebble] 22  [JOB 3] sstable deleted 001455
I250801 10:08:49.653164 93 3@pebble/event.go:1043 ⋮ [n?,s?,pebble] 23  [JOB 3] sstable deleted 001456
I250801 10:08:49.661976 93 3@pebble/event.go:1043 ⋮ [n?,s?,pebble] 24  [JOB 3] sstable deleted 001458
I250801 10:08:49.661820 102 3@pebble/event.go:1039 ⋮ [n?,s?,pebble] 25  [JOB 6] compacting: sstable created 001468
I250801 10:08:49.664323 93 3@pebble/event.go:1035 ⋮ [n?,s?,pebble] 26  [JOB 1] MANIFEST deleted 001430
I250801 10:08:49.684488 80 3@pebble/event.go:1031 ⋮ [n?,s?,pebble] 27  [JOB 1] MANIFEST created 000001
I250801 10:08:49.693058 80 3@pebble/event.go:1059 ⋮ [n?,s?,pebble] 28  [JOB 1] WAL created 000002
I250801 10:08:49.698267 80 3@pebble/event.go:1027 ⋮ [n?,s?,pebble] 29  upgraded to format version: 014
I250801 10:08:49.700247 80 3@pebble/event.go:1027 ⋮ [n?,s?,pebble] 30  upgraded to format version: 015
I250801 10:08:49.703057 80 3@pebble/event.go:1027 ⋮ [n?,s?,pebble] 31  upgraded to format version: 016
I250801 10:08:49.710320 80 3@pebble/event.go:1027 ⋮ [n?,s?,pebble] 32  upgraded to format version: 017
I250801 10:08:49.713450 80 3@pebble/event.go:1027 ⋮ [n?,s?,pebble] 33  upgraded to format version: 018
I250801 10:08:49.716634 80 3@pebble/event.go:1027 ⋮ [n?,s?,pebble] 34  upgraded to format version: 019
I250801 10:08:49.724727 180 3@pebble/event.go:1051 ⋮ [n?,s?,pebble] 35  [JOB 2] all initial table stats loaded
I250801 10:08:50.242920 102 3@pebble/event.go:1039 ⋮ [n1,s1,pebble] 36  [JOB 6] compacting: sstable created 001469
I250801 10:08:50.765052 102 3@pebble/event.go:1039 ⋮ [n1,s1,pebble] 37  [JOB 6] compacting: sstable created 001470
I250801 10:08:51.131452 102 3@pebble/event.go:1039 ⋮ [n1,s1,pebble] 38  [JOB 6] compacting: sstable created 001471
I250801 10:08:51.401726 102 3@pebble/event.go:1003 ⋮ [n1,s1,pebble] 39  [JOB 6] compacted(default) L0 [001459] (79KB) Score=1.96 + L6 [001448 001450 001452 001454] (16MB) Score=0.51 -> L6 [001468 001469 001470 001471] (16MB), in 1.8s (1.8s total), output rate 8.8MB/s
I250801 10:08:51.413574 93 3@pebble/event.go:1043 ⋮ [n1,s1,pebble] 40  [JOB 6] sstable deleted 001448
I250801 10:08:51.415108 93 3@pebble/event.go:1043 ⋮ [n1,s1,pebble] 41  [JOB 6] sstable deleted 001450
I250801 10:08:51.416938 93 3@pebble/event.go:1043 ⋮ [n1,s1,pebble] 42  [JOB 6] sstable deleted 001452
I250801 10:08:51.417797 93 3@pebble/event.go:1043 ⋮ [n1,s1,pebble] 43  [JOB 6] sstable deleted 001454
I250801 10:08:51.418464 93 3@pebble/event.go:1043 ⋮ [n1,s1,pebble] 44  [JOB 6] sstable deleted 001459
I250801 10:09:10.330185 771 3@kv/kvserver/store.go:3801 ⋮ [T1,Vsystem,n1,s1] 45  Pebble metrics:
I250801 10:09:10.330185 771 3@kv/kvserver/store.go:3801 ⋮ [T1,Vsystem,n1,s1] 45 +      |                             |       |       |   ingested   |     moved    |    written   |       |    amp
I250801 10:09:10.330185 771 3@kv/kvserver/store.go:3801 ⋮ [T1,Vsystem,n1,s1] 45 +level | tables  size val-bl vtables | score |   in  | tables  size | tables  size | tables  size |  read |   r   w
I250801 10:09:10.330185 771 3@kv/kvserver/store.go:3801 ⋮ [T1,Vsystem,n1,s1] 45 +------+-----------------------------+-------+-------+--------------+--------------+--------------+-------+---------
I250801 10:09:10.330185 771 3@kv/kvserver/store.go:3801 ⋮ [T1,Vsystem,n1,s1] 45 +    0 |     0     0B     0B       0 |  0.00 |  20MB |     0     0B |     0     0B |     2  303KB |    0B |   0  0.0
I250801 10:09:10.330185 771 3@kv/kvserver/store.go:3801 ⋮ [T1,Vsystem,n1,s1] 45 +    1 |     0     0B     0B       0 |  0.00 |    0B |     0     0B |     0     0B |     0     0B |    0B |   0  0.0
I250801 10:09:10.330185 771 3@kv/kvserver/store.go:3801 ⋮ [T1,Vsystem,n1,s1] 45 +    2 |     0     0B     0B       0 |  0.00 |    0B |     0     0B |     0     0B |     0     0B |    0B |   0  0.0
I250801 10:09:10.330185 771 3@kv/kvserver/store.go:3801 ⋮ [T1,Vsystem,n1,s1] 45 +    3 |     0     0B     0B       0 |  0.00 |    0B |     0     0B |     0     0B |     0     0B |    0B |   0  0.0
I250801 10:09:10.330185 771 3@kv/kvserver/store.go:3801 ⋮ [T1,Vsystem,n1,s1] 45 +    4 |     0     0B     0B       0 |  0.00 |    0B |     0     0B |     0     0B |     0     0B |    0B |   0  0.0
I250801 10:09:10.330185 771 3@kv/kvserver/store.go:3801 ⋮ [T1,Vsystem,n1,s1] 45 +    5 |     0     0B     0B       0 |  0.00 |    0B |     0     0B |     0     0B |     0     0B |    0B |   0  0.0
I250801 10:09:10.330185 771 3@kv/kvserver/store.go:3801 ⋮ [T1,Vsystem,n1,s1] 45 +    6 |     9   33MB  727KB       0 |     - | 303KB |     0     0B |     0     0B |     9   33MB |  33MB |   1  111
I250801 10:09:10.330185 771 3@kv/kvserver/store.go:3801 ⋮ [T1,Vsystem,n1,s1] 45 +total |     9   33MB  727KB       0 |     - |  22MB |     0     0B |     0     0B |    11   55MB |  33MB |   1  2.5
I250801 10:09:10.330185 771 3@kv/kvserver/store.go:3801 ⋮ [T1,Vsystem,n1,s1] 45 +-------------------------------------------------------------------------------------------------------------------
I250801 10:09:10.330185 771 3@kv/kvserver/store.go:3801 ⋮ [T1,Vsystem,n1,s1] 45 +WAL: 1 files (2.4MB)  in: 2.4MB  written: 22MB (826% overhead)
I250801 10:09:10.330185 771 3@kv/kvserver/store.go:3801 ⋮ [T1,Vsystem,n1,s1] 45 +Flushes: 1
I250801 10:09:10.330185 771 3@kv/kvserver/store.go:3801 ⋮ [T1,Vsystem,n1,s1] 45 +Compactions: 2  estimated debt: 0B  in progress: 0 (0B)
I250801 10:09:10.330185 771 3@kv/kvserver/store.go:3801 ⋮ [T1,Vsystem,n1,s1] 45 +             default: 2  delete: 0  elision: 0  move: 0  read: 0  tombstone-density: 0  rewrite: 0  copy: 0  multi-level: 0
I250801 10:09:10.330185 771 3@kv/kvserver/store.go:3801 ⋮ [T1,Vsystem,n1,s1] 45 +MemTables: 1 (32MB)  zombie: 1 (16MB)
I250801 10:09:10.330185 771 3@kv/kvserver/store.go:3801 ⋮ [T1,Vsystem,n1,s1] 45 +Zombie tables: 0 (0B, local: 0B)
I250801 10:09:10.330185 771 3@kv/kvserver/store.go:3801 ⋮ [T1,Vsystem,n1,s1] 45 +Backing tables: 0 (0B)
I250801 10:09:10.330185 771 3@kv/kvserver/store.go:3801 ⋮ [T1,Vsystem,n1,s1] 45 +Virtual tables: 0 (0B)
I250801 10:09:10.330185 771 3@kv/kvserver/store.go:3801 ⋮ [T1,Vsystem,n1,s1] 45 +Local tables size: 33MB
I250801 10:09:10.330185 771 3@kv/kvserver/store.go:3801 ⋮ [T1,Vsystem,n1,s1] 45 +Compression types: snappy: 9
I250801 10:09:10.330185 771 3@kv/kvserver/store.go:3801 ⋮ [T1,Vsystem,n1,s1] 45 +Block cache: 43 entries (1.4MB)  hit rate: 49.0%
I250801 10:09:10.330185 771 3@kv/kvserver/store.go:3801 ⋮ [T1,Vsystem,n1,s1] 45 +Table cache: 3 entries (2.4KB)  hit rate: 99.5%
I250801 10:09:10.330185 771 3@kv/kvserver/store.go:3801 ⋮ [T1,Vsystem,n1,s1] 45 +Snapshots: 0  earliest seq num: 0
I250801 10:09:10.330185 771 3@kv/kvserver/store.go:3801 ⋮ [T1,Vsystem,n1,s1] 45 +Table iters: 0
I250801 10:09:10.330185 771 3@kv/kvserver/store.go:3801 ⋮ [T1,Vsystem,n1,s1] 45 +Filter utility: 37.7%
I250801 10:09:10.330185 771 3@kv/kvserver/store.go:3801 ⋮ [T1,Vsystem,n1,s1] 45 +Ingestions: 0  as flushable: 0 (0B in 0 tables)
I250801 10:09:10.330185 771 3@kv/kvserver/store.go:3801 ⋮ [T1,Vsystem,n1,s1] 45 +Cgo memory usage: 50MB  block cache: 1.4MB (data: 1.4MB, maps: 16KB, entries: 5.2KB)  memtables: 48MB
I250801 10:13:00.373190 729 3@pebble/event.go:1059 ⋮ [n1,s1,pebble] 46  [JOB 7] WAL created 001472
I250801 10:13:00.375805 8771 3@pebble/event.go:1011 ⋮ [n1,s1,pebble] 47  [JOB 8] flushing 1 memtable (32MB) to L0
I250801 10:13:00.377113 8771 3@pebble/event.go:1039 ⋮ [n1,s1,pebble] 48  [JOB 8] flushing: sstable created 001473
I250801 10:13:00.410721 8771 3@pebble/event.go:1039 ⋮ [n1,s1,pebble] 49  [JOB 8] flushing: sstable created 001474
I250801 10:13:00.419795 8771 3@pebble/event.go:1015 ⋮ [n1,s1,pebble] 50  [JOB 8] flushed 1 memtable (32MB) to L0 [001473 001474] (460KB), in 0.0s (0.0s total), output rate 10MB/s
I250801 10:13:00.419929 8786 3@pebble/event.go:999 ⋮ [n1,s1,pebble] 51  [JOB 9] compacting(default) L0 [001473] (371KB) Score=1.95 + L6 [001463 001464 001465 001466 001467] (17MB) Score=0.51; OverlappingRatio: Single 47.37, Multi 0.00
I250801 10:13:00.423123 8786 3@pebble/event.go:1039 ⋮ [n1,s1,pebble] 52  [JOB 9] compacting: sstable created 001475
I250801 10:13:00.554959 8786 3@pebble/event.go:1039 ⋮ [n1,s1,pebble] 53  [JOB 9] compacting: sstable created 001476
I250801 10:13:00.706471 8786 3@pebble/event.go:1039 ⋮ [n1,s1,pebble] 54  [JOB 9] compacting: sstable created 001477
I250801 10:13:00.856511 8786 3@pebble/event.go:1039 ⋮ [n1,s1,pebble] 55  [JOB 9] compacting: sstable created 001478
I250801 10:13:00.987498 8786 3@pebble/event.go:1039 ⋮ [n1,s1,pebble] 56  [JOB 9] compacting: sstable created 001479
I250801 10:13:01.018642 8786 3@pebble/event.go:1003 ⋮ [n1,s1,pebble] 57  [JOB 9] compacted(default) L0 [001473] (371KB) Score=1.95 + L6 [001463 001464 001465 001466 001467] (17MB) Score=0.51 -> L6 [001475 001476 001477 001478 001479] (17MB), in 0.6s (0.6s total), output rate 29MB/s
I250801 10:13:01.019103 8698 3@pebble/event.go:999 ⋮ [n1,s1,pebble] 58  [JOB 11] compacting(default) L0 [001474] (89KB) Score=1.95 + L6 [001468 001469 001470 001471] (16MB) Score=0.51; OverlappingRatio: Single 179.89, Multi 0.00
I250801 10:13:01.019890 93 3@pebble/event.go:1043 ⋮ [n1,s1,pebble] 59  [JOB 9] sstable deleted 001463
I250801 10:13:01.020341 93 3@pebble/event.go:1043 ⋮ [n1,s1,pebble] 60  [JOB 9] sstable deleted 001464
I250801 10:13:01.020873 93 3@pebble/event.go:1043 ⋮ [n1,s1,pebble] 61  [JOB 9] sstable deleted 001465
I250801 10:13:01.021163 93 3@pebble/event.go:1043 ⋮ [n1,s1,pebble] 62  [JOB 9] sstable deleted 001466
I250801 10:13:01.021587 93 3@pebble/event.go:1043 ⋮ [n1,s1,pebble] 63  [JOB 9] sstable deleted 001467
I250801 10:13:01.021802 93 3@pebble/event.go:1043 ⋮ [n1,s1,pebble] 64  [JOB 9] sstable deleted 001473
I250801 10:13:01.022026 8698 3@pebble/event.go:1039 ⋮ [n1,s1,pebble] 65  [JOB 11] compacting: sstable created 001480
I250801 10:13:01.137946 8698 3@pebble/event.go:1039 ⋮ [n1,s1,pebble] 66  [JOB 11] compacting: sstable created 001481
I250801 10:13:01.212226 8698 3@pebble/event.go:1039 ⋮ [n1,s1,pebble] 67  [JOB 11] compacting: sstable created 001482
I250801 10:13:01.291581 8698 3@pebble/event.go:1039 ⋮ [n1,s1,pebble] 68  [JOB 11] compacting: sstable created 001483
I250801 10:13:01.357016 8698 3@pebble/event.go:1003 ⋮ [n1,s1,pebble] 69  [JOB 11] compacted(default) L0 [001474] (89KB) Score=1.95 + L6 [001468 001469 001470 001471] (16MB) Score=0.51 -> L6 [001480 001481 001482 001483] (16MB), in 0.3s (0.3s total), output rate 46MB/s
I250801 10:13:01.357994 93 3@pebble/event.go:1043 ⋮ [n1,s1,pebble] 70  [JOB 11] sstable deleted 001468
I250801 10:13:01.358343 93 3@pebble/event.go:1043 ⋮ [n1,s1,pebble] 71  [JOB 11] sstable deleted 001469
I250801 10:13:01.358714 93 3@pebble/event.go:1043 ⋮ [n1,s1,pebble] 72  [JOB 11] sstable deleted 001470
I250801 10:13:01.359035 93 3@pebble/event.go:1043 ⋮ [n1,s1,pebble] 73  [JOB 11] sstable deleted 001471
I250801 10:13:01.359246 93 3@pebble/event.go:1043 ⋮ [n1,s1,pebble] 74  [JOB 11] sstable deleted 001474
I250801 10:19:10.322526 771 3@kv/kvserver/store.go:3801 ⋮ [T1,Vsystem,n1,s1] 75  Pebble metrics:
I250801 10:19:10.322526 771 3@kv/kvserver/store.go:3801 ⋮ [T1,Vsystem,n1,s1] 75 +      |                             |       |       |   ingested   |     moved    |    written   |       |    amp
I250801 10:19:10.322526 771 3@kv/kvserver/store.go:3801 ⋮ [T1,Vsystem,n1,s1] 75 +level | tables  size val-bl vtables | score |   in  | tables  size | tables  size | tables  size |  read |   r   w
I250801 10:19:10.322526 771 3@kv/kvserver/store.go:3801 ⋮ [T1,Vsystem,n1,s1] 75 +------+-----------------------------+-------+-------+--------------+--------------+--------------+-------+---------
I250801 10:19:10.322526 771 3@kv/kvserver/store.go:3801 ⋮ [T1,Vsystem,n1,s1] 75 +    0 |     0     0B     0B       0 |  0.00 |  48MB |     0     0B |     0     0B |     4  763KB |    0B |   0  0.0
I250801 10:19:10.322526 771 3@kv/kvserver/store.go:3801 ⋮ [T1,Vsystem,n1,s1] 75 +    1 |     0     0B     0B       0 |  0.00 |    0B |     0     0B |     0     0B |     0     0B |    0B |   0  0.0
I250801 10:19:10.322526 771 3@kv/kvserver/store.go:3801 ⋮ [T1,Vsystem,n1,s1] 75 +    2 |     0     0B     0B       0 |  0.00 |    0B |     0     0B |     0     0B |     0     0B |    0B |   0  0.0
I250801 10:19:10.322526 771 3@kv/kvserver/store.go:3801 ⋮ [T1,Vsystem,n1,s1] 75 +    3 |     0     0B     0B       0 |  0.00 |    0B |     0     0B |     0     0B |     0     0B |    0B |   0  0.0
I250801 10:19:10.322526 771 3@kv/kvserver/store.go:3801 ⋮ [T1,Vsystem,n1,s1] 75 +    4 |     0     0B     0B       0 |  0.00 |    0B |     0     0B |     0     0B |     0     0B |    0B |   0  0.0
I250801 10:19:10.322526 771 3@kv/kvserver/store.go:3801 ⋮ [T1,Vsystem,n1,s1] 75 +    5 |     0     0B     0B       0 |  0.00 |    0B |     0     0B |     0     0B |     0     0B |    0B |   0  0.0
I250801 10:19:10.322526 771 3@kv/kvserver/store.go:3801 ⋮ [T1,Vsystem,n1,s1] 75 +    6 |     9   33MB  738KB       0 |     - | 763KB |     0     0B |     0     0B |    18   66MB |  66MB |   1 88.2
I250801 10:19:10.322526 771 3@kv/kvserver/store.go:3801 ⋮ [T1,Vsystem,n1,s1] 75 +total |     9   33MB  738KB       0 |     - |  90MB |     0     0B |     0     0B |    22  157MB |  66MB |   1  1.7
I250801 10:19:10.322526 771 3@kv/kvserver/store.go:3801 ⋮ [T1,Vsystem,n1,s1] 75 +-------------------------------------------------------------------------------------------------------------------
I250801 10:19:10.322526 771 3@kv/kvserver/store.go:3801 ⋮ [T1,Vsystem,n1,s1] 75 +WAL: 1 files (42MB)  in: 71MB  written: 90MB (28% overhead)
I250801 10:19:10.322526 771 3@kv/kvserver/store.go:3801 ⋮ [T1,Vsystem,n1,s1] 75 +Flushes: 2
I250801 10:19:10.322526 771 3@kv/kvserver/store.go:3801 ⋮ [T1,Vsystem,n1,s1] 75 +Compactions: 4  estimated debt: 0B  in progress: 0 (0B)
I250801 10:19:10.322526 771 3@kv/kvserver/store.go:3801 ⋮ [T1,Vsystem,n1,s1] 75 +             default: 4  delete: 0  elision: 0  move: 0  read: 0  tombstone-density: 0  rewrite: 0  copy: 0  multi-level: 0
I250801 10:19:10.322526 771 3@kv/kvserver/store.go:3801 ⋮ [T1,Vsystem,n1,s1] 75 +MemTables: 1 (64MB)  zombie: 1 (32MB)
I250801 10:19:10.322526 771 3@kv/kvserver/store.go:3801 ⋮ [T1,Vsystem,n1,s1] 75 +Zombie tables: 0 (0B, local: 0B)
I250801 10:19:10.322526 771 3@kv/kvserver/store.go:3801 ⋮ [T1,Vsystem,n1,s1] 75 +Backing tables: 0 (0B)
I250801 10:19:10.322526 771 3@kv/kvserver/store.go:3801 ⋮ [T1,Vsystem,n1,s1] 75 +Virtual tables: 0 (0B)
I250801 10:19:10.322526 771 3@kv/kvserver/store.go:3801 ⋮ [T1,Vsystem,n1,s1] 75 +Local tables size: 33MB
I250801 10:19:10.322526 771 3@kv/kvserver/store.go:3801 ⋮ [T1,Vsystem,n1,s1] 75 +Compression types: snappy: 9
I250801 10:19:10.322526 771 3@kv/kvserver/store.go:3801 ⋮ [T1,Vsystem,n1,s1] 75 +Block cache: 194 entries (6.5MB)  hit rate: 77.8%
I250801 10:19:10.322526 771 3@kv/kvserver/store.go:3801 ⋮ [T1,Vsystem,n1,s1] 75 +Table cache: 3 entries (2.4KB)  hit rate: 99.9%
I250801 10:19:10.322526 771 3@kv/kvserver/store.go:3801 ⋮ [T1,Vsystem,n1,s1] 75 +Snapshots: 0  earliest seq num: 0
I250801 10:19:10.322526 771 3@kv/kvserver/store.go:3801 ⋮ [T1,Vsystem,n1,s1] 75 +Table iters: 0
I250801 10:19:10.322526 771 3@kv/kvserver/store.go:3801 ⋮ [T1,Vsystem,n1,s1] 75 +Filter utility: 39.0%
I250801 10:19:10.322526 771 3@kv/kvserver/store.go:3801 ⋮ [T1,Vsystem,n1,s1] 75 +Ingestions: 0  as flushable: 0 (0B in 0 tables)
I250801 10:19:10.322526 771 3@kv/kvserver/store.go:3801 ⋮ [T1,Vsystem,n1,s1] 75 +Cgo memory usage: 103MB  block cache: 6.5MB (data: 6.5MB, maps: 21KB, entries: 15KB)  memtables: 96MB
I250801 10:21:20.429179 738 3@pebble/event.go:1059 ⋮ [n1,s1,pebble] 76  [JOB 12] WAL created 001484 (recycled 001461)
I250801 10:21:20.445697 20142 3@pebble/event.go:1011 ⋮ [n1,s1,pebble] 77  [JOB 13] flushing 1 memtable (63MB) to L0
I250801 10:21:20.447570 20142 3@pebble/event.go:1039 ⋮ [n1,s1,pebble] 78  [JOB 13] flushing: sstable created 001485
I250801 10:21:20.518715 20142 3@pebble/event.go:1039 ⋮ [n1,s1,pebble] 79  [JOB 13] flushing: sstable created 001486
I250801 10:21:20.544427 20142 3@pebble/event.go:1015 ⋮ [n1,s1,pebble] 80  [JOB 13] flushed 1 memtable (63MB) to L0 [001485 001486] (624KB), in 0.1s (0.1s total), output rate 6.2MB/s
I250801 10:21:20.544601 20025 3@pebble/event.go:999 ⋮ [n1,s1,pebble] 81  [JOB 14] compacting(default) L0 [001485] (401KB) Score=1.94 + L6 [001475 001476 001477 001478 001479] (17MB) Score=0.52; OverlappingRatio: Single 44.12, Multi 0.00
I250801 10:21:20.554052 20025 3@pebble/event.go:1039 ⋮ [n1,s1,pebble] 82  [JOB 14] compacting: sstable created 001487
I250801 10:21:20.697303 20025 3@pebble/event.go:1039 ⋮ [n1,s1,pebble] 83  [JOB 14] compacting: sstable created 001488
I250801 10:21:20.868209 20025 3@pebble/event.go:1039 ⋮ [n1,s1,pebble] 84  [JOB 14] compacting: sstable created 001489
I250801 10:21:21.040760 20025 3@pebble/event.go:1039 ⋮ [n1,s1,pebble] 85  [JOB 14] compacting: sstable created 001490
I250801 10:21:21.185281 20025 3@pebble/event.go:1039 ⋮ [n1,s1,pebble] 86  [JOB 14] compacting: sstable created 001491
I250801 10:21:21.213759 20025 3@pebble/event.go:1003 ⋮ [n1,s1,pebble] 87  [JOB 14] compacted(default) L0 [001485] (401KB) Score=1.94 + L6 [001475 001476 001477 001478 001479] (17MB) Score=0.52 -> L6 [001487 001488 001489 001490 001491] (17MB), in 0.7s (0.7s total), output rate 26MB/s
I250801 10:21:21.214138 20147 3@pebble/event.go:999 ⋮ [n1,s1,pebble] 88  [JOB 16] compacting(default) L0 [001486] (223KB) Score=1.94 + L6 [001480 001481 001482 001483] (16MB) Score=0.51; OverlappingRatio: Single 72.00, Multi 0.00
I250801 10:21:21.214796 93 3@pebble/event.go:1043 ⋮ [n1,s1,pebble] 89  [JOB 14] sstable deleted 001475
I250801 10:21:21.215355 93 3@pebble/event.go:1043 ⋮ [n1,s1,pebble] 90  [JOB 14] sstable deleted 001476
I250801 10:21:21.217451 93 3@pebble/event.go:1043 ⋮ [n1,s1,pebble] 91  [JOB 14] sstable deleted 001477
I250801 10:21:21.218328 93 3@pebble/event.go:1043 ⋮ [n1,s1,pebble] 92  [JOB 14] sstable deleted 001478
I250801 10:21:21.218712 93 3@pebble/event.go:1043 ⋮ [n1,s1,pebble] 93  [JOB 14] sstable deleted 001479
I250801 10:21:21.219395 93 3@pebble/event.go:1043 ⋮ [n1,s1,pebble] 94  [JOB 14] sstable deleted 001485
I250801 10:21:21.219942 20147 3@pebble/event.go:1039 ⋮ [n1,s1,pebble] 95  [JOB 16] compacting: sstable created 001492
I250801 10:21:21.353608 20147 3@pebble/event.go:1039 ⋮ [n1,s1,pebble] 96  [JOB 16] compacting: sstable created 001493
I250801 10:21:21.449406 20147 3@pebble/event.go:1039 ⋮ [n1,s1,pebble] 97  [JOB 16] compacting: sstable created 001494
I250801 10:21:21.532637 20147 3@pebble/event.go:1039 ⋮ [n1,s1,pebble] 98  [JOB 16] compacting: sstable created 001495
I250801 10:21:21.607995 20147 3@pebble/event.go:1003 ⋮ [n1,s1,pebble] 99  [JOB 16] compacted(default) L0 [001486] (223KB) Score=1.94 + L6 [001480 001481 001482 001483] (16MB) Score=0.51 -> L6 [001492 001493 001494 001495] (16MB), in 0.4s (0.4s total), output rate 40MB/s
I250801 10:21:21.608694 93 3@pebble/event.go:1043 ⋮ [n1,s1,pebble] 100  [JOB 16] sstable deleted 001480
I250801 10:21:21.609027 93 3@pebble/event.go:1043 ⋮ [n1,s1,pebble] 101  [JOB 16] sstable deleted 001481
I250801 10:21:21.609279 93 3@pebble/event.go:1043 ⋮ [n1,s1,pebble] 102  [JOB 16] sstable deleted 001482
I250801 10:21:21.609553 93 3@pebble/event.go:1043 ⋮ [n1,s1,pebble] 103  [JOB 16] sstable deleted 001483
I250801 10:21:21.609738 93 3@pebble/event.go:1043 ⋮ [n1,s1,pebble] 104  [JOB 16] sstable deleted 001486
