I250825 23:49:06.278269 1 util/log/file_sync_buffer.go:237 ⋮ [config]   file created at: 2025/08/25 23:49:06
I250825 23:49:06.278288 1 util/log/file_sync_buffer.go:237 ⋮ [config]   running on machine: ‹3c17978af811›
I250825 23:49:06.278298 1 util/log/file_sync_buffer.go:237 ⋮ [config]   binary: CockroachDB CCL v25.2.0 (aarch64-unknown-linux-gnu, built 2025/05/15 21:07:42, go1.23.7 X:nocoverageredesign)
I250825 23:49:06.278303 1 util/log/file_sync_buffer.go:237 ⋮ [config]   arguments: [‹/cockroach/cockroach› ‹start-single-node› ‹--certs-dir=certs› ‹--advertise-addr=127.0.0.1:26257› ‹--insecure› ‹--http-addr=0.0.0.0:8080›]
I250825 23:49:06.278312 1 util/log/file_sync_buffer.go:237 ⋮ [config]   log format (utf8=✓): crdb-v2
I250825 23:49:06.278315 1 util/log/file_sync_buffer.go:237 ⋮ [config]   line format: [IWEF]yymmdd hh:mm:ss.uuuuuu goid [chan@]file:line redactionmark \[tags\] [counter] msg
W250825 23:49:06.276511 1 1@cli/start.go:1438 ⋮ [n?] 1  ALL SECURITY CONTROLS HAVE BEEN DISABLED!
W250825 23:49:06.276511 1 1@cli/start.go:1438 ⋮ [n?] 1 +
W250825 23:49:06.276511 1 1@cli/start.go:1438 ⋮ [n?] 1 +This mode is intended for non-production testing only.
W250825 23:49:06.276511 1 1@cli/start.go:1438 ⋮ [n?] 1 +
W250825 23:49:06.276511 1 1@cli/start.go:1438 ⋮ [n?] 1 +In this mode:
W250825 23:49:06.276511 1 1@cli/start.go:1438 ⋮ [n?] 1 +- Your cluster is open to any client that can access ‹any of your IP addresses›.
W250825 23:49:06.276511 1 1@cli/start.go:1438 ⋮ [n?] 1 +- Intruders with access to your machine or network can observe client-server traffic.
W250825 23:49:06.276511 1 1@cli/start.go:1438 ⋮ [n?] 1 +- Intruders can log in without password and read or write any data in the cluster.
W250825 23:49:06.276511 1 1@cli/start.go:1438 ⋮ [n?] 1 +- Intruders can consume all your server's resources and cause unavailability.
I250825 23:49:06.308301 1 1@cli/start.go:1448 ⋮ [n?] 2  To start a secure server without mandating TLS for clients,
I250825 23:49:06.308301 1 1@cli/start.go:1448 ⋮ [n?] 2 +consider --accept-sql-without-tls instead. For other options, see:
I250825 23:49:06.308301 1 1@cli/start.go:1448 ⋮ [n?] 2 +
I250825 23:49:06.308301 1 1@cli/start.go:1448 ⋮ [n?] 2 +- https://go.crdb.dev/issue-v/53404/v25.2
I250825 23:49:06.308301 1 1@cli/start.go:1448 ⋮ [n?] 2 +- https://www.cockroachlabs.com/docs/v25.2/secure-a-cluster.html
I250825 23:49:06.312459 1 server/status/recorder.go:856 ⋮ [n?] 3  ‹available memory from cgroups (8.0 EiB) is unsupported, using system memory 12 GiB instead: ›
W250825 23:49:06.312574 1 1@cli/start.go:1360 ⋮ [n?] 4  Using the default setting for --cache (128 MiB).
W250825 23:49:06.312574 1 1@cli/start.go:1360 ⋮ [n?] 4 +  A significantly larger value is usually needed for good performance.
W250825 23:49:06.312574 1 1@cli/start.go:1360 ⋮ [n?] 4 +  If you have a dedicated server a reasonable setting is --cache=.25 (2.9 GiB).
I250825 23:49:06.312932 1 server/status/recorder.go:856 ⋮ [n?] 5  ‹available memory from cgroups (8.0 EiB) is unsupported, using system memory 12 GiB instead: ›
I250825 23:49:06.312962 1 1@cli/start.go:1477 ⋮ [n?] 6  CockroachDB CCL v25.2.0 (aarch64-unknown-linux-gnu, built 2025/05/15 21:07:42, go1.23.7 X:nocoverageredesign)
I250825 23:49:06.313710 1 server/status/recorder.go:856 ⋮ [n?] 7  ‹available memory from cgroups (8.0 EiB) is unsupported, using system memory 12 GiB instead: ›
I250825 23:49:06.313738 1 1@cli/start.go:554 ⋮ [n?] 8  soft memory limit of Go runtime is set to 6.6 GiB
I250825 23:49:06.313761 1 1@cli/start.go:591 ⋮ [n?] 9  GC target percentage of Go runtime is set to 300%
I250825 23:49:06.388749 1 server/status/recorder.go:856 ⋮ [T1,Vsystem,n?] 10  ‹available memory from cgroups (8.0 EiB) is unsupported, using system memory 12 GiB instead: ›
I250825 23:49:06.388951 1 server/config.go:674 ⋮ [T1,Vsystem,n?] 11  system total memory: 12 GiB
I250825 23:49:06.388995 1 server/config.go:676 ⋮ [T1,Vsystem,n?] 12  server configuration:
I250825 23:49:06.388995 1 server/config.go:676 ⋮ [T1,Vsystem,n?] 12 +max offset             500000000
I250825 23:49:06.388995 1 server/config.go:676 ⋮ [T1,Vsystem,n?] 12 +cache size             128 MiB
I250825 23:49:06.388995 1 server/config.go:676 ⋮ [T1,Vsystem,n?] 12 +SQL memory pool size   2.9 GiB
I250825 23:49:06.388995 1 server/config.go:676 ⋮ [T1,Vsystem,n?] 12 +scan interval          10m0s
I250825 23:49:06.388995 1 server/config.go:676 ⋮ [T1,Vsystem,n?] 12 +scan min idle time     10ms
I250825 23:49:06.388995 1 server/config.go:676 ⋮ [T1,Vsystem,n?] 12 +scan max idle time     1s
I250825 23:49:06.388995 1 server/config.go:676 ⋮ [T1,Vsystem,n?] 12 +event log enabled      true
I250825 23:49:06.391525 1 1@cli/start.go:1338 ⋮ [T1,Vsystem,n?] 13  using local environment variables:
I250825 23:49:06.391525 1 1@cli/start.go:1338 ⋮ [T1,Vsystem,n?] 13 +COCKROACH_CHANNEL=official-docker
I250825 23:49:06.391583 1 1@cli/start.go:1345 ⋮ [T1,Vsystem,n?] 14  process identity: uid 0 euid 0 gid 0 egid 0
I250825 23:49:06.401856 1 1@cli/start.go:1500 ⋮ [T1,Vsystem,n?] 15  GEOS loaded from directory ‹/usr/local/lib/cockroach›
I250825 23:49:06.401998 1 1@cli/start.go:777 ⋮ [T1,Vsystem,n?] 16  starting cockroach node
I250825 23:49:12.085893 11 server/config.go:880 ⋮ [T1,Vsystem,n?] 17  1 storage engine initialized
I250825 23:49:12.086015 11 server/config.go:883 ⋮ [T1,Vsystem,n?] 18  Pebble cache size: 128 MiB
I250825 23:49:12.086051 11 server/config.go:883 ⋮ [T1,Vsystem,n?] 19  store 0: max size 0 B, max open file limit 1043576
I250825 23:49:12.086077 11 server/config.go:883 ⋮ [T1,Vsystem,n?] 20  store 0: /cockroach/cockroach-data: rw encrypted=false fs:{bdev=/run/host_mark/Users fstype=fakeowner mountpoint=/cockroach/cockroach-data mountopts=rw,nosuid,nodev,relatime,fakeowner}
I250825 23:49:12.108626 155 util/cidr/cidr.go:299 ⋮ [T1,Vsystem,n?] 21  CIDR lookup updated with 0 destinations
I250825 23:49:12.403660 11 1@server/clock_monotonicity.go:61 ⋮ [T1,Vsystem,n?] 22  monitoring forward clock jumps based on server.clock.forward_jump_check.enabled
I250825 23:49:12.442320 11 1@server/clock_monotonicity.go:136 ⋮ [T1,Vsystem,n1] 23  Sleeping till wall time 1756165752442316170 to catches up to 1756165752903616963 to ensure monotonicity. Sub: 461.300793ms
I250825 23:49:12.442432 91 1@server/server.go:1802 ⋮ [T1,Vsystem,n1] 24  connecting to gossip network to verify cluster ID "7c4e678d-486f-4806-8e59-dd3b5b489461"
W250825 23:49:12.905641 11 1@cli/start.go:1299 ⋮ [T1,Vsystem,n1] 25  Running a server without --sql-addr, with a combined RPC/SQL listener, is deprecated.
W250825 23:49:12.905641 11 1@cli/start.go:1299 ⋮ [T1,Vsystem,n1] 25 +This feature will be removed in a later version of CockroachDB.
W250825 23:49:12.905730 11 1@gossip/gossip.go:1460 ⋮ [T1,Vsystem,n1] 26  no addresses found; use --join to specify a connected node
I250825 23:49:12.926456 597 kv/kvserver/kvstorage/init.go:250 ⋮ [T1,Vsystem,n1,s1] 27  beginning range descriptor iteration
I250825 23:49:12.928042 597 kv/kvserver/kvstorage/init.go:374 ⋮ [T1,Vsystem,n1,s1] 28  range descriptor iteration done: 60 range descriptors, 0 intents, 0 tombstones; stats: ‹seeked 124 times (63 internal); stepped 0 times (0 internal); blocks: 174KB cached, 84KB not cached (read time: 169.501µs); points: 61 (1.3KB keys, 1.9KB values); separated: 7 (374B, 0B fetched)›
I250825 23:49:12.959596 597 kv/kvserver/kvstorage/init.go:501 ⋮ [T1,Vsystem,n1,s1] 29  loaded replica ID for 60/60 replicas
I250825 23:49:12.963613 597 kv/kvserver/kvstorage/init.go:518 ⋮ [T1,Vsystem,n1,s1] 30  loaded Raft state for 60/60 replicas
I250825 23:49:12.963749 597 kv/kvserver/kvstorage/init.go:545 ⋮ [T1,Vsystem,n1,s1] 31  loaded 60 replicas
I250825 23:49:12.963784 597 kv/kvserver/kvstorage/init.go:576 ⋮ [T1,Vsystem,n1,s1] 32  verified 60/60 replicas
I250825 23:49:12.981544 597 kv/kvserver/store.go:2369 ⋮ [T1,Vsystem,n1,s1] 33  initialized 60/60 replicas
I250825 23:49:12.991390 91 1@server/server.go:1805 ⋮ [T1,Vsystem,n1] 34  node connected via gossip
I250825 23:49:12.993351 597 server/node.go:690 ⋮ [T1,Vsystem,n1] 35  initialized store s1 in 75ms (60 replicas)
I250825 23:49:12.996231 11 kv/kvserver/stores.go:261 ⋮ [T1,Vsystem,n1] 36  read 0 node addresses from persistent storage
I250825 23:49:12.997654 658 kv/kvserver/storeliveness/support_manager.go:285 ⋮ [T1,Vsystem,n1,s1] 37  starting to heartbeat store {NodeID:1 StoreID:1}
I250825 23:49:13.001845 574 kv/kvserver/queue.go:612 ⋮ [T1,Vsystem,n1,s1,r60/1:‹/Table/5{8-9}›,raft] 38  rate limited in MaybeAdd (replicate): throttled on async limiting semaphore
I250825 23:49:13.003744 11 server/node.go:801 ⋮ [T1,Vsystem,n1] 39  started with attributes []
I250825 23:49:13.003922 11 server/goroutinedumper/goroutinedumper.go:117 ⋮ [T1,Vsystem,n1] 40  writing goroutine dumps to ‹/cockroach/cockroach-data/logs/goroutine_dump›
I250825 23:49:13.004038 11 server/profiler/heapprofiler.go:72 ⋮ [T1,Vsystem,n1] 41  writing go heap profiles to ‹/cockroach/cockroach-data/logs/heap_profiler› at least every 1h0m0s
I250825 23:49:13.004063 11 server/profiler/memory_monitoring_profiler.go:66 ⋮ [T1,Vsystem,n1] 42  writing memory monitoring dumps to ‹/cockroach/cockroach-data/logs/heap_profiler› at least every 1h0m0s
I250825 23:49:13.004072 11 server/profiler/cgoprofiler.go:66 ⋮ [T1,Vsystem,n1] 43  to enable jmalloc profiling: "export MALLOC_CONF=prof:true" or "ln -s prof:true /etc/malloc.conf"
I250825 23:49:13.004097 11 server/profiler/statsprofiler.go:68 ⋮ [T1,Vsystem,n1] 44  writing memory stats to ‹/cockroach/cockroach-data/logs/heap_profiler› at last every 1h0m0s
I250825 23:49:13.004290 11 server/profiler/activequeryprofiler.go:88 ⋮ [T1,Vsystem,n1] 45  writing go query profiles to ‹/cockroach/cockroach-data/logs/heap_profiler›
I250825 23:49:13.004327 11 server/profiler/cpuprofiler.go:87 ⋮ [T1,Vsystem,n1] 46  writing cpu profile dumps to ‹/cockroach/cockroach-data/logs/pprof_dump›
I250825 23:49:13.012750 11 1@server/server.go:1999 ⋮ [T1,Vsystem,n1] 47  starting http server at ‹[::]:8080› (use: ‹127.0.0.1:8080›)
I250825 23:49:13.012824 11 1@server/server.go:2007 ⋮ [T1,Vsystem,n1] 48  starting grpc/postgres server at ‹[::]:26257›
I250825 23:49:13.012845 11 1@server/server.go:2008 ⋮ [T1,Vsystem,n1] 49  advertising CockroachDB node at ‹127.0.0.1:26257›
I250825 23:49:13.036527 575 kv/kvserver/queue.go:612 ⋮ [T1,Vsystem,n1,s1,r30/1:‹/Table/2{7-8}›,raft] 50  rate limited in MaybeAdd (merge): throttled on async limiting semaphore
I250825 23:49:13.043450 658 kv/kvserver/storeliveness/supporter_state.go:298 ⋮ [T1,Vsystem,n1,s1] 51  provided support for store {NodeID:1 StoreID:1}; old = {Target:{NodeID:1 StoreID:1} Epoch:150 Expiration:1756165719.369879042,0}, new = {Target:{NodeID:1 StoreID:1} Epoch:151 Expiration:1756165755.997716212,0}
I250825 23:49:13.049349 658 kv/kvserver/storeliveness/requester_state.go:425 ⋮ [T1,Vsystem,n1,s1] 52  received support from store {NodeID:1 StoreID:1}; old = {Target:{NodeID:1 StoreID:1} Epoch:151 Expiration:0,0}, new = {Target:{NodeID:1 StoreID:1} Epoch:151 Expiration:1756165755.997716212,0}
I250825 23:49:13.106057 11 1@util/log/event_log.go:39 ⋮ [T1,Vsystem,n1] 53 ={"Timestamp":1756165753106029420,"EventType":"node_restart","NodeID":1,"StartedAt":1756165752906052295,"LastUp":1756165715931560750}
I250825 23:49:13.106766 930 kv/kvclient/rangefeed/rangefeedcache/watcher.go:340 ⋮ [T1,Vsystem,n1] 54  settings-watcher: established range feed cache
I250825 23:49:13.107253 672 kv/kvclient/rangefeed/rangefeedcache/watcher.go:340 ⋮ [T1,Vsystem,n1] 55  spanconfig-subscriber: established range feed cache
I250825 23:49:13.174756 11 sql/sqlliveness/slinstance/slinstance.go:435 ⋮ [T1,Vsystem,n1] 56  starting SQL liveness instance
I250825 23:49:13.211534 921 sql/sqlliveness/slstorage/slstorage.go:540 ⋮ [T1,Vsystem,n1] 57  inserted sqlliveness session 0101800ebc95c16f1c45f69e23f7341ebb37f1 with expiry 1756165793.174956504,0
I250825 23:49:13.211645 921 sql/sqlliveness/slinstance/slinstance.go:247 ⋮ [T1,Vsystem,n1] 58  created new SQL liveness session 0101800ebc95c16f1c45f69e23f7341ebb37f1
I250825 23:49:13.211675 11 sql/sqlinstance/instancestorage/instancestorage.go:338 ⋮ [T1,Vsystem,n1] 59  assigning instance id to rpc addr ‹127.0.0.1:26257› and sql addr ‹127.0.0.1:26257›
I250825 23:49:13.213858 812 kv/kvserver/replica_rangefeed.go:882 ⋮ [T1,Vsystem,n1,rangefeed=‹settings-watcher›,mux_n=1,gen=2,r10/1:‹/Table/{6-7}›,sm=1,sid=1,s1] 60  RangeFeed closed timestamp 1756152236.645091345,0 is behind by 3h45m16.568763992s (behind=3h45m16.568763992s target=3s nudge=true cancel=false)
I250825 23:49:13.274631 11 server/server_sql.go:1618 ⋮ [T1,Vsystem,n1] 61  bound sqlinstance: Instance{RegionPrefix: gA==, InstanceID: 1, SQLAddr: ‹127.0.0.1:26257›, RPCAddr: ‹127.0.0.1:26257›, SessionID: 0101800ebc95c16f1c45f69e23f7341ebb37f1, Locality: , BinaryVersion: 25.2}
I250825 23:49:13.274925 11 upgrade/upgrademanager/manager.go:171 ⋮ [T1,Vsystem,n1] 62  running permanent upgrades up to version: 25.2
I250825 23:49:13.275858 1223 sql/sqlstats/persistedsqlstats/provider.go:159 ⋮ [T1,Vsystem,n1] 63  starting sql-stats-worker with initial delay: 10m25.40910159s
I250825 23:49:13.278335 1236 kv/kvclient/rangefeed/rangefeedcache/watcher.go:340 ⋮ [T1,Vsystem,n1] 64  system-config-cache: established range feed cache
I250825 23:49:13.279508 1220 sql/temporary_schema.go:506 ⋮ [T1,Vsystem,n1] 65  running temporary object cleanup background job
I250825 23:49:13.289113 1220 sql/temporary_schema.go:556 ⋮ [T1,Vsystem,n1] 66  found 0 temporary schemas
I250825 23:49:13.289185 1220 sql/temporary_schema.go:559 ⋮ [T1,Vsystem,n1] 67  early exiting temporary schema cleaner as no temporary schemas were found
I250825 23:49:13.289197 1220 sql/temporary_schema.go:560 ⋮ [T1,Vsystem,n1] 68  completed temporary object cleanup job
I250825 23:49:13.289231 1220 sql/temporary_schema.go:641 ⋮ [T1,Vsystem,n1] 69  temporary object cleaner next scheduled to run at 2025-08-26 00:19:13.276076337 +0000 UTC m=+1807.986166130
I250825 23:49:13.361303 11 upgrade/upgrademanager/manager.go:233 ⋮ [T1,Vsystem,n1] 70  detected the last permanent upgrade (v0.0-upgrading-step-004) to have already completed; no permanent upgrades will run
I250825 23:49:13.363484 11 server/server_sql.go:1720 ⋮ [T1,Vsystem,n1] 71  done ensuring all necessary startup migrations have run
I250825 23:49:13.363906 11 server/license/enforcer.go:262 ⋮ [T1,Vsystem,n1] 72  trial license expiry initialized to 1970-01-01 00:00:00 +0000 UTC
I250825 23:49:13.363950 11 server/license/enforcer.go:298 ⋮ [T1,Vsystem,n1] 73  fetched existing cluster init grace period end time: 2025-08-24 14:50:24 +0000 UTC
I250825 23:49:13.364006 11 server/license/enforcer.go:498 ⋮ [T1,Vsystem,n1] 74  enforcer license updated: type is none, grace period ends at "2025-08-24 14:50:24 +0000 UTC", telemetry required: false
I250825 23:49:13.364016 11 server/license/enforcer.go:498 ⋮ [T1,Vsystem,n1] 75  enforcer license updated: type is none, grace period ends at "2025-08-24 14:50:24 +0000 UTC", telemetry required: false
I250825 23:49:13.368758 944 sql/sqlliveness/slstorage/slstorage.go:391 ⋮ [n1,intExec=expire-sessions] 76  deleted session 010180796d6c7002334675a782bdd1d2221270 which expired at 1756165752.219172596,0
I250825 23:49:13.430150 1294 jobs/job_scheduler.go:407 ⋮ [T1,Vsystem,n1] 77  waiting 2m0s before scheduled jobs daemon start
I250825 23:49:13.430392 1622 kv/kvclient/rangefeed/rangefeedcache/watcher.go:340 ⋮ [T1,Vsystem,n1] 78  tenant-settings-watcher: established range feed cache
I250825 23:49:13.713834 64 kv/kvclient/rangefeed/rangefeedcache/watcher.go:340 ⋮ [T1,Vsystem,n1] 79  tenant-entry-watcher: established range feed cache
I250825 23:49:13.714037 64 multitenant/tenantcapabilities/tenantcapabilitieswatcher/watcher.go:285 ⋮ [T1,Vsystem,n1] 80  received results of a full table scan for tenant capabilities
I250825 23:49:13.715308 1512 sql/syntheticprivilegecache/cache.go:202 ⋮ [T1,Vsystem,n1] 81  warmed privileges for virtual tables in 336.432917ms
I250825 23:49:13.754048 11 server/license/enforcer.go:582 ⋮ [T1,Vsystem,n1] 82  disable all license enforcement
I250825 23:49:13.754079 11 1@server/server_sql.go:1971 ⋮ [T1,Vsystem,n1] 83  serving sql connections
I250825 23:49:13.754238 11 1@cli/start.go:1286 ⋮ [T1,Vsystem,n1] 84  node startup completed:
I250825 23:49:13.754238 11 1@cli/start.go:1286 ⋮ [T1,Vsystem,n1] 84 +CockroachDB node starting at 2025-08-25 23:49:13.754102462 +0000 UTC m=+8.464192297 (took 7.9s)
I250825 23:49:13.754238 11 1@cli/start.go:1286 ⋮ [T1,Vsystem,n1] 84 +build:               CCL v25.2.0 @ 2025/05/15 21:07:42 (go1.23.7 X:nocoverageredesign)
I250825 23:49:13.754238 11 1@cli/start.go:1286 ⋮ [T1,Vsystem,n1] 84 +malloc_conf:         prof:false,prof_active:true,background_thread:true,thp:never,metadata_thp:disabled,narenas:48,dirty_decay_ms:2000,muzzy_decay_ms:0
I250825 23:49:13.754238 11 1@cli/start.go:1286 ⋮ [T1,Vsystem,n1] 84 +webui:               ‹http://127.0.0.1:8080›
I250825 23:49:13.754238 11 1@cli/start.go:1286 ⋮ [T1,Vsystem,n1] 84 +sql:                 ‹postgresql://root@127.0.0.1:26257/defaultdb?sslmode=disable›
I250825 23:49:13.754238 11 1@cli/start.go:1286 ⋮ [T1,Vsystem,n1] 84 +sql (JDBC):          ‹jdbc:postgresql://127.0.0.1:26257/defaultdb?sslmode=disable&user=root›
I250825 23:49:13.754238 11 1@cli/start.go:1286 ⋮ [T1,Vsystem,n1] 84 +RPC client flags:    ‹/cockroach/cockroach <client cmd> --host=127.0.0.1:26257 --insecure›
I250825 23:49:13.754238 11 1@cli/start.go:1286 ⋮ [T1,Vsystem,n1] 84 +logs:                ‹/cockroach/cockroach-data/logs›
I250825 23:49:13.754238 11 1@cli/start.go:1286 ⋮ [T1,Vsystem,n1] 84 +temp dir:            ‹/cockroach/cockroach-data/cockroach-temp4123176047›
I250825 23:49:13.754238 11 1@cli/start.go:1286 ⋮ [T1,Vsystem,n1] 84 +external I/O path:   ‹/cockroach/cockroach-data/extern›
I250825 23:49:13.754238 11 1@cli/start.go:1286 ⋮ [T1,Vsystem,n1] 84 +store[0]:            ‹path=/cockroach/cockroach-data›
I250825 23:49:13.754238 11 1@cli/start.go:1286 ⋮ [T1,Vsystem,n1] 84 +clusterID:           7c4e678d-486f-4806-8e59-dd3b5b489461
I250825 23:49:13.754238 11 1@cli/start.go:1286 ⋮ [T1,Vsystem,n1] 84 +status:              restarted pre-existing node
I250825 23:49:13.754238 11 1@cli/start.go:1286 ⋮ [T1,Vsystem,n1] 84 +nodeID:              1
I250825 23:49:13.763091 1620 server/auto_upgrade.go:81 ⋮ [T1,Vsystem,n1] 85  no need to upgrade, cluster already at the newest version
I250825 23:49:13.817440 1755 sql/catalog/lease/lease.go:2467 ⋮ [T1,Vsystem,n1] 86  released orphaned lease: ID=4 ver=1 expiration={0001-01-01 00:00:00 +0000 UTC}
I250825 23:49:13.817772 1754 sql/catalog/lease/lease.go:2467 ⋮ [T1,Vsystem,n1] 87  released orphaned lease: ID=3 ver=1 expiration={0001-01-01 00:00:00 +0000 UTC}
I250825 23:49:13.818154 1753 sql/catalog/lease/lease.go:2467 ⋮ [T1,Vsystem,n1] 88  released orphaned lease: ID=1 ver=1 expiration={0001-01-01 00:00:00 +0000 UTC}
I250825 23:49:13.818256 1757 sql/catalog/lease/lease.go:2467 ⋮ [T1,Vsystem,n1] 89  released orphaned lease: ID=6 ver=1 expiration={0001-01-01 00:00:00 +0000 UTC}
I250825 23:49:13.819194 1756 sql/catalog/lease/lease.go:2467 ⋮ [T1,Vsystem,n1] 90  released orphaned lease: ID=5 ver=1 expiration={0001-01-01 00:00:00 +0000 UTC}
I250825 23:49:13.820354 1737 sql/catalog/lease/lease.go:2467 ⋮ [T1,Vsystem,n1] 91  released orphaned lease: ID=12 ver=1 expiration={0001-01-01 00:00:00 +0000 UTC}
I250825 23:49:13.820923 1733 sql/catalog/lease/lease.go:2467 ⋮ [T1,Vsystem,n1] 92  released orphaned lease: ID=7 ver=1 expiration={0001-01-01 00:00:00 +0000 UTC}
I250825 23:49:13.821168 1735 sql/catalog/lease/lease.go:2467 ⋮ [T1,Vsystem,n1] 93  released orphaned lease: ID=9 ver=1 expiration={0001-01-01 00:00:00 +0000 UTC}
I250825 23:49:13.821511 1734 sql/catalog/lease/lease.go:2467 ⋮ [T1,Vsystem,n1] 94  released orphaned lease: ID=8 ver=1 expiration={0001-01-01 00:00:00 +0000 UTC}
I250825 23:49:13.821780 1736 sql/catalog/lease/lease.go:2467 ⋮ [T1,Vsystem,n1] 95  released orphaned lease: ID=11 ver=1 expiration={0001-01-01 00:00:00 +0000 UTC}
I250825 23:49:13.827584 1639 sql/catalog/lease/lease.go:2467 ⋮ [T1,Vsystem,n1] 96  released orphaned lease: ID=14 ver=1 expiration={0001-01-01 00:00:00 +0000 UTC}
I250825 23:49:13.828037 1638 sql/catalog/lease/lease.go:2467 ⋮ [T1,Vsystem,n1] 97  released orphaned lease: ID=13 ver=1 expiration={0001-01-01 00:00:00 +0000 UTC}
I250825 23:49:13.828153 1760 sql/catalog/lease/lease.go:2467 ⋮ [T1,Vsystem,n1] 98  released orphaned lease: ID=20 ver=1 expiration={0001-01-01 00:00:00 +0000 UTC}
I250825 23:49:13.828153 1759 sql/catalog/lease/lease.go:2467 ⋮ [T1,Vsystem,n1] 99  released orphaned lease: ID=19 ver=1 expiration={0001-01-01 00:00:00 +0000 UTC}
I250825 23:49:13.828182 1758 sql/catalog/lease/lease.go:2467 ⋮ [T1,Vsystem,n1] 100  released orphaned lease: ID=15 ver=1 expiration={0001-01-01 00:00:00 +0000 UTC}
I250825 23:49:13.828773 1761 sql/catalog/lease/lease.go:2467 ⋮ [T1,Vsystem,n1] 101  released orphaned lease: ID=21 ver=1 expiration={0001-01-01 00:00:00 +0000 UTC}
I250825 23:49:13.828841 1640 sql/catalog/lease/lease.go:2467 ⋮ [T1,Vsystem,n1] 102  released orphaned lease: ID=26 ver=1 expiration={0001-01-01 00:00:00 +0000 UTC}
I250825 23:49:13.829243 1739 sql/catalog/lease/lease.go:2467 ⋮ [T1,Vsystem,n1] 103  released orphaned lease: ID=25 ver=1 expiration={0001-01-01 00:00:00 +0000 UTC}
I250825 23:49:13.830150 1741 sql/catalog/lease/lease.go:2467 ⋮ [T1,Vsystem,n1] 104  released orphaned lease: ID=28 ver=1 expiration={0001-01-01 00:00:00 +0000 UTC}
I250825 23:49:13.830271 1738 sql/catalog/lease/lease.go:2467 ⋮ [T1,Vsystem,n1] 105  released orphaned lease: ID=24 ver=1 expiration={0001-01-01 00:00:00 +0000 UTC}
I250825 23:49:13.830324 1740 sql/catalog/lease/lease.go:2467 ⋮ [T1,Vsystem,n1] 106  released orphaned lease: ID=27 ver=1 expiration={0001-01-01 00:00:00 +0000 UTC}
I250825 23:49:13.830369 1729 sql/catalog/lease/lease.go:2467 ⋮ [T1,Vsystem,n1] 107  released orphaned lease: ID=30 ver=1 expiration={0001-01-01 00:00:00 +0000 UTC}
I250825 23:49:13.830465 1762 sql/catalog/lease/lease.go:2467 ⋮ [T1,Vsystem,n1] 108  released orphaned lease: ID=23 ver=1 expiration={0001-01-01 00:00:00 +0000 UTC}
I250825 23:49:13.834166 1641 sql/catalog/lease/lease.go:2467 ⋮ [T1,Vsystem,n1] 109  released orphaned lease: ID=35 ver=1 expiration={0001-01-01 00:00:00 +0000 UTC}
I250825 23:49:13.835362 1674 sql/catalog/lease/lease.go:2467 ⋮ [T1,Vsystem,n1] 110  released orphaned lease: ID=31 ver=1 expiration={0001-01-01 00:00:00 +0000 UTC}
I250825 23:49:13.835537 1675 sql/catalog/lease/lease.go:2467 ⋮ [T1,Vsystem,n1] 111  released orphaned lease: ID=32 ver=1 expiration={0001-01-01 00:00:00 +0000 UTC}
I250825 23:49:13.835628 1676 sql/catalog/lease/lease.go:2467 ⋮ [T1,Vsystem,n1] 112  released orphaned lease: ID=33 ver=1 expiration={0001-01-01 00:00:00 +0000 UTC}
I250825 23:49:13.835706 1677 sql/catalog/lease/lease.go:2467 ⋮ [T1,Vsystem,n1] 113  released orphaned lease: ID=34 ver=1 expiration={0001-01-01 00:00:00 +0000 UTC}
I250825 23:49:13.839828 1646 sql/catalog/lease/lease.go:2467 ⋮ [T1,Vsystem,n1] 114  released orphaned lease: ID=41 ver=1 expiration={0001-01-01 00:00:00 +0000 UTC}
I250825 23:49:13.840364 1643 sql/catalog/lease/lease.go:2467 ⋮ [T1,Vsystem,n1] 115  released orphaned lease: ID=37 ver=1 expiration={0001-01-01 00:00:00 +0000 UTC}
I250825 23:49:13.840846 1642 sql/catalog/lease/lease.go:2467 ⋮ [T1,Vsystem,n1] 116  released orphaned lease: ID=36 ver=1 expiration={0001-01-01 00:00:00 +0000 UTC}
I250825 23:49:13.841262 1644 sql/catalog/lease/lease.go:2467 ⋮ [T1,Vsystem,n1] 117  released orphaned lease: ID=39 ver=1 expiration={0001-01-01 00:00:00 +0000 UTC}
I250825 23:49:13.841267 1645 sql/catalog/lease/lease.go:2467 ⋮ [T1,Vsystem,n1] 118  released orphaned lease: ID=40 ver=1 expiration={0001-01-01 00:00:00 +0000 UTC}
I250825 23:49:13.851483 1678 sql/catalog/lease/lease.go:2467 ⋮ [T1,Vsystem,n1] 119  released orphaned lease: ID=43 ver=1 expiration={0001-01-01 00:00:00 +0000 UTC}
I250825 23:49:13.853385 1647 sql/catalog/lease/lease.go:2467 ⋮ [T1,Vsystem,n1] 120  released orphaned lease: ID=42 ver=1 expiration={0001-01-01 00:00:00 +0000 UTC}
I250825 23:49:13.853573 1683 sql/catalog/lease/lease.go:2467 ⋮ [T1,Vsystem,n1] 121  released orphaned lease: ID=47 ver=1 expiration={0001-01-01 00:00:00 +0000 UTC}
I250825 23:49:13.853820 1679 sql/catalog/lease/lease.go:2467 ⋮ [T1,Vsystem,n1] 122  released orphaned lease: ID=44 ver=1 expiration={0001-01-01 00:00:00 +0000 UTC}
I250825 23:49:13.854328 1742 sql/catalog/lease/lease.go:2467 ⋮ [T1,Vsystem,n1] 123  released orphaned lease: ID=45 ver=1 expiration={0001-01-01 00:00:00 +0000 UTC}
I250825 23:49:13.854107 1743 sql/catalog/lease/lease.go:2467 ⋮ [T1,Vsystem,n1] 124  released orphaned lease: ID=46 ver=1 expiration={0001-01-01 00:00:00 +0000 UTC}
I250825 23:49:13.861558 1780 sql/catalog/lease/lease.go:2467 ⋮ [T1,Vsystem,n1] 125  released orphaned lease: ID=53 ver=1 expiration={0001-01-01 00:00:00 +0000 UTC}
I250825 23:49:13.861876 1763 sql/catalog/lease/lease.go:2467 ⋮ [T1,Vsystem,n1] 126  released orphaned lease: ID=50 ver=1 expiration={0001-01-01 00:00:00 +0000 UTC}
I250825 23:49:13.861889 1779 sql/catalog/lease/lease.go:2467 ⋮ [T1,Vsystem,n1] 127  released orphaned lease: ID=51 ver=1 expiration={0001-01-01 00:00:00 +0000 UTC}
I250825 23:49:13.861996 1684 sql/catalog/lease/lease.go:2467 ⋮ [T1,Vsystem,n1] 128  released orphaned lease: ID=52 ver=1 expiration={0001-01-01 00:00:00 +0000 UTC}
I250825 23:49:13.862020 1778 sql/catalog/lease/lease.go:2467 ⋮ [T1,Vsystem,n1] 129  released orphaned lease: ID=48 ver=1 expiration={0001-01-01 00:00:00 +0000 UTC}
I250825 23:49:13.863376 1681 sql/catalog/lease/lease.go:2467 ⋮ [T1,Vsystem,n1] 130  released orphaned lease: ID=58 ver=1 expiration={0001-01-01 00:00:00 +0000 UTC}
I250825 23:49:13.863830 1764 sql/catalog/lease/lease.go:2467 ⋮ [T1,Vsystem,n1] 131  released orphaned lease: ID=54 ver=1 expiration={0001-01-01 00:00:00 +0000 UTC}
I250825 23:49:13.864242 1765 sql/catalog/lease/lease.go:2467 ⋮ [T1,Vsystem,n1] 132  released orphaned lease: ID=55 ver=1 expiration={0001-01-01 00:00:00 +0000 UTC}
I250825 23:49:13.864576 1680 sql/catalog/lease/lease.go:2467 ⋮ [T1,Vsystem,n1] 133  released orphaned lease: ID=56 ver=1 expiration={0001-01-01 00:00:00 +0000 UTC}
I250825 23:49:13.864851 1766 sql/catalog/lease/lease.go:2467 ⋮ [T1,Vsystem,n1] 134  released orphaned lease: ID=57 ver=1 expiration={0001-01-01 00:00:00 +0000 UTC}
I250825 23:49:13.865761 1785 sql/catalog/lease/lease.go:2467 ⋮ [T1,Vsystem,n1] 135  released orphaned lease: ID=63 ver=1 expiration={0001-01-01 00:00:00 +0000 UTC}
I250825 23:49:13.866014 1781 sql/catalog/lease/lease.go:2467 ⋮ [T1,Vsystem,n1] 136  released orphaned lease: ID=59 ver=1 expiration={0001-01-01 00:00:00 +0000 UTC}
I250825 23:49:13.867232 1784 sql/catalog/lease/lease.go:2467 ⋮ [T1,Vsystem,n1] 137  released orphaned lease: ID=62 ver=1 expiration={0001-01-01 00:00:00 +0000 UTC}
I250825 23:49:13.867444 1783 sql/catalog/lease/lease.go:2467 ⋮ [T1,Vsystem,n1] 138  released orphaned lease: ID=61 ver=1 expiration={0001-01-01 00:00:00 +0000 UTC}
I250825 23:49:13.867587 1787 sql/catalog/lease/lease.go:2467 ⋮ [T1,Vsystem,n1] 139  released orphaned lease: ID=65 ver=1 expiration={0001-01-01 00:00:00 +0000 UTC}
I250825 23:49:13.867642 1786 sql/catalog/lease/lease.go:2467 ⋮ [T1,Vsystem,n1] 140  released orphaned lease: ID=64 ver=1 expiration={0001-01-01 00:00:00 +0000 UTC}
I250825 23:49:13.867731 1794 sql/catalog/lease/lease.go:2467 ⋮ [T1,Vsystem,n1] 141  released orphaned lease: ID=66 ver=1 expiration={0001-01-01 00:00:00 +0000 UTC}
I250825 23:49:13.866114 1782 sql/catalog/lease/lease.go:2467 ⋮ [T1,Vsystem,n1] 142  released orphaned lease: ID=60 ver=1 expiration={0001-01-01 00:00:00 +0000 UTC}
I250825 23:49:13.868152 1796 sql/catalog/lease/lease.go:2467 ⋮ [T1,Vsystem,n1] 143  released orphaned lease: ID=68 ver=1 expiration={0001-01-01 00:00:00 +0000 UTC}
I250825 23:49:13.868265 1795 sql/catalog/lease/lease.go:2467 ⋮ [T1,Vsystem,n1] 144  released orphaned lease: ID=67 ver=1 expiration={0001-01-01 00:00:00 +0000 UTC}
I250825 23:49:13.868256 1788 sql/catalog/lease/lease.go:2467 ⋮ [T1,Vsystem,n1] 145  released orphaned lease: ID=71 ver=1 expiration={0001-01-01 00:00:00 +0000 UTC}
I250825 23:49:13.868343 1798 sql/catalog/lease/lease.go:2467 ⋮ [T1,Vsystem,n1] 146  released orphaned lease: ID=70 ver=1 expiration={0001-01-01 00:00:00 +0000 UTC}
I250825 23:49:13.868409 1797 sql/catalog/lease/lease.go:2467 ⋮ [T1,Vsystem,n1] 147  released orphaned lease: ID=69 ver=1 expiration={0001-01-01 00:00:00 +0000 UTC}
I250825 23:49:13.937924 1685 sql/catalog/lease/lease.go:2467 ⋮ [T1,Vsystem,n1] 148  released orphaned lease: ID=72 ver=1 expiration={0001-01-01 00:00:00 +0000 UTC}
I250825 23:49:13.938198 1686 sql/catalog/lease/lease.go:2467 ⋮ [T1,Vsystem,n1] 149  released orphaned lease: ID=104 ver=1 expiration={0001-01-01 00:00:00 +0000 UTC}
I250825 23:49:13.941021 1799 sql/catalog/lease/lease.go:2467 ⋮ [T1,Vsystem,n1] 150  released orphaned lease: ID=106 ver=15 expiration={0001-01-01 00:00:00 +0000 UTC}
I250825 23:49:13.941173 1767 sql/catalog/lease/lease.go:2467 ⋮ [T1,Vsystem,n1] 151  released orphaned lease: ID=105 ver=2 expiration={0001-01-01 00:00:00 +0000 UTC}
I250825 23:49:13.941521 1789 sql/catalog/lease/lease.go:2467 ⋮ [T1,Vsystem,n1] 152  released orphaned lease: ID=107 ver=1 expiration={0001-01-01 00:00:00 +0000 UTC}
I250825 23:49:13.942427 1768 sql/catalog/lease/lease.go:2467 ⋮ [T1,Vsystem,n1] 153  released orphaned lease: ID=108 ver=2 expiration={0001-01-01 00:00:00 +0000 UTC}
I250825 23:49:13.942397 1769 sql/catalog/lease/lease.go:2467 ⋮ [T1,Vsystem,n1] 154  released orphaned lease: ID=109 ver=2 expiration={0001-01-01 00:00:00 +0000 UTC}
I250825 23:49:13.942689 1649 sql/catalog/lease/lease.go:2467 ⋮ [T1,Vsystem,n1] 155  released orphaned lease: ID=112 ver=1 expiration={0001-01-01 00:00:00 +0000 UTC}
I250825 23:49:13.944059 1648 sql/catalog/lease/lease.go:2467 ⋮ [T1,Vsystem,n1] 156  released orphaned lease: ID=110 ver=1 expiration={0001-01-01 00:00:00 +0000 UTC}
I250825 23:49:13.944088 1687 sql/catalog/lease/lease.go:2467 ⋮ [T1,Vsystem,n1] 157  released orphaned lease: ID=111 ver=3 expiration={0001-01-01 00:00:00 +0000 UTC}
I250825 23:49:13.947923 1810 sql/catalog/lease/lease.go:2467 ⋮ [T1,Vsystem,n1] 158  released orphaned lease: ID=116 ver=1 expiration={0001-01-01 00:00:00 +0000 UTC}
I250825 23:49:13.956169 1771 sql/catalog/lease/lease.go:2467 ⋮ [T1,Vsystem,n1] 159  released orphaned lease: ID=114 ver=1 expiration={0001-01-01 00:00:00 +0000 UTC}
I250825 23:49:13.956519 1744 sql/catalog/lease/lease.go:2467 ⋮ [T1,Vsystem,n1] 160  released orphaned lease: ID=117 ver=3 expiration={0001-01-01 00:00:00 +0000 UTC}
I250825 23:49:13.956612 1770 sql/catalog/lease/lease.go:2467 ⋮ [T1,Vsystem,n1] 161  released orphaned lease: ID=113 ver=7 expiration={0001-01-01 00:00:00 +0000 UTC}
I250825 23:49:13.956673 1790 sql/catalog/lease/lease.go:2467 ⋮ [T1,Vsystem,n1] 162  released orphaned lease: ID=115 ver=7 expiration={0001-01-01 00:00:00 +0000 UTC}
I250825 23:49:13.956770 1632 sql/catalog/lease/lease.go:2467 ⋮ [T1,Vsystem,n1] 163  released orphaned lease: ID=118 ver=1 expiration={0001-01-01 00:00:00 +0000 UTC}
I250825 23:49:13.960430 1745 sql/catalog/lease/lease.go:2467 ⋮ [T1,Vsystem,n1] 164  released orphaned lease: ID=119 ver=2 expiration={0001-01-01 00:00:00 +0000 UTC}
I250825 23:49:13.964380 1829 sql/catalog/lease/lease.go:2467 ⋮ [T1,Vsystem,n1] 165  released orphaned lease: ID=125 ver=3 expiration={0001-01-01 00:00:00 +0000 UTC}
I250825 23:49:13.964706 1826 sql/catalog/lease/lease.go:2467 ⋮ [T1,Vsystem,n1] 166  released orphaned lease: ID=122 ver=2 expiration={0001-01-01 00:00:00 +0000 UTC}
I250825 23:49:13.965274 1827 sql/catalog/lease/lease.go:2467 ⋮ [T1,Vsystem,n1] 167  released orphaned lease: ID=123 ver=1 expiration={0001-01-01 00:00:00 +0000 UTC}
I250825 23:49:13.966201 1828 sql/catalog/lease/lease.go:2467 ⋮ [T1,Vsystem,n1] 168  released orphaned lease: ID=124 ver=3 expiration={0001-01-01 00:00:00 +0000 UTC}
I250825 23:49:13.967419 1842 sql/catalog/lease/lease.go:2467 ⋮ [T1,Vsystem,n1] 169  released orphaned lease: ID=127 ver=3 expiration={0001-01-01 00:00:00 +0000 UTC}
I250825 23:49:13.967698 1633 sql/catalog/lease/lease.go:2467 ⋮ [T1,Vsystem,n1] 170  released orphaned lease: ID=126 ver=2 expiration={0001-01-01 00:00:00 +0000 UTC}
I250825 23:49:13.969324 1688 sql/catalog/lease/lease.go:2467 ⋮ [T1,Vsystem,n1] 171  released orphaned lease: ID=129 ver=3 expiration={0001-01-01 00:00:00 +0000 UTC}
I250825 23:49:13.970281 1791 sql/catalog/lease/lease.go:2467 ⋮ [T1,Vsystem,n1] 172  released orphaned lease: ID=130 ver=2 expiration={0001-01-01 00:00:00 +0000 UTC}
I250825 23:49:13.970439 1843 sql/catalog/lease/lease.go:2467 ⋮ [T1,Vsystem,n1] 173  released orphaned lease: ID=128 ver=2 expiration={0001-01-01 00:00:00 +0000 UTC}
I250825 23:49:13.970504 1844 sql/catalog/lease/lease.go:2467 ⋮ [T1,Vsystem,n1] 174  released orphaned lease: ID=131 ver=2 expiration={0001-01-01 00:00:00 +0000 UTC}
I250825 23:49:13.970554 1845 sql/catalog/lease/lease.go:2467 ⋮ [T1,Vsystem,n1] 175  released orphaned lease: ID=132 ver=2 expiration={0001-01-01 00:00:00 +0000 UTC}
I250825 23:49:13.973786 1859 sql/catalog/lease/lease.go:2467 ⋮ [T1,Vsystem,n1] 176  released orphaned lease: ID=139 ver=2 expiration={0001-01-01 00:00:00 +0000 UTC}
I250825 23:49:13.973830 1689 sql/catalog/lease/lease.go:2467 ⋮ [T1,Vsystem,n1] 177  released orphaned lease: ID=133 ver=11 expiration={0001-01-01 00:00:00 +0000 UTC}
I250825 23:49:13.973841 1792 sql/catalog/lease/lease.go:2467 ⋮ [T1,Vsystem,n1] 178  released orphaned lease: ID=134 ver=1 expiration={0001-01-01 00:00:00 +0000 UTC}
I250825 23:49:13.973850 1793 sql/catalog/lease/lease.go:2467 ⋮ [T1,Vsystem,n1] 179  released orphaned lease: ID=136 ver=1 expiration={0001-01-01 00:00:00 +0000 UTC}
I250825 23:49:13.973859 1858 sql/catalog/lease/lease.go:2467 ⋮ [T1,Vsystem,n1] 180  released orphaned lease: ID=138 ver=3 expiration={0001-01-01 00:00:00 +0000 UTC}
I250825 23:49:14.120189 596 1@gossip/gossip.go:1476 ⋮ [T1,Vsystem,n1] 181  node has connected to cluster via gossip
I250825 23:49:14.124902 596 kv/kvserver/stores.go:280 ⋮ [T1,Vsystem,n1] 182  wrote 0 node addresses to persistent storage
I250825 23:49:15.061414 1295 server/diagnostics/update_checker.go:144 ⋮ [T1,Vsystem,n1] 183  a new version is available: ‹25.3.0›, details: ‹https://www.cockroachlabs.com/docs/releases/v25.3#v25-3-0›
I250825 23:49:44.167422 1234 jobs/adopt.go:105 ⋮ [T1,Vsystem,n1] 184  claimed 9 jobs
I250825 23:49:44.196937 2404 jobs/adopt.go:224 ⋮ [T1,Vsystem,n1,job=1101317102760361985] 185  job 1101317102760361985: resuming execution
I250825 23:49:44.197249 2252 jobs/adopt.go:224 ⋮ [T1,Vsystem,n1,job=1098958321112612865] 186  job 1098958321112612865: resuming execution
I250825 23:49:44.197231 2253 jobs/adopt.go:224 ⋮ [T1,Vsystem,n1,job=1098946398292541441] 187  job 1098946398292541441: resuming execution
I250825 23:49:44.197197 2255 jobs/adopt.go:224 ⋮ [T1,Vsystem,n1,job=104] 188  job 104: resuming execution
I250825 23:49:44.197563 2257 jobs/adopt.go:224 ⋮ [T1,Vsystem,n1,job=101] 189  job 101: resuming execution
I250825 23:49:44.200226 2402 jobs/adopt.go:224 ⋮ [T1,Vsystem,n1,job=103] 190  job 103: resuming execution
I250825 23:49:44.201190 2254 jobs/adopt.go:224 ⋮ [T1,Vsystem,n1,job=100] 191  job 100: resuming execution
I250825 23:49:44.202893 2403 jobs/adopt.go:224 ⋮ [T1,Vsystem,n1,job=1101304157290725377] 192  job 1101304157290725377: resuming execution
I250825 23:49:44.210969 2256 jobs/adopt.go:224 ⋮ [T1,Vsystem,n1,job=105] 193  job 105: resuming execution
I250825 23:49:44.285654 2376 jobs/registry.go:1681 ⋮ [T1,Vsystem,n1,job=105] 194  UPDATE TABLE METADATA CACHE job 105: stepping through state running
I250825 23:49:44.285739 1815 jobs/registry.go:1681 ⋮ [T1,Vsystem,n1,job=100] 195  KEY VISUALIZER job 100: stepping through state running
I250825 23:49:44.285988 2287 jobs/registry.go:1681 ⋮ [T1,Vsystem,n1,job=101] 196  POLL JOBS STATS job 101: stepping through state running
I250825 23:49:44.286382 2064 jobs/registry.go:1681 ⋮ [T1,Vsystem,n1,job=1098946398292541441] 197  AUTO SPAN CONFIG RECONCILIATION job 1098946398292541441: stepping through state running
I250825 23:49:44.286350 2421 jobs/registry.go:1681 ⋮ [T1,Vsystem,n1,job=104] 198  MVCC STATISTICS UPDATE job 104: stepping through state running
I250825 23:49:44.293627 2365 jobs/registry.go:1681 ⋮ [T1,Vsystem,n1,job=103] 199  AUTO UPDATE SQL ACTIVITY job 103: stepping through state running
I250825 23:49:44.294458 2399 jobs/registry.go:1681 ⋮ [T1,Vsystem,n1,job=1101304157290725377] 200  CHANGEFEED job 1101304157290725377: stepping through state running
I250825 23:49:44.295853 2315 jobs/registry.go:1681 ⋮ [T1,Vsystem,n1,job=1098958321112612865] 201  CHANGEFEED job 1098958321112612865: stepping through state running
I250825 23:49:44.303317 2365 sql/sql_activity_update_job.go:88 ⋮ [T1,Vsystem,n1,job=AUTO UPDATE SQL ACTIVITY id=103] 202  starting sql stats activity flush job
I250825 23:49:44.303649 2421 sql/mvcc_statistics_update_job.go:63 ⋮ [T1,Vsystem,n1,job=MVCC STATISTICS UPDATE id=104] 203  starting mvcc statistics update job
I250825 23:49:44.324037 2423 ccl/changefeedccl/changefeed_dist.go:414 ⋮ [T1,Vsystem,n1,job=CHANGEFEED id=1098958321112612865] 204  using bulk oracle for DistSQL planning
I250825 23:49:44.324110 2369 ccl/changefeedccl/changefeed_dist.go:414 ⋮ [T1,Vsystem,n1,job=CHANGEFEED id=1101304157290725377] 205  using bulk oracle for DistSQL planning
I250825 23:49:44.329487 2369 ccl/changefeedccl/changefeed_dist.go:577 ⋮ [T1,Vsystem,n1,job=CHANGEFEED id=1101304157290725377] 206  changefeed plan diagram: ‹https://cockroachdb.github.io/distsqlplan/decode.html#eJyUks-LnDAUx-_9K-SdI_qiY7o5TelSmEO7pV3oYZGSiU8n1DE2iWyL-L8Xte3uDMzAHN8PPt-Pz4zgf7YgQR9U11BNVMkIMcUszXEj-F0q-CYTAhh0tqJP6kge5BMglAx6ZzV5b93cGpeFXfULZMrAdP0Q5nbJQFtHIEcIJrQEEt4vUe-axlGjgnVJCgwqCsq0C_ubCvpAPnrCUkbJo9q3lGAmkhFjPkE5MbBDeMH7oBoCia98dvcg04ndqvTB2S4YcgmeCj0MQUZbzrYZ2-YXBfiZAN4i8IV8bztPJ8GXktKzpBinkgFVDa0_wtvBafrsrF521_JhAS2NinxYp7gWu-7fyAdH6vj_fq9JeJXEr5FKBnVrn7-bCiQoRbxQpGO8y0ScE_J4n4tNXBQkCq33b3UxP7e6VY2fT_T1YJ8X7OPvfv7AWrWeGHxUP-ieArmj6YwPRv-dTNObPwEAAP__MGvp3g==›
I250825 23:49:44.330048 2423 ccl/changefeedccl/changefeed_dist.go:577 ⋮ [T1,Vsystem,n1,job=CHANGEFEED id=1098958321112612865] 207  changefeed plan diagram: ‹https://cockroachdb.github.io/distsqlplan/decode.html#eJyUkk-L2zAQxe_9FGbOMvbI8a6tU0qXQg7tlnahh8UURRo7oo7lSjLbYvzdi-3-2QQSyHHmjX7vaaQR_I8WBKiD7BqqibSIMC2LMi8yjoj8DnlxlwODzmr6KI_kQTwDQsWgd1aR99bNrXEZ2OmfIFIGpuuHMLcrBso6AjFCMKElEPBusXrbNI4aGaxLUmCgKUjTLuyvMqgD-egZKxElT3LfUoJZlowY8wmqiYEdwn-8D7IhEPgqz-4BRDqxWyO9d7YLhlyCp4EehyCiLWfbjG03FwPwswB4S4DP5HvbeToxvuSUnjnFOFUMSDe0PoS3g1P0yVm1zK7l4wJaGpp8WFVci133V_LBkTz-299rEl4l8WukikHd2pdvRs8_jTZZXnIVy0zLeHNfY1yk-32c14WUKd5jqTjMB2Tj5xV9OdiXBfv0q58vWMvWE4MP8js9UCB3NJ3xwag_yjS9-R0AAP__RX7p1A==›
I250825 23:49:44.338566 2321 ccl/changefeedccl/sink_kafka_v2.go:246 ⋮ [-] 208  updating kafka metadata for topics: [‹toggle_sensor›]
I250825 23:49:44.338480 2482 ccl/changefeedccl/sink_kafka_v2.go:246 ⋮ [-] 209  updating kafka metadata for topics: [‹users_changes›]
I250825 23:49:44.360267 2321 ccl/changefeedccl/sink_kafka_v2.go:246 ⋮ [-] 210  updating kafka metadata for topics: [‹toggle_sensor›]
I250825 23:49:44.361484 2482 ccl/changefeedccl/sink_kafka_v2.go:246 ⋮ [-] 211  updating kafka metadata for topics: [‹users_changes›]
I250825 23:49:44.361807 2597 ccl/changefeedccl/kvfeed/kv_feed.go:332 ⋮ [T1,Vsystem,n1,job=1101304157290725377,change-aggregator] 212  kv feed run starting
I250825 23:49:44.361903 2620 ccl/changefeedccl/kvfeed/kv_feed.go:332 ⋮ [T1,Vsystem,n1,job=1098958321112612865,change-aggregator] 213  kv feed run starting
E250825 23:49:44.382481 2488 ccl/changefeedccl/kvfeed/kv_feed.go:158 ⋮ [T1,Vsystem,n1,job=1101304157290725377,change-aggregator] 214  stopping kv feed due to error: table "‹sensor_status›"[137] was dropped or truncated: descriptor is being dropped
I250825 23:49:44.385769 2345 1@jobs/structured_log.go:49 ⋮ [T1,Vsystem,n1,job=1101317102760361985] 215 ={"Timestamp":1756165784385755921,"EventType":"status_change","JobID":1101317102760361985,"JobType":"AUTO CREATE PARTIAL STATS","Description":"state changed to: running","PreviousStatus":"running","NewStatus":"running","RunNum":0}
I250825 23:49:44.388353 2399 ccl/changefeedccl/changefeed_stmt.go:1466 ⋮ [T1,Vsystem,n1,job=CHANGEFEED id=1101304157290725377] 216  CHANGEFEED 1101304157290725377 shutting down (cause: table "‹sensor_status›"[137] was dropped or truncated: descriptor is being dropped)
I250825 23:49:44.409110 2713 github.com/twmb/franz-go/pkg/kgo/logger.go:123 ⋮ [T1,Vsystem,n1,job=1098958321112612865,change-aggregator] 217  kafka(kgo): INFO producing to a new topic for the first time, fetching metadata to learn its partitions ‹topic›=‹users_changes›
I250825 23:49:44.407058 2457 github.com/twmb/franz-go/pkg/kgo/logger.go:123 ⋮ [T1,Vsystem,n1,job=1098958321112612865,change-aggregator] 218  kafka(kgo): INFO immediate metadata update triggered ‹why›=‹forced load because we are producing to a topic for the first time›
I250825 23:49:44.414218 2064 spanconfig/spanconfigsqlwatcher/sqlwatcher.go:241 ⋮ [T1,Vsystem,n1,job=AUTO SPAN CONFIG RECONCILIATION id=1098946398292541441] 219  established range feed over system.descriptors starting at time 1756165784.324458879,0
I250825 23:49:44.417076 2064 spanconfig/spanconfigsqlwatcher/sqlwatcher.go:300 ⋮ [T1,Vsystem,n1,job=AUTO SPAN CONFIG RECONCILIATION id=1098946398292541441] 220  established range feed over system.zones starting at time 1756165784.324458879,0
I250825 23:49:44.417465 2064 spanconfig/spanconfigsqlwatcher/sqlwatcher.go:401 ⋮ [T1,Vsystem,n1,job=AUTO SPAN CONFIG RECONCILIATION id=1098946398292541441] 221  established range feed over system.protected_ts_records starting at time 1756165784.324458879,0
I250825 23:49:44.418187 2713 github.com/twmb/franz-go/pkg/kgo/logger.go:123 ⋮ [T1,Vsystem,n1,job=1098958321112612865,change-aggregator] 222  kafka(kgo): INFO done waiting for metadata for new topic ‹topic›=‹users_changes›
I250825 23:49:44.419225 2345 sql/distsql_plan_stats.go:209 ⋮ [T1,Vsystem,n1,job=AUTO CREATE PARTIAL STATS id=1101317102760361985,create-stats-distsql] 223  using computed sample size of 10000 for histogram construction
I250825 23:49:44.419542 2719 github.com/twmb/franz-go/pkg/kgo/logger.go:123 ⋮ [T1,Vsystem,n1,job=1098958321112612865,change-aggregator] 224  kafka(kgo): INFO skipping producer id initialization because the client was configured to disable idempotent writes
I250825 23:49:44.437585 2345 sql/distsql_plan_stats.go:209 ⋮ [T1,Vsystem,n1,job=AUTO CREATE PARTIAL STATS id=1101317102760361985,create-stats-distsql] 225  using computed sample size of 10000 for histogram construction
W250825 23:49:44.453371 2399 ccl/changefeedccl/changefeed_stmt.go:1335 ⋮ [T1,Vsystem,n1,job=CHANGEFEED id=1101304157290725377] 226  job failed (table "‹sensor_status›"[137] was dropped or truncated: descriptor is being dropped)
E250825 23:49:44.453492 2399 jobs/registry.go:1675 ⋮ [T1,Vsystem,n1,job=1101304157290725377] 227  CHANGEFEED job 1101304157290725377: stepping through state reverting with unexpected error: table "‹sensor_status›"[137] was dropped or truncated: descriptor is being dropped
E250825 23:49:44.453492 2399 jobs/registry.go:1675 ⋮ [T1,Vsystem,n1,job=1101304157290725377] 227 +(1) forced error mark
E250825 23:49:44.453492 2399 jobs/registry.go:1675 ⋮ [T1,Vsystem,n1,job=1101304157290725377] 227 +  | ‹"terminal changefeed error"›
E250825 23:49:44.453492 2399 jobs/registry.go:1675 ⋮ [T1,Vsystem,n1,job=1101304157290725377] 227 +  | github.com/cockroachdb/cockroach/pkg/ccl/changefeedccl/changefeedbase/*changefeedbase.terminalError::
E250825 23:49:44.453492 2399 jobs/registry.go:1675 ⋮ [T1,Vsystem,n1,job=1101304157290725377] 227 +Wraps: (2) attached stack trace
E250825 23:49:44.453492 2399 jobs/registry.go:1675 ⋮ [T1,Vsystem,n1,job=1101304157290725377] 227 +  -- stack trace:
E250825 23:49:44.453492 2399 jobs/registry.go:1675 ⋮ [T1,Vsystem,n1,job=1101304157290725377] 227 +  | github.com/cockroachdb/cockroach/pkg/ccl/changefeedccl/schemafeed.(*schemaFeed).fetchDescriptorVersions.func1
E250825 23:49:44.453492 2399 jobs/registry.go:1675 ⋮ [T1,Vsystem,n1,job=1101304157290725377] 227 +  | 	pkg/ccl/changefeedccl/schemafeed/schema_feed.go:869
E250825 23:49:44.453492 2399 jobs/registry.go:1675 ⋮ [T1,Vsystem,n1,job=1101304157290725377] 227 +  | github.com/cockroachdb/cockroach/pkg/ccl/changefeedccl/schemafeed.(*schemaFeed).fetchDescriptorVersions
E250825 23:49:44.453492 2399 jobs/registry.go:1675 ⋮ [T1,Vsystem,n1,job=1101304157290725377] 227 +  | 	pkg/ccl/changefeedccl/schemafeed/schema_feed.go:882
E250825 23:49:44.453492 2399 jobs/registry.go:1675 ⋮ [T1,Vsystem,n1,job=1101304157290725377] 227 +  | github.com/cockroachdb/cockroach/pkg/ccl/changefeedccl/schemafeed.(*schemaFeed).updateTableHistory
E250825 23:49:44.453492 2399 jobs/registry.go:1675 ⋮ [T1,Vsystem,n1,job=1101304157290725377] 227 +  | 	pkg/ccl/changefeedccl/schemafeed/schema_feed.go:350
E250825 23:49:44.453492 2399 jobs/registry.go:1675 ⋮ [T1,Vsystem,n1,job=1101304157290725377] 227 +  | github.com/cockroachdb/cockroach/pkg/ccl/changefeedccl/schemafeed.(*schemaFeed).periodicallyMaybePollTableHistory
E250825 23:49:44.453492 2399 jobs/registry.go:1675 ⋮ [T1,Vsystem,n1,job=1101304157290725377] 227 +  | 	pkg/ccl/changefeedccl/schemafeed/schema_feed.go:322
E250825 23:49:44.453492 2399 jobs/registry.go:1675 ⋮ [T1,Vsystem,n1,job=1101304157290725377] 227 +  | github.com/cockroachdb/cockroach/pkg/ccl/changefeedccl/schemafeed.(*schemaFeed).Run
E250825 23:49:44.453492 2399 jobs/registry.go:1675 ⋮ [T1,Vsystem,n1,job=1101304157290725377] 227 +  | 	pkg/ccl/changefeedccl/schemafeed/schema_feed.go:264
E250825 23:49:44.453492 2399 jobs/registry.go:1675 ⋮ [T1,Vsystem,n1,job=1101304157290725377] 227 +  | github.com/cockroachdb/cockroach/pkg/ccl/changefeedccl/kvfeed.Run.Group.GoCtx.func3
E250825 23:49:44.453492 2399 jobs/registry.go:1675 ⋮ [T1,Vsystem,n1,job=1101304157290725377] 227 +  | 	pkg/util/ctxgroup/ctxgroup.go:199
E250825 23:49:44.453492 2399 jobs/registry.go:1675 ⋮ [T1,Vsystem,n1,job=1101304157290725377] 227 +  | [...repeated from below...]
E250825 23:49:44.453492 2399 jobs/registry.go:1675 ⋮ [T1,Vsystem,n1,job=1101304157290725377] 227 +Wraps: (3) table "‹sensor_status›"[137] was dropped or truncated
E250825 23:49:44.453492 2399 jobs/registry.go:1675 ⋮ [T1,Vsystem,n1,job=1101304157290725377] 227 +Wraps: (4) attached stack trace
E250825 23:49:44.453492 2399 jobs/registry.go:1675 ⋮ [T1,Vsystem,n1,job=1101304157290725377] 227 +  -- stack trace:
E250825 23:49:44.453492 2399 jobs/registry.go:1675 ⋮ [T1,Vsystem,n1,job=1101304157290725377] 227 +  | github.com/cockroachdb/cockroach/pkg/sql/catalog.init
E250825 23:49:44.453492 2399 jobs/registry.go:1675 ⋮ [T1,Vsystem,n1,job=1101304157290725377] 227 +  | 	pkg/sql/catalog/errors.go:62
E250825 23:49:44.453492 2399 jobs/registry.go:1675 ⋮ [T1,Vsystem,n1,job=1101304157290725377] 227 +  | runtime.doInit1
E250825 23:49:44.453492 2399 jobs/registry.go:1675 ⋮ [T1,Vsystem,n1,job=1101304157290725377] 227 +  | 	GOROOT/src/runtime/proc.go:7321
E250825 23:49:44.453492 2399 jobs/registry.go:1675 ⋮ [T1,Vsystem,n1,job=1101304157290725377] 227 +  | runtime.doInit
E250825 23:49:44.453492 2399 jobs/registry.go:1675 ⋮ [T1,Vsystem,n1,job=1101304157290725377] 227 +  | 	GOROOT/src/runtime/proc.go:7288
E250825 23:49:44.453492 2399 jobs/registry.go:1675 ⋮ [T1,Vsystem,n1,job=1101304157290725377] 227 +  | runtime.main
E250825 23:49:44.453492 2399 jobs/registry.go:1675 ⋮ [T1,Vsystem,n1,job=1101304157290725377] 227 +  | 	GOROOT/src/runtime/proc.go:254
E250825 23:49:44.453492 2399 jobs/registry.go:1675 ⋮ [T1,Vsystem,n1,job=1101304157290725377] 227 +  | runtime.goexit
E250825 23:49:44.453492 2399 jobs/registry.go:1675 ⋮ [T1,Vsystem,n1,job=1101304157290725377] 227 +  | 	src/runtime/asm_arm64.s:1223
E250825 23:49:44.453492 2399 jobs/registry.go:1675 ⋮ [T1,Vsystem,n1,job=1101304157290725377] 227 +Wraps: (5) descriptor is being dropped
E250825 23:49:44.453492 2399 jobs/registry.go:1675 ⋮ [T1,Vsystem,n1,job=1101304157290725377] 227 +Error types: (1) *markers.withMark (2) *withstack.withStack (3) *errutil.withPrefix (4) *withstack.withStack (5) *errutil.leafError
I250825 23:49:44.496566 2399 1@jobs/structured_log.go:49 ⋮ [T1,Vsystem,n1,job=1101304157290725377] 228 ={"Timestamp":1756165784496559546,"EventType":"status_change","JobID":1101304157290725377,"JobType":"CHANGEFEED","Description":"state changed to: reverting","PreviousStatus":"running","NewStatus":"reverting","RunNum":0,"Error":"‹table \"sensor_status\"[137] was dropped or truncated: descriptor is being dropped›","FinalResumeErr":"‹table \"sensor_status\"[137] was dropped or truncated: descriptor is being dropped›"}
E250825 23:49:44.513328 2399 jobs/registry.go:1675 ⋮ [T1,Vsystem,n1,job=1101304157290725377] 229  CHANGEFEED job 1101304157290725377: stepping through state failed with unexpected error: table "‹sensor_status›"[137] was dropped or truncated: descriptor is being dropped
E250825 23:49:44.513328 2399 jobs/registry.go:1675 ⋮ [T1,Vsystem,n1,job=1101304157290725377] 229 +(1) forced error mark
E250825 23:49:44.513328 2399 jobs/registry.go:1675 ⋮ [T1,Vsystem,n1,job=1101304157290725377] 229 +  | ‹"terminal changefeed error"›
E250825 23:49:44.513328 2399 jobs/registry.go:1675 ⋮ [T1,Vsystem,n1,job=1101304157290725377] 229 +  | github.com/cockroachdb/cockroach/pkg/ccl/changefeedccl/changefeedbase/*changefeedbase.terminalError::
E250825 23:49:44.513328 2399 jobs/registry.go:1675 ⋮ [T1,Vsystem,n1,job=1101304157290725377] 229 +Wraps: (2) attached stack trace
E250825 23:49:44.513328 2399 jobs/registry.go:1675 ⋮ [T1,Vsystem,n1,job=1101304157290725377] 229 +  -- stack trace:
E250825 23:49:44.513328 2399 jobs/registry.go:1675 ⋮ [T1,Vsystem,n1,job=1101304157290725377] 229 +  | github.com/cockroachdb/cockroach/pkg/ccl/changefeedccl/schemafeed.(*schemaFeed).fetchDescriptorVersions.func1
E250825 23:49:44.513328 2399 jobs/registry.go:1675 ⋮ [T1,Vsystem,n1,job=1101304157290725377] 229 +  | 	pkg/ccl/changefeedccl/schemafeed/schema_feed.go:869
E250825 23:49:44.513328 2399 jobs/registry.go:1675 ⋮ [T1,Vsystem,n1,job=1101304157290725377] 229 +  | github.com/cockroachdb/cockroach/pkg/ccl/changefeedccl/schemafeed.(*schemaFeed).fetchDescriptorVersions
E250825 23:49:44.513328 2399 jobs/registry.go:1675 ⋮ [T1,Vsystem,n1,job=1101304157290725377] 229 +  | 	pkg/ccl/changefeedccl/schemafeed/schema_feed.go:882
E250825 23:49:44.513328 2399 jobs/registry.go:1675 ⋮ [T1,Vsystem,n1,job=1101304157290725377] 229 +  | github.com/cockroachdb/cockroach/pkg/ccl/changefeedccl/schemafeed.(*schemaFeed).updateTableHistory
E250825 23:49:44.513328 2399 jobs/registry.go:1675 ⋮ [T1,Vsystem,n1,job=1101304157290725377] 229 +  | 	pkg/ccl/changefeedccl/schemafeed/schema_feed.go:350
E250825 23:49:44.513328 2399 jobs/registry.go:1675 ⋮ [T1,Vsystem,n1,job=1101304157290725377] 229 +  | github.com/cockroachdb/cockroach/pkg/ccl/changefeedccl/schemafeed.(*schemaFeed).periodicallyMaybePollTableHistory
E250825 23:49:44.513328 2399 jobs/registry.go:1675 ⋮ [T1,Vsystem,n1,job=1101304157290725377] 229 +  | 	pkg/ccl/changefeedccl/schemafeed/schema_feed.go:322
E250825 23:49:44.513328 2399 jobs/registry.go:1675 ⋮ [T1,Vsystem,n1,job=1101304157290725377] 229 +  | github.com/cockroachdb/cockroach/pkg/ccl/changefeedccl/schemafeed.(*schemaFeed).Run
E250825 23:49:44.513328 2399 jobs/registry.go:1675 ⋮ [T1,Vsystem,n1,job=1101304157290725377] 229 +  | 	pkg/ccl/changefeedccl/schemafeed/schema_feed.go:264
E250825 23:49:44.513328 2399 jobs/registry.go:1675 ⋮ [T1,Vsystem,n1,job=1101304157290725377] 229 +  | github.com/cockroachdb/cockroach/pkg/ccl/changefeedccl/kvfeed.Run.Group.GoCtx.func3
E250825 23:49:44.513328 2399 jobs/registry.go:1675 ⋮ [T1,Vsystem,n1,job=1101304157290725377] 229 +  | 	pkg/util/ctxgroup/ctxgroup.go:199
E250825 23:49:44.513328 2399 jobs/registry.go:1675 ⋮ [T1,Vsystem,n1,job=1101304157290725377] 229 +  | [...repeated from below...]
E250825 23:49:44.513328 2399 jobs/registry.go:1675 ⋮ [T1,Vsystem,n1,job=1101304157290725377] 229 +Wraps: (3) table "‹sensor_status›"[137] was dropped or truncated
E250825 23:49:44.513328 2399 jobs/registry.go:1675 ⋮ [T1,Vsystem,n1,job=1101304157290725377] 229 +Wraps: (4) attached stack trace
E250825 23:49:44.513328 2399 jobs/registry.go:1675 ⋮ [T1,Vsystem,n1,job=1101304157290725377] 229 +  -- stack trace:
E250825 23:49:44.513328 2399 jobs/registry.go:1675 ⋮ [T1,Vsystem,n1,job=1101304157290725377] 229 +  | github.com/cockroachdb/cockroach/pkg/sql/catalog.init
E250825 23:49:44.513328 2399 jobs/registry.go:1675 ⋮ [T1,Vsystem,n1,job=1101304157290725377] 229 +  | 	pkg/sql/catalog/errors.go:62
E250825 23:49:44.513328 2399 jobs/registry.go:1675 ⋮ [T1,Vsystem,n1,job=1101304157290725377] 229 +  | runtime.doInit1
E250825 23:49:44.513328 2399 jobs/registry.go:1675 ⋮ [T1,Vsystem,n1,job=1101304157290725377] 229 +  | 	GOROOT/src/runtime/proc.go:7321
E250825 23:49:44.513328 2399 jobs/registry.go:1675 ⋮ [T1,Vsystem,n1,job=1101304157290725377] 229 +  | runtime.doInit
E250825 23:49:44.513328 2399 jobs/registry.go:1675 ⋮ [T1,Vsystem,n1,job=1101304157290725377] 229 +  | 	GOROOT/src/runtime/proc.go:7288
E250825 23:49:44.513328 2399 jobs/registry.go:1675 ⋮ [T1,Vsystem,n1,job=1101304157290725377] 229 +  | runtime.main
E250825 23:49:44.513328 2399 jobs/registry.go:1675 ⋮ [T1,Vsystem,n1,job=1101304157290725377] 229 +  | 	GOROOT/src/runtime/proc.go:254
E250825 23:49:44.513328 2399 jobs/registry.go:1675 ⋮ [T1,Vsystem,n1,job=1101304157290725377] 229 +  | runtime.goexit
E250825 23:49:44.513328 2399 jobs/registry.go:1675 ⋮ [T1,Vsystem,n1,job=1101304157290725377] 229 +  | 	src/runtime/asm_arm64.s:1223
E250825 23:49:44.513328 2399 jobs/registry.go:1675 ⋮ [T1,Vsystem,n1,job=1101304157290725377] 229 +Wraps: (5) descriptor is being dropped
E250825 23:49:44.513328 2399 jobs/registry.go:1675 ⋮ [T1,Vsystem,n1,job=1101304157290725377] 229 +Error types: (1) *markers.withMark (2) *withstack.withStack (3) *errutil.withPrefix (4) *withstack.withStack (5) *errutil.leafError
I250825 23:49:44.558061 2399 1@jobs/structured_log.go:49 ⋮ [T1,Vsystem,n1,job=1101304157290725377] 230 ={"Timestamp":1756165784558057338,"EventType":"status_change","JobID":1101304157290725377,"JobType":"CHANGEFEED","Description":"state changed to: failed","PreviousStatus":"reverting","NewStatus":"failed","RunNum":0,"Error":"‹table \"sensor_status\"[137] was dropped or truncated: descriptor is being dropped›","FinalResumeErr":"‹table \"sensor_status\"[137] was dropped or truncated: descriptor is being dropped›"}
E250825 23:49:44.558138 2399 jobs/adopt.go:415 ⋮ [T1,Vsystem,n1,job=1101304157290725377] 231  job 1101304157290725377: adoption completed with error table "‹sensor_status›"[137] was dropped or truncated: descriptor is being dropped
I250825 23:49:44.573742 2345 1@jobs/structured_log.go:49 ⋮ [T1,Vsystem,n1,job=1101317102760361985] 232 ={"Timestamp":1756165784573737796,"EventType":"status_change","JobID":1101317102760361985,"JobType":"AUTO CREATE PARTIAL STATS","Description":"state changed to: succeeded","PreviousStatus":"running","NewStatus":"succeeded","RunNum":0}
I250825 23:49:55.095585 3255 kv/kvserver/mvcc_gc_queue.go:796 ⋮ [T1,Vsystem,n1,mvccGC,s1,r125/1:‹/{Table/138-Max}›] 233  GC still needed following GC, recomputing MVCC stats
I250825 23:49:55.095859 3255 kv/kvserver/mvcc_gc_queue.go:797 ⋮ [T1,Vsystem,n1,mvccGC,s1,r125/1:‹/{Table/138-Max}›] 234  old score ‹queue=true with 0.00/fuzz(0.98)=0.00=valScaleScore(0.00)*deadFrac(0.00)+intentScore(0.00)›
I250825 23:49:55.095859 3255 kv/kvserver/mvcc_gc_queue.go:797 ⋮ [T1,Vsystem,n1,mvccGC,s1,r125/1:‹/{Table/138-Max}›] 234 +‹likely last GC: 2m0.429050544s ago, 0 B non-live, curr. age 0 B*s, min exp. reduction: 0 B*s›
I250825 23:49:55.095859 3255 kv/kvserver/mvcc_gc_queue.go:797 ⋮ [T1,Vsystem,n1,mvccGC,s1,r125/1:‹/{Table/138-Max}›] 234 +‹hint: {0,0 1755445834.582834013,0 1756165392.387037212,0}›
I250825 23:49:55.096075 3255 kv/kvserver/mvcc_gc_queue.go:798 ⋮ [T1,Vsystem,n1,mvccGC,s1,r125/1:‹/{Table/138-Max}›] 235  new score ‹queue=true with 0.00/fuzz(0.98)=0.00=valScaleScore(0.00)*deadFrac(0.00)+intentScore(0.00)›
I250825 23:49:55.096075 3255 kv/kvserver/mvcc_gc_queue.go:798 ⋮ [T1,Vsystem,n1,mvccGC,s1,r125/1:‹/{Table/138-Max}›] 235 +‹likely last GC: 2m3.684636961s ago, 0 B non-live, curr. age 0 B*s, min exp. reduction: 0 B*s›
I250825 23:49:55.096075 3255 kv/kvserver/mvcc_gc_queue.go:798 ⋮ [T1,Vsystem,n1,mvccGC,s1,r125/1:‹/{Table/138-Max}›] 235 +‹hint: {0,0 1755445834.582834013,0 1756165392.387037212,0}›
W250825 23:50:14.789112 79 2@rpc/clock_offset.go:307 ⋮ [T1,Vsystem,n1,rnode=1,raddr=‹127.0.0.1:26257›,class=default,rpc] 236  latency jump (prev avg 5.48ms, current 50.87ms)
I250825 23:50:24.333780 4277 kv/kvserver/mvcc_gc_queue.go:796 ⋮ [T1,Vsystem,n1,mvccGC,s1,r125/1:‹/{Table/138-Max}›] 237  GC still needed following GC, recomputing MVCC stats
I250825 23:50:24.339555 4277 kv/kvserver/mvcc_gc_queue.go:797 ⋮ [T1,Vsystem,n1,mvccGC,s1,r125/1:‹/{Table/138-Max}›] 238  old score ‹queue=true with 0.00/fuzz(0.98)=0.00=valScaleScore(0.00)*deadFrac(0.00)+intentScore(0.00)›
I250825 23:50:24.339555 4277 kv/kvserver/mvcc_gc_queue.go:797 ⋮ [T1,Vsystem,n1,mvccGC,s1,r125/1:‹/{Table/138-Max}›] 238 +‹likely last GC: 23.96210804s ago, 0 B non-live, curr. age 0 B*s, min exp. reduction: 0 B*s›
I250825 23:50:24.339555 4277 kv/kvserver/mvcc_gc_queue.go:797 ⋮ [T1,Vsystem,n1,mvccGC,s1,r125/1:‹/{Table/138-Max}›] 238 +‹hint: {0,0 1755445834.582834013,0 1756165392.387037212,0}›
I250825 23:50:24.343113 4277 kv/kvserver/mvcc_gc_queue.go:798 ⋮ [T1,Vsystem,n1,mvccGC,s1,r125/1:‹/{Table/138-Max}›] 239  new score ‹queue=true with 0.00/fuzz(0.98)=0.00=valScaleScore(0.00)*deadFrac(0.00)+intentScore(0.00)›
I250825 23:50:24.343113 4277 kv/kvserver/mvcc_gc_queue.go:798 ⋮ [T1,Vsystem,n1,mvccGC,s1,r125/1:‹/{Table/138-Max}›] 239 +‹likely last GC: 29.256858458s ago, 0 B non-live, curr. age 0 B*s, min exp. reduction: 0 B*s›
I250825 23:50:24.343113 4277 kv/kvserver/mvcc_gc_queue.go:798 ⋮ [T1,Vsystem,n1,mvccGC,s1,r125/1:‹/{Table/138-Max}›] 239 +‹hint: {0,0 1755445834.582834013,0 1756165392.387037212,0}›
I250825 23:51:20.574073 5302 kv/kvserver/mvcc_gc_queue.go:796 ⋮ [T1,Vsystem,n1,mvccGC,s1,r125/1:‹/{Table/138-Max}›] 240  GC still needed following GC, recomputing MVCC stats
I250825 23:51:20.574388 5302 kv/kvserver/mvcc_gc_queue.go:797 ⋮ [T1,Vsystem,n1,mvccGC,s1,r125/1:‹/{Table/138-Max}›] 241  old score ‹queue=true with 0.00/fuzz(0.98)=0.00=valScaleScore(0.00)*deadFrac(0.00)+intentScore(0.00)›
I250825 23:51:20.574388 5302 kv/kvserver/mvcc_gc_queue.go:797 ⋮ [T1,Vsystem,n1,mvccGC,s1,r125/1:‹/{Table/138-Max}›] 241 +‹likely last GC: 51.67645858s ago, 0 B non-live, curr. age 0 B*s, min exp. reduction: 0 B*s›
I250825 23:51:20.574388 5302 kv/kvserver/mvcc_gc_queue.go:797 ⋮ [T1,Vsystem,n1,mvccGC,s1,r125/1:‹/{Table/138-Max}›] 241 +‹hint: {0,0 1755445834.582834013,0 1756165392.387037212,0}›
I250825 23:51:20.574596 5302 kv/kvserver/mvcc_gc_queue.go:798 ⋮ [T1,Vsystem,n1,mvccGC,s1,r125/1:‹/{Table/138-Max}›] 242  new score ‹queue=true with 0.00/fuzz(0.98)=0.00=valScaleScore(0.00)*deadFrac(0.00)+intentScore(0.00)›
I250825 23:51:20.574596 5302 kv/kvserver/mvcc_gc_queue.go:798 ⋮ [T1,Vsystem,n1,mvccGC,s1,r125/1:‹/{Table/138-Max}›] 242 +‹likely last GC: 56.266780123s ago, 0 B non-live, curr. age 0 B*s, min exp. reduction: 0 B*s›
I250825 23:51:20.574596 5302 kv/kvserver/mvcc_gc_queue.go:798 ⋮ [T1,Vsystem,n1,mvccGC,s1,r125/1:‹/{Table/138-Max}›] 242 +‹hint: {0,0 1755445834.582834013,0 1756165392.387037212,0}›
I250825 23:52:40.201544 6728 kv/kvserver/mvcc_gc_queue.go:796 ⋮ [T1,Vsystem,n1,mvccGC,s1,r125/1:‹/{Table/138-Max}›] 243  GC still needed following GC, recomputing MVCC stats
I250825 23:52:40.201864 6728 kv/kvserver/mvcc_gc_queue.go:797 ⋮ [T1,Vsystem,n1,mvccGC,s1,r125/1:‹/{Table/138-Max}›] 244  old score ‹queue=true with 0.00/fuzz(0.98)=0.00=valScaleScore(0.00)*deadFrac(0.00)+intentScore(0.00)›
I250825 23:52:40.201864 6728 kv/kvserver/mvcc_gc_queue.go:797 ⋮ [T1,Vsystem,n1,mvccGC,s1,r125/1:‹/{Table/138-Max}›] 244 +‹likely last GC: 1m16.445849329s ago, 0 B non-live, curr. age 0 B*s, min exp. reduction: 0 B*s›
I250825 23:52:40.201864 6728 kv/kvserver/mvcc_gc_queue.go:797 ⋮ [T1,Vsystem,n1,mvccGC,s1,r125/1:‹/{Table/138-Max}›] 244 +‹hint: {0,0 1755445834.582834013,0 1756165392.387037212,0}›
I250825 23:52:40.202025 6728 kv/kvserver/mvcc_gc_queue.go:798 ⋮ [T1,Vsystem,n1,mvccGC,s1,r125/1:‹/{Table/138-Max}›] 245  new score ‹queue=true with 0.00/fuzz(0.98)=0.00=valScaleScore(0.00)*deadFrac(0.00)+intentScore(0.00)›
I250825 23:52:40.202025 6728 kv/kvserver/mvcc_gc_queue.go:798 ⋮ [T1,Vsystem,n1,mvccGC,s1,r125/1:‹/{Table/138-Max}›] 245 +‹likely last GC: 1m19.627798829s ago, 0 B non-live, curr. age 0 B*s, min exp. reduction: 0 B*s›
I250825 23:52:40.202025 6728 kv/kvserver/mvcc_gc_queue.go:798 ⋮ [T1,Vsystem,n1,mvccGC,s1,r125/1:‹/{Table/138-Max}›] 245 +‹hint: {0,0 1755445834.582834013,0 1756165392.387037212,0}›
I250825 23:54:47.794868 9231 kv/kvserver/replica_command.go:843 ⋮ [T1,Vsystem,n1,merge,s1,r86/1:‹/Table/13{4-7}›] 246  initiating a merge of r115:‹/Table/13{7-8}› [(n1,s1):1, next=2, gen=10] into this range (lhs+rhs size (2.5 KiB+0 B=2.5 KiB) below threshold (128 MiB) lhs+rhs cpu (28µs+18µs=46µs) below threshold (250ms))
I250825 23:54:47.878031 712 kv/kvserver/store_remove_replica.go:152 ⋮ [T1,Vsystem,n1,s1,r86/1:‹/Table/13{4-7}›,raft] 247  removing replica r115/1
I250825 23:54:47.916773 9347 kv/kvserver/replica_command.go:843 ⋮ [T1,Vsystem,n1,merge,s1,r86/1:‹/Table/13{4-8}›] 248  initiating a merge of r125:‹/{Table/138-Max}› [(n1,s1):1, next=2, gen=10] into this range (lhs+rhs size (2.5 KiB+1.7 KiB=4.2 KiB) below threshold (128 MiB) lhs+rhs cpu (46µs+12ms=12ms) below threshold (250ms))
I250825 23:54:48.007032 702 kv/kvserver/store_remove_replica.go:152 ⋮ [T1,Vsystem,n1,s1,r86/1:‹/Table/13{4-8}›,raft] 249  removing replica r125/1
I250825 23:55:03.204860 868 server/status/runtime_jemalloc.go:226 ⋮ [T1,Vsystem,n1] 250  jemalloc arenas purged (took 16.011667ms)
I250825 23:55:12.915525 817 kv/kvserver/queue.go:1332 ⋮ [T1,Vsystem,n1,replicate] 251  purgatory is now empty
I250825 23:56:16.444284 10928 1@jobs/structured_log.go:49 ⋮ [T1,Vsystem,n1] 252 ={"Timestamp":1756166176443436838,"EventType":"status_change","JobID":1101318639876505601,"JobType":"AUTO CREATE PARTIAL STATS","Description":"state changed to: running","PreviousStatus":"running","NewStatus":"running","RunNum":0}
I250825 23:56:16.498041 10928 sql/distsql_plan_stats.go:209 ⋮ [T1,Vsystem,n1,job=AUTO CREATE PARTIAL STATS id=1101318639876505601,create-stats-distsql] 253  using computed sample size of 10000 for histogram construction
I250825 23:56:16.758977 10928 1@jobs/structured_log.go:49 ⋮ [T1,Vsystem,n1] 254 ={"Timestamp":1756166176758971964,"EventType":"status_change","JobID":1101318639876505601,"JobType":"AUTO CREATE PARTIAL STATS","Description":"state changed to: succeeded","PreviousStatus":"running","NewStatus":"succeeded","RunNum":0}
I250825 23:57:03.281655 868 server/status/runtime_jemalloc.go:226 ⋮ [T1,Vsystem,n1] 255  jemalloc arenas purged (took 7.872041ms)
