I250731 16:59:48.989301 604 util/log/file_sync_buffer.go:237 ⋮ [config]   file created at: 2025/07/31 16:59:48
I250731 16:59:48.989323 604 util/log/file_sync_buffer.go:237 ⋮ [config]   running on machine: ‹a5f12bfc1275›
I250731 16:59:48.989349 604 util/log/file_sync_buffer.go:237 ⋮ [config]   binary: CockroachDB CCL v25.2.0 (aarch64-unknown-linux-gnu, built 2025/05/15 21:07:42, go1.23.7 X:nocoverageredesign)
I250731 16:59:48.989355 604 util/log/file_sync_buffer.go:237 ⋮ [config]   arguments: [‹/cockroach/cockroach› ‹start-single-node› ‹--certs-dir=certs› ‹--advertise-addr=127.0.0.1:26257› ‹--insecure› ‹--http-addr=0.0.0.0:8080›]
I250731 16:59:48.989369 604 util/log/file_sync_buffer.go:237 ⋮ [config]   log format (utf8=✓): crdb-v2
I250731 16:59:48.989374 604 util/log/file_sync_buffer.go:237 ⋮ [config]   line format: [IWEF]yymmdd hh:mm:ss.uuuuuu goid [chan@]file:line redactionmark \[tags\] [counter] msg
I250731 16:59:48.982617 604 2@kv/kvserver/replica_proposal.go:621 ⋮ [T1,Vsystem,n1,s1,r1/1:‹/{Min-System/NodeL…}›,raft] 1  new range lease repl=(n1,s1):1 seq=34 start=1753981188.958425052,0 exp=1753981194.968846802,0 pro=1753981188.968846802,0 acq=Request following repl=(n1,s1):1 seq=33 start=1753980946.328236425,0 exp=1753980989.835691554,0 pro=1753980983.835691554,0 acq=Request
I250731 16:59:49.031731 604 2@kv/kvserver/replica_proposal.go:638 ⋮ [T1,Vsystem,n1,s1,r1/1:‹/{Min-System/NodeL…}›,raft] 3  acquired system range lease: repl=(n1,s1):1 seq=34 start=1753981188.958425052,0 exp=1753981194.968846802,0 pro=1753981188.968846802,0 acq=Request [acquisition-type=Request]
I250731 16:59:48.984069 603 2@kv/kvserver/replica_proposal.go:638 ⋮ [T1,Vsystem,n1,s1,r2/1:‹/System/NodeLiveness{-Max}›,raft] 2  acquired system range lease: repl=(n1,s1):1 seq=34 start=1753981188.958665843,0 exp=1753981194.969139010,0 pro=1753981188.969139010,0 acq=Request [acquisition-type=Request]
I250731 16:59:49.245240 1509 2@rpc/peer.go:605 ⋮ [T1,Vsystem,n1,rnode=1,raddr=‹127.0.0.1:26257›,class=default,rpc] 4  connection is now healthy
I250731 16:59:49.245429 1429 2@rpc/peer.go:605 ⋮ [T1,Vsystem,n1,rnode=1,raddr=‹127.0.0.1:26257›,class=system,rpc] 5  connection is now healthy
I250731 16:59:58.981480 805 2@util/log/event_log.go:39 ⋮ [T1,Vsystem,n1] 6 ={"Timestamp":1753981198981464584,"EventType":"runtime_stats","MemRSSBytes":589869056,"GoroutineCount":474,"MemStackSysBytes":13369344,"GoAllocBytes":90983056,"GoTotalBytes":486107512,"HeapFragmentBytes":34788720,"HeapReservedBytes":333119488,"HeapReleasedBytes":1613824,"CGoAllocBytes":28463616,"CGoTotalBytes":43778048,"CGoCallRate":0.00000017103946,"GCPausePercent":0.0000000002828874,"GCRunCount":7,"NetHostRecvBytes":26340,"NetHostSendBytes":37006}
I250731 16:59:58.981811 805 2@server/status/runtime_log.go:43 ⋮ [T1,Vsystem,n1] 7  runtime stats: 562 MiB RSS, 474 goroutines (stacks: 13 MiB), 87 MiB/464 MiB Go alloc/total (heap fragmentation: 33 MiB, heap reserved: 318 MiB, heap released: 1.5 MiB), 27 MiB/42 MiB CGO alloc/total (0.0 CGO/sec), 0.0/0.0 %(u/s)time, 0.0 %gc (7x), 26 KiB/36 KiB (r/w)net
I250731 17:00:08.981801 805 2@util/log/event_log.go:39 ⋮ [T1,Vsystem,n1] 8 ={"Timestamp":1753981208981772297,"EventType":"runtime_stats","MemRSSBytes":598151168,"GoroutineCount":472,"MemStackSysBytes":13303808,"GoAllocBytes":116310760,"GoTotalBytes":486377848,"HeapFragmentBytes":28376344,"HeapReservedBytes":314228736,"HeapReleasedBytes":1605632,"CGoAllocBytes":28463616,"CGoTotalBytes":43778048,"CGoCallRate":0.09999693,"CPUUserPercent":2.2999294,"CPUSysPercent":1.4999541,"GCRunCount":7,"NetHostRecvBytes":84,"NetHostSendBytes":42}
I250731 17:00:08.982208 805 2@server/status/runtime_log.go:43 ⋮ [T1,Vsystem,n1] 9  runtime stats: 570 MiB RSS, 472 goroutines (stacks: 13 MiB), 111 MiB/464 MiB Go alloc/total (heap fragmentation: 27 MiB, heap reserved: 300 MiB, heap released: 1.5 MiB), 27 MiB/42 MiB CGO alloc/total (0.1 CGO/sec), 2.3/1.5 %(u/s)time, 0.0 %gc (7x), 84 B/42 B (r/w)net
I250731 17:00:19.000764 805 2@util/log/event_log.go:39 ⋮ [T1,Vsystem,n1] 10 ={"Timestamp":1753981219000736677,"EventType":"runtime_stats","MemRSSBytes":601538560,"GoroutineCount":501,"MemStackSysBytes":14516224,"GoAllocBytes":160251496,"GoTotalBytes":486705528,"HeapFragmentBytes":18956696,"HeapReservedBytes":278454272,"HeapReleasedBytes":1605632,"CGoAllocBytes":29790720,"CGoTotalBytes":45285376,"CGoCallRate":4.890727,"CPUUserPercent":5.0903487,"CPUSysPercent":1.7965937,"GCRunCount":7,"NetHostRecvBytes":126}
I250731 17:00:19.002818 805 2@server/status/runtime_log.go:43 ⋮ [T1,Vsystem,n1] 11  runtime stats: 574 MiB RSS, 501 goroutines (stacks: 14 MiB), 153 MiB/464 MiB Go alloc/total (heap fragmentation: 18 MiB, heap reserved: 266 MiB, heap released: 1.5 MiB), 28 MiB/43 MiB CGO alloc/total (4.9 CGO/sec), 5.1/1.8 %(u/s)time, 0.0 %gc (7x), 126 B/0 B (r/w)net
I250731 17:00:28.985535 805 2@util/log/event_log.go:39 ⋮ [T1,Vsystem,n1] 12 ={"Timestamp":1753981228985481875,"EventType":"runtime_stats","MemRSSBytes":603037696,"GoroutineCount":501,"MemStackSysBytes":14516224,"GoAllocBytes":189764400,"GoTotalBytes":486836600,"HeapFragmentBytes":15273168,"HeapReservedBytes":252592128,"HeapReleasedBytes":1605632,"CGoAllocBytes":29790720,"CGoTotalBytes":45285376,"CGoCallRate":0.10015274,"CPUUserPercent":3.9059567,"CPUSysPercent":1.7025967,"GCRunCount":7,"NetHostRecvBytes":42}
I250731 17:00:28.986047 805 2@server/status/runtime_log.go:43 ⋮ [T1,Vsystem,n1] 13  runtime stats: 575 MiB RSS, 501 goroutines (stacks: 14 MiB), 181 MiB/464 MiB Go alloc/total (heap fragmentation: 15 MiB, heap reserved: 241 MiB, heap released: 1.5 MiB), 28 MiB/43 MiB CGO alloc/total (0.1 CGO/sec), 3.9/1.7 %(u/s)time, 0.0 %gc (7x), 42 B/0 B (r/w)net
I250731 17:00:38.991678 805 2@util/log/event_log.go:39 ⋮ [T1,Vsystem,n1] 14 ={"Timestamp":1753981238991629755,"EventType":"runtime_stats","MemRSSBytes":604610560,"GoroutineCount":501,"MemStackSysBytes":14483456,"GoAllocBytes":214433176,"GoTotalBytes":486836600,"HeapFragmentBytes":13836904,"HeapReservedBytes":229367808,"HeapReleasedBytes":1605632,"CGoAllocBytes":29790720,"CGoTotalBytes":45285376,"CGoCallRate":0.0999386,"CPUUserPercent":3.9975438,"CPUSysPercent":1.6989563,"GCRunCount":7}
I250731 17:00:38.992139 805 2@server/status/runtime_log.go:43 ⋮ [T1,Vsystem,n1] 15  runtime stats: 577 MiB RSS, 501 goroutines (stacks: 14 MiB), 204 MiB/464 MiB Go alloc/total (heap fragmentation: 13 MiB, heap reserved: 219 MiB, heap released: 1.5 MiB), 28 MiB/43 MiB CGO alloc/total (0.1 CGO/sec), 4.0/1.7 %(u/s)time, 0.0 %gc (7x), 0 B/0 B (r/w)net
I250731 17:00:48.975808 801 2@gossip/gossip.go:559 ⋮ [T1,Vsystem,n1] 16  gossip status (ok, 1 node)
I250731 17:00:48.975808 801 2@gossip/gossip.go:559 ⋮ [T1,Vsystem,n1] 16 +gossip client (0/3 cur/max conns)
I250731 17:00:48.975808 801 2@gossip/gossip.go:559 ⋮ [T1,Vsystem,n1] 16 +gossip server (0/3 cur/max conns, infos 0/0 sent/received, bytes 0B/0B sent/received)
I250731 17:00:48.990204 805 2@util/log/event_log.go:39 ⋮ [T1,Vsystem,n1] 17 ={"Timestamp":1753981248989587802,"EventType":"runtime_stats","MemRSSBytes":606633984,"GoroutineCount":501,"MemStackSysBytes":14516224,"GoAllocBytes":241318768,"GoTotalBytes":486836600,"HeapFragmentBytes":12977296,"HeapReservedBytes":203284480,"HeapReleasedBytes":1605632,"CGoAllocBytes":30560768,"CGoTotalBytes":46202880,"CGoCallRate":2.9008832,"CPUUserPercent":2.7008224,"CPUSysPercent":0.90027404,"GCRunCount":7}
I250731 17:00:48.991346 805 2@server/status/runtime_log.go:43 ⋮ [T1,Vsystem,n1] 18  runtime stats: 578 MiB RSS, 501 goroutines (stacks: 14 MiB), 230 MiB/464 MiB Go alloc/total (heap fragmentation: 12 MiB, heap reserved: 194 MiB, heap released: 1.5 MiB), 29 MiB/44 MiB CGO alloc/total (2.9 CGO/sec), 2.7/0.9 %(u/s)time, 0.0 %gc (7x), 0 B/0 B (r/w)net
