I250825 23:59:33.029994 98 util/log/file_sync_buffer.go:237 ⋮ [config]   file created at: 2025/08/25 23:59:33
I250825 23:59:33.030071 98 util/log/file_sync_buffer.go:237 ⋮ [config]   running on machine: ‹93cb066efa26›
I250825 23:59:33.030179 98 util/log/file_sync_buffer.go:237 ⋮ [config]   binary: CockroachDB CCL v25.2.0 (aarch64-unknown-linux-gnu, built 2025/05/15 21:07:42, go1.23.7 X:nocoverageredesign)
I250825 23:59:33.030193 98 util/log/file_sync_buffer.go:237 ⋮ [config]   arguments: [‹/cockroach/cockroach› ‹start-single-node› ‹--certs-dir=certs› ‹--advertise-addr=127.0.0.1:26257› ‹--insecure› ‹--http-addr=0.0.0.0:8080›]
I250825 23:59:33.030220 98 util/log/file_sync_buffer.go:237 ⋮ [config]   log format (utf8=✓): crdb-v2
I250825 23:59:33.030227 98 util/log/file_sync_buffer.go:237 ⋮ [config]   line format: [IWEF]yymmdd hh:mm:ss.uuuuuu goid [chan@]file:line redactionmark \[tags\] [counter] msg
I250825 23:59:33.009310 98 3@pebble/objstorage/objstorageprovider/remote.go:102 ⋮ [n?,s?,pebble] 1  remote storage configured; creatorID = 1
I250825 23:59:34.081805 98 3@pebble/open.go:1054 ⋮ [n?,s?,pebble] 2  [JOB ‹1›] WAL ‹004860: {(/cockroach/cockroach-data,000)}› stopped reading at offset: (‹/cockroach/cockroach-data/004860.log›: 25690476); replayed 73753 keys in 2268 batches
I250825 23:59:34.083079 89 3@pebble/event.go:1011 ⋮ [n?,s?,pebble] 3  [JOB 2] flushing 7 memtables (27MB) to L0
I250825 23:59:34.114925 89 3@pebble/event.go:1039 ⋮ [n?,s?,pebble] 4  [JOB 2] flushing: sstable created 004867
I250825 23:59:34.887754 89 3@pebble/event.go:1031 ⋮ [n?,s?,pebble] 5  [JOB 2] MANIFEST created 004868
I250825 23:59:34.888878 89 3@pebble/event.go:1015 ⋮ [n?,s?,pebble] 6  [JOB 2] flushed 7 memtables (27MB) to L0 [004867] (374KB), in 0.8s (0.8s total), output rate 488KB/s
I250825 23:59:34.889778 53 3@pebble/event.go:999 ⋮ [n?,s?,pebble] 7  [JOB 4] compacting(default) L0 [004867] (374KB) Score=6.11 + L5 [004862 004863 004864 004865] (10MB) Score=0.16; OverlappingRatio: Single 28.66, Multi 0.00
I250825 23:59:34.922122 25 3@pebble/event.go:1063 ⋮ [n?,s?,pebble] 8  [JOB 2] WAL deleted 004854
I250825 23:59:34.938390 98 3@pebble/event.go:1059 ⋮ [n?,s?,pebble] 9  [JOB 1] WAL created 004869
I250825 23:59:34.938705 25 3@pebble/event.go:1063 ⋮ [n?,s?,pebble] 10  [JOB 2] WAL deleted 004860
I250825 23:59:35.022482 53 3@pebble/event.go:1039 ⋮ [n?,s?,pebble] 11  [JOB 4] compacting: sstable created 004871
I250825 23:59:35.133855 54 3@pebble/event.go:1051 ⋮ [n?,s?,pebble] 12  [JOB 5] all initial table stats loaded
I250825 23:59:39.401849 53 3@pebble/event.go:1039 ⋮ [n?,s?,pebble] 13  [JOB 4] compacting: sstable created 004872
I250825 23:59:39.802941 53 3@pebble/event.go:1039 ⋮ [n?,s?,pebble] 14  [JOB 4] compacting: sstable created 004873
I250825 23:59:40.069261 53 3@pebble/event.go:1039 ⋮ [n?,s?,pebble] 15  [JOB 4] compacting: sstable created 004874
I250825 23:59:40.293596 53 3@pebble/event.go:1003 ⋮ [n?,s?,pebble] 16  [JOB 4] compacted(default) L0 [004867] (374KB) Score=6.11 + L5 [004862 004863 004864 004865] (10MB) Score=0.16 -> L5 [004871 004872 004873 004874] (11MB), in 5.4s (5.4s total), output rate 2.0MB/s
I250825 23:59:40.301594 25 3@pebble/event.go:1043 ⋮ [n?,s?,pebble] 17  [JOB 4] sstable deleted 004862
I250825 23:59:40.302327 25 3@pebble/event.go:1043 ⋮ [n?,s?,pebble] 18  [JOB 4] sstable deleted 004863
I250825 23:59:40.302810 25 3@pebble/event.go:1043 ⋮ [n?,s?,pebble] 19  [JOB 4] sstable deleted 004864
I250825 23:59:40.303494 25 3@pebble/event.go:1043 ⋮ [n?,s?,pebble] 20  [JOB 4] sstable deleted 004865
I250825 23:59:40.305545 25 3@pebble/event.go:1043 ⋮ [n?,s?,pebble] 21  [JOB 4] sstable deleted 004867
I250825 23:59:40.306435 25 3@pebble/event.go:1035 ⋮ [n?,s?,pebble] 22  [JOB 1] MANIFEST deleted 004844
I250825 23:59:40.444931 98 3@pebble/event.go:1031 ⋮ [n?,s?,pebble] 23  [JOB 1] MANIFEST created 000001
I250825 23:59:40.448737 98 3@pebble/event.go:1059 ⋮ [n?,s?,pebble] 24  [JOB 1] WAL created 000002
I250825 23:59:40.449896 98 3@pebble/event.go:1027 ⋮ [n?,s?,pebble] 25  upgraded to format version: 014
I250825 23:59:40.451983 98 3@pebble/event.go:1027 ⋮ [n?,s?,pebble] 26  upgraded to format version: 015
I250825 23:59:40.454277 98 3@pebble/event.go:1027 ⋮ [n?,s?,pebble] 27  upgraded to format version: 016
I250825 23:59:40.456725 98 3@pebble/event.go:1027 ⋮ [n?,s?,pebble] 28  upgraded to format version: 017
I250825 23:59:40.458864 98 3@pebble/event.go:1027 ⋮ [n?,s?,pebble] 29  upgraded to format version: 018
I250825 23:59:40.460130 98 3@pebble/event.go:1027 ⋮ [n?,s?,pebble] 30  upgraded to format version: 019
I250825 23:59:40.463428 159 3@pebble/event.go:1051 ⋮ [n?,s?,pebble] 31  [JOB 2] all initial table stats loaded
I250826 00:00:01.723689 776 3@kv/kvserver/store.go:3801 ⋮ [T1,Vsystem,n1,s1] 32  Pebble metrics:
I250826 00:00:01.723689 776 3@kv/kvserver/store.go:3801 ⋮ [T1,Vsystem,n1,s1] 32 +      |                             |       |       |   ingested   |     moved    |    written   |       |    amp
I250826 00:00:01.723689 776 3@kv/kvserver/store.go:3801 ⋮ [T1,Vsystem,n1,s1] 32 +level | tables  size val-bl vtables | score |   in  | tables  size | tables  size | tables  size |  read |   r   w
I250826 00:00:01.723689 776 3@kv/kvserver/store.go:3801 ⋮ [T1,Vsystem,n1,s1] 32 +------+-----------------------------+-------+-------+--------------+--------------+--------------+-------+---------
I250826 00:00:01.723689 776 3@kv/kvserver/store.go:3801 ⋮ [T1,Vsystem,n1,s1] 32 +    0 |     0     0B     0B       0 |  0.00 |  24MB |     0     0B |     0     0B |     1  374KB |    0B |   0  0.0
I250826 00:00:01.723689 776 3@kv/kvserver/store.go:3801 ⋮ [T1,Vsystem,n1,s1] 32 +    1 |     0     0B     0B       0 |  0.00 |    0B |     0     0B |     0     0B |     0     0B |    0B |   0  0.0
I250826 00:00:01.723689 776 3@kv/kvserver/store.go:3801 ⋮ [T1,Vsystem,n1,s1] 32 +    2 |     0     0B     0B       0 |  0.00 |    0B |     0     0B |     0     0B |     0     0B |    0B |   0  0.0
I250826 00:00:01.723689 776 3@kv/kvserver/store.go:3801 ⋮ [T1,Vsystem,n1,s1] 32 +    3 |     0     0B     0B       0 |  0.00 |    0B |     0     0B |     0     0B |     0     0B |    0B |   0  0.0
I250826 00:00:01.723689 776 3@kv/kvserver/store.go:3801 ⋮ [T1,Vsystem,n1,s1] 32 +    4 |     0     0B     0B       0 |  0.00 |    0B |     0     0B |     0     0B |     0     0B |    0B |   0  0.0
I250826 00:00:01.723689 776 3@kv/kvserver/store.go:3801 ⋮ [T1,Vsystem,n1,s1] 32 +    5 |     4   11MB  456KB       0 |  0.32 | 374KB |     0     0B |     0     0B |     4   11MB |  11MB |   1 29.2
I250826 00:00:01.723689 776 3@kv/kvserver/store.go:3801 ⋮ [T1,Vsystem,n1,s1] 32 +    6 |    12   91MB   72KB       0 |     - |    0B |     0     0B |     0     0B |     0     0B |    0B |   1  0.0
I250826 00:00:01.723689 776 3@kv/kvserver/store.go:3801 ⋮ [T1,Vsystem,n1,s1] 32 +total |    16  102MB  528KB       0 |     - |  27MB |     0     0B |     0     0B |     5   38MB |  11MB |   2  1.4
I250826 00:00:01.723689 776 3@kv/kvserver/store.go:3801 ⋮ [T1,Vsystem,n1,s1] 32 +-------------------------------------------------------------------------------------------------------------------
I250826 00:00:01.723689 776 3@kv/kvserver/store.go:3801 ⋮ [T1,Vsystem,n1,s1] 32 +WAL: 1 files (2.3MB)  in: 2.3MB  written: 27MB (1056% overhead)
I250826 00:00:01.723689 776 3@kv/kvserver/store.go:3801 ⋮ [T1,Vsystem,n1,s1] 32 +Flushes: 1
I250826 00:00:01.723689 776 3@kv/kvserver/store.go:3801 ⋮ [T1,Vsystem,n1,s1] 32 +Compactions: 1  estimated debt: 0B  in progress: 0 (0B)
I250826 00:00:01.723689 776 3@kv/kvserver/store.go:3801 ⋮ [T1,Vsystem,n1,s1] 32 +             default: 1  delete: 0  elision: 0  move: 0  read: 0  tombstone-density: 0  rewrite: 0  copy: 0  multi-level: 0
I250826 00:00:01.723689 776 3@kv/kvserver/store.go:3801 ⋮ [T1,Vsystem,n1,s1] 32 +MemTables: 1 (32MB)  zombie: 1 (16MB)
I250826 00:00:01.723689 776 3@kv/kvserver/store.go:3801 ⋮ [T1,Vsystem,n1,s1] 32 +Zombie tables: 0 (0B, local: 0B)
I250826 00:00:01.723689 776 3@kv/kvserver/store.go:3801 ⋮ [T1,Vsystem,n1,s1] 32 +Backing tables: 0 (0B)
I250826 00:00:01.723689 776 3@kv/kvserver/store.go:3801 ⋮ [T1,Vsystem,n1,s1] 32 +Virtual tables: 0 (0B)
I250826 00:00:01.723689 776 3@kv/kvserver/store.go:3801 ⋮ [T1,Vsystem,n1,s1] 32 +Local tables size: 102MB
I250826 00:00:01.723689 776 3@kv/kvserver/store.go:3801 ⋮ [T1,Vsystem,n1,s1] 32 +Compression types: snappy: 16
I250826 00:00:01.723689 776 3@kv/kvserver/store.go:3801 ⋮ [T1,Vsystem,n1,s1] 32 +Block cache: 112 entries (3.8MB)  hit rate: 86.7%
I250826 00:00:01.723689 776 3@kv/kvserver/store.go:3801 ⋮ [T1,Vsystem,n1,s1] 32 +Table cache: 15 entries (12KB)  hit rate: 99.7%
I250826 00:00:01.723689 776 3@kv/kvserver/store.go:3801 ⋮ [T1,Vsystem,n1,s1] 32 +Snapshots: 0  earliest seq num: 0
I250826 00:00:01.723689 776 3@kv/kvserver/store.go:3801 ⋮ [T1,Vsystem,n1,s1] 32 +Table iters: 0
I250826 00:00:01.723689 776 3@kv/kvserver/store.go:3801 ⋮ [T1,Vsystem,n1,s1] 32 +Filter utility: 66.6%
I250826 00:00:01.723689 776 3@kv/kvserver/store.go:3801 ⋮ [T1,Vsystem,n1,s1] 32 +Ingestions: 0  as flushable: 0 (0B in 0 tables)
I250826 00:00:01.723689 776 3@kv/kvserver/store.go:3801 ⋮ [T1,Vsystem,n1,s1] 32 +Cgo memory usage: 52MB  block cache: 3.9MB (data: 3.8MB, maps: 19KB, entries: 8.8KB)  memtables: 48MB
I250826 00:04:01.928229 714 3@pebble/event.go:1059 ⋮ [n1,s1,pebble] 33  [JOB 7] WAL created 004875
I250826 00:04:01.965997 7824 3@pebble/event.go:1011 ⋮ [n1,s1,pebble] 34  [JOB 8] flushing 1 memtable (32MB) to L0
I250826 00:04:01.972913 7824 3@pebble/event.go:1039 ⋮ [n1,s1,pebble] 35  [JOB 8] flushing: sstable created 004876
I250826 00:04:02.489500 7824 3@pebble/event.go:1015 ⋮ [n1,s1,pebble] 36  [JOB 8] flushed 1 memtable (32MB) to L0 [004876] (387KB), in 0.5s (0.5s total), output rate 748KB/s
I250826 00:04:02.492097 7943 3@pebble/event.go:999 ⋮ [n1,s1,pebble] 37  [JOB 10] compacting(default) L0 [004876] (387KB) Score=5.99 + L5 [004871 004872 004873 004874] (11MB) Score=0.32; OverlappingRatio: Single 28.32, Multi 0.00
I250826 00:04:02.513474 7943 3@pebble/event.go:1039 ⋮ [n1,s1,pebble] 38  [JOB 10] compacting: sstable created 004877
I250826 00:04:02.855542 7943 3@pebble/event.go:1039 ⋮ [n1,s1,pebble] 39  [JOB 10] compacting: sstable created 004878
I250826 00:04:03.022738 7943 3@pebble/event.go:1039 ⋮ [n1,s1,pebble] 40  [JOB 10] compacting: sstable created 004879
I250826 00:04:03.461280 7943 3@pebble/event.go:1039 ⋮ [n1,s1,pebble] 41  [JOB 10] compacting: sstable created 004880
I250826 00:04:04.098123 7943 3@pebble/event.go:1003 ⋮ [n1,s1,pebble] 42  [JOB 10] compacted(default) L0 [004876] (387KB) Score=5.99 + L5 [004871 004872 004873 004874] (11MB) Score=0.32 -> L5 [004877 004878 004879 004880] (11MB), in 1.6s (1.6s total), output rate 6.8MB/s
I250826 00:04:04.129960 25 3@pebble/event.go:1043 ⋮ [n1,s1,pebble] 43  [JOB 10] sstable deleted 004871
I250826 00:04:04.133716 25 3@pebble/event.go:1043 ⋮ [n1,s1,pebble] 44  [JOB 10] sstable deleted 004872
I250826 00:04:04.136000 25 3@pebble/event.go:1043 ⋮ [n1,s1,pebble] 45  [JOB 10] sstable deleted 004873
I250826 00:04:04.137942 25 3@pebble/event.go:1043 ⋮ [n1,s1,pebble] 46  [JOB 10] sstable deleted 004874
I250826 00:04:04.139612 25 3@pebble/event.go:1043 ⋮ [n1,s1,pebble] 47  [JOB 10] sstable deleted 004876
I250826 00:10:01.753459 776 3@kv/kvserver/store.go:3801 ⋮ [T1,Vsystem,n1,s1] 48  Pebble metrics:
I250826 00:10:01.753459 776 3@kv/kvserver/store.go:3801 ⋮ [T1,Vsystem,n1,s1] 48 +      |                             |       |       |   ingested   |     moved    |    written   |       |    amp
I250826 00:10:01.753459 776 3@kv/kvserver/store.go:3801 ⋮ [T1,Vsystem,n1,s1] 48 +level | tables  size val-bl vtables | score |   in  | tables  size | tables  size | tables  size |  read |   r   w
I250826 00:10:01.753459 776 3@kv/kvserver/store.go:3801 ⋮ [T1,Vsystem,n1,s1] 48 +------+-----------------------------+-------+-------+--------------+--------------+--------------+-------+---------
I250826 00:10:01.753459 776 3@kv/kvserver/store.go:3801 ⋮ [T1,Vsystem,n1,s1] 48 +    0 |     0     0B     0B       0 |  0.00 |  53MB |     0     0B |     0     0B |     2  761KB |    0B |   0  0.0
I250826 00:10:01.753459 776 3@kv/kvserver/store.go:3801 ⋮ [T1,Vsystem,n1,s1] 48 +    1 |     0     0B     0B       0 |  0.00 |    0B |     0     0B |     0     0B |     0     0B |    0B |   0  0.0
I250826 00:10:01.753459 776 3@kv/kvserver/store.go:3801 ⋮ [T1,Vsystem,n1,s1] 48 +    2 |     0     0B     0B       0 |  0.00 |    0B |     0     0B |     0     0B |     0     0B |    0B |   0  0.0
I250826 00:10:01.753459 776 3@kv/kvserver/store.go:3801 ⋮ [T1,Vsystem,n1,s1] 48 +    3 |     0     0B     0B       0 |  0.00 |    0B |     0     0B |     0     0B |     0     0B |    0B |   0  0.0
I250826 00:10:01.753459 776 3@kv/kvserver/store.go:3801 ⋮ [T1,Vsystem,n1,s1] 48 +    4 |     0     0B     0B       0 |  0.00 |    0B |     0     0B |     0     0B |     0     0B |    0B |   0  0.0
I250826 00:10:01.753459 776 3@kv/kvserver/store.go:3801 ⋮ [T1,Vsystem,n1,s1] 48 +    5 |     4   11MB  460KB       0 |  0.31 | 761KB |     0     0B |     0     0B |     8   22MB |  22MB |   1 29.1
I250826 00:10:01.753459 776 3@kv/kvserver/store.go:3801 ⋮ [T1,Vsystem,n1,s1] 48 +    6 |    12   91MB   72KB       0 |     - |    0B |     0     0B |     0     0B |     0     0B |    0B |   1  0.0
I250826 00:10:01.753459 776 3@kv/kvserver/store.go:3801 ⋮ [T1,Vsystem,n1,s1] 48 +total |    16  102MB  532KB       0 |     - |  96MB |     0     0B |     0     0B |    10  119MB |  22MB |   2  1.2
I250826 00:10:01.753459 776 3@kv/kvserver/store.go:3801 ⋮ [T1,Vsystem,n1,s1] 48 +-------------------------------------------------------------------------------------------------------------------
I250826 00:10:01.753459 776 3@kv/kvserver/store.go:3801 ⋮ [T1,Vsystem,n1,s1] 48 +WAL: 1 files (43MB)  in: 72MB  written: 96MB (34% overhead)
I250826 00:10:01.753459 776 3@kv/kvserver/store.go:3801 ⋮ [T1,Vsystem,n1,s1] 48 +Flushes: 2
I250826 00:10:01.753459 776 3@kv/kvserver/store.go:3801 ⋮ [T1,Vsystem,n1,s1] 48 +Compactions: 2  estimated debt: 0B  in progress: 0 (0B)
I250826 00:10:01.753459 776 3@kv/kvserver/store.go:3801 ⋮ [T1,Vsystem,n1,s1] 48 +             default: 2  delete: 0  elision: 0  move: 0  read: 0  tombstone-density: 0  rewrite: 0  copy: 0  multi-level: 0
I250826 00:10:01.753459 776 3@kv/kvserver/store.go:3801 ⋮ [T1,Vsystem,n1,s1] 48 +MemTables: 1 (64MB)  zombie: 1 (32MB)
I250826 00:10:01.753459 776 3@kv/kvserver/store.go:3801 ⋮ [T1,Vsystem,n1,s1] 48 +Zombie tables: 0 (0B, local: 0B)
I250826 00:10:01.753459 776 3@kv/kvserver/store.go:3801 ⋮ [T1,Vsystem,n1,s1] 48 +Backing tables: 0 (0B)
I250826 00:10:01.753459 776 3@kv/kvserver/store.go:3801 ⋮ [T1,Vsystem,n1,s1] 48 +Virtual tables: 0 (0B)
I250826 00:10:01.753459 776 3@kv/kvserver/store.go:3801 ⋮ [T1,Vsystem,n1,s1] 48 +Local tables size: 102MB
I250826 00:10:01.753459 776 3@kv/kvserver/store.go:3801 ⋮ [T1,Vsystem,n1,s1] 48 +Compression types: snappy: 16
I250826 00:10:01.753459 776 3@kv/kvserver/store.go:3801 ⋮ [T1,Vsystem,n1,s1] 48 +Block cache: 988 entries (30MB)  hit rate: 96.2%
I250826 00:10:01.753459 776 3@kv/kvserver/store.go:3801 ⋮ [T1,Vsystem,n1,s1] 48 +Table cache: 15 entries (12KB)  hit rate: 100.0%
I250826 00:10:01.753459 776 3@kv/kvserver/store.go:3801 ⋮ [T1,Vsystem,n1,s1] 48 +Snapshots: 0  earliest seq num: 0
I250826 00:10:01.753459 776 3@kv/kvserver/store.go:3801 ⋮ [T1,Vsystem,n1,s1] 48 +Table iters: 0
I250826 00:10:01.753459 776 3@kv/kvserver/store.go:3801 ⋮ [T1,Vsystem,n1,s1] 48 +Filter utility: 78.3%
I250826 00:10:01.753459 776 3@kv/kvserver/store.go:3801 ⋮ [T1,Vsystem,n1,s1] 48 +Ingestions: 0  as flushable: 0 (0B in 0 tables)
I250826 00:10:01.753459 776 3@kv/kvserver/store.go:3801 ⋮ [T1,Vsystem,n1,s1] 48 +Cgo memory usage: 126MB  block cache: 30MB (data: 30MB, maps: 78KB, entries: 77KB)  memtables: 96MB
I250826 00:12:02.600305 743 3@pebble/event.go:1059 ⋮ [n1,s1,pebble] 49  [JOB 12] WAL created 004881 (recycled 004869)
I250826 00:12:02.772712 18974 3@pebble/event.go:1011 ⋮ [n1,s1,pebble] 50  [JOB 13] flushing 1 memtable (64MB) to L0
I250826 00:12:02.794685 18974 3@pebble/event.go:1039 ⋮ [n1,s1,pebble] 51  [JOB 13] flushing: sstable created 004882
I250826 00:12:03.117264 18974 3@pebble/event.go:1015 ⋮ [n1,s1,pebble] 52  [JOB 13] flushed 1 memtable (64MB) to L0 [004882] (776KB), in 0.3s (0.3s total), output rate 2.3MB/s
I250826 00:12:03.120350 18937 3@pebble/event.go:999 ⋮ [n1,s1,pebble] 53  [JOB 15] compacting(default) L0 [004882] (776KB) Score=5.83 + L5 [004877 004878 004879 004880] (11MB) Score=0.31; OverlappingRatio: Single 14.48, Multi 0.00
I250826 00:12:03.131132 18937 3@pebble/event.go:1039 ⋮ [n1,s1,pebble] 54  [JOB 15] compacting: sstable created 004883
I250826 00:12:03.487201 18937 3@pebble/event.go:1039 ⋮ [n1,s1,pebble] 55  [JOB 15] compacting: sstable created 004884
I250826 00:12:04.658473 18937 3@pebble/event.go:1039 ⋮ [n1,s1,pebble] 56  [JOB 15] compacting: sstable created 004885
I250826 00:12:05.017715 18937 3@pebble/event.go:1039 ⋮ [n1,s1,pebble] 57  [JOB 15] compacting: sstable created 004886
I250826 00:12:06.156274 18937 3@pebble/event.go:1039 ⋮ [n1,s1,pebble] 58  [JOB 15] compacting: sstable created 004887
I250826 00:12:06.164706 18937 3@pebble/event.go:1003 ⋮ [n1,s1,pebble] 59  [JOB 15] compacted(default) L0 [004882] (776KB) Score=5.83 + L5 [004877 004878 004879 004880] (11MB) Score=0.31 -> L5 [004883 004884 004885 004886 004887] (12MB), in 3.0s (3.0s total), output rate 3.8MB/s
I250826 00:12:06.170790 25 3@pebble/event.go:1043 ⋮ [n1,s1,pebble] 60  [JOB 15] sstable deleted 004877
I250826 00:12:06.172806 25 3@pebble/event.go:1043 ⋮ [n1,s1,pebble] 61  [JOB 15] sstable deleted 004878
I250826 00:12:06.174904 25 3@pebble/event.go:1043 ⋮ [n1,s1,pebble] 62  [JOB 15] sstable deleted 004879
I250826 00:12:06.175733 25 3@pebble/event.go:1043 ⋮ [n1,s1,pebble] 63  [JOB 15] sstable deleted 004880
I250826 00:12:06.176565 25 3@pebble/event.go:1043 ⋮ [n1,s1,pebble] 64  [JOB 15] sstable deleted 004882
I250826 00:20:11.787791 776 3@kv/kvserver/store.go:3801 ⋮ [T1,Vsystem,n1,s1] 65  Pebble metrics:
I250826 00:20:11.787791 776 3@kv/kvserver/store.go:3801 ⋮ [T1,Vsystem,n1,s1] 65 +      |                             |       |       |   ingested   |     moved    |    written   |       |    amp
I250826 00:20:11.787791 776 3@kv/kvserver/store.go:3801 ⋮ [T1,Vsystem,n1,s1] 65 +level | tables  size val-bl vtables | score |   in  | tables  size | tables  size | tables  size |  read |   r   w
I250826 00:20:11.787791 776 3@kv/kvserver/store.go:3801 ⋮ [T1,Vsystem,n1,s1] 65 +------+-----------------------------+-------+-------+--------------+--------------+--------------+-------+---------
I250826 00:20:11.787791 776 3@kv/kvserver/store.go:3801 ⋮ [T1,Vsystem,n1,s1] 65 +    0 |     0     0B     0B       0 |  0.00 | 111MB |     0     0B |     0     0B |     3  1.5MB |    0B |   0  0.0
I250826 00:20:11.787791 776 3@kv/kvserver/store.go:3801 ⋮ [T1,Vsystem,n1,s1] 65 +    1 |     0     0B     0B       0 |  0.00 |    0B |     0     0B |     0     0B |     0     0B |    0B |   0  0.0
I250826 00:20:11.787791 776 3@kv/kvserver/store.go:3801 ⋮ [T1,Vsystem,n1,s1] 65 +    2 |     0     0B     0B       0 |  0.00 |    0B |     0     0B |     0     0B |     0     0B |    0B |   0  0.0
I250826 00:20:11.787791 776 3@kv/kvserver/store.go:3801 ⋮ [T1,Vsystem,n1,s1] 65 +    3 |     0     0B     0B       0 |  0.00 |    0B |     0     0B |     0     0B |     0     0B |    0B |   0  0.0
I250826 00:20:11.787791 776 3@kv/kvserver/store.go:3801 ⋮ [T1,Vsystem,n1,s1] 65 +    4 |     0     0B     0B       0 |  0.00 |    0B |     0     0B |     0     0B |     0     0B |    0B |   0  0.0
I250826 00:20:11.787791 776 3@kv/kvserver/store.go:3801 ⋮ [T1,Vsystem,n1,s1] 65 +    5 |     5   12MB  483KB       0 |  0.32 | 1.5MB |     0     0B |     0     0B |    13   33MB |  34MB |   1 22.1
I250826 00:20:11.787791 776 3@kv/kvserver/store.go:3801 ⋮ [T1,Vsystem,n1,s1] 65 +    6 |    12   91MB   72KB       0 |     - |    0B |     0     0B |     0     0B |     0     0B |    0B |   1  0.0
I250826 00:20:11.787791 776 3@kv/kvserver/store.go:3801 ⋮ [T1,Vsystem,n1,s1] 65 +total |    17  103MB  554KB       0 |     - | 166MB |     0     0B |     0     0B |    16  200MB |  34MB |   2  1.2
I250826 00:20:11.787791 776 3@kv/kvserver/store.go:3801 ⋮ [T1,Vsystem,n1,s1] 65 +-------------------------------------------------------------------------------------------------------------------
I250826 00:20:11.787791 776 3@kv/kvserver/store.go:3801 ⋮ [T1,Vsystem,n1,s1] 65 +WAL: 1 files (55MB)  in: 141MB  written: 166MB (18% overhead)
I250826 00:20:11.787791 776 3@kv/kvserver/store.go:3801 ⋮ [T1,Vsystem,n1,s1] 65 +Flushes: 3
I250826 00:20:11.787791 776 3@kv/kvserver/store.go:3801 ⋮ [T1,Vsystem,n1,s1] 65 +Compactions: 3  estimated debt: 0B  in progress: 0 (0B)
I250826 00:20:11.787791 776 3@kv/kvserver/store.go:3801 ⋮ [T1,Vsystem,n1,s1] 65 +             default: 3  delete: 0  elision: 0  move: 0  read: 0  tombstone-density: 0  rewrite: 0  copy: 0  multi-level: 0
I250826 00:20:11.787791 776 3@kv/kvserver/store.go:3801 ⋮ [T1,Vsystem,n1,s1] 65 +MemTables: 1 (64MB)  zombie: 1 (64MB)
I250826 00:20:11.787791 776 3@kv/kvserver/store.go:3801 ⋮ [T1,Vsystem,n1,s1] 65 +Zombie tables: 0 (0B, local: 0B)
I250826 00:20:11.787791 776 3@kv/kvserver/store.go:3801 ⋮ [T1,Vsystem,n1,s1] 65 +Backing tables: 0 (0B)
I250826 00:20:11.787791 776 3@kv/kvserver/store.go:3801 ⋮ [T1,Vsystem,n1,s1] 65 +Virtual tables: 0 (0B)
I250826 00:20:11.787791 776 3@kv/kvserver/store.go:3801 ⋮ [T1,Vsystem,n1,s1] 65 +Local tables size: 103MB
I250826 00:20:11.787791 776 3@kv/kvserver/store.go:3801 ⋮ [T1,Vsystem,n1,s1] 65 +Compression types: snappy: 17
I250826 00:20:11.787791 776 3@kv/kvserver/store.go:3801 ⋮ [T1,Vsystem,n1,s1] 65 +Block cache: 0 entries (0B)  hit rate: 64.3%
I250826 00:20:11.787791 776 3@kv/kvserver/store.go:3801 ⋮ [T1,Vsystem,n1,s1] 65 +Table cache: 15 entries (12KB)  hit rate: 100.0%
I250826 00:20:11.787791 776 3@kv/kvserver/store.go:3801 ⋮ [T1,Vsystem,n1,s1] 65 +Snapshots: 0  earliest seq num: 0
I250826 00:20:11.787791 776 3@kv/kvserver/store.go:3801 ⋮ [T1,Vsystem,n1,s1] 65 +Table iters: 0
I250826 00:20:11.787791 776 3@kv/kvserver/store.go:3801 ⋮ [T1,Vsystem,n1,s1] 65 +Filter utility: 77.7%
I250826 00:20:11.787791 776 3@kv/kvserver/store.go:3801 ⋮ [T1,Vsystem,n1,s1] 65 +Ingestions: 0  as flushable: 0 (0B in 0 tables)
I250826 00:20:11.787791 776 3@kv/kvserver/store.go:3801 ⋮ [T1,Vsystem,n1,s1] 65 +Cgo memory usage: 128MB  block cache: 90KB (data: 0B, maps: 78KB, entries: 11KB)  memtables: 128MB
I250826 00:20:42.017749 739 3@pebble/event.go:1059 ⋮ [n1,s1,pebble] 66  [JOB 17] WAL created 004888 (recycled 004875)
I250826 00:20:42.134300 29984 3@pebble/event.go:1011 ⋮ [n1,s1,pebble] 67  [JOB 18] flushing 1 memtable (64MB) to L0
I250826 00:20:42.278744 29984 3@pebble/event.go:1039 ⋮ [n1,s1,pebble] 68  [JOB 18] flushing: sstable created 004889
I250826 00:20:43.535130 29984 3@pebble/event.go:1015 ⋮ [n1,s1,pebble] 69  [JOB 18] flushed 1 memtable (64MB) to L0 [004889] (652KB), in 1.3s (1.3s total), output rate 512KB/s
I250826 00:20:43.786553 30181 3@pebble/event.go:999 ⋮ [n1,s1,pebble] 70  [JOB 20] compacting(default) L0 [004889] (652KB) Score=5.53 + L5 [004883 004884 004885 004886 004887] (12MB) Score=0.32; OverlappingRatio: Single 18.19, Multi 0.00
I250826 00:20:43.881479 30181 3@pebble/event.go:1039 ⋮ [n1,s1,pebble] 71  [JOB 20] compacting: sstable created 004890
I250826 00:20:44.820964 30181 3@pebble/event.go:1039 ⋮ [n1,s1,pebble] 72  [JOB 20] compacting: sstable created 004891
I250826 00:20:48.907213 30181 3@pebble/event.go:1039 ⋮ [n1,s1,pebble] 73  [JOB 20] compacting: sstable created 004892
I250826 00:20:54.471639 30181 3@pebble/event.go:1039 ⋮ [n1,s1,pebble] 74  [JOB 20] compacting: sstable created 004893
I250826 00:20:54.972620 30181 3@pebble/event.go:1039 ⋮ [n1,s1,pebble] 75  [JOB 20] compacting: sstable created 004894
I250826 00:20:54.995987 30181 3@pebble/event.go:1003 ⋮ [n1,s1,pebble] 76  [JOB 20] compacted(default) L0 [004889] (652KB) Score=5.53 + L5 [004883 004884 004885 004886 004887] (12MB) Score=0.32 -> L5 [004890 004891 004892 004893 004894] (12MB), in 11.2s (11.3s total), output rate 1.1MB/s
I250826 00:20:55.009455 25 3@pebble/event.go:1043 ⋮ [n1,s1,pebble] 77  [JOB 20] sstable deleted 004883
I250826 00:20:55.017162 25 3@pebble/event.go:1043 ⋮ [n1,s1,pebble] 78  [JOB 20] sstable deleted 004884
I250826 00:20:55.018831 25 3@pebble/event.go:1043 ⋮ [n1,s1,pebble] 79  [JOB 20] sstable deleted 004885
I250826 00:20:55.020286 25 3@pebble/event.go:1043 ⋮ [n1,s1,pebble] 80  [JOB 20] sstable deleted 004886
I250826 00:20:55.021545 25 3@pebble/event.go:1043 ⋮ [n1,s1,pebble] 81  [JOB 20] sstable deleted 004887
I250826 00:20:55.022824 25 3@pebble/event.go:1043 ⋮ [n1,s1,pebble] 82  [JOB 20] sstable deleted 004889
