I250828 13:34:33.968872 1 util/log/file_sync_buffer.go:237 ⋮ [config]   file created at: 2025/08/28 13:34:33
I250828 13:34:33.968964 1 util/log/file_sync_buffer.go:237 ⋮ [config]   running on machine: ‹a7a42cd08a5c›
I250828 13:34:33.968998 1 util/log/file_sync_buffer.go:237 ⋮ [config]   binary: CockroachDB CCL v25.2.0 (aarch64-unknown-linux-gnu, built 2025/05/15 21:07:42, go1.23.7 X:nocoverageredesign)
I250828 13:34:33.969010 1 util/log/file_sync_buffer.go:237 ⋮ [config]   arguments: [‹/cockroach/cockroach› ‹start-single-node› ‹--certs-dir=certs› ‹--advertise-addr=127.0.0.1:26257› ‹--insecure› ‹--http-addr=0.0.0.0:8080›]
I250828 13:34:33.969077 1 util/log/file_sync_buffer.go:237 ⋮ [config]   log format (utf8=✓): crdb-v2
I250828 13:34:33.969085 1 util/log/file_sync_buffer.go:237 ⋮ [config]   line format: [IWEF]yymmdd hh:mm:ss.uuuuuu goid [chan@]file:line redactionmark \[tags\] [counter] msg
W250828 13:34:33.939441 1 1@cli/start.go:1438 ⋮ [n?] 1  ALL SECURITY CONTROLS HAVE BEEN DISABLED!
W250828 13:34:33.939441 1 1@cli/start.go:1438 ⋮ [n?] 1 +
W250828 13:34:33.939441 1 1@cli/start.go:1438 ⋮ [n?] 1 +This mode is intended for non-production testing only.
W250828 13:34:33.939441 1 1@cli/start.go:1438 ⋮ [n?] 1 +
W250828 13:34:33.939441 1 1@cli/start.go:1438 ⋮ [n?] 1 +In this mode:
W250828 13:34:33.939441 1 1@cli/start.go:1438 ⋮ [n?] 1 +- Your cluster is open to any client that can access ‹any of your IP addresses›.
W250828 13:34:33.939441 1 1@cli/start.go:1438 ⋮ [n?] 1 +- Intruders with access to your machine or network can observe client-server traffic.
W250828 13:34:33.939441 1 1@cli/start.go:1438 ⋮ [n?] 1 +- Intruders can log in without password and read or write any data in the cluster.
W250828 13:34:33.939441 1 1@cli/start.go:1438 ⋮ [n?] 1 +- Intruders can consume all your server's resources and cause unavailability.
I250828 13:34:33.994397 1 1@cli/start.go:1448 ⋮ [n?] 2  To start a secure server without mandating TLS for clients,
I250828 13:34:33.994397 1 1@cli/start.go:1448 ⋮ [n?] 2 +consider --accept-sql-without-tls instead. For other options, see:
I250828 13:34:33.994397 1 1@cli/start.go:1448 ⋮ [n?] 2 +
I250828 13:34:33.994397 1 1@cli/start.go:1448 ⋮ [n?] 2 +- https://go.crdb.dev/issue-v/53404/v25.2
I250828 13:34:33.994397 1 1@cli/start.go:1448 ⋮ [n?] 2 +- https://www.cockroachlabs.com/docs/v25.2/secure-a-cluster.html
I250828 13:34:33.997928 1 server/status/recorder.go:856 ⋮ [n?] 3  ‹available memory from cgroups (8.0 EiB) is unsupported, using system memory 13 GiB instead: ›
W250828 13:34:33.998042 1 1@cli/start.go:1360 ⋮ [n?] 4  Using the default setting for --cache (128 MiB).
W250828 13:34:33.998042 1 1@cli/start.go:1360 ⋮ [n?] 4 +  A significantly larger value is usually needed for good performance.
W250828 13:34:33.998042 1 1@cli/start.go:1360 ⋮ [n?] 4 +  If you have a dedicated server a reasonable setting is --cache=.25 (3.2 GiB).
I250828 13:34:34.001152 1 server/status/recorder.go:856 ⋮ [n?] 5  ‹available memory from cgroups (8.0 EiB) is unsupported, using system memory 13 GiB instead: ›
I250828 13:34:34.001236 1 1@cli/start.go:1477 ⋮ [n?] 6  CockroachDB CCL v25.2.0 (aarch64-unknown-linux-gnu, built 2025/05/15 21:07:42, go1.23.7 X:nocoverageredesign)
I250828 13:34:34.001965 1 server/status/recorder.go:856 ⋮ [n?] 7  ‹available memory from cgroups (8.0 EiB) is unsupported, using system memory 13 GiB instead: ›
I250828 13:34:34.001984 1 1@cli/start.go:554 ⋮ [n?] 8  soft memory limit of Go runtime is set to 7.1 GiB
I250828 13:34:34.001996 1 1@cli/start.go:591 ⋮ [n?] 9  GC target percentage of Go runtime is set to 300%
I250828 13:34:34.172143 1 server/status/recorder.go:856 ⋮ [T1,Vsystem,n?] 10  ‹available memory from cgroups (8.0 EiB) is unsupported, using system memory 13 GiB instead: ›
I250828 13:34:34.172554 1 server/config.go:674 ⋮ [T1,Vsystem,n?] 11  system total memory: 13 GiB
I250828 13:34:34.172608 1 server/config.go:676 ⋮ [T1,Vsystem,n?] 12  server configuration:
I250828 13:34:34.172608 1 server/config.go:676 ⋮ [T1,Vsystem,n?] 12 +max offset             500000000
I250828 13:34:34.172608 1 server/config.go:676 ⋮ [T1,Vsystem,n?] 12 +cache size             128 MiB
I250828 13:34:34.172608 1 server/config.go:676 ⋮ [T1,Vsystem,n?] 12 +SQL memory pool size   3.2 GiB
I250828 13:34:34.172608 1 server/config.go:676 ⋮ [T1,Vsystem,n?] 12 +scan interval          10m0s
I250828 13:34:34.172608 1 server/config.go:676 ⋮ [T1,Vsystem,n?] 12 +scan min idle time     10ms
I250828 13:34:34.172608 1 server/config.go:676 ⋮ [T1,Vsystem,n?] 12 +scan max idle time     1s
I250828 13:34:34.172608 1 server/config.go:676 ⋮ [T1,Vsystem,n?] 12 +event log enabled      true
I250828 13:34:34.172690 1 1@cli/start.go:1338 ⋮ [T1,Vsystem,n?] 13  using local environment variables:
I250828 13:34:34.172690 1 1@cli/start.go:1338 ⋮ [T1,Vsystem,n?] 13 +COCKROACH_CHANNEL=official-docker
I250828 13:34:34.172701 1 1@cli/start.go:1345 ⋮ [T1,Vsystem,n?] 14  process identity: uid 0 euid 0 gid 0 egid 0
I250828 13:34:34.226641 1 1@cli/start.go:1500 ⋮ [T1,Vsystem,n?] 15  GEOS loaded from directory ‹/usr/local/lib/cockroach›
I250828 13:34:34.227217 1 1@cli/start.go:777 ⋮ [T1,Vsystem,n?] 16  starting cockroach node
I250828 13:34:36.770428 87 server/config.go:880 ⋮ [T1,Vsystem,n?] 17  1 storage engine initialized
I250828 13:34:36.770522 87 server/config.go:883 ⋮ [T1,Vsystem,n?] 18  Pebble cache size: 128 MiB
I250828 13:34:36.770550 87 server/config.go:883 ⋮ [T1,Vsystem,n?] 19  store 0: max size 0 B, max open file limit 1043576
I250828 13:34:36.770559 87 server/config.go:883 ⋮ [T1,Vsystem,n?] 20  store 0: /cockroach/cockroach-data: rw encrypted=false fs:{bdev=/run/host_mark/Users fstype=fakeowner mountpoint=/cockroach/cockroach-data mountopts=rw,nosuid,nodev,relatime,fakeowner}
I250828 13:34:36.836124 146 util/cidr/cidr.go:299 ⋮ [T1,Vsystem,n?] 21  CIDR lookup updated with 0 destinations
I250828 13:34:37.088737 87 1@server/clock_monotonicity.go:61 ⋮ [T1,Vsystem,n?] 22  monitoring forward clock jumps based on server.clock.forward_jump_check.enabled
I250828 13:34:37.157944 586 1@server/server.go:1802 ⋮ [T1,Vsystem,n1] 23  connecting to gossip network to verify cluster ID "818de714-f1f8-478a-a716-0f864712d02b"
I250828 13:34:37.158240 87 1@server/clock_monotonicity.go:136 ⋮ [T1,Vsystem,n1] 24  Sleeping till wall time 1756388077158238846 to catches up to 1756388077588267847 to ensure monotonicity. Sub: 430.029001ms
W250828 13:34:37.591328 87 1@cli/start.go:1299 ⋮ [T1,Vsystem,n1] 25  Running a server without --sql-addr, with a combined RPC/SQL listener, is deprecated.
W250828 13:34:37.591328 87 1@cli/start.go:1299 ⋮ [T1,Vsystem,n1] 25 +This feature will be removed in a later version of CockroachDB.
W250828 13:34:37.592319 87 1@gossip/gossip.go:1460 ⋮ [T1,Vsystem,n1] 26  no addresses found; use --join to specify a connected node
I250828 13:34:37.689035 592 kv/kvserver/kvstorage/init.go:250 ⋮ [T1,Vsystem,n1,s1] 27  beginning range descriptor iteration
I250828 13:34:37.697862 592 kv/kvserver/kvstorage/init.go:374 ⋮ [T1,Vsystem,n1,s1] 28  range descriptor iteration done: 59 range descriptors, 0 intents, 0 tombstones; stats: ‹seeked 122 times (62 internal); stepped 0 times (0 internal); blocks: 44KB cached; points: 60 (1.2KB keys, 1.8KB values); separated: 15 (442B, 0B fetched)›
I250828 13:34:37.747758 592 kv/kvserver/kvstorage/init.go:501 ⋮ [T1,Vsystem,n1,s1] 29  loaded replica ID for 59/59 replicas
I250828 13:34:37.748861 592 kv/kvserver/kvstorage/init.go:518 ⋮ [T1,Vsystem,n1,s1] 30  loaded Raft state for 59/59 replicas
I250828 13:34:37.748894 592 kv/kvserver/kvstorage/init.go:545 ⋮ [T1,Vsystem,n1,s1] 31  loaded 59 replicas
I250828 13:34:37.748913 592 kv/kvserver/kvstorage/init.go:576 ⋮ [T1,Vsystem,n1,s1] 32  verified 59/59 replicas
I250828 13:34:37.854555 592 kv/kvserver/store.go:2369 ⋮ [T1,Vsystem,n1,s1] 33  initialized 59/59 replicas
I250828 13:34:37.872407 592 server/node.go:690 ⋮ [T1,Vsystem,n1] 34  initialized store s1 in 244ms (59 replicas)
I250828 13:34:37.877174 87 kv/kvserver/stores.go:261 ⋮ [T1,Vsystem,n1] 35  read 0 node addresses from persistent storage
I250828 13:34:37.888186 586 1@server/server.go:1805 ⋮ [T1,Vsystem,n1] 36  node connected via gossip
I250828 13:34:37.907145 639 kv/kvserver/storeliveness/support_manager.go:285 ⋮ [T1,Vsystem,n1,s1] 37  starting to heartbeat store {NodeID:1 StoreID:1}
I250828 13:34:37.923645 87 server/node.go:801 ⋮ [T1,Vsystem,n1] 38  started with attributes []
I250828 13:34:37.971307 701 kv/kvserver/queue.go:612 ⋮ [T1,Vsystem,n1,s1,r15/1:‹/Table/1{2-3}›,raft] 39  rate limited in MaybeAdd (merge): throttled on async limiting semaphore
I250828 13:34:37.977022 87 server/goroutinedumper/goroutinedumper.go:117 ⋮ [T1,Vsystem,n1] 40  writing goroutine dumps to ‹/cockroach/cockroach-data/logs/goroutine_dump›
I250828 13:34:37.977126 87 server/profiler/heapprofiler.go:72 ⋮ [T1,Vsystem,n1] 41  writing go heap profiles to ‹/cockroach/cockroach-data/logs/heap_profiler› at least every 1h0m0s
I250828 13:34:37.977160 87 server/profiler/memory_monitoring_profiler.go:66 ⋮ [T1,Vsystem,n1] 42  writing memory monitoring dumps to ‹/cockroach/cockroach-data/logs/heap_profiler› at least every 1h0m0s
I250828 13:34:37.977168 87 server/profiler/cgoprofiler.go:66 ⋮ [T1,Vsystem,n1] 43  to enable jmalloc profiling: "export MALLOC_CONF=prof:true" or "ln -s prof:true /etc/malloc.conf"
I250828 13:34:37.977181 87 server/profiler/statsprofiler.go:68 ⋮ [T1,Vsystem,n1] 44  writing memory stats to ‹/cockroach/cockroach-data/logs/heap_profiler› at last every 1h0m0s
I250828 13:34:37.977440 87 server/profiler/activequeryprofiler.go:88 ⋮ [T1,Vsystem,n1] 45  writing go query profiles to ‹/cockroach/cockroach-data/logs/heap_profiler›
I250828 13:34:37.977466 87 server/profiler/cpuprofiler.go:87 ⋮ [T1,Vsystem,n1] 46  writing cpu profile dumps to ‹/cockroach/cockroach-data/logs/pprof_dump›
I250828 13:34:37.984503 87 1@server/server.go:1999 ⋮ [T1,Vsystem,n1] 47  starting http server at ‹[::]:8080› (use: ‹127.0.0.1:8080›)
I250828 13:34:37.984612 87 1@server/server.go:2007 ⋮ [T1,Vsystem,n1] 48  starting grpc/postgres server at ‹[::]:26257›
I250828 13:34:37.984665 87 1@server/server.go:2008 ⋮ [T1,Vsystem,n1] 49  advertising CockroachDB node at ‹127.0.0.1:26257›
I250828 13:34:37.997516 639 kv/kvserver/storeliveness/supporter_state.go:298 ⋮ [T1,Vsystem,n1,s1] 50  provided support for store {NodeID:1 StoreID:1}; old = {Target:{NodeID:1 StoreID:1} Epoch:3 Expiration:1756387997.718366752,0}, new = {Target:{NodeID:1 StoreID:1} Epoch:4 Expiration:1756388080.907409596,0}
I250828 13:34:38.013148 639 kv/kvserver/storeliveness/requester_state.go:425 ⋮ [T1,Vsystem,n1,s1] 51  received support from store {NodeID:1 StoreID:1}; old = {Target:{NodeID:1 StoreID:1} Epoch:4 Expiration:0,0}, new = {Target:{NodeID:1 StoreID:1} Epoch:4 Expiration:1756388080.907409596,0}
I250828 13:34:38.474316 87 1@util/log/event_log.go:39 ⋮ [T1,Vsystem,n1] 52 ={"Timestamp":1756388078466257555,"EventType":"node_restart","NodeID":1,"StartedAt":1756388077604606721,"LastUp":1756387992924972376}
I250828 13:34:38.475033 80 kv/kvclient/rangefeed/rangefeedcache/watcher.go:340 ⋮ [T1,Vsystem,n1] 53  spanconfig-subscriber: established range feed cache
I250828 13:34:38.499436 766 kv/kvclient/rangefeed/rangefeedcache/watcher.go:340 ⋮ [T1,Vsystem,n1] 54  settings-watcher: established range feed cache
I250828 13:34:38.613031 1206 kv/kvserver/replica_rangefeed.go:882 ⋮ [T1,Vsystem,n1,rangefeed=‹spanconfig-subscriber›,mux_n=1,gen=2,r50/1:‹/Table/4{7-8}›,sm=1,sid=1,s1] 55  RangeFeed closed timestamp 1756387711.367596511,0 is behind by 6m7.245430002s (behind=6m7.245430002s target=3s nudge=true cancel=false)
I250828 13:34:38.644419 87 sql/sqlliveness/slinstance/slinstance.go:435 ⋮ [T1,Vsystem,n1] 56  starting SQL liveness instance
I250828 13:34:38.691631 1237 sql/sqlliveness/slstorage/slstorage.go:540 ⋮ [T1,Vsystem,n1] 57  inserted sqlliveness session 01018097498520149b4a1aba58b905d30fd34e with expiry 1756388118.644730388,0
I250828 13:34:38.693358 1237 sql/sqlliveness/slinstance/slinstance.go:247 ⋮ [T1,Vsystem,n1] 58  created new SQL liveness session 01018097498520149b4a1aba58b905d30fd34e
I250828 13:34:38.693723 87 sql/sqlinstance/instancestorage/instancestorage.go:338 ⋮ [T1,Vsystem,n1] 59  assigning instance id to rpc addr ‹127.0.0.1:26257› and sql addr ‹127.0.0.1:26257›
I250828 13:34:38.757419 591 1@gossip/gossip.go:1476 ⋮ [T1,Vsystem,n1] 60  node has connected to cluster via gossip
I250828 13:34:38.881511 87 server/server_sql.go:1618 ⋮ [T1,Vsystem,n1] 61  bound sqlinstance: Instance{RegionPrefix: gA==, InstanceID: 1, SQLAddr: ‹127.0.0.1:26257›, RPCAddr: ‹127.0.0.1:26257›, SessionID: 01018097498520149b4a1aba58b905d30fd34e, Locality: , BinaryVersion: 25.2}
I250828 13:34:38.882559 591 kv/kvserver/stores.go:280 ⋮ [T1,Vsystem,n1] 62  wrote 0 node addresses to persistent storage
I250828 13:34:38.886823 1243 sql/sqlstats/persistedsqlstats/provider.go:159 ⋮ [T1,Vsystem,n1] 63  starting sql-stats-worker with initial delay: 8m55.545668293s
I250828 13:34:38.888476 87 upgrade/upgrademanager/manager.go:171 ⋮ [T1,Vsystem,n1] 64  running permanent upgrades up to version: 25.2
I250828 13:34:38.897512 934 sql/temporary_schema.go:506 ⋮ [T1,Vsystem,n1] 65  running temporary object cleanup background job
I250828 13:34:38.913628 1256 kv/kvclient/rangefeed/rangefeedcache/watcher.go:340 ⋮ [T1,Vsystem,n1] 66  system-config-cache: established range feed cache
I250828 13:34:38.997135 934 sql/temporary_schema.go:556 ⋮ [T1,Vsystem,n1] 67  found 0 temporary schemas
I250828 13:34:38.997183 934 sql/temporary_schema.go:559 ⋮ [T1,Vsystem,n1] 68  early exiting temporary schema cleaner as no temporary schemas were found
I250828 13:34:38.997193 934 sql/temporary_schema.go:560 ⋮ [T1,Vsystem,n1] 69  completed temporary object cleanup job
I250828 13:34:38.998607 934 sql/temporary_schema.go:641 ⋮ [T1,Vsystem,n1] 70  temporary object cleaner next scheduled to run at 2025-08-28 14:04:38.881871222 +0000 UTC m=+1808.211838005
I250828 13:34:39.148860 87 upgrade/upgrademanager/manager.go:233 ⋮ [T1,Vsystem,n1] 71  detected the last permanent upgrade (v0.0-upgrading-step-004) to have already completed; no permanent upgrades will run
I250828 13:34:39.149112 87 server/server_sql.go:1720 ⋮ [T1,Vsystem,n1] 72  done ensuring all necessary startup migrations have run
I250828 13:34:39.152025 87 server/license/enforcer.go:262 ⋮ [T1,Vsystem,n1] 73  trial license expiry initialized to 1970-01-01 00:00:00 +0000 UTC
I250828 13:34:39.152538 87 server/license/enforcer.go:298 ⋮ [T1,Vsystem,n1] 74  fetched existing cluster init grace period end time: 2025-09-04 12:54:03 +0000 UTC
I250828 13:34:39.152700 87 server/license/enforcer.go:498 ⋮ [T1,Vsystem,n1] 75  enforcer license updated: type is none, grace period ends at "2025-09-04 12:54:03 +0000 UTC", telemetry required: false
I250828 13:34:39.152730 87 server/license/enforcer.go:498 ⋮ [T1,Vsystem,n1] 76  enforcer license updated: type is none, grace period ends at "2025-09-04 12:54:03 +0000 UTC", telemetry required: false
I250828 13:34:39.197871 1460 sql/syntheticprivilegecache/cache.go:202 ⋮ [T1,Vsystem,n1] 77  warmed privileges for virtual tables in 38.054541ms
I250828 13:34:39.248446 1506 sql/sqlliveness/slstorage/slstorage.go:391 ⋮ [n1,intExec=expire-sessions] 78  deleted session 01018042ff01f62bfb47239cdecd51c5170184 which expired at 1756388031.404460459,0
I250828 13:34:39.401612 1496 jobs/job_scheduler.go:407 ⋮ [T1,Vsystem,n1] 79  waiting 4m0s before scheduled jobs daemon start
I250828 13:34:39.403597 1526 kv/kvclient/rangefeed/rangefeedcache/watcher.go:340 ⋮ [T1,Vsystem,n1] 80  tenant-settings-watcher: established range feed cache
I250828 13:34:39.403897 1530 kv/kvclient/rangefeed/rangefeedcache/watcher.go:340 ⋮ [T1,Vsystem,n1] 81  tenant-entry-watcher: established range feed cache
I250828 13:34:39.404669 1530 multitenant/tenantcapabilities/tenantcapabilitieswatcher/watcher.go:285 ⋮ [T1,Vsystem,n1] 82  received results of a full table scan for tenant capabilities
I250828 13:34:39.432285 1502 server/auto_upgrade.go:81 ⋮ [T1,Vsystem,n1] 83  no need to upgrade, cluster already at the newest version
I250828 13:34:39.447576 87 server/license/enforcer.go:582 ⋮ [T1,Vsystem,n1] 84  disable all license enforcement
I250828 13:34:39.447606 87 1@server/server_sql.go:1971 ⋮ [T1,Vsystem,n1] 85  serving sql connections
I250828 13:34:39.449164 87 1@cli/start.go:1286 ⋮ [T1,Vsystem,n1] 86  node startup completed:
I250828 13:34:39.449164 87 1@cli/start.go:1286 ⋮ [T1,Vsystem,n1] 86 +CockroachDB node starting at 2025-08-28 13:34:39.44763043 +0000 UTC m=+8.777597297 (took 6.0s)
I250828 13:34:39.449164 87 1@cli/start.go:1286 ⋮ [T1,Vsystem,n1] 86 +build:               CCL v25.2.0 @ 2025/05/15 21:07:42 (go1.23.7 X:nocoverageredesign)
I250828 13:34:39.449164 87 1@cli/start.go:1286 ⋮ [T1,Vsystem,n1] 86 +malloc_conf:         prof:false,prof_active:true,background_thread:true,thp:never,metadata_thp:disabled,narenas:48,dirty_decay_ms:2000,muzzy_decay_ms:0
I250828 13:34:39.449164 87 1@cli/start.go:1286 ⋮ [T1,Vsystem,n1] 86 +webui:               ‹http://127.0.0.1:8080›
I250828 13:34:39.449164 87 1@cli/start.go:1286 ⋮ [T1,Vsystem,n1] 86 +sql:                 ‹postgresql://root@127.0.0.1:26257/defaultdb?sslmode=disable›
I250828 13:34:39.449164 87 1@cli/start.go:1286 ⋮ [T1,Vsystem,n1] 86 +sql (JDBC):          ‹jdbc:postgresql://127.0.0.1:26257/defaultdb?sslmode=disable&user=root›
I250828 13:34:39.449164 87 1@cli/start.go:1286 ⋮ [T1,Vsystem,n1] 86 +RPC client flags:    ‹/cockroach/cockroach <client cmd> --host=127.0.0.1:26257 --insecure›
I250828 13:34:39.449164 87 1@cli/start.go:1286 ⋮ [T1,Vsystem,n1] 86 +logs:                ‹/cockroach/cockroach-data/logs›
I250828 13:34:39.449164 87 1@cli/start.go:1286 ⋮ [T1,Vsystem,n1] 86 +temp dir:            ‹/cockroach/cockroach-data/cockroach-temp75186566›
I250828 13:34:39.449164 87 1@cli/start.go:1286 ⋮ [T1,Vsystem,n1] 86 +external I/O path:   ‹/cockroach/cockroach-data/extern›
I250828 13:34:39.449164 87 1@cli/start.go:1286 ⋮ [T1,Vsystem,n1] 86 +store[0]:            ‹path=/cockroach/cockroach-data›
I250828 13:34:39.449164 87 1@cli/start.go:1286 ⋮ [T1,Vsystem,n1] 86 +clusterID:           818de714-f1f8-478a-a716-0f864712d02b
I250828 13:34:39.449164 87 1@cli/start.go:1286 ⋮ [T1,Vsystem,n1] 86 +status:              restarted pre-existing node
I250828 13:34:39.449164 87 1@cli/start.go:1286 ⋮ [T1,Vsystem,n1] 86 +nodeID:              1
I250828 13:34:39.478478 1596 sql/catalog/lease/lease.go:2467 ⋮ [T1,Vsystem,n1] 87  released orphaned lease: ID=3 ver=1 expiration={0001-01-01 00:00:00 +0000 UTC}
I250828 13:34:39.479007 1599 sql/catalog/lease/lease.go:2467 ⋮ [T1,Vsystem,n1] 88  released orphaned lease: ID=6 ver=1 expiration={0001-01-01 00:00:00 +0000 UTC}
I250828 13:34:39.479018 1595 sql/catalog/lease/lease.go:2467 ⋮ [T1,Vsystem,n1] 89  released orphaned lease: ID=1 ver=1 expiration={0001-01-01 00:00:00 +0000 UTC}
I250828 13:34:39.486771 1598 sql/catalog/lease/lease.go:2467 ⋮ [T1,Vsystem,n1] 90  released orphaned lease: ID=5 ver=1 expiration={0001-01-01 00:00:00 +0000 UTC}
I250828 13:34:39.487463 1597 sql/catalog/lease/lease.go:2467 ⋮ [T1,Vsystem,n1] 91  released orphaned lease: ID=4 ver=1 expiration={0001-01-01 00:00:00 +0000 UTC}
I250828 13:34:39.591266 1615 sql/catalog/lease/lease.go:2467 ⋮ [T1,Vsystem,n1] 92  released orphaned lease: ID=8 ver=1 expiration={0001-01-01 00:00:00 +0000 UTC}
I250828 13:34:39.592341 1264 sql/catalog/lease/lease.go:2467 ⋮ [T1,Vsystem,n1] 93  released orphaned lease: ID=9 ver=1 expiration={0001-01-01 00:00:00 +0000 UTC}
I250828 13:34:39.623562 1635 sql/catalog/lease/lease.go:2467 ⋮ [T1,Vsystem,n1] 94  released orphaned lease: ID=7 ver=1 expiration={0001-01-01 00:00:00 +0000 UTC}
I250828 13:34:39.624003 1582 sql/catalog/lease/lease.go:2467 ⋮ [T1,Vsystem,n1] 95  released orphaned lease: ID=11 ver=1 expiration={0001-01-01 00:00:00 +0000 UTC}
I250828 13:34:39.624130 1583 sql/catalog/lease/lease.go:2467 ⋮ [T1,Vsystem,n1] 96  released orphaned lease: ID=12 ver=1 expiration={0001-01-01 00:00:00 +0000 UTC}
I250828 13:34:39.635436 1636 sql/catalog/lease/lease.go:2467 ⋮ [T1,Vsystem,n1] 97  released orphaned lease: ID=14 ver=1 expiration={0001-01-01 00:00:00 +0000 UTC}
I250828 13:34:39.636334 1584 sql/catalog/lease/lease.go:2467 ⋮ [T1,Vsystem,n1] 98  released orphaned lease: ID=13 ver=1 expiration={0001-01-01 00:00:00 +0000 UTC}
I250828 13:34:39.658307 1662 sql/catalog/lease/lease.go:2467 ⋮ [T1,Vsystem,n1] 99  released orphaned lease: ID=20 ver=1 expiration={0001-01-01 00:00:00 +0000 UTC}
I250828 13:34:39.659077 1660 sql/catalog/lease/lease.go:2467 ⋮ [T1,Vsystem,n1] 100  released orphaned lease: ID=15 ver=1 expiration={0001-01-01 00:00:00 +0000 UTC}
I250828 13:34:39.659563 1661 sql/catalog/lease/lease.go:2467 ⋮ [T1,Vsystem,n1] 101  released orphaned lease: ID=19 ver=1 expiration={0001-01-01 00:00:00 +0000 UTC}
I250828 13:34:39.665333 1669 sql/catalog/lease/lease.go:2467 ⋮ [T1,Vsystem,n1] 102  released orphaned lease: ID=21 ver=1 expiration={0001-01-01 00:00:00 +0000 UTC}
I250828 13:34:39.665752 1670 sql/catalog/lease/lease.go:2467 ⋮ [T1,Vsystem,n1] 103  released orphaned lease: ID=23 ver=1 expiration={0001-01-01 00:00:00 +0000 UTC}
I250828 13:34:39.672095 1683 sql/catalog/lease/lease.go:2467 ⋮ [T1,Vsystem,n1] 104  released orphaned lease: ID=26 ver=1 expiration={0001-01-01 00:00:00 +0000 UTC}
I250828 13:34:39.672800 1585 sql/catalog/lease/lease.go:2467 ⋮ [T1,Vsystem,n1] 105  released orphaned lease: ID=24 ver=1 expiration={0001-01-01 00:00:00 +0000 UTC}
I250828 13:34:39.673438 1682 sql/catalog/lease/lease.go:2467 ⋮ [T1,Vsystem,n1] 106  released orphaned lease: ID=25 ver=1 expiration={0001-01-01 00:00:00 +0000 UTC}
I250828 13:34:39.691694 1671 sql/catalog/lease/lease.go:2467 ⋮ [T1,Vsystem,n1] 107  released orphaned lease: ID=27 ver=1 expiration={0001-01-01 00:00:00 +0000 UTC}
I250828 13:34:39.692020 1672 sql/catalog/lease/lease.go:2467 ⋮ [T1,Vsystem,n1] 108  released orphaned lease: ID=28 ver=1 expiration={0001-01-01 00:00:00 +0000 UTC}
I250828 13:34:39.701344 1688 sql/catalog/lease/lease.go:2467 ⋮ [T1,Vsystem,n1] 109  released orphaned lease: ID=34 ver=1 expiration={0001-01-01 00:00:00 +0000 UTC}
I250828 13:34:39.712263 1686 sql/catalog/lease/lease.go:2467 ⋮ [T1,Vsystem,n1] 110  released orphaned lease: ID=32 ver=1 expiration={0001-01-01 00:00:00 +0000 UTC}
I250828 13:34:39.712237 1685 sql/catalog/lease/lease.go:2467 ⋮ [T1,Vsystem,n1] 111  released orphaned lease: ID=31 ver=1 expiration={0001-01-01 00:00:00 +0000 UTC}
I250828 13:34:39.712382 1684 sql/catalog/lease/lease.go:2467 ⋮ [T1,Vsystem,n1] 112  released orphaned lease: ID=30 ver=1 expiration={0001-01-01 00:00:00 +0000 UTC}
I250828 13:34:39.712735 1687 sql/catalog/lease/lease.go:2467 ⋮ [T1,Vsystem,n1] 113  released orphaned lease: ID=33 ver=1 expiration={0001-01-01 00:00:00 +0000 UTC}
I250828 13:34:39.720871 1698 sql/catalog/lease/lease.go:2467 ⋮ [T1,Vsystem,n1] 114  released orphaned lease: ID=40 ver=1 expiration={0001-01-01 00:00:00 +0000 UTC}
I250828 13:34:39.721167 1663 sql/catalog/lease/lease.go:2467 ⋮ [T1,Vsystem,n1] 115  released orphaned lease: ID=35 ver=1 expiration={0001-01-01 00:00:00 +0000 UTC}
I250828 13:34:39.721280 1665 sql/catalog/lease/lease.go:2467 ⋮ [T1,Vsystem,n1] 116  released orphaned lease: ID=37 ver=1 expiration={0001-01-01 00:00:00 +0000 UTC}
I250828 13:34:39.721360 1664 sql/catalog/lease/lease.go:2467 ⋮ [T1,Vsystem,n1] 117  released orphaned lease: ID=36 ver=1 expiration={0001-01-01 00:00:00 +0000 UTC}
I250828 13:34:39.721423 1689 sql/catalog/lease/lease.go:2467 ⋮ [T1,Vsystem,n1] 118  released orphaned lease: ID=39 ver=1 expiration={0001-01-01 00:00:00 +0000 UTC}
I250828 13:34:39.727135 1694 sql/catalog/lease/lease.go:2467 ⋮ [T1,Vsystem,n1] 119  released orphaned lease: ID=45 ver=1 expiration={0001-01-01 00:00:00 +0000 UTC}
I250828 13:34:39.727251 1691 sql/catalog/lease/lease.go:2467 ⋮ [T1,Vsystem,n1] 120  released orphaned lease: ID=42 ver=1 expiration={0001-01-01 00:00:00 +0000 UTC}
I250828 13:34:39.727459 1692 sql/catalog/lease/lease.go:2467 ⋮ [T1,Vsystem,n1] 121  released orphaned lease: ID=43 ver=1 expiration={0001-01-01 00:00:00 +0000 UTC}
I250828 13:34:39.727729 1693 sql/catalog/lease/lease.go:2467 ⋮ [T1,Vsystem,n1] 122  released orphaned lease: ID=44 ver=1 expiration={0001-01-01 00:00:00 +0000 UTC}
I250828 13:34:39.727755 1690 sql/catalog/lease/lease.go:2467 ⋮ [T1,Vsystem,n1] 123  released orphaned lease: ID=41 ver=1 expiration={0001-01-01 00:00:00 +0000 UTC}
I250828 13:34:39.741336 1695 sql/catalog/lease/lease.go:2467 ⋮ [T1,Vsystem,n1] 124  released orphaned lease: ID=46 ver=1 expiration={0001-01-01 00:00:00 +0000 UTC}
I250828 13:34:39.741480 1674 sql/catalog/lease/lease.go:2467 ⋮ [T1,Vsystem,n1] 125  released orphaned lease: ID=47 ver=1 expiration={0001-01-01 00:00:00 +0000 UTC}
I250828 13:34:39.741558 1696 sql/catalog/lease/lease.go:2467 ⋮ [T1,Vsystem,n1] 126  released orphaned lease: ID=48 ver=1 expiration={0001-01-01 00:00:00 +0000 UTC}
I250828 13:34:39.743856 1697 sql/catalog/lease/lease.go:2467 ⋮ [T1,Vsystem,n1] 127  released orphaned lease: ID=50 ver=1 expiration={0001-01-01 00:00:00 +0000 UTC}
I250828 13:34:39.744114 1714 sql/catalog/lease/lease.go:2467 ⋮ [T1,Vsystem,n1] 128  released orphaned lease: ID=51 ver=1 expiration={0001-01-01 00:00:00 +0000 UTC}
I250828 13:34:39.749673 1715 sql/catalog/lease/lease.go:2467 ⋮ [T1,Vsystem,n1] 129  released orphaned lease: ID=52 ver=1 expiration={0001-01-01 00:00:00 +0000 UTC}
I250828 13:34:39.750237 1675 sql/catalog/lease/lease.go:2467 ⋮ [T1,Vsystem,n1] 130  released orphaned lease: ID=53 ver=1 expiration={0001-01-01 00:00:00 +0000 UTC}
I250828 13:34:39.750486 1699 sql/catalog/lease/lease.go:2467 ⋮ [T1,Vsystem,n1] 131  released orphaned lease: ID=54 ver=1 expiration={0001-01-01 00:00:00 +0000 UTC}
I250828 13:34:39.750488 1637 sql/catalog/lease/lease.go:2467 ⋮ [T1,Vsystem,n1] 132  released orphaned lease: ID=55 ver=1 expiration={0001-01-01 00:00:00 +0000 UTC}
I250828 13:34:39.750628 1638 sql/catalog/lease/lease.go:2467 ⋮ [T1,Vsystem,n1] 133  released orphaned lease: ID=56 ver=1 expiration={0001-01-01 00:00:00 +0000 UTC}
I250828 13:34:39.794913 1469 sql/catalog/lease/lease.go:2467 ⋮ [T1,Vsystem,n1] 134  released orphaned lease: ID=60 ver=1 expiration={0001-01-01 00:00:00 +0000 UTC}
I250828 13:34:39.794912 1701 sql/catalog/lease/lease.go:2467 ⋮ [T1,Vsystem,n1] 135  released orphaned lease: ID=59 ver=1 expiration={0001-01-01 00:00:00 +0000 UTC}
I250828 13:34:39.795021 1468 sql/catalog/lease/lease.go:2467 ⋮ [T1,Vsystem,n1] 136  released orphaned lease: ID=57 ver=1 expiration={0001-01-01 00:00:00 +0000 UTC}
I250828 13:34:39.795318 1702 sql/catalog/lease/lease.go:2467 ⋮ [T1,Vsystem,n1] 137  released orphaned lease: ID=61 ver=1 expiration={0001-01-01 00:00:00 +0000 UTC}
I250828 13:34:39.795623 1700 sql/catalog/lease/lease.go:2467 ⋮ [T1,Vsystem,n1] 138  released orphaned lease: ID=58 ver=1 expiration={0001-01-01 00:00:00 +0000 UTC}
I250828 13:34:39.797415 1639 sql/catalog/lease/lease.go:2467 ⋮ [T1,Vsystem,n1] 139  released orphaned lease: ID=64 ver=1 expiration={0001-01-01 00:00:00 +0000 UTC}
I250828 13:34:39.797384 1717 sql/catalog/lease/lease.go:2467 ⋮ [T1,Vsystem,n1] 140  released orphaned lease: ID=63 ver=1 expiration={0001-01-01 00:00:00 +0000 UTC}
I250828 13:34:39.797509 1718 sql/catalog/lease/lease.go:2467 ⋮ [T1,Vsystem,n1] 141  released orphaned lease: ID=65 ver=1 expiration={0001-01-01 00:00:00 +0000 UTC}
I250828 13:34:39.806134 1470 sql/catalog/lease/lease.go:2467 ⋮ [T1,Vsystem,n1] 142  released orphaned lease: ID=66 ver=1 expiration={0001-01-01 00:00:00 +0000 UTC}
I250828 13:34:39.806413 1716 sql/catalog/lease/lease.go:2467 ⋮ [T1,Vsystem,n1] 143  released orphaned lease: ID=62 ver=1 expiration={0001-01-01 00:00:00 +0000 UTC}
I250828 13:34:39.808496 1676 sql/catalog/lease/lease.go:2467 ⋮ [T1,Vsystem,n1] 144  released orphaned lease: ID=69 ver=1 expiration={0001-01-01 00:00:00 +0000 UTC}
I250828 13:34:39.808576 1471 sql/catalog/lease/lease.go:2467 ⋮ [T1,Vsystem,n1] 145  released orphaned lease: ID=67 ver=1 expiration={0001-01-01 00:00:00 +0000 UTC}
I250828 13:34:39.808637 1472 sql/catalog/lease/lease.go:2467 ⋮ [T1,Vsystem,n1] 146  released orphaned lease: ID=68 ver=1 expiration={0001-01-01 00:00:00 +0000 UTC}
I250828 13:34:39.810291 1640 sql/catalog/lease/lease.go:2467 ⋮ [T1,Vsystem,n1] 147  released orphaned lease: ID=70 ver=1 expiration={0001-01-01 00:00:00 +0000 UTC}
I250828 13:34:39.812993 1641 sql/catalog/lease/lease.go:2467 ⋮ [T1,Vsystem,n1] 148  released orphaned lease: ID=72 ver=1 expiration={0001-01-01 00:00:00 +0000 UTC}
I250828 13:34:39.814154 1677 sql/catalog/lease/lease.go:2467 ⋮ [T1,Vsystem,n1] 149  released orphaned lease: ID=106 ver=12 expiration={0001-01-01 00:00:00 +0000 UTC}
I250828 13:34:39.814215 1642 sql/catalog/lease/lease.go:2467 ⋮ [T1,Vsystem,n1] 150  released orphaned lease: ID=104 ver=1 expiration={0001-01-01 00:00:00 +0000 UTC}
I250828 13:34:39.817972 1720 sql/catalog/lease/lease.go:2467 ⋮ [T1,Vsystem,n1] 151  released orphaned lease: ID=110 ver=1 expiration={0001-01-01 00:00:00 +0000 UTC}
I250828 13:34:39.818257 1703 sql/catalog/lease/lease.go:2467 ⋮ [T1,Vsystem,n1] 152  released orphaned lease: ID=107 ver=1 expiration={0001-01-01 00:00:00 +0000 UTC}
I250828 13:34:39.818366 1719 sql/catalog/lease/lease.go:2467 ⋮ [T1,Vsystem,n1] 153  released orphaned lease: ID=71 ver=1 expiration={0001-01-01 00:00:00 +0000 UTC}
I250828 13:34:39.818699 1643 sql/catalog/lease/lease.go:2467 ⋮ [T1,Vsystem,n1] 154  released orphaned lease: ID=108 ver=2 expiration={0001-01-01 00:00:00 +0000 UTC}
I250828 13:34:39.818957 1644 sql/catalog/lease/lease.go:2467 ⋮ [T1,Vsystem,n1] 155  released orphaned lease: ID=109 ver=2 expiration={0001-01-01 00:00:00 +0000 UTC}
I250828 13:34:39.825255 1722 sql/catalog/lease/lease.go:2467 ⋮ [T1,Vsystem,n1] 156  released orphaned lease: ID=112 ver=1 expiration={0001-01-01 00:00:00 +0000 UTC}
I250828 13:34:39.825524 1721 sql/catalog/lease/lease.go:2467 ⋮ [T1,Vsystem,n1] 157  released orphaned lease: ID=111 ver=3 expiration={0001-01-01 00:00:00 +0000 UTC}
I250828 13:34:39.825635 1723 sql/catalog/lease/lease.go:2467 ⋮ [T1,Vsystem,n1] 158  released orphaned lease: ID=113 ver=4 expiration={0001-01-01 00:00:00 +0000 UTC}
I250828 13:34:39.825702 1724 sql/catalog/lease/lease.go:2467 ⋮ [T1,Vsystem,n1] 159  released orphaned lease: ID=114 ver=1 expiration={0001-01-01 00:00:00 +0000 UTC}
I250828 13:34:39.825809 1725 sql/catalog/lease/lease.go:2467 ⋮ [T1,Vsystem,n1] 160  released orphaned lease: ID=115 ver=4 expiration={0001-01-01 00:00:00 +0000 UTC}
I250828 13:34:39.831015 1726 sql/catalog/lease/lease.go:2467 ⋮ [T1,Vsystem,n1] 161  released orphaned lease: ID=120 ver=6 expiration={0001-01-01 00:00:00 +0000 UTC}
I250828 13:34:39.831303 1705 sql/catalog/lease/lease.go:2467 ⋮ [T1,Vsystem,n1] 162  released orphaned lease: ID=117 ver=3 expiration={0001-01-01 00:00:00 +0000 UTC}
I250828 13:34:39.831849 1706 sql/catalog/lease/lease.go:2467 ⋮ [T1,Vsystem,n1] 163  released orphaned lease: ID=118 ver=1 expiration={0001-01-01 00:00:00 +0000 UTC}
I250828 13:34:39.832492 1707 sql/catalog/lease/lease.go:2467 ⋮ [T1,Vsystem,n1] 164  released orphaned lease: ID=119 ver=2 expiration={0001-01-01 00:00:00 +0000 UTC}
I250828 13:34:39.832554 1704 sql/catalog/lease/lease.go:2467 ⋮ [T1,Vsystem,n1] 165  released orphaned lease: ID=116 ver=1 expiration={0001-01-01 00:00:00 +0000 UTC}
I250828 13:34:39.835260 1727 sql/catalog/lease/lease.go:2467 ⋮ [T1,Vsystem,n1] 166  released orphaned lease: ID=121 ver=1 expiration={0001-01-01 00:00:00 +0000 UTC}
I250828 13:34:39.835306 1473 sql/catalog/lease/lease.go:2467 ⋮ [T1,Vsystem,n1] 167  released orphaned lease: ID=122 ver=2 expiration={0001-01-01 00:00:00 +0000 UTC}
I250828 13:34:39.835328 1730 sql/catalog/lease/lease.go:2467 ⋮ [T1,Vsystem,n1] 168  released orphaned lease: ID=123 ver=5 expiration={0001-01-01 00:00:00 +0000 UTC}
I250828 13:34:39.838502 1748 sql/catalog/lease/lease.go:2467 ⋮ [T1,Vsystem,n1] 169  released orphaned lease: ID=128 ver=3 expiration={0001-01-01 00:00:00 +0000 UTC}
I250828 13:34:39.838756 1728 sql/catalog/lease/lease.go:2467 ⋮ [T1,Vsystem,n1] 170  released orphaned lease: ID=124 ver=1 expiration={0001-01-01 00:00:00 +0000 UTC}
I250828 13:34:39.838977 1746 sql/catalog/lease/lease.go:2467 ⋮ [T1,Vsystem,n1] 171  released orphaned lease: ID=126 ver=3 expiration={0001-01-01 00:00:00 +0000 UTC}
I250828 13:34:39.839078 1747 sql/catalog/lease/lease.go:2467 ⋮ [T1,Vsystem,n1] 172  released orphaned lease: ID=127 ver=2 expiration={0001-01-01 00:00:00 +0000 UTC}
I250828 13:34:39.841144 1729 sql/catalog/lease/lease.go:2467 ⋮ [T1,Vsystem,n1] 173  released orphaned lease: ID=125 ver=3 expiration={0001-01-01 00:00:00 +0000 UTC}
I250828 13:34:39.846006 1678 sql/catalog/lease/lease.go:2467 ⋮ [T1,Vsystem,n1] 174  released orphaned lease: ID=133 ver=2 expiration={0001-01-01 00:00:00 +0000 UTC}
I250828 13:34:39.846225 1709 sql/catalog/lease/lease.go:2467 ⋮ [T1,Vsystem,n1] 175  released orphaned lease: ID=130 ver=3 expiration={0001-01-01 00:00:00 +0000 UTC}
I250828 13:34:39.846253 1708 sql/catalog/lease/lease.go:2467 ⋮ [T1,Vsystem,n1] 176  released orphaned lease: ID=129 ver=2 expiration={0001-01-01 00:00:00 +0000 UTC}
I250828 13:34:39.846267 1710 sql/catalog/lease/lease.go:2467 ⋮ [T1,Vsystem,n1] 177  released orphaned lease: ID=131 ver=2 expiration={0001-01-01 00:00:00 +0000 UTC}
I250828 13:34:39.846275 1711 sql/catalog/lease/lease.go:2467 ⋮ [T1,Vsystem,n1] 178  released orphaned lease: ID=132 ver=2 expiration={0001-01-01 00:00:00 +0000 UTC}
I250828 13:34:39.846989 1712 sql/catalog/lease/lease.go:2467 ⋮ [T1,Vsystem,n1] 179  released orphaned lease: ID=134 ver=1 expiration={0001-01-01 00:00:00 +0000 UTC}
I250828 13:34:42.272069 1497 server/diagnostics/update_checker.go:144 ⋮ [T1,Vsystem,n1] 180  a new version is available: ‹25.3.0›, details: ‹https://www.cockroachlabs.com/docs/releases/v25.3#v25-3-0›
I250828 13:35:07.547890 1254 jobs/adopt.go:105 ⋮ [T1,Vsystem,n1] 181  claimed 8 jobs
I250828 13:35:07.609303 2285 jobs/adopt.go:224 ⋮ [T1,Vsystem,n1,job=105] 182  job 105: resuming execution
I250828 13:35:07.612244 2281 jobs/adopt.go:224 ⋮ [T1,Vsystem,n1,job=100] 183  job 100: resuming execution
I250828 13:35:07.616820 2279 jobs/adopt.go:224 ⋮ [T1,Vsystem,n1,job=1102038455571808257] 184  job 1102038455571808257: resuming execution
I250828 13:35:07.616834 2283 jobs/adopt.go:224 ⋮ [T1,Vsystem,n1,job=103] 185  job 103: resuming execution
I250828 13:35:07.617485 2280 jobs/adopt.go:224 ⋮ [T1,Vsystem,n1,job=1102037793065435137] 186  job 1102037793065435137: resuming execution
I250828 13:35:07.617466 2284 jobs/adopt.go:224 ⋮ [T1,Vsystem,n1,job=104] 187  job 104: resuming execution
I250828 13:35:07.617583 2282 jobs/adopt.go:224 ⋮ [T1,Vsystem,n1,job=101] 188  job 101: resuming execution
I250828 13:35:07.618650 2278 jobs/adopt.go:224 ⋮ [T1,Vsystem,n1,job=1102038452960821249] 189  job 1102038452960821249: resuming execution
I250828 13:35:07.658750 2273 jobs/registry.go:1681 ⋮ [T1,Vsystem,n1,job=103] 190  AUTO UPDATE SQL ACTIVITY job 103: stepping through state running
I250828 13:35:07.658935 2257 jobs/registry.go:1681 ⋮ [T1,Vsystem,n1,job=101] 191  POLL JOBS STATS job 101: stepping through state running
I250828 13:35:07.658985 2324 jobs/registry.go:1681 ⋮ [T1,Vsystem,n1,job=104] 192  MVCC STATISTICS UPDATE job 104: stepping through state running
I250828 13:35:07.659030 2314 jobs/registry.go:1681 ⋮ [T1,Vsystem,n1,job=1102037793065435137] 193  AUTO SPAN CONFIG RECONCILIATION job 1102037793065435137: stepping through state running
I250828 13:35:07.662621 2081 jobs/registry.go:1681 ⋮ [T1,Vsystem,n1,job=100] 194  KEY VISUALIZER job 100: stepping through state running
I250828 13:35:07.666047 2273 sql/sql_activity_update_job.go:88 ⋮ [T1,Vsystem,n1,job=AUTO UPDATE SQL ACTIVITY id=103] 195  starting sql stats activity flush job
I250828 13:35:07.666354 2324 sql/mvcc_statistics_update_job.go:63 ⋮ [T1,Vsystem,n1,job=MVCC STATISTICS UPDATE id=104] 196  starting mvcc statistics update job
I250828 13:35:07.682062 2204 jobs/registry.go:1681 ⋮ [T1,Vsystem,n1,job=105] 197  UPDATE TABLE METADATA CACHE job 105: stepping through state running
I250828 13:35:07.684889 2140 jobs/registry.go:1681 ⋮ [T1,Vsystem,n1,job=1102038455571808257] 198  CHANGEFEED job 1102038455571808257: stepping through state running
I250828 13:35:07.685029 2341 jobs/registry.go:1681 ⋮ [T1,Vsystem,n1,job=1102038452960821249] 199  CHANGEFEED job 1102038452960821249: stepping through state running
I250828 13:35:07.691163 2144 ccl/changefeedccl/changefeed_dist.go:414 ⋮ [T1,Vsystem,n1,job=CHANGEFEED id=1102038455571808257] 200  using bulk oracle for DistSQL planning
I250828 13:35:07.691836 2345 ccl/changefeedccl/changefeed_dist.go:414 ⋮ [T1,Vsystem,n1,job=CHANGEFEED id=1102038452960821249] 201  using bulk oracle for DistSQL planning
I250828 13:35:07.693811 2345 ccl/changefeedccl/changefeed_dist.go:577 ⋮ [T1,Vsystem,n1,job=CHANGEFEED id=1102038452960821249] 202  changefeed plan diagram: ‹https://cockroachdb.github.io/distsqlplan/decode.html#eJyUkc-OmzAQh-99CjRnI2zDUtanVF1VyqHdql2phwhVxh6IVYKpbZRWiHevgLabREqkHOcP3-9jPIL_2YIAtZddgzWiFhFjlNO0yB74Y04Lznj2CAQ6q_GTPKAHsQMGJYHeWYXeWze3xmVhq3-BoARM1w9hbpcElHUIYoRgQosg4P0S9a5pHDYyWJdQIKAxSNMu7G8yqD36aMdKESUvsmoxYZwmI4v5BOVEwA7hFe-DbBAEO_HZPoGgE7lX6YOzXTDoEnYu9DwEEW042aRkk10V4BcC7B6BL-h723k8C76WRC-SYjaVBFA3uD6Et4NT-NlZteyu5fMCWhoafVinbC223b-RDw7l4f_9TknsJonfIpUE6tYevxsNAt7SPMvxoY5llaVxVjEaFxnlcSpTXRdK5VpWMH8gGz-f6OveHhfsy-9-_sFath4JfJQ_8AkDuoPpjA9G_Z1M05s_AQAA__8PWOnC›
I250828 13:35:07.695170 2144 ccl/changefeedccl/changefeed_dist.go:577 ⋮ [T1,Vsystem,n1,job=CHANGEFEED id=1102038455571808257] 203  changefeed plan diagram: ‹https://cockroachdb.github.io/distsqlplan/decode.html#eJyUkd-vkzAUx9_9K8h5LoFTwGGfZrwx2YNeozfx4YaY2h5YI6PYlkxD-N8NoN5tyZbs8fzg8_1wOoL_2YIAtZddQzWRFhFiytOszIui2GCZlrzYAIPOavooD-RBPANCxaB3VpH31s2tcVnY6V8gUgam64cwtysGyjoCMUIwoSUQ8G6Jets0jhoZrEtSYKApSNMu7K8yqD356BkrESVP8ntLCfIsGTHmE1QTAzuEF7wPsiEQeOKzewCRTuxepffOdsGQS_Bc6HEIItpyts3YNr8qwC8E8B6Bz-R723k6C76WlF4kxThVDEg3tD6Et4NT9MlZteyu5eMCWhqafFinuBa77t_IB0fy8P9-pyS8SeK3SBWDurXHb0aDACwUlRtUcV1zHed1_jp-U6osRlWUPNdS51zC_IFs_HyiL3t7XLBPv_v5B2vZemLwQf6gBwrkDqYzPhj1dzJNr_4EAAD__zQy6d0=›
I250828 13:35:07.707456 2406 ccl/changefeedccl/sink_kafka_v2.go:246 ⋮ [-] 204  updating kafka metadata for topics: [‹toggle_sensor›]
I250828 13:35:07.710799 2420 ccl/changefeedccl/sink_kafka_v2.go:246 ⋮ [-] 205  updating kafka metadata for topics: [‹users_changes›]
I250828 13:35:07.751175 2420 ccl/changefeedccl/sink_kafka_v2.go:246 ⋮ [-] 206  updating kafka metadata for topics: [‹users_changes›]
I250828 13:35:07.751388 2351 ccl/changefeedccl/kvfeed/kv_feed.go:332 ⋮ [T1,Vsystem,n1,job=1102038455571808257,change-aggregator] 207  kv feed run starting
I250828 13:35:07.752865 2510 ccl/changefeedccl/kvfeed/kv_feed.go:332 ⋮ [T1,Vsystem,n1,job=1102038452960821249,change-aggregator] 208  kv feed run starting
I250828 13:35:07.766730 2406 ccl/changefeedccl/sink_kafka_v2.go:246 ⋮ [-] 209  updating kafka metadata for topics: [‹toggle_sensor›]
I250828 13:35:08.022500 2314 spanconfig/spanconfigsqlwatcher/sqlwatcher.go:241 ⋮ [T1,Vsystem,n1,job=AUTO SPAN CONFIG RECONCILIATION id=1102037793065435137] 210  established range feed over system.descriptors starting at time 1756388107.692284888,0
I250828 13:35:08.022632 2314 spanconfig/spanconfigsqlwatcher/sqlwatcher.go:300 ⋮ [T1,Vsystem,n1,job=AUTO SPAN CONFIG RECONCILIATION id=1102037793065435137] 211  established range feed over system.zones starting at time 1756388107.692284888,0
I250828 13:35:08.025566 2314 spanconfig/spanconfigsqlwatcher/sqlwatcher.go:401 ⋮ [T1,Vsystem,n1,job=AUTO SPAN CONFIG RECONCILIATION id=1102037793065435137] 212  established range feed over system.protected_ts_records starting at time 1756388107.692284888,0
I250828 13:35:39.277173 3554 1@jobs/structured_log.go:49 ⋮ [T1,Vsystem,n1] 213 ={"Timestamp":1756388139277169305,"EventType":"status_change","JobID":1102045967947071489,"JobType":"AUTO CREATE PARTIAL STATS","Description":"state changed to: running","PreviousStatus":"running","NewStatus":"running","RunNum":0}
I250828 13:35:39.281819 3554 sql/distsql_plan_stats.go:209 ⋮ [T1,Vsystem,n1,job=AUTO CREATE PARTIAL STATS id=1102045967947071489,create-stats-distsql] 214  using computed sample size of 10000 for histogram construction
I250828 13:35:39.293248 3554 sql/distsql_plan_stats.go:209 ⋮ [T1,Vsystem,n1,job=AUTO CREATE PARTIAL STATS id=1102045967947071489,create-stats-distsql] 215  using computed sample size of 10000 for histogram construction
I250828 13:35:39.306073 3554 sql/distsql_plan_stats.go:209 ⋮ [T1,Vsystem,n1,job=AUTO CREATE PARTIAL STATS id=1102045967947071489,create-stats-distsql] 216  using computed sample size of 10000 for histogram construction
I250828 13:35:39.317463 3554 sql/distsql_plan_stats.go:209 ⋮ [T1,Vsystem,n1,job=AUTO CREATE PARTIAL STATS id=1102045967947071489,create-stats-distsql] 217  using computed sample size of 10000 for histogram construction
I250828 13:35:39.406135 3554 1@jobs/structured_log.go:49 ⋮ [T1,Vsystem,n1] 218 ={"Timestamp":1756388139406131889,"EventType":"status_change","JobID":1102045967947071489,"JobType":"AUTO CREATE PARTIAL STATS","Description":"state changed to: succeeded","PreviousStatus":"running","NewStatus":"succeeded","RunNum":0}
I250828 13:38:39.639077 7523 1@jobs/structured_log.go:49 ⋮ [T1,Vsystem,n1] 219 ={"Timestamp":1756388319639064639,"EventType":"status_change","JobID":1102046558770364417,"JobType":"AUTO CREATE PARTIAL STATS","Description":"state changed to: running","PreviousStatus":"running","NewStatus":"running","RunNum":0}
I250828 13:38:39.700568 7523 jobs/registry.go:1673 ⋮ [T1,Vsystem,n1] 220  AUTO CREATE PARTIAL STATS job 1102046558770364417: stepping through state reverting with error: the latest full statistic for column ‹id› has no histogram
I250828 13:38:39.753839 7523 1@jobs/structured_log.go:49 ⋮ [T1,Vsystem,n1] 221 ={"Timestamp":1756388319753826875,"EventType":"status_change","JobID":1102046558770364417,"JobType":"AUTO CREATE PARTIAL STATS","Description":"state changed to: reverting","PreviousStatus":"running","NewStatus":"reverting","RunNum":0,"Error":"‹the latest full statistic for column id has no histogram›","FinalResumeErr":"‹the latest full statistic for column id has no histogram›"}
I250828 13:38:39.753892 7523 jobs/registry.go:1673 ⋮ [T1,Vsystem,n1] 222  AUTO CREATE PARTIAL STATS job 1102046558770364417: stepping through state failed with error: the latest full statistic for column ‹id› has no histogram
I250828 13:38:39.774282 7523 1@jobs/structured_log.go:49 ⋮ [T1,Vsystem,n1] 223 ={"Timestamp":1756388319774280458,"EventType":"status_change","JobID":1102046558770364417,"JobType":"AUTO CREATE PARTIAL STATS","Description":"state changed to: failed","PreviousStatus":"reverting","NewStatus":"failed","RunNum":0,"Error":"‹the latest full statistic for column id has no histogram›","FinalResumeErr":"‹the latest full statistic for column id has no histogram›"}
E250828 13:38:39.774358 7523 jobs/adopt.go:415 ⋮ [T1,Vsystem,n1] 224  job 1102046558770364417: adoption completed with error the latest full statistic for column ‹id› has no histogram
W250828 13:38:39.778222 6442 sql/stats/automatic_stats.go:1016 ⋮ [T1,Vsystem,n1] 225  failed to create statistics on table 28: create-stats: the latest full statistic for column ‹id› has no histogram
I250828 13:39:39.823058 8884 1@jobs/structured_log.go:49 ⋮ [T1,Vsystem,n1] 226 ={"Timestamp":1756388379822858541,"EventType":"status_change","JobID":1102046756183638017,"JobType":"AUTO CREATE PARTIAL STATS","Description":"state changed to: running","PreviousStatus":"running","NewStatus":"running","RunNum":0}
I250828 13:39:39.864556 8884 jobs/registry.go:1673 ⋮ [T1,Vsystem,n1] 227  AUTO CREATE PARTIAL STATS job 1102046756183638017: stepping through state reverting with error: the latest full statistic for column ‹id› has no histogram
I250828 13:39:39.889574 8884 1@jobs/structured_log.go:49 ⋮ [T1,Vsystem,n1] 228 ={"Timestamp":1756388379889571916,"EventType":"status_change","JobID":1102046756183638017,"JobType":"AUTO CREATE PARTIAL STATS","Description":"state changed to: reverting","PreviousStatus":"running","NewStatus":"reverting","RunNum":0,"Error":"‹the latest full statistic for column id has no histogram›","FinalResumeErr":"‹the latest full statistic for column id has no histogram›"}
I250828 13:39:39.889620 8884 jobs/registry.go:1673 ⋮ [T1,Vsystem,n1] 229  AUTO CREATE PARTIAL STATS job 1102046756183638017: stepping through state failed with error: the latest full statistic for column ‹id› has no histogram
I250828 13:39:39.941634 8884 1@jobs/structured_log.go:49 ⋮ [T1,Vsystem,n1] 230 ={"Timestamp":1756388379941630875,"EventType":"status_change","JobID":1102046756183638017,"JobType":"AUTO CREATE PARTIAL STATS","Description":"state changed to: failed","PreviousStatus":"reverting","NewStatus":"failed","RunNum":0,"Error":"‹the latest full statistic for column id has no histogram›","FinalResumeErr":"‹the latest full statistic for column id has no histogram›"}
E250828 13:39:39.941798 8884 jobs/adopt.go:415 ⋮ [T1,Vsystem,n1] 231  job 1102046756183638017: adoption completed with error the latest full statistic for column ‹id› has no histogram
W250828 13:39:39.970351 8233 sql/stats/automatic_stats.go:1016 ⋮ [T1,Vsystem,n1] 232  failed to create statistics on table 28: create-stats: the latest full statistic for column ‹id› has no histogram
I250828 13:39:40.038319 8687 1@jobs/structured_log.go:49 ⋮ [T1,Vsystem,n1] 233 ={"Timestamp":1756388380038315750,"EventType":"status_change","JobID":1102046756797218817,"JobType":"AUTO CREATE STATS","Description":"state changed to: running","PreviousStatus":"running","NewStatus":"running","RunNum":0}
I250828 13:39:40.042228 8687 sql/distsql_plan_stats.go:209 ⋮ [T1,Vsystem,n1,job=AUTO CREATE STATS id=1102046756797218817,create-stats-distsql] 234  using computed sample size of 10000 for histogram construction
I250828 13:39:40.186078 8687 1@jobs/structured_log.go:49 ⋮ [T1,Vsystem,n1] 235 ={"Timestamp":1756388380186074791,"EventType":"status_change","JobID":1102046756797218817,"JobType":"AUTO CREATE STATS","Description":"state changed to: succeeded","PreviousStatus":"running","NewStatus":"succeeded","RunNum":0}
I250828 13:43:15.195965 1 1@cli/start.go:993 ⋮ [T1,Vsystem,n1] 236  received signal 'terminated'
I250828 13:43:15.199340 1 1@cli/start.go:1034 ⋮ [T1,Vsystem,n1] 237  initiating graceful shutdown of server
I250828 13:43:15.203018 13136 server/drain.go:353 ⋮ [T1,Vsystem,n1,server drain process,call-graceful-drain] 238  all tenant servers stopped
I250828 13:43:15.204958 13136 1@server/drain.go:399 ⋮ [T1,Vsystem,n1,server drain process,call-graceful-drain] 239  waiting for health probes to notice that the node is not ready for new sql connections
I250828 13:43:18.206121 13379 1@server/drain.go:513 ⋮ [T1,Vsystem,n1,server drain process,call-graceful-drain] 240  number of open connections: 0
I250828 13:43:20.200021 13137 1@cli/start.go:1046 ⋮ [T1,Vsystem,n1] 241  375 running tasks
I250828 13:43:25.200748 13137 1@cli/start.go:1046 ⋮ [T1,Vsystem,n1] 242  375 running tasks
W250828 13:43:25.206101 1252 jobs/registry.go:1069 ⋮ [T1,Vsystem,n1] 243  canceling all adopted jobs due to graceful drain request
I250828 13:43:25.206939 1296 sql/stats/automatic_stats.go:745 ⋮ [T1,Vsystem,n1] 244  draining stats garbage collector
I250828 13:43:25.206099 1295 sql/stats/automatic_stats.go:694 ⋮ [T1,Vsystem,n1] 245  draining auto stats refresher
I250828 13:43:25.209670 2081 jobs/registry.go:1681 ⋮ [T1,Vsystem,n1,job=100] 246  KEY VISUALIZER job 100: stepping through state succeeded
I250828 13:43:25.210532 2273 jobs/registry.go:1681 ⋮ [T1,Vsystem,n1,job=103] 247  AUTO UPDATE SQL ACTIVITY job 103: stepping through state succeeded
W250828 13:43:25.212482 2690 kv/kvclient/kvcoord/dist_sender_mux_rangefeed.go:406 ⋮ [T1,Vsystem,n1,job=AUTO SPAN CONFIG RECONCILIATION id=1102037793065435137,rangefeed=‹sql-watcher-zones-rangefeed›,mux_n=1,gen=2] 248  error closing mux rangefeed client: context canceled
W250828 13:43:25.213053 2588 kv/kvclient/kvcoord/dist_sender_mux_rangefeed.go:406 ⋮ [T1,Vsystem,n1,job=1102038455571808257,change-aggregator,mux_n=1,gen=2] 252  error closing mux rangefeed client: context canceled
W250828 13:43:25.212569 2613 kv/kvclient/kvcoord/dist_sender_mux_rangefeed.go:406 ⋮ [T1,Vsystem,n1,job=1102038452960821249,change-aggregator,mux_n=1,gen=2] 249  error closing mux rangefeed client: context canceled
W250828 13:43:25.212919 2663 kv/kvclient/kvcoord/dist_sender_mux_rangefeed.go:406 ⋮ [T1,Vsystem,n1,job=AUTO SPAN CONFIG RECONCILIATION id=1102037793065435137,rangefeed=‹sql-watcher-protected-ts-records-rangefeed›,mux_n=1,gen=2] 250  error closing mux rangefeed client: context canceled
E250828 13:43:25.215510 2430 ccl/changefeedccl/kvfeed/kv_feed.go:158 ⋮ [T1,Vsystem,n1,job=1102038455571808257,change-aggregator] 253  stopping kv feed due to error: context canceled
W250828 13:43:25.213010 2086 kv/kvclient/kvcoord/dist_sender_mux_rangefeed.go:406 ⋮ [T1,Vsystem,n1,job=AUTO SPAN CONFIG RECONCILIATION id=1102037793065435137,rangefeed=‹sql-watcher-descriptor-rangefeed›,mux_n=1,gen=2] 251  error closing mux rangefeed client: context canceled
E250828 13:43:25.216147 2449 ccl/changefeedccl/kvfeed/kv_feed.go:158 ⋮ [T1,Vsystem,n1,job=1102038452960821249,change-aggregator] 254  stopping kv feed due to error: context canceled
I250828 13:43:25.225684 2140 ccl/changefeedccl/changefeed_stmt.go:1466 ⋮ [T1,Vsystem,n1,job=CHANGEFEED id=1102038455571808257] 255  CHANGEFEED 1102038455571808257 shutting down (cause: context canceled)
W250828 13:43:25.226350 2140 ccl/changefeedccl/changefeed_stmt.go:1335 ⋮ [T1,Vsystem,n1,job=CHANGEFEED id=1102038455571808257] 256  job failed (context canceled)
I250828 13:43:25.225685 2341 ccl/changefeedccl/changefeed_stmt.go:1466 ⋮ [T1,Vsystem,n1,job=CHANGEFEED id=1102038452960821249] 257  CHANGEFEED 1102038452960821249 shutting down (cause: context canceled)
W250828 13:43:25.227102 2341 ccl/changefeedccl/changefeed_stmt.go:1335 ⋮ [T1,Vsystem,n1,job=CHANGEFEED id=1102038452960821249] 258  job failed (context canceled)
