I250731 22:51:55.632759 1 util/log/file_sync_buffer.go:237 ⋮ [config]   file created at: 2025/07/31 22:51:55
I250731 22:51:55.632763 1 util/log/file_sync_buffer.go:237 ⋮ [config]   running on machine: ‹cb9a1ac88212›
I250731 22:51:55.632767 1 util/log/file_sync_buffer.go:237 ⋮ [config]   binary: CockroachDB CCL v25.2.0 (aarch64-unknown-linux-gnu, built 2025/05/15 21:07:42, go1.23.7 X:nocoverageredesign)
I250731 22:51:55.632769 1 util/log/file_sync_buffer.go:237 ⋮ [config]   arguments: [‹/cockroach/cockroach› ‹start-single-node› ‹--certs-dir=certs› ‹--advertise-addr=127.0.0.1:26257› ‹--insecure› ‹--http-addr=0.0.0.0:8080›]
I250731 22:51:55.632773 1 util/log/file_sync_buffer.go:237 ⋮ [config]   log format (utf8=✓): crdb-v2
I250731 22:51:55.632774 1 util/log/file_sync_buffer.go:237 ⋮ [config]   line format: [IWEF]yymmdd hh:mm:ss.uuuuuu goid [chan@]file:line redactionmark \[tags\] [counter] msg
W250731 22:51:55.632194 1 1@cli/start.go:1438 ⋮ [n?] 1  ALL SECURITY CONTROLS HAVE BEEN DISABLED!
W250731 22:51:55.632194 1 1@cli/start.go:1438 ⋮ [n?] 1 +
W250731 22:51:55.632194 1 1@cli/start.go:1438 ⋮ [n?] 1 +This mode is intended for non-production testing only.
W250731 22:51:55.632194 1 1@cli/start.go:1438 ⋮ [n?] 1 +
W250731 22:51:55.632194 1 1@cli/start.go:1438 ⋮ [n?] 1 +In this mode:
W250731 22:51:55.632194 1 1@cli/start.go:1438 ⋮ [n?] 1 +- Your cluster is open to any client that can access ‹any of your IP addresses›.
W250731 22:51:55.632194 1 1@cli/start.go:1438 ⋮ [n?] 1 +- Intruders with access to your machine or network can observe client-server traffic.
W250731 22:51:55.632194 1 1@cli/start.go:1438 ⋮ [n?] 1 +- Intruders can log in without password and read or write any data in the cluster.
W250731 22:51:55.632194 1 1@cli/start.go:1438 ⋮ [n?] 1 +- Intruders can consume all your server's resources and cause unavailability.
I250731 22:51:55.634698 1 1@cli/start.go:1448 ⋮ [n?] 2  To start a secure server without mandating TLS for clients,
I250731 22:51:55.634698 1 1@cli/start.go:1448 ⋮ [n?] 2 +consider --accept-sql-without-tls instead. For other options, see:
I250731 22:51:55.634698 1 1@cli/start.go:1448 ⋮ [n?] 2 +
I250731 22:51:55.634698 1 1@cli/start.go:1448 ⋮ [n?] 2 +- https://go.crdb.dev/issue-v/53404/v25.2
I250731 22:51:55.634698 1 1@cli/start.go:1448 ⋮ [n?] 2 +- https://www.cockroachlabs.com/docs/v25.2/secure-a-cluster.html
I250731 22:51:55.634921 1 server/status/recorder.go:856 ⋮ [n?] 3  ‹available memory from cgroups (8.0 EiB) is unsupported, using system memory 8.7 GiB instead: ›
W250731 22:51:55.634936 1 1@cli/start.go:1360 ⋮ [n?] 4  Using the default setting for --cache (128 MiB).
W250731 22:51:55.634936 1 1@cli/start.go:1360 ⋮ [n?] 4 +  A significantly larger value is usually needed for good performance.
W250731 22:51:55.634936 1 1@cli/start.go:1360 ⋮ [n?] 4 +  If you have a dedicated server a reasonable setting is --cache=.25 (2.2 GiB).
I250731 22:51:55.634998 1 server/status/recorder.go:856 ⋮ [n?] 5  ‹available memory from cgroups (8.0 EiB) is unsupported, using system memory 8.7 GiB instead: ›
I250731 22:51:55.635003 1 1@cli/start.go:1477 ⋮ [n?] 6  CockroachDB CCL v25.2.0 (aarch64-unknown-linux-gnu, built 2025/05/15 21:07:42, go1.23.7 X:nocoverageredesign)
I250731 22:51:55.635238 1 server/status/recorder.go:856 ⋮ [n?] 7  ‹available memory from cgroups (8.0 EiB) is unsupported, using system memory 8.7 GiB instead: ›
I250731 22:51:55.635241 1 1@cli/start.go:554 ⋮ [n?] 8  soft memory limit of Go runtime is set to 4.9 GiB
I250731 22:51:55.635248 1 1@cli/start.go:591 ⋮ [n?] 9  GC target percentage of Go runtime is set to 300%
I250731 22:51:55.638005 1 server/status/recorder.go:856 ⋮ [T1,Vsystem,n?] 10  ‹available memory from cgroups (8.0 EiB) is unsupported, using system memory 8.7 GiB instead: ›
I250731 22:51:55.638114 1 server/config.go:674 ⋮ [T1,Vsystem,n?] 11  system total memory: 8.7 GiB
I250731 22:51:55.638125 1 server/config.go:676 ⋮ [T1,Vsystem,n?] 12  server configuration:
I250731 22:51:55.638125 1 server/config.go:676 ⋮ [T1,Vsystem,n?] 12 +max offset             500000000
I250731 22:51:55.638125 1 server/config.go:676 ⋮ [T1,Vsystem,n?] 12 +cache size             128 MiB
I250731 22:51:55.638125 1 server/config.go:676 ⋮ [T1,Vsystem,n?] 12 +SQL memory pool size   2.2 GiB
I250731 22:51:55.638125 1 server/config.go:676 ⋮ [T1,Vsystem,n?] 12 +scan interval          10m0s
I250731 22:51:55.638125 1 server/config.go:676 ⋮ [T1,Vsystem,n?] 12 +scan min idle time     10ms
I250731 22:51:55.638125 1 server/config.go:676 ⋮ [T1,Vsystem,n?] 12 +scan max idle time     1s
I250731 22:51:55.638125 1 server/config.go:676 ⋮ [T1,Vsystem,n?] 12 +event log enabled      true
I250731 22:51:55.638164 1 1@cli/start.go:1338 ⋮ [T1,Vsystem,n?] 13  using local environment variables:
I250731 22:51:55.638164 1 1@cli/start.go:1338 ⋮ [T1,Vsystem,n?] 13 +COCKROACH_CHANNEL=official-docker
I250731 22:51:55.638182 1 1@cli/start.go:1345 ⋮ [T1,Vsystem,n?] 14  process identity: uid 0 euid 0 gid 0 egid 0
I250731 22:51:55.643879 1 1@cli/start.go:1500 ⋮ [T1,Vsystem,n?] 15  GEOS loaded from directory ‹/usr/local/lib/cockroach›
I250731 22:51:55.643941 1 1@cli/start.go:777 ⋮ [T1,Vsystem,n?] 16  starting cockroach node
I250731 22:51:56.492025 91 server/config.go:880 ⋮ [T1,Vsystem,n?] 17  1 storage engine initialized
I250731 22:51:56.492053 91 server/config.go:883 ⋮ [T1,Vsystem,n?] 18  Pebble cache size: 128 MiB
I250731 22:51:56.492068 91 server/config.go:883 ⋮ [T1,Vsystem,n?] 19  store 0: max size 0 B, max open file limit 1043576
I250731 22:51:56.492071 91 server/config.go:883 ⋮ [T1,Vsystem,n?] 20  store 0: /cockroach/cockroach-data: rw encrypted=false fs:{bdev=/run/host_mark/Users fstype=fakeowner mountpoint=/cockroach/cockroach-data mountopts=rw,nosuid,nodev,relatime,fakeowner}
I250731 22:51:56.494570 143 util/cidr/cidr.go:299 ⋮ [T1,Vsystem,n?] 21  CIDR lookup updated with 0 destinations
I250731 22:51:56.526620 91 1@server/clock_monotonicity.go:61 ⋮ [T1,Vsystem,n?] 22  monitoring forward clock jumps based on server.clock.forward_jump_check.enabled
I250731 22:51:56.531868 91 1@server/clock_monotonicity.go:136 ⋮ [T1,Vsystem,n1] 23  Sleeping till wall time 1754002316531865588 to catches up to 1754002317026602256 to ensure monotonicity. Sub: 494.736668ms
I250731 22:51:56.531889 590 1@server/server.go:1802 ⋮ [T1,Vsystem,n1] 24  connecting to gossip network to verify cluster ID "ad7eb413-6f81-429f-8b5f-ee89af2e84c8"
W250731 22:51:57.028024 91 1@cli/start.go:1299 ⋮ [T1,Vsystem,n1] 25  Running a server without --sql-addr, with a combined RPC/SQL listener, is deprecated.
W250731 22:51:57.028024 91 1@cli/start.go:1299 ⋮ [T1,Vsystem,n1] 25 +This feature will be removed in a later version of CockroachDB.
W250731 22:51:57.028298 91 1@gossip/gossip.go:1460 ⋮ [T1,Vsystem,n1] 26  no addresses found; use --join to specify a connected node
I250731 22:51:57.034740 599 kv/kvserver/kvstorage/init.go:250 ⋮ [T1,Vsystem,n1,s1] 27  beginning range descriptor iteration
I250731 22:51:57.035094 599 kv/kvserver/kvstorage/init.go:374 ⋮ [T1,Vsystem,n1,s1] 28  range descriptor iteration done: 55 range descriptors, 0 intents, 0 tombstones; stats: ‹seeked 114 times (58 internal); stepped 0 times (0 internal); blocks: 68KB cached; points: 56 (1.1KB keys, 1.6KB values); separated: 2 (58B, 0B fetched)›
I250731 22:51:57.038838 599 kv/kvserver/kvstorage/init.go:501 ⋮ [T1,Vsystem,n1,s1] 29  loaded replica ID for 55/55 replicas
I250731 22:51:57.039206 599 kv/kvserver/kvstorage/init.go:518 ⋮ [T1,Vsystem,n1,s1] 30  loaded Raft state for 55/55 replicas
I250731 22:51:57.039233 599 kv/kvserver/kvstorage/init.go:545 ⋮ [T1,Vsystem,n1,s1] 31  loaded 55 replicas
I250731 22:51:57.039253 599 kv/kvserver/kvstorage/init.go:576 ⋮ [T1,Vsystem,n1,s1] 32  verified 55/55 replicas
I250731 22:51:57.045347 599 kv/kvserver/store.go:2369 ⋮ [T1,Vsystem,n1,s1] 33  initialized 55/55 replicas
I250731 22:51:57.045582 599 server/node.go:690 ⋮ [T1,Vsystem,n1] 34  initialized store s1 in 16ms (55 replicas)
I250731 22:51:57.045690 91 kv/kvserver/stores.go:261 ⋮ [T1,Vsystem,n1] 35  read 0 node addresses from persistent storage
I250731 22:51:57.046141 590 1@server/server.go:1805 ⋮ [T1,Vsystem,n1] 36  node connected via gossip
I250731 22:51:57.047657 91 server/node.go:801 ⋮ [T1,Vsystem,n1] 37  started with attributes []
I250731 22:51:57.047739 91 server/goroutinedumper/goroutinedumper.go:117 ⋮ [T1,Vsystem,n1] 38  writing goroutine dumps to ‹/cockroach/cockroach-data/logs/goroutine_dump›
I250731 22:51:57.047780 91 server/profiler/heapprofiler.go:72 ⋮ [T1,Vsystem,n1] 39  writing go heap profiles to ‹/cockroach/cockroach-data/logs/heap_profiler› at least every 1h0m0s
I250731 22:51:57.047801 91 server/profiler/memory_monitoring_profiler.go:66 ⋮ [T1,Vsystem,n1] 40  writing memory monitoring dumps to ‹/cockroach/cockroach-data/logs/heap_profiler› at least every 1h0m0s
I250731 22:51:57.047809 91 server/profiler/cgoprofiler.go:66 ⋮ [T1,Vsystem,n1] 41  to enable jmalloc profiling: "export MALLOC_CONF=prof:true" or "ln -s prof:true /etc/malloc.conf"
I250731 22:51:57.047824 91 server/profiler/statsprofiler.go:68 ⋮ [T1,Vsystem,n1] 42  writing memory stats to ‹/cockroach/cockroach-data/logs/heap_profiler› at last every 1h0m0s
I250731 22:51:57.048009 91 server/profiler/activequeryprofiler.go:88 ⋮ [T1,Vsystem,n1] 43  writing go query profiles to ‹/cockroach/cockroach-data/logs/heap_profiler›
I250731 22:51:57.048035 91 server/profiler/cpuprofiler.go:87 ⋮ [T1,Vsystem,n1] 44  writing cpu profile dumps to ‹/cockroach/cockroach-data/logs/pprof_dump›
I250731 22:51:57.048314 91 1@server/server.go:1999 ⋮ [T1,Vsystem,n1] 45  starting http server at ‹[::]:8080› (use: ‹127.0.0.1:8080›)
I250731 22:51:57.048334 91 1@server/server.go:2007 ⋮ [T1,Vsystem,n1] 46  starting grpc/postgres server at ‹[::]:26257›
I250731 22:51:57.048346 91 1@server/server.go:2008 ⋮ [T1,Vsystem,n1] 47  advertising CockroachDB node at ‹127.0.0.1:26257›
I250731 22:51:57.048892 654 kv/kvserver/storeliveness/support_manager.go:285 ⋮ [T1,Vsystem,n1,s1] 48  starting to heartbeat store {NodeID:1 StoreID:1}
I250731 22:51:57.050761 723 kv/kvserver/queue.go:612 ⋮ [T1,Vsystem,n1,s1,r21/1:‹/Table/1{8-9}›,raft] 49  rate limited in MaybeAdd (merge): throttled on async limiting semaphore
I250731 22:51:57.052055 654 kv/kvserver/storeliveness/supporter_state.go:298 ⋮ [T1,Vsystem,n1,s1] 50  provided support for store {NodeID:1 StoreID:1}; old = {Target:{NodeID:1 StoreID:1} Epoch:42 Expiration:1754002282.894416919,0}, new = {Target:{NodeID:1 StoreID:1} Epoch:43 Expiration:1754002320.048926130,0}
I250731 22:51:57.053098 654 kv/kvserver/storeliveness/requester_state.go:425 ⋮ [T1,Vsystem,n1,s1] 51  received support from store {NodeID:1 StoreID:1}; old = {Target:{NodeID:1 StoreID:1} Epoch:43 Expiration:0,0}, new = {Target:{NodeID:1 StoreID:1} Epoch:43 Expiration:1754002320.048926130,0}
I250731 22:51:57.065449 91 1@util/log/event_log.go:39 ⋮ [T1,Vsystem,n1] 52 ={"Timestamp":1754002317065437005,"EventType":"node_restart","NodeID":1,"StartedAt":1754002317028569422,"LastUp":1754002278785398001}
I250731 22:51:57.065662 951 kv/kvclient/rangefeed/rangefeedcache/watcher.go:340 ⋮ [T1,Vsystem,n1] 53  settings-watcher: established range feed cache
I250731 22:51:57.065773 949 kv/kvclient/rangefeed/rangefeedcache/watcher.go:340 ⋮ [T1,Vsystem,n1] 54  spanconfig-subscriber: established range feed cache
I250731 22:51:57.073278 91 sql/sqlliveness/slinstance/slinstance.go:435 ⋮ [T1,Vsystem,n1] 55  starting SQL liveness instance
I250731 22:51:57.076817 968 sql/sqlliveness/slstorage/slstorage.go:540 ⋮ [T1,Vsystem,n1] 56  inserted sqlliveness session 010180dc4914f8d2f54426ac4b3b5e17875128 with expiry 1754002357.073499089,0
I250731 22:51:57.076873 968 sql/sqlliveness/slinstance/slinstance.go:247 ⋮ [T1,Vsystem,n1] 57  created new SQL liveness session 010180dc4914f8d2f54426ac4b3b5e17875128
I250731 22:51:57.076899 91 sql/sqlinstance/instancestorage/instancestorage.go:338 ⋮ [T1,Vsystem,n1] 58  assigning instance id to rpc addr ‹127.0.0.1:26257› and sql addr ‹127.0.0.1:26257›
I250731 22:51:57.078225 91 server/server_sql.go:1618 ⋮ [T1,Vsystem,n1] 59  bound sqlinstance: Instance{RegionPrefix: gA==, InstanceID: 1, SQLAddr: ‹127.0.0.1:26257›, RPCAddr: ‹127.0.0.1:26257›, SessionID: 010180dc4914f8d2f54426ac4b3b5e17875128, Locality: , BinaryVersion: 25.2}
I250731 22:51:57.078477 91 upgrade/upgrademanager/manager.go:171 ⋮ [T1,Vsystem,n1] 60  running permanent upgrades up to version: 25.2
I250731 22:51:57.078899 1199 sql/sqlstats/persistedsqlstats/provider.go:159 ⋮ [T1,Vsystem,n1] 61  starting sql-stats-worker with initial delay: 10m20.732079131s
I250731 22:51:57.079163 1220 kv/kvserver/replica_rangefeed.go:882 ⋮ [T1,Vsystem,n1,rangefeed=‹lease›,mux_n=1,gen=2,r6/1:‹/Table/{0-4}›,sm=1,sid=1,s1] 62  RangeFeed closed timestamp 1754002238.010045512,0 is behind by 1m19.069115285s (behind=1m19.069115285s target=3s nudge=true cancel=false)
I250731 22:51:57.079332 1212 kv/kvclient/rangefeed/rangefeedcache/watcher.go:340 ⋮ [T1,Vsystem,n1] 63  system-config-cache: established range feed cache
I250731 22:51:57.079327 1196 sql/temporary_schema.go:506 ⋮ [T1,Vsystem,n1] 64  running temporary object cleanup background job
I250731 22:51:57.086007 1196 sql/temporary_schema.go:556 ⋮ [T1,Vsystem,n1] 65  found 0 temporary schemas
I250731 22:51:57.086051 1196 sql/temporary_schema.go:559 ⋮ [T1,Vsystem,n1] 66  early exiting temporary schema cleaner as no temporary schemas were found
I250731 22:51:57.086057 1196 sql/temporary_schema.go:560 ⋮ [T1,Vsystem,n1] 67  completed temporary object cleanup job
I250731 22:51:57.086072 1196 sql/temporary_schema.go:641 ⋮ [T1,Vsystem,n1] 68  temporary object cleaner next scheduled to run at 2025-07-31 23:21:57.078815255 +0000 UTC m=+1801.688149960
I250731 22:51:57.089689 91 upgrade/upgrademanager/manager.go:233 ⋮ [T1,Vsystem,n1] 69  detected the last permanent upgrade (v0.0-upgrading-step-004) to have already completed; no permanent upgrades will run
I250731 22:51:57.089778 91 server/server_sql.go:1720 ⋮ [T1,Vsystem,n1] 70  done ensuring all necessary startup migrations have run
I250731 22:51:57.090025 91 server/license/enforcer.go:262 ⋮ [T1,Vsystem,n1] 71  trial license expiry initialized to 1970-01-01 00:00:00 +0000 UTC
I250731 22:51:57.090060 91 server/license/enforcer.go:298 ⋮ [T1,Vsystem,n1] 72  fetched existing cluster init grace period end time: 2025-08-05 14:00:31 +0000 UTC
I250731 22:51:57.090098 91 server/license/enforcer.go:498 ⋮ [T1,Vsystem,n1] 73  enforcer license updated: type is none, grace period ends at "2025-08-05 14:00:31 +0000 UTC", telemetry required: false
I250731 22:51:57.090107 91 server/license/enforcer.go:498 ⋮ [T1,Vsystem,n1] 74  enforcer license updated: type is none, grace period ends at "2025-08-05 14:00:31 +0000 UTC", telemetry required: false
I250731 22:51:57.100144 1281 sql/syntheticprivilegecache/cache.go:202 ⋮ [T1,Vsystem,n1] 75  warmed privileges for virtual tables in 2.994208ms
I250731 22:51:57.108546 1643 kv/kvclient/rangefeed/rangefeedcache/watcher.go:340 ⋮ [T1,Vsystem,n1] 76  tenant-settings-watcher: established range feed cache
I250731 22:51:57.108729 1645 kv/kvclient/rangefeed/rangefeedcache/watcher.go:340 ⋮ [T1,Vsystem,n1] 77  tenant-entry-watcher: established range feed cache
I250731 22:51:57.108762 1635 jobs/job_scheduler.go:407 ⋮ [T1,Vsystem,n1] 78  waiting 2m0s before scheduled jobs daemon start
I250731 22:51:57.108890 1645 multitenant/tenantcapabilities/tenantcapabilitieswatcher/watcher.go:285 ⋮ [T1,Vsystem,n1] 79  received results of a full table scan for tenant capabilities
I250731 22:51:57.112863 91 server/license/enforcer.go:582 ⋮ [T1,Vsystem,n1] 80  disable all license enforcement
I250731 22:51:57.112900 91 1@server/server_sql.go:1971 ⋮ [T1,Vsystem,n1] 81  serving sql connections
I250731 22:51:57.113016 91 1@cli/start.go:1286 ⋮ [T1,Vsystem,n1] 82  node startup completed:
I250731 22:51:57.113016 91 1@cli/start.go:1286 ⋮ [T1,Vsystem,n1] 82 +CockroachDB node starting at 2025-07-31 22:51:57.112921755 +0000 UTC m=+1.722256460 (took 1.5s)
I250731 22:51:57.113016 91 1@cli/start.go:1286 ⋮ [T1,Vsystem,n1] 82 +build:               CCL v25.2.0 @ 2025/05/15 21:07:42 (go1.23.7 X:nocoverageredesign)
I250731 22:51:57.113016 91 1@cli/start.go:1286 ⋮ [T1,Vsystem,n1] 82 +malloc_conf:         prof:false,prof_active:true,background_thread:true,thp:never,metadata_thp:disabled,narenas:48,dirty_decay_ms:2000,muzzy_decay_ms:0
I250731 22:51:57.113016 91 1@cli/start.go:1286 ⋮ [T1,Vsystem,n1] 82 +webui:               ‹http://127.0.0.1:8080›
I250731 22:51:57.113016 91 1@cli/start.go:1286 ⋮ [T1,Vsystem,n1] 82 +sql:                 ‹postgresql://root@127.0.0.1:26257/defaultdb?sslmode=disable›
I250731 22:51:57.113016 91 1@cli/start.go:1286 ⋮ [T1,Vsystem,n1] 82 +sql (JDBC):          ‹jdbc:postgresql://127.0.0.1:26257/defaultdb?sslmode=disable&user=root›
I250731 22:51:57.113016 91 1@cli/start.go:1286 ⋮ [T1,Vsystem,n1] 82 +RPC client flags:    ‹/cockroach/cockroach <client cmd> --host=127.0.0.1:26257 --insecure›
I250731 22:51:57.113016 91 1@cli/start.go:1286 ⋮ [T1,Vsystem,n1] 82 +logs:                ‹/cockroach/cockroach-data/logs›
I250731 22:51:57.113016 91 1@cli/start.go:1286 ⋮ [T1,Vsystem,n1] 82 +temp dir:            ‹/cockroach/cockroach-data/cockroach-temp3861729542›
I250731 22:51:57.113016 91 1@cli/start.go:1286 ⋮ [T1,Vsystem,n1] 82 +external I/O path:   ‹/cockroach/cockroach-data/extern›
I250731 22:51:57.113016 91 1@cli/start.go:1286 ⋮ [T1,Vsystem,n1] 82 +store[0]:            ‹path=/cockroach/cockroach-data›
I250731 22:51:57.113016 91 1@cli/start.go:1286 ⋮ [T1,Vsystem,n1] 82 +clusterID:           ad7eb413-6f81-429f-8b5f-ee89af2e84c8
I250731 22:51:57.113016 91 1@cli/start.go:1286 ⋮ [T1,Vsystem,n1] 82 +status:              restarted pre-existing node
I250731 22:51:57.113016 91 1@cli/start.go:1286 ⋮ [T1,Vsystem,n1] 82 +nodeID:              1
I250731 22:51:57.114715 1641 server/auto_upgrade.go:81 ⋮ [T1,Vsystem,n1] 83  no need to upgrade, cluster already at the newest version
I250731 22:51:58.116070 598 1@gossip/gossip.go:1476 ⋮ [T1,Vsystem,n1] 84  node has connected to cluster via gossip
I250731 22:51:58.116676 598 kv/kvserver/stores.go:280 ⋮ [T1,Vsystem,n1] 85  wrote 0 node addresses to persistent storage
I250731 22:51:58.543273 1636 server/diagnostics/update_checker.go:144 ⋮ [T1,Vsystem,n1] 86  a new version is available: ‹25.2.3›, details: ‹https://www.cockroachlabs.com/docs/releases/v25.2#v25-2-3›
I250731 22:52:07.198786 1873 1@ccl/changefeedccl/changefeed_stmt.go:1144 ⋮ [T1,Vsystem,n1,client=169.254.169.254:18849,hostnossl,user=‹admin›] 87  changefeed planning to connect to destination kafka://broker_kafka:9092?topic_name=users_changes
I250731 22:52:27.060247 1210 jobs/adopt.go:105 ⋮ [T1,Vsystem,n1] 88  claimed 6 jobs
I250731 22:52:27.064983 2097 jobs/adopt.go:224 ⋮ [T1,Vsystem,n1,job=105] 89  job 105: resuming execution
I250731 22:52:27.064983 2092 jobs/adopt.go:224 ⋮ [T1,Vsystem,n1,job=1093557394742509569] 90  job 1093557394742509569: resuming execution
I250731 22:52:27.065041 2093 jobs/adopt.go:224 ⋮ [T1,Vsystem,n1,job=100] 91  job 100: resuming execution
I250731 22:52:27.065048 2095 jobs/adopt.go:224 ⋮ [T1,Vsystem,n1,job=103] 92  job 103: resuming execution
I250731 22:52:27.065051 2096 jobs/adopt.go:224 ⋮ [T1,Vsystem,n1,job=104] 93  job 104: resuming execution
I250731 22:52:27.065013 2094 jobs/adopt.go:224 ⋮ [T1,Vsystem,n1,job=101] 94  job 101: resuming execution
I250731 22:52:27.076555 2233 jobs/registry.go:1681 ⋮ [T1,Vsystem,n1,job=101] 95  POLL JOBS STATS job 101: stepping through state running
I250731 22:52:27.076626 2418 jobs/registry.go:1681 ⋮ [T1,Vsystem,n1,job=105] 96  UPDATE TABLE METADATA CACHE job 105: stepping through state running
I250731 22:52:27.076632 2219 jobs/registry.go:1681 ⋮ [T1,Vsystem,n1,job=100] 97  KEY VISUALIZER job 100: stepping through state running
I250731 22:52:27.076729 1961 jobs/registry.go:1681 ⋮ [T1,Vsystem,n1,job=103] 98  AUTO UPDATE SQL ACTIVITY job 103: stepping through state running
I250731 22:52:27.076755 2393 jobs/registry.go:1681 ⋮ [T1,Vsystem,n1,job=104] 99  MVCC STATISTICS UPDATE job 104: stepping through state running
I250731 22:52:27.076566 2392 jobs/registry.go:1681 ⋮ [T1,Vsystem,n1,job=1093557394742509569] 100  AUTO SPAN CONFIG RECONCILIATION job 1093557394742509569: stepping through state running
I250731 22:52:27.080049 2393 sql/mvcc_statistics_update_job.go:63 ⋮ [T1,Vsystem,n1,job=MVCC STATISTICS UPDATE id=104] 101  starting mvcc statistics update job
I250731 22:52:27.080290 1961 sql/sql_activity_update_job.go:88 ⋮ [T1,Vsystem,n1,job=AUTO UPDATE SQL ACTIVITY id=103] 102  starting sql stats activity flush job
I250731 22:52:27.131154 2392 spanconfig/spanconfigsqlwatcher/sqlwatcher.go:241 ⋮ [T1,Vsystem,n1,job=AUTO SPAN CONFIG RECONCILIATION id=1093557394742509569] 103  established range feed over system.descriptors starting at time 1754002347.098391714,0
I250731 22:52:27.131211 2392 spanconfig/spanconfigsqlwatcher/sqlwatcher.go:300 ⋮ [T1,Vsystem,n1,job=AUTO SPAN CONFIG RECONCILIATION id=1093557394742509569] 104  established range feed over system.zones starting at time 1754002347.098391714,0
I250731 22:52:27.131234 2392 spanconfig/spanconfigsqlwatcher/sqlwatcher.go:401 ⋮ [T1,Vsystem,n1,job=AUTO SPAN CONFIG RECONCILIATION id=1093557394742509569] 105  established range feed over system.protected_ts_records starting at time 1754002347.098391714,0
I250731 22:53:25.065826 1873 1@util/log/event_log.go:39 ⋮ [T1,Vsystem,n1,client=169.254.169.254:18849,hostnossl,user=‹admin›] 106 ={"Timestamp":1754002405058993838,"EventType":"set_cluster_setting","Statement":"SET CLUSTER SETTING \"kv.rangefeed.enabled\" = true","Tag":"SET CLUSTER SETTING","User":"‹admin›","ApplicationName":"PyCharm 2025.1.3.1","SettingName":"kv.rangefeed.enabled","Value":"‹true›"}
I250731 22:53:28.258388 1873 1@ccl/changefeedccl/changefeed_stmt.go:1144 ⋮ [T1,Vsystem,n1,client=169.254.169.254:18849,hostnossl,user=‹admin›] 107  changefeed planning to connect to destination kafka://broker_kafka:9092?topic_name=users_changes
I250731 22:53:40.067975 1873 1@ccl/changefeedccl/changefeed_stmt.go:1144 ⋮ [T1,Vsystem,n1,client=169.254.169.254:18849,hostnossl,user=‹admin›] 108  changefeed planning to connect to destination kafka://broker_kafka:9092?topic_name=users_changes
I250731 22:54:18.765076 1873 1@ccl/changefeedccl/changefeed_stmt.go:1144 ⋮ [T1,Vsystem,n1,client=169.254.169.254:18849,hostnossl,user=‹admin›] 109  changefeed planning to connect to destination kafka://broker_kafka:9092?topic_name=users_changes
I250731 22:54:46.666295 1873 1@ccl/changefeedccl/changefeed_stmt.go:1144 ⋮ [T1,Vsystem,n1,client=169.254.169.254:18849,hostnossl,user=‹admin›] 110  changefeed planning to connect to destination kafka://broker_kafka:9092?topic_name=users_changes
I250731 22:54:46.699919 5062 ccl/changefeedccl/sink_kafka_v2.go:246 ⋮ [-] 111  updating kafka metadata for topics: [‹users_changes›]
I250731 22:54:46.812254 5093 github.com/twmb/franz-go/pkg/kgo/logger.go:123 ⋮ [T1,Vsystem,n1,client=169.254.169.254:18849,hostnossl,user=‹admin›] 112  kafka(kgo): WARN unable to open connection to broker ‹addr›=‹broker_kafka:9092› ‹broker›=‹seed_0› ‹err›=dial tcp: ‹lookup broker_kafka on 127.0.0.11:53: no such host›
I250731 22:55:45.614665 1873 1@ccl/changefeedccl/changefeed_stmt.go:1144 ⋮ [T1,Vsystem,n1,client=169.254.169.254:18849,hostnossl,user=‹admin›] 113  changefeed planning to connect to destination kafka://broker_kafka:9092?topic_name=users_changes
I250731 22:55:45.629225 5913 ccl/changefeedccl/sink_kafka_v2.go:246 ⋮ [-] 114  updating kafka metadata for topics: [‹users_changes›]
I250731 22:55:45.651479 6084 jobs/registry.go:1681 ⋮ [T1,Vsystem,n1] 115  CHANGEFEED job 1094228854832267265: stepping through state running
I250731 22:55:45.664023 6084 1@jobs/structured_log.go:49 ⋮ [T1,Vsystem,n1] 116 ={"Timestamp":1754002545664017875,"EventType":"status_change","JobID":1094228854832267265,"JobType":"CHANGEFEED","Description":"state changed to: running","PreviousStatus":"running","NewStatus":"running","RunNum":0}
I250731 22:55:45.665888 6102 ccl/changefeedccl/changefeed_dist.go:414 ⋮ [T1,Vsystem,n1,job=CHANGEFEED id=1094228854832267265] 117  using bulk oracle for DistSQL planning
I250731 22:55:45.667665 6102 ccl/changefeedccl/changefeed_dist.go:577 ⋮ [T1,Vsystem,n1,job=CHANGEFEED id=1094228854832267265] 118  changefeed plan diagram: ‹https://cockroachdb.github.io/distsqlplan/decode.html#eJyUkd-rmzAUx9_3V8h5jpjEtLfmqWOXQR-2O7YLeygyojnaMGtcEumG-L8PdT_aQgt9PD_8fD-eDOB_NCChPKi2xgpRy4jRTHC-2azEJuV8_cTXKyDQWo0f1RE9yD0wyAl0zpbovXVTa5gXdvonSErAtF0fpnZOoLQOQQ4QTGgQJLybo97WtcNaBesSCgQ0BmWamf1VhfKAPtqzXEbJqyoaTFgmkoHFfIR8JGD78B_vg6oRJDvz2T2DpCN5VOm9s20w6BJ2KfTSBxltOdmmZCtuCvArAfaIwGf0nW09XgTfSqJXSTEbcwKoa1wewtvelfjJ2XLeXcqXGTQ3NPqwTNlS7Nq_Ix8cquO_-52T2F0Sv0fKCVSNPX0zGiQIusooFiKmKS1ioassLpgSMXvi65QjQ6oLmD5QtZ9O9OVgTzP29Vc3_WClGo8EPqjv-IwB3dG0xgdT_pmM45vfAQAA__85N-lz›
I250731 22:55:45.668327 6117 ccl/changefeedccl/sink_kafka_v2.go:246 ⋮ [-] 119  updating kafka metadata for topics: [‹users_changes›]
I250731 22:55:45.672338 6117 ccl/changefeedccl/sink_kafka_v2.go:246 ⋮ [-] 120  updating kafka metadata for topics: [‹users_changes›]
I250731 22:55:45.672317 5773 ccl/changefeedccl/kvfeed/kv_feed.go:332 ⋮ [T1,Vsystem,n1,job=1094228854832267265,change-aggregator] 121  kv feed run starting
I250731 22:55:59.520668 1873 1@ccl/changefeedccl/changefeed_stmt.go:1144 ⋮ [T1,Vsystem,n1,client=169.254.169.254:18849,hostnossl,user=‹admin›] 122  changefeed planning to connect to destination kafka://broker_kafka:9092?topic_name=users_changes
I250731 22:55:59.533510 6571 ccl/changefeedccl/sink_kafka_v2.go:246 ⋮ [-] 123  updating kafka metadata for topics: [‹users_changes›]
I250731 22:55:59.547632 6220 jobs/registry.go:1681 ⋮ [T1,Vsystem,n1] 124  CHANGEFEED job 1094228900384931841: stepping through state running
I250731 22:55:59.561436 6220 1@jobs/structured_log.go:49 ⋮ [T1,Vsystem,n1] 125 ={"Timestamp":1754002559561431923,"EventType":"status_change","JobID":1094228900384931841,"JobType":"CHANGEFEED","Description":"state changed to: running","PreviousStatus":"running","NewStatus":"running","RunNum":0}
I250731 22:55:59.563171 6636 ccl/changefeedccl/changefeed_dist.go:414 ⋮ [T1,Vsystem,n1,job=CHANGEFEED id=1094228900384931841] 126  using bulk oracle for DistSQL planning
I250731 22:55:59.564400 6636 ccl/changefeedccl/changefeed_dist.go:577 ⋮ [T1,Vsystem,n1,job=CHANGEFEED id=1094228900384931841] 127  changefeed plan diagram: ‹https://cockroachdb.github.io/distsqlplan/decode.html#eJyUkV2LnDAUhu_7K-RcR8yJ2UFzNaVLYS7aLe1CLxYpqTk6oY6xSWRbxP9e1Lb7ATMwl-fD5308mSD87EBBfdR9Sw2RUQnyUgpRlJznhSxzLCQCg94Z-qhPFEA9AELFYPCuphCcX1rTunAwv0BxBrYfxri0Kwa18wRqgmhjR6Dg3Rr1tm09tTo6n3FgYChq263srzrWRwrJA1Yqye71944yLGU2YSpmqGYGboxP-BB1S6Dwmc_hFhSf2bVK773royWf4UuhuzGqZC_YPmd7eVZAvBLAawQ-UxhcH-hF8Lkk_iopxbliQKal7SGCG31Nn7yr192tvFtBa8NQiNsUt-LQ_xuF6Emf_t_vOQkvksQlUsWg6dzjN2tAgRANipzLVMoSU9k0Ji13ZZEi3Yhc7vROFjewfKDbsJzoy9E9rtj738Pyg43uAjH4oH_QLUXyJ9vbEG39dzLPb_4EAAD__-hr6KA=›
I250731 22:55:59.564659 6605 ccl/changefeedccl/sink_kafka_v2.go:246 ⋮ [-] 128  updating kafka metadata for topics: [‹users_changes›]
I250731 22:55:59.567954 6690 ccl/changefeedccl/kvfeed/kv_feed.go:332 ⋮ [T1,Vsystem,n1,job=1094228900384931841,change-aggregator] 129  kv feed run starting
I250731 22:55:59.568163 6605 ccl/changefeedccl/sink_kafka_v2.go:246 ⋮ [-] 130  updating kafka metadata for topics: [‹users_changes›]
I250731 22:56:00.436800 1873 1@ccl/changefeedccl/changefeed_stmt.go:1144 ⋮ [T1,Vsystem,n1,client=169.254.169.254:18849,hostnossl,user=‹admin›] 131  changefeed planning to connect to destination kafka://broker_kafka:9092?topic_name=users_changes
I250731 22:56:00.448060 6726 ccl/changefeedccl/sink_kafka_v2.go:246 ⋮ [-] 132  updating kafka metadata for topics: [‹users_changes›]
I250731 22:56:00.457357 6741 jobs/registry.go:1681 ⋮ [T1,Vsystem,n1] 133  CHANGEFEED job 1094228903369867265: stepping through state running
I250731 22:56:00.470999 6741 1@jobs/structured_log.go:49 ⋮ [T1,Vsystem,n1] 134 ={"Timestamp":1754002560470996382,"EventType":"status_change","JobID":1094228903369867265,"JobType":"CHANGEFEED","Description":"state changed to: running","PreviousStatus":"running","NewStatus":"running","RunNum":0}
I250731 22:56:00.472897 6820 ccl/changefeedccl/changefeed_dist.go:414 ⋮ [T1,Vsystem,n1,job=CHANGEFEED id=1094228903369867265] 135  using bulk oracle for DistSQL planning
I250731 22:56:00.473352 6820 ccl/changefeedccl/changefeed_dist.go:577 ⋮ [T1,Vsystem,n1,job=CHANGEFEED id=1094228903369867265] 136  changefeed plan diagram: ‹https://cockroachdb.github.io/distsqlplan/decode.html#eJyUkd-rmzAUx9_3V8h5jphE69U8dewy6MN2x3ZhD0VGNEcbZo1LIt0Q__eh7kdbaKGP54ef78eTEdyPFgRUB9k1WCMqETCaJ5xnOY3jNM_SJ55ugEBnFH6UR3Qg9sCgINBbU6Fzxs6tcVnYqZ8gKAHd9YOf2wWBylgEMYLXvkUQ8G6Jets0FhvpjY0oEFDopW4X9lfpqwO6YM8KEUSvsmwxYnkSjSzkExQTATP4_3jnZYMg2JnP7hkEncijSu-t6bxGG7FLoZfBi2DLyTYm2-SmAL8SYI8IfEbXm87hRfCtJHqVFLKpIICqwfUhnBlshZ-sqZbdtXxZQEtDofPrlK3Frvs7ct6iPP673zmJ3SXxe6SCQN2a0zetQAAtMUvSMg15GtMwiRWGWZk9hQnKusZ4ozZxCfMHsnHzib4czGnBvv7q5x-sZeuQwAf5HZ_Roz3qTjuvqz-TaXrzOwAA__9wEen4›
I250731 22:56:00.473591 6826 ccl/changefeedccl/sink_kafka_v2.go:246 ⋮ [-] 137  updating kafka metadata for topics: [‹users_changes›]
I250731 22:56:00.478045 6826 ccl/changefeedccl/sink_kafka_v2.go:246 ⋮ [-] 138  updating kafka metadata for topics: [‹users_changes›]
I250731 22:56:00.478220 6872 ccl/changefeedccl/kvfeed/kv_feed.go:332 ⋮ [T1,Vsystem,n1,job=1094228903369867265,change-aggregator] 139  kv feed run starting
I250731 22:56:01.150795 1873 1@ccl/changefeedccl/changefeed_stmt.go:1144 ⋮ [T1,Vsystem,n1,client=169.254.169.254:18849,hostnossl,user=‹admin›] 140  changefeed planning to connect to destination kafka://broker_kafka:9092?topic_name=users_changes
I250731 22:56:01.161565 6878 ccl/changefeedccl/sink_kafka_v2.go:246 ⋮ [-] 141  updating kafka metadata for topics: [‹users_changes›]
I250731 22:56:01.169198 6922 jobs/registry.go:1681 ⋮ [T1,Vsystem,n1] 142  CHANGEFEED job 1094228905706487809: stepping through state running
I250731 22:56:01.179783 6922 1@jobs/structured_log.go:49 ⋮ [T1,Vsystem,n1] 143 ={"Timestamp":1754002561179780591,"EventType":"status_change","JobID":1094228905706487809,"JobType":"CHANGEFEED","Description":"state changed to: running","PreviousStatus":"running","NewStatus":"running","RunNum":0}
I250731 22:56:01.180914 6987 ccl/changefeedccl/changefeed_dist.go:414 ⋮ [T1,Vsystem,n1,job=CHANGEFEED id=1094228905706487809] 144  using bulk oracle for DistSQL planning
I250731 22:56:01.181240 6987 ccl/changefeedccl/changefeed_dist.go:577 ⋮ [T1,Vsystem,n1,job=CHANGEFEED id=1094228905706487809] 145  changefeed plan diagram: ‹https://cockroachdb.github.io/distsqlplan/decode.html#eJyUkk2rnDAUhvf9FXLWERNHR5PVlF4Ks2hvaS90cZGSmxydUMfYJHJbxP9e1H7MDMzALM8Hz_t4zAj-RwsC1EF2DdaIWkSM8ixNS07zgm6zsigpBwKd1fhRHtGDeAYGFYHeWYXeWze3xmVhr3-CoARM1w9hblcElHUIYoRgQosg4N0S9bZpHDYyWJdQIKAxSNMu7K8yqAP66JlVIkqe5EuLCeNZMrI4naCaCNgh_Mf7IBsEwU589g8g6ETuVXrvbBcMuoSdCz0OQUS7lOw2ZJddFUgvBNg9Ap_R97bzeBZ8LYleJMVsqgigbnD9Ed4OTuEnZ9Wyu5aPC2hpaPRhnbK12Hd_Rz44lMd_9zslsZuk9BapIlC39vWb0fNLkxuVFWob55S_xJlOtzGvUcVFseEl5jzPcL5_3crGzyf6crCvC_bpVz9_YC1bjwQ-yO_4gAHd0XTGB6P-TKbpze8AAAD__2C-6ao=›
I250731 22:56:01.181384 6993 ccl/changefeedccl/sink_kafka_v2.go:246 ⋮ [-] 146  updating kafka metadata for topics: [‹users_changes›]
I250731 22:56:01.183784 6993 ccl/changefeedccl/sink_kafka_v2.go:246 ⋮ [-] 147  updating kafka metadata for topics: [‹users_changes›]
I250731 22:56:01.183939 7032 ccl/changefeedccl/kvfeed/kv_feed.go:332 ⋮ [T1,Vsystem,n1,job=1094228905706487809,change-aggregator] 148  kv feed run starting
I250731 22:56:47.474842 8199 kv/kvserver/replica_consistency.go:210 ⋮ [T1,Vsystem,n1,consistencyChecker,s1,r115/1:‹/Table/19{4-5}›] 149  triggering stats recomputation to resolve delta of {ContainsEstimates:2 LastUpdateNanos:1754002558168661048 LockAge:0 GCBytesAge:0 LiveBytes:0 LiveCount:0 KeyBytes:0 KeyCount:0 ValBytes:0 ValCount:0 IntentBytes:0 IntentCount:0 LockBytes:0 LockCount:0 RangeKeyCount:0 RangeKeyBytes:0 RangeValCount:0 RangeValBytes:0 SysBytes:0 SysCount:0 AbortSpanBytes:0}
I250731 22:56:57.210928 8467 1@jobs/structured_log.go:49 ⋮ [T1,Vsystem,n1] 150 ={"Timestamp":1754002617210925005,"EventType":"status_change","JobID":1094229089309720577,"JobType":"AUTO CREATE PARTIAL STATS","Description":"state changed to: running","PreviousStatus":"running","NewStatus":"running","RunNum":0}
I250731 22:56:57.213874 8467 sql/distsql_plan_stats.go:209 ⋮ [T1,Vsystem,n1,job=AUTO CREATE PARTIAL STATS id=1094229089309720577,create-stats-distsql] 151  using computed sample size of 10000 for histogram construction
I250731 22:56:57.239793 8467 1@jobs/structured_log.go:49 ⋮ [T1,Vsystem,n1] 152 ={"Timestamp":1754002617239778880,"EventType":"status_change","JobID":1094229089309720577,"JobType":"AUTO CREATE PARTIAL STATS","Description":"state changed to: succeeded","PreviousStatus":"running","NewStatus":"succeeded","RunNum":0}
I250731 22:57:05.504985 8682 kv/kvserver/replica_consistency.go:210 ⋮ [T1,Vsystem,n1,consistencyChecker,s1,r116/1:‹/{Table/195-Max}›] 153  triggering stats recomputation to resolve delta of {ContainsEstimates:1 LastUpdateNanos:1754002557156370630 LockAge:0 GCBytesAge:0 LiveBytes:0 LiveCount:0 KeyBytes:0 KeyCount:0 ValBytes:0 ValCount:0 IntentBytes:0 IntentCount:0 LockBytes:0 LockCount:0 RangeKeyCount:0 RangeKeyBytes:0 RangeValCount:0 RangeValBytes:0 SysBytes:0 SysCount:0 AbortSpanBytes:0}
I250731 22:59:38.694070 1 1@cli/start.go:993 ⋮ [T1,Vsystem,n1] 154  received signal 'terminated'
I250731 22:59:38.698289 1 1@cli/start.go:1034 ⋮ [T1,Vsystem,n1] 155  initiating graceful shutdown of server
I250731 22:59:38.701073 12977 server/drain.go:353 ⋮ [T1,Vsystem,n1,server drain process,call-graceful-drain] 156  all tenant servers stopped
I250731 22:59:38.701794 12977 1@server/drain.go:399 ⋮ [T1,Vsystem,n1,server drain process,call-graceful-drain] 157  waiting for health probes to notice that the node is not ready for new sql connections
W250731 22:59:38.701959 12977 1@util/log/event_log.go:39 ⋮ [T1,Vsystem,n1,server drain process,call-graceful-drain] 158 ={"Timestamp":1754002778701949719,"EventType":"node_shutdown_connection_timeout","NodeID":1,"Detail":"draining SQL queries after waiting for server.shutdown.connections.timeout","ConnectionsRemaining":2,"TimeoutMillis":0}
I250731 22:59:41.702782 13150 1@server/drain.go:513 ⋮ [T1,Vsystem,n1,server drain process,call-graceful-drain] 159  number of open connections: 2
I250731 22:59:43.700691 13154 1@cli/start.go:1046 ⋮ [T1,Vsystem,n1] 160  389 running tasks
I250731 22:59:44.702221 13150 1@server/drain.go:513 ⋮ [T1,Vsystem,n1,server drain process,call-graceful-drain] 161  number of open connections: 2
I250731 22:59:47.703045 13150 1@server/drain.go:513 ⋮ [T1,Vsystem,n1,server drain process,call-graceful-drain] 162  number of open connections: 2
I250731 22:59:48.699448 13154 1@cli/start.go:1046 ⋮ [T1,Vsystem,n1] 163  389 running tasks
I250731 22:59:48.702488 12977 1@sql/pgwire/server.go:731 ⋮ [T1,Vsystem,n1,server drain process,call-graceful-drain] 164  starting draining SQL connections
W250731 22:59:48.702683 1208 jobs/registry.go:1069 ⋮ [T1,Vsystem,n1] 165  canceling all adopted jobs due to graceful drain request
I250731 22:59:48.702564 1276 sql/stats/automatic_stats.go:694 ⋮ [T1,Vsystem,n1] 166  draining auto stats refresher
I250731 22:59:48.702837 1277 sql/stats/automatic_stats.go:745 ⋮ [T1,Vsystem,n1] 167  draining stats garbage collector
W250731 22:59:48.704817 6195 kv/kvclient/kvcoord/dist_sender_mux_rangefeed.go:406 ⋮ [T1,Vsystem,n1,job=1094228854832267265,change-aggregator,mux_n=1,gen=2] 168  error closing mux rangefeed client: context canceled
E250731 22:59:48.712665 6111 ccl/changefeedccl/kvfeed/kv_feed.go:158 ⋮ [T1,Vsystem,n1,job=1094228854832267265,change-aggregator] 177  stopping kv feed due to error: context canceled
W250731 22:59:48.704835 6685 kv/kvclient/kvcoord/dist_sender_mux_rangefeed.go:406 ⋮ [T1,Vsystem,n1,job=1094228905706487809,change-aggregator,mux_n=1,gen=2] 169  error closing mux rangefeed client: context canceled
E250731 22:59:48.714098 7019 ccl/changefeedccl/kvfeed/kv_feed.go:158 ⋮ [T1,Vsystem,n1,job=1094228905706487809,change-aggregator] 178  stopping kv feed due to error: context canceled
W250731 22:59:48.705335 6702 kv/kvclient/kvcoord/dist_sender_mux_rangefeed.go:406 ⋮ [T1,Vsystem,n1,job=1094228900384931841,change-aggregator,mux_n=1,gen=2] 170  error closing mux rangefeed client: context canceled
W250731 22:59:48.705873 2516 kv/kvclient/kvcoord/dist_sender_mux_rangefeed.go:406 ⋮ [T1,Vsystem,n1,job=AUTO SPAN CONFIG RECONCILIATION id=1093557394742509569,rangefeed=‹sql-watcher-descriptor-rangefeed›,mux_n=1,gen=2] 171  error closing mux rangefeed client: context canceled
W250731 22:59:48.706109 2519 kv/kvclient/kvcoord/dist_sender_mux_rangefeed.go:406 ⋮ [T1,Vsystem,n1,job=AUTO SPAN CONFIG RECONCILIATION id=1093557394742509569,rangefeed=‹sql-watcher-zones-rangefeed›,mux_n=1,gen=2] 172  error closing mux rangefeed client: context canceled
I250731 22:59:48.706313 2219 jobs/registry.go:1681 ⋮ [T1,Vsystem,n1,job=100] 173  KEY VISUALIZER job 100: stepping through state succeeded
W250731 22:59:48.706230 2512 kv/kvclient/kvcoord/dist_sender_mux_rangefeed.go:406 ⋮ [T1,Vsystem,n1,job=AUTO SPAN CONFIG RECONCILIATION id=1093557394742509569,rangefeed=‹sql-watcher-protected-ts-records-rangefeed›,mux_n=1,gen=2] 174  error closing mux rangefeed client: context canceled
I250731 22:59:48.706457 1961 jobs/registry.go:1681 ⋮ [T1,Vsystem,n1,job=103] 175  AUTO UPDATE SQL ACTIVITY job 103: stepping through state succeeded
W250731 22:59:48.706562 6902 kv/kvclient/kvcoord/dist_sender_mux_rangefeed.go:406 ⋮ [T1,Vsystem,n1,job=1094228903369867265,change-aggregator,mux_n=1,gen=2] 176  error closing mux rangefeed client: context canceled
E250731 22:59:48.715311 6617 ccl/changefeedccl/kvfeed/kv_feed.go:158 ⋮ [T1,Vsystem,n1,job=1094228900384931841,change-aggregator] 179  stopping kv feed due to error: context canceled
I250731 22:59:48.715429 6084 ccl/changefeedccl/changefeed_stmt.go:1466 ⋮ [T1,Vsystem,n1,job=CHANGEFEED id=1094228854832267265] 180  CHANGEFEED 1094228854832267265 shutting down (cause: context canceled)
W250731 22:59:48.716802 6084 ccl/changefeedccl/changefeed_stmt.go:1335 ⋮ [T1,Vsystem,n1,job=CHANGEFEED id=1094228854832267265] 183  job failed (context canceled)
I250731 22:59:48.716014 6922 ccl/changefeedccl/changefeed_stmt.go:1466 ⋮ [T1,Vsystem,n1,job=CHANGEFEED id=1094228905706487809] 181  CHANGEFEED 1094228905706487809 shutting down (cause: context canceled)
W250731 22:59:48.717974 6922 ccl/changefeedccl/changefeed_stmt.go:1335 ⋮ [T1,Vsystem,n1,job=CHANGEFEED id=1094228905706487809] 185  job failed (context canceled)
I250731 22:59:48.717344 6220 ccl/changefeedccl/changefeed_stmt.go:1466 ⋮ [T1,Vsystem,n1,job=CHANGEFEED id=1094228900384931841] 184  CHANGEFEED 1094228900384931841 shutting down (cause: context canceled)
W250731 22:59:48.720520 6220 ccl/changefeedccl/changefeed_stmt.go:1335 ⋮ [T1,Vsystem,n1,job=CHANGEFEED id=1094228900384931841] 186  job failed (context canceled)
