I250824 17:32:44.647937 82 util/log/file_sync_buffer.go:237 ⋮ [config]   file created at: 2025/08/24 17:32:44
I250824 17:32:44.647979 82 util/log/file_sync_buffer.go:237 ⋮ [config]   running on machine: ‹32ee76644488›
I250824 17:32:44.648006 82 util/log/file_sync_buffer.go:237 ⋮ [config]   binary: CockroachDB CCL v25.2.0 (aarch64-unknown-linux-gnu, built 2025/05/15 21:07:42, go1.23.7 X:nocoverageredesign)
I250824 17:32:44.648014 82 util/log/file_sync_buffer.go:237 ⋮ [config]   arguments: [‹/cockroach/cockroach› ‹start-single-node› ‹--certs-dir=certs› ‹--advertise-addr=127.0.0.1:26257› ‹--insecure› ‹--http-addr=0.0.0.0:8080›]
I250824 17:32:44.648052 82 util/log/file_sync_buffer.go:237 ⋮ [config]   log format (utf8=✓): crdb-v2
I250824 17:32:44.648060 82 util/log/file_sync_buffer.go:237 ⋮ [config]   line format: [IWEF]yymmdd hh:mm:ss.uuuuuu goid [chan@]file:line redactionmark \[tags\] [counter] msg
I250824 17:32:44.610605 82 3@pebble/objstorage/objstorageprovider/remote.go:102 ⋮ [n?,s?,pebble] 1  remote storage configured; creatorID = 1
I250824 17:32:45.381159 82 3@pebble/open.go:1054 ⋮ [n?,s?,pebble] 2  [JOB ‹1›] WAL ‹004596: {(/cockroach/cockroach-data,000)}› stopped reading at offset: (‹/cockroach/cockroach-data/004596.log›: 1476277); replayed 5865 keys in 176 batches
I250824 17:32:45.403516 80 3@pebble/event.go:1011 ⋮ [n?,s?,pebble] 3  [JOB 2] flushing 4 memtables (1.6MB) to L0
I250824 17:32:45.414693 80 3@pebble/event.go:1039 ⋮ [n?,s?,pebble] 4  [JOB 2] flushing: sstable created 004603
I250824 17:32:45.499625 80 3@pebble/event.go:1031 ⋮ [n?,s?,pebble] 5  [JOB 2] MANIFEST created 004604
I250824 17:32:45.499823 80 3@pebble/event.go:1015 ⋮ [n?,s?,pebble] 6  [JOB 2] flushed 4 memtables (1.6MB) to L0 [004603] (132KB), in 0.1s (0.1s total), output rate 1.6MB/s
I250824 17:32:45.504204 97 3@pebble/event.go:1063 ⋮ [n?,s?,pebble] 7  [JOB 2] WAL deleted 004572
I250824 17:32:45.505882 97 3@pebble/event.go:1063 ⋮ [n?,s?,pebble] 8  [JOB 2] WAL deleted 004577
I250824 17:32:45.506313 97 3@pebble/event.go:1063 ⋮ [n?,s?,pebble] 9  [JOB 2] WAL deleted 004590
I250824 17:32:45.504882 82 3@pebble/event.go:1059 ⋮ [n?,s?,pebble] 10  [JOB 1] WAL created 004605
I250824 17:32:45.516076 97 3@pebble/event.go:1063 ⋮ [n?,s?,pebble] 11  [JOB 2] WAL deleted 004596
I250824 17:32:45.525235 115 3@pebble/event.go:999 ⋮ [n?,s?,pebble] 12  [JOB 3] compacting(default) L0 [004603] (132KB) Score=7.37 + L5 [004598 004599 004600 004601] (8.7MB) Score=0.14; OverlappingRatio: Single 67.39, Multi 0.00
I250824 17:32:45.555677 115 3@pebble/event.go:1039 ⋮ [n?,s?,pebble] 13  [JOB 3] compacting: sstable created 004607
I250824 17:32:46.094815 115 3@pebble/event.go:1039 ⋮ [n?,s?,pebble] 14  [JOB 3] compacting: sstable created 004608
I250824 17:32:46.599191 115 3@pebble/event.go:1039 ⋮ [n?,s?,pebble] 15  [JOB 3] compacting: sstable created 004609
I250824 17:32:46.839415 115 3@pebble/event.go:1039 ⋮ [n?,s?,pebble] 16  [JOB 3] compacting: sstable created 004610
I250824 17:32:46.989539 115 3@pebble/event.go:1003 ⋮ [n?,s?,pebble] 17  [JOB 3] compacted(default) L0 [004603] (132KB) Score=7.37 + L5 [004598 004599 004600 004601] (8.7MB) Score=0.14 -> L5 [004607 004608 004609 004610] (8.6MB), in 1.5s (1.5s total), output rate 5.9MB/s
I250824 17:32:47.029151 97 3@pebble/event.go:1043 ⋮ [n?,s?,pebble] 18  [JOB 3] sstable deleted 004598
I250824 17:32:47.052288 97 3@pebble/event.go:1043 ⋮ [n?,s?,pebble] 19  [JOB 3] sstable deleted 004599
I250824 17:32:47.057172 97 3@pebble/event.go:1043 ⋮ [n?,s?,pebble] 20  [JOB 3] sstable deleted 004600
I250824 17:32:47.065270 97 3@pebble/event.go:1043 ⋮ [n?,s?,pebble] 21  [JOB 3] sstable deleted 004601
I250824 17:32:47.069358 97 3@pebble/event.go:1043 ⋮ [n?,s?,pebble] 22  [JOB 3] sstable deleted 004603
I250824 17:32:47.070192 97 3@pebble/event.go:1035 ⋮ [n?,s?,pebble] 23  [JOB 1] MANIFEST deleted 004557
I250824 17:32:47.082493 97 3@pebble/event.go:1035 ⋮ [n?,s?,pebble] 24  [JOB 1] MANIFEST deleted 004571
I250824 17:32:47.087678 97 3@pebble/event.go:1043 ⋮ [n?,s?,pebble] 25  [JOB 1] sstable deleted 004579
I250824 17:32:47.088775 97 3@pebble/event.go:1043 ⋮ [n?,s?,pebble] 26  [JOB 1] sstable deleted 004580
I250824 17:32:47.099519 97 3@pebble/event.go:1043 ⋮ [n?,s?,pebble] 27  [JOB 1] sstable deleted 004581
I250824 17:32:47.108029 121 3@pebble/event.go:1051 ⋮ [n?,s?,pebble] 28  [JOB 5] all initial table stats loaded
I250824 17:32:47.148381 82 3@pebble/event.go:1031 ⋮ [n?,s?,pebble] 29  [JOB 1] MANIFEST created 000001
I250824 17:32:47.160083 82 3@pebble/event.go:1059 ⋮ [n?,s?,pebble] 30  [JOB 1] WAL created 000002
I250824 17:32:47.162147 82 3@pebble/event.go:1027 ⋮ [n?,s?,pebble] 31  upgraded to format version: 014
I250824 17:32:47.167715 82 3@pebble/event.go:1027 ⋮ [n?,s?,pebble] 32  upgraded to format version: 015
I250824 17:32:47.174753 82 3@pebble/event.go:1027 ⋮ [n?,s?,pebble] 33  upgraded to format version: 016
I250824 17:32:47.176261 82 3@pebble/event.go:1027 ⋮ [n?,s?,pebble] 34  upgraded to format version: 017
I250824 17:32:47.179925 82 3@pebble/event.go:1027 ⋮ [n?,s?,pebble] 35  upgraded to format version: 018
I250824 17:32:47.183497 82 3@pebble/event.go:1027 ⋮ [n?,s?,pebble] 36  upgraded to format version: 019
I250824 17:32:47.191831 167 3@pebble/event.go:1051 ⋮ [n?,s?,pebble] 37  [JOB 2] all initial table stats loaded
I250824 17:33:08.051759 767 3@kv/kvserver/store.go:3801 ⋮ [T1,Vsystem,n1,s1] 38  Pebble metrics:
I250824 17:33:08.051759 767 3@kv/kvserver/store.go:3801 ⋮ [T1,Vsystem,n1,s1] 38 +      |                             |       |       |   ingested   |     moved    |    written   |       |    amp
I250824 17:33:08.051759 767 3@kv/kvserver/store.go:3801 ⋮ [T1,Vsystem,n1,s1] 38 +level | tables  size val-bl vtables | score |   in  | tables  size | tables  size | tables  size |  read |   r   w
I250824 17:33:08.051759 767 3@kv/kvserver/store.go:3801 ⋮ [T1,Vsystem,n1,s1] 38 +------+-----------------------------+-------+-------+--------------+--------------+--------------+-------+---------
I250824 17:33:08.051759 767 3@kv/kvserver/store.go:3801 ⋮ [T1,Vsystem,n1,s1] 38 +    0 |     0     0B     0B       0 |  0.00 | 1.4MB |     0     0B |     0     0B |     1  132KB |    0B |   0  0.1
I250824 17:33:08.051759 767 3@kv/kvserver/store.go:3801 ⋮ [T1,Vsystem,n1,s1] 38 +    1 |     0     0B     0B       0 |  0.00 |    0B |     0     0B |     0     0B |     0     0B |    0B |   0  0.0
I250824 17:33:08.051759 767 3@kv/kvserver/store.go:3801 ⋮ [T1,Vsystem,n1,s1] 38 +    2 |     0     0B     0B       0 |  0.00 |    0B |     0     0B |     0     0B |     0     0B |    0B |   0  0.0
I250824 17:33:08.051759 767 3@kv/kvserver/store.go:3801 ⋮ [T1,Vsystem,n1,s1] 38 +    3 |     0     0B     0B       0 |  0.00 |    0B |     0     0B |     0     0B |     0     0B |    0B |   0  0.0
I250824 17:33:08.051759 767 3@kv/kvserver/store.go:3801 ⋮ [T1,Vsystem,n1,s1] 38 +    4 |     0     0B     0B       0 |  0.00 |    0B |     0     0B |     0     0B |     0     0B |    0B |   0  0.0
I250824 17:33:08.051759 767 3@kv/kvserver/store.go:3801 ⋮ [T1,Vsystem,n1,s1] 38 +    5 |     4  8.6MB  258KB       0 |  0.25 | 132KB |     0     0B |     0     0B |     4  8.6MB | 8.8MB |   1 66.9
I250824 17:33:08.051759 767 3@kv/kvserver/store.go:3801 ⋮ [T1,Vsystem,n1,s1] 38 +    6 |    12   86MB   69KB       0 |     - |    0B |     0     0B |     0     0B |     0     0B |    0B |   1  0.0
I250824 17:33:08.051759 767 3@kv/kvserver/store.go:3801 ⋮ [T1,Vsystem,n1,s1] 38 +total |    16   94MB  327KB       0 |     - | 3.7MB |     0     0B |     0     0B |     5   12MB | 8.8MB |   2  3.3
I250824 17:33:08.051759 767 3@kv/kvserver/store.go:3801 ⋮ [T1,Vsystem,n1,s1] 38 +-------------------------------------------------------------------------------------------------------------------
I250824 17:33:08.051759 767 3@kv/kvserver/store.go:3801 ⋮ [T1,Vsystem,n1,s1] 38 +WAL: 1 files (2.3MB)  in: 2.3MB  written: 3.7MB (62% overhead)
I250824 17:33:08.051759 767 3@kv/kvserver/store.go:3801 ⋮ [T1,Vsystem,n1,s1] 38 +Flushes: 1
I250824 17:33:08.051759 767 3@kv/kvserver/store.go:3801 ⋮ [T1,Vsystem,n1,s1] 38 +Compactions: 1  estimated debt: 0B  in progress: 0 (0B)
I250824 17:33:08.051759 767 3@kv/kvserver/store.go:3801 ⋮ [T1,Vsystem,n1,s1] 38 +             default: 1  delete: 0  elision: 0  move: 0  read: 0  tombstone-density: 0  rewrite: 0  copy: 0  multi-level: 0
I250824 17:33:08.051759 767 3@kv/kvserver/store.go:3801 ⋮ [T1,Vsystem,n1,s1] 38 +MemTables: 1 (4.0MB)  zombie: 1 (2.0MB)
I250824 17:33:08.051759 767 3@kv/kvserver/store.go:3801 ⋮ [T1,Vsystem,n1,s1] 38 +Zombie tables: 0 (0B, local: 0B)
I250824 17:33:08.051759 767 3@kv/kvserver/store.go:3801 ⋮ [T1,Vsystem,n1,s1] 38 +Backing tables: 0 (0B)
I250824 17:33:08.051759 767 3@kv/kvserver/store.go:3801 ⋮ [T1,Vsystem,n1,s1] 38 +Virtual tables: 0 (0B)
I250824 17:33:08.051759 767 3@kv/kvserver/store.go:3801 ⋮ [T1,Vsystem,n1,s1] 38 +Local tables size: 94MB
I250824 17:33:08.051759 767 3@kv/kvserver/store.go:3801 ⋮ [T1,Vsystem,n1,s1] 38 +Compression types: snappy: 16
I250824 17:33:08.051759 767 3@kv/kvserver/store.go:3801 ⋮ [T1,Vsystem,n1,s1] 38 +Block cache: 90 entries (3.1MB)  hit rate: 84.6%
I250824 17:33:08.051759 767 3@kv/kvserver/store.go:3801 ⋮ [T1,Vsystem,n1,s1] 38 +Table cache: 15 entries (12KB)  hit rate: 99.5%
I250824 17:33:08.051759 767 3@kv/kvserver/store.go:3801 ⋮ [T1,Vsystem,n1,s1] 38 +Snapshots: 0  earliest seq num: 0
I250824 17:33:08.051759 767 3@kv/kvserver/store.go:3801 ⋮ [T1,Vsystem,n1,s1] 38 +Table iters: 0
I250824 17:33:08.051759 767 3@kv/kvserver/store.go:3801 ⋮ [T1,Vsystem,n1,s1] 38 +Filter utility: 64.0%
I250824 17:33:08.051759 767 3@kv/kvserver/store.go:3801 ⋮ [T1,Vsystem,n1,s1] 38 +Ingestions: 0  as flushable: 0 (0B in 0 tables)
I250824 17:33:08.051759 767 3@kv/kvserver/store.go:3801 ⋮ [T1,Vsystem,n1,s1] 38 +Cgo memory usage: 9.4MB  block cache: 3.2MB (data: 3.1MB, maps: 16KB, entries: 7.0KB)  memtables: 6.3MB
I250824 17:33:18.153021 735 3@pebble/event.go:1059 ⋮ [n1,s1,pebble] 39  [JOB 6] WAL created 004611
I250824 17:34:18.417259 719 3@pebble/event.go:1059 ⋮ [n1,s1,pebble] 40  [JOB 7] WAL created 004612
I250824 17:36:28.360713 711 3@pebble/event.go:1059 ⋮ [n1,s1,pebble] 41  [JOB 8] WAL created 004613
I250824 17:40:39.502864 731 3@pebble/event.go:1059 ⋮ [n1,s1,pebble] 42  [JOB 9] WAL created 004614
I250824 17:40:39.548144 11633 3@pebble/event.go:1011 ⋮ [n1,s1,pebble] 43  [JOB 10] flushing 4 memtables (59MB) to L0
I250824 17:40:39.566983 11633 3@pebble/event.go:1039 ⋮ [n1,s1,pebble] 44  [JOB 10] flushing: sstable created 004615
I250824 17:40:39.998107 11633 3@pebble/event.go:1015 ⋮ [n1,s1,pebble] 45  [JOB 10] flushed 4 memtables (59MB) to L0 [004615] (548KB), in 0.4s (0.4s total), output rate 1.2MB/s
I250824 17:40:40.040519 11671 3@pebble/event.go:999 ⋮ [n1,s1,pebble] 46  [JOB 12] compacting(default) L0 [004615] (548KB) Score=7.43 + L5 [004607 004608 004609 004610] (8.6MB) Score=0.25; OverlappingRatio: Single 16.10, Multi 0.00
I250824 17:40:40.084201 11671 3@pebble/event.go:1039 ⋮ [n1,s1,pebble] 47  [JOB 12] compacting: sstable created 004616
I250824 17:40:40.667444 11671 3@pebble/event.go:1039 ⋮ [n1,s1,pebble] 48  [JOB 12] compacting: sstable created 004617
I250824 17:40:40.835781 11671 3@pebble/event.go:1039 ⋮ [n1,s1,pebble] 49  [JOB 12] compacting: sstable created 004618
I250824 17:40:40.941646 11671 3@pebble/event.go:1039 ⋮ [n1,s1,pebble] 50  [JOB 12] compacting: sstable created 004619
I250824 17:40:40.992096 11671 3@pebble/event.go:1003 ⋮ [n1,s1,pebble] 51  [JOB 12] compacted(default) L0 [004615] (548KB) Score=7.43 + L5 [004607 004608 004609 004610] (8.6MB) Score=0.25 -> L5 [004616 004617 004618 004619] (9.0MB), in 1.0s (1.0s total), output rate 9.5MB/s
I250824 17:40:40.998488 97 3@pebble/event.go:1043 ⋮ [n1,s1,pebble] 52  [JOB 12] sstable deleted 004607
I250824 17:40:40.999689 97 3@pebble/event.go:1043 ⋮ [n1,s1,pebble] 53  [JOB 12] sstable deleted 004608
I250824 17:40:41.000297 97 3@pebble/event.go:1043 ⋮ [n1,s1,pebble] 54  [JOB 12] sstable deleted 004609
I250824 17:40:41.001340 97 3@pebble/event.go:1043 ⋮ [n1,s1,pebble] 55  [JOB 12] sstable deleted 004610
I250824 17:40:41.007026 97 3@pebble/event.go:1043 ⋮ [n1,s1,pebble] 56  [JOB 12] sstable deleted 004615
I250824 17:43:08.046947 767 3@kv/kvserver/store.go:3801 ⋮ [T1,Vsystem,n1,s1] 57  Pebble metrics:
I250824 17:43:08.046947 767 3@kv/kvserver/store.go:3801 ⋮ [T1,Vsystem,n1,s1] 57 +      |                             |       |       |   ingested   |     moved    |    written   |       |    amp
I250824 17:43:08.046947 767 3@kv/kvserver/store.go:3801 ⋮ [T1,Vsystem,n1,s1] 57 +level | tables  size val-bl vtables | score |   in  | tables  size | tables  size | tables  size |  read |   r   w
I250824 17:43:08.046947 767 3@kv/kvserver/store.go:3801 ⋮ [T1,Vsystem,n1,s1] 57 +------+-----------------------------+-------+-------+--------------+--------------+--------------+-------+---------
I250824 17:43:08.046947 767 3@kv/kvserver/store.go:3801 ⋮ [T1,Vsystem,n1,s1] 57 +    0 |     0     0B     0B       0 |  0.00 |  55MB |     0     0B |     0     0B |     2  680KB |    0B |   0  0.0
I250824 17:43:08.046947 767 3@kv/kvserver/store.go:3801 ⋮ [T1,Vsystem,n1,s1] 57 +    1 |     0     0B     0B       0 |  0.00 |    0B |     0     0B |     0     0B |     0     0B |    0B |   0  0.0
I250824 17:43:08.046947 767 3@kv/kvserver/store.go:3801 ⋮ [T1,Vsystem,n1,s1] 57 +    2 |     0     0B     0B       0 |  0.00 |    0B |     0     0B |     0     0B |     0     0B |    0B |   0  0.0
I250824 17:43:08.046947 767 3@kv/kvserver/store.go:3801 ⋮ [T1,Vsystem,n1,s1] 57 +    3 |     0     0B     0B       0 |  0.00 |    0B |     0     0B |     0     0B |     0     0B |    0B |   0  0.0
I250824 17:43:08.046947 767 3@kv/kvserver/store.go:3801 ⋮ [T1,Vsystem,n1,s1] 57 +    4 |     0     0B     0B       0 |  0.00 |    0B |     0     0B |     0     0B |     0     0B |    0B |   0  0.0
I250824 17:43:08.046947 767 3@kv/kvserver/store.go:3801 ⋮ [T1,Vsystem,n1,s1] 57 +    5 |     4  9.0MB  261KB       0 |  0.26 | 680KB |     0     0B |     0     0B |     8   18MB |  18MB |   1 26.5
I250824 17:43:08.046947 767 3@kv/kvserver/store.go:3801 ⋮ [T1,Vsystem,n1,s1] 57 +    6 |    12   86MB   69KB       0 |     - |    0B |     0     0B |     0     0B |     0     0B |    0B |   1  0.0
I250824 17:43:08.046947 767 3@kv/kvserver/store.go:3801 ⋮ [T1,Vsystem,n1,s1] 57 +total |    16   94MB  330KB       0 |     - |  72MB |     0     0B |     0     0B |    10   90MB |  18MB |   2  1.3
I250824 17:43:08.046947 767 3@kv/kvserver/store.go:3801 ⋮ [T1,Vsystem,n1,s1] 57 +-------------------------------------------------------------------------------------------------------------------
I250824 17:43:08.046947 767 3@kv/kvserver/store.go:3801 ⋮ [T1,Vsystem,n1,s1] 57 +WAL: 1 files (17MB)  in: 70MB  written: 72MB (2% overhead)
I250824 17:43:08.046947 767 3@kv/kvserver/store.go:3801 ⋮ [T1,Vsystem,n1,s1] 57 +Flushes: 2
I250824 17:43:08.046947 767 3@kv/kvserver/store.go:3801 ⋮ [T1,Vsystem,n1,s1] 57 +Compactions: 2  estimated debt: 0B  in progress: 0 (0B)
I250824 17:43:08.046947 767 3@kv/kvserver/store.go:3801 ⋮ [T1,Vsystem,n1,s1] 57 +             default: 2  delete: 0  elision: 0  move: 0  read: 0  tombstone-density: 0  rewrite: 0  copy: 0  multi-level: 0
I250824 17:43:08.046947 767 3@kv/kvserver/store.go:3801 ⋮ [T1,Vsystem,n1,s1] 57 +MemTables: 1 (64MB)  zombie: 1 (32MB)
I250824 17:43:08.046947 767 3@kv/kvserver/store.go:3801 ⋮ [T1,Vsystem,n1,s1] 57 +Zombie tables: 0 (0B, local: 0B)
I250824 17:43:08.046947 767 3@kv/kvserver/store.go:3801 ⋮ [T1,Vsystem,n1,s1] 57 +Backing tables: 0 (0B)
I250824 17:43:08.046947 767 3@kv/kvserver/store.go:3801 ⋮ [T1,Vsystem,n1,s1] 57 +Virtual tables: 0 (0B)
I250824 17:43:08.046947 767 3@kv/kvserver/store.go:3801 ⋮ [T1,Vsystem,n1,s1] 57 +Local tables size: 94MB
I250824 17:43:08.046947 767 3@kv/kvserver/store.go:3801 ⋮ [T1,Vsystem,n1,s1] 57 +Compression types: snappy: 16
I250824 17:43:08.046947 767 3@kv/kvserver/store.go:3801 ⋮ [T1,Vsystem,n1,s1] 57 +Block cache: 333 entries (9.1MB)  hit rate: 95.1%
I250824 17:43:08.046947 767 3@kv/kvserver/store.go:3801 ⋮ [T1,Vsystem,n1,s1] 57 +Table cache: 15 entries (12KB)  hit rate: 99.9%
I250824 17:43:08.046947 767 3@kv/kvserver/store.go:3801 ⋮ [T1,Vsystem,n1,s1] 57 +Snapshots: 0  earliest seq num: 0
I250824 17:43:08.046947 767 3@kv/kvserver/store.go:3801 ⋮ [T1,Vsystem,n1,s1] 57 +Table iters: 0
I250824 17:43:08.046947 767 3@kv/kvserver/store.go:3801 ⋮ [T1,Vsystem,n1,s1] 57 +Filter utility: 73.9%
I250824 17:43:08.046947 767 3@kv/kvserver/store.go:3801 ⋮ [T1,Vsystem,n1,s1] 57 +Ingestions: 0  as flushable: 0 (0B in 0 tables)
I250824 17:43:08.046947 767 3@kv/kvserver/store.go:3801 ⋮ [T1,Vsystem,n1,s1] 57 +Cgo memory usage: 106MB  block cache: 9.2MB (data: 9.2MB, maps: 29KB, entries: 26KB)  memtables: 96MB
