I250817 14:54:30.087195 41 util/log/file_sync_buffer.go:237 ⋮ [config]   file created at: 2025/08/17 14:54:30
I250817 14:54:30.087200 41 util/log/file_sync_buffer.go:237 ⋮ [config]   running on machine: ‹ea5221a614ab›
I250817 14:54:30.087205 41 util/log/file_sync_buffer.go:237 ⋮ [config]   binary: CockroachDB CCL v25.2.0 (aarch64-unknown-linux-gnu, built 2025/05/15 21:07:42, go1.23.7 X:nocoverageredesign)
I250817 14:54:30.087208 41 util/log/file_sync_buffer.go:237 ⋮ [config]   arguments: [‹/cockroach/cockroach› ‹start-single-node› ‹--certs-dir=certs› ‹--advertise-addr=127.0.0.1:26257› ‹--insecure› ‹--http-addr=0.0.0.0:8080›]
I250817 14:54:30.087214 41 util/log/file_sync_buffer.go:237 ⋮ [config]   log format (utf8=✓): crdb-v2
I250817 14:54:30.087216 41 util/log/file_sync_buffer.go:237 ⋮ [config]   line format: [IWEF]yymmdd hh:mm:ss.uuuuuu goid [chan@]file:line redactionmark \[tags\] [counter] msg
I250817 14:54:30.086780 41 3@pebble/objstorage/objstorageprovider/remote.go:102 ⋮ [n?,s?,pebble] 1  remote storage configured; creatorID = 1
I250817 14:54:30.090302 41 3@pebble/open.go:1054 ⋮ [n?,s?,pebble] 2  [JOB ‹1›] WAL ‹000002: {(/cockroach/cockroach-data,000)}› stopped reading at offset: (‹/cockroach/cockroach-data/000002.log›: 116140); replayed 1075 keys in 102 batches
I250817 14:54:30.091828 41 3@pebble/open.go:1054 ⋮ [n?,s?,pebble] 3  [JOB ‹1›] WAL ‹000004: {(/cockroach/cockroach-data,000)}› stopped reading at offset: (‹/cockroach/cockroach-data/000004.log›: 396141); replayed 10 keys in 7 batches
I250817 14:54:30.092867 41 3@pebble/open.go:1054 ⋮ [n?,s?,pebble] 4  [JOB ‹1›] WAL ‹000005: {(/cockroach/cockroach-data,000)}› stopped reading at offset: (‹/cockroach/cockroach-data/000005.log›: 157455); replayed 1 keys in 1 batches
I250817 14:54:30.098175 41 3@pebble/open.go:1054 ⋮ [n?,s?,pebble] 5  [JOB ‹1›] WAL ‹000006: {(/cockroach/cockroach-data,000)}› stopped reading at offset: (‹/cockroach/cockroach-data/000006.log›: 1586227); replayed 7004 keys in 1621 batches
I250817 14:54:30.102001 41 3@pebble/open.go:1054 ⋮ [n?,s?,pebble] 6  [JOB ‹1›] WAL ‹000007: {(/cockroach/cockroach-data,000)}› stopped reading at offset: (‹/cockroach/cockroach-data/000007.log›: 744010); replayed 3410 keys in 118 batches
I250817 14:54:30.102140 98 3@pebble/event.go:1011 ⋮ [n?,s?,pebble] 7  [JOB 2] flushing 6 memtables (3.2MB) to L0
I250817 14:54:30.102553 98 3@pebble/event.go:1039 ⋮ [n?,s?,pebble] 8  [JOB 2] flushing: sstable created 000009
I250817 14:54:30.110066 98 3@pebble/event.go:1031 ⋮ [n?,s?,pebble] 9  [JOB 2] MANIFEST created 000010
I250817 14:54:30.110115 98 3@pebble/event.go:1015 ⋮ [n?,s?,pebble] 10  [JOB 2] flushed 6 memtables (3.2MB) to L0 [000009] (281KB), in 0.0s (0.0s total), output rate 39MB/s
I250817 14:54:30.110496 88 3@pebble/event.go:1063 ⋮ [n?,s?,pebble] 11  [JOB 2] WAL deleted 000002
I250817 14:54:30.110516 41 3@pebble/event.go:1059 ⋮ [n?,s?,pebble] 12  [JOB 1] WAL created 000011
I250817 14:54:30.110675 88 3@pebble/event.go:1063 ⋮ [n?,s?,pebble] 13  [JOB 2] WAL deleted 000004
I250817 14:54:30.110903 88 3@pebble/event.go:1063 ⋮ [n?,s?,pebble] 14  [JOB 2] WAL deleted 000005
I250817 14:54:30.111072 88 3@pebble/event.go:1063 ⋮ [n?,s?,pebble] 15  [JOB 2] WAL deleted 000006
I250817 14:54:30.111210 88 3@pebble/event.go:1063 ⋮ [n?,s?,pebble] 16  [JOB 2] WAL deleted 000007
I250817 14:54:30.111758 116 3@pebble/event.go:999 ⋮ [n?,s?,pebble] 17  [JOB 3] compacting(move) L0 [000009] (281KB) Score=100.00 + L6 [] (0B) Score=0.00; OverlappingRatio: Single 0.00, Multi 0.00
I250817 14:54:30.111861 116 3@pebble/event.go:1003 ⋮ [n?,s?,pebble] 18  [JOB 3] compacted(move) L0 [000009] (281KB) Score=100.00 + L6 [] (0B) Score=0.00 -> L6 [000009] (281KB), in 0.0s (0.0s total), output rate 201GB/s
I250817 14:54:30.112380 120 3@pebble/event.go:1051 ⋮ [n?,s?,pebble] 19  [JOB 4] all initial table stats loaded
I250817 14:54:30.117725 41 3@pebble/event.go:1031 ⋮ [n?,s?,pebble] 20  [JOB 1] MANIFEST created 000001
I250817 14:54:30.118151 41 3@pebble/event.go:1059 ⋮ [n?,s?,pebble] 21  [JOB 1] WAL created 000002
I250817 14:54:30.118395 41 3@pebble/event.go:1027 ⋮ [n?,s?,pebble] 22  upgraded to format version: 014
I250817 14:54:30.118713 41 3@pebble/event.go:1027 ⋮ [n?,s?,pebble] 23  upgraded to format version: 015
I250817 14:54:30.119034 41 3@pebble/event.go:1027 ⋮ [n?,s?,pebble] 24  upgraded to format version: 016
I250817 14:54:30.119354 41 3@pebble/event.go:1027 ⋮ [n?,s?,pebble] 25  upgraded to format version: 017
I250817 14:54:30.119668 41 3@pebble/event.go:1027 ⋮ [n?,s?,pebble] 26  upgraded to format version: 018
I250817 14:54:30.119952 41 3@pebble/event.go:1027 ⋮ [n?,s?,pebble] 27  upgraded to format version: 019
I250817 14:54:30.121113 161 3@pebble/event.go:1051 ⋮ [n?,s?,pebble] 28  [JOB 2] all initial table stats loaded
I250817 14:54:50.672874 850 3@kv/kvserver/store.go:3801 ⋮ [T1,Vsystem,n1,s1] 29  Pebble metrics:
I250817 14:54:50.672874 850 3@kv/kvserver/store.go:3801 ⋮ [T1,Vsystem,n1,s1] 29 +      |                             |       |       |   ingested   |     moved    |    written   |       |    amp
I250817 14:54:50.672874 850 3@kv/kvserver/store.go:3801 ⋮ [T1,Vsystem,n1,s1] 29 +level | tables  size val-bl vtables | score |   in  | tables  size | tables  size | tables  size |  read |   r   w
I250817 14:54:50.672874 850 3@kv/kvserver/store.go:3801 ⋮ [T1,Vsystem,n1,s1] 29 +------+-----------------------------+-------+-------+--------------+--------------+--------------+-------+---------
I250817 14:54:50.672874 850 3@kv/kvserver/store.go:3801 ⋮ [T1,Vsystem,n1,s1] 29 +    0 |     0     0B     0B       0 |  0.00 | 2.9MB |     0     0B |     0     0B |     1  281KB |    0B |   0  0.1
I250817 14:54:50.672874 850 3@kv/kvserver/store.go:3801 ⋮ [T1,Vsystem,n1,s1] 29 +    1 |     0     0B     0B       0 |  0.00 |    0B |     0     0B |     0     0B |     0     0B |    0B |   0  0.0
I250817 14:54:50.672874 850 3@kv/kvserver/store.go:3801 ⋮ [T1,Vsystem,n1,s1] 29 +    2 |     0     0B     0B       0 |  0.00 |    0B |     0     0B |     0     0B |     0     0B |    0B |   0  0.0
I250817 14:54:50.672874 850 3@kv/kvserver/store.go:3801 ⋮ [T1,Vsystem,n1,s1] 29 +    3 |     0     0B     0B       0 |  0.00 |    0B |     0     0B |     0     0B |     0     0B |    0B |   0  0.0
I250817 14:54:50.672874 850 3@kv/kvserver/store.go:3801 ⋮ [T1,Vsystem,n1,s1] 29 +    4 |     0     0B     0B       0 |  0.00 |    0B |     0     0B |     0     0B |     0     0B |    0B |   0  0.0
I250817 14:54:50.672874 850 3@kv/kvserver/store.go:3801 ⋮ [T1,Vsystem,n1,s1] 29 +    5 |     0     0B     0B       0 |  0.00 |    0B |     0     0B |     0     0B |     0     0B |    0B |   0  0.0
I250817 14:54:50.672874 850 3@kv/kvserver/store.go:3801 ⋮ [T1,Vsystem,n1,s1] 29 +    6 |     1  281KB  1.8KB       0 |     - |    0B |     0     0B |     1  281KB |     0     0B |    0B |   1  0.0
I250817 14:54:50.672874 850 3@kv/kvserver/store.go:3801 ⋮ [T1,Vsystem,n1,s1] 29 +total |     1  281KB  1.8KB       0 |     - | 5.2MB |     0     0B |     1  281KB |     1  5.4MB |    0B |   1  1.1
I250817 14:54:50.672874 850 3@kv/kvserver/store.go:3801 ⋮ [T1,Vsystem,n1,s1] 29 +-------------------------------------------------------------------------------------------------------------------
I250817 14:54:50.672874 850 3@kv/kvserver/store.go:3801 ⋮ [T1,Vsystem,n1,s1] 29 +WAL: 1 files (2.3MB)  in: 2.3MB  written: 5.2MB (126% overhead)
I250817 14:54:50.672874 850 3@kv/kvserver/store.go:3801 ⋮ [T1,Vsystem,n1,s1] 29 +Flushes: 1
I250817 14:54:50.672874 850 3@kv/kvserver/store.go:3801 ⋮ [T1,Vsystem,n1,s1] 29 +Compactions: 1  estimated debt: 0B  in progress: 0 (0B)
I250817 14:54:50.672874 850 3@kv/kvserver/store.go:3801 ⋮ [T1,Vsystem,n1,s1] 29 +             default: 0  delete: 0  elision: 0  move: 1  read: 0  tombstone-density: 0  rewrite: 0  copy: 0  multi-level: 0
I250817 14:54:50.672874 850 3@kv/kvserver/store.go:3801 ⋮ [T1,Vsystem,n1,s1] 29 +MemTables: 1 (16MB)  zombie: 1 (8.0MB)
I250817 14:54:50.672874 850 3@kv/kvserver/store.go:3801 ⋮ [T1,Vsystem,n1,s1] 29 +Zombie tables: 0 (0B, local: 0B)
I250817 14:54:50.672874 850 3@kv/kvserver/store.go:3801 ⋮ [T1,Vsystem,n1,s1] 29 +Backing tables: 0 (0B)
I250817 14:54:50.672874 850 3@kv/kvserver/store.go:3801 ⋮ [T1,Vsystem,n1,s1] 29 +Virtual tables: 0 (0B)
I250817 14:54:50.672874 850 3@kv/kvserver/store.go:3801 ⋮ [T1,Vsystem,n1,s1] 29 +Local tables size: 281KB
I250817 14:54:50.672874 850 3@kv/kvserver/store.go:3801 ⋮ [T1,Vsystem,n1,s1] 29 +Compression types: snappy: 1
I250817 14:54:50.672874 850 3@kv/kvserver/store.go:3801 ⋮ [T1,Vsystem,n1,s1] 29 +Block cache: 24 entries (858KB)  hit rate: 99.5%
I250817 14:54:50.672874 850 3@kv/kvserver/store.go:3801 ⋮ [T1,Vsystem,n1,s1] 29 +Table cache: 1 entries (832B)  hit rate: 100.0%
I250817 14:54:50.672874 850 3@kv/kvserver/store.go:3801 ⋮ [T1,Vsystem,n1,s1] 29 +Snapshots: 0  earliest seq num: 0
I250817 14:54:50.672874 850 3@kv/kvserver/store.go:3801 ⋮ [T1,Vsystem,n1,s1] 29 +Table iters: 0
I250817 14:54:50.672874 850 3@kv/kvserver/store.go:3801 ⋮ [T1,Vsystem,n1,s1] 29 +Filter utility: 0.0%
I250817 14:54:50.672874 850 3@kv/kvserver/store.go:3801 ⋮ [T1,Vsystem,n1,s1] 29 +Ingestions: 0  as flushable: 0 (0B in 0 tables)
I250817 14:54:50.672874 850 3@kv/kvserver/store.go:3801 ⋮ [T1,Vsystem,n1,s1] 29 +Cgo memory usage: 25MB  block cache: 877KB (data: 859KB, maps: 16KB, entries: 1.9KB)  memtables: 24MB
I250817 14:55:50.697150 738 3@pebble/event.go:1059 ⋮ [n1,s1,pebble] 30  [JOB 5] WAL created 000013
I250817 15:00:00.738030 737 3@pebble/event.go:1059 ⋮ [n1,s1,pebble] 31  [JOB 6] WAL created 000014
I250817 15:00:00.740346 15745 3@pebble/event.go:1011 ⋮ [n1,s1,pebble] 32  [JOB 7] flushing 2 memtables (47MB) to L0
I250817 15:00:00.741423 15745 3@pebble/event.go:1039 ⋮ [n1,s1,pebble] 33  [JOB 7] flushing: sstable created 000015
I250817 15:00:00.828642 15745 3@pebble/event.go:1015 ⋮ [n1,s1,pebble] 34  [JOB 7] flushed 2 memtables (47MB) to L0 [000015] (700KB), in 0.1s (0.1s total), output rate 7.8MB/s
I250817 15:00:00.831555 15765 3@pebble/event.go:999 ⋮ [n1,s1,pebble] 35  [JOB 8] compacting(default) L0 [000015] (700KB) Score=100.00 + L6 [000009] (281KB) Score=0.00; OverlappingRatio: Single 0.40, Multi 0.00
I250817 15:00:00.834941 15765 3@pebble/event.go:1039 ⋮ [n1,s1,pebble] 36  [JOB 8] compacting: sstable created 000016
I250817 15:00:00.859966 15765 3@pebble/event.go:1003 ⋮ [n1,s1,pebble] 37  [JOB 8] compacted(default) L0 [000015] (700KB) Score=100.00 + L6 [000009] (281KB) Score=0.00 -> L6 [000016] (689KB), in 0.0s (0.0s total), output rate 24MB/s
I250817 15:00:00.861060 88 3@pebble/event.go:1043 ⋮ [n1,s1,pebble] 38  [JOB 8] sstable deleted 000009
I250817 15:00:00.861330 88 3@pebble/event.go:1043 ⋮ [n1,s1,pebble] 39  [JOB 8] sstable deleted 000015
I250817 15:04:50.674036 850 3@kv/kvserver/store.go:3801 ⋮ [T1,Vsystem,n1,s1] 40  Pebble metrics:
I250817 15:04:50.674036 850 3@kv/kvserver/store.go:3801 ⋮ [T1,Vsystem,n1,s1] 40 +      |                             |       |       |   ingested   |     moved    |    written   |       |    amp
I250817 15:04:50.674036 850 3@kv/kvserver/store.go:3801 ⋮ [T1,Vsystem,n1,s1] 40 +level | tables  size val-bl vtables | score |   in  | tables  size | tables  size | tables  size |  read |   r   w
I250817 15:04:50.674036 850 3@kv/kvserver/store.go:3801 ⋮ [T1,Vsystem,n1,s1] 40 +------+-----------------------------+-------+-------+--------------+--------------+--------------+-------+---------
I250817 15:04:50.674036 850 3@kv/kvserver/store.go:3801 ⋮ [T1,Vsystem,n1,s1] 40 +    0 |     0     0B     0B       0 |  0.00 |  45MB |     0     0B |     0     0B |     2  981KB |    0B |   0  0.0
I250817 15:04:50.674036 850 3@kv/kvserver/store.go:3801 ⋮ [T1,Vsystem,n1,s1] 40 +    1 |     0     0B     0B       0 |  0.00 |    0B |     0     0B |     0     0B |     0     0B |    0B |   0  0.0
I250817 15:04:50.674036 850 3@kv/kvserver/store.go:3801 ⋮ [T1,Vsystem,n1,s1] 40 +    2 |     0     0B     0B       0 |  0.00 |    0B |     0     0B |     0     0B |     0     0B |    0B |   0  0.0
I250817 15:04:50.674036 850 3@kv/kvserver/store.go:3801 ⋮ [T1,Vsystem,n1,s1] 40 +    3 |     0     0B     0B       0 |  0.00 |    0B |     0     0B |     0     0B |     0     0B |    0B |   0  0.0
I250817 15:04:50.674036 850 3@kv/kvserver/store.go:3801 ⋮ [T1,Vsystem,n1,s1] 40 +    4 |     0     0B     0B       0 |  0.00 |    0B |     0     0B |     0     0B |     0     0B |    0B |   0  0.0
I250817 15:04:50.674036 850 3@kv/kvserver/store.go:3801 ⋮ [T1,Vsystem,n1,s1] 40 +    5 |     0     0B     0B       0 |  0.00 |    0B |     0     0B |     0     0B |     0     0B |    0B |   0  0.0
I250817 15:04:50.674036 850 3@kv/kvserver/store.go:3801 ⋮ [T1,Vsystem,n1,s1] 40 +    6 |     1  689KB   55KB       0 |     - | 700KB |     0     0B |     1  281KB |     1  689KB | 981KB |   1  1.0
I250817 15:04:50.674036 850 3@kv/kvserver/store.go:3801 ⋮ [T1,Vsystem,n1,s1] 40 +total |     1  689KB   55KB       0 |     - |  80MB |     0     0B |     1  281KB |     3   82MB | 981KB |   1  1.0
I250817 15:04:50.674036 850 3@kv/kvserver/store.go:3801 ⋮ [T1,Vsystem,n1,s1] 40 +-------------------------------------------------------------------------------------------------------------------
I250817 15:04:50.674036 850 3@kv/kvserver/store.go:3801 ⋮ [T1,Vsystem,n1,s1] 40 +WAL: 1 files (35MB)  in: 77MB  written: 80MB (4% overhead)
I250817 15:04:50.674036 850 3@kv/kvserver/store.go:3801 ⋮ [T1,Vsystem,n1,s1] 40 +Flushes: 2
I250817 15:04:50.674036 850 3@kv/kvserver/store.go:3801 ⋮ [T1,Vsystem,n1,s1] 40 +Compactions: 2  estimated debt: 0B  in progress: 0 (0B)
I250817 15:04:50.674036 850 3@kv/kvserver/store.go:3801 ⋮ [T1,Vsystem,n1,s1] 40 +             default: 1  delete: 0  elision: 0  move: 1  read: 0  tombstone-density: 0  rewrite: 0  copy: 0  multi-level: 0
I250817 15:04:50.674036 850 3@kv/kvserver/store.go:3801 ⋮ [T1,Vsystem,n1,s1] 40 +MemTables: 1 (64MB)  zombie: 1 (32MB)
I250817 15:04:50.674036 850 3@kv/kvserver/store.go:3801 ⋮ [T1,Vsystem,n1,s1] 40 +Zombie tables: 0 (0B, local: 0B)
I250817 15:04:50.674036 850 3@kv/kvserver/store.go:3801 ⋮ [T1,Vsystem,n1,s1] 40 +Backing tables: 0 (0B)
I250817 15:04:50.674036 850 3@kv/kvserver/store.go:3801 ⋮ [T1,Vsystem,n1,s1] 40 +Virtual tables: 0 (0B)
I250817 15:04:50.674036 850 3@kv/kvserver/store.go:3801 ⋮ [T1,Vsystem,n1,s1] 40 +Local tables size: 689KB
I250817 15:04:50.674036 850 3@kv/kvserver/store.go:3801 ⋮ [T1,Vsystem,n1,s1] 40 +Compression types: snappy: 1
I250817 15:04:50.674036 850 3@kv/kvserver/store.go:3801 ⋮ [T1,Vsystem,n1,s1] 40 +Block cache: 23 entries (1.2MB)  hit rate: 99.8%
I250817 15:04:50.674036 850 3@kv/kvserver/store.go:3801 ⋮ [T1,Vsystem,n1,s1] 40 +Table cache: 1 entries (832B)  hit rate: 100.0%
I250817 15:04:50.674036 850 3@kv/kvserver/store.go:3801 ⋮ [T1,Vsystem,n1,s1] 40 +Snapshots: 0  earliest seq num: 0
I250817 15:04:50.674036 850 3@kv/kvserver/store.go:3801 ⋮ [T1,Vsystem,n1,s1] 40 +Table iters: 0
I250817 15:04:50.674036 850 3@kv/kvserver/store.go:3801 ⋮ [T1,Vsystem,n1,s1] 40 +Filter utility: 0.0%
I250817 15:04:50.674036 850 3@kv/kvserver/store.go:3801 ⋮ [T1,Vsystem,n1,s1] 40 +Ingestions: 0  as flushable: 0 (0B in 0 tables)
I250817 15:04:50.674036 850 3@kv/kvserver/store.go:3801 ⋮ [T1,Vsystem,n1,s1] 40 +Cgo memory usage: 98MB  block cache: 1.2MB (data: 1.2MB, maps: 16KB, entries: 1.8KB)  memtables: 96MB
I250817 15:08:10.707360 740 3@pebble/event.go:1059 ⋮ [n1,s1,pebble] 41  [JOB 10] WAL created 000017 (recycled 000011)
I250817 15:08:10.721344 25418 3@pebble/event.go:1011 ⋮ [n1,s1,pebble] 42  [JOB 11] flushing 1 memtable (64MB) to L0
I250817 15:08:10.723005 25418 3@pebble/event.go:1039 ⋮ [n1,s1,pebble] 43  [JOB 11] flushing: sstable created 000018
I250817 15:08:10.798638 25418 3@pebble/event.go:1015 ⋮ [n1,s1,pebble] 44  [JOB 11] flushed 1 memtable (64MB) to L0 [000018] (636KB), in 0.1s (0.1s total), output rate 8.1MB/s
I250817 15:08:10.798905 25297 3@pebble/event.go:999 ⋮ [n1,s1,pebble] 45  [JOB 12] compacting(default) L0 [000018] (636KB) Score=95.17 + L6 [000016] (689KB) Score=0.01; OverlappingRatio: Single 1.08, Multi 0.00
I250817 15:08:10.801778 25297 3@pebble/event.go:1039 ⋮ [n1,s1,pebble] 46  [JOB 12] compacting: sstable created 000019
I250817 15:08:10.829595 25297 3@pebble/event.go:1003 ⋮ [n1,s1,pebble] 47  [JOB 12] compacted(default) L0 [000018] (636KB) Score=95.17 + L6 [000016] (689KB) Score=0.01 -> L6 [000019] (1.1MB), in 0.0s (0.0s total), output rate 36MB/s
I250817 15:08:10.830456 88 3@pebble/event.go:1043 ⋮ [n1,s1,pebble] 48  [JOB 12] sstable deleted 000016
I250817 15:08:10.830689 88 3@pebble/event.go:1043 ⋮ [n1,s1,pebble] 49  [JOB 12] sstable deleted 000018
I250817 15:14:50.626056 850 3@kv/kvserver/store.go:3801 ⋮ [T1,Vsystem,n1,s1] 50  Pebble metrics:
I250817 15:14:50.626056 850 3@kv/kvserver/store.go:3801 ⋮ [T1,Vsystem,n1,s1] 50 +      |                             |       |       |   ingested   |     moved    |    written   |       |    amp
I250817 15:14:50.626056 850 3@kv/kvserver/store.go:3801 ⋮ [T1,Vsystem,n1,s1] 50 +level | tables  size val-bl vtables | score |   in  | tables  size | tables  size | tables  size |  read |   r   w
I250817 15:14:50.626056 850 3@kv/kvserver/store.go:3801 ⋮ [T1,Vsystem,n1,s1] 50 +------+-----------------------------+-------+-------+--------------+--------------+--------------+-------+---------
I250817 15:14:50.626056 850 3@kv/kvserver/store.go:3801 ⋮ [T1,Vsystem,n1,s1] 50 +    0 |     0     0B     0B       0 |  0.00 | 103MB |     0     0B |     0     0B |     3  1.6MB |    0B |   0  0.0
I250817 15:14:50.626056 850 3@kv/kvserver/store.go:3801 ⋮ [T1,Vsystem,n1,s1] 50 +    1 |     0     0B     0B       0 |  0.00 |    0B |     0     0B |     0     0B |     0     0B |    0B |   0  0.0
I250817 15:14:50.626056 850 3@kv/kvserver/store.go:3801 ⋮ [T1,Vsystem,n1,s1] 50 +    2 |     0     0B     0B       0 |  0.00 |    0B |     0     0B |     0     0B |     0     0B |    0B |   0  0.0
I250817 15:14:50.626056 850 3@kv/kvserver/store.go:3801 ⋮ [T1,Vsystem,n1,s1] 50 +    3 |     0     0B     0B       0 |  0.00 |    0B |     0     0B |     0     0B |     0     0B |    0B |   0  0.0
I250817 15:14:50.626056 850 3@kv/kvserver/store.go:3801 ⋮ [T1,Vsystem,n1,s1] 50 +    4 |     0     0B     0B       0 |  0.00 |    0B |     0     0B |     0     0B |     0     0B |    0B |   0  0.0
I250817 15:14:50.626056 850 3@kv/kvserver/store.go:3801 ⋮ [T1,Vsystem,n1,s1] 50 +    5 |     0     0B     0B       0 |  0.00 |    0B |     0     0B |     0     0B |     0     0B |    0B |   0  0.0
I250817 15:14:50.626056 850 3@kv/kvserver/store.go:3801 ⋮ [T1,Vsystem,n1,s1] 50 +    6 |     1  1.1MB   68KB       0 |     - | 1.3MB |     0     0B |     1  281KB |     2  1.8MB | 2.3MB |   1  1.4
I250817 15:14:50.626056 850 3@kv/kvserver/store.go:3801 ⋮ [T1,Vsystem,n1,s1] 50 +total |     1  1.1MB   68KB       0 |     - | 155MB |     0     0B |     1  281KB |     5  158MB | 2.3MB |   1  1.0
I250817 15:14:50.626056 850 3@kv/kvserver/store.go:3801 ⋮ [T1,Vsystem,n1,s1] 50 +-------------------------------------------------------------------------------------------------------------------
I250817 15:14:50.626056 850 3@kv/kvserver/store.go:3801 ⋮ [T1,Vsystem,n1,s1] 50 +WAL: 1 files (52MB)  in: 152MB  written: 155MB (2% overhead)
I250817 15:14:50.626056 850 3@kv/kvserver/store.go:3801 ⋮ [T1,Vsystem,n1,s1] 50 +Flushes: 3
I250817 15:14:50.626056 850 3@kv/kvserver/store.go:3801 ⋮ [T1,Vsystem,n1,s1] 50 +Compactions: 3  estimated debt: 0B  in progress: 0 (0B)
I250817 15:14:50.626056 850 3@kv/kvserver/store.go:3801 ⋮ [T1,Vsystem,n1,s1] 50 +             default: 2  delete: 0  elision: 0  move: 1  read: 0  tombstone-density: 0  rewrite: 0  copy: 0  multi-level: 0
I250817 15:14:50.626056 850 3@kv/kvserver/store.go:3801 ⋮ [T1,Vsystem,n1,s1] 50 +MemTables: 1 (64MB)  zombie: 1 (64MB)
I250817 15:14:50.626056 850 3@kv/kvserver/store.go:3801 ⋮ [T1,Vsystem,n1,s1] 50 +Zombie tables: 0 (0B, local: 0B)
I250817 15:14:50.626056 850 3@kv/kvserver/store.go:3801 ⋮ [T1,Vsystem,n1,s1] 50 +Backing tables: 0 (0B)
I250817 15:14:50.626056 850 3@kv/kvserver/store.go:3801 ⋮ [T1,Vsystem,n1,s1] 50 +Virtual tables: 0 (0B)
I250817 15:14:50.626056 850 3@kv/kvserver/store.go:3801 ⋮ [T1,Vsystem,n1,s1] 50 +Local tables size: 1.1MB
I250817 15:14:50.626056 850 3@kv/kvserver/store.go:3801 ⋮ [T1,Vsystem,n1,s1] 50 +Compression types: snappy: 1
I250817 15:14:50.626056 850 3@kv/kvserver/store.go:3801 ⋮ [T1,Vsystem,n1,s1] 50 +Block cache: 0 entries (0B)  hit rate: 54.7%
I250817 15:14:50.626056 850 3@kv/kvserver/store.go:3801 ⋮ [T1,Vsystem,n1,s1] 50 +Table cache: 1 entries (832B)  hit rate: 100.0%
I250817 15:14:50.626056 850 3@kv/kvserver/store.go:3801 ⋮ [T1,Vsystem,n1,s1] 50 +Snapshots: 0  earliest seq num: 0
I250817 15:14:50.626056 850 3@kv/kvserver/store.go:3801 ⋮ [T1,Vsystem,n1,s1] 50 +Table iters: 0
I250817 15:14:50.626056 850 3@kv/kvserver/store.go:3801 ⋮ [T1,Vsystem,n1,s1] 50 +Filter utility: 0.0%
I250817 15:14:50.626056 850 3@kv/kvserver/store.go:3801 ⋮ [T1,Vsystem,n1,s1] 50 +Ingestions: 0  as flushable: 0 (0B in 0 tables)
I250817 15:14:50.626056 850 3@kv/kvserver/store.go:3801 ⋮ [T1,Vsystem,n1,s1] 50 +Cgo memory usage: 128MB  block cache: 18KB (data: 0B, maps: 16KB, entries: 1.4KB)  memtables: 128MB
I250817 15:15:30.767029 735 3@pebble/event.go:1059 ⋮ [n1,s1,pebble] 51  [JOB 14] WAL created 000020 (recycled 000013)
I250817 15:15:30.767842 41671 3@pebble/event.go:1011 ⋮ [n1,s1,pebble] 52  [JOB 15] flushing 1 memtable (64MB) to L0
I250817 15:15:30.769030 41671 3@pebble/event.go:1039 ⋮ [n1,s1,pebble] 53  [JOB 15] flushing: sstable created 000021
I250817 15:15:30.845519 41671 3@pebble/event.go:1015 ⋮ [n1,s1,pebble] 54  [JOB 15] flushed 1 memtable (64MB) to L0 [000021] (992KB), in 0.1s (0.1s total), output rate 13MB/s
I250817 15:15:30.845720 41472 3@pebble/event.go:999 ⋮ [n1,s1,pebble] 55  [JOB 16] compacting(default) L0 [000021] (992KB) Score=58.68 + L6 [000019] (1.1MB) Score=0.02; OverlappingRatio: Single 1.13, Multi 0.00
I250817 15:15:30.848439 41472 3@pebble/event.go:1039 ⋮ [n1,s1,pebble] 56  [JOB 16] compacting: sstable created 000022
I250817 15:15:30.903433 41472 3@pebble/event.go:1003 ⋮ [n1,s1,pebble] 57  [JOB 16] compacted(default) L0 [000021] (992KB) Score=58.68 + L6 [000019] (1.1MB) Score=0.02 -> L6 [000022] (1.8MB), in 0.1s (0.1s total), output rate 31MB/s
I250817 15:15:30.904162 88 3@pebble/event.go:1043 ⋮ [n1,s1,pebble] 58  [JOB 16] sstable deleted 000019
I250817 15:15:30.904409 88 3@pebble/event.go:1043 ⋮ [n1,s1,pebble] 59  [JOB 16] sstable deleted 000021
I250817 15:23:50.899423 739 3@pebble/event.go:1059 ⋮ [n1,s1,pebble] 60  [JOB 18] WAL created 000023 (recycled 000014)
I250817 15:23:50.902003 50479 3@pebble/event.go:1011 ⋮ [n1,s1,pebble] 61  [JOB 19] flushing 1 memtable (64MB) to L0
I250817 15:23:50.907052 50479 3@pebble/event.go:1039 ⋮ [n1,s1,pebble] 62  [JOB 19] flushing: sstable created 000024
I250817 15:23:51.018659 50479 3@pebble/event.go:1015 ⋮ [n1,s1,pebble] 63  [JOB 19] flushed 1 memtable (64MB) to L0 [000024] (602KB), in 0.1s (0.1s total), output rate 5.4MB/s
I250817 15:23:51.023728 50490 3@pebble/event.go:999 ⋮ [n1,s1,pebble] 64  [JOB 21] compacting(default) L0 [000024] (602KB) Score=36.00 + L6 [000022] (1.8MB) Score=0.03; OverlappingRatio: Single 3.03, Multi 0.00
I250817 15:23:51.038807 50490 3@pebble/event.go:1039 ⋮ [n1,s1,pebble] 65  [JOB 21] compacting: sstable created 000025
I250817 15:23:51.136777 50490 3@pebble/event.go:1003 ⋮ [n1,s1,pebble] 66  [JOB 21] compacted(default) L0 [000024] (602KB) Score=36.00 + L6 [000022] (1.8MB) Score=0.03 -> L6 [000025] (2.1MB), in 0.1s (0.1s total), output rate 19MB/s
I250817 15:23:51.139724 88 3@pebble/event.go:1043 ⋮ [n1,s1,pebble] 67  [JOB 21] sstable deleted 000022
I250817 15:23:51.139931 88 3@pebble/event.go:1043 ⋮ [n1,s1,pebble] 68  [JOB 21] sstable deleted 000024
I250817 15:24:50.623371 850 3@kv/kvserver/store.go:3801 ⋮ [T1,Vsystem,n1,s1] 69  Pebble metrics:
I250817 15:24:50.623371 850 3@kv/kvserver/store.go:3801 ⋮ [T1,Vsystem,n1,s1] 69 +      |                             |       |       |   ingested   |     moved    |    written   |       |    amp
I250817 15:24:50.623371 850 3@kv/kvserver/store.go:3801 ⋮ [T1,Vsystem,n1,s1] 69 +level | tables  size val-bl vtables | score |   in  | tables  size | tables  size | tables  size |  read |   r   w
I250817 15:24:50.623371 850 3@kv/kvserver/store.go:3801 ⋮ [T1,Vsystem,n1,s1] 69 +------+-----------------------------+-------+-------+--------------+--------------+--------------+-------+---------
I250817 15:24:50.623371 850 3@kv/kvserver/store.go:3801 ⋮ [T1,Vsystem,n1,s1] 69 +    0 |     0     0B     0B       0 |  0.00 | 218MB |     0     0B |     0     0B |     5  3.1MB |    0B |   0  0.0
I250817 15:24:50.623371 850 3@kv/kvserver/store.go:3801 ⋮ [T1,Vsystem,n1,s1] 69 +    1 |     0     0B     0B       0 |  0.00 |    0B |     0     0B |     0     0B |     0     0B |    0B |   0  0.0
I250817 15:24:50.623371 850 3@kv/kvserver/store.go:3801 ⋮ [T1,Vsystem,n1,s1] 69 +    2 |     0     0B     0B       0 |  0.00 |    0B |     0     0B |     0     0B |     0     0B |    0B |   0  0.0
I250817 15:24:50.623371 850 3@kv/kvserver/store.go:3801 ⋮ [T1,Vsystem,n1,s1] 69 +    3 |     0     0B     0B       0 |  0.00 |    0B |     0     0B |     0     0B |     0     0B |    0B |   0  0.0
I250817 15:24:50.623371 850 3@kv/kvserver/store.go:3801 ⋮ [T1,Vsystem,n1,s1] 69 +    4 |     0     0B     0B       0 |  0.00 |    0B |     0     0B |     0     0B |     0     0B |    0B |   0  0.0
I250817 15:24:50.623371 850 3@kv/kvserver/store.go:3801 ⋮ [T1,Vsystem,n1,s1] 69 +    5 |     0     0B     0B       0 |  0.00 |    0B |     0     0B |     0     0B |     0     0B |    0B |   0  0.0
I250817 15:24:50.623371 850 3@kv/kvserver/store.go:3801 ⋮ [T1,Vsystem,n1,s1] 69 +    6 |     1  2.1MB  251KB       0 |     - | 2.9MB |     0     0B |     1  281KB |     4  5.7MB | 6.7MB |   1  2.0
I250817 15:24:50.623371 850 3@kv/kvserver/store.go:3801 ⋮ [T1,Vsystem,n1,s1] 69 +total |     1  2.1MB  251KB       0 |     - | 225MB |     0     0B |     1  281KB |     9  233MB | 6.7MB |   1  1.0
I250817 15:24:50.623371 850 3@kv/kvserver/store.go:3801 ⋮ [T1,Vsystem,n1,s1] 69 +-------------------------------------------------------------------------------------------------------------------
I250817 15:24:50.623371 850 3@kv/kvserver/store.go:3801 ⋮ [T1,Vsystem,n1,s1] 69 +WAL: 1 files (6.4MB)  in: 221MB  written: 225MB (2% overhead)
I250817 15:24:50.623371 850 3@kv/kvserver/store.go:3801 ⋮ [T1,Vsystem,n1,s1] 69 +Flushes: 5
I250817 15:24:50.623371 850 3@kv/kvserver/store.go:3801 ⋮ [T1,Vsystem,n1,s1] 69 +Compactions: 5  estimated debt: 0B  in progress: 0 (0B)
I250817 15:24:50.623371 850 3@kv/kvserver/store.go:3801 ⋮ [T1,Vsystem,n1,s1] 69 +             default: 4  delete: 0  elision: 0  move: 1  read: 0  tombstone-density: 0  rewrite: 0  copy: 0  multi-level: 0
I250817 15:24:50.623371 850 3@kv/kvserver/store.go:3801 ⋮ [T1,Vsystem,n1,s1] 69 +MemTables: 1 (64MB)  zombie: 1 (64MB)
I250817 15:24:50.623371 850 3@kv/kvserver/store.go:3801 ⋮ [T1,Vsystem,n1,s1] 69 +Zombie tables: 0 (0B, local: 0B)
I250817 15:24:50.623371 850 3@kv/kvserver/store.go:3801 ⋮ [T1,Vsystem,n1,s1] 69 +Backing tables: 0 (0B)
I250817 15:24:50.623371 850 3@kv/kvserver/store.go:3801 ⋮ [T1,Vsystem,n1,s1] 69 +Virtual tables: 0 (0B)
I250817 15:24:50.623371 850 3@kv/kvserver/store.go:3801 ⋮ [T1,Vsystem,n1,s1] 69 +Local tables size: 2.1MB
I250817 15:24:50.623371 850 3@kv/kvserver/store.go:3801 ⋮ [T1,Vsystem,n1,s1] 69 +Compression types: snappy: 1
I250817 15:24:50.623371 850 3@kv/kvserver/store.go:3801 ⋮ [T1,Vsystem,n1,s1] 69 +Block cache: 0 entries (0B)  hit rate: 48.8%
I250817 15:24:50.623371 850 3@kv/kvserver/store.go:3801 ⋮ [T1,Vsystem,n1,s1] 69 +Table cache: 1 entries (832B)  hit rate: 100.0%
I250817 15:24:50.623371 850 3@kv/kvserver/store.go:3801 ⋮ [T1,Vsystem,n1,s1] 69 +Snapshots: 0  earliest seq num: 0
I250817 15:24:50.623371 850 3@kv/kvserver/store.go:3801 ⋮ [T1,Vsystem,n1,s1] 69 +Table iters: 0
I250817 15:24:50.623371 850 3@kv/kvserver/store.go:3801 ⋮ [T1,Vsystem,n1,s1] 69 +Filter utility: 100.0%
I250817 15:24:50.623371 850 3@kv/kvserver/store.go:3801 ⋮ [T1,Vsystem,n1,s1] 69 +Ingestions: 0  as flushable: 0 (0B in 0 tables)
I250817 15:24:50.623371 850 3@kv/kvserver/store.go:3801 ⋮ [T1,Vsystem,n1,s1] 69 +Cgo memory usage: 128MB  block cache: 17KB (data: 0B, maps: 16KB, entries: 880B)  memtables: 128MB
