I250828 14:24:17.553793 1 util/log/file_sync_buffer.go:237 ⋮ [config]   file created at: 2025/08/28 14:24:17
I250828 14:24:17.553828 1 util/log/file_sync_buffer.go:237 ⋮ [config]   running on machine: ‹95ec8c03d580›
I250828 14:24:17.553858 1 util/log/file_sync_buffer.go:237 ⋮ [config]   binary: CockroachDB CCL v25.2.0 (aarch64-unknown-linux-gnu, built 2025/05/15 21:07:42, go1.23.7 X:nocoverageredesign)
I250828 14:24:17.553873 1 util/log/file_sync_buffer.go:237 ⋮ [config]   arguments: [‹/cockroach/cockroach› ‹start-single-node› ‹--certs-dir=certs› ‹--advertise-addr=127.0.0.1:26257› ‹--insecure› ‹--http-addr=0.0.0.0:8080›]
I250828 14:24:17.553893 1 util/log/file_sync_buffer.go:237 ⋮ [config]   log format (utf8=✓): crdb-v2
I250828 14:24:17.553900 1 util/log/file_sync_buffer.go:237 ⋮ [config]   line format: [IWEF]yymmdd hh:mm:ss.uuuuuu goid [chan@]file:line redactionmark \[tags\] [counter] msg
W250828 14:24:17.507705 1 1@cli/start.go:1438 ⋮ [n?] 1  ALL SECURITY CONTROLS HAVE BEEN DISABLED!
W250828 14:24:17.507705 1 1@cli/start.go:1438 ⋮ [n?] 1 +
W250828 14:24:17.507705 1 1@cli/start.go:1438 ⋮ [n?] 1 +This mode is intended for non-production testing only.
W250828 14:24:17.507705 1 1@cli/start.go:1438 ⋮ [n?] 1 +
W250828 14:24:17.507705 1 1@cli/start.go:1438 ⋮ [n?] 1 +In this mode:
W250828 14:24:17.507705 1 1@cli/start.go:1438 ⋮ [n?] 1 +- Your cluster is open to any client that can access ‹any of your IP addresses›.
W250828 14:24:17.507705 1 1@cli/start.go:1438 ⋮ [n?] 1 +- Intruders with access to your machine or network can observe client-server traffic.
W250828 14:24:17.507705 1 1@cli/start.go:1438 ⋮ [n?] 1 +- Intruders can log in without password and read or write any data in the cluster.
W250828 14:24:17.507705 1 1@cli/start.go:1438 ⋮ [n?] 1 +- Intruders can consume all your server's resources and cause unavailability.
I250828 14:24:17.568858 1 1@cli/start.go:1448 ⋮ [n?] 2  To start a secure server without mandating TLS for clients,
I250828 14:24:17.568858 1 1@cli/start.go:1448 ⋮ [n?] 2 +consider --accept-sql-without-tls instead. For other options, see:
I250828 14:24:17.568858 1 1@cli/start.go:1448 ⋮ [n?] 2 +
I250828 14:24:17.568858 1 1@cli/start.go:1448 ⋮ [n?] 2 +- https://go.crdb.dev/issue-v/53404/v25.2
I250828 14:24:17.568858 1 1@cli/start.go:1448 ⋮ [n?] 2 +- https://www.cockroachlabs.com/docs/v25.2/secure-a-cluster.html
I250828 14:24:17.569168 1 server/status/recorder.go:856 ⋮ [n?] 3  ‹available memory from cgroups (8.0 EiB) is unsupported, using system memory 13 GiB instead: ›
W250828 14:24:17.569239 1 1@cli/start.go:1360 ⋮ [n?] 4  Using the default setting for --cache (128 MiB).
W250828 14:24:17.569239 1 1@cli/start.go:1360 ⋮ [n?] 4 +  A significantly larger value is usually needed for good performance.
W250828 14:24:17.569239 1 1@cli/start.go:1360 ⋮ [n?] 4 +  If you have a dedicated server a reasonable setting is --cache=.25 (3.2 GiB).
I250828 14:24:17.587874 1 server/status/recorder.go:856 ⋮ [n?] 5  ‹available memory from cgroups (8.0 EiB) is unsupported, using system memory 13 GiB instead: ›
I250828 14:24:17.587942 1 1@cli/start.go:1477 ⋮ [n?] 6  CockroachDB CCL v25.2.0 (aarch64-unknown-linux-gnu, built 2025/05/15 21:07:42, go1.23.7 X:nocoverageredesign)
I250828 14:24:17.592968 1 server/status/recorder.go:856 ⋮ [n?] 7  ‹available memory from cgroups (8.0 EiB) is unsupported, using system memory 13 GiB instead: ›
I250828 14:24:17.593009 1 1@cli/start.go:554 ⋮ [n?] 8  soft memory limit of Go runtime is set to 7.1 GiB
I250828 14:24:17.593031 1 1@cli/start.go:591 ⋮ [n?] 9  GC target percentage of Go runtime is set to 300%
I250828 14:24:17.758520 1 server/status/recorder.go:856 ⋮ [T1,Vsystem,n?] 10  ‹available memory from cgroups (8.0 EiB) is unsupported, using system memory 13 GiB instead: ›
I250828 14:24:17.758566 1 server/config.go:674 ⋮ [T1,Vsystem,n?] 11  system total memory: 13 GiB
I250828 14:24:17.759704 1 server/config.go:676 ⋮ [T1,Vsystem,n?] 12  server configuration:
I250828 14:24:17.759704 1 server/config.go:676 ⋮ [T1,Vsystem,n?] 12 +max offset             500000000
I250828 14:24:17.759704 1 server/config.go:676 ⋮ [T1,Vsystem,n?] 12 +cache size             128 MiB
I250828 14:24:17.759704 1 server/config.go:676 ⋮ [T1,Vsystem,n?] 12 +SQL memory pool size   3.2 GiB
I250828 14:24:17.759704 1 server/config.go:676 ⋮ [T1,Vsystem,n?] 12 +scan interval          10m0s
I250828 14:24:17.759704 1 server/config.go:676 ⋮ [T1,Vsystem,n?] 12 +scan min idle time     10ms
I250828 14:24:17.759704 1 server/config.go:676 ⋮ [T1,Vsystem,n?] 12 +scan max idle time     1s
I250828 14:24:17.759704 1 server/config.go:676 ⋮ [T1,Vsystem,n?] 12 +event log enabled      true
I250828 14:24:17.759790 1 1@cli/start.go:1338 ⋮ [T1,Vsystem,n?] 13  using local environment variables:
I250828 14:24:17.759790 1 1@cli/start.go:1338 ⋮ [T1,Vsystem,n?] 13 +COCKROACH_CHANNEL=official-docker
I250828 14:24:17.759808 1 1@cli/start.go:1345 ⋮ [T1,Vsystem,n?] 14  process identity: uid 0 euid 0 gid 0 egid 0
I250828 14:24:17.892146 1 1@cli/start.go:1500 ⋮ [T1,Vsystem,n?] 15  GEOS loaded from directory ‹/usr/local/lib/cockroach›
I250828 14:24:17.892426 1 1@cli/start.go:777 ⋮ [T1,Vsystem,n?] 16  starting cockroach node
I250828 14:24:21.560308 53 server/config.go:880 ⋮ [T1,Vsystem,n?] 17  1 storage engine initialized
I250828 14:24:21.560388 53 server/config.go:883 ⋮ [T1,Vsystem,n?] 18  Pebble cache size: 128 MiB
I250828 14:24:21.560403 53 server/config.go:883 ⋮ [T1,Vsystem,n?] 19  store 0: max size 0 B, max open file limit 1043576
I250828 14:24:21.560405 53 server/config.go:883 ⋮ [T1,Vsystem,n?] 20  store 0: /cockroach/cockroach-data: rw encrypted=false fs:{bdev=/run/host_mark/Users fstype=fakeowner mountpoint=/cockroach/cockroach-data mountopts=rw,nosuid,nodev,relatime,fakeowner}
I250828 14:24:21.591910 146 util/cidr/cidr.go:299 ⋮ [T1,Vsystem,n?] 21  CIDR lookup updated with 0 destinations
I250828 14:24:21.927446 53 1@server/clock_monotonicity.go:61 ⋮ [T1,Vsystem,n?] 22  monitoring forward clock jumps based on server.clock.forward_jump_check.enabled
I250828 14:24:22.044818 111 1@server/server.go:1802 ⋮ [T1,Vsystem,n1] 23  connecting to gossip network to verify cluster ID "818de714-f1f8-478a-a716-0f864712d02b"
I250828 14:24:22.045560 53 1@server/clock_monotonicity.go:136 ⋮ [T1,Vsystem,n1] 24  Sleeping till wall time 1756391062045555213 to catches up to 1756391062427244089 to ensure monotonicity. Sub: 381.688876ms
W250828 14:24:22.429162 53 1@cli/start.go:1299 ⋮ [T1,Vsystem,n1] 25  Running a server without --sql-addr, with a combined RPC/SQL listener, is deprecated.
W250828 14:24:22.429162 53 1@cli/start.go:1299 ⋮ [T1,Vsystem,n1] 25 +This feature will be removed in a later version of CockroachDB.
W250828 14:24:22.429243 53 1@gossip/gossip.go:1460 ⋮ [T1,Vsystem,n1] 26  no addresses found; use --join to specify a connected node
I250828 14:24:22.458197 596 kv/kvserver/kvstorage/init.go:250 ⋮ [T1,Vsystem,n1,s1] 27  beginning range descriptor iteration
I250828 14:24:22.467008 596 kv/kvserver/kvstorage/init.go:374 ⋮ [T1,Vsystem,n1,s1] 28  range descriptor iteration done: 59 range descriptors, 0 intents, 0 tombstones; stats: ‹seeked 122 times (62 internal); stepped 0 times (0 internal); blocks: 0B cached, 132KB not cached (read time: 146.834µs); points: 60 (1.2KB keys, 1.8KB values); separated: 15 (442B, 0B fetched)›
I250828 14:24:22.477690 596 kv/kvserver/kvstorage/init.go:501 ⋮ [T1,Vsystem,n1,s1] 29  loaded replica ID for 59/59 replicas
I250828 14:24:22.490380 596 kv/kvserver/kvstorage/init.go:518 ⋮ [T1,Vsystem,n1,s1] 30  loaded Raft state for 59/59 replicas
I250828 14:24:22.490492 596 kv/kvserver/kvstorage/init.go:545 ⋮ [T1,Vsystem,n1,s1] 31  loaded 59 replicas
I250828 14:24:22.490609 596 kv/kvserver/kvstorage/init.go:576 ⋮ [T1,Vsystem,n1,s1] 32  verified 59/59 replicas
I250828 14:24:22.574958 596 kv/kvserver/store.go:2369 ⋮ [T1,Vsystem,n1,s1] 33  initialized 59/59 replicas
I250828 14:24:22.576104 596 server/node.go:690 ⋮ [T1,Vsystem,n1] 34  initialized store s1 in 146ms (59 replicas)
I250828 14:24:22.579404 53 kv/kvserver/stores.go:261 ⋮ [T1,Vsystem,n1] 35  read 0 node addresses from persistent storage
I250828 14:24:22.595053 53 server/node.go:801 ⋮ [T1,Vsystem,n1] 36  started with attributes []
I250828 14:24:22.595218 53 server/goroutinedumper/goroutinedumper.go:117 ⋮ [T1,Vsystem,n1] 37  writing goroutine dumps to ‹/cockroach/cockroach-data/logs/goroutine_dump›
I250828 14:24:22.595468 53 server/profiler/heapprofiler.go:72 ⋮ [T1,Vsystem,n1] 38  writing go heap profiles to ‹/cockroach/cockroach-data/logs/heap_profiler› at least every 1h0m0s
I250828 14:24:22.595664 53 server/profiler/memory_monitoring_profiler.go:66 ⋮ [T1,Vsystem,n1] 39  writing memory monitoring dumps to ‹/cockroach/cockroach-data/logs/heap_profiler› at least every 1h0m0s
I250828 14:24:22.595672 53 server/profiler/cgoprofiler.go:66 ⋮ [T1,Vsystem,n1] 40  to enable jmalloc profiling: "export MALLOC_CONF=prof:true" or "ln -s prof:true /etc/malloc.conf"
I250828 14:24:22.603837 53 server/profiler/statsprofiler.go:68 ⋮ [T1,Vsystem,n1] 41  writing memory stats to ‹/cockroach/cockroach-data/logs/heap_profiler› at last every 1h0m0s
I250828 14:24:22.603904 111 1@server/server.go:1805 ⋮ [T1,Vsystem,n1] 42  node connected via gossip
I250828 14:24:22.604034 53 server/profiler/activequeryprofiler.go:88 ⋮ [T1,Vsystem,n1] 43  writing go query profiles to ‹/cockroach/cockroach-data/logs/heap_profiler›
I250828 14:24:22.604064 53 server/profiler/cpuprofiler.go:87 ⋮ [T1,Vsystem,n1] 44  writing cpu profile dumps to ‹/cockroach/cockroach-data/logs/pprof_dump›
I250828 14:24:22.604619 53 1@server/server.go:1999 ⋮ [T1,Vsystem,n1] 45  starting http server at ‹[::]:8080› (use: ‹127.0.0.1:8080›)
I250828 14:24:22.604641 53 1@server/server.go:2007 ⋮ [T1,Vsystem,n1] 46  starting grpc/postgres server at ‹[::]:26257›
I250828 14:24:22.604651 53 1@server/server.go:2008 ⋮ [T1,Vsystem,n1] 47  advertising CockroachDB node at ‹127.0.0.1:26257›
I250828 14:24:22.615645 651 kv/kvserver/storeliveness/support_manager.go:285 ⋮ [T1,Vsystem,n1,s1] 48  starting to heartbeat store {NodeID:1 StoreID:1}
I250828 14:24:22.603779 717 kv/kvserver/queue.go:612 ⋮ [T1,Vsystem,n1,s1,r28/1:‹/Table/2{5-6}›,raft] 49  rate limited in MaybeAdd (replicate): throttled on async limiting semaphore
I250828 14:24:22.705872 651 kv/kvserver/storeliveness/supporter_state.go:298 ⋮ [T1,Vsystem,n1,s1] 50  provided support for store {NodeID:1 StoreID:1}; old = {Target:{NodeID:1 StoreID:1} Epoch:6 Expiration:1756390789.171155919,0}, new = {Target:{NodeID:1 StoreID:1} Epoch:7 Expiration:1756391065.619358672,0}
I250828 14:24:22.710607 651 kv/kvserver/storeliveness/requester_state.go:425 ⋮ [T1,Vsystem,n1,s1] 51  received support from store {NodeID:1 StoreID:1}; old = {Target:{NodeID:1 StoreID:1} Epoch:7 Expiration:0,0}, new = {Target:{NodeID:1 StoreID:1} Epoch:7 Expiration:1756391065.619358672,0}
I250828 14:24:22.707677 701 kv/kvserver/queue.go:612 ⋮ [T1,Vsystem,n1,s1,r51/1:‹/Table/{48-58}›,raft] 52  rate limited in MaybeAdd (merge): throttled on async limiting semaphore
I250828 14:24:22.825601 53 1@util/log/event_log.go:39 ⋮ [T1,Vsystem,n1] 53 ={"Timestamp":1756391062825514464,"EventType":"node_restart","NodeID":1,"StartedAt":1756391062429522630,"LastUp":1756390785137836627}
I250828 14:24:22.830023 870 kv/kvclient/rangefeed/rangefeedcache/watcher.go:340 ⋮ [T1,Vsystem,n1] 54  spanconfig-subscriber: established range feed cache
I250828 14:24:22.831574 872 kv/kvclient/rangefeed/rangefeedcache/watcher.go:340 ⋮ [T1,Vsystem,n1] 55  settings-watcher: established range feed cache
I250828 14:24:22.920224 1104 kv/kvserver/replica_rangefeed.go:882 ⋮ [T1,Vsystem,n1,rangefeed=‹spanconfig-subscriber›,mux_n=1,gen=2,r50/1:‹/Table/4{7-8}›,sm=1,sid=1,s1] 56  RangeFeed closed timestamp 1756390308.195953088,0 is behind by 12m34.724262293s (behind=12m34.724262293s target=3s nudge=true cancel=false)
I250828 14:24:22.961177 53 sql/sqlliveness/slinstance/slinstance.go:435 ⋮ [T1,Vsystem,n1] 57  starting SQL liveness instance
I250828 14:24:23.026494 1208 sql/sqlliveness/slstorage/slstorage.go:540 ⋮ [T1,Vsystem,n1] 58  inserted sqlliveness session 01018022f25aaa1b44467896761c6ccb6c6599 with expiry 1756391102.964073381,0
I250828 14:24:23.026838 1208 sql/sqlliveness/slinstance/slinstance.go:247 ⋮ [T1,Vsystem,n1] 59  created new SQL liveness session 01018022f25aaa1b44467896761c6ccb6c6599
I250828 14:24:23.026870 53 sql/sqlinstance/instancestorage/instancestorage.go:338 ⋮ [T1,Vsystem,n1] 60  assigning instance id to rpc addr ‹127.0.0.1:26257› and sql addr ‹127.0.0.1:26257›
I250828 14:24:23.035044 53 server/server_sql.go:1618 ⋮ [T1,Vsystem,n1] 61  bound sqlinstance: Instance{RegionPrefix: gA==, InstanceID: 1, SQLAddr: ‹127.0.0.1:26257›, RPCAddr: ‹127.0.0.1:26257›, SessionID: 01018022f25aaa1b44467896761c6ccb6c6599, Locality: , BinaryVersion: 25.2}
I250828 14:24:23.045913 1226 sql/sqlstats/persistedsqlstats/provider.go:159 ⋮ [T1,Vsystem,n1] 62  starting sql-stats-worker with initial delay: 10m56.404588389s
I250828 14:24:23.063898 1223 sql/temporary_schema.go:506 ⋮ [T1,Vsystem,n1] 63  running temporary object cleanup background job
I250828 14:24:23.059675 53 upgrade/upgrademanager/manager.go:171 ⋮ [T1,Vsystem,n1] 64  running permanent upgrades up to version: 25.2
I250828 14:24:23.084889 1124 kv/kvclient/rangefeed/rangefeedcache/watcher.go:340 ⋮ [T1,Vsystem,n1] 65  system-config-cache: established range feed cache
I250828 14:24:23.257523 1223 sql/temporary_schema.go:556 ⋮ [T1,Vsystem,n1] 66  found 0 temporary schemas
I250828 14:24:23.257561 1223 sql/temporary_schema.go:559 ⋮ [T1,Vsystem,n1] 67  early exiting temporary schema cleaner as no temporary schemas were found
I250828 14:24:23.257573 1223 sql/temporary_schema.go:560 ⋮ [T1,Vsystem,n1] 68  completed temporary object cleanup job
I250828 14:24:23.257652 1223 sql/temporary_schema.go:641 ⋮ [T1,Vsystem,n1] 69  temporary object cleaner next scheduled to run at 2025-08-28 14:54:23.055024881 +0000 UTC m=+1810.305218048
I250828 14:24:23.347489 53 upgrade/upgrademanager/manager.go:233 ⋮ [T1,Vsystem,n1] 70  detected the last permanent upgrade (v0.0-upgrading-step-004) to have already completed; no permanent upgrades will run
I250828 14:24:23.347568 53 server/server_sql.go:1720 ⋮ [T1,Vsystem,n1] 71  done ensuring all necessary startup migrations have run
I250828 14:24:23.394639 53 server/license/enforcer.go:262 ⋮ [T1,Vsystem,n1] 72  trial license expiry initialized to 1970-01-01 00:00:00 +0000 UTC
I250828 14:24:23.397087 53 server/license/enforcer.go:298 ⋮ [T1,Vsystem,n1] 73  fetched existing cluster init grace period end time: 2025-09-04 12:54:03 +0000 UTC
I250828 14:24:23.397211 53 server/license/enforcer.go:498 ⋮ [T1,Vsystem,n1] 74  enforcer license updated: type is none, grace period ends at "2025-09-04 12:54:03 +0000 UTC", telemetry required: false
I250828 14:24:23.397224 53 server/license/enforcer.go:498 ⋮ [T1,Vsystem,n1] 75  enforcer license updated: type is none, grace period ends at "2025-09-04 12:54:03 +0000 UTC", telemetry required: false
I250828 14:24:23.618542 595 1@gossip/gossip.go:1476 ⋮ [T1,Vsystem,n1] 76  node has connected to cluster via gossip
I250828 14:24:23.675446 1535 sql/sqlliveness/slstorage/slstorage.go:391 ⋮ [n1,intExec=query-lease-table-dead-sessions] 77  deleted session 010180a08cb48e7daa4e7d9f6ca5c8fa69a788 which expired at 1756390822.265332417,0
I250828 14:24:23.677626 595 kv/kvserver/stores.go:280 ⋮ [T1,Vsystem,n1] 78  wrote 0 node addresses to persistent storage
I250828 14:24:23.784537 1547 sql/syntheticprivilegecache/cache.go:202 ⋮ [T1,Vsystem,n1] 79  warmed privileges for virtual tables in 393.972458ms
I250828 14:24:23.995479 1596 kv/kvclient/rangefeed/rangefeedcache/watcher.go:340 ⋮ [T1,Vsystem,n1] 80  tenant-settings-watcher: established range feed cache
I250828 14:24:23.996896 1598 kv/kvclient/rangefeed/rangefeedcache/watcher.go:340 ⋮ [T1,Vsystem,n1] 81  tenant-entry-watcher: established range feed cache
I250828 14:24:23.999593 1598 multitenant/tenantcapabilities/tenantcapabilitieswatcher/watcher.go:285 ⋮ [T1,Vsystem,n1] 82  received results of a full table scan for tenant capabilities
I250828 14:24:24.002624 1588 jobs/job_scheduler.go:407 ⋮ [T1,Vsystem,n1] 83  waiting 2m0s before scheduled jobs daemon start
I250828 14:24:24.037523 53 server/license/enforcer.go:582 ⋮ [T1,Vsystem,n1] 84  disable all license enforcement
I250828 14:24:24.037636 53 1@server/server_sql.go:1971 ⋮ [T1,Vsystem,n1] 85  serving sql connections
I250828 14:24:24.047338 53 1@cli/start.go:1286 ⋮ [T1,Vsystem,n1] 86  node startup completed:
I250828 14:24:24.047338 53 1@cli/start.go:1286 ⋮ [T1,Vsystem,n1] 86 +CockroachDB node starting at 2025-08-28 14:24:24.037948506 +0000 UTC m=+11.288141756 (took 6.8s)
I250828 14:24:24.047338 53 1@cli/start.go:1286 ⋮ [T1,Vsystem,n1] 86 +build:               CCL v25.2.0 @ 2025/05/15 21:07:42 (go1.23.7 X:nocoverageredesign)
I250828 14:24:24.047338 53 1@cli/start.go:1286 ⋮ [T1,Vsystem,n1] 86 +malloc_conf:         prof:false,prof_active:true,background_thread:true,thp:never,metadata_thp:disabled,narenas:48,dirty_decay_ms:2000,muzzy_decay_ms:0
I250828 14:24:24.047338 53 1@cli/start.go:1286 ⋮ [T1,Vsystem,n1] 86 +webui:               ‹http://127.0.0.1:8080›
I250828 14:24:24.047338 53 1@cli/start.go:1286 ⋮ [T1,Vsystem,n1] 86 +sql:                 ‹postgresql://root@127.0.0.1:26257/defaultdb?sslmode=disable›
I250828 14:24:24.047338 53 1@cli/start.go:1286 ⋮ [T1,Vsystem,n1] 86 +sql (JDBC):          ‹jdbc:postgresql://127.0.0.1:26257/defaultdb?sslmode=disable&user=root›
I250828 14:24:24.047338 53 1@cli/start.go:1286 ⋮ [T1,Vsystem,n1] 86 +RPC client flags:    ‹/cockroach/cockroach <client cmd> --host=127.0.0.1:26257 --insecure›
I250828 14:24:24.047338 53 1@cli/start.go:1286 ⋮ [T1,Vsystem,n1] 86 +logs:                ‹/cockroach/cockroach-data/logs›
I250828 14:24:24.047338 53 1@cli/start.go:1286 ⋮ [T1,Vsystem,n1] 86 +temp dir:            ‹/cockroach/cockroach-data/cockroach-temp2142142777›
I250828 14:24:24.047338 53 1@cli/start.go:1286 ⋮ [T1,Vsystem,n1] 86 +external I/O path:   ‹/cockroach/cockroach-data/extern›
I250828 14:24:24.047338 53 1@cli/start.go:1286 ⋮ [T1,Vsystem,n1] 86 +store[0]:            ‹path=/cockroach/cockroach-data›
I250828 14:24:24.047338 53 1@cli/start.go:1286 ⋮ [T1,Vsystem,n1] 86 +clusterID:           818de714-f1f8-478a-a716-0f864712d02b
I250828 14:24:24.047338 53 1@cli/start.go:1286 ⋮ [T1,Vsystem,n1] 86 +status:              restarted pre-existing node
I250828 14:24:24.047338 53 1@cli/start.go:1286 ⋮ [T1,Vsystem,n1] 86 +nodeID:              1
I250828 14:24:24.053778 1594 server/auto_upgrade.go:81 ⋮ [T1,Vsystem,n1] 87  no need to upgrade, cluster already at the newest version
I250828 14:24:24.060966 1676 sql/catalog/lease/lease.go:2467 ⋮ [T1,Vsystem,n1] 88  released orphaned lease: ID=4 ver=1 expiration={0001-01-01 00:00:00 +0000 UTC}
I250828 14:24:24.061628 1678 sql/catalog/lease/lease.go:2467 ⋮ [T1,Vsystem,n1] 89  released orphaned lease: ID=6 ver=1 expiration={0001-01-01 00:00:00 +0000 UTC}
I250828 14:24:24.061825 1674 sql/catalog/lease/lease.go:2467 ⋮ [T1,Vsystem,n1] 90  released orphaned lease: ID=1 ver=1 expiration={0001-01-01 00:00:00 +0000 UTC}
I250828 14:24:24.061887 1675 sql/catalog/lease/lease.go:2467 ⋮ [T1,Vsystem,n1] 91  released orphaned lease: ID=3 ver=1 expiration={0001-01-01 00:00:00 +0000 UTC}
I250828 14:24:24.063852 1677 sql/catalog/lease/lease.go:2467 ⋮ [T1,Vsystem,n1] 92  released orphaned lease: ID=5 ver=1 expiration={0001-01-01 00:00:00 +0000 UTC}
I250828 14:24:24.067978 1731 sql/catalog/lease/lease.go:2467 ⋮ [T1,Vsystem,n1] 93  released orphaned lease: ID=11 ver=1 expiration={0001-01-01 00:00:00 +0000 UTC}
I250828 14:24:24.069258 1730 sql/catalog/lease/lease.go:2467 ⋮ [T1,Vsystem,n1] 94  released orphaned lease: ID=9 ver=1 expiration={0001-01-01 00:00:00 +0000 UTC}
I250828 14:24:24.069596 1296 sql/catalog/lease/lease.go:2467 ⋮ [T1,Vsystem,n1] 95  released orphaned lease: ID=7 ver=1 expiration={0001-01-01 00:00:00 +0000 UTC}
I250828 14:24:24.069786 1297 sql/catalog/lease/lease.go:2467 ⋮ [T1,Vsystem,n1] 96  released orphaned lease: ID=8 ver=1 expiration={0001-01-01 00:00:00 +0000 UTC}
I250828 14:24:24.070039 1661 sql/catalog/lease/lease.go:2467 ⋮ [T1,Vsystem,n1] 97  released orphaned lease: ID=12 ver=1 expiration={0001-01-01 00:00:00 +0000 UTC}
I250828 14:24:24.077288 1679 sql/catalog/lease/lease.go:2467 ⋮ [T1,Vsystem,n1] 98  released orphaned lease: ID=14 ver=1 expiration={0001-01-01 00:00:00 +0000 UTC}
I250828 14:24:24.078331 1421 sql/catalog/lease/lease.go:2467 ⋮ [T1,Vsystem,n1] 99  released orphaned lease: ID=13 ver=1 expiration={0001-01-01 00:00:00 +0000 UTC}
I250828 14:24:24.079455 1746 sql/catalog/lease/lease.go:2467 ⋮ [T1,Vsystem,n1] 100  released orphaned lease: ID=20 ver=1 expiration={0001-01-01 00:00:00 +0000 UTC}
I250828 14:24:24.080303 1681 sql/catalog/lease/lease.go:2467 ⋮ [T1,Vsystem,n1] 101  released orphaned lease: ID=19 ver=1 expiration={0001-01-01 00:00:00 +0000 UTC}
I250828 14:24:24.080789 1680 sql/catalog/lease/lease.go:2467 ⋮ [T1,Vsystem,n1] 102  released orphaned lease: ID=15 ver=1 expiration={0001-01-01 00:00:00 +0000 UTC}
I250828 14:24:24.089896 1424 sql/catalog/lease/lease.go:2467 ⋮ [T1,Vsystem,n1] 103  released orphaned lease: ID=24 ver=1 expiration={0001-01-01 00:00:00 +0000 UTC}
I250828 14:24:24.091371 1422 sql/catalog/lease/lease.go:2467 ⋮ [T1,Vsystem,n1] 104  released orphaned lease: ID=21 ver=1 expiration={0001-01-01 00:00:00 +0000 UTC}
I250828 14:24:24.091841 1423 sql/catalog/lease/lease.go:2467 ⋮ [T1,Vsystem,n1] 105  released orphaned lease: ID=23 ver=1 expiration={0001-01-01 00:00:00 +0000 UTC}
I250828 14:24:24.106273 1763 sql/catalog/lease/lease.go:2467 ⋮ [T1,Vsystem,n1] 106  released orphaned lease: ID=30 ver=1 expiration={0001-01-01 00:00:00 +0000 UTC}
I250828 14:24:24.106855 1762 sql/catalog/lease/lease.go:2467 ⋮ [T1,Vsystem,n1] 107  released orphaned lease: ID=28 ver=1 expiration={0001-01-01 00:00:00 +0000 UTC}
I250828 14:24:24.108948 1519 sql/catalog/lease/lease.go:2467 ⋮ [T1,Vsystem,n1] 108  released orphaned lease: ID=27 ver=1 expiration={0001-01-01 00:00:00 +0000 UTC}
I250828 14:24:24.109394 1518 sql/catalog/lease/lease.go:2467 ⋮ [T1,Vsystem,n1] 109  released orphaned lease: ID=26 ver=1 expiration={0001-01-01 00:00:00 +0000 UTC}
I250828 14:24:24.110940 1626 sql/catalog/lease/lease.go:2467 ⋮ [T1,Vsystem,n1] 110  released orphaned lease: ID=32 ver=1 expiration={0001-01-01 00:00:00 +0000 UTC}
I250828 14:24:24.112534 1662 sql/catalog/lease/lease.go:2467 ⋮ [T1,Vsystem,n1] 111  released orphaned lease: ID=31 ver=1 expiration={0001-01-01 00:00:00 +0000 UTC}
I250828 14:24:24.115915 1692 sql/catalog/lease/lease.go:2467 ⋮ [T1,Vsystem,n1] 112  released orphaned lease: ID=36 ver=1 expiration={0001-01-01 00:00:00 +0000 UTC}
I250828 14:24:24.116157 1627 sql/catalog/lease/lease.go:2467 ⋮ [T1,Vsystem,n1] 113  released orphaned lease: ID=33 ver=1 expiration={0001-01-01 00:00:00 +0000 UTC}
I250828 14:24:24.116238 1764 sql/catalog/lease/lease.go:2467 ⋮ [T1,Vsystem,n1] 114  released orphaned lease: ID=35 ver=1 expiration={0001-01-01 00:00:00 +0000 UTC}
I250828 14:24:24.126824 1425 sql/catalog/lease/lease.go:2467 ⋮ [T1,Vsystem,n1] 115  released orphaned lease: ID=25 ver=1 expiration={0001-01-01 00:00:00 +0000 UTC}
I250828 14:24:24.136023 1628 sql/catalog/lease/lease.go:2467 ⋮ [T1,Vsystem,n1] 116  released orphaned lease: ID=37 ver=1 expiration={0001-01-01 00:00:00 +0000 UTC}
I250828 14:24:24.136345 1663 sql/catalog/lease/lease.go:2467 ⋮ [T1,Vsystem,n1] 117  released orphaned lease: ID=34 ver=1 expiration={0001-01-01 00:00:00 +0000 UTC}
I250828 14:24:24.136473 1630 sql/catalog/lease/lease.go:2467 ⋮ [T1,Vsystem,n1] 118  released orphaned lease: ID=40 ver=1 expiration={0001-01-01 00:00:00 +0000 UTC}
I250828 14:24:24.136889 1629 sql/catalog/lease/lease.go:2467 ⋮ [T1,Vsystem,n1] 119  released orphaned lease: ID=39 ver=1 expiration={0001-01-01 00:00:00 +0000 UTC}
I250828 14:24:24.152104 1720 sql/catalog/lease/lease.go:2467 ⋮ [T1,Vsystem,n1] 120  released orphaned lease: ID=44 ver=1 expiration={0001-01-01 00:00:00 +0000 UTC}
I250828 14:24:24.152104 1631 sql/catalog/lease/lease.go:2467 ⋮ [T1,Vsystem,n1] 121  released orphaned lease: ID=41 ver=1 expiration={0001-01-01 00:00:00 +0000 UTC}
I250828 14:24:24.153314 1721 sql/catalog/lease/lease.go:2467 ⋮ [T1,Vsystem,n1] 122  released orphaned lease: ID=45 ver=1 expiration={0001-01-01 00:00:00 +0000 UTC}
I250828 14:24:24.164929 1719 sql/catalog/lease/lease.go:2467 ⋮ [T1,Vsystem,n1] 123  released orphaned lease: ID=43 ver=1 expiration={0001-01-01 00:00:00 +0000 UTC}
I250828 14:24:24.167975 1718 sql/catalog/lease/lease.go:2467 ⋮ [T1,Vsystem,n1] 124  released orphaned lease: ID=42 ver=1 expiration={0001-01-01 00:00:00 +0000 UTC}
I250828 14:24:24.168801 1732 sql/catalog/lease/lease.go:2467 ⋮ [T1,Vsystem,n1] 125  released orphaned lease: ID=46 ver=1 expiration={0001-01-01 00:00:00 +0000 UTC}
I250828 14:24:24.169023 1632 sql/catalog/lease/lease.go:2467 ⋮ [T1,Vsystem,n1] 126  released orphaned lease: ID=47 ver=1 expiration={0001-01-01 00:00:00 +0000 UTC}
I250828 14:24:24.169110 1633 sql/catalog/lease/lease.go:2467 ⋮ [T1,Vsystem,n1] 127  released orphaned lease: ID=48 ver=1 expiration={0001-01-01 00:00:00 +0000 UTC}
I250828 14:24:24.169233 1521 sql/catalog/lease/lease.go:2467 ⋮ [T1,Vsystem,n1] 128  released orphaned lease: ID=50 ver=1 expiration={0001-01-01 00:00:00 +0000 UTC}
I250828 14:24:24.176788 1549 sql/catalog/lease/lease.go:2467 ⋮ [T1,Vsystem,n1] 129  released orphaned lease: ID=52 ver=1 expiration={0001-01-01 00:00:00 +0000 UTC}
I250828 14:24:24.178149 1550 sql/catalog/lease/lease.go:2467 ⋮ [T1,Vsystem,n1] 130  released orphaned lease: ID=53 ver=1 expiration={0001-01-01 00:00:00 +0000 UTC}
I250828 14:24:24.180335 1551 sql/catalog/lease/lease.go:2467 ⋮ [T1,Vsystem,n1] 131  released orphaned lease: ID=54 ver=1 expiration={0001-01-01 00:00:00 +0000 UTC}
I250828 14:24:24.180891 1664 sql/catalog/lease/lease.go:2467 ⋮ [T1,Vsystem,n1] 132  released orphaned lease: ID=55 ver=1 expiration={0001-01-01 00:00:00 +0000 UTC}
I250828 14:24:24.180945 1778 sql/catalog/lease/lease.go:2467 ⋮ [T1,Vsystem,n1] 133  released orphaned lease: ID=51 ver=1 expiration={0001-01-01 00:00:00 +0000 UTC}
I250828 14:24:24.184075 1779 sql/catalog/lease/lease.go:2467 ⋮ [T1,Vsystem,n1] 134  released orphaned lease: ID=57 ver=1 expiration={0001-01-01 00:00:00 +0000 UTC}
I250828 14:24:24.184840 1552 sql/catalog/lease/lease.go:2467 ⋮ [T1,Vsystem,n1] 135  released orphaned lease: ID=56 ver=1 expiration={0001-01-01 00:00:00 +0000 UTC}
I250828 14:24:24.188121 1794 sql/catalog/lease/lease.go:2467 ⋮ [T1,Vsystem,n1] 136  released orphaned lease: ID=59 ver=1 expiration={0001-01-01 00:00:00 +0000 UTC}
I250828 14:24:24.188692 1665 sql/catalog/lease/lease.go:2467 ⋮ [T1,Vsystem,n1] 137  released orphaned lease: ID=58 ver=1 expiration={0001-01-01 00:00:00 +0000 UTC}
I250828 14:24:24.188914 1795 sql/catalog/lease/lease.go:2467 ⋮ [T1,Vsystem,n1] 138  released orphaned lease: ID=60 ver=1 expiration={0001-01-01 00:00:00 +0000 UTC}
I250828 14:24:24.189086 1748 sql/catalog/lease/lease.go:2467 ⋮ [T1,Vsystem,n1] 139  released orphaned lease: ID=62 ver=1 expiration={0001-01-01 00:00:00 +0000 UTC}
I250828 14:24:24.189089 1747 sql/catalog/lease/lease.go:2467 ⋮ [T1,Vsystem,n1] 140  released orphaned lease: ID=61 ver=1 expiration={0001-01-01 00:00:00 +0000 UTC}
I250828 14:24:24.192133 1725 sql/catalog/lease/lease.go:2467 ⋮ [T1,Vsystem,n1] 141  released orphaned lease: ID=63 ver=1 expiration={0001-01-01 00:00:00 +0000 UTC}
I250828 14:24:24.193456 1797 sql/catalog/lease/lease.go:2467 ⋮ [T1,Vsystem,n1] 142  released orphaned lease: ID=66 ver=1 expiration={0001-01-01 00:00:00 +0000 UTC}
I250828 14:24:24.193489 1726 sql/catalog/lease/lease.go:2467 ⋮ [T1,Vsystem,n1] 143  released orphaned lease: ID=64 ver=1 expiration={0001-01-01 00:00:00 +0000 UTC}
I250828 14:24:24.194376 1813 sql/catalog/lease/lease.go:2467 ⋮ [T1,Vsystem,n1] 144  released orphaned lease: ID=67 ver=1 expiration={0001-01-01 00:00:00 +0000 UTC}
I250828 14:24:24.195033 1796 sql/catalog/lease/lease.go:2467 ⋮ [T1,Vsystem,n1] 145  released orphaned lease: ID=65 ver=1 expiration={0001-01-01 00:00:00 +0000 UTC}
I250828 14:24:24.196099 1826 sql/catalog/lease/lease.go:2467 ⋮ [T1,Vsystem,n1] 146  released orphaned lease: ID=68 ver=1 expiration={0001-01-01 00:00:00 +0000 UTC}
I250828 14:24:24.197348 1828 sql/catalog/lease/lease.go:2467 ⋮ [T1,Vsystem,n1] 147  released orphaned lease: ID=71 ver=1 expiration={0001-01-01 00:00:00 +0000 UTC}
I250828 14:24:24.197482 1827 sql/catalog/lease/lease.go:2467 ⋮ [T1,Vsystem,n1] 148  released orphaned lease: ID=69 ver=1 expiration={0001-01-01 00:00:00 +0000 UTC}
I250828 14:24:24.205194 1798 sql/catalog/lease/lease.go:2467 ⋮ [T1,Vsystem,n1] 149  released orphaned lease: ID=72 ver=1 expiration={0001-01-01 00:00:00 +0000 UTC}
I250828 14:24:24.206180 1830 sql/catalog/lease/lease.go:2467 ⋮ [T1,Vsystem,n1] 150  released orphaned lease: ID=106 ver=12 expiration={0001-01-01 00:00:00 +0000 UTC}
I250828 14:24:24.208061 1750 sql/catalog/lease/lease.go:2467 ⋮ [T1,Vsystem,n1] 151  released orphaned lease: ID=107 ver=1 expiration={0001-01-01 00:00:00 +0000 UTC}
I250828 14:24:24.208506 1829 sql/catalog/lease/lease.go:2467 ⋮ [T1,Vsystem,n1] 152  released orphaned lease: ID=104 ver=1 expiration={0001-01-01 00:00:00 +0000 UTC}
I250828 14:24:24.208675 1749 sql/catalog/lease/lease.go:2467 ⋮ [T1,Vsystem,n1] 153  released orphaned lease: ID=70 ver=1 expiration={0001-01-01 00:00:00 +0000 UTC}
I250828 14:24:24.212691 1799 sql/catalog/lease/lease.go:2467 ⋮ [T1,Vsystem,n1] 154  released orphaned lease: ID=108 ver=2 expiration={0001-01-01 00:00:00 +0000 UTC}
I250828 14:24:24.218939 1787 sql/catalog/lease/lease.go:2467 ⋮ [T1,Vsystem,n1] 155  released orphaned lease: ID=113 ver=4 expiration={0001-01-01 00:00:00 +0000 UTC}
I250828 14:24:24.218991 1784 sql/catalog/lease/lease.go:2467 ⋮ [T1,Vsystem,n1] 156  released orphaned lease: ID=110 ver=1 expiration={0001-01-01 00:00:00 +0000 UTC}
I250828 14:24:24.219048 1800 sql/catalog/lease/lease.go:2467 ⋮ [T1,Vsystem,n1] 157  released orphaned lease: ID=109 ver=2 expiration={0001-01-01 00:00:00 +0000 UTC}
I250828 14:24:24.219079 1786 sql/catalog/lease/lease.go:2467 ⋮ [T1,Vsystem,n1] 158  released orphaned lease: ID=112 ver=1 expiration={0001-01-01 00:00:00 +0000 UTC}
I250828 14:24:24.219103 1785 sql/catalog/lease/lease.go:2467 ⋮ [T1,Vsystem,n1] 159  released orphaned lease: ID=111 ver=3 expiration={0001-01-01 00:00:00 +0000 UTC}
I250828 14:24:24.227866 1804 sql/catalog/lease/lease.go:2467 ⋮ [T1,Vsystem,n1] 160  released orphaned lease: ID=117 ver=3 expiration={0001-01-01 00:00:00 +0000 UTC}
I250828 14:24:24.227955 1801 sql/catalog/lease/lease.go:2467 ⋮ [T1,Vsystem,n1] 161  released orphaned lease: ID=114 ver=1 expiration={0001-01-01 00:00:00 +0000 UTC}
I250828 14:24:24.228019 1803 sql/catalog/lease/lease.go:2467 ⋮ [T1,Vsystem,n1] 162  released orphaned lease: ID=116 ver=1 expiration={0001-01-01 00:00:00 +0000 UTC}
I250828 14:24:24.228060 1802 sql/catalog/lease/lease.go:2467 ⋮ [T1,Vsystem,n1] 163  released orphaned lease: ID=115 ver=4 expiration={0001-01-01 00:00:00 +0000 UTC}
I250828 14:24:24.230930 1805 sql/catalog/lease/lease.go:2467 ⋮ [T1,Vsystem,n1] 164  released orphaned lease: ID=118 ver=1 expiration={0001-01-01 00:00:00 +0000 UTC}
I250828 14:24:24.237092 1768 sql/catalog/lease/lease.go:2467 ⋮ [T1,Vsystem,n1] 165  released orphaned lease: ID=122 ver=2 expiration={0001-01-01 00:00:00 +0000 UTC}
I250828 14:24:24.238236 1766 sql/catalog/lease/lease.go:2467 ⋮ [T1,Vsystem,n1] 166  released orphaned lease: ID=120 ver=6 expiration={0001-01-01 00:00:00 +0000 UTC}
I250828 14:24:24.239103 1814 sql/catalog/lease/lease.go:2467 ⋮ [T1,Vsystem,n1] 167  released orphaned lease: ID=123 ver=5 expiration={0001-01-01 00:00:00 +0000 UTC}
I250828 14:24:24.239825 1767 sql/catalog/lease/lease.go:2467 ⋮ [T1,Vsystem,n1] 168  released orphaned lease: ID=121 ver=1 expiration={0001-01-01 00:00:00 +0000 UTC}
I250828 14:24:24.257188 1765 sql/catalog/lease/lease.go:2467 ⋮ [T1,Vsystem,n1] 169  released orphaned lease: ID=119 ver=2 expiration={0001-01-01 00:00:00 +0000 UTC}
I250828 14:24:24.267205 1693 sql/catalog/lease/lease.go:2467 ⋮ [T1,Vsystem,n1] 170  released orphaned lease: ID=124 ver=1 expiration={0001-01-01 00:00:00 +0000 UTC}
I250828 14:24:24.267976 1694 sql/catalog/lease/lease.go:2467 ⋮ [T1,Vsystem,n1] 171  released orphaned lease: ID=125 ver=3 expiration={0001-01-01 00:00:00 +0000 UTC}
I250828 14:24:24.268797 1695 sql/catalog/lease/lease.go:2467 ⋮ [T1,Vsystem,n1] 172  released orphaned lease: ID=126 ver=3 expiration={0001-01-01 00:00:00 +0000 UTC}
I250828 14:24:24.270552 1696 sql/catalog/lease/lease.go:2467 ⋮ [T1,Vsystem,n1] 173  released orphaned lease: ID=127 ver=2 expiration={0001-01-01 00:00:00 +0000 UTC}
I250828 14:24:24.270780 1733 sql/catalog/lease/lease.go:2467 ⋮ [T1,Vsystem,n1] 174  released orphaned lease: ID=128 ver=3 expiration={0001-01-01 00:00:00 +0000 UTC}
I250828 14:24:24.275965 1734 sql/catalog/lease/lease.go:2467 ⋮ [T1,Vsystem,n1] 175  released orphaned lease: ID=129 ver=2 expiration={0001-01-01 00:00:00 +0000 UTC}
I250828 14:24:24.276580 1769 sql/catalog/lease/lease.go:2467 ⋮ [T1,Vsystem,n1] 176  released orphaned lease: ID=131 ver=2 expiration={0001-01-01 00:00:00 +0000 UTC}
I250828 14:24:24.276605 1770 sql/catalog/lease/lease.go:2467 ⋮ [T1,Vsystem,n1] 177  released orphaned lease: ID=133 ver=2 expiration={0001-01-01 00:00:00 +0000 UTC}
I250828 14:24:24.292671 1736 sql/catalog/lease/lease.go:2467 ⋮ [T1,Vsystem,n1] 178  released orphaned lease: ID=134 ver=1 expiration={0001-01-01 00:00:00 +0000 UTC}
I250828 14:24:24.292790 1735 sql/catalog/lease/lease.go:2467 ⋮ [T1,Vsystem,n1] 179  released orphaned lease: ID=130 ver=3 expiration={0001-01-01 00:00:00 +0000 UTC}
I250828 14:24:24.295470 1806 sql/catalog/lease/lease.go:2467 ⋮ [T1,Vsystem,n1] 180  released orphaned lease: ID=132 ver=2 expiration={0001-01-01 00:00:00 +0000 UTC}
I250828 14:24:25.920678 1589 server/diagnostics/update_checker.go:144 ⋮ [T1,Vsystem,n1] 181  a new version is available: ‹25.3.0›, details: ‹https://www.cockroachlabs.com/docs/releases/v25.3#v25-3-0›
W250828 14:24:33.942365 1579 2@rpc/clock_offset.go:307 ⋮ [T1,Vsystem,n1,rnode=1,raddr=‹127.0.0.1:26257›,class=system,rpc] 182  latency jump (prev avg 3.61ms, current 120.99ms)
I250828 14:24:57.805847 1253 jobs/adopt.go:105 ⋮ [T1,Vsystem,n1] 183  claimed 8 jobs
I250828 14:24:58.139647 2408 jobs/adopt.go:224 ⋮ [T1,Vsystem,n1,job=1102038455571808257] 185  job 1102038455571808257: resuming execution
I250828 14:24:58.142706 2407 jobs/adopt.go:224 ⋮ [T1,Vsystem,n1,job=1102038452960821249] 186  job 1102038452960821249: resuming execution
I250828 14:24:58.144424 2406 jobs/adopt.go:224 ⋮ [T1,Vsystem,n1,job=105] 187  job 105: resuming execution
I250828 14:24:58.137765 2413 jobs/adopt.go:224 ⋮ [T1,Vsystem,n1,job=104] 188  job 104: resuming execution
I250828 14:24:58.146149 2412 jobs/adopt.go:224 ⋮ [T1,Vsystem,n1,job=103] 189  job 103: resuming execution
I250828 14:24:58.137673 2409 jobs/adopt.go:224 ⋮ [T1,Vsystem,n1,job=1102037793065435137] 184  job 1102037793065435137: resuming execution
I250828 14:24:58.137792 2410 jobs/adopt.go:224 ⋮ [T1,Vsystem,n1,job=100] 190  job 100: resuming execution
I250828 14:24:58.137813 2411 jobs/adopt.go:224 ⋮ [T1,Vsystem,n1,job=101] 191  job 101: resuming execution
I250828 14:24:58.336741 1952 jobs/registry.go:1681 ⋮ [T1,Vsystem,n1,job=103] 192  AUTO UPDATE SQL ACTIVITY job 103: stepping through state running
I250828 14:24:58.330035 2203 jobs/registry.go:1681 ⋮ [T1,Vsystem,n1,job=104] 193  MVCC STATISTICS UPDATE job 104: stepping through state running
I250828 14:24:58.361333 2205 jobs/registry.go:1681 ⋮ [T1,Vsystem,n1,job=101] 194  POLL JOBS STATS job 101: stepping through state running
I250828 14:24:58.365095 2376 jobs/registry.go:1681 ⋮ [T1,Vsystem,n1,job=1102037793065435137] 195  AUTO SPAN CONFIG RECONCILIATION job 1102037793065435137: stepping through state running
I250828 14:24:58.376563 1997 jobs/registry.go:1681 ⋮ [T1,Vsystem,n1,job=105] 196  UPDATE TABLE METADATA CACHE job 105: stepping through state running
I250828 14:24:58.377487 2483 jobs/registry.go:1681 ⋮ [T1,Vsystem,n1,job=100] 197  KEY VISUALIZER job 100: stepping through state running
I250828 14:24:58.399799 1952 sql/sql_activity_update_job.go:88 ⋮ [T1,Vsystem,n1,job=AUTO UPDATE SQL ACTIVITY id=103] 198  starting sql stats activity flush job
I250828 14:24:58.400924 2203 sql/mvcc_statistics_update_job.go:63 ⋮ [T1,Vsystem,n1,job=MVCC STATISTICS UPDATE id=104] 199  starting mvcc statistics update job
I250828 14:24:58.473046 2485 jobs/registry.go:1681 ⋮ [T1,Vsystem,n1,job=1102038455571808257] 200  CHANGEFEED job 1102038455571808257: stepping through state running
I250828 14:24:58.517705 2382 jobs/registry.go:1681 ⋮ [T1,Vsystem,n1,job=1102038452960821249] 201  CHANGEFEED job 1102038452960821249: stepping through state running
I250828 14:24:58.592880 2491 ccl/changefeedccl/changefeed_dist.go:414 ⋮ [T1,Vsystem,n1,job=CHANGEFEED id=1102038455571808257] 202  using bulk oracle for DistSQL planning
I250828 14:24:58.736040 2491 ccl/changefeedccl/changefeed_dist.go:577 ⋮ [T1,Vsystem,n1,job=CHANGEFEED id=1102038455571808257] 203  changefeed plan diagram: ‹https://cockroachdb.github.io/distsqlplan/decode.html#eJyUkVsLmzAUx9_3KeQ8R0yi9pKnjpVBH7aOrbCHIiOaow2zxiWRbojffai7tIUW-ngu_v4_T3pwP2oQUJxkU2GJqETAGOU0XiVpmi7Ziq54ugQCjVH4UZ7RgTgCg4xAa02Bzhk7tvppYad-gqAEdNN2fmxnBApjEUQPXvsaQcC7KeptVVmspDc2okBAoZe6nthfpS9O6IIjy0QQHWReY8R4HPUs5ANkAwHT-f9452WFINiVz24Lgg7kVaX31jReo43YrdC-8yLYcLKJySZ5KMDvBNgrAp_RtaZxeBP8KIneJYVsyAigqnB-CGc6W-Ana4ppdy73E2hqKHR-nrK52DV_R85blOd_97smsack_oyUEShrc_mmFQjIc6ooljSUS1yEyTpfhHK9KMMyT7hK8ziVaQLjB7Jy44m-nMxlwh5-teMPlrJ2SOCD_I5b9GjPutHO6-LPZBje_A4AAP__VQfqNA==›
I250828 14:24:58.745540 2495 ccl/changefeedccl/changefeed_dist.go:414 ⋮ [T1,Vsystem,n1,job=CHANGEFEED id=1102038452960821249] 204  using bulk oracle for DistSQL planning
I250828 14:24:58.754938 2495 ccl/changefeedccl/changefeed_dist.go:577 ⋮ [T1,Vsystem,n1,job=CHANGEFEED id=1102038452960821249] 205  changefeed plan diagram: ‹https://cockroachdb.github.io/distsqlplan/decode.html#eJyUkd-rmzAUx9_3V8h5jpikma156thl0Iftju3CHoqMGI82zBqXRLoh_u9D3XbbQgt9PD_8fD-eDOB_NiBBH1RbY4VYyogxyulqI97yLKUbzrjIgEBrS_ykjuhB7oFBTqBzVqP31k2tYV7Ylb9AUgKm7fowtXMC2joEOUAwoUGQ8H6OelfXDmsVrEsoECgxKNPM7G8q6AP6aM9yGSUvqmgwYZwmA4v5CPlIwPbhFe-DqhEkO_PZPYGkI3lU6YOzbTDoEnYp9NwHGW052a7IVtwU4FcC7BGBL-g723q8CL6VRK-SYjbmBLCscXkIb3un8bOzet5dyucZNDdK9GGZsqXYtf9GPjhUx__3OyexuyR-j5QTqBp7-m5KkFAonglVFXG6YRiLtV7FBctEvKaiWqepKgRNYfpA1X460deDPc3Yl9_d9IOVajwS-Kh-4BMGdEfTGh-M_jsZxzd_AgAA__8HuOlx›
I250828 14:24:58.807458 2385 ccl/changefeedccl/sink_kafka_v2.go:246 ⋮ [-] 206  updating kafka metadata for topics: [‹users_changes›]
I250828 14:24:58.810357 2565 ccl/changefeedccl/sink_kafka_v2.go:246 ⋮ [-] 207  updating kafka metadata for topics: [‹toggle_sensor›]
I250828 14:24:59.041713 2565 ccl/changefeedccl/sink_kafka_v2.go:246 ⋮ [-] 208  updating kafka metadata for topics: [‹toggle_sensor›]
I250828 14:24:59.048711 2385 ccl/changefeedccl/sink_kafka_v2.go:246 ⋮ [-] 209  updating kafka metadata for topics: [‹users_changes›]
I250828 14:24:59.060108 2555 ccl/changefeedccl/kvfeed/kv_feed.go:332 ⋮ [T1,Vsystem,n1,job=1102038455571808257,change-aggregator] 210  kv feed run starting
I250828 14:24:59.081157 2710 ccl/changefeedccl/kvfeed/kv_feed.go:332 ⋮ [T1,Vsystem,n1,job=1102038452960821249,change-aggregator] 211  kv feed run starting
I250828 14:24:59.358509 2376 spanconfig/spanconfigsqlwatcher/sqlwatcher.go:241 ⋮ [T1,Vsystem,n1,job=AUTO SPAN CONFIG RECONCILIATION id=1102037793065435137] 212  established range feed over system.descriptors starting at time 1756391098.634651050,0
I250828 14:24:59.358863 2376 spanconfig/spanconfigsqlwatcher/sqlwatcher.go:300 ⋮ [T1,Vsystem,n1,job=AUTO SPAN CONFIG RECONCILIATION id=1102037793065435137] 213  established range feed over system.zones starting at time 1756391098.634651050,0
I250828 14:24:59.362537 2376 spanconfig/spanconfigsqlwatcher/sqlwatcher.go:401 ⋮ [T1,Vsystem,n1,job=AUTO SPAN CONFIG RECONCILIATION id=1102037793065435137] 214  established range feed over system.protected_ts_records starting at time 1756391098.634651050,0
I250828 14:25:03.344230 773 server/status/runtime_jemalloc.go:226 ⋮ [T1,Vsystem,n1] 215  jemalloc arenas purged (took 4.642208ms)
I250828 14:25:24.096939 3651 1@jobs/structured_log.go:49 ⋮ [T1,Vsystem,n1] 216 ={"Timestamp":1756391124096923756,"EventType":"status_change","JobID":1102055748295753729,"JobType":"AUTO CREATE STATS","Description":"state changed to: running","PreviousStatus":"running","NewStatus":"running","RunNum":0}
I250828 14:25:24.101572 3651 sql/distsql_plan_stats.go:209 ⋮ [T1,Vsystem,n1,job=AUTO CREATE STATS id=1102055748295753729,create-stats-distsql] 217  using computed sample size of 10000 for histogram construction
I250828 14:25:24.350928 3651 1@jobs/structured_log.go:49 ⋮ [T1,Vsystem,n1] 218 ={"Timestamp":1756391124350921381,"EventType":"status_change","JobID":1102055748295753729,"JobType":"AUTO CREATE STATS","Description":"state changed to: succeeded","PreviousStatus":"running","NewStatus":"succeeded","RunNum":0}
I250828 14:26:24.605551 5101 1@jobs/structured_log.go:49 ⋮ [T1,Vsystem,n1] 219 ={"Timestamp":1756391184605549131,"EventType":"status_change","JobID":1102055946859511809,"JobType":"AUTO CREATE PARTIAL STATS","Description":"state changed to: running","PreviousStatus":"running","NewStatus":"running","RunNum":0}
I250828 14:26:24.612497 5101 sql/distsql_plan_stats.go:209 ⋮ [T1,Vsystem,n1,job=AUTO CREATE PARTIAL STATS id=1102055946859511809,create-stats-distsql] 220  using computed sample size of 10000 for histogram construction
I250828 14:26:24.664015 5101 1@jobs/structured_log.go:49 ⋮ [T1,Vsystem,n1] 221 ={"Timestamp":1756391184664012548,"EventType":"status_change","JobID":1102055946859511809,"JobType":"AUTO CREATE PARTIAL STATS","Description":"state changed to: succeeded","PreviousStatus":"running","NewStatus":"succeeded","RunNum":0}
I250828 14:26:24.682775 5174 1@jobs/structured_log.go:49 ⋮ [T1,Vsystem,n1] 222 ={"Timestamp":1756391184682773048,"EventType":"status_change","JobID":1102055947195154433,"JobType":"AUTO CREATE PARTIAL STATS","Description":"state changed to: running","PreviousStatus":"running","NewStatus":"running","RunNum":0}
I250828 14:26:24.702691 5174 jobs/registry.go:1673 ⋮ [T1,Vsystem,n1] 223  AUTO CREATE PARTIAL STATS job 1102055947195154433: stepping through state reverting with error: the latest full statistic for column ‹id› has no histogram
I250828 14:26:24.745778 5174 1@jobs/structured_log.go:49 ⋮ [T1,Vsystem,n1] 224 ={"Timestamp":1756391184745773423,"EventType":"status_change","JobID":1102055947195154433,"JobType":"AUTO CREATE PARTIAL STATS","Description":"state changed to: reverting","PreviousStatus":"running","NewStatus":"reverting","RunNum":0,"Error":"‹the latest full statistic for column id has no histogram›","FinalResumeErr":"‹the latest full statistic for column id has no histogram›"}
I250828 14:26:24.745856 5174 jobs/registry.go:1673 ⋮ [T1,Vsystem,n1] 225  AUTO CREATE PARTIAL STATS job 1102055947195154433: stepping through state failed with error: the latest full statistic for column ‹id› has no histogram
I250828 14:26:24.766348 5174 1@jobs/structured_log.go:49 ⋮ [T1,Vsystem,n1] 226 ={"Timestamp":1756391184766345631,"EventType":"status_change","JobID":1102055947195154433,"JobType":"AUTO CREATE PARTIAL STATS","Description":"state changed to: failed","PreviousStatus":"reverting","NewStatus":"failed","RunNum":0,"Error":"‹the latest full statistic for column id has no histogram›","FinalResumeErr":"‹the latest full statistic for column id has no histogram›"}
E250828 14:26:24.766381 5174 jobs/adopt.go:415 ⋮ [T1,Vsystem,n1] 227  job 1102055947195154433: adoption completed with error the latest full statistic for column ‹id› has no histogram
W250828 14:26:24.772865 4443 sql/stats/automatic_stats.go:1016 ⋮ [T1,Vsystem,n1] 228  failed to create statistics on table 32: create-stats: the latest full statistic for column ‹id› has no histogram
I250828 14:27:12.756184 773 server/status/runtime_jemalloc.go:226 ⋮ [T1,Vsystem,n1] 229  jemalloc arenas purged (took 920.542µs)
I250828 14:27:24.826407 6470 1@jobs/structured_log.go:49 ⋮ [T1,Vsystem,n1] 230 ={"Timestamp":1756391244826359256,"EventType":"status_change","JobID":1102056144198598657,"JobType":"AUTO CREATE PARTIAL STATS","Description":"state changed to: running","PreviousStatus":"running","NewStatus":"running","RunNum":0}
I250828 14:27:24.834085 6470 sql/distsql_plan_stats.go:209 ⋮ [T1,Vsystem,n1,job=AUTO CREATE PARTIAL STATS id=1102056144198598657,create-stats-distsql] 231  using computed sample size of 10000 for histogram construction
I250828 14:27:24.885048 6470 1@jobs/structured_log.go:49 ⋮ [T1,Vsystem,n1] 232 ={"Timestamp":1756391244885044840,"EventType":"status_change","JobID":1102056144198598657,"JobType":"AUTO CREATE PARTIAL STATS","Description":"state changed to: succeeded","PreviousStatus":"running","NewStatus":"succeeded","RunNum":0}
I250828 14:29:12.763376 773 server/status/runtime_jemalloc.go:226 ⋮ [T1,Vsystem,n1] 233  jemalloc arenas purged (took 236.417µs)
I250828 14:31:12.789281 773 server/status/runtime_jemalloc.go:226 ⋮ [T1,Vsystem,n1] 234  jemalloc arenas purged (took 674.292µs)
I250828 14:31:24.953728 11411 1@jobs/structured_log.go:49 ⋮ [T1,Vsystem,n1] 235 ={"Timestamp":1756391484953723465,"EventType":"status_change","JobID":1102056931025420289,"JobType":"AUTO CREATE STATS","Description":"state changed to: running","PreviousStatus":"running","NewStatus":"running","RunNum":0}
I250828 14:31:24.960039 11411 sql/distsql_plan_stats.go:209 ⋮ [T1,Vsystem,n1,job=AUTO CREATE STATS id=1102056931025420289,create-stats-distsql] 236  using computed sample size of 10000 for histogram construction
I250828 14:31:25.069369 11411 1@jobs/structured_log.go:49 ⋮ [T1,Vsystem,n1] 237 ={"Timestamp":1756391485069352632,"EventType":"status_change","JobID":1102056931025420289,"JobType":"AUTO CREATE STATS","Description":"state changed to: succeeded","PreviousStatus":"running","NewStatus":"succeeded","RunNum":0}
I250828 14:31:25.093384 11483 1@jobs/structured_log.go:49 ⋮ [T1,Vsystem,n1] 238 ={"Timestamp":1756391485093380090,"EventType":"status_change","JobID":1102056931571040257,"JobType":"AUTO CREATE PARTIAL STATS","Description":"state changed to: running","PreviousStatus":"running","NewStatus":"running","RunNum":0}
I250828 14:31:25.096363 11483 sql/distsql_plan_stats.go:209 ⋮ [T1,Vsystem,n1,job=AUTO CREATE PARTIAL STATS id=1102056931571040257,create-stats-distsql] 239  using computed sample size of 10000 for histogram construction
I250828 14:31:25.132924 11483 1@jobs/structured_log.go:49 ⋮ [T1,Vsystem,n1] 240 ={"Timestamp":1756391485132921007,"EventType":"status_change","JobID":1102056931571040257,"JobType":"AUTO CREATE PARTIAL STATS","Description":"state changed to: succeeded","PreviousStatus":"running","NewStatus":"succeeded","RunNum":0}
