I250802 09:26:45.179396 31 util/log/file_sync_buffer.go:237 ⋮ [config]   file created at: 2025/08/02 09:26:45
I250802 09:26:45.179415 31 util/log/file_sync_buffer.go:237 ⋮ [config]   running on machine: ‹51c894884f33›
I250802 09:26:45.179425 31 util/log/file_sync_buffer.go:237 ⋮ [config]   binary: CockroachDB CCL v25.2.0 (aarch64-unknown-linux-gnu, built 2025/05/15 21:07:42, go1.23.7 X:nocoverageredesign)
I250802 09:26:45.179429 31 util/log/file_sync_buffer.go:237 ⋮ [config]   arguments: [‹/cockroach/cockroach› ‹start-single-node› ‹--certs-dir=certs› ‹--advertise-addr=127.0.0.1:26257› ‹--insecure› ‹--http-addr=0.0.0.0:8080›]
I250802 09:26:45.179439 31 util/log/file_sync_buffer.go:237 ⋮ [config]   log format (utf8=✓): crdb-v2
I250802 09:26:45.179442 31 util/log/file_sync_buffer.go:237 ⋮ [config]   line format: [IWEF]yymmdd hh:mm:ss.uuuuuu goid [chan@]file:line redactionmark \[tags\] [counter] msg
I250802 09:26:45.175623 31 3@pebble/objstorage/objstorageprovider/remote.go:102 ⋮ [n?,s?,pebble] 1  remote storage configured; creatorID = 1
I250802 09:26:45.229603 31 3@pebble/open.go:1054 ⋮ [n?,s?,pebble] 2  [JOB ‹1›] WAL ‹001868: {(/cockroach/cockroach-data,000)}› stopped reading at offset: (‹/cockroach/cockroach-data/001868.log›: 1562478); replayed 6774 keys in 99 batches
I250802 09:26:45.230029 100 3@pebble/event.go:1011 ⋮ [n?,s?,pebble] 3  [JOB 2] flushing 4 memtables (1.7MB) to L0
I250802 09:26:45.231033 100 3@pebble/event.go:1039 ⋮ [n?,s?,pebble] 4  [JOB 2] flushing: sstable created 001883
I250802 09:26:45.245847 100 3@pebble/event.go:1039 ⋮ [n?,s?,pebble] 5  [JOB 2] flushing: sstable created 001884
I250802 09:26:45.254366 100 3@pebble/event.go:1039 ⋮ [n?,s?,pebble] 6  [JOB 2] flushing: sstable created 001885
I250802 09:26:45.260913 100 3@pebble/event.go:1031 ⋮ [n?,s?,pebble] 7  [JOB 2] MANIFEST created 001886
I250802 09:26:45.261194 100 3@pebble/event.go:1015 ⋮ [n?,s?,pebble] 8  [JOB 2] flushed 4 memtables (1.7MB) to L0 [001883 001884 001885] (131KB), in 0.0s (0.0s total), output rate 4.8MB/s
I250802 09:26:45.262062 77 3@pebble/event.go:999 ⋮ [n?,s?,pebble] 9  [JOB 3] compacting(default) L0 [001884] (35KB) Score=1.70 + L6 [001875 001876 001877 001878 001879] (16MB) Score=0.59; OverlappingRatio: Single 468.60, Multi 0.00
I250802 09:26:45.262621 98 3@pebble/event.go:1063 ⋮ [n?,s?,pebble] 10  [JOB 2] WAL deleted 001856
I250802 09:26:45.264280 98 3@pebble/event.go:1063 ⋮ [n?,s?,pebble] 11  [JOB 2] WAL deleted 001868
I250802 09:26:45.290222 31 3@pebble/event.go:1059 ⋮ [n?,s?,pebble] 12  [JOB 1] WAL created 001887
I250802 09:26:45.329936 76 3@pebble/event.go:999 ⋮ [n?,s?,pebble] 13  [JOB 4] compacting(default) L0 [001883] (94KB) Score=1.71 + L6 [001871 001872 001873 001874] (16MB) Score=0.59; OverlappingRatio: Single 174.94, Multi 0.00
I250802 09:26:45.331137 77 3@pebble/event.go:1039 ⋮ [n?,s?,pebble] 14  [JOB 3] compacting: sstable created 001889
I250802 09:26:45.404313 76 3@pebble/event.go:1039 ⋮ [n?,s?,pebble] 15  [JOB 4] compacting: sstable created 001890
I250802 09:26:46.732412 77 3@pebble/event.go:1039 ⋮ [n?,s?,pebble] 16  [JOB 3] compacting: sstable created 001891
I250802 09:26:47.037682 76 3@pebble/event.go:1039 ⋮ [n?,s?,pebble] 17  [JOB 4] compacting: sstable created 001892
I250802 09:26:47.662210 77 3@pebble/event.go:1039 ⋮ [n?,s?,pebble] 18  [JOB 3] compacting: sstable created 001893
I250802 09:26:47.964050 76 3@pebble/event.go:1039 ⋮ [n?,s?,pebble] 19  [JOB 4] compacting: sstable created 001894
I250802 09:26:48.121055 77 3@pebble/event.go:1039 ⋮ [n?,s?,pebble] 20  [JOB 3] compacting: sstable created 001895
I250802 09:26:48.680893 76 3@pebble/event.go:1039 ⋮ [n?,s?,pebble] 21  [JOB 4] compacting: sstable created 001896
I250802 09:26:48.758285 77 3@pebble/event.go:1039 ⋮ [n?,s?,pebble] 22  [JOB 3] compacting: sstable created 001897
I250802 09:26:48.778618 77 3@pebble/event.go:1003 ⋮ [n?,s?,pebble] 23  [JOB 3] compacted(default) L0 [001884] (35KB) Score=1.70 + L6 [001875 001876 001877 001878 001879] (16MB) Score=0.59 -> L6 [001889 001891 001893 001895 001897] (16MB), in 3.5s (3.5s total), output rate 4.6MB/s
I250802 09:26:49.390902 76 3@pebble/event.go:1003 ⋮ [n?,s?,pebble] 24  [JOB 4] compacted(default) L0 [001883] (94KB) Score=1.71 + L6 [001871 001872 001873 001874] (16MB) Score=0.59 -> L6 [001890 001892 001894 001896] (16MB), in 4.1s (4.1s total), output rate 4.0MB/s
I250802 09:26:49.408896 63 3@pebble/event.go:999 ⋮ [n?,s?,pebble] 25  [JOB 6] compacting(default) L0 [001885] (995B) Score=1.71 + L6 [001880] (4.0MB) Score=0.59; OverlappingRatio: Single 4254.05, Multi 0.00
I250802 09:26:49.416047 98 3@pebble/event.go:1043 ⋮ [n?,s?,pebble] 26  [JOB 4] sstable deleted 001871
I250802 09:26:49.426352 62 3@pebble/event.go:1051 ⋮ [n?,s?,pebble] 27  [JOB 5] all initial table stats loaded
I250802 09:26:49.428007 98 3@pebble/event.go:1043 ⋮ [n?,s?,pebble] 28  [JOB 4] sstable deleted 001872
I250802 09:26:49.429176 98 3@pebble/event.go:1043 ⋮ [n?,s?,pebble] 29  [JOB 4] sstable deleted 001873
I250802 09:26:49.430145 98 3@pebble/event.go:1043 ⋮ [n?,s?,pebble] 30  [JOB 4] sstable deleted 001874
I250802 09:26:49.432975 98 3@pebble/event.go:1043 ⋮ [n?,s?,pebble] 31  [JOB 4] sstable deleted 001875
I250802 09:26:49.432960 63 3@pebble/event.go:1039 ⋮ [n?,s?,pebble] 32  [JOB 6] compacting: sstable created 001898
I250802 09:26:49.434578 98 3@pebble/event.go:1043 ⋮ [n?,s?,pebble] 33  [JOB 4] sstable deleted 001876
I250802 09:26:49.438974 98 3@pebble/event.go:1043 ⋮ [n?,s?,pebble] 34  [JOB 4] sstable deleted 001877
I250802 09:26:49.442020 98 3@pebble/event.go:1043 ⋮ [n?,s?,pebble] 35  [JOB 4] sstable deleted 001878
I250802 09:26:49.444524 98 3@pebble/event.go:1043 ⋮ [n?,s?,pebble] 36  [JOB 4] sstable deleted 001879
I250802 09:26:49.446049 98 3@pebble/event.go:1043 ⋮ [n?,s?,pebble] 37  [JOB 4] sstable deleted 001883
I250802 09:26:49.446604 98 3@pebble/event.go:1043 ⋮ [n?,s?,pebble] 38  [JOB 4] sstable deleted 001884
I250802 09:26:49.447610 98 3@pebble/event.go:1035 ⋮ [n?,s?,pebble] 39  [JOB 1] MANIFEST deleted 001839
I250802 09:26:49.456352 31 3@pebble/event.go:1031 ⋮ [n?,s?,pebble] 40  [JOB 1] MANIFEST created 000001
I250802 09:26:49.458339 31 3@pebble/event.go:1059 ⋮ [n?,s?,pebble] 41  [JOB 1] WAL created 000002
I250802 09:26:49.459609 31 3@pebble/event.go:1027 ⋮ [n?,s?,pebble] 42  upgraded to format version: 014
I250802 09:26:49.461003 31 3@pebble/event.go:1027 ⋮ [n?,s?,pebble] 43  upgraded to format version: 015
I250802 09:26:49.463175 31 3@pebble/event.go:1027 ⋮ [n?,s?,pebble] 44  upgraded to format version: 016
I250802 09:26:49.464880 31 3@pebble/event.go:1027 ⋮ [n?,s?,pebble] 45  upgraded to format version: 017
I250802 09:26:49.467409 31 3@pebble/event.go:1027 ⋮ [n?,s?,pebble] 46  upgraded to format version: 018
I250802 09:26:49.470338 31 3@pebble/event.go:1027 ⋮ [n?,s?,pebble] 47  upgraded to format version: 019
I250802 09:26:49.474787 41 3@pebble/event.go:1051 ⋮ [n?,s?,pebble] 48  [JOB 2] all initial table stats loaded
I250802 09:26:49.804138 63 3@pebble/event.go:1003 ⋮ [n1,s1,pebble] 49  [JOB 6] compacted(default) L0 [001885] (995B) Score=1.71 + L6 [001880] (4.0MB) Score=0.59 -> L6 [001898] (4.0MB), in 0.4s (0.4s total), output rate 10MB/s
I250802 09:26:49.804722 98 3@pebble/event.go:1043 ⋮ [n1,s1,pebble] 50  [JOB 6] sstable deleted 001880
I250802 09:26:49.805248 98 3@pebble/event.go:1043 ⋮ [n1,s1,pebble] 51  [JOB 6] sstable deleted 001885
I250802 09:27:10.029081 767 3@kv/kvserver/store.go:3801 ⋮ [T1,Vsystem,n1,s1] 52  Pebble metrics:
I250802 09:27:10.029081 767 3@kv/kvserver/store.go:3801 ⋮ [T1,Vsystem,n1,s1] 52 +      |                             |       |       |   ingested   |     moved    |    written   |       |    amp
I250802 09:27:10.029081 767 3@kv/kvserver/store.go:3801 ⋮ [T1,Vsystem,n1,s1] 52 +level | tables  size val-bl vtables | score |   in  | tables  size | tables  size | tables  size |  read |   r   w
I250802 09:27:10.029081 767 3@kv/kvserver/store.go:3801 ⋮ [T1,Vsystem,n1,s1] 52 +------+-----------------------------+-------+-------+--------------+--------------+--------------+-------+---------
I250802 09:27:10.029081 767 3@kv/kvserver/store.go:3801 ⋮ [T1,Vsystem,n1,s1] 52 +    0 |     0     0B     0B       0 |  0.00 | 1.5MB |     0     0B |     0     0B |     3  131KB |    0B |   0  0.1
I250802 09:27:10.029081 767 3@kv/kvserver/store.go:3801 ⋮ [T1,Vsystem,n1,s1] 52 +    1 |     0     0B     0B       0 |  0.00 |    0B |     0     0B |     0     0B |     0     0B |    0B |   0  0.0
I250802 09:27:10.029081 767 3@kv/kvserver/store.go:3801 ⋮ [T1,Vsystem,n1,s1] 52 +    2 |     0     0B     0B       0 |  0.00 |    0B |     0     0B |     0     0B |     0     0B |    0B |   0  0.0
I250802 09:27:10.029081 767 3@kv/kvserver/store.go:3801 ⋮ [T1,Vsystem,n1,s1] 52 +    3 |     0     0B     0B       0 |  0.00 |    0B |     0     0B |     0     0B |     0     0B |    0B |   0  0.0
I250802 09:27:10.029081 767 3@kv/kvserver/store.go:3801 ⋮ [T1,Vsystem,n1,s1] 52 +    4 |     0     0B     0B       0 |  0.00 |    0B |     0     0B |     0     0B |     0     0B |    0B |   0  0.0
I250802 09:27:10.029081 767 3@kv/kvserver/store.go:3801 ⋮ [T1,Vsystem,n1,s1] 52 +    5 |     0     0B     0B       0 |  0.00 |    0B |     0     0B |     0     0B |     0     0B |    0B |   0  0.0
I250802 09:27:10.029081 767 3@kv/kvserver/store.go:3801 ⋮ [T1,Vsystem,n1,s1] 52 +    6 |    11   38MB  193KB       0 |     - | 131KB |     0     0B |     0     0B |    10   36MB |  36MB |   1  284
I250802 09:27:10.029081 767 3@kv/kvserver/store.go:3801 ⋮ [T1,Vsystem,n1,s1] 52 +total |    11   38MB  193KB       0 |     - | 3.8MB |     0     0B |     0     0B |    13   40MB |  36MB |   1 10.7
I250802 09:27:10.029081 767 3@kv/kvserver/store.go:3801 ⋮ [T1,Vsystem,n1,s1] 52 +-------------------------------------------------------------------------------------------------------------------
I250802 09:27:10.029081 767 3@kv/kvserver/store.go:3801 ⋮ [T1,Vsystem,n1,s1] 52 +WAL: 1 files (2.3MB)  in: 2.3MB  written: 3.8MB (67% overhead)
I250802 09:27:10.029081 767 3@kv/kvserver/store.go:3801 ⋮ [T1,Vsystem,n1,s1] 52 +Flushes: 1
I250802 09:27:10.029081 767 3@kv/kvserver/store.go:3801 ⋮ [T1,Vsystem,n1,s1] 52 +Compactions: 3  estimated debt: 0B  in progress: 0 (0B)
I250802 09:27:10.029081 767 3@kv/kvserver/store.go:3801 ⋮ [T1,Vsystem,n1,s1] 52 +             default: 3  delete: 0  elision: 0  move: 0  read: 0  tombstone-density: 0  rewrite: 0  copy: 0  multi-level: 0
I250802 09:27:10.029081 767 3@kv/kvserver/store.go:3801 ⋮ [T1,Vsystem,n1,s1] 52 +MemTables: 1 (4.0MB)  zombie: 1 (2.0MB)
I250802 09:27:10.029081 767 3@kv/kvserver/store.go:3801 ⋮ [T1,Vsystem,n1,s1] 52 +Zombie tables: 0 (0B, local: 0B)
I250802 09:27:10.029081 767 3@kv/kvserver/store.go:3801 ⋮ [T1,Vsystem,n1,s1] 52 +Backing tables: 0 (0B)
I250802 09:27:10.029081 767 3@kv/kvserver/store.go:3801 ⋮ [T1,Vsystem,n1,s1] 52 +Virtual tables: 0 (0B)
I250802 09:27:10.029081 767 3@kv/kvserver/store.go:3801 ⋮ [T1,Vsystem,n1,s1] 52 +Local tables size: 38MB
I250802 09:27:10.029081 767 3@kv/kvserver/store.go:3801 ⋮ [T1,Vsystem,n1,s1] 52 +Compression types: snappy: 11
I250802 09:27:10.029081 767 3@kv/kvserver/store.go:3801 ⋮ [T1,Vsystem,n1,s1] 52 +Block cache: 51 entries (1.7MB)  hit rate: 34.8%
I250802 09:27:10.029081 767 3@kv/kvserver/store.go:3801 ⋮ [T1,Vsystem,n1,s1] 52 +Table cache: 4 entries (3.3KB)  hit rate: 99.1%
I250802 09:27:10.029081 767 3@kv/kvserver/store.go:3801 ⋮ [T1,Vsystem,n1,s1] 52 +Snapshots: 0  earliest seq num: 0
I250802 09:27:10.029081 767 3@kv/kvserver/store.go:3801 ⋮ [T1,Vsystem,n1,s1] 52 +Table iters: 0
I250802 09:27:10.029081 767 3@kv/kvserver/store.go:3801 ⋮ [T1,Vsystem,n1,s1] 52 +Filter utility: 0.0%
I250802 09:27:10.029081 767 3@kv/kvserver/store.go:3801 ⋮ [T1,Vsystem,n1,s1] 52 +Ingestions: 0  as flushable: 0 (0B in 0 tables)
I250802 09:27:10.029081 767 3@kv/kvserver/store.go:3801 ⋮ [T1,Vsystem,n1,s1] 52 +Cgo memory usage: 8.0MB  block cache: 1.7MB (data: 1.7MB, maps: 16KB, entries: 4.0KB)  memtables: 6.3MB
I250802 09:27:20.094591 735 3@pebble/event.go:1059 ⋮ [n1,s1,pebble] 53  [JOB 7] WAL created 001899
I250802 09:28:20.066058 725 3@pebble/event.go:1059 ⋮ [n1,s1,pebble] 54  [JOB 8] WAL created 001900
I250802 09:30:30.074997 736 3@pebble/event.go:1059 ⋮ [n1,s1,pebble] 55  [JOB 9] WAL created 001901
I250802 09:34:50.055510 736 3@pebble/event.go:1059 ⋮ [n1,s1,pebble] 56  [JOB 10] WAL created 001902
I250802 09:34:50.057371 11186 3@pebble/event.go:1011 ⋮ [n1,s1,pebble] 57  [JOB 11] flushing 4 memtables (60MB) to L0
I250802 09:34:50.059028 11186 3@pebble/event.go:1039 ⋮ [n1,s1,pebble] 58  [JOB 11] flushing: sstable created 001903
I250802 09:34:50.112565 11186 3@pebble/event.go:1039 ⋮ [n1,s1,pebble] 59  [JOB 11] flushing: sstable created 001904
I250802 09:34:50.137533 11186 3@pebble/event.go:1039 ⋮ [n1,s1,pebble] 60  [JOB 11] flushing: sstable created 001905
I250802 09:34:50.139940 11186 3@pebble/event.go:1015 ⋮ [n1,s1,pebble] 61  [JOB 11] flushed 4 memtables (60MB) to L0 [001903 001904 001905] (482KB), in 0.1s (0.1s total), output rate 5.8MB/s
I250802 09:34:50.147458 11083 3@pebble/event.go:999 ⋮ [n1,s1,pebble] 62  [JOB 12] compacting(default) L0 [001903] (330KB) Score=1.71 + L6 [001890 001892 001894 001896] (16MB) Score=0.59; OverlappingRatio: Single 49.93, Multi 0.00
I250802 09:34:50.157130 11083 3@pebble/event.go:1039 ⋮ [n1,s1,pebble] 63  [JOB 12] compacting: sstable created 001906
I250802 09:34:50.294088 11083 3@pebble/event.go:1039 ⋮ [n1,s1,pebble] 64  [JOB 12] compacting: sstable created 001907
I250802 09:34:50.422290 11083 3@pebble/event.go:1039 ⋮ [n1,s1,pebble] 65  [JOB 12] compacting: sstable created 001908
I250802 09:34:50.598067 11083 3@pebble/event.go:1039 ⋮ [n1,s1,pebble] 66  [JOB 12] compacting: sstable created 001909
I250802 09:34:50.737687 11083 3@pebble/event.go:1039 ⋮ [n1,s1,pebble] 67  [JOB 12] compacting: sstable created 001910
I250802 09:34:50.741657 11083 3@pebble/event.go:1003 ⋮ [n1,s1,pebble] 68  [JOB 12] compacted(default) L0 [001903] (330KB) Score=1.71 + L6 [001890 001892 001894 001896] (16MB) Score=0.59 -> L6 [001906 001907 001908 001909 001910] (16MB), in 0.6s (0.6s total), output rate 27MB/s
I250802 09:34:50.742431 11222 3@pebble/event.go:999 ⋮ [n1,s1,pebble] 69  [JOB 14] compacting(default) L0 [001904] (141KB) Score=1.70 + L6 [001889 001891 001893 001895] (16MB) Score=0.59; OverlappingRatio: Single 116.83, Multi 0.00
I250802 09:34:50.743716 98 3@pebble/event.go:1043 ⋮ [n1,s1,pebble] 70  [JOB 12] sstable deleted 001890
I250802 09:34:50.744215 98 3@pebble/event.go:1043 ⋮ [n1,s1,pebble] 71  [JOB 12] sstable deleted 001892
I250802 09:34:50.744700 98 3@pebble/event.go:1043 ⋮ [n1,s1,pebble] 72  [JOB 12] sstable deleted 001894
I250802 09:34:50.744984 11222 3@pebble/event.go:1039 ⋮ [n1,s1,pebble] 73  [JOB 14] compacting: sstable created 001911
I250802 09:34:50.745185 98 3@pebble/event.go:1043 ⋮ [n1,s1,pebble] 74  [JOB 12] sstable deleted 001896
I250802 09:34:50.745749 98 3@pebble/event.go:1043 ⋮ [n1,s1,pebble] 75  [JOB 12] sstable deleted 001903
I250802 09:34:50.851584 11222 3@pebble/event.go:1039 ⋮ [n1,s1,pebble] 76  [JOB 14] compacting: sstable created 001912
I250802 09:34:50.954756 11222 3@pebble/event.go:1039 ⋮ [n1,s1,pebble] 77  [JOB 14] compacting: sstable created 001913
I250802 09:34:51.035591 11222 3@pebble/event.go:1039 ⋮ [n1,s1,pebble] 78  [JOB 14] compacting: sstable created 001914
I250802 09:34:51.120389 11222 3@pebble/event.go:1039 ⋮ [n1,s1,pebble] 79  [JOB 14] compacting: sstable created 001915
I250802 09:34:51.122958 11222 3@pebble/event.go:1003 ⋮ [n1,s1,pebble] 80  [JOB 14] compacted(default) L0 [001904] (141KB) Score=1.70 + L6 [001889 001891 001893 001895] (16MB) Score=0.59 -> L6 [001911 001912 001913 001914 001915] (16MB), in 0.4s (0.4s total), output rate 43MB/s
I250802 09:34:51.123325 11252 3@pebble/event.go:999 ⋮ [n1,s1,pebble] 81  [JOB 15] compacting(default) L0 [001905] (11KB) Score=1.69 + L6 [001898 001881] (5.2MB) Score=0.59; OverlappingRatio: Single 479.83, Multi 0.00
I250802 09:34:51.124759 98 3@pebble/event.go:1043 ⋮ [n1,s1,pebble] 82  [JOB 14] sstable deleted 001889
I250802 09:34:51.124961 11252 3@pebble/event.go:1039 ⋮ [n1,s1,pebble] 83  [JOB 15] compacting: sstable created 001916
I250802 09:34:51.125171 98 3@pebble/event.go:1043 ⋮ [n1,s1,pebble] 84  [JOB 14] sstable deleted 001891
I250802 09:34:51.125663 98 3@pebble/event.go:1043 ⋮ [n1,s1,pebble] 85  [JOB 14] sstable deleted 001893
I250802 09:34:51.126011 98 3@pebble/event.go:1043 ⋮ [n1,s1,pebble] 86  [JOB 14] sstable deleted 001895
I250802 09:34:51.126185 98 3@pebble/event.go:1043 ⋮ [n1,s1,pebble] 87  [JOB 14] sstable deleted 001904
I250802 09:34:51.205100 11252 3@pebble/event.go:1039 ⋮ [n1,s1,pebble] 88  [JOB 15] compacting: sstable created 001917
I250802 09:34:51.223118 11252 3@pebble/event.go:1003 ⋮ [n1,s1,pebble] 89  [JOB 15] compacted(default) L0 [001905] (11KB) Score=1.69 + L6 [001898 001881] (5.2MB) Score=0.59 -> L6 [001916 001917] (5.2MB), in 0.1s (0.1s total), output rate 52MB/s
I250802 09:34:51.223693 98 3@pebble/event.go:1043 ⋮ [n1,s1,pebble] 90  [JOB 15] sstable deleted 001881
I250802 09:34:51.224053 98 3@pebble/event.go:1043 ⋮ [n1,s1,pebble] 91  [JOB 15] sstable deleted 001898
I250802 09:34:51.224243 98 3@pebble/event.go:1043 ⋮ [n1,s1,pebble] 92  [JOB 15] sstable deleted 001905
