I250820 20:51:00.567443 98 util/log/file_sync_buffer.go:237 ⋮ [config]   file created at: 2025/08/20 20:51:00
I250820 20:51:00.567465 98 util/log/file_sync_buffer.go:237 ⋮ [config]   running on machine: ‹bde16b25ce7b›
I250820 20:51:00.567477 98 util/log/file_sync_buffer.go:237 ⋮ [config]   binary: CockroachDB CCL v25.2.0 (aarch64-unknown-linux-gnu, built 2025/05/15 21:07:42, go1.23.7 X:nocoverageredesign)
I250820 20:51:00.567486 98 util/log/file_sync_buffer.go:237 ⋮ [config]   arguments: [‹/cockroach/cockroach› ‹start-single-node› ‹--certs-dir=certs› ‹--advertise-addr=127.0.0.1:26257› ‹--insecure› ‹--http-addr=0.0.0.0:8080›]
I250820 20:51:00.567511 98 util/log/file_sync_buffer.go:237 ⋮ [config]   log format (utf8=✓): crdb-v2
I250820 20:51:00.567515 98 util/log/file_sync_buffer.go:237 ⋮ [config]   line format: [IWEF]yymmdd hh:mm:ss.uuuuuu goid [chan@]file:line redactionmark \[tags\] [counter] msg
I250820 20:51:00.563273 98 3@pebble/objstorage/objstorageprovider/remote.go:102 ⋮ [n?,s?,pebble] 1  remote storage configured; creatorID = 1
I250820 20:51:01.463033 98 3@pebble/open.go:1054 ⋮ [n?,s?,pebble] 2  [JOB ‹1›] WAL ‹003159: {(/cockroach/cockroach-data,000)}› stopped reading at offset: (‹/cockroach/cockroach-data/003159.log›: 40131798); replayed 118322 keys in 3278 batches
I250820 20:51:01.469384 84 3@pebble/event.go:1011 ⋮ [n?,s?,pebble] 3  [JOB 2] flushing 8 memtables (42MB) to L0
I250820 20:51:01.471393 84 3@pebble/event.go:1039 ⋮ [n?,s?,pebble] 4  [JOB 2] flushing: sstable created 003183
I250820 20:51:01.574130 84 3@pebble/event.go:1039 ⋮ [n?,s?,pebble] 5  [JOB 2] flushing: sstable created 003184
I250820 20:51:01.655483 84 3@pebble/event.go:1039 ⋮ [n?,s?,pebble] 6  [JOB 2] flushing: sstable created 003185
I250820 20:51:01.702196 84 3@pebble/event.go:1039 ⋮ [n?,s?,pebble] 7  [JOB 2] flushing: sstable created 003186
I250820 20:51:01.816791 84 3@pebble/event.go:1031 ⋮ [n?,s?,pebble] 8  [JOB 2] MANIFEST created 003187
I250820 20:51:01.816975 84 3@pebble/event.go:1015 ⋮ [n?,s?,pebble] 9  [JOB 2] flushed 8 memtables (42MB) to L0 [003183 003184 003185 003186] (404KB), in 0.3s (0.3s total), output rate 1.4MB/s
I250820 20:51:01.829759 98 3@pebble/event.go:1059 ⋮ [n?,s?,pebble] 10  [JOB 1] WAL created 003188
I250820 20:51:01.905827 113 3@pebble/event.go:1063 ⋮ [n?,s?,pebble] 11  [JOB 2] WAL deleted 003139
I250820 20:51:01.911744 113 3@pebble/event.go:1063 ⋮ [n?,s?,pebble] 12  [JOB 2] WAL deleted 003159
I250820 20:51:02.132789 115 3@pebble/event.go:999 ⋮ [n?,s?,pebble] 13  [JOB 3] compacting(default) L0 [003183] (180KB) Score=1.03 + L6 [003164 003165 003166 003167 003168] (18MB) Score=0.97; OverlappingRatio: Single 99.80, Multi 0.00
I250820 20:51:02.133142 42 3@pebble/event.go:999 ⋮ [n?,s?,pebble] 14  [JOB 5] compacting(default) L0 [003184] (66KB) Score=1.03 + L6 [003169 003170 003171 003172 003173] (17MB) Score=0.97; OverlappingRatio: Single 267.27, Multi 0.00
I250820 20:51:02.299392 42 3@pebble/event.go:1039 ⋮ [n?,s?,pebble] 15  [JOB 5] compacting: sstable created 003190
I250820 20:51:02.345268 115 3@pebble/event.go:1039 ⋮ [n?,s?,pebble] 16  [JOB 3] compacting: sstable created 003191
I250820 20:51:02.454671 43 3@pebble/event.go:1051 ⋮ [n?,s?,pebble] 17  [JOB 6] all initial table stats loaded
I250820 20:51:03.689470 115 3@pebble/event.go:1039 ⋮ [n?,s?,pebble] 18  [JOB 3] compacting: sstable created 003192
I250820 20:51:03.817107 42 3@pebble/event.go:1039 ⋮ [n?,s?,pebble] 19  [JOB 5] compacting: sstable created 003193
I250820 20:51:04.948611 42 3@pebble/event.go:1039 ⋮ [n?,s?,pebble] 20  [JOB 5] compacting: sstable created 003194
I250820 20:51:05.219306 115 3@pebble/event.go:1039 ⋮ [n?,s?,pebble] 21  [JOB 3] compacting: sstable created 003195
I250820 20:51:05.807237 42 3@pebble/event.go:1039 ⋮ [n?,s?,pebble] 22  [JOB 5] compacting: sstable created 003196
I250820 20:51:06.564685 115 3@pebble/event.go:1039 ⋮ [n?,s?,pebble] 23  [JOB 3] compacting: sstable created 003197
I250820 20:51:07.291384 42 3@pebble/event.go:1039 ⋮ [n?,s?,pebble] 24  [JOB 5] compacting: sstable created 003198
I250820 20:51:07.643293 42 3@pebble/event.go:1003 ⋮ [n?,s?,pebble] 25  [JOB 5] compacted(default) L0 [003184] (66KB) Score=1.03 + L6 [003169 003170 003171 003172 003173] (17MB) Score=0.97 -> L6 [003190 003193 003194 003196 003198] (17MB), in 5.5s (5.5s total), output rate 3.1MB/s
I250820 20:51:07.815331 115 3@pebble/event.go:1039 ⋮ [n?,s?,pebble] 26  [JOB 3] compacting: sstable created 003199
I250820 20:51:07.949255 115 3@pebble/event.go:1003 ⋮ [n?,s?,pebble] 27  [JOB 3] compacted(default) L0 [003183] (180KB) Score=1.03 + L6 [003164 003165 003166 003167 003168] (18MB) Score=0.97 -> L6 [003191 003192 003195 003197 003199] (18MB), in 5.8s (6.1s total), output rate 3.0MB/s
I250820 20:51:07.956244 124 3@pebble/event.go:999 ⋮ [n?,s?,pebble] 28  [JOB 7] compacting(default) L0 [003185] (63KB) Score=1.03 + L6 [003174 003175 003176 003177 003178] (17MB) Score=0.97; OverlappingRatio: Single 276.00, Multi 0.00
I250820 20:51:07.962955 113 3@pebble/event.go:1043 ⋮ [n?,s?,pebble] 29  [JOB 3] sstable deleted 003164
I250820 20:51:07.970420 113 3@pebble/event.go:1043 ⋮ [n?,s?,pebble] 30  [JOB 3] sstable deleted 003165
I250820 20:51:07.999167 113 3@pebble/event.go:1043 ⋮ [n?,s?,pebble] 31  [JOB 3] sstable deleted 003166
I250820 20:51:08.010100 113 3@pebble/event.go:1043 ⋮ [n?,s?,pebble] 32  [JOB 3] sstable deleted 003167
I250820 20:51:08.014302 113 3@pebble/event.go:1043 ⋮ [n?,s?,pebble] 33  [JOB 3] sstable deleted 003168
I250820 20:51:08.029690 124 3@pebble/event.go:1039 ⋮ [n?,s?,pebble] 34  [JOB 7] compacting: sstable created 003200
I250820 20:51:08.032747 113 3@pebble/event.go:1043 ⋮ [n?,s?,pebble] 35  [JOB 3] sstable deleted 003169
I250820 20:51:08.036843 113 3@pebble/event.go:1043 ⋮ [n?,s?,pebble] 36  [JOB 3] sstable deleted 003170
I250820 20:51:08.043314 113 3@pebble/event.go:1043 ⋮ [n?,s?,pebble] 37  [JOB 3] sstable deleted 003171
I250820 20:51:08.052153 113 3@pebble/event.go:1043 ⋮ [n?,s?,pebble] 38  [JOB 3] sstable deleted 003172
I250820 20:51:08.064131 113 3@pebble/event.go:1043 ⋮ [n?,s?,pebble] 39  [JOB 3] sstable deleted 003173
I250820 20:51:08.068448 113 3@pebble/event.go:1043 ⋮ [n?,s?,pebble] 40  [JOB 3] sstable deleted 003183
I250820 20:51:08.079544 113 3@pebble/event.go:1043 ⋮ [n?,s?,pebble] 41  [JOB 3] sstable deleted 003184
I250820 20:51:08.083709 113 3@pebble/event.go:1035 ⋮ [n?,s?,pebble] 42  [JOB 1] MANIFEST deleted 002951
I250820 20:51:08.162383 98 3@pebble/event.go:1031 ⋮ [n?,s?,pebble] 43  [JOB 1] MANIFEST created 000001
I250820 20:51:08.166210 98 3@pebble/event.go:1059 ⋮ [n?,s?,pebble] 44  [JOB 1] WAL created 000002
I250820 20:51:08.168143 98 3@pebble/event.go:1027 ⋮ [n?,s?,pebble] 45  upgraded to format version: 014
I250820 20:51:08.170368 98 3@pebble/event.go:1027 ⋮ [n?,s?,pebble] 46  upgraded to format version: 015
I250820 20:51:08.172126 98 3@pebble/event.go:1027 ⋮ [n?,s?,pebble] 47  upgraded to format version: 016
I250820 20:51:08.174021 98 3@pebble/event.go:1027 ⋮ [n?,s?,pebble] 48  upgraded to format version: 017
I250820 20:51:08.175820 98 3@pebble/event.go:1027 ⋮ [n?,s?,pebble] 49  upgraded to format version: 018
I250820 20:51:08.177250 98 3@pebble/event.go:1027 ⋮ [n?,s?,pebble] 50  upgraded to format version: 019
I250820 20:51:08.182182 73 3@pebble/event.go:1051 ⋮ [n?,s?,pebble] 51  [JOB 2] all initial table stats loaded
I250820 20:51:08.618977 124 3@pebble/event.go:1039 ⋮ [n1,s1,pebble] 52  [JOB 7] compacting: sstable created 003201
I250820 20:51:09.506177 124 3@pebble/event.go:1039 ⋮ [n1,s1,pebble] 53  [JOB 7] compacting: sstable created 003202
I250820 20:51:10.303659 124 3@pebble/event.go:1039 ⋮ [n1,s1,pebble] 54  [JOB 7] compacting: sstable created 003203
I250820 20:51:10.560711 124 3@pebble/event.go:1039 ⋮ [n1,s1,pebble] 55  [JOB 7] compacting: sstable created 003204
I250820 20:51:10.651185 124 3@pebble/event.go:1003 ⋮ [n1,s1,pebble] 56  [JOB 7] compacted(default) L0 [003185] (63KB) Score=1.03 + L6 [003174 003175 003176 003177 003178] (17MB) Score=0.97 -> L6 [003200 003201 003202 003203 003204] (17MB), in 2.7s (2.7s total), output rate 6.3MB/s
I250820 20:51:10.652417 1907 3@pebble/event.go:999 ⋮ [n1,s1,pebble] 57  [JOB 8] compacting(default) L0 [003186] (94KB) Score=1.03 + L6 [003179 003180 003181] (10MB) Score=0.97; OverlappingRatio: Single 110.21, Multi 0.00
I250820 20:51:10.653966 113 3@pebble/event.go:1043 ⋮ [n1,s1,pebble] 58  [JOB 7] sstable deleted 003174
I250820 20:51:10.655441 113 3@pebble/event.go:1043 ⋮ [n1,s1,pebble] 59  [JOB 7] sstable deleted 003175
I250820 20:51:10.656618 113 3@pebble/event.go:1043 ⋮ [n1,s1,pebble] 60  [JOB 7] sstable deleted 003176
I250820 20:51:10.657673 1907 3@pebble/event.go:1039 ⋮ [n1,s1,pebble] 61  [JOB 8] compacting: sstable created 003205
I250820 20:51:10.658494 113 3@pebble/event.go:1043 ⋮ [n1,s1,pebble] 62  [JOB 7] sstable deleted 003177
I250820 20:51:10.659249 113 3@pebble/event.go:1043 ⋮ [n1,s1,pebble] 63  [JOB 7] sstable deleted 003178
I250820 20:51:10.660401 113 3@pebble/event.go:1043 ⋮ [n1,s1,pebble] 64  [JOB 7] sstable deleted 003185
I250820 20:51:11.450463 1907 3@pebble/event.go:1039 ⋮ [n1,s1,pebble] 65  [JOB 8] compacting: sstable created 003206
I250820 20:51:12.053477 1907 3@pebble/event.go:1039 ⋮ [n1,s1,pebble] 66  [JOB 8] compacting: sstable created 003207
I250820 20:51:12.370258 1907 3@pebble/event.go:1003 ⋮ [n1,s1,pebble] 67  [JOB 8] compacted(default) L0 [003186] (94KB) Score=1.03 + L6 [003179 003180 003181] (10MB) Score=0.97 -> L6 [003205 003206 003207] (10MB), in 1.7s (1.7s total), output rate 5.9MB/s
I250820 20:51:12.372621 113 3@pebble/event.go:1043 ⋮ [n1,s1,pebble] 68  [JOB 8] sstable deleted 003179
I250820 20:51:12.373433 113 3@pebble/event.go:1043 ⋮ [n1,s1,pebble] 69  [JOB 8] sstable deleted 003180
I250820 20:51:12.374155 113 3@pebble/event.go:1043 ⋮ [n1,s1,pebble] 70  [JOB 8] sstable deleted 003181
I250820 20:51:12.375011 113 3@pebble/event.go:1043 ⋮ [n1,s1,pebble] 71  [JOB 8] sstable deleted 003186
I250820 20:51:28.806915 809 3@kv/kvserver/store.go:3801 ⋮ [T1,Vsystem,n1,s1] 72  Pebble metrics:
I250820 20:51:28.806915 809 3@kv/kvserver/store.go:3801 ⋮ [T1,Vsystem,n1,s1] 72 +      |                             |       |       |   ingested   |     moved    |    written   |       |    amp
I250820 20:51:28.806915 809 3@kv/kvserver/store.go:3801 ⋮ [T1,Vsystem,n1,s1] 72 +level | tables  size val-bl vtables | score |   in  | tables  size | tables  size | tables  size |  read |   r   w
I250820 20:51:28.806915 809 3@kv/kvserver/store.go:3801 ⋮ [T1,Vsystem,n1,s1] 72 +------+-----------------------------+-------+-------+--------------+--------------+--------------+-------+---------
I250820 20:51:28.806915 809 3@kv/kvserver/store.go:3801 ⋮ [T1,Vsystem,n1,s1] 72 +    0 |     0     0B     0B       0 |  0.00 |  38MB |     0     0B |     0     0B |     4  404KB |    0B |   0  0.0
I250820 20:51:28.806915 809 3@kv/kvserver/store.go:3801 ⋮ [T1,Vsystem,n1,s1] 72 +    1 |     0     0B     0B       0 |  0.00 |    0B |     0     0B |     0     0B |     0     0B |    0B |   0  0.0
I250820 20:51:28.806915 809 3@kv/kvserver/store.go:3801 ⋮ [T1,Vsystem,n1,s1] 72 +    2 |     0     0B     0B       0 |  0.00 |    0B |     0     0B |     0     0B |     0     0B |    0B |   0  0.0
I250820 20:51:28.806915 809 3@kv/kvserver/store.go:3801 ⋮ [T1,Vsystem,n1,s1] 72 +    3 |     0     0B     0B       0 |  0.00 |    0B |     0     0B |     0     0B |     0     0B |    0B |   0  0.0
I250820 20:51:28.806915 809 3@kv/kvserver/store.go:3801 ⋮ [T1,Vsystem,n1,s1] 72 +    4 |     0     0B     0B       0 |  0.00 |    0B |     0     0B |     0     0B |     0     0B |    0B |   0  0.0
I250820 20:51:28.806915 809 3@kv/kvserver/store.go:3801 ⋮ [T1,Vsystem,n1,s1] 72 +    5 |     0     0B     0B       0 |  0.00 |    0B |     0     0B |     0     0B |     0     0B |    0B |   0  0.0
I250820 20:51:28.806915 809 3@kv/kvserver/store.go:3801 ⋮ [T1,Vsystem,n1,s1] 72 +    6 |    18   62MB  1.2MB       0 |     - | 404KB |     0     0B |     0     0B |    18   62MB |  62MB |   1  157
I250820 20:51:28.806915 809 3@kv/kvserver/store.go:3801 ⋮ [T1,Vsystem,n1,s1] 72 +total |    18   62MB  1.2MB       0 |     - |  41MB |     0     0B |     0     0B |    22  103MB |  62MB |   1  2.5
I250820 20:51:28.806915 809 3@kv/kvserver/store.go:3801 ⋮ [T1,Vsystem,n1,s1] 72 +-------------------------------------------------------------------------------------------------------------------
I250820 20:51:28.806915 809 3@kv/kvserver/store.go:3801 ⋮ [T1,Vsystem,n1,s1] 72 +WAL: 1 files (2.3MB)  in: 2.3MB  written: 41MB (1674% overhead)
I250820 20:51:28.806915 809 3@kv/kvserver/store.go:3801 ⋮ [T1,Vsystem,n1,s1] 72 +Flushes: 1
I250820 20:51:28.806915 809 3@kv/kvserver/store.go:3801 ⋮ [T1,Vsystem,n1,s1] 72 +Compactions: 4  estimated debt: 0B  in progress: 0 (0B)
I250820 20:51:28.806915 809 3@kv/kvserver/store.go:3801 ⋮ [T1,Vsystem,n1,s1] 72 +             default: 4  delete: 0  elision: 0  move: 0  read: 0  tombstone-density: 0  rewrite: 0  copy: 0  multi-level: 0
I250820 20:51:28.806915 809 3@kv/kvserver/store.go:3801 ⋮ [T1,Vsystem,n1,s1] 72 +MemTables: 1 (64MB)  zombie: 1 (32MB)
I250820 20:51:28.806915 809 3@kv/kvserver/store.go:3801 ⋮ [T1,Vsystem,n1,s1] 72 +Zombie tables: 0 (0B, local: 0B)
I250820 20:51:28.806915 809 3@kv/kvserver/store.go:3801 ⋮ [T1,Vsystem,n1,s1] 72 +Backing tables: 0 (0B)
I250820 20:51:28.806915 809 3@kv/kvserver/store.go:3801 ⋮ [T1,Vsystem,n1,s1] 72 +Virtual tables: 0 (0B)
I250820 20:51:28.806915 809 3@kv/kvserver/store.go:3801 ⋮ [T1,Vsystem,n1,s1] 72 +Local tables size: 62MB
I250820 20:51:28.806915 809 3@kv/kvserver/store.go:3801 ⋮ [T1,Vsystem,n1,s1] 72 +Compression types: snappy: 18
I250820 20:51:28.806915 809 3@kv/kvserver/store.go:3801 ⋮ [T1,Vsystem,n1,s1] 72 +Block cache: 46 entries (1.6MB)  hit rate: 29.0%
I250820 20:51:28.806915 809 3@kv/kvserver/store.go:3801 ⋮ [T1,Vsystem,n1,s1] 72 +Table cache: 4 entries (3.3KB)  hit rate: 99.0%
I250820 20:51:28.806915 809 3@kv/kvserver/store.go:3801 ⋮ [T1,Vsystem,n1,s1] 72 +Snapshots: 0  earliest seq num: 0
I250820 20:51:28.806915 809 3@kv/kvserver/store.go:3801 ⋮ [T1,Vsystem,n1,s1] 72 +Table iters: 0
I250820 20:51:28.806915 809 3@kv/kvserver/store.go:3801 ⋮ [T1,Vsystem,n1,s1] 72 +Filter utility: 98.3%
I250820 20:51:28.806915 809 3@kv/kvserver/store.go:3801 ⋮ [T1,Vsystem,n1,s1] 72 +Ingestions: 0  as flushable: 0 (0B in 0 tables)
I250820 20:51:28.806915 809 3@kv/kvserver/store.go:3801 ⋮ [T1,Vsystem,n1,s1] 72 +Cgo memory usage: 98MB  block cache: 1.6MB (data: 1.6MB, maps: 16KB, entries: 5.3KB)  memtables: 96MB
I250820 20:59:38.896209 770 3@pebble/event.go:1059 ⋮ [n1,s1,pebble] 73  [JOB 9] WAL created 003208
I250820 20:59:38.906271 12079 3@pebble/event.go:1011 ⋮ [n1,s1,pebble] 74  [JOB 10] flushing 1 memtable (64MB) to L0
I250820 20:59:38.909634 12079 3@pebble/event.go:1039 ⋮ [n1,s1,pebble] 75  [JOB 10] flushing: sstable created 003209
I250820 20:59:39.026456 12079 3@pebble/event.go:1039 ⋮ [n1,s1,pebble] 76  [JOB 10] flushing: sstable created 003210
I250820 20:59:39.051364 12079 3@pebble/event.go:1039 ⋮ [n1,s1,pebble] 77  [JOB 10] flushing: sstable created 003211
I250820 20:59:39.068978 12079 3@pebble/event.go:1039 ⋮ [n1,s1,pebble] 78  [JOB 10] flushing: sstable created 003212
I250820 20:59:39.076283 12079 3@pebble/event.go:1015 ⋮ [n1,s1,pebble] 79  [JOB 10] flushed 1 memtable (64MB) to L0 [003209 003210 003211 003212] (512KB), in 0.2s (0.2s total), output rate 3.0MB/s
I250820 20:59:39.076817 12065 3@pebble/event.go:999 ⋮ [n1,s1,pebble] 80  [JOB 11] compacting(default) L0 [003209] (288KB) Score=1.03 + L6 [003191 003192 003195 003197 003199] (18MB) Score=0.97; OverlappingRatio: Single 62.42, Multi 0.00
I250820 20:59:39.082246 12065 3@pebble/event.go:1039 ⋮ [n1,s1,pebble] 81  [JOB 11] compacting: sstable created 003213
I250820 20:59:39.305829 12065 3@pebble/event.go:1039 ⋮ [n1,s1,pebble] 82  [JOB 11] compacting: sstable created 003214
I250820 20:59:39.485106 12065 3@pebble/event.go:1039 ⋮ [n1,s1,pebble] 83  [JOB 11] compacting: sstable created 003215
I250820 20:59:39.611334 12065 3@pebble/event.go:1039 ⋮ [n1,s1,pebble] 84  [JOB 11] compacting: sstable created 003216
I250820 20:59:39.751464 12065 3@pebble/event.go:1039 ⋮ [n1,s1,pebble] 85  [JOB 11] compacting: sstable created 003217
I250820 20:59:39.794780 12065 3@pebble/event.go:1003 ⋮ [n1,s1,pebble] 86  [JOB 11] compacted(default) L0 [003209] (288KB) Score=1.03 + L6 [003191 003192 003195 003197 003199] (18MB) Score=0.97 -> L6 [003213 003214 003215 003216 003217] (18MB), in 0.7s (0.7s total), output rate 25MB/s
I250820 20:59:39.795333 12211 3@pebble/event.go:999 ⋮ [n1,s1,pebble] 87  [JOB 13] compacting(default) L0 [003210] (88KB) Score=1.03 + L6 [003190 003193 003194 003196 003198] (17MB) Score=0.97; OverlappingRatio: Single 199.48, Multi 0.00
I250820 20:59:39.796009 113 3@pebble/event.go:1043 ⋮ [n1,s1,pebble] 88  [JOB 11] sstable deleted 003191
I250820 20:59:39.797951 113 3@pebble/event.go:1043 ⋮ [n1,s1,pebble] 89  [JOB 11] sstable deleted 003192
I250820 20:59:39.798517 113 3@pebble/event.go:1043 ⋮ [n1,s1,pebble] 90  [JOB 11] sstable deleted 003195
I250820 20:59:39.800346 113 3@pebble/event.go:1043 ⋮ [n1,s1,pebble] 91  [JOB 11] sstable deleted 003197
I250820 20:59:39.800704 113 3@pebble/event.go:1043 ⋮ [n1,s1,pebble] 92  [JOB 11] sstable deleted 003199
I250820 20:59:39.801027 113 3@pebble/event.go:1043 ⋮ [n1,s1,pebble] 93  [JOB 11] sstable deleted 003209
I250820 20:59:39.802213 12211 3@pebble/event.go:1039 ⋮ [n1,s1,pebble] 94  [JOB 13] compacting: sstable created 003218
I250820 20:59:39.923766 12211 3@pebble/event.go:1039 ⋮ [n1,s1,pebble] 95  [JOB 13] compacting: sstable created 003219
I250820 20:59:40.043858 12211 3@pebble/event.go:1039 ⋮ [n1,s1,pebble] 96  [JOB 13] compacting: sstable created 003220
I250820 20:59:40.192053 12211 3@pebble/event.go:1039 ⋮ [n1,s1,pebble] 97  [JOB 13] compacting: sstable created 003221
I250820 20:59:40.306461 12211 3@pebble/event.go:1039 ⋮ [n1,s1,pebble] 98  [JOB 13] compacting: sstable created 003222
I250820 20:59:40.333100 12211 3@pebble/event.go:1003 ⋮ [n1,s1,pebble] 99  [JOB 13] compacted(default) L0 [003210] (88KB) Score=1.03 + L6 [003190 003193 003194 003196 003198] (17MB) Score=0.97 -> L6 [003218 003219 003220 003221 003222] (17MB), in 0.5s (0.5s total), output rate 32MB/s
I250820 20:59:40.333435 10276 3@pebble/event.go:999 ⋮ [n1,s1,pebble] 100  [JOB 14] compacting(default) L0 [003211] (86KB) Score=1.03 + L6 [003200 003201 003202 003203 003204] (17MB) Score=0.97; OverlappingRatio: Single 204.37, Multi 0.00
I250820 20:59:40.334922 113 3@pebble/event.go:1043 ⋮ [n1,s1,pebble] 101  [JOB 13] sstable deleted 003190
I250820 20:59:40.335247 113 3@pebble/event.go:1043 ⋮ [n1,s1,pebble] 102  [JOB 13] sstable deleted 003193
I250820 20:59:40.335709 113 3@pebble/event.go:1043 ⋮ [n1,s1,pebble] 103  [JOB 13] sstable deleted 003194
I250820 20:59:40.338314 113 3@pebble/event.go:1043 ⋮ [n1,s1,pebble] 104  [JOB 13] sstable deleted 003196
I250820 20:59:40.338564 113 3@pebble/event.go:1043 ⋮ [n1,s1,pebble] 105  [JOB 13] sstable deleted 003198
I250820 20:59:40.338780 113 3@pebble/event.go:1043 ⋮ [n1,s1,pebble] 106  [JOB 13] sstable deleted 003210
I250820 20:59:40.340023 10276 3@pebble/event.go:1039 ⋮ [n1,s1,pebble] 107  [JOB 14] compacting: sstable created 003223
I250820 20:59:40.452101 10276 3@pebble/event.go:1039 ⋮ [n1,s1,pebble] 108  [JOB 14] compacting: sstable created 003224
I250820 20:59:40.548694 10276 3@pebble/event.go:1039 ⋮ [n1,s1,pebble] 109  [JOB 14] compacting: sstable created 003225
I250820 20:59:40.644670 10276 3@pebble/event.go:1039 ⋮ [n1,s1,pebble] 110  [JOB 14] compacting: sstable created 003226
I250820 20:59:40.716602 10276 3@pebble/event.go:1039 ⋮ [n1,s1,pebble] 111  [JOB 14] compacting: sstable created 003227
I250820 20:59:40.740346 10276 3@pebble/event.go:1003 ⋮ [n1,s1,pebble] 112  [JOB 14] compacted(default) L0 [003211] (86KB) Score=1.03 + L6 [003200 003201 003202 003203 003204] (17MB) Score=0.97 -> L6 [003223 003224 003225 003226 003227] (17MB), in 0.4s (0.4s total), output rate 42MB/s
I250820 20:59:40.740788 10281 3@pebble/event.go:999 ⋮ [n1,s1,pebble] 113  [JOB 15] compacting(default) L0 [003212] (50KB) Score=1.03 + L6 [003205 003206 003207] (10MB) Score=0.97; OverlappingRatio: Single 207.49, Multi 0.00
I250820 20:59:40.742004 113 3@pebble/event.go:1043 ⋮ [n1,s1,pebble] 114  [JOB 14] sstable deleted 003200
I250820 20:59:40.742690 113 3@pebble/event.go:1043 ⋮ [n1,s1,pebble] 115  [JOB 14] sstable deleted 003201
I250820 20:59:40.742731 10281 3@pebble/event.go:1039 ⋮ [n1,s1,pebble] 116  [JOB 15] compacting: sstable created 003228
I250820 20:59:40.743213 113 3@pebble/event.go:1043 ⋮ [n1,s1,pebble] 117  [JOB 14] sstable deleted 003202
I250820 20:59:40.743509 113 3@pebble/event.go:1043 ⋮ [n1,s1,pebble] 118  [JOB 14] sstable deleted 003203
I250820 20:59:40.743760 113 3@pebble/event.go:1043 ⋮ [n1,s1,pebble] 119  [JOB 14] sstable deleted 003204
I250820 20:59:40.743958 113 3@pebble/event.go:1043 ⋮ [n1,s1,pebble] 120  [JOB 14] sstable deleted 003211
I250820 20:59:40.834779 10281 3@pebble/event.go:1039 ⋮ [n1,s1,pebble] 121  [JOB 15] compacting: sstable created 003229
I250820 20:59:40.909793 10281 3@pebble/event.go:1039 ⋮ [n1,s1,pebble] 122  [JOB 15] compacting: sstable created 003230
I250820 20:59:40.947583 10281 3@pebble/event.go:1003 ⋮ [n1,s1,pebble] 123  [JOB 15] compacted(default) L0 [003212] (50KB) Score=1.03 + L6 [003205 003206 003207] (10MB) Score=0.97 -> L6 [003228 003229 003230] (10MB), in 0.2s (0.2s total), output rate 49MB/s
I250820 20:59:40.948190 113 3@pebble/event.go:1043 ⋮ [n1,s1,pebble] 124  [JOB 15] sstable deleted 003205
I250820 20:59:40.948456 113 3@pebble/event.go:1043 ⋮ [n1,s1,pebble] 125  [JOB 15] sstable deleted 003206
I250820 20:59:40.948649 113 3@pebble/event.go:1043 ⋮ [n1,s1,pebble] 126  [JOB 15] sstable deleted 003207
I250820 20:59:40.948761 113 3@pebble/event.go:1043 ⋮ [n1,s1,pebble] 127  [JOB 15] sstable deleted 003212
I250820 21:01:28.801625 809 3@kv/kvserver/store.go:3801 ⋮ [T1,Vsystem,n1,s1] 128  Pebble metrics:
I250820 21:01:28.801625 809 3@kv/kvserver/store.go:3801 ⋮ [T1,Vsystem,n1,s1] 128 +      |                             |       |       |   ingested   |     moved    |    written   |       |    amp
I250820 21:01:28.801625 809 3@kv/kvserver/store.go:3801 ⋮ [T1,Vsystem,n1,s1] 128 +level | tables  size val-bl vtables | score |   in  | tables  size | tables  size | tables  size |  read |   r   w
I250820 21:01:28.801625 809 3@kv/kvserver/store.go:3801 ⋮ [T1,Vsystem,n1,s1] 128 +------+-----------------------------+-------+-------+--------------+--------------+--------------+-------+---------
I250820 21:01:28.801625 809 3@kv/kvserver/store.go:3801 ⋮ [T1,Vsystem,n1,s1] 128 +    0 |     0     0B     0B       0 |  0.00 |  96MB |     0     0B |     0     0B |     8  915KB |    0B |   0  0.0
I250820 21:01:28.801625 809 3@kv/kvserver/store.go:3801 ⋮ [T1,Vsystem,n1,s1] 128 +    1 |     0     0B     0B       0 |  0.00 |    0B |     0     0B |     0     0B |     0     0B |    0B |   0  0.0
I250820 21:01:28.801625 809 3@kv/kvserver/store.go:3801 ⋮ [T1,Vsystem,n1,s1] 128 +    2 |     0     0B     0B       0 |  0.00 |    0B |     0     0B |     0     0B |     0     0B |    0B |   0  0.0
I250820 21:01:28.801625 809 3@kv/kvserver/store.go:3801 ⋮ [T1,Vsystem,n1,s1] 128 +    3 |     0     0B     0B       0 |  0.00 |    0B |     0     0B |     0     0B |     0     0B |    0B |   0  0.0
I250820 21:01:28.801625 809 3@kv/kvserver/store.go:3801 ⋮ [T1,Vsystem,n1,s1] 128 +    4 |     0     0B     0B       0 |  0.00 |    0B |     0     0B |     0     0B |     0     0B |    0B |   0  0.0
I250820 21:01:28.801625 809 3@kv/kvserver/store.go:3801 ⋮ [T1,Vsystem,n1,s1] 128 +    5 |     0     0B     0B       0 |  0.00 |    0B |     0     0B |     0     0B |     0     0B |    0B |   0  0.0
I250820 21:01:28.801625 809 3@kv/kvserver/store.go:3801 ⋮ [T1,Vsystem,n1,s1] 128 +    6 |    18   62MB  1.2MB       0 |     - | 915KB |     0     0B |     0     0B |    36  124MB | 125MB |   1  139
I250820 21:01:28.801625 809 3@kv/kvserver/store.go:3801 ⋮ [T1,Vsystem,n1,s1] 128 +total |    18   62MB  1.2MB       0 |     - | 109MB |     0     0B |     0     0B |    44  234MB | 125MB |   1  2.2
I250820 21:01:28.801625 809 3@kv/kvserver/store.go:3801 ⋮ [T1,Vsystem,n1,s1] 128 +-------------------------------------------------------------------------------------------------------------------
I250820 21:01:28.801625 809 3@kv/kvserver/store.go:3801 ⋮ [T1,Vsystem,n1,s1] 128 +WAL: 1 files (13MB)  in: 70MB  written: 109MB (55% overhead)
I250820 21:01:28.801625 809 3@kv/kvserver/store.go:3801 ⋮ [T1,Vsystem,n1,s1] 128 +Flushes: 2
I250820 21:01:28.801625 809 3@kv/kvserver/store.go:3801 ⋮ [T1,Vsystem,n1,s1] 128 +Compactions: 8  estimated debt: 0B  in progress: 0 (0B)
I250820 21:01:28.801625 809 3@kv/kvserver/store.go:3801 ⋮ [T1,Vsystem,n1,s1] 128 +             default: 8  delete: 0  elision: 0  move: 0  read: 0  tombstone-density: 0  rewrite: 0  copy: 0  multi-level: 0
I250820 21:01:28.801625 809 3@kv/kvserver/store.go:3801 ⋮ [T1,Vsystem,n1,s1] 128 +MemTables: 1 (64MB)  zombie: 1 (64MB)
I250820 21:01:28.801625 809 3@kv/kvserver/store.go:3801 ⋮ [T1,Vsystem,n1,s1] 128 +Zombie tables: 0 (0B, local: 0B)
I250820 21:01:28.801625 809 3@kv/kvserver/store.go:3801 ⋮ [T1,Vsystem,n1,s1] 128 +Backing tables: 0 (0B)
I250820 21:01:28.801625 809 3@kv/kvserver/store.go:3801 ⋮ [T1,Vsystem,n1,s1] 128 +Virtual tables: 0 (0B)
I250820 21:01:28.801625 809 3@kv/kvserver/store.go:3801 ⋮ [T1,Vsystem,n1,s1] 128 +Local tables size: 62MB
I250820 21:01:28.801625 809 3@kv/kvserver/store.go:3801 ⋮ [T1,Vsystem,n1,s1] 128 +Compression types: snappy: 18
I250820 21:01:28.801625 809 3@kv/kvserver/store.go:3801 ⋮ [T1,Vsystem,n1,s1] 128 +Block cache: 0 entries (0B)  hit rate: 44.4%
I250820 21:01:28.801625 809 3@kv/kvserver/store.go:3801 ⋮ [T1,Vsystem,n1,s1] 128 +Table cache: 4 entries (3.3KB)  hit rate: 99.7%
I250820 21:01:28.801625 809 3@kv/kvserver/store.go:3801 ⋮ [T1,Vsystem,n1,s1] 128 +Snapshots: 0  earliest seq num: 0
I250820 21:01:28.801625 809 3@kv/kvserver/store.go:3801 ⋮ [T1,Vsystem,n1,s1] 128 +Table iters: 0
I250820 21:01:28.801625 809 3@kv/kvserver/store.go:3801 ⋮ [T1,Vsystem,n1,s1] 128 +Filter utility: 97.7%
I250820 21:01:28.801625 809 3@kv/kvserver/store.go:3801 ⋮ [T1,Vsystem,n1,s1] 128 +Ingestions: 0  as flushable: 0 (0B in 0 tables)
I250820 21:01:28.801625 809 3@kv/kvserver/store.go:3801 ⋮ [T1,Vsystem,n1,s1] 128 +Cgo memory usage: 128MB  block cache: 19KB (data: 0B, maps: 19KB, entries: 720B)  memtables: 128MB
I250820 21:07:58.925322 773 3@pebble/event.go:1059 ⋮ [n1,s1,pebble] 129  [JOB 16] WAL created 003231 (recycled 003188)
I250820 21:07:58.927034 21887 3@pebble/event.go:1011 ⋮ [n1,s1,pebble] 130  [JOB 17] flushing 1 memtable (64MB) to L0
I250820 21:07:58.927876 21887 3@pebble/event.go:1039 ⋮ [n1,s1,pebble] 131  [JOB 17] flushing: sstable created 003232
I250820 21:07:58.965156 21887 3@pebble/event.go:1039 ⋮ [n1,s1,pebble] 132  [JOB 17] flushing: sstable created 003233
I250820 21:07:58.985857 21887 3@pebble/event.go:1039 ⋮ [n1,s1,pebble] 133  [JOB 17] flushing: sstable created 003234
I250820 21:07:59.002253 21887 3@pebble/event.go:1039 ⋮ [n1,s1,pebble] 134  [JOB 17] flushing: sstable created 003235
I250820 21:07:59.008069 21887 3@pebble/event.go:1015 ⋮ [n1,s1,pebble] 135  [JOB 17] flushed 1 memtable (64MB) to L0 [003232 003233 003234 003235] (665KB), in 0.1s (0.1s total), output rate 8.1MB/s
I250820 21:07:59.008297 21958 3@pebble/event.go:999 ⋮ [n1,s1,pebble] 136  [JOB 18] compacting(default) L0 [003232] (330KB) Score=1.03 + L6 [003213 003214 003215 003216 003217] (18MB) Score=0.97; OverlappingRatio: Single 54.71, Multi 0.00
I250820 21:07:59.012401 21958 3@pebble/event.go:1039 ⋮ [n1,s1,pebble] 137  [JOB 18] compacting: sstable created 003236
I250820 21:07:59.137179 21958 3@pebble/event.go:1039 ⋮ [n1,s1,pebble] 138  [JOB 18] compacting: sstable created 003237
I250820 21:07:59.317246 21958 3@pebble/event.go:1039 ⋮ [n1,s1,pebble] 139  [JOB 18] compacting: sstable created 003238
I250820 21:07:59.452503 21958 3@pebble/event.go:1039 ⋮ [n1,s1,pebble] 140  [JOB 18] compacting: sstable created 003239
I250820 21:07:59.616108 21958 3@pebble/event.go:1039 ⋮ [n1,s1,pebble] 141  [JOB 18] compacting: sstable created 003240
I250820 21:07:59.671128 21958 3@pebble/event.go:1003 ⋮ [n1,s1,pebble] 142  [JOB 18] compacted(default) L0 [003232] (330KB) Score=1.03 + L6 [003213 003214 003215 003216 003217] (18MB) Score=0.97 -> L6 [003236 003237 003238 003239 003240] (18MB), in 0.7s (0.7s total), output rate 27MB/s
I250820 21:07:59.671436 21857 3@pebble/event.go:999 ⋮ [n1,s1,pebble] 143  [JOB 20] compacting(default) L0 [003233] (108KB) Score=1.03 + L6 [003218 003219 003220 003221 003222] (17MB) Score=0.97; OverlappingRatio: Single 163.83, Multi 0.00
I250820 21:07:59.672948 113 3@pebble/event.go:1043 ⋮ [n1,s1,pebble] 144  [JOB 18] sstable deleted 003213
I250820 21:07:59.673370 113 3@pebble/event.go:1043 ⋮ [n1,s1,pebble] 145  [JOB 18] sstable deleted 003214
I250820 21:07:59.673723 113 3@pebble/event.go:1043 ⋮ [n1,s1,pebble] 146  [JOB 18] sstable deleted 003215
I250820 21:07:59.674111 21857 3@pebble/event.go:1039 ⋮ [n1,s1,pebble] 147  [JOB 20] compacting: sstable created 003241
I250820 21:07:59.674236 113 3@pebble/event.go:1043 ⋮ [n1,s1,pebble] 148  [JOB 18] sstable deleted 003216
I250820 21:07:59.674793 113 3@pebble/event.go:1043 ⋮ [n1,s1,pebble] 149  [JOB 18] sstable deleted 003217
I250820 21:07:59.675042 113 3@pebble/event.go:1043 ⋮ [n1,s1,pebble] 150  [JOB 18] sstable deleted 003232
I250820 21:07:59.874507 21857 3@pebble/event.go:1039 ⋮ [n1,s1,pebble] 151  [JOB 20] compacting: sstable created 003242
I250820 21:08:00.018823 21857 3@pebble/event.go:1039 ⋮ [n1,s1,pebble] 152  [JOB 20] compacting: sstable created 003243
I250820 21:08:00.165804 21857 3@pebble/event.go:1039 ⋮ [n1,s1,pebble] 153  [JOB 20] compacting: sstable created 003244
I250820 21:08:00.258840 21857 3@pebble/event.go:1039 ⋮ [n1,s1,pebble] 154  [JOB 20] compacting: sstable created 003245
I250820 21:08:00.286054 21857 3@pebble/event.go:1003 ⋮ [n1,s1,pebble] 155  [JOB 20] compacted(default) L0 [003233] (108KB) Score=1.03 + L6 [003218 003219 003220 003221 003222] (17MB) Score=0.97 -> L6 [003241 003242 003243 003244 003245] (17MB), in 0.6s (0.6s total), output rate 28MB/s
I250820 21:08:00.286616 21978 3@pebble/event.go:999 ⋮ [n1,s1,pebble] 156  [JOB 21] compacting(default) L0 [003234] (98KB) Score=1.02 + L6 [003223 003224 003225 003226 003227] (17MB) Score=0.98; OverlappingRatio: Single 180.07, Multi 0.00
I250820 21:08:00.287127 113 3@pebble/event.go:1043 ⋮ [n1,s1,pebble] 157  [JOB 20] sstable deleted 003218
I250820 21:08:00.287471 113 3@pebble/event.go:1043 ⋮ [n1,s1,pebble] 158  [JOB 20] sstable deleted 003219
I250820 21:08:00.287836 113 3@pebble/event.go:1043 ⋮ [n1,s1,pebble] 159  [JOB 20] sstable deleted 003220
I250820 21:08:00.288206 113 3@pebble/event.go:1043 ⋮ [n1,s1,pebble] 160  [JOB 20] sstable deleted 003221
I250820 21:08:00.288403 113 3@pebble/event.go:1043 ⋮ [n1,s1,pebble] 161  [JOB 20] sstable deleted 003222
I250820 21:08:00.288567 113 3@pebble/event.go:1043 ⋮ [n1,s1,pebble] 162  [JOB 20] sstable deleted 003233
I250820 21:08:00.289829 21978 3@pebble/event.go:1039 ⋮ [n1,s1,pebble] 163  [JOB 21] compacting: sstable created 003246
I250820 21:08:00.413106 21978 3@pebble/event.go:1039 ⋮ [n1,s1,pebble] 164  [JOB 21] compacting: sstable created 003247
I250820 21:08:00.494013 21978 3@pebble/event.go:1039 ⋮ [n1,s1,pebble] 165  [JOB 21] compacting: sstable created 003248
I250820 21:08:00.569928 21978 3@pebble/event.go:1039 ⋮ [n1,s1,pebble] 166  [JOB 21] compacting: sstable created 003249
I250820 21:08:00.621189 21978 3@pebble/event.go:1039 ⋮ [n1,s1,pebble] 167  [JOB 21] compacting: sstable created 003250
I250820 21:08:00.647364 21978 3@pebble/event.go:1003 ⋮ [n1,s1,pebble] 168  [JOB 21] compacted(default) L0 [003234] (98KB) Score=1.02 + L6 [003223 003224 003225 003226 003227] (17MB) Score=0.98 -> L6 [003246 003247 003248 003249 003250] (17MB), in 0.4s (0.4s total), output rate 48MB/s
I250820 21:08:00.647801 22035 3@pebble/event.go:999 ⋮ [n1,s1,pebble] 169  [JOB 22] compacting(default) L0 [003235] (129KB) Score=1.02 + L6 [003228 003229 003230] (10MB) Score=0.98; OverlappingRatio: Single 80.57, Multi 0.00
I250820 21:08:00.648937 113 3@pebble/event.go:1043 ⋮ [n1,s1,pebble] 170  [JOB 21] sstable deleted 003223
I250820 21:08:00.649148 22035 3@pebble/event.go:1039 ⋮ [n1,s1,pebble] 171  [JOB 22] compacting: sstable created 003251
I250820 21:08:00.649361 113 3@pebble/event.go:1043 ⋮ [n1,s1,pebble] 172  [JOB 21] sstable deleted 003224
I250820 21:08:00.649905 113 3@pebble/event.go:1043 ⋮ [n1,s1,pebble] 173  [JOB 21] sstable deleted 003225
I250820 21:08:00.650204 113 3@pebble/event.go:1043 ⋮ [n1,s1,pebble] 174  [JOB 21] sstable deleted 003226
I250820 21:08:00.650505 113 3@pebble/event.go:1043 ⋮ [n1,s1,pebble] 175  [JOB 21] sstable deleted 003227
I250820 21:08:00.650724 113 3@pebble/event.go:1043 ⋮ [n1,s1,pebble] 176  [JOB 21] sstable deleted 003234
I250820 21:08:00.735119 22035 3@pebble/event.go:1039 ⋮ [n1,s1,pebble] 177  [JOB 22] compacting: sstable created 003252
I250820 21:08:00.819472 22035 3@pebble/event.go:1039 ⋮ [n1,s1,pebble] 178  [JOB 22] compacting: sstable created 003253
I250820 21:08:00.862988 22035 3@pebble/event.go:1003 ⋮ [n1,s1,pebble] 179  [JOB 22] compacted(default) L0 [003235] (129KB) Score=1.02 + L6 [003228 003229 003230] (10MB) Score=0.98 -> L6 [003251 003252 003253] (10MB), in 0.2s (0.2s total), output rate 48MB/s
I250820 21:08:00.863655 113 3@pebble/event.go:1043 ⋮ [n1,s1,pebble] 180  [JOB 22] sstable deleted 003228
I250820 21:08:00.864034 113 3@pebble/event.go:1043 ⋮ [n1,s1,pebble] 181  [JOB 22] sstable deleted 003229
I250820 21:08:00.864274 113 3@pebble/event.go:1043 ⋮ [n1,s1,pebble] 182  [JOB 22] sstable deleted 003230
I250820 21:08:00.864542 113 3@pebble/event.go:1043 ⋮ [n1,s1,pebble] 183  [JOB 22] sstable deleted 003235
I250820 21:11:28.794067 809 3@kv/kvserver/store.go:3801 ⋮ [T1,Vsystem,n1,s1] 184  Pebble metrics:
I250820 21:11:28.794067 809 3@kv/kvserver/store.go:3801 ⋮ [T1,Vsystem,n1,s1] 184 +      |                             |       |       |   ingested   |     moved    |    written   |       |    amp
I250820 21:11:28.794067 809 3@kv/kvserver/store.go:3801 ⋮ [T1,Vsystem,n1,s1] 184 +level | tables  size val-bl vtables | score |   in  | tables  size | tables  size | tables  size |  read |   r   w
I250820 21:11:28.794067 809 3@kv/kvserver/store.go:3801 ⋮ [T1,Vsystem,n1,s1] 184 +------+-----------------------------+-------+-------+--------------+--------------+--------------+-------+---------
I250820 21:11:28.794067 809 3@kv/kvserver/store.go:3801 ⋮ [T1,Vsystem,n1,s1] 184 +    0 |     0     0B     0B       0 |  0.00 | 153MB |     0     0B |     0     0B |    12  1.5MB |    0B |   0  0.0
I250820 21:11:28.794067 809 3@kv/kvserver/store.go:3801 ⋮ [T1,Vsystem,n1,s1] 184 +    1 |     0     0B     0B       0 |  0.00 |    0B |     0     0B |     0     0B |     0     0B |    0B |   0  0.0
I250820 21:11:28.794067 809 3@kv/kvserver/store.go:3801 ⋮ [T1,Vsystem,n1,s1] 184 +    2 |     0     0B     0B       0 |  0.00 |    0B |     0     0B |     0     0B |     0     0B |    0B |   0  0.0
I250820 21:11:28.794067 809 3@kv/kvserver/store.go:3801 ⋮ [T1,Vsystem,n1,s1] 184 +    3 |     0     0B     0B       0 |  0.00 |    0B |     0     0B |     0     0B |     0     0B |    0B |   0  0.0
I250820 21:11:28.794067 809 3@kv/kvserver/store.go:3801 ⋮ [T1,Vsystem,n1,s1] 184 +    4 |     0     0B     0B       0 |  0.00 |    0B |     0     0B |     0     0B |     0     0B |    0B |   0  0.0
I250820 21:11:28.794067 809 3@kv/kvserver/store.go:3801 ⋮ [T1,Vsystem,n1,s1] 184 +    5 |     0     0B     0B       0 |  0.00 |    0B |     0     0B |     0     0B |     0     0B |    0B |   0  0.0
I250820 21:11:28.794067 809 3@kv/kvserver/store.go:3801 ⋮ [T1,Vsystem,n1,s1] 184 +    6 |    18   63MB  1.2MB       0 |     - | 1.5MB |     0     0B |     0     0B |    54  187MB | 188MB |   1  121
I250820 21:11:28.794067 809 3@kv/kvserver/store.go:3801 ⋮ [T1,Vsystem,n1,s1] 184 +total |    18   63MB  1.2MB       0 |     - | 177MB |     0     0B |     0     0B |    66  366MB | 188MB |   1  2.1
I250820 21:11:28.794067 809 3@kv/kvserver/store.go:3801 ⋮ [T1,Vsystem,n1,s1] 184 +-------------------------------------------------------------------------------------------------------------------
I250820 21:11:28.794067 809 3@kv/kvserver/store.go:3801 ⋮ [T1,Vsystem,n1,s1] 184 +WAL: 1 files (24MB)  in: 138MB  written: 177MB (28% overhead)
I250820 21:11:28.794067 809 3@kv/kvserver/store.go:3801 ⋮ [T1,Vsystem,n1,s1] 184 +Flushes: 3
I250820 21:11:28.794067 809 3@kv/kvserver/store.go:3801 ⋮ [T1,Vsystem,n1,s1] 184 +Compactions: 12  estimated debt: 0B  in progress: 0 (0B)
I250820 21:11:28.794067 809 3@kv/kvserver/store.go:3801 ⋮ [T1,Vsystem,n1,s1] 184 +             default: 12  delete: 0  elision: 0  move: 0  read: 0  tombstone-density: 0  rewrite: 0  copy: 0  multi-level: 0
I250820 21:11:28.794067 809 3@kv/kvserver/store.go:3801 ⋮ [T1,Vsystem,n1,s1] 184 +MemTables: 1 (64MB)  zombie: 1 (64MB)
I250820 21:11:28.794067 809 3@kv/kvserver/store.go:3801 ⋮ [T1,Vsystem,n1,s1] 184 +Zombie tables: 0 (0B, local: 0B)
I250820 21:11:28.794067 809 3@kv/kvserver/store.go:3801 ⋮ [T1,Vsystem,n1,s1] 184 +Backing tables: 0 (0B)
I250820 21:11:28.794067 809 3@kv/kvserver/store.go:3801 ⋮ [T1,Vsystem,n1,s1] 184 +Virtual tables: 0 (0B)
I250820 21:11:28.794067 809 3@kv/kvserver/store.go:3801 ⋮ [T1,Vsystem,n1,s1] 184 +Local tables size: 63MB
I250820 21:11:28.794067 809 3@kv/kvserver/store.go:3801 ⋮ [T1,Vsystem,n1,s1] 184 +Compression types: snappy: 18
I250820 21:11:28.794067 809 3@kv/kvserver/store.go:3801 ⋮ [T1,Vsystem,n1,s1] 184 +Block cache: 0 entries (0B)  hit rate: 28.2%
I250820 21:11:28.794067 809 3@kv/kvserver/store.go:3801 ⋮ [T1,Vsystem,n1,s1] 184 +Table cache: 4 entries (3.3KB)  hit rate: 99.8%
I250820 21:11:28.794067 809 3@kv/kvserver/store.go:3801 ⋮ [T1,Vsystem,n1,s1] 184 +Snapshots: 0  earliest seq num: 0
I250820 21:11:28.794067 809 3@kv/kvserver/store.go:3801 ⋮ [T1,Vsystem,n1,s1] 184 +Table iters: 0
I250820 21:11:28.794067 809 3@kv/kvserver/store.go:3801 ⋮ [T1,Vsystem,n1,s1] 184 +Filter utility: 97.0%
I250820 21:11:28.794067 809 3@kv/kvserver/store.go:3801 ⋮ [T1,Vsystem,n1,s1] 184 +Ingestions: 0  as flushable: 0 (0B in 0 tables)
I250820 21:11:28.794067 809 3@kv/kvserver/store.go:3801 ⋮ [T1,Vsystem,n1,s1] 184 +Cgo memory usage: 128MB  block cache: 19KB (data: 0B, maps: 19KB, entries: 800B)  memtables: 128MB
