I250826 13:47:32.230761 1 util/log/file_sync_buffer.go:237 ⋮ [config]   file created at: 2025/08/26 13:47:32
I250826 13:47:32.230795 1 util/log/file_sync_buffer.go:237 ⋮ [config]   running on machine: ‹fe24aee22ec2›
I250826 13:47:32.230807 1 util/log/file_sync_buffer.go:237 ⋮ [config]   binary: CockroachDB CCL v25.2.0 (aarch64-unknown-linux-gnu, built 2025/05/15 21:07:42, go1.23.7 X:nocoverageredesign)
I250826 13:47:32.230811 1 util/log/file_sync_buffer.go:237 ⋮ [config]   arguments: [‹/cockroach/cockroach› ‹start-single-node› ‹--certs-dir=certs› ‹--advertise-addr=127.0.0.1:26257› ‹--insecure› ‹--http-addr=0.0.0.0:8080›]
I250826 13:47:32.230820 1 util/log/file_sync_buffer.go:237 ⋮ [config]   log format (utf8=✓): crdb-v2
I250826 13:47:32.230823 1 util/log/file_sync_buffer.go:237 ⋮ [config]   line format: [IWEF]yymmdd hh:mm:ss.uuuuuu goid [chan@]file:line redactionmark \[tags\] [counter] msg
W250826 13:47:32.220546 1 1@cli/start.go:1438 ⋮ [n?] 1  ALL SECURITY CONTROLS HAVE BEEN DISABLED!
W250826 13:47:32.220546 1 1@cli/start.go:1438 ⋮ [n?] 1 +
W250826 13:47:32.220546 1 1@cli/start.go:1438 ⋮ [n?] 1 +This mode is intended for non-production testing only.
W250826 13:47:32.220546 1 1@cli/start.go:1438 ⋮ [n?] 1 +
W250826 13:47:32.220546 1 1@cli/start.go:1438 ⋮ [n?] 1 +In this mode:
W250826 13:47:32.220546 1 1@cli/start.go:1438 ⋮ [n?] 1 +- Your cluster is open to any client that can access ‹any of your IP addresses›.
W250826 13:47:32.220546 1 1@cli/start.go:1438 ⋮ [n?] 1 +- Intruders with access to your machine or network can observe client-server traffic.
W250826 13:47:32.220546 1 1@cli/start.go:1438 ⋮ [n?] 1 +- Intruders can log in without password and read or write any data in the cluster.
W250826 13:47:32.220546 1 1@cli/start.go:1438 ⋮ [n?] 1 +- Intruders can consume all your server's resources and cause unavailability.
I250826 13:47:32.262350 1 1@cli/start.go:1448 ⋮ [n?] 2  To start a secure server without mandating TLS for clients,
I250826 13:47:32.262350 1 1@cli/start.go:1448 ⋮ [n?] 2 +consider --accept-sql-without-tls instead. For other options, see:
I250826 13:47:32.262350 1 1@cli/start.go:1448 ⋮ [n?] 2 +
I250826 13:47:32.262350 1 1@cli/start.go:1448 ⋮ [n?] 2 +- https://go.crdb.dev/issue-v/53404/v25.2
I250826 13:47:32.262350 1 1@cli/start.go:1448 ⋮ [n?] 2 +- https://www.cockroachlabs.com/docs/v25.2/secure-a-cluster.html
I250826 13:47:32.263234 1 server/status/recorder.go:856 ⋮ [n?] 3  ‹available memory from cgroups (8.0 EiB) is unsupported, using system memory 12 GiB instead: ›
W250826 13:47:32.263297 1 1@cli/start.go:1360 ⋮ [n?] 4  Using the default setting for --cache (128 MiB).
W250826 13:47:32.263297 1 1@cli/start.go:1360 ⋮ [n?] 4 +  A significantly larger value is usually needed for good performance.
W250826 13:47:32.263297 1 1@cli/start.go:1360 ⋮ [n?] 4 +  If you have a dedicated server a reasonable setting is --cache=.25 (2.9 GiB).
I250826 13:47:32.263484 1 server/status/recorder.go:856 ⋮ [n?] 5  ‹available memory from cgroups (8.0 EiB) is unsupported, using system memory 12 GiB instead: ›
I250826 13:47:32.263497 1 1@cli/start.go:1477 ⋮ [n?] 6  CockroachDB CCL v25.2.0 (aarch64-unknown-linux-gnu, built 2025/05/15 21:07:42, go1.23.7 X:nocoverageredesign)
I250826 13:47:32.264380 1 server/status/recorder.go:856 ⋮ [n?] 7  ‹available memory from cgroups (8.0 EiB) is unsupported, using system memory 12 GiB instead: ›
I250826 13:47:32.264386 1 1@cli/start.go:554 ⋮ [n?] 8  soft memory limit of Go runtime is set to 6.6 GiB
I250826 13:47:32.264413 1 1@cli/start.go:591 ⋮ [n?] 9  GC target percentage of Go runtime is set to 300%
I250826 13:47:32.451058 1 server/status/recorder.go:856 ⋮ [T1,Vsystem,n?] 10  ‹available memory from cgroups (8.0 EiB) is unsupported, using system memory 12 GiB instead: ›
I250826 13:47:32.451119 1 server/config.go:674 ⋮ [T1,Vsystem,n?] 11  system total memory: 12 GiB
I250826 13:47:32.451161 1 server/config.go:676 ⋮ [T1,Vsystem,n?] 12  server configuration:
I250826 13:47:32.451161 1 server/config.go:676 ⋮ [T1,Vsystem,n?] 12 +max offset             500000000
I250826 13:47:32.451161 1 server/config.go:676 ⋮ [T1,Vsystem,n?] 12 +cache size             128 MiB
I250826 13:47:32.451161 1 server/config.go:676 ⋮ [T1,Vsystem,n?] 12 +SQL memory pool size   2.9 GiB
I250826 13:47:32.451161 1 server/config.go:676 ⋮ [T1,Vsystem,n?] 12 +scan interval          10m0s
I250826 13:47:32.451161 1 server/config.go:676 ⋮ [T1,Vsystem,n?] 12 +scan min idle time     10ms
I250826 13:47:32.451161 1 server/config.go:676 ⋮ [T1,Vsystem,n?] 12 +scan max idle time     1s
I250826 13:47:32.451161 1 server/config.go:676 ⋮ [T1,Vsystem,n?] 12 +event log enabled      true
I250826 13:47:32.457604 1 1@cli/start.go:1338 ⋮ [T1,Vsystem,n?] 13  using local environment variables:
I250826 13:47:32.457604 1 1@cli/start.go:1338 ⋮ [T1,Vsystem,n?] 13 +COCKROACH_CHANNEL=official-docker
I250826 13:47:32.457685 1 1@cli/start.go:1345 ⋮ [T1,Vsystem,n?] 14  process identity: uid 0 euid 0 gid 0 egid 0
I250826 13:47:32.524037 1 1@cli/start.go:1500 ⋮ [T1,Vsystem,n?] 15  GEOS loaded from directory ‹/usr/local/lib/cockroach›
I250826 13:47:32.525390 1 1@cli/start.go:777 ⋮ [T1,Vsystem,n?] 16  starting cockroach node
I250826 13:47:36.525629 41 server/config.go:880 ⋮ [T1,Vsystem,n?] 17  1 storage engine initialized
I250826 13:47:36.525895 41 server/config.go:883 ⋮ [T1,Vsystem,n?] 18  Pebble cache size: 128 MiB
I250826 13:47:36.525911 41 server/config.go:883 ⋮ [T1,Vsystem,n?] 19  store 0: max size 0 B, max open file limit 1043576
I250826 13:47:36.525918 41 server/config.go:883 ⋮ [T1,Vsystem,n?] 20  store 0: /cockroach/cockroach-data: rw encrypted=false fs:{bdev=/run/host_mark/Users fstype=fakeowner mountpoint=/cockroach/cockroach-data mountopts=rw,nosuid,nodev,relatime,fakeowner}
I250826 13:47:36.587905 58 util/cidr/cidr.go:299 ⋮ [T1,Vsystem,n?] 21  CIDR lookup updated with 0 destinations
I250826 13:47:37.222709 41 1@server/clock_monotonicity.go:61 ⋮ [T1,Vsystem,n?] 22  monitoring forward clock jumps based on server.clock.forward_jump_check.enabled
I250826 13:47:37.294042 41 1@server/clock_monotonicity.go:136 ⋮ [T1,Vsystem,n1] 23  Sleeping till wall time 1756216057294040597 to catches up to 1756216057720755306 to ensure monotonicity. Sub: 426.714709ms
I250826 13:47:37.293805 582 1@server/server.go:1802 ⋮ [T1,Vsystem,n1] 24  connecting to gossip network to verify cluster ID "7c4e678d-486f-4806-8e59-dd3b5b489461"
W250826 13:47:37.728264 41 1@cli/start.go:1299 ⋮ [T1,Vsystem,n1] 25  Running a server without --sql-addr, with a combined RPC/SQL listener, is deprecated.
W250826 13:47:37.728264 41 1@cli/start.go:1299 ⋮ [T1,Vsystem,n1] 25 +This feature will be removed in a later version of CockroachDB.
W250826 13:47:37.732423 41 1@gossip/gossip.go:1460 ⋮ [T1,Vsystem,n1] 26  no addresses found; use --join to specify a connected node
I250826 13:47:37.749425 587 kv/kvserver/kvstorage/init.go:250 ⋮ [T1,Vsystem,n1,s1] 27  beginning range descriptor iteration
I250826 13:47:37.751303 587 kv/kvserver/kvstorage/init.go:374 ⋮ [T1,Vsystem,n1,s1] 28  range descriptor iteration done: 59 range descriptors, 0 intents, 0 tombstones; stats: ‹seeked 122 times (62 internal); stepped 0 times (0 internal); blocks: 206KB cached, 10KB not cached (read time: 298.75µs); points: 60 (1.3KB keys, 1.9KB values); separated: 6 (343B, 0B fetched)›
I250826 13:47:37.769186 587 kv/kvserver/kvstorage/init.go:501 ⋮ [T1,Vsystem,n1,s1] 29  loaded replica ID for 59/59 replicas
I250826 13:47:37.770936 587 kv/kvserver/kvstorage/init.go:518 ⋮ [T1,Vsystem,n1,s1] 30  loaded Raft state for 59/59 replicas
I250826 13:47:37.770985 587 kv/kvserver/kvstorage/init.go:545 ⋮ [T1,Vsystem,n1,s1] 31  loaded 59 replicas
I250826 13:47:37.771023 587 kv/kvserver/kvstorage/init.go:576 ⋮ [T1,Vsystem,n1,s1] 32  verified 59/59 replicas
I250826 13:47:37.801727 587 kv/kvserver/store.go:2369 ⋮ [T1,Vsystem,n1,s1] 33  initialized 59/59 replicas
I250826 13:47:37.803748 587 server/node.go:690 ⋮ [T1,Vsystem,n1] 34  initialized store s1 in 69ms (59 replicas)
I250826 13:47:37.803885 41 kv/kvserver/stores.go:261 ⋮ [T1,Vsystem,n1] 35  read 0 node addresses from persistent storage
I250826 13:47:37.810665 582 1@server/server.go:1805 ⋮ [T1,Vsystem,n1] 36  node connected via gossip
I250826 13:47:37.812595 674 kv/kvserver/storeliveness/support_manager.go:285 ⋮ [T1,Vsystem,n1,s1] 37  starting to heartbeat store {NodeID:1 StoreID:1}
I250826 13:47:37.813594 41 server/node.go:801 ⋮ [T1,Vsystem,n1] 38  started with attributes []
I250826 13:47:37.814036 41 server/goroutinedumper/goroutinedumper.go:117 ⋮ [T1,Vsystem,n1] 39  writing goroutine dumps to ‹/cockroach/cockroach-data/logs/goroutine_dump›
I250826 13:47:37.823567 674 kv/kvserver/storeliveness/supporter_state.go:298 ⋮ [T1,Vsystem,n1,s1] 40  provided support for store {NodeID:1 StoreID:1}; old = {Target:{NodeID:1 StoreID:1} Epoch:161 Expiration:1756215667.548141054,0}, new = {Target:{NodeID:1 StoreID:1} Epoch:162 Expiration:1756216060.812696708,0}
I250826 13:47:37.824953 619 kv/kvserver/queue.go:612 ⋮ [T1,Vsystem,n1,s1,r6/1:‹/Table/{0-4}›,raft] 41  rate limited in MaybeAdd (replicate): throttled on async limiting semaphore
I250826 13:47:37.826392 41 server/profiler/heapprofiler.go:72 ⋮ [T1,Vsystem,n1] 42  writing go heap profiles to ‹/cockroach/cockroach-data/logs/heap_profiler› at least every 1h0m0s
I250826 13:47:37.827156 41 server/profiler/memory_monitoring_profiler.go:66 ⋮ [T1,Vsystem,n1] 43  writing memory monitoring dumps to ‹/cockroach/cockroach-data/logs/heap_profiler› at least every 1h0m0s
I250826 13:47:37.827176 41 server/profiler/cgoprofiler.go:66 ⋮ [T1,Vsystem,n1] 44  to enable jmalloc profiling: "export MALLOC_CONF=prof:true" or "ln -s prof:true /etc/malloc.conf"
I250826 13:47:37.827234 674 kv/kvserver/storeliveness/requester_state.go:425 ⋮ [T1,Vsystem,n1,s1] 45  received support from store {NodeID:1 StoreID:1}; old = {Target:{NodeID:1 StoreID:1} Epoch:162 Expiration:0,0}, new = {Target:{NodeID:1 StoreID:1} Epoch:162 Expiration:1756216060.812696708,0}
I250826 13:47:37.827269 41 server/profiler/statsprofiler.go:68 ⋮ [T1,Vsystem,n1] 46  writing memory stats to ‹/cockroach/cockroach-data/logs/heap_profiler› at last every 1h0m0s
I250826 13:47:37.827793 41 server/profiler/activequeryprofiler.go:88 ⋮ [T1,Vsystem,n1] 47  writing go query profiles to ‹/cockroach/cockroach-data/logs/heap_profiler›
I250826 13:47:37.827861 41 server/profiler/cpuprofiler.go:87 ⋮ [T1,Vsystem,n1] 48  writing cpu profile dumps to ‹/cockroach/cockroach-data/logs/pprof_dump›
I250826 13:47:37.838089 41 1@server/server.go:1999 ⋮ [T1,Vsystem,n1] 49  starting http server at ‹[::]:8080› (use: ‹127.0.0.1:8080›)
I250826 13:47:37.838162 41 1@server/server.go:2007 ⋮ [T1,Vsystem,n1] 50  starting grpc/postgres server at ‹[::]:26257›
I250826 13:47:37.838187 41 1@server/server.go:2008 ⋮ [T1,Vsystem,n1] 51  advertising CockroachDB node at ‹127.0.0.1:26257›
I250826 13:47:37.945251 41 1@util/log/event_log.go:39 ⋮ [T1,Vsystem,n1] 52 ={"Timestamp":1756216057945225333,"EventType":"node_restart","NodeID":1,"StartedAt":1756216057733700083,"LastUp":1756215663378737012}
I250826 13:47:37.953877 946 kv/kvclient/rangefeed/rangefeedcache/watcher.go:340 ⋮ [T1,Vsystem,n1] 53  spanconfig-subscriber: established range feed cache
I250826 13:47:37.956097 948 kv/kvclient/rangefeed/rangefeedcache/watcher.go:340 ⋮ [T1,Vsystem,n1] 54  settings-watcher: established range feed cache
I250826 13:47:38.006849 41 sql/sqlliveness/slinstance/slinstance.go:435 ⋮ [T1,Vsystem,n1] 55  starting SQL liveness instance
I250826 13:47:38.032839 158 sql/sqlliveness/slstorage/slstorage.go:540 ⋮ [T1,Vsystem,n1] 56  inserted sqlliveness session 0101806b486f9ca859458ba1c80bc12cfec062 with expiry 1756216098.020378791,0
I250826 13:47:38.032974 158 sql/sqlliveness/slinstance/slinstance.go:247 ⋮ [T1,Vsystem,n1] 57  created new SQL liveness session 0101806b486f9ca859458ba1c80bc12cfec062
I250826 13:47:38.033150 41 sql/sqlinstance/instancestorage/instancestorage.go:338 ⋮ [T1,Vsystem,n1] 58  assigning instance id to rpc addr ‹127.0.0.1:26257› and sql addr ‹127.0.0.1:26257›
I250826 13:47:38.040335 1219 kv/kvserver/replica_rangefeed.go:882 ⋮ [T1,Vsystem,n1,rangefeed=‹settings-watcher›,mux_n=1,gen=2,r10/1:‹/Table/{6-7}›,sm=1,sid=1,s1] 59  RangeFeed closed timestamp 1756215264.162034551,0 is behind by 13m13.878296449s (behind=13m13.878296449s target=3s nudge=true cancel=false)
I250826 13:47:38.041125 41 server/server_sql.go:1618 ⋮ [T1,Vsystem,n1] 60  bound sqlinstance: Instance{RegionPrefix: gA==, InstanceID: 1, SQLAddr: ‹127.0.0.1:26257›, RPCAddr: ‹127.0.0.1:26257›, SessionID: 0101806b486f9ca859458ba1c80bc12cfec062, Locality: , BinaryVersion: 25.2}
I250826 13:47:38.047758 800 sql/sqlstats/persistedsqlstats/provider.go:159 ⋮ [T1,Vsystem,n1] 61  starting sql-stats-worker with initial delay: 9m33.387302725s
I250826 13:47:38.047616 797 sql/temporary_schema.go:506 ⋮ [T1,Vsystem,n1] 62  running temporary object cleanup background job
I250826 13:47:38.058821 1261 kv/kvclient/rangefeed/rangefeedcache/watcher.go:340 ⋮ [T1,Vsystem,n1] 63  system-config-cache: established range feed cache
I250826 13:47:38.055755 41 upgrade/upgrademanager/manager.go:171 ⋮ [T1,Vsystem,n1] 64  running permanent upgrades up to version: 25.2
I250826 13:47:38.101889 797 sql/temporary_schema.go:556 ⋮ [T1,Vsystem,n1] 65  found 0 temporary schemas
I250826 13:47:38.101989 797 sql/temporary_schema.go:559 ⋮ [T1,Vsystem,n1] 66  early exiting temporary schema cleaner as no temporary schemas were found
I250826 13:47:38.104812 797 sql/temporary_schema.go:560 ⋮ [T1,Vsystem,n1] 67  completed temporary object cleanup job
I250826 13:47:38.104989 797 sql/temporary_schema.go:641 ⋮ [T1,Vsystem,n1] 68  temporary object cleaner next scheduled to run at 2025-08-26 14:17:38.04645475 +0000 UTC m=+1817.883584592
I250826 13:47:38.157761 41 upgrade/upgrademanager/manager.go:233 ⋮ [T1,Vsystem,n1] 69  detected the last permanent upgrade (v0.0-upgrading-step-004) to have already completed; no permanent upgrades will run
I250826 13:47:38.157845 41 server/server_sql.go:1720 ⋮ [T1,Vsystem,n1] 70  done ensuring all necessary startup migrations have run
I250826 13:47:38.165204 41 server/license/enforcer.go:262 ⋮ [T1,Vsystem,n1] 71  trial license expiry initialized to 1970-01-01 00:00:00 +0000 UTC
I250826 13:47:38.165296 41 server/license/enforcer.go:298 ⋮ [T1,Vsystem,n1] 72  fetched existing cluster init grace period end time: 2025-08-24 14:50:24 +0000 UTC
I250826 13:47:38.165394 41 server/license/enforcer.go:498 ⋮ [T1,Vsystem,n1] 73  enforcer license updated: type is none, grace period ends at "2025-08-24 14:50:24 +0000 UTC", telemetry required: false
I250826 13:47:38.165422 41 server/license/enforcer.go:498 ⋮ [T1,Vsystem,n1] 74  enforcer license updated: type is none, grace period ends at "2025-08-24 14:50:24 +0000 UTC", telemetry required: false
I250826 13:47:38.216963 1531 sql/syntheticprivilegecache/cache.go:202 ⋮ [T1,Vsystem,n1] 75  warmed privileges for virtual tables in 52.59275ms
I250826 13:47:38.249220 1536 sql/sqlliveness/slstorage/slstorage.go:391 ⋮ [n1,intExec=query-lease-table-dead-sessions] 76  deleted session 0101802ed8c08d80f74c5291cd62592fef095b which expired at 1756215701.954383303,0
I250826 13:47:38.280063 1229 jobs/job_scheduler.go:407 ⋮ [T1,Vsystem,n1] 77  waiting 2m0s before scheduled jobs daemon start
I250826 13:47:38.282277 1593 kv/kvclient/rangefeed/rangefeedcache/watcher.go:340 ⋮ [T1,Vsystem,n1] 78  tenant-settings-watcher: established range feed cache
I250826 13:47:38.290500 1600 kv/kvclient/rangefeed/rangefeedcache/watcher.go:340 ⋮ [T1,Vsystem,n1] 79  tenant-entry-watcher: established range feed cache
I250826 13:47:38.300876 1600 multitenant/tenantcapabilities/tenantcapabilitieswatcher/watcher.go:285 ⋮ [T1,Vsystem,n1] 80  received results of a full table scan for tenant capabilities
I250826 13:47:38.321712 41 server/license/enforcer.go:582 ⋮ [T1,Vsystem,n1] 81  disable all license enforcement
I250826 13:47:38.321750 41 1@server/server_sql.go:1971 ⋮ [T1,Vsystem,n1] 82  serving sql connections
I250826 13:47:38.322028 1699 server/auto_upgrade.go:81 ⋮ [T1,Vsystem,n1] 83  no need to upgrade, cluster already at the newest version
I250826 13:47:38.322052 41 1@cli/start.go:1286 ⋮ [T1,Vsystem,n1] 84  node startup completed:
I250826 13:47:38.322052 41 1@cli/start.go:1286 ⋮ [T1,Vsystem,n1] 84 +CockroachDB node starting at 2025-08-26 13:47:38.321794042 +0000 UTC m=+18.158923967 (took 15.8s)
I250826 13:47:38.322052 41 1@cli/start.go:1286 ⋮ [T1,Vsystem,n1] 84 +build:               CCL v25.2.0 @ 2025/05/15 21:07:42 (go1.23.7 X:nocoverageredesign)
I250826 13:47:38.322052 41 1@cli/start.go:1286 ⋮ [T1,Vsystem,n1] 84 +malloc_conf:         prof:false,prof_active:true,background_thread:true,thp:never,metadata_thp:disabled,narenas:48,dirty_decay_ms:2000,muzzy_decay_ms:0
I250826 13:47:38.322052 41 1@cli/start.go:1286 ⋮ [T1,Vsystem,n1] 84 +webui:               ‹http://127.0.0.1:8080›
I250826 13:47:38.322052 41 1@cli/start.go:1286 ⋮ [T1,Vsystem,n1] 84 +sql:                 ‹postgresql://root@127.0.0.1:26257/defaultdb?sslmode=disable›
I250826 13:47:38.322052 41 1@cli/start.go:1286 ⋮ [T1,Vsystem,n1] 84 +sql (JDBC):          ‹jdbc:postgresql://127.0.0.1:26257/defaultdb?sslmode=disable&user=root›
I250826 13:47:38.322052 41 1@cli/start.go:1286 ⋮ [T1,Vsystem,n1] 84 +RPC client flags:    ‹/cockroach/cockroach <client cmd> --host=127.0.0.1:26257 --insecure›
I250826 13:47:38.322052 41 1@cli/start.go:1286 ⋮ [T1,Vsystem,n1] 84 +logs:                ‹/cockroach/cockroach-data/logs›
I250826 13:47:38.322052 41 1@cli/start.go:1286 ⋮ [T1,Vsystem,n1] 84 +temp dir:            ‹/cockroach/cockroach-data/cockroach-temp3221875162›
I250826 13:47:38.322052 41 1@cli/start.go:1286 ⋮ [T1,Vsystem,n1] 84 +external I/O path:   ‹/cockroach/cockroach-data/extern›
I250826 13:47:38.322052 41 1@cli/start.go:1286 ⋮ [T1,Vsystem,n1] 84 +store[0]:            ‹path=/cockroach/cockroach-data›
I250826 13:47:38.322052 41 1@cli/start.go:1286 ⋮ [T1,Vsystem,n1] 84 +clusterID:           7c4e678d-486f-4806-8e59-dd3b5b489461
I250826 13:47:38.322052 41 1@cli/start.go:1286 ⋮ [T1,Vsystem,n1] 84 +status:              restarted pre-existing node
I250826 13:47:38.322052 41 1@cli/start.go:1286 ⋮ [T1,Vsystem,n1] 84 +nodeID:              1
I250826 13:47:38.346260 1661 sql/catalog/lease/lease.go:2467 ⋮ [T1,Vsystem,n1] 85  released orphaned lease: ID=1 ver=1 expiration={0001-01-01 00:00:00 +0000 UTC}
I250826 13:47:38.346912 1665 sql/catalog/lease/lease.go:2467 ⋮ [T1,Vsystem,n1] 86  released orphaned lease: ID=6 ver=1 expiration={0001-01-01 00:00:00 +0000 UTC}
I250826 13:47:38.366624 1662 sql/catalog/lease/lease.go:2467 ⋮ [T1,Vsystem,n1] 87  released orphaned lease: ID=3 ver=1 expiration={0001-01-01 00:00:00 +0000 UTC}
I250826 13:47:38.367222 1746 sql/catalog/lease/lease.go:2467 ⋮ [T1,Vsystem,n1] 88  released orphaned lease: ID=7 ver=1 expiration={0001-01-01 00:00:00 +0000 UTC}
I250826 13:47:38.368390 1747 sql/catalog/lease/lease.go:2467 ⋮ [T1,Vsystem,n1] 90  released orphaned lease: ID=8 ver=1 expiration={0001-01-01 00:00:00 +0000 UTC}
I250826 13:47:38.368322 1664 sql/catalog/lease/lease.go:2467 ⋮ [T1,Vsystem,n1] 89  released orphaned lease: ID=5 ver=1 expiration={0001-01-01 00:00:00 +0000 UTC}
I250826 13:47:38.378762 1663 sql/catalog/lease/lease.go:2467 ⋮ [T1,Vsystem,n1] 91  released orphaned lease: ID=4 ver=1 expiration={0001-01-01 00:00:00 +0000 UTC}
I250826 13:47:38.383994 1690 sql/catalog/lease/lease.go:2467 ⋮ [T1,Vsystem,n1] 92  released orphaned lease: ID=14 ver=1 expiration={0001-01-01 00:00:00 +0000 UTC}
I250826 13:47:38.384703 1764 sql/catalog/lease/lease.go:2467 ⋮ [T1,Vsystem,n1] 93  released orphaned lease: ID=12 ver=1 expiration={0001-01-01 00:00:00 +0000 UTC}
I250826 13:47:38.387736 1763 sql/catalog/lease/lease.go:2467 ⋮ [T1,Vsystem,n1] 94  released orphaned lease: ID=11 ver=1 expiration={0001-01-01 00:00:00 +0000 UTC}
I250826 13:47:38.388319 1762 sql/catalog/lease/lease.go:2467 ⋮ [T1,Vsystem,n1] 95  released orphaned lease: ID=9 ver=1 expiration={0001-01-01 00:00:00 +0000 UTC}
I250826 13:47:38.395093 1673 sql/catalog/lease/lease.go:2467 ⋮ [T1,Vsystem,n1] 96  released orphaned lease: ID=21 ver=1 expiration={0001-01-01 00:00:00 +0000 UTC}
I250826 13:47:38.395421 1567 sql/catalog/lease/lease.go:2467 ⋮ [T1,Vsystem,n1] 97  released orphaned lease: ID=15 ver=1 expiration={0001-01-01 00:00:00 +0000 UTC}
I250826 13:47:38.413564 1568 sql/catalog/lease/lease.go:2467 ⋮ [T1,Vsystem,n1] 98  released orphaned lease: ID=19 ver=1 expiration={0001-01-01 00:00:00 +0000 UTC}
I250826 13:47:38.415194 1267 sql/catalog/lease/lease.go:2467 ⋮ [T1,Vsystem,n1] 99  released orphaned lease: ID=20 ver=1 expiration={0001-01-01 00:00:00 +0000 UTC}
I250826 13:47:38.458725 1546 sql/catalog/lease/lease.go:2467 ⋮ [T1,Vsystem,n1] 100  released orphaned lease: ID=13 ver=1 expiration={0001-01-01 00:00:00 +0000 UTC}
I250826 13:47:38.459621 1357 sql/catalog/lease/lease.go:2467 ⋮ [T1,Vsystem,n1] 101  released orphaned lease: ID=23 ver=1 expiration={0001-01-01 00:00:00 +0000 UTC}
I250826 13:47:38.460166 1724 sql/catalog/lease/lease.go:2467 ⋮ [T1,Vsystem,n1] 102  released orphaned lease: ID=25 ver=1 expiration={0001-01-01 00:00:00 +0000 UTC}
I250826 13:47:38.460213 1725 sql/catalog/lease/lease.go:2467 ⋮ [T1,Vsystem,n1] 103  released orphaned lease: ID=26 ver=1 expiration={0001-01-01 00:00:00 +0000 UTC}
I250826 13:47:38.460301 1744 sql/catalog/lease/lease.go:2467 ⋮ [T1,Vsystem,n1] 104  released orphaned lease: ID=27 ver=1 expiration={0001-01-01 00:00:00 +0000 UTC}
I250826 13:47:38.459941 1358 sql/catalog/lease/lease.go:2467 ⋮ [T1,Vsystem,n1] 105  released orphaned lease: ID=24 ver=1 expiration={0001-01-01 00:00:00 +0000 UTC}
I250826 13:47:38.460930 1547 sql/catalog/lease/lease.go:2467 ⋮ [T1,Vsystem,n1] 106  released orphaned lease: ID=28 ver=1 expiration={0001-01-01 00:00:00 +0000 UTC}
I250826 13:47:38.464142 1745 sql/catalog/lease/lease.go:2467 ⋮ [T1,Vsystem,n1] 107  released orphaned lease: ID=33 ver=1 expiration={0001-01-01 00:00:00 +0000 UTC}
I250826 13:47:38.466511 1674 sql/catalog/lease/lease.go:2467 ⋮ [T1,Vsystem,n1] 108  released orphaned lease: ID=31 ver=1 expiration={0001-01-01 00:00:00 +0000 UTC}
I250826 13:47:38.466947 1268 sql/catalog/lease/lease.go:2467 ⋮ [T1,Vsystem,n1] 109  released orphaned lease: ID=32 ver=1 expiration={0001-01-01 00:00:00 +0000 UTC}
I250826 13:47:38.468230 1726 sql/catalog/lease/lease.go:2467 ⋮ [T1,Vsystem,n1] 110  released orphaned lease: ID=30 ver=1 expiration={0001-01-01 00:00:00 +0000 UTC}
I250826 13:47:38.472496 1675 sql/catalog/lease/lease.go:2467 ⋮ [T1,Vsystem,n1] 111  released orphaned lease: ID=34 ver=1 expiration={0001-01-01 00:00:00 +0000 UTC}
I250826 13:47:38.478342 1361 sql/catalog/lease/lease.go:2467 ⋮ [T1,Vsystem,n1] 112  released orphaned lease: ID=37 ver=1 expiration={0001-01-01 00:00:00 +0000 UTC}
I250826 13:47:38.479141 1360 sql/catalog/lease/lease.go:2467 ⋮ [T1,Vsystem,n1] 113  released orphaned lease: ID=36 ver=1 expiration={0001-01-01 00:00:00 +0000 UTC}
I250826 13:47:38.479160 1359 sql/catalog/lease/lease.go:2467 ⋮ [T1,Vsystem,n1] 114  released orphaned lease: ID=35 ver=1 expiration={0001-01-01 00:00:00 +0000 UTC}
I250826 13:47:38.479141 1794 sql/catalog/lease/lease.go:2467 ⋮ [T1,Vsystem,n1] 115  released orphaned lease: ID=39 ver=1 expiration={0001-01-01 00:00:00 +0000 UTC}
I250826 13:47:38.480608 1548 sql/catalog/lease/lease.go:2467 ⋮ [T1,Vsystem,n1] 116  released orphaned lease: ID=40 ver=1 expiration={0001-01-01 00:00:00 +0000 UTC}
I250826 13:47:38.481738 1796 sql/catalog/lease/lease.go:2467 ⋮ [T1,Vsystem,n1] 117  released orphaned lease: ID=43 ver=1 expiration={0001-01-01 00:00:00 +0000 UTC}
I250826 13:47:38.482429 1795 sql/catalog/lease/lease.go:2467 ⋮ [T1,Vsystem,n1] 118  released orphaned lease: ID=41 ver=1 expiration={0001-01-01 00:00:00 +0000 UTC}
I250826 13:47:38.485104 1810 sql/catalog/lease/lease.go:2467 ⋮ [T1,Vsystem,n1] 119  released orphaned lease: ID=44 ver=1 expiration={0001-01-01 00:00:00 +0000 UTC}
I250826 13:47:38.485707 1549 sql/catalog/lease/lease.go:2467 ⋮ [T1,Vsystem,n1] 120  released orphaned lease: ID=42 ver=1 expiration={0001-01-01 00:00:00 +0000 UTC}
I250826 13:47:38.492744 1797 sql/catalog/lease/lease.go:2467 ⋮ [T1,Vsystem,n1] 122  released orphaned lease: ID=45 ver=1 expiration={0001-01-01 00:00:00 +0000 UTC}
I250826 13:47:38.492744 1550 sql/catalog/lease/lease.go:2467 ⋮ [T1,Vsystem,n1] 121  released orphaned lease: ID=46 ver=1 expiration={0001-01-01 00:00:00 +0000 UTC}
I250826 13:47:38.493118 1551 sql/catalog/lease/lease.go:2467 ⋮ [T1,Vsystem,n1] 123  released orphaned lease: ID=47 ver=1 expiration={0001-01-01 00:00:00 +0000 UTC}
I250826 13:47:38.503164 1728 sql/catalog/lease/lease.go:2467 ⋮ [T1,Vsystem,n1] 124  released orphaned lease: ID=50 ver=1 expiration={0001-01-01 00:00:00 +0000 UTC}
I250826 13:47:38.503871 1727 sql/catalog/lease/lease.go:2467 ⋮ [T1,Vsystem,n1] 125  released orphaned lease: ID=48 ver=1 expiration={0001-01-01 00:00:00 +0000 UTC}
I250826 13:47:38.505817 1270 sql/catalog/lease/lease.go:2467 ⋮ [T1,Vsystem,n1] 126  released orphaned lease: ID=53 ver=1 expiration={0001-01-01 00:00:00 +0000 UTC}
I250826 13:47:38.505714 1269 sql/catalog/lease/lease.go:2467 ⋮ [T1,Vsystem,n1] 127  released orphaned lease: ID=51 ver=1 expiration={0001-01-01 00:00:00 +0000 UTC}
I250826 13:47:38.505930 1729 sql/catalog/lease/lease.go:2467 ⋮ [T1,Vsystem,n1] 128  released orphaned lease: ID=52 ver=1 expiration={0001-01-01 00:00:00 +0000 UTC}
I250826 13:47:38.509395 1799 sql/catalog/lease/lease.go:2467 ⋮ [T1,Vsystem,n1] 129  released orphaned lease: ID=55 ver=1 expiration={0001-01-01 00:00:00 +0000 UTC}
I250826 13:47:38.510308 1798 sql/catalog/lease/lease.go:2467 ⋮ [T1,Vsystem,n1] 130  released orphaned lease: ID=54 ver=1 expiration={0001-01-01 00:00:00 +0000 UTC}
I250826 13:47:38.511801 1272 sql/catalog/lease/lease.go:2467 ⋮ [T1,Vsystem,n1] 131  released orphaned lease: ID=57 ver=1 expiration={0001-01-01 00:00:00 +0000 UTC}
I250826 13:47:38.511863 1273 sql/catalog/lease/lease.go:2467 ⋮ [T1,Vsystem,n1] 132  released orphaned lease: ID=58 ver=1 expiration={0001-01-01 00:00:00 +0000 UTC}
I250826 13:47:38.512075 1271 sql/catalog/lease/lease.go:2467 ⋮ [T1,Vsystem,n1] 133  released orphaned lease: ID=56 ver=1 expiration={0001-01-01 00:00:00 +0000 UTC}
I250826 13:47:38.514046 1552 sql/catalog/lease/lease.go:2467 ⋮ [T1,Vsystem,n1] 134  released orphaned lease: ID=59 ver=1 expiration={0001-01-01 00:00:00 +0000 UTC}
I250826 13:47:38.514207 1553 sql/catalog/lease/lease.go:2467 ⋮ [T1,Vsystem,n1] 135  released orphaned lease: ID=60 ver=1 expiration={0001-01-01 00:00:00 +0000 UTC}
I250826 13:47:38.514522 1677 sql/catalog/lease/lease.go:2467 ⋮ [T1,Vsystem,n1] 136  released orphaned lease: ID=63 ver=1 expiration={0001-01-01 00:00:00 +0000 UTC}
I250826 13:47:38.515925 1676 sql/catalog/lease/lease.go:2467 ⋮ [T1,Vsystem,n1] 137  released orphaned lease: ID=61 ver=1 expiration={0001-01-01 00:00:00 +0000 UTC}
I250826 13:47:38.517088 1826 sql/catalog/lease/lease.go:2467 ⋮ [T1,Vsystem,n1] 138  released orphaned lease: ID=62 ver=1 expiration={0001-01-01 00:00:00 +0000 UTC}
I250826 13:47:38.519123 1842 sql/catalog/lease/lease.go:2467 ⋮ [T1,Vsystem,n1] 139  released orphaned lease: ID=66 ver=1 expiration={0001-01-01 00:00:00 +0000 UTC}
I250826 13:47:38.518852 1827 sql/catalog/lease/lease.go:2467 ⋮ [T1,Vsystem,n1] 140  released orphaned lease: ID=64 ver=1 expiration={0001-01-01 00:00:00 +0000 UTC}
I250826 13:47:38.520984 1678 sql/catalog/lease/lease.go:2467 ⋮ [T1,Vsystem,n1] 141  released orphaned lease: ID=68 ver=1 expiration={0001-01-01 00:00:00 +0000 UTC}
I250826 13:47:38.521514 1843 sql/catalog/lease/lease.go:2467 ⋮ [T1,Vsystem,n1] 142  released orphaned lease: ID=67 ver=1 expiration={0001-01-01 00:00:00 +0000 UTC}
I250826 13:47:38.521977 1274 sql/catalog/lease/lease.go:2467 ⋮ [T1,Vsystem,n1] 143  released orphaned lease: ID=65 ver=1 expiration={0001-01-01 00:00:00 +0000 UTC}
I250826 13:47:38.524410 1828 sql/catalog/lease/lease.go:2467 ⋮ [T1,Vsystem,n1] 144  released orphaned lease: ID=70 ver=1 expiration={0001-01-01 00:00:00 +0000 UTC}
I250826 13:47:38.524519 1275 sql/catalog/lease/lease.go:2467 ⋮ [T1,Vsystem,n1] 145  released orphaned lease: ID=69 ver=1 expiration={0001-01-01 00:00:00 +0000 UTC}
I250826 13:47:38.525199 1680 sql/catalog/lease/lease.go:2467 ⋮ [T1,Vsystem,n1] 146  released orphaned lease: ID=72 ver=1 expiration={0001-01-01 00:00:00 +0000 UTC}
I250826 13:47:38.525159 1681 sql/catalog/lease/lease.go:2467 ⋮ [T1,Vsystem,n1] 147  released orphaned lease: ID=104 ver=1 expiration={0001-01-01 00:00:00 +0000 UTC}
I250826 13:47:38.525661 1679 sql/catalog/lease/lease.go:2467 ⋮ [T1,Vsystem,n1] 148  released orphaned lease: ID=71 ver=1 expiration={0001-01-01 00:00:00 +0000 UTC}
I250826 13:47:38.527864 1276 sql/catalog/lease/lease.go:2467 ⋮ [T1,Vsystem,n1] 149  released orphaned lease: ID=107 ver=1 expiration={0001-01-01 00:00:00 +0000 UTC}
I250826 13:47:38.527902 1845 sql/catalog/lease/lease.go:2467 ⋮ [T1,Vsystem,n1] 150  released orphaned lease: ID=106 ver=15 expiration={0001-01-01 00:00:00 +0000 UTC}
I250826 13:47:38.527929 1844 sql/catalog/lease/lease.go:2467 ⋮ [T1,Vsystem,n1] 151  released orphaned lease: ID=105 ver=2 expiration={0001-01-01 00:00:00 +0000 UTC}
I250826 13:47:38.527942 1858 sql/catalog/lease/lease.go:2467 ⋮ [T1,Vsystem,n1] 152  released orphaned lease: ID=109 ver=2 expiration={0001-01-01 00:00:00 +0000 UTC}
I250826 13:47:38.528339 1277 sql/catalog/lease/lease.go:2467 ⋮ [T1,Vsystem,n1] 153  released orphaned lease: ID=108 ver=2 expiration={0001-01-01 00:00:00 +0000 UTC}
I250826 13:47:38.529835 1849 sql/catalog/lease/lease.go:2467 ⋮ [T1,Vsystem,n1] 154  released orphaned lease: ID=113 ver=7 expiration={0001-01-01 00:00:00 +0000 UTC}
I250826 13:47:38.530072 1846 sql/catalog/lease/lease.go:2467 ⋮ [T1,Vsystem,n1] 155  released orphaned lease: ID=110 ver=1 expiration={0001-01-01 00:00:00 +0000 UTC}
I250826 13:47:38.531206 1829 sql/catalog/lease/lease.go:2467 ⋮ [T1,Vsystem,n1] 156  released orphaned lease: ID=114 ver=1 expiration={0001-01-01 00:00:00 +0000 UTC}
I250826 13:47:38.531926 1848 sql/catalog/lease/lease.go:2467 ⋮ [T1,Vsystem,n1] 157  released orphaned lease: ID=112 ver=1 expiration={0001-01-01 00:00:00 +0000 UTC}
I250826 13:47:38.532184 1847 sql/catalog/lease/lease.go:2467 ⋮ [T1,Vsystem,n1] 158  released orphaned lease: ID=111 ver=3 expiration={0001-01-01 00:00:00 +0000 UTC}
I250826 13:47:38.534156 1800 sql/catalog/lease/lease.go:2467 ⋮ [T1,Vsystem,n1] 159  released orphaned lease: ID=116 ver=1 expiration={0001-01-01 00:00:00 +0000 UTC}
I250826 13:47:38.534215 1830 sql/catalog/lease/lease.go:2467 ⋮ [T1,Vsystem,n1] 160  released orphaned lease: ID=115 ver=7 expiration={0001-01-01 00:00:00 +0000 UTC}
I250826 13:47:38.535297 1802 sql/catalog/lease/lease.go:2467 ⋮ [T1,Vsystem,n1] 161  released orphaned lease: ID=118 ver=1 expiration={0001-01-01 00:00:00 +0000 UTC}
I250826 13:47:38.535317 1831 sql/catalog/lease/lease.go:2467 ⋮ [T1,Vsystem,n1] 162  released orphaned lease: ID=119 ver=2 expiration={0001-01-01 00:00:00 +0000 UTC}
I250826 13:47:38.535332 1801 sql/catalog/lease/lease.go:2467 ⋮ [T1,Vsystem,n1] 163  released orphaned lease: ID=117 ver=3 expiration={0001-01-01 00:00:00 +0000 UTC}
I250826 13:47:38.535871 1832 sql/catalog/lease/lease.go:2467 ⋮ [T1,Vsystem,n1] 164  released orphaned lease: ID=123 ver=1 expiration={0001-01-01 00:00:00 +0000 UTC}
I250826 13:47:38.536107 1850 sql/catalog/lease/lease.go:2467 ⋮ [T1,Vsystem,n1] 165  released orphaned lease: ID=122 ver=2 expiration={0001-01-01 00:00:00 +0000 UTC}
I250826 13:47:38.537448 1834 sql/catalog/lease/lease.go:2467 ⋮ [T1,Vsystem,n1] 166  released orphaned lease: ID=125 ver=3 expiration={0001-01-01 00:00:00 +0000 UTC}
I250826 13:47:38.537743 1852 sql/catalog/lease/lease.go:2467 ⋮ [T1,Vsystem,n1] 167  released orphaned lease: ID=127 ver=3 expiration={0001-01-01 00:00:00 +0000 UTC}
I250826 13:47:38.537888 1833 sql/catalog/lease/lease.go:2467 ⋮ [T1,Vsystem,n1] 168  released orphaned lease: ID=124 ver=3 expiration={0001-01-01 00:00:00 +0000 UTC}
I250826 13:47:38.537948 1853 sql/catalog/lease/lease.go:2467 ⋮ [T1,Vsystem,n1] 169  released orphaned lease: ID=128 ver=2 expiration={0001-01-01 00:00:00 +0000 UTC}
I250826 13:47:38.539323 1806 sql/catalog/lease/lease.go:2467 ⋮ [T1,Vsystem,n1] 170  released orphaned lease: ID=132 ver=2 expiration={0001-01-01 00:00:00 +0000 UTC}
I250826 13:47:38.539617 1803 sql/catalog/lease/lease.go:2467 ⋮ [T1,Vsystem,n1] 172  released orphaned lease: ID=129 ver=3 expiration={0001-01-01 00:00:00 +0000 UTC}
I250826 13:47:38.539776 1804 sql/catalog/lease/lease.go:2467 ⋮ [T1,Vsystem,n1] 173  released orphaned lease: ID=130 ver=2 expiration={0001-01-01 00:00:00 +0000 UTC}
I250826 13:47:38.539637 1805 sql/catalog/lease/lease.go:2467 ⋮ [T1,Vsystem,n1] 171  released orphaned lease: ID=131 ver=2 expiration={0001-01-01 00:00:00 +0000 UTC}
I250826 13:47:38.541455 1780 sql/catalog/lease/lease.go:2467 ⋮ [T1,Vsystem,n1] 174  released orphaned lease: ID=136 ver=1 expiration={0001-01-01 00:00:00 +0000 UTC}
I250826 13:47:38.541421 1807 sql/catalog/lease/lease.go:2467 ⋮ [T1,Vsystem,n1] 175  released orphaned lease: ID=138 ver=3 expiration={0001-01-01 00:00:00 +0000 UTC}
I250826 13:47:38.541421 1278 sql/catalog/lease/lease.go:2467 ⋮ [T1,Vsystem,n1] 177  released orphaned lease: ID=133 ver=11 expiration={0001-01-01 00:00:00 +0000 UTC}
I250826 13:47:38.541430 1835 sql/catalog/lease/lease.go:2467 ⋮ [T1,Vsystem,n1] 176  released orphaned lease: ID=134 ver=1 expiration={0001-01-01 00:00:00 +0000 UTC}
I250826 13:47:38.547059 1851 sql/catalog/lease/lease.go:2467 ⋮ [T1,Vsystem,n1] 178  released orphaned lease: ID=126 ver=2 expiration={0001-01-01 00:00:00 +0000 UTC}
I250826 13:47:38.951217 586 1@gossip/gossip.go:1476 ⋮ [T1,Vsystem,n1] 179  node has connected to cluster via gossip
I250826 13:47:38.952144 586 kv/kvserver/stores.go:280 ⋮ [T1,Vsystem,n1] 180  wrote 0 node addresses to persistent storage
I250826 13:47:39.923359 1230 server/diagnostics/update_checker.go:144 ⋮ [T1,Vsystem,n1] 181  a new version is available: ‹25.3.0›, details: ‹https://www.cockroachlabs.com/docs/releases/v25.3#v25-3-0›
I250826 13:48:11.412166 1259 jobs/adopt.go:105 ⋮ [T1,Vsystem,n1] 182  claimed 8 jobs
I250826 13:48:11.437160 2499 jobs/adopt.go:224 ⋮ [T1,Vsystem,n1,job=100] 183  job 100: resuming execution
I250826 13:48:11.437160 2429 jobs/adopt.go:224 ⋮ [T1,Vsystem,n1,job=103] 184  job 103: resuming execution
I250826 13:48:11.437163 2428 jobs/adopt.go:224 ⋮ [T1,Vsystem,n1,job=101] 185  job 101: resuming execution
I250826 13:48:11.437179 2432 jobs/adopt.go:224 ⋮ [T1,Vsystem,n1,job=1098958321112612865] 186  job 1098958321112612865: resuming execution
I250826 13:48:11.437189 2430 jobs/adopt.go:224 ⋮ [T1,Vsystem,n1,job=104] 187  job 104: resuming execution
I250826 13:48:11.437199 2433 jobs/adopt.go:224 ⋮ [T1,Vsystem,n1,job=1101319686483738625] 188  job 1101319686483738625: resuming execution
I250826 13:48:11.437202 2498 jobs/adopt.go:224 ⋮ [T1,Vsystem,n1,job=1098946398292541441] 189  job 1098946398292541441: resuming execution
I250826 13:48:11.437396 2431 jobs/adopt.go:224 ⋮ [T1,Vsystem,n1,job=105] 190  job 105: resuming execution
I250826 13:48:11.520625 2440 jobs/registry.go:1681 ⋮ [T1,Vsystem,n1,job=1098946398292541441] 191  AUTO SPAN CONFIG RECONCILIATION job 1098946398292541441: stepping through state running
I250826 13:48:11.522426 2337 jobs/registry.go:1681 ⋮ [T1,Vsystem,n1,job=103] 192  AUTO UPDATE SQL ACTIVITY job 103: stepping through state running
I250826 13:48:11.522761 2206 jobs/registry.go:1681 ⋮ [T1,Vsystem,n1,job=105] 193  UPDATE TABLE METADATA CACHE job 105: stepping through state running
I250826 13:48:11.522852 2516 jobs/registry.go:1681 ⋮ [T1,Vsystem,n1,job=100] 194  KEY VISUALIZER job 100: stepping through state running
I250826 13:48:11.522908 2533 jobs/registry.go:1681 ⋮ [T1,Vsystem,n1,job=101] 195  POLL JOBS STATS job 101: stepping through state running
I250826 13:48:11.520904 2071 jobs/registry.go:1681 ⋮ [T1,Vsystem,n1,job=104] 196  MVCC STATISTICS UPDATE job 104: stepping through state running
I250826 13:48:11.524860 2487 jobs/registry.go:1681 ⋮ [T1,Vsystem,n1,job=1101319686483738625] 197  CHANGEFEED job 1101319686483738625: stepping through state running
I250826 13:48:11.525047 2503 jobs/registry.go:1681 ⋮ [T1,Vsystem,n1,job=1098958321112612865] 198  CHANGEFEED job 1098958321112612865: stepping through state running
I250826 13:48:11.595076 2337 sql/sql_activity_update_job.go:88 ⋮ [T1,Vsystem,n1,job=AUTO UPDATE SQL ACTIVITY id=103] 199  starting sql stats activity flush job
I250826 13:48:11.597460 2071 sql/mvcc_statistics_update_job.go:63 ⋮ [T1,Vsystem,n1,job=MVCC STATISTICS UPDATE id=104] 200  starting mvcc statistics update job
I250826 13:48:11.677350 2491 ccl/changefeedccl/changefeed_dist.go:414 ⋮ [T1,Vsystem,n1,job=CHANGEFEED id=1101319686483738625] 201  using bulk oracle for DistSQL planning
I250826 13:48:11.677388 2507 ccl/changefeedccl/changefeed_dist.go:414 ⋮ [T1,Vsystem,n1,job=CHANGEFEED id=1098958321112612865] 202  using bulk oracle for DistSQL planning
I250826 13:48:11.714869 2507 ccl/changefeedccl/changefeed_dist.go:577 ⋮ [T1,Vsystem,n1,job=CHANGEFEED id=1098958321112612865] 203  changefeed plan diagram: ‹https://cockroachdb.github.io/distsqlplan/decode.html#eJyUkV2L1DAUhu_9FeVcp7Qn6Y7TXI24CHOhK7rgxVIkTU47wU5Tk5RVSv-7tFX3A3ZhLs8Hz_vkZILwswMJ-qT6lhoiIxPMy315tRccEfkO-X53BQx6Z-iTOlMAeQcIFYPBO00hOL-0pnXhaH6BzBnYfhjj0q4YaOcJ5ATRxo5Awvs16l3bempVdD7LgYGhqGy3sr-pqE8UkjusZJLdqrqjDIXIJkz5DNXMwI3xAR-iagkkPvI5XoPMZ3ap0gfv-mjJZ_hU6GaMMjlwdhDsULwowJ8J4CUCXygMrg_0JPilpPxZUopzxYBMS9tHBDd6TZ-90-vuVt6soLVhKMRtiltx7P-NQvSkzv_v95iEr5L4a6SKQdO5--_WgISmqMtS12UqhBJpsdMqVcLkaf2WeFFSjUIs92861YblRF9P7n7F3v4elgc2qgvE4KP6QdcUyZ9tb0O0-u9knt_8CQAA__9IAenX›
I250826 13:48:11.724220 2491 ccl/changefeedccl/changefeed_dist.go:577 ⋮ [T1,Vsystem,n1,job=CHANGEFEED id=1101319686483738625] 204  changefeed plan diagram: ‹https://cockroachdb.github.io/distsqlplan/decode.html#eJyUkV_LmzAUh-_3KeRcRzQafW2uOlYGvdg6tsIuiowsOdowa1wS6Yb43Ye67W0LLfTy_PH5PZ4M4H42wEEeRVtjhah4QGlMU7rKi5wV6Uta5EkGBFqj8KM4oQN-AAolgc4aic4ZO7WGeWGrfgGPCei26_3ULglIYxH4AF77BoHDuznqbV1brIU3NoqBgEIvdDOzvwovj-iCAy15EO3F9wYjmhbRQMNkhHIkYHr_inde1AicXvhsN8DjkTyr9N6a1mu0Eb0W2vWeB-uErFOyZncFkhsB-ozAZ3SdaR1eBd9Lim-SQjqWBFDVuDyEM72V-MkaOe8u5W4GzQ2Fzi9TuhTb9t_IeYvi9P9-lyT6kJQ8IpUEqsacv2kFHLK8eMkSycJVpoqQZXkWFoytQsFiVknMK4opTB-I2k0n-nI05xm7_91NP1iJxiGBD-IHbtCjPelWO6_l38k4vvkTAAD__w7C6RM=›
I250826 13:48:11.782256 2578 ccl/changefeedccl/sink_kafka_v2.go:246 ⋮ [-] 205  updating kafka metadata for topics: [‹toggle_sensor›]
I250826 13:48:11.790036 2510 ccl/changefeedccl/sink_kafka_v2.go:246 ⋮ [-] 206  updating kafka metadata for topics: [‹users_changes›]
I250826 13:48:11.844845 2578 ccl/changefeedccl/sink_kafka_v2.go:246 ⋮ [-] 207  updating kafka metadata for topics: [‹toggle_sensor›]
I250826 13:48:11.847443 1928 ccl/changefeedccl/kvfeed/kv_feed.go:332 ⋮ [T1,Vsystem,n1,job=1101319686483738625,change-aggregator] 208  kv feed run starting
I250826 13:48:11.851751 2573 ccl/changefeedccl/kvfeed/kv_feed.go:332 ⋮ [T1,Vsystem,n1,job=1098958321112612865,change-aggregator] 209  kv feed run starting
I250826 13:48:11.863091 2510 ccl/changefeedccl/sink_kafka_v2.go:246 ⋮ [-] 210  updating kafka metadata for topics: [‹users_changes›]
I250826 13:48:12.248917 2440 spanconfig/spanconfigsqlwatcher/sqlwatcher.go:241 ⋮ [T1,Vsystem,n1,job=AUTO SPAN CONFIG RECONCILIATION id=1098946398292541441] 211  established range feed over system.descriptors starting at time 1756216091.723497418,0
I250826 13:48:12.249648 2440 spanconfig/spanconfigsqlwatcher/sqlwatcher.go:300 ⋮ [T1,Vsystem,n1,job=AUTO SPAN CONFIG RECONCILIATION id=1098946398292541441] 212  established range feed over system.zones starting at time 1756216091.723497418,0
I250826 13:48:12.249698 2440 spanconfig/spanconfigsqlwatcher/sqlwatcher.go:401 ⋮ [T1,Vsystem,n1,job=AUTO SPAN CONFIG RECONCILIATION id=1098946398292541441] 213  established range feed over system.protected_ts_records starting at time 1756216091.723497418,0
W250826 13:49:33.428336 1609 2@rpc/clock_offset.go:307 ⋮ [T1,Vsystem,n1,rnode=1,raddr=‹127.0.0.1:26257›,class=system,rpc] 214  latency jump (prev avg 6.07ms, current 220.73ms)
I250826 13:51:41.330791 7482 1@jobs/structured_log.go:49 ⋮ [T1,Vsystem,n1] 215 ={"Timestamp":1756216301330746668,"EventType":"status_change","JobID":1101482888205565953,"JobType":"AUTO CREATE PARTIAL STATS","Description":"state changed to: running","PreviousStatus":"running","NewStatus":"running","RunNum":0}
I250826 13:51:41.438160 7482 sql/distsql_plan_stats.go:209 ⋮ [T1,Vsystem,n1,job=AUTO CREATE PARTIAL STATS id=1101482888205565953,create-stats-distsql] 216  using computed sample size of 10000 for histogram construction
I250826 13:51:41.829918 7482 1@jobs/structured_log.go:49 ⋮ [T1,Vsystem,n1] 217 ={"Timestamp":1756216301829911293,"EventType":"status_change","JobID":1101482888205565953,"JobType":"AUTO CREATE PARTIAL STATS","Description":"state changed to: succeeded","PreviousStatus":"running","NewStatus":"succeeded","RunNum":0}
W250826 13:53:19.668614 1609 2@rpc/clock_offset.go:307 ⋮ [T1,Vsystem,n1,rnode=1,raddr=‹127.0.0.1:26257›,class=system,rpc] 218  latency jump (prev avg 38.82ms, current 60.41ms)
W250826 13:53:26.079678 1609 2@rpc/clock_offset.go:307 ⋮ [T1,Vsystem,n1,rnode=1,raddr=‹127.0.0.1:26257›,class=system,rpc] 219  latency jump (prev avg 46.92ms, current 72.63ms)
W250826 13:53:29.984827 814 kv/kvserver/liveness/liveness.go:753 ⋮ [T1,Vsystem,n1,liveness-hb] 220  slow heartbeat took 1.136607917s; err=<nil>
I250826 13:53:29.905724 736 kv/kvserver/store_raft.go:765 ⋮ [T1,Vsystem,n1,s1,r105/1:‹/System{/tsd/cr.n…-tse}›,raft] 221  raft ready handling: 0.98s [append=0.00s, apply=0.00s, non-blocking-sync=0.98s, other=0.01s], wrote [append-batch=135 B, append-ent=75 B (1), ]; node might be overloaded
I250826 13:53:29.943598 757 kv/kvserver/store_raft.go:765 ⋮ [T1,Vsystem,n1,s1,r4/1:‹/System/tsd{-/cr.nod…}›,raft] 222  raft ready handling: 1.42s [append=0.00s, apply=1.10s, , other=0.03s], wrote [append-batch=56 B, apply=258 KiB (1)] pebble stats: [commit-wait 287.086917ms sem 959ns]; node might be overloaded
I250826 13:53:29.964395 781 kv/kvserver/replica_raft.go:1818 ⋮ [T1,Vsystem,n1,s1,r105/1:‹/System{/tsd/cr.n…-tse}›,raft] 223  slow non-blocking raft commit: commit-wait 977.778292ms sem 1.25µs
W250826 13:53:34.509816 1577 2@rpc/clock_offset.go:307 ⋮ [T1,Vsystem,n1,rnode=1,raddr=‹127.0.0.1:26257›,class=default,rpc] 224  latency jump (prev avg 39.41ms, current 61.14ms)
W250826 13:53:37.832089 1577 2@rpc/clock_offset.go:307 ⋮ [T1,Vsystem,n1,rnode=1,raddr=‹127.0.0.1:26257›,class=default,rpc] 225  latency jump (prev avg 39.31ms, current 175.31ms)
I250826 13:53:41.478471 743 kv/kvserver/store_raft.go:765 ⋮ [T1,Vsystem,n1,s1,r3/1:‹/System/{NodeLive…-tsd}›,raft] 226  raft ready handling: 1.34s [append=0.00s, apply=0.06s, , other=0.07s], wrote [append-batch=56 B, apply=158 KiB (1)] pebble stats: [commit-wait 1.203545709s sem 3.875µs]; node might be overloaded
I250826 13:53:41.485023 783 kv/kvserver/replica_raft.go:1818 ⋮ [T1,Vsystem,n1,s1,r2/1:‹/System/NodeLiveness{-Max}›,raft] 227  slow non-blocking raft commit: commit-wait 524.322792ms sem 1.125µs
I250826 13:53:41.535549 760 kv/kvserver/store_raft.go:765 ⋮ [T1,Vsystem,n1,s1,r4/1:‹/System/tsd{-/cr.nod…}›,raft] 228  raft ready handling: 1.47s [append=0.00s, apply=1.45s, , other=0.01s], wrote [append-batch=56 B, apply=258 KiB (1)] pebble stats: [commit-wait 1.042µs sem 1µs]; node might be overloaded
I250826 13:53:41.537488 616 kv/kvserver/store_raft.go:765 ⋮ [T1,Vsystem,n1,s1,r2/1:‹/System/NodeLiveness{-Max}›,raft] 229  raft ready handling: 0.64s [append=0.00s, apply=0.00s, non-blocking-sync=0.53s, other=0.11s], wrote [append-batch=291 B, append-ent=227 B (1), ]; node might be overloaded
W250826 13:53:42.048280 814 kv/kvserver/liveness/liveness.go:753 ⋮ [T1,Vsystem,n1,liveness-hb] 230  slow heartbeat took 1.193352042s; err=<nil>
I250826 13:53:42.082862 732 kv/kvserver/store_raft.go:765 ⋮ [T1,Vsystem,n1,s1,r105/1:‹/System{/tsd/cr.n…-tse}›,raft] 231  raft ready handling: 1.94s [append=0.00s, apply=0.66s, , other=0.04s], wrote [append-batch=55 B, apply=139 KiB (1)] pebble stats: [commit-wait 1.237657s sem 666ns]; node might be overloaded
I250826 13:53:42.094648 739 kv/kvserver/store_raft.go:765 ⋮ [T1,Vsystem,n1,s1,r3/1:‹/System/{NodeLive…-tsd}›,raft] 232  raft ready handling: 0.53s [append=0.00s, apply=0.07s, , other=0.00s], wrote [append-batch=56 B, apply=78 B (1)] pebble stats: [commit-wait 461.280708ms sem 1.167µs]; node might be overloaded
W250826 13:53:50.776368 1609 2@rpc/clock_offset.go:307 ⋮ [T1,Vsystem,n1,rnode=1,raddr=‹127.0.0.1:26257›,class=system,rpc] 233  latency jump (prev avg 43.23ms, current 83.20ms)
W250826 13:53:56.340864 1609 2@rpc/clock_offset.go:307 ⋮ [T1,Vsystem,n1,rnode=1,raddr=‹127.0.0.1:26257›,class=system,rpc] 234  latency jump (prev avg 67.08ms, current 124.07ms)
I250826 13:53:59.489474 746 kv/kvserver/store_raft.go:765 ⋮ [T1,Vsystem,n1,s1,r4/1:‹/System/tsd{-/cr.nod…}›,raft] 235  raft ready handling: 0.71s [append=0.00s, apply=0.50s, , other=0.00s], wrote [append-batch=56 B, apply=258 KiB (1)] pebble stats: [commit-wait 206.5635ms sem 1.334µs]; node might be overloaded
W250826 13:54:02.670177 1577 2@rpc/clock_offset.go:307 ⋮ [T1,Vsystem,n1,rnode=1,raddr=‹127.0.0.1:26257›,class=default,rpc] 236  latency jump (prev avg 54.32ms, current 81.79ms)
W250826 13:54:05.834289 1609 2@rpc/clock_offset.go:307 ⋮ [T1,Vsystem,n1,rnode=1,raddr=‹127.0.0.1:26257›,class=system,rpc] 237  latency jump (prev avg 49.39ms, current 83.26ms)
W250826 13:54:14.265845 1609 2@rpc/clock_offset.go:307 ⋮ [T1,Vsystem,n1,rnode=1,raddr=‹127.0.0.1:26257›,class=system,rpc] 238  latency jump (prev avg 38.24ms, current 64.11ms)
W250826 13:54:18.562818 1609 2@rpc/clock_offset.go:307 ⋮ [T1,Vsystem,n1,rnode=1,raddr=‹127.0.0.1:26257›,class=system,rpc] 239  latency jump (prev avg 47.63ms, current 74.27ms)
W250826 13:54:22.930910 1577 2@rpc/clock_offset.go:307 ⋮ [T1,Vsystem,n1,rnode=1,raddr=‹127.0.0.1:26257›,class=default,rpc] 240  latency jump (prev avg 57.92ms, current 109.61ms)
I250826 13:54:31.779824 759 kv/kvserver/store_raft.go:765 ⋮ [T1,Vsystem,n1,s1,r4/1:‹/System/tsd{-/cr.nod…}›,raft] 241  raft ready handling: 0.93s [append=0.00s, apply=0.90s, , other=0.03s], wrote [append-batch=56 B, apply=258 KiB (1)] pebble stats: [commit-wait 542ns sem 542ns]; node might be overloaded
W250826 13:54:33.483604 1577 2@rpc/clock_offset.go:307 ⋮ [T1,Vsystem,n1,rnode=1,raddr=‹127.0.0.1:26257›,class=default,rpc] 242  latency jump (prev avg 54.50ms, current 101.33ms)
W250826 13:54:56.556090 1577 2@rpc/clock_offset.go:307 ⋮ [T1,Vsystem,n1,rnode=1,raddr=‹127.0.0.1:26257›,class=default,rpc] 243  latency jump (prev avg 42.42ms, current 65.97ms)
I250826 13:54:58.940919 738 kv/kvserver/store_raft.go:765 ⋮ [T1,Vsystem,n1,s1,r105/1:‹/System{/tsd/cr.n…-tse}›,raft] 244  raft ready handling: 0.66s [append=0.00s, apply=0.53s, , other=0.12s], wrote [append-batch=55 B, apply=139 KiB (1)] pebble stats: [commit-wait 41ns sem 1.416µs]; node might be overloaded
I250826 13:54:59.209815 747 kv/kvserver/store_raft.go:765 ⋮ [T1,Vsystem,n1,s1,r4/1:‹/System/tsd{-/cr.nod…}›,raft] 245  raft ready handling: 1.07s [append=0.00s, apply=0.81s, , other=0.23s], wrote [append-batch=56 B, apply=258 KiB (1)] pebble stats: [commit-wait 334ns sem 11.17025ms]; node might be overloaded
W250826 13:55:00.299635 814 kv/kvserver/liveness/liveness.go:753 ⋮ [T1,Vsystem,n1,liveness-hb] 246  slow heartbeat took 1.439616376s; err=<nil>
I250826 13:56:17.969434 811 server/status/runtime_jemalloc.go:226 ⋮ [T1,Vsystem,n1] 247  jemalloc arenas purged (took 1.410125ms)
I250826 13:57:34.293251 2337 sql/sql_activity_update_job.go:250 ⋮ [T1,Vsystem,n1,job=AUTO UPDATE SQL ACTIVITY id=103] 248  sql stats activity found no rows at 2025-08-26 13:00:00 +0000 UTC
I250826 13:57:34.298093 2337 sql/sql_activity_update_job.go:250 ⋮ [T1,Vsystem,n1,job=AUTO UPDATE SQL ACTIVITY id=103] 249  sql stats activity found no rows at 2025-08-26 12:00:00 +0000 UTC
I250826 13:58:17.971514 811 server/status/runtime_jemalloc.go:226 ⋮ [T1,Vsystem,n1] 250  jemalloc arenas purged (took 1.450459ms)
I250826 14:00:07.908672 1229 jobs/job_scheduler.go:171 ⋮ [T1,Vsystem,n1] 251  Starting job for schedule 1098946398426431489 (‹"sql-stats-compaction"›); scheduled to run at 2025-08-26 14:00:00 +0000 UTC; next run scheduled for 2025-08-26 15:00:00 +0000 UTC
I250826 14:00:17.985407 811 server/status/runtime_jemalloc.go:226 ⋮ [T1,Vsystem,n1] 252  jemalloc arenas purged (took 1.64975ms)
I250826 14:00:20.946660 1259 jobs/adopt.go:105 ⋮ [T1,Vsystem,n1] 253  claimed 1 jobs
I250826 14:00:20.951635 18063 jobs/adopt.go:224 ⋮ [T1,Vsystem,n1,job=1101484549438439425] 254  job 1101484549438439425: resuming execution
I250826 14:00:20.956688 18227 jobs/registry.go:1681 ⋮ [T1,Vsystem,n1,job=1101484549438439425] 255  AUTO SQL STATS COMPACTION job 1101484549438439425: stepping through state running
I250826 14:00:20.966295 18227 1@jobs/structured_log.go:49 ⋮ [T1,Vsystem,n1,job=1101484549438439425] 256 ={"Timestamp":1756216820966291089,"EventType":"status_change","JobID":1101484549438439425,"JobType":"AUTO SQL STATS COMPACTION","Description":"state changed to: running","PreviousStatus":"running","NewStatus":"running","RunNum":0}
I250826 14:00:20.966356 18227 sql/compact_sql_stats.go:37 ⋮ [T1,Vsystem,n1,job=AUTO SQL STATS COMPACTION id=1101484549438439425] 257  starting sql stats compaction job
I250826 14:00:21.056434 18227 sql/compact_sql_stats.go:101 ⋮ [T1,Vsystem,n1,job=AUTO SQL STATS COMPACTION id=1101484549438439425] 258  sql stats compaction job terminated with status = succeeded
I250826 14:00:21.059971 18227 jobs/registry.go:1681 ⋮ [T1,Vsystem,n1,job=1101484549438439425] 259  AUTO SQL STATS COMPACTION job 1101484549438439425: stepping through state succeeded
I250826 14:00:21.078071 18227 1@jobs/structured_log.go:49 ⋮ [T1,Vsystem,n1,job=1101484549438439425] 260 ={"Timestamp":1756216821078068547,"EventType":"status_change","JobID":1101484549438439425,"JobType":"AUTO SQL STATS COMPACTION","Description":"state changed to: succeeded","PreviousStatus":"running","NewStatus":"succeeded","RunNum":0}
I250826 14:02:17.997327 811 server/status/runtime_jemalloc.go:226 ⋮ [T1,Vsystem,n1] 261  jemalloc arenas purged (took 1.323875ms)
I250826 14:03:42.257279 22278 1@jobs/structured_log.go:49 ⋮ [T1,Vsystem,n1] 262 ={"Timestamp":1756217022256139126,"EventType":"status_change","JobID":1101485251314155521,"JobType":"AUTO CREATE PARTIAL STATS","Description":"state changed to: running","PreviousStatus":"running","NewStatus":"running","RunNum":0}
I250826 14:03:42.291790 22278 sql/distsql_plan_stats.go:209 ⋮ [T1,Vsystem,n1,job=AUTO CREATE PARTIAL STATS id=1101485251314155521,create-stats-distsql] 263  using computed sample size of 10000 for histogram construction
I250826 14:03:42.563939 22278 1@jobs/structured_log.go:49 ⋮ [T1,Vsystem,n1] 264 ={"Timestamp":1756217022563931877,"EventType":"status_change","JobID":1101485251314155521,"JobType":"AUTO CREATE PARTIAL STATS","Description":"state changed to: succeeded","PreviousStatus":"running","NewStatus":"succeeded","RunNum":0}
I250826 14:04:18.090080 811 server/status/runtime_jemalloc.go:226 ⋮ [T1,Vsystem,n1] 265  jemalloc arenas purged (took 24.783458ms)
I250826 14:04:31.865360 1 1@cli/start.go:993 ⋮ [T1,Vsystem,n1] 266  received signal 'terminated'
I250826 14:04:31.866784 1 1@cli/start.go:1034 ⋮ [T1,Vsystem,n1] 267  initiating graceful shutdown of server
I250826 14:04:31.872295 23269 server/drain.go:353 ⋮ [T1,Vsystem,n1,server drain process,call-graceful-drain] 268  all tenant servers stopped
I250826 14:04:31.872786 23269 1@server/drain.go:399 ⋮ [T1,Vsystem,n1,server drain process,call-graceful-drain] 269  waiting for health probes to notice that the node is not ready for new sql connections
I250826 14:04:34.874473 14828 1@server/drain.go:513 ⋮ [T1,Vsystem,n1,server drain process,call-graceful-drain] 270  number of open connections: 0
I250826 14:04:36.867870 23270 1@cli/start.go:1046 ⋮ [T1,Vsystem,n1] 271  375 running tasks
I250826 14:04:41.872395 23270 1@cli/start.go:1046 ⋮ [T1,Vsystem,n1] 272  376 running tasks
W250826 14:04:41.878869 1257 jobs/registry.go:1069 ⋮ [T1,Vsystem,n1] 273  canceling all adopted jobs due to graceful drain request
