I250818 16:28:22.275472 9 util/log/file_sync_buffer.go:237 ⋮ [config]   file created at: 2025/08/18 16:28:22
I250818 16:28:22.275680 9 util/log/file_sync_buffer.go:237 ⋮ [config]   running on machine: ‹0d288a7b613c›
I250818 16:28:22.275694 9 util/log/file_sync_buffer.go:237 ⋮ [config]   binary: CockroachDB CCL v25.2.0 (aarch64-unknown-linux-gnu, built 2025/05/15 21:07:42, go1.23.7 X:nocoverageredesign)
I250818 16:28:22.275699 9 util/log/file_sync_buffer.go:237 ⋮ [config]   arguments: [‹/cockroach/cockroach› ‹start-single-node› ‹--certs-dir=certs› ‹--advertise-addr=127.0.0.1:26257› ‹--insecure› ‹--http-addr=0.0.0.0:8080›]
I250818 16:28:22.275709 9 util/log/file_sync_buffer.go:237 ⋮ [config]   log format (utf8=✓): crdb-v2
I250818 16:28:22.275712 9 util/log/file_sync_buffer.go:237 ⋮ [config]   line format: [IWEF]yymmdd hh:mm:ss.uuuuuu goid [chan@]file:line redactionmark \[tags\] [counter] msg
I250818 16:28:22.273278 9 3@pebble/objstorage/objstorageprovider/remote.go:102 ⋮ [n?,s?,pebble] 1  remote storage configured; creatorID = 1
I250818 16:28:22.960500 9 3@pebble/open.go:1054 ⋮ [n?,s?,pebble] 2  [JOB ‹1›] WAL ‹000171: {(/cockroach/cockroach-data,000)}› stopped reading at offset: (‹/cockroach/cockroach-data/000171.log›: 41171536); replayed 123404 keys in 4501 batches
I250818 16:28:22.962014 99 3@pebble/event.go:1011 ⋮ [n?,s?,pebble] 3  [JOB 2] flushing 8 memtables (43MB) to L0
I250818 16:28:22.964645 99 3@pebble/event.go:1039 ⋮ [n?,s?,pebble] 4  [JOB 2] flushing: sstable created 000176
I250818 16:28:23.113578 99 3@pebble/event.go:1031 ⋮ [n?,s?,pebble] 5  [JOB 2] MANIFEST created 000177
I250818 16:28:23.113702 99 3@pebble/event.go:1015 ⋮ [n?,s?,pebble] 6  [JOB 2] flushed 8 memtables (43MB) to L0 [000176] (372KB), in 0.1s (0.2s total), output rate 2.4MB/s
I250818 16:28:23.117959 9 3@pebble/event.go:1059 ⋮ [n?,s?,pebble] 7  [JOB 1] WAL created 000178
I250818 16:28:23.118153 81 3@pebble/event.go:1063 ⋮ [n?,s?,pebble] 8  [JOB 2] WAL deleted 000171
I250818 16:28:23.135364 117 3@pebble/event.go:999 ⋮ [n?,s?,pebble] 9  [JOB 4] compacting(default) L0 [000176] (372KB) Score=8.28 + L6 [000173 000174] (7.7MB) Score=0.12; OverlappingRatio: Single 21.27, Multi 0.00
I250818 16:28:23.144841 89 3@pebble/event.go:1051 ⋮ [n?,s?,pebble] 10  [JOB 5] all initial table stats loaded
I250818 16:28:23.164246 117 3@pebble/event.go:1039 ⋮ [n?,s?,pebble] 11  [JOB 4] compacting: sstable created 000180
I250818 16:28:24.098900 117 3@pebble/event.go:1039 ⋮ [n?,s?,pebble] 12  [JOB 4] compacting: sstable created 000181
I250818 16:28:24.536993 117 3@pebble/event.go:1003 ⋮ [n?,s?,pebble] 13  [JOB 4] compacted(default) L0 [000176] (372KB) Score=8.28 + L6 [000173 000174] (7.7MB) Score=0.12 -> L6 [000180 000181] (8.0MB), in 1.4s (1.4s total), output rate 5.7MB/s
I250818 16:28:24.554657 81 3@pebble/event.go:1043 ⋮ [n?,s?,pebble] 14  [JOB 4] sstable deleted 000173
I250818 16:28:24.559598 81 3@pebble/event.go:1043 ⋮ [n?,s?,pebble] 15  [JOB 4] sstable deleted 000174
I250818 16:28:24.563016 81 3@pebble/event.go:1043 ⋮ [n?,s?,pebble] 16  [JOB 4] sstable deleted 000176
I250818 16:28:24.576909 81 3@pebble/event.go:1035 ⋮ [n?,s?,pebble] 17  [JOB 1] MANIFEST deleted 000159
I250818 16:28:24.590218 9 3@pebble/event.go:1031 ⋮ [n?,s?,pebble] 18  [JOB 1] MANIFEST created 000001
I250818 16:28:24.592602 9 3@pebble/event.go:1059 ⋮ [n?,s?,pebble] 19  [JOB 1] WAL created 000002
I250818 16:28:24.593771 9 3@pebble/event.go:1027 ⋮ [n?,s?,pebble] 20  upgraded to format version: 014
I250818 16:28:24.595878 9 3@pebble/event.go:1027 ⋮ [n?,s?,pebble] 21  upgraded to format version: 015
I250818 16:28:24.604875 9 3@pebble/event.go:1027 ⋮ [n?,s?,pebble] 22  upgraded to format version: 016
I250818 16:28:24.605902 9 3@pebble/event.go:1027 ⋮ [n?,s?,pebble] 23  upgraded to format version: 017
I250818 16:28:24.608069 9 3@pebble/event.go:1027 ⋮ [n?,s?,pebble] 24  upgraded to format version: 018
I250818 16:28:24.609194 9 3@pebble/event.go:1027 ⋮ [n?,s?,pebble] 25  upgraded to format version: 019
I250818 16:28:24.620519 142 3@pebble/event.go:1051 ⋮ [n?,s?,pebble] 26  [JOB 2] all initial table stats loaded
I250818 16:28:45.264040 772 3@kv/kvserver/store.go:3801 ⋮ [T1,Vsystem,n1,s1] 27  Pebble metrics:
I250818 16:28:45.264040 772 3@kv/kvserver/store.go:3801 ⋮ [T1,Vsystem,n1,s1] 27 +      |                             |       |       |   ingested   |     moved    |    written   |       |    amp
I250818 16:28:45.264040 772 3@kv/kvserver/store.go:3801 ⋮ [T1,Vsystem,n1,s1] 27 +level | tables  size val-bl vtables | score |   in  | tables  size | tables  size | tables  size |  read |   r   w
I250818 16:28:45.264040 772 3@kv/kvserver/store.go:3801 ⋮ [T1,Vsystem,n1,s1] 27 +------+-----------------------------+-------+-------+--------------+--------------+--------------+-------+---------
I250818 16:28:45.264040 772 3@kv/kvserver/store.go:3801 ⋮ [T1,Vsystem,n1,s1] 27 +    0 |     0     0B     0B       0 |  0.00 |  39MB |     0     0B |     0     0B |     1  372KB |    0B |   0  0.0
I250818 16:28:45.264040 772 3@kv/kvserver/store.go:3801 ⋮ [T1,Vsystem,n1,s1] 27 +    1 |     0     0B     0B       0 |  0.00 |    0B |     0     0B |     0     0B |     0     0B |    0B |   0  0.0
I250818 16:28:45.264040 772 3@kv/kvserver/store.go:3801 ⋮ [T1,Vsystem,n1,s1] 27 +    2 |     0     0B     0B       0 |  0.00 |    0B |     0     0B |     0     0B |     0     0B |    0B |   0  0.0
I250818 16:28:45.264040 772 3@kv/kvserver/store.go:3801 ⋮ [T1,Vsystem,n1,s1] 27 +    3 |     0     0B     0B       0 |  0.00 |    0B |     0     0B |     0     0B |     0     0B |    0B |   0  0.0
I250818 16:28:45.264040 772 3@kv/kvserver/store.go:3801 ⋮ [T1,Vsystem,n1,s1] 27 +    4 |     0     0B     0B       0 |  0.00 |    0B |     0     0B |     0     0B |     0     0B |    0B |   0  0.0
I250818 16:28:45.264040 772 3@kv/kvserver/store.go:3801 ⋮ [T1,Vsystem,n1,s1] 27 +    5 |     0     0B     0B       0 |  0.00 |    0B |     0     0B |     0     0B |     0     0B |    0B |   0  0.0
I250818 16:28:45.264040 772 3@kv/kvserver/store.go:3801 ⋮ [T1,Vsystem,n1,s1] 27 +    6 |     2  8.0MB  198KB       0 |     - | 372KB |     0     0B |     0     0B |     2  8.0MB | 8.1MB |   1 22.0
I250818 16:28:45.264040 772 3@kv/kvserver/store.go:3801 ⋮ [T1,Vsystem,n1,s1] 27 +total |     2  8.0MB  198KB       0 |     - |  42MB |     0     0B |     0     0B |     3   50MB | 8.1MB |   1  1.2
I250818 16:28:45.264040 772 3@kv/kvserver/store.go:3801 ⋮ [T1,Vsystem,n1,s1] 27 +-------------------------------------------------------------------------------------------------------------------
I250818 16:28:45.264040 772 3@kv/kvserver/store.go:3801 ⋮ [T1,Vsystem,n1,s1] 27 +WAL: 1 files (2.3MB)  in: 2.3MB  written: 42MB (1738% overhead)
I250818 16:28:45.264040 772 3@kv/kvserver/store.go:3801 ⋮ [T1,Vsystem,n1,s1] 27 +Flushes: 1
I250818 16:28:45.264040 772 3@kv/kvserver/store.go:3801 ⋮ [T1,Vsystem,n1,s1] 27 +Compactions: 1  estimated debt: 0B  in progress: 0 (0B)
I250818 16:28:45.264040 772 3@kv/kvserver/store.go:3801 ⋮ [T1,Vsystem,n1,s1] 27 +             default: 1  delete: 0  elision: 0  move: 0  read: 0  tombstone-density: 0  rewrite: 0  copy: 0  multi-level: 0
I250818 16:28:45.264040 772 3@kv/kvserver/store.go:3801 ⋮ [T1,Vsystem,n1,s1] 27 +MemTables: 1 (64MB)  zombie: 1 (32MB)
I250818 16:28:45.264040 772 3@kv/kvserver/store.go:3801 ⋮ [T1,Vsystem,n1,s1] 27 +Zombie tables: 0 (0B, local: 0B)
I250818 16:28:45.264040 772 3@kv/kvserver/store.go:3801 ⋮ [T1,Vsystem,n1,s1] 27 +Backing tables: 0 (0B)
I250818 16:28:45.264040 772 3@kv/kvserver/store.go:3801 ⋮ [T1,Vsystem,n1,s1] 27 +Virtual tables: 0 (0B)
I250818 16:28:45.264040 772 3@kv/kvserver/store.go:3801 ⋮ [T1,Vsystem,n1,s1] 27 +Local tables size: 8.0MB
I250818 16:28:45.264040 772 3@kv/kvserver/store.go:3801 ⋮ [T1,Vsystem,n1,s1] 27 +Compression types: snappy: 2
I250818 16:28:45.264040 772 3@kv/kvserver/store.go:3801 ⋮ [T1,Vsystem,n1,s1] 27 +Block cache: 45 entries (1.5MB)  hit rate: 71.4%
I250818 16:28:45.264040 772 3@kv/kvserver/store.go:3801 ⋮ [T1,Vsystem,n1,s1] 27 +Table cache: 2 entries (1.6KB)  hit rate: 99.7%
I250818 16:28:45.264040 772 3@kv/kvserver/store.go:3801 ⋮ [T1,Vsystem,n1,s1] 27 +Snapshots: 0  earliest seq num: 0
I250818 16:28:45.264040 772 3@kv/kvserver/store.go:3801 ⋮ [T1,Vsystem,n1,s1] 27 +Table iters: 0
I250818 16:28:45.264040 772 3@kv/kvserver/store.go:3801 ⋮ [T1,Vsystem,n1,s1] 27 +Filter utility: 0.0%
I250818 16:28:45.264040 772 3@kv/kvserver/store.go:3801 ⋮ [T1,Vsystem,n1,s1] 27 +Ingestions: 0  as flushable: 0 (0B in 0 tables)
I250818 16:28:45.264040 772 3@kv/kvserver/store.go:3801 ⋮ [T1,Vsystem,n1,s1] 27 +Cgo memory usage: 98MB  block cache: 1.6MB (data: 1.5MB, maps: 16KB, entries: 3.5KB)  memtables: 96MB
