I250731 16:39:02.924954 16 util/log/file_sync_buffer.go:237 ⋮ [config]   file created at: 2025/07/31 16:39:02
I250731 16:39:02.924975 16 util/log/file_sync_buffer.go:237 ⋮ [config]   running on machine: ‹7a8246209ada›
I250731 16:39:02.924985 16 util/log/file_sync_buffer.go:237 ⋮ [config]   binary: CockroachDB CCL v25.2.0 (aarch64-unknown-linux-gnu, built 2025/05/15 21:07:42, go1.23.7 X:nocoverageredesign)
I250731 16:39:02.924990 16 util/log/file_sync_buffer.go:237 ⋮ [config]   arguments: [‹/cockroach/cockroach› ‹start-single-node› ‹--certs-dir=certs› ‹--advertise-addr=127.0.0.1:26257› ‹--insecure› ‹--http-addr=0.0.0.0:8080›]
I250731 16:39:02.924999 16 util/log/file_sync_buffer.go:237 ⋮ [config]   log format (utf8=✓): crdb-v2
I250731 16:39:02.925002 16 util/log/file_sync_buffer.go:237 ⋮ [config]   line format: [IWEF]yymmdd hh:mm:ss.uuuuuu goid [chan@]file:line redactionmark \[tags\] [counter] msg
I250731 16:39:02.921202 16 3@pebble/objstorage/objstorageprovider/remote.go:102 ⋮ [n?,s?,pebble] 1  remote storage configured; creatorID = 1
I250731 16:39:03.708704 16 3@pebble/open.go:1054 ⋮ [n?,s?,pebble] 2  [JOB ‹1›] WAL ‹000634: {(/cockroach/cockroach-data,000)}› stopped reading at offset: (‹/cockroach/cockroach-data/000634.log›: 32152132); replayed 95367 keys in 3648 batches
I250731 16:39:03.708965 82 3@pebble/event.go:1011 ⋮ [n?,s?,pebble] 3  [JOB 2] flushing 8 memtables (34MB) to L0
I250731 16:39:03.712477 82 3@pebble/event.go:1039 ⋮ [n?,s?,pebble] 4  [JOB 2] flushing: sstable created 000642
I250731 16:39:03.958742 82 3@pebble/event.go:1031 ⋮ [n?,s?,pebble] 5  [JOB 2] MANIFEST created 000643
I250731 16:39:03.959443 82 3@pebble/event.go:1015 ⋮ [n?,s?,pebble] 6  [JOB 2] flushed 8 memtables (34MB) to L0 [000642] (378KB), in 0.2s (0.3s total), output rate 1.9MB/s
I250731 16:39:03.975444 16 3@pebble/event.go:1059 ⋮ [n?,s?,pebble] 7  [JOB 1] WAL created 000644
I250731 16:39:03.978331 80 3@pebble/event.go:1063 ⋮ [n?,s?,pebble] 8  [JOB 2] WAL deleted 000634
I250731 16:39:04.169878 83 3@pebble/event.go:999 ⋮ [n?,s?,pebble] 9  [JOB 4] compacting(default) L0 [000642] (378KB) Score=3.21 + L6 [000636 000637 000638 000639 000640] (20MB) Score=0.31; OverlappingRatio: Single 53.96, Multi 0.00
I250731 16:39:04.175974 114 3@pebble/event.go:1051 ⋮ [n?,s?,pebble] 10  [JOB 5] all initial table stats loaded
I250731 16:39:04.202783 83 3@pebble/event.go:1039 ⋮ [n?,s?,pebble] 11  [JOB 4] compacting: sstable created 000646
I250731 16:39:04.743533 83 3@pebble/event.go:1039 ⋮ [n?,s?,pebble] 12  [JOB 4] compacting: sstable created 000647
I250731 16:39:05.293412 83 3@pebble/event.go:1039 ⋮ [n?,s?,pebble] 13  [JOB 4] compacting: sstable created 000648
I250731 16:39:05.810485 83 3@pebble/event.go:1039 ⋮ [n?,s?,pebble] 14  [JOB 4] compacting: sstable created 000649
I250731 16:39:06.155305 83 3@pebble/event.go:1039 ⋮ [n?,s?,pebble] 15  [JOB 4] compacting: sstable created 000650
I250731 16:39:06.474650 83 3@pebble/event.go:1003 ⋮ [n?,s?,pebble] 16  [JOB 4] compacted(default) L0 [000642] (378KB) Score=3.21 + L6 [000636 000637 000638 000639 000640] (20MB) Score=0.31 -> L6 [000646 000647 000648 000649 000650] (20MB), in 2.3s (2.5s total), output rate 8.6MB/s
I250731 16:39:06.476498 80 3@pebble/event.go:1043 ⋮ [n?,s?,pebble] 17  [JOB 4] sstable deleted 000636
I250731 16:39:06.477967 80 3@pebble/event.go:1043 ⋮ [n?,s?,pebble] 18  [JOB 4] sstable deleted 000637
I250731 16:39:06.482864 80 3@pebble/event.go:1043 ⋮ [n?,s?,pebble] 19  [JOB 4] sstable deleted 000638
I250731 16:39:06.487842 80 3@pebble/event.go:1043 ⋮ [n?,s?,pebble] 20  [JOB 4] sstable deleted 000639
I250731 16:39:06.489617 80 3@pebble/event.go:1043 ⋮ [n?,s?,pebble] 21  [JOB 4] sstable deleted 000640
I250731 16:39:06.492368 80 3@pebble/event.go:1043 ⋮ [n?,s?,pebble] 22  [JOB 4] sstable deleted 000642
I250731 16:39:06.493085 80 3@pebble/event.go:1035 ⋮ [n?,s?,pebble] 23  [JOB 1] MANIFEST deleted 000616
I250731 16:39:06.502848 16 3@pebble/event.go:1031 ⋮ [n?,s?,pebble] 24  [JOB 1] MANIFEST created 000001
I250731 16:39:06.505049 16 3@pebble/event.go:1059 ⋮ [n?,s?,pebble] 25  [JOB 1] WAL created 000002
I250731 16:39:06.506386 16 3@pebble/event.go:1027 ⋮ [n?,s?,pebble] 26  upgraded to format version: 014
I250731 16:39:06.507411 16 3@pebble/event.go:1027 ⋮ [n?,s?,pebble] 27  upgraded to format version: 015
I250731 16:39:06.509041 16 3@pebble/event.go:1027 ⋮ [n?,s?,pebble] 28  upgraded to format version: 016
I250731 16:39:06.510625 16 3@pebble/event.go:1027 ⋮ [n?,s?,pebble] 29  upgraded to format version: 017
I250731 16:39:06.513000 16 3@pebble/event.go:1027 ⋮ [n?,s?,pebble] 30  upgraded to format version: 018
I250731 16:39:06.517084 16 3@pebble/event.go:1027 ⋮ [n?,s?,pebble] 31  upgraded to format version: 019
I250731 16:39:06.521376 61 3@pebble/event.go:1051 ⋮ [n?,s?,pebble] 32  [JOB 2] all initial table stats loaded
I250731 16:39:27.118926 790 3@kv/kvserver/store.go:3801 ⋮ [T1,Vsystem,n1,s1] 33  Pebble metrics:
I250731 16:39:27.118926 790 3@kv/kvserver/store.go:3801 ⋮ [T1,Vsystem,n1,s1] 33 +      |                             |       |       |   ingested   |     moved    |    written   |       |    amp
I250731 16:39:27.118926 790 3@kv/kvserver/store.go:3801 ⋮ [T1,Vsystem,n1,s1] 33 +level | tables  size val-bl vtables | score |   in  | tables  size | tables  size | tables  size |  read |   r   w
I250731 16:39:27.118926 790 3@kv/kvserver/store.go:3801 ⋮ [T1,Vsystem,n1,s1] 33 +------+-----------------------------+-------+-------+--------------+--------------+--------------+-------+---------
I250731 16:39:27.118926 790 3@kv/kvserver/store.go:3801 ⋮ [T1,Vsystem,n1,s1] 33 +    0 |     0     0B     0B       0 |  0.00 |  31MB |     0     0B |     0     0B |     1  378KB |    0B |   0  0.0
I250731 16:39:27.118926 790 3@kv/kvserver/store.go:3801 ⋮ [T1,Vsystem,n1,s1] 33 +    1 |     0     0B     0B       0 |  0.00 |    0B |     0     0B |     0     0B |     0     0B |    0B |   0  0.0
I250731 16:39:27.118926 790 3@kv/kvserver/store.go:3801 ⋮ [T1,Vsystem,n1,s1] 33 +    2 |     0     0B     0B       0 |  0.00 |    0B |     0     0B |     0     0B |     0     0B |    0B |   0  0.0
I250731 16:39:27.118926 790 3@kv/kvserver/store.go:3801 ⋮ [T1,Vsystem,n1,s1] 33 +    3 |     0     0B     0B       0 |  0.00 |    0B |     0     0B |     0     0B |     0     0B |    0B |   0  0.0
I250731 16:39:27.118926 790 3@kv/kvserver/store.go:3801 ⋮ [T1,Vsystem,n1,s1] 33 +    4 |     0     0B     0B       0 |  0.00 |    0B |     0     0B |     0     0B |     0     0B |    0B |   0  0.0
I250731 16:39:27.118926 790 3@kv/kvserver/store.go:3801 ⋮ [T1,Vsystem,n1,s1] 33 +    5 |     0     0B     0B       0 |  0.00 |    0B |     0     0B |     0     0B |     0     0B |    0B |   0  0.0
I250731 16:39:27.118926 790 3@kv/kvserver/store.go:3801 ⋮ [T1,Vsystem,n1,s1] 33 +    6 |     5   20MB  406KB       0 |     - | 378KB |     0     0B |     0     0B |     5   20MB |  20MB |   1 53.8
I250731 16:39:27.118926 790 3@kv/kvserver/store.go:3801 ⋮ [T1,Vsystem,n1,s1] 33 +total |     5   20MB  406KB       0 |     - |  33MB |     0     0B |     0     0B |     6   53MB |  20MB |   1  1.6
I250731 16:39:27.118926 790 3@kv/kvserver/store.go:3801 ⋮ [T1,Vsystem,n1,s1] 33 +-------------------------------------------------------------------------------------------------------------------
I250731 16:39:27.118926 790 3@kv/kvserver/store.go:3801 ⋮ [T1,Vsystem,n1,s1] 33 +WAL: 1 files (2.3MB)  in: 2.3MB  written: 33MB (1346% overhead)
I250731 16:39:27.118926 790 3@kv/kvserver/store.go:3801 ⋮ [T1,Vsystem,n1,s1] 33 +Flushes: 1
I250731 16:39:27.118926 790 3@kv/kvserver/store.go:3801 ⋮ [T1,Vsystem,n1,s1] 33 +Compactions: 1  estimated debt: 0B  in progress: 0 (0B)
I250731 16:39:27.118926 790 3@kv/kvserver/store.go:3801 ⋮ [T1,Vsystem,n1,s1] 33 +             default: 1  delete: 0  elision: 0  move: 0  read: 0  tombstone-density: 0  rewrite: 0  copy: 0  multi-level: 0
I250731 16:39:27.118926 790 3@kv/kvserver/store.go:3801 ⋮ [T1,Vsystem,n1,s1] 33 +MemTables: 1 (64MB)  zombie: 1 (32MB)
I250731 16:39:27.118926 790 3@kv/kvserver/store.go:3801 ⋮ [T1,Vsystem,n1,s1] 33 +Zombie tables: 0 (0B, local: 0B)
I250731 16:39:27.118926 790 3@kv/kvserver/store.go:3801 ⋮ [T1,Vsystem,n1,s1] 33 +Backing tables: 0 (0B)
I250731 16:39:27.118926 790 3@kv/kvserver/store.go:3801 ⋮ [T1,Vsystem,n1,s1] 33 +Virtual tables: 0 (0B)
I250731 16:39:27.118926 790 3@kv/kvserver/store.go:3801 ⋮ [T1,Vsystem,n1,s1] 33 +Local tables size: 20MB
I250731 16:39:27.118926 790 3@kv/kvserver/store.go:3801 ⋮ [T1,Vsystem,n1,s1] 33 +Compression types: snappy: 5
I250731 16:39:27.118926 790 3@kv/kvserver/store.go:3801 ⋮ [T1,Vsystem,n1,s1] 33 +Block cache: 46 entries (1.5MB)  hit rate: 52.3%
I250731 16:39:27.118926 790 3@kv/kvserver/store.go:3801 ⋮ [T1,Vsystem,n1,s1] 33 +Table cache: 3 entries (2.4KB)  hit rate: 99.6%
I250731 16:39:27.118926 790 3@kv/kvserver/store.go:3801 ⋮ [T1,Vsystem,n1,s1] 33 +Snapshots: 0  earliest seq num: 0
I250731 16:39:27.118926 790 3@kv/kvserver/store.go:3801 ⋮ [T1,Vsystem,n1,s1] 33 +Table iters: 0
I250731 16:39:27.118926 790 3@kv/kvserver/store.go:3801 ⋮ [T1,Vsystem,n1,s1] 33 +Filter utility: 0.0%
I250731 16:39:27.118926 790 3@kv/kvserver/store.go:3801 ⋮ [T1,Vsystem,n1,s1] 33 +Ingestions: 0  as flushable: 0 (0B in 0 tables)
I250731 16:39:27.118926 790 3@kv/kvserver/store.go:3801 ⋮ [T1,Vsystem,n1,s1] 33 +Cgo memory usage: 98MB  block cache: 1.6MB (data: 1.5MB, maps: 16KB, entries: 3.6KB)  memtables: 96MB
