I250801 09:46:52.952156 72 util/log/file_sync_buffer.go:237 ⋮ [config]   file created at: 2025/08/01 09:46:52
I250801 09:46:52.952351 72 util/log/file_sync_buffer.go:237 ⋮ [config]   running on machine: ‹8e1b5b5f5e02›
I250801 09:46:52.952361 72 util/log/file_sync_buffer.go:237 ⋮ [config]   binary: CockroachDB CCL v25.2.0 (aarch64-unknown-linux-gnu, built 2025/05/15 21:07:42, go1.23.7 X:nocoverageredesign)
I250801 09:46:52.952367 72 util/log/file_sync_buffer.go:237 ⋮ [config]   arguments: [‹/cockroach/cockroach› ‹start-single-node› ‹--certs-dir=certs› ‹--advertise-addr=127.0.0.1:26257› ‹--insecure› ‹--http-addr=0.0.0.0:8080›]
I250801 09:46:52.952375 72 util/log/file_sync_buffer.go:237 ⋮ [config]   log format (utf8=✓): crdb-v2
I250801 09:46:52.952378 72 util/log/file_sync_buffer.go:237 ⋮ [config]   line format: [IWEF]yymmdd hh:mm:ss.uuuuuu goid [chan@]file:line redactionmark \[tags\] [counter] msg
I250801 09:46:52.949909 72 3@pebble/objstorage/objstorageprovider/remote.go:102 ⋮ [n?,s?,pebble] 1  remote storage configured; creatorID = 1
I250801 09:46:53.410930 72 3@pebble/open.go:1054 ⋮ [n?,s?,pebble] 2  [JOB ‹1›] WAL ‹001385: {(/cockroach/cockroach-data,000)}› stopped reading at offset: (‹/cockroach/cockroach-data/001385.log›: 47532561); replayed 144878 keys in 7724 batches
I250801 09:46:53.411472 38 3@pebble/event.go:1011 ⋮ [n?,s?,pebble] 3  [JOB 2] flushing 8 memtables (50MB) to L0
I250801 09:46:53.412826 38 3@pebble/event.go:1039 ⋮ [n?,s?,pebble] 4  [JOB 2] flushing: sstable created 001398
I250801 09:46:53.592833 38 3@pebble/event.go:1039 ⋮ [n?,s?,pebble] 5  [JOB 2] flushing: sstable created 001399
I250801 09:46:53.650639 38 3@pebble/event.go:1031 ⋮ [n?,s?,pebble] 6  [JOB 2] MANIFEST created 001400
I250801 09:46:53.650794 38 3@pebble/event.go:1015 ⋮ [n?,s?,pebble] 7  [JOB 2] flushed 8 memtables (50MB) to L0 [001398 001399] (509KB), in 0.2s (0.2s total), output rate 2.1MB/s
I250801 09:46:53.651704 122 3@pebble/event.go:999 ⋮ [n?,s?,pebble] 8  [JOB 4] compacting(default) L0 [001398] (318KB) Score=2.03 + L6 [001388 001389 001390 001391 001392] (16MB) Score=0.49; OverlappingRatio: Single 52.96, Multi 0.00
I250801 09:46:53.653304 83 3@pebble/event.go:1063 ⋮ [n?,s?,pebble] 9  [JOB 2] WAL deleted 001373
I250801 09:46:53.658918 83 3@pebble/event.go:1063 ⋮ [n?,s?,pebble] 10  [JOB 2] WAL deleted 001385
I250801 09:46:53.660392 72 3@pebble/event.go:1059 ⋮ [n?,s?,pebble] 11  [JOB 1] WAL created 001401
I250801 09:46:53.696786 28 3@pebble/event.go:1051 ⋮ [n?,s?,pebble] 12  [JOB 5] all initial table stats loaded
I250801 09:46:53.697086 122 3@pebble/event.go:1039 ⋮ [n?,s?,pebble] 13  [JOB 4] compacting: sstable created 001403
I250801 09:46:54.365284 122 3@pebble/event.go:1039 ⋮ [n?,s?,pebble] 14  [JOB 4] compacting: sstable created 001404
I250801 09:46:55.029331 122 3@pebble/event.go:1039 ⋮ [n?,s?,pebble] 15  [JOB 4] compacting: sstable created 001405
I250801 09:46:55.754769 122 3@pebble/event.go:1039 ⋮ [n?,s?,pebble] 16  [JOB 4] compacting: sstable created 001406
I250801 09:46:57.412551 122 3@pebble/event.go:1039 ⋮ [n?,s?,pebble] 17  [JOB 4] compacting: sstable created 001407
I250801 09:46:57.560247 122 3@pebble/event.go:1003 ⋮ [n?,s?,pebble] 18  [JOB 4] compacted(default) L0 [001398] (318KB) Score=2.03 + L6 [001388 001389 001390 001391 001392] (16MB) Score=0.49 -> L6 [001403 001404 001405 001406 001407] (17MB), in 3.9s (3.9s total), output rate 4.2MB/s
I250801 09:46:57.567297 88 3@pebble/event.go:999 ⋮ [n?,s?,pebble] 19  [JOB 6] compacting(default) L0 [001399] (191KB) Score=2.03 + L6 [001393 001394 001395 001396] (15MB) Score=0.49; OverlappingRatio: Single 80.55, Multi 0.00
I250801 09:46:57.583885 83 3@pebble/event.go:1043 ⋮ [n?,s?,pebble] 20  [JOB 4] sstable deleted 001388
I250801 09:46:57.586418 83 3@pebble/event.go:1043 ⋮ [n?,s?,pebble] 21  [JOB 4] sstable deleted 001389
I250801 09:46:57.587957 83 3@pebble/event.go:1043 ⋮ [n?,s?,pebble] 22  [JOB 4] sstable deleted 001390
I250801 09:46:57.591440 83 3@pebble/event.go:1043 ⋮ [n?,s?,pebble] 23  [JOB 4] sstable deleted 001391
I250801 09:46:57.593036 83 3@pebble/event.go:1043 ⋮ [n?,s?,pebble] 24  [JOB 4] sstable deleted 001392
I250801 09:46:57.596237 83 3@pebble/event.go:1043 ⋮ [n?,s?,pebble] 25  [JOB 4] sstable deleted 001398
I250801 09:46:57.596906 83 3@pebble/event.go:1035 ⋮ [n?,s?,pebble] 26  [JOB 1] MANIFEST deleted 001280
I250801 09:46:57.601970 88 3@pebble/event.go:1039 ⋮ [n?,s?,pebble] 27  [JOB 6] compacting: sstable created 001408
I250801 09:46:57.765130 72 3@pebble/event.go:1031 ⋮ [n?,s?,pebble] 28  [JOB 1] MANIFEST created 000001
I250801 09:46:57.769983 72 3@pebble/event.go:1059 ⋮ [n?,s?,pebble] 29  [JOB 1] WAL created 000002
I250801 09:46:57.771007 72 3@pebble/event.go:1027 ⋮ [n?,s?,pebble] 30  upgraded to format version: 014
I250801 09:46:57.775244 72 3@pebble/event.go:1027 ⋮ [n?,s?,pebble] 31  upgraded to format version: 015
I250801 09:46:57.796542 72 3@pebble/event.go:1027 ⋮ [n?,s?,pebble] 32  upgraded to format version: 016
I250801 09:46:57.806306 72 3@pebble/event.go:1027 ⋮ [n?,s?,pebble] 33  upgraded to format version: 017
I250801 09:46:57.810604 72 3@pebble/event.go:1027 ⋮ [n?,s?,pebble] 34  upgraded to format version: 018
I250801 09:46:57.815457 72 3@pebble/event.go:1027 ⋮ [n?,s?,pebble] 35  upgraded to format version: 019
I250801 09:46:57.834218 123 3@pebble/event.go:1051 ⋮ [n?,s?,pebble] 36  [JOB 2] all initial table stats loaded
I250801 09:46:58.465486 88 3@pebble/event.go:1039 ⋮ [n1,s1,pebble] 37  [JOB 6] compacting: sstable created 001409
I250801 09:46:58.734427 88 3@pebble/event.go:1039 ⋮ [n1,s1,pebble] 38  [JOB 6] compacting: sstable created 001410
I250801 09:46:58.980812 88 3@pebble/event.go:1039 ⋮ [n1,s1,pebble] 39  [JOB 6] compacting: sstable created 001411
I250801 09:46:59.261283 88 3@pebble/event.go:1003 ⋮ [n1,s1,pebble] 40  [JOB 6] compacted(default) L0 [001399] (191KB) Score=2.03 + L6 [001393 001394 001395 001396] (15MB) Score=0.49 -> L6 [001408 001409 001410 001411] (15MB), in 1.7s (1.7s total), output rate 9.0MB/s
I250801 09:46:59.263229 83 3@pebble/event.go:1043 ⋮ [n1,s1,pebble] 41  [JOB 6] sstable deleted 001393
I250801 09:46:59.264203 83 3@pebble/event.go:1043 ⋮ [n1,s1,pebble] 42  [JOB 6] sstable deleted 001394
I250801 09:46:59.265052 83 3@pebble/event.go:1043 ⋮ [n1,s1,pebble] 43  [JOB 6] sstable deleted 001395
I250801 09:46:59.265829 83 3@pebble/event.go:1043 ⋮ [n1,s1,pebble] 44  [JOB 6] sstable deleted 001396
I250801 09:46:59.266483 83 3@pebble/event.go:1043 ⋮ [n1,s1,pebble] 45  [JOB 6] sstable deleted 001399
I250801 09:47:18.460187 576 3@kv/kvserver/store.go:3801 ⋮ [T1,Vsystem,n1,s1] 46  Pebble metrics:
I250801 09:47:18.460187 576 3@kv/kvserver/store.go:3801 ⋮ [T1,Vsystem,n1,s1] 46 +      |                             |       |       |   ingested   |     moved    |    written   |       |    amp
I250801 09:47:18.460187 576 3@kv/kvserver/store.go:3801 ⋮ [T1,Vsystem,n1,s1] 46 +level | tables  size val-bl vtables | score |   in  | tables  size | tables  size | tables  size |  read |   r   w
I250801 09:47:18.460187 576 3@kv/kvserver/store.go:3801 ⋮ [T1,Vsystem,n1,s1] 46 +------+-----------------------------+-------+-------+--------------+--------------+--------------+-------+---------
I250801 09:47:18.460187 576 3@kv/kvserver/store.go:3801 ⋮ [T1,Vsystem,n1,s1] 46 +    0 |     0     0B     0B       0 |  0.00 |  45MB |     0     0B |     0     0B |     2  509KB |    0B |   0  0.0
I250801 09:47:18.460187 576 3@kv/kvserver/store.go:3801 ⋮ [T1,Vsystem,n1,s1] 46 +    1 |     0     0B     0B       0 |  0.00 |    0B |     0     0B |     0     0B |     0     0B |    0B |   0  0.0
I250801 09:47:18.460187 576 3@kv/kvserver/store.go:3801 ⋮ [T1,Vsystem,n1,s1] 46 +    2 |     0     0B     0B       0 |  0.00 |    0B |     0     0B |     0     0B |     0     0B |    0B |   0  0.0
I250801 09:47:18.460187 576 3@kv/kvserver/store.go:3801 ⋮ [T1,Vsystem,n1,s1] 46 +    3 |     0     0B     0B       0 |  0.00 |    0B |     0     0B |     0     0B |     0     0B |    0B |   0  0.0
I250801 09:47:18.460187 576 3@kv/kvserver/store.go:3801 ⋮ [T1,Vsystem,n1,s1] 46 +    4 |     0     0B     0B       0 |  0.00 |    0B |     0     0B |     0     0B |     0     0B |    0B |   0  0.0
I250801 09:47:18.460187 576 3@kv/kvserver/store.go:3801 ⋮ [T1,Vsystem,n1,s1] 46 +    5 |     0     0B     0B       0 |  0.00 |    0B |     0     0B |     0     0B |     0     0B |    0B |   0  0.0
I250801 09:47:18.460187 576 3@kv/kvserver/store.go:3801 ⋮ [T1,Vsystem,n1,s1] 46 +    6 |     9   32MB  679KB       0 |     - | 509KB |     0     0B |     0     0B |     9   32MB |  32MB |   1 63.9
I250801 09:47:18.460187 576 3@kv/kvserver/store.go:3801 ⋮ [T1,Vsystem,n1,s1] 46 +total |     9   32MB  679KB       0 |     - |  48MB |     0     0B |     0     0B |    11   80MB |  32MB |   1  1.7
I250801 09:47:18.460187 576 3@kv/kvserver/store.go:3801 ⋮ [T1,Vsystem,n1,s1] 46 +-------------------------------------------------------------------------------------------------------------------
I250801 09:47:18.460187 576 3@kv/kvserver/store.go:3801 ⋮ [T1,Vsystem,n1,s1] 46 +WAL: 1 files (2.3MB)  in: 2.3MB  written: 48MB (1966% overhead)
I250801 09:47:18.460187 576 3@kv/kvserver/store.go:3801 ⋮ [T1,Vsystem,n1,s1] 46 +Flushes: 1
I250801 09:47:18.460187 576 3@kv/kvserver/store.go:3801 ⋮ [T1,Vsystem,n1,s1] 46 +Compactions: 2  estimated debt: 0B  in progress: 0 (0B)
I250801 09:47:18.460187 576 3@kv/kvserver/store.go:3801 ⋮ [T1,Vsystem,n1,s1] 46 +             default: 2  delete: 0  elision: 0  move: 0  read: 0  tombstone-density: 0  rewrite: 0  copy: 0  multi-level: 0
I250801 09:47:18.460187 576 3@kv/kvserver/store.go:3801 ⋮ [T1,Vsystem,n1,s1] 46 +MemTables: 1 (64MB)  zombie: 1 (32MB)
I250801 09:47:18.460187 576 3@kv/kvserver/store.go:3801 ⋮ [T1,Vsystem,n1,s1] 46 +Zombie tables: 0 (0B, local: 0B)
I250801 09:47:18.460187 576 3@kv/kvserver/store.go:3801 ⋮ [T1,Vsystem,n1,s1] 46 +Backing tables: 0 (0B)
I250801 09:47:18.460187 576 3@kv/kvserver/store.go:3801 ⋮ [T1,Vsystem,n1,s1] 46 +Virtual tables: 0 (0B)
I250801 09:47:18.460187 576 3@kv/kvserver/store.go:3801 ⋮ [T1,Vsystem,n1,s1] 46 +Local tables size: 32MB
I250801 09:47:18.460187 576 3@kv/kvserver/store.go:3801 ⋮ [T1,Vsystem,n1,s1] 46 +Compression types: snappy: 9
I250801 09:47:18.460187 576 3@kv/kvserver/store.go:3801 ⋮ [T1,Vsystem,n1,s1] 46 +Block cache: 36 entries (1.2MB)  hit rate: 48.9%
I250801 09:47:18.460187 576 3@kv/kvserver/store.go:3801 ⋮ [T1,Vsystem,n1,s1] 46 +Table cache: 3 entries (2.4KB)  hit rate: 99.5%
I250801 09:47:18.460187 576 3@kv/kvserver/store.go:3801 ⋮ [T1,Vsystem,n1,s1] 46 +Snapshots: 0  earliest seq num: 0
I250801 09:47:18.460187 576 3@kv/kvserver/store.go:3801 ⋮ [T1,Vsystem,n1,s1] 46 +Table iters: 0
I250801 09:47:18.460187 576 3@kv/kvserver/store.go:3801 ⋮ [T1,Vsystem,n1,s1] 46 +Filter utility: 87.2%
I250801 09:47:18.460187 576 3@kv/kvserver/store.go:3801 ⋮ [T1,Vsystem,n1,s1] 46 +Ingestions: 0  as flushable: 0 (0B in 0 tables)
I250801 09:47:18.460187 576 3@kv/kvserver/store.go:3801 ⋮ [T1,Vsystem,n1,s1] 46 +Cgo memory usage: 98MB  block cache: 1.2MB (data: 1.2MB, maps: 16KB, entries: 4.8KB)  memtables: 96MB
