I250825 20:03:52.735915 43 util/log/file_sync_buffer.go:237 ⋮ [config]   file created at: 2025/08/25 20:03:52
I250825 20:03:52.735924 43 util/log/file_sync_buffer.go:237 ⋮ [config]   running on machine: ‹9039b12ea8bc›
I250825 20:03:52.735932 43 util/log/file_sync_buffer.go:237 ⋮ [config]   binary: CockroachDB CCL v25.2.0 (aarch64-unknown-linux-gnu, built 2025/05/15 21:07:42, go1.23.7 X:nocoverageredesign)
I250825 20:03:52.735935 43 util/log/file_sync_buffer.go:237 ⋮ [config]   arguments: [‹/cockroach/cockroach› ‹start-single-node› ‹--certs-dir=certs› ‹--advertise-addr=127.0.0.1:26257› ‹--insecure› ‹--http-addr=0.0.0.0:8080›]
I250825 20:03:52.735942 43 util/log/file_sync_buffer.go:237 ⋮ [config]   log format (utf8=✓): crdb-v2
I250825 20:03:52.735944 43 util/log/file_sync_buffer.go:237 ⋮ [config]   line format: [IWEF]yymmdd hh:mm:ss.uuuuuu goid [chan@]file:line redactionmark \[tags\] [counter] msg
I250825 20:03:52.735018 43 3@pebble/objstorage/objstorageprovider/remote.go:102 ⋮ [n?,s?,pebble] 1  remote storage configured; creatorID = 1
I250825 20:03:52.846144 43 3@pebble/open.go:1054 ⋮ [n?,s?,pebble] 2  [JOB ‹1›] WAL ‹004651: {(/cockroach/cockroach-data,000)}› stopped reading at offset: (‹/cockroach/cockroach-data/004651.log›: 21600897); replayed 65474 keys in 2042 batches
I250825 20:03:52.847222 108 3@pebble/event.go:1011 ⋮ [n?,s?,pebble] 3  [JOB 2] flushing 7 memtables (23MB) to L0
I250825 20:03:52.858994 108 3@pebble/event.go:1039 ⋮ [n?,s?,pebble] 4  [JOB 2] flushing: sstable created 004657
I250825 20:03:52.916771 108 3@pebble/event.go:1031 ⋮ [n?,s?,pebble] 5  [JOB 2] MANIFEST created 004658
I250825 20:03:52.917079 108 3@pebble/event.go:1015 ⋮ [n?,s?,pebble] 6  [JOB 2] flushed 7 memtables (23MB) to L0 [004657] (320KB), in 0.1s (0.1s total), output rate 4.7MB/s
I250825 20:03:52.917601 106 3@pebble/event.go:1063 ⋮ [n?,s?,pebble] 7  [JOB 2] WAL deleted 004641
I250825 20:03:52.918690 43 3@pebble/event.go:1059 ⋮ [n?,s?,pebble] 8  [JOB 1] WAL created 004659
I250825 20:03:52.918751 106 3@pebble/event.go:1063 ⋮ [n?,s?,pebble] 9  [JOB 2] WAL deleted 004651
I250825 20:03:52.921033 116 3@pebble/event.go:999 ⋮ [n?,s?,pebble] 10  [JOB 3] compacting(default) L0 [004657] (320KB) Score=16.58 + L5 [004653 004654 004655] (3.9MB) Score=0.06; OverlappingRatio: Single 12.37, Multi 0.00
I250825 20:03:52.926149 116 3@pebble/event.go:1039 ⋮ [n?,s?,pebble] 11  [JOB 3] compacting: sstable created 004661
I250825 20:03:52.980439 116 3@pebble/event.go:1039 ⋮ [n?,s?,pebble] 12  [JOB 3] compacting: sstable created 004662
I250825 20:03:52.985807 116 3@pebble/event.go:1039 ⋮ [n?,s?,pebble] 13  [JOB 3] compacting: sstable created 004663
I250825 20:03:53.041633 116 3@pebble/event.go:1003 ⋮ [n?,s?,pebble] 14  [JOB 3] compacted(default) L0 [004657] (320KB) Score=16.58 + L5 [004653 004654 004655] (3.9MB) Score=0.06 -> L5 [004661 004662 004663] (4.0MB), in 0.1s (0.1s total), output rate 33MB/s
I250825 20:03:53.043692 106 3@pebble/event.go:1043 ⋮ [n?,s?,pebble] 15  [JOB 3] sstable deleted 004653
I250825 20:03:53.045310 106 3@pebble/event.go:1043 ⋮ [n?,s?,pebble] 16  [JOB 3] sstable deleted 004654
I250825 20:03:53.047136 106 3@pebble/event.go:1043 ⋮ [n?,s?,pebble] 17  [JOB 3] sstable deleted 004655
I250825 20:03:53.047404 106 3@pebble/event.go:1043 ⋮ [n?,s?,pebble] 18  [JOB 3] sstable deleted 004657
I250825 20:03:53.047692 106 3@pebble/event.go:1035 ⋮ [n?,s?,pebble] 19  [JOB 1] MANIFEST deleted 004622
I250825 20:03:53.064318 144 3@pebble/event.go:1051 ⋮ [n?,s?,pebble] 20  [JOB 5] all initial table stats loaded
I250825 20:03:53.065381 43 3@pebble/event.go:1031 ⋮ [n?,s?,pebble] 21  [JOB 1] MANIFEST created 000001
I250825 20:03:53.065861 43 3@pebble/event.go:1059 ⋮ [n?,s?,pebble] 22  [JOB 1] WAL created 000002
I250825 20:03:53.066091 43 3@pebble/event.go:1027 ⋮ [n?,s?,pebble] 23  upgraded to format version: 014
I250825 20:03:53.066419 43 3@pebble/event.go:1027 ⋮ [n?,s?,pebble] 24  upgraded to format version: 015
I250825 20:03:53.066719 43 3@pebble/event.go:1027 ⋮ [n?,s?,pebble] 25  upgraded to format version: 016
I250825 20:03:53.067071 43 3@pebble/event.go:1027 ⋮ [n?,s?,pebble] 26  upgraded to format version: 017
I250825 20:03:53.067407 43 3@pebble/event.go:1027 ⋮ [n?,s?,pebble] 27  upgraded to format version: 018
I250825 20:03:53.067730 43 3@pebble/event.go:1027 ⋮ [n?,s?,pebble] 28  upgraded to format version: 019
I250825 20:03:53.069294 171 3@pebble/event.go:1051 ⋮ [n?,s?,pebble] 29  [JOB 2] all initial table stats loaded
I250825 20:04:13.650389 52 3@kv/kvserver/store.go:3801 ⋮ [T1,Vsystem,n1,s1] 30  Pebble metrics:
I250825 20:04:13.650389 52 3@kv/kvserver/store.go:3801 ⋮ [T1,Vsystem,n1,s1] 30 +      |                             |       |       |   ingested   |     moved    |    written   |       |    amp
I250825 20:04:13.650389 52 3@kv/kvserver/store.go:3801 ⋮ [T1,Vsystem,n1,s1] 30 +level | tables  size val-bl vtables | score |   in  | tables  size | tables  size | tables  size |  read |   r   w
I250825 20:04:13.650389 52 3@kv/kvserver/store.go:3801 ⋮ [T1,Vsystem,n1,s1] 30 +------+-----------------------------+-------+-------+--------------+--------------+--------------+-------+---------
I250825 20:04:13.650389 52 3@kv/kvserver/store.go:3801 ⋮ [T1,Vsystem,n1,s1] 30 +    0 |     0     0B     0B       0 |  0.00 |  21MB |     0     0B |     0     0B |     1  320KB |    0B |   0  0.0
I250825 20:04:13.650389 52 3@kv/kvserver/store.go:3801 ⋮ [T1,Vsystem,n1,s1] 30 +    1 |     0     0B     0B       0 |  0.00 |    0B |     0     0B |     0     0B |     0     0B |    0B |   0  0.0
I250825 20:04:13.650389 52 3@kv/kvserver/store.go:3801 ⋮ [T1,Vsystem,n1,s1] 30 +    2 |     0     0B     0B       0 |  0.00 |    0B |     0     0B |     0     0B |     0     0B |    0B |   0  0.0
I250825 20:04:13.650389 52 3@kv/kvserver/store.go:3801 ⋮ [T1,Vsystem,n1,s1] 30 +    3 |     0     0B     0B       0 |  0.00 |    0B |     0     0B |     0     0B |     0     0B |    0B |   0  0.0
I250825 20:04:13.650389 52 3@kv/kvserver/store.go:3801 ⋮ [T1,Vsystem,n1,s1] 30 +    4 |     0     0B     0B       0 |  0.00 |    0B |     0     0B |     0     0B |     0     0B |    0B |   0  0.0
I250825 20:04:13.650389 52 3@kv/kvserver/store.go:3801 ⋮ [T1,Vsystem,n1,s1] 30 +    5 |     3  4.0MB  191KB       0 |  0.09 | 320KB |     0     0B |     0     0B |     3  4.0MB | 4.2MB |   1 12.8
I250825 20:04:13.650389 52 3@kv/kvserver/store.go:3801 ⋮ [T1,Vsystem,n1,s1] 30 +    6 |    12   91MB   72KB       0 |     - |    0B |     0     0B |     0     0B |     0     0B |    0B |   1  0.0
I250825 20:04:13.650389 52 3@kv/kvserver/store.go:3801 ⋮ [T1,Vsystem,n1,s1] 30 +total |    15   95MB  263KB       0 |     - |  23MB |     0     0B |     0     0B |     4   27MB | 4.2MB |   2  1.2
I250825 20:04:13.650389 52 3@kv/kvserver/store.go:3801 ⋮ [T1,Vsystem,n1,s1] 30 +-------------------------------------------------------------------------------------------------------------------
I250825 20:04:13.650389 52 3@kv/kvserver/store.go:3801 ⋮ [T1,Vsystem,n1,s1] 30 +WAL: 1 files (2.3MB)  in: 2.3MB  written: 23MB (905% overhead)
I250825 20:04:13.650389 52 3@kv/kvserver/store.go:3801 ⋮ [T1,Vsystem,n1,s1] 30 +Flushes: 1
I250825 20:04:13.650389 52 3@kv/kvserver/store.go:3801 ⋮ [T1,Vsystem,n1,s1] 30 +Compactions: 1  estimated debt: 0B  in progress: 0 (0B)
I250825 20:04:13.650389 52 3@kv/kvserver/store.go:3801 ⋮ [T1,Vsystem,n1,s1] 30 +             default: 1  delete: 0  elision: 0  move: 0  read: 0  tombstone-density: 0  rewrite: 0  copy: 0  multi-level: 0
I250825 20:04:13.650389 52 3@kv/kvserver/store.go:3801 ⋮ [T1,Vsystem,n1,s1] 30 +MemTables: 1 (32MB)  zombie: 1 (16MB)
I250825 20:04:13.650389 52 3@kv/kvserver/store.go:3801 ⋮ [T1,Vsystem,n1,s1] 30 +Zombie tables: 0 (0B, local: 0B)
I250825 20:04:13.650389 52 3@kv/kvserver/store.go:3801 ⋮ [T1,Vsystem,n1,s1] 30 +Backing tables: 0 (0B)
I250825 20:04:13.650389 52 3@kv/kvserver/store.go:3801 ⋮ [T1,Vsystem,n1,s1] 30 +Virtual tables: 0 (0B)
I250825 20:04:13.650389 52 3@kv/kvserver/store.go:3801 ⋮ [T1,Vsystem,n1,s1] 30 +Local tables size: 95MB
I250825 20:04:13.650389 52 3@kv/kvserver/store.go:3801 ⋮ [T1,Vsystem,n1,s1] 30 +Compression types: snappy: 15
I250825 20:04:13.650389 52 3@kv/kvserver/store.go:3801 ⋮ [T1,Vsystem,n1,s1] 30 +Block cache: 120 entries (4.0MB)  hit rate: 92.0%
I250825 20:04:13.650389 52 3@kv/kvserver/store.go:3801 ⋮ [T1,Vsystem,n1,s1] 30 +Table cache: 14 entries (11KB)  hit rate: 99.6%
I250825 20:04:13.650389 52 3@kv/kvserver/store.go:3801 ⋮ [T1,Vsystem,n1,s1] 30 +Snapshots: 0  earliest seq num: 0
I250825 20:04:13.650389 52 3@kv/kvserver/store.go:3801 ⋮ [T1,Vsystem,n1,s1] 30 +Table iters: 0
I250825 20:04:13.650389 52 3@kv/kvserver/store.go:3801 ⋮ [T1,Vsystem,n1,s1] 30 +Filter utility: 64.0%
I250825 20:04:13.650389 52 3@kv/kvserver/store.go:3801 ⋮ [T1,Vsystem,n1,s1] 30 +Ingestions: 0  as flushable: 0 (0B in 0 tables)
I250825 20:04:13.650389 52 3@kv/kvserver/store.go:3801 ⋮ [T1,Vsystem,n1,s1] 30 +Cgo memory usage: 52MB  block cache: 4.1MB (data: 4.0MB, maps: 20KB, entries: 9.4KB)  memtables: 48MB
I250825 20:08:03.690449 734 3@pebble/event.go:1059 ⋮ [n1,s1,pebble] 31  [JOB 6] WAL created 004664
I250825 20:08:03.694955 7247 3@pebble/event.go:1011 ⋮ [n1,s1,pebble] 32  [JOB 7] flushing 1 memtable (32MB) to L0
I250825 20:08:03.696488 7247 3@pebble/event.go:1039 ⋮ [n1,s1,pebble] 33  [JOB 7] flushing: sstable created 004665
I250825 20:08:03.757168 7247 3@pebble/event.go:1015 ⋮ [n1,s1,pebble] 34  [JOB 7] flushed 1 memtable (32MB) to L0 [004665] (380KB), in 0.1s (0.1s total), output rate 6.0MB/s
I250825 20:08:03.757305 7167 3@pebble/event.go:999 ⋮ [n1,s1,pebble] 35  [JOB 8] compacting(default) L0 [004665] (380KB) Score=15.98 + L5 [004661 004662 004663] (4.0MB) Score=0.09; OverlappingRatio: Single 10.78, Multi 0.00
I250825 20:08:03.759403 7167 3@pebble/event.go:1039 ⋮ [n1,s1,pebble] 36  [JOB 8] compacting: sstable created 004666
I250825 20:08:03.822708 7167 3@pebble/event.go:1039 ⋮ [n1,s1,pebble] 37  [JOB 8] compacting: sstable created 004667
I250825 20:08:03.828696 7167 3@pebble/event.go:1039 ⋮ [n1,s1,pebble] 38  [JOB 8] compacting: sstable created 004668
I250825 20:08:03.888066 7167 3@pebble/event.go:1003 ⋮ [n1,s1,pebble] 39  [JOB 8] compacted(default) L0 [004665] (380KB) Score=15.98 + L5 [004661 004662 004663] (4.0MB) Score=0.09 -> L5 [004666 004667 004668] (4.2MB), in 0.1s (0.1s total), output rate 32MB/s
I250825 20:08:03.889579 106 3@pebble/event.go:1043 ⋮ [n1,s1,pebble] 40  [JOB 8] sstable deleted 004661
I250825 20:08:03.889838 106 3@pebble/event.go:1043 ⋮ [n1,s1,pebble] 41  [JOB 8] sstable deleted 004662
I250825 20:08:03.890203 106 3@pebble/event.go:1043 ⋮ [n1,s1,pebble] 42  [JOB 8] sstable deleted 004663
I250825 20:08:03.890629 106 3@pebble/event.go:1043 ⋮ [n1,s1,pebble] 43  [JOB 8] sstable deleted 004665
