I250825 20:24:16.491147 26 util/log/file_sync_buffer.go:237 ⋮ [config]   file created at: 2025/08/25 20:24:16
I250825 20:24:16.491152 26 util/log/file_sync_buffer.go:237 ⋮ [config]   running on machine: ‹2c78f9a47236›
I250825 20:24:16.491158 26 util/log/file_sync_buffer.go:237 ⋮ [config]   binary: CockroachDB CCL v25.2.0 (aarch64-unknown-linux-gnu, built 2025/05/15 21:07:42, go1.23.7 X:nocoverageredesign)
I250825 20:24:16.491163 26 util/log/file_sync_buffer.go:237 ⋮ [config]   arguments: [‹/cockroach/cockroach› ‹start-single-node› ‹--certs-dir=certs› ‹--advertise-addr=127.0.0.1:26257› ‹--insecure› ‹--http-addr=0.0.0.0:8080›]
I250825 20:24:16.491174 26 util/log/file_sync_buffer.go:237 ⋮ [config]   log format (utf8=✓): crdb-v2
I250825 20:24:16.491176 26 util/log/file_sync_buffer.go:237 ⋮ [config]   line format: [IWEF]yymmdd hh:mm:ss.uuuuuu goid [chan@]file:line redactionmark \[tags\] [counter] msg
I250825 20:24:16.490687 26 3@pebble/objstorage/objstorageprovider/remote.go:102 ⋮ [n?,s?,pebble] 1  remote storage configured; creatorID = 1
I250825 20:24:16.513932 26 3@pebble/open.go:1054 ⋮ [n?,s?,pebble] 2  [JOB ‹1›] WAL ‹004672: {(/cockroach/cockroach-data,000)}› stopped reading at offset: (‹/cockroach/cockroach-data/004672.log›: 7549027); replayed 22293 keys in 1317 batches
I250825 20:24:16.529535 26 3@pebble/open.go:1054 ⋮ [n?,s?,pebble] 3  [JOB ‹1›] WAL ‹004677: {(/cockroach/cockroach-data,000)}› stopped reading at offset: (‹/cockroach/cockroach-data/004677.log›: 6745383); replayed 21785 keys in 970 batches
I250825 20:24:16.529758 99 3@pebble/event.go:1011 ⋮ [n?,s?,pebble] 4  [JOB 2] flushing 7 memtables (15MB) to L0
I250825 20:24:16.530327 99 3@pebble/event.go:1039 ⋮ [n?,s?,pebble] 5  [JOB 2] flushing: sstable created 004679
I250825 20:24:16.548573 99 3@pebble/event.go:1031 ⋮ [n?,s?,pebble] 6  [JOB 2] MANIFEST created 004680
I250825 20:24:16.548648 99 3@pebble/event.go:1015 ⋮ [n?,s?,pebble] 7  [JOB 2] flushed 7 memtables (15MB) to L0 [004679] (238KB), in 0.0s (0.0s total), output rate 13MB/s
I250825 20:24:16.549126 26 3@pebble/event.go:1059 ⋮ [n?,s?,pebble] 8  [JOB 1] WAL created 004681
I250825 20:24:16.549273 89 3@pebble/event.go:1063 ⋮ [n?,s?,pebble] 9  [JOB 2] WAL deleted 004672
I250825 20:24:16.549558 89 3@pebble/event.go:1063 ⋮ [n?,s?,pebble] 10  [JOB 2] WAL deleted 004677
I250825 20:24:16.550465 93 3@pebble/event.go:999 ⋮ [n?,s?,pebble] 11  [JOB 4] compacting(default) L0 [004679] (238KB) Score=15.36 + L5 [004674 004675 004676] (4.2MB) Score=0.07; OverlappingRatio: Single 17.91, Multi 0.00
I250825 20:24:16.553191 93 3@pebble/event.go:1039 ⋮ [n?,s?,pebble] 12  [JOB 4] compacting: sstable created 004683
I250825 20:24:16.556092 97 3@pebble/event.go:1051 ⋮ [n?,s?,pebble] 13  [JOB 5] all initial table stats loaded
I250825 20:24:16.632878 93 3@pebble/event.go:1039 ⋮ [n?,s?,pebble] 14  [JOB 4] compacting: sstable created 004684
I250825 20:24:16.657063 93 3@pebble/event.go:1039 ⋮ [n?,s?,pebble] 15  [JOB 4] compacting: sstable created 004685
I250825 20:24:16.752185 93 3@pebble/event.go:1003 ⋮ [n?,s?,pebble] 16  [JOB 4] compacted(default) L0 [004679] (238KB) Score=15.36 + L5 [004674 004675 004676] (4.2MB) Score=0.07 -> L5 [004683 004684 004685] (4.2MB), in 0.2s (0.2s total), output rate 21MB/s
I250825 20:24:16.766441 89 3@pebble/event.go:1043 ⋮ [n?,s?,pebble] 17  [JOB 4] sstable deleted 004674
I250825 20:24:16.767546 89 3@pebble/event.go:1043 ⋮ [n?,s?,pebble] 18  [JOB 4] sstable deleted 004675
I250825 20:24:16.770430 89 3@pebble/event.go:1043 ⋮ [n?,s?,pebble] 19  [JOB 4] sstable deleted 004676
I250825 20:24:16.770724 89 3@pebble/event.go:1043 ⋮ [n?,s?,pebble] 20  [JOB 4] sstable deleted 004679
I250825 20:24:16.771104 89 3@pebble/event.go:1035 ⋮ [n?,s?,pebble] 21  [JOB 1] MANIFEST deleted 004658
I250825 20:24:16.785965 26 3@pebble/event.go:1031 ⋮ [n?,s?,pebble] 22  [JOB 1] MANIFEST created 000001
I250825 20:24:16.786593 26 3@pebble/event.go:1059 ⋮ [n?,s?,pebble] 23  [JOB 1] WAL created 000002
I250825 20:24:16.786883 26 3@pebble/event.go:1027 ⋮ [n?,s?,pebble] 24  upgraded to format version: 014
I250825 20:24:16.787360 26 3@pebble/event.go:1027 ⋮ [n?,s?,pebble] 25  upgraded to format version: 015
I250825 20:24:16.787758 26 3@pebble/event.go:1027 ⋮ [n?,s?,pebble] 26  upgraded to format version: 016
I250825 20:24:16.788237 26 3@pebble/event.go:1027 ⋮ [n?,s?,pebble] 27  upgraded to format version: 017
I250825 20:24:16.788532 26 3@pebble/event.go:1027 ⋮ [n?,s?,pebble] 28  upgraded to format version: 018
I250825 20:24:16.788852 26 3@pebble/event.go:1027 ⋮ [n?,s?,pebble] 29  upgraded to format version: 019
I250825 20:24:16.790153 116 3@pebble/event.go:1051 ⋮ [n?,s?,pebble] 30  [JOB 2] all initial table stats loaded
I250825 20:24:37.348607 121 3@kv/kvserver/store.go:3801 ⋮ [T1,Vsystem,n1,s1] 31  Pebble metrics:
I250825 20:24:37.348607 121 3@kv/kvserver/store.go:3801 ⋮ [T1,Vsystem,n1,s1] 31 +      |                             |       |       |   ingested   |     moved    |    written   |       |    amp
I250825 20:24:37.348607 121 3@kv/kvserver/store.go:3801 ⋮ [T1,Vsystem,n1,s1] 31 +level | tables  size val-bl vtables | score |   in  | tables  size | tables  size | tables  size |  read |   r   w
I250825 20:24:37.348607 121 3@kv/kvserver/store.go:3801 ⋮ [T1,Vsystem,n1,s1] 31 +------+-----------------------------+-------+-------+--------------+--------------+--------------+-------+---------
I250825 20:24:37.348607 121 3@kv/kvserver/store.go:3801 ⋮ [T1,Vsystem,n1,s1] 31 +    0 |     0     0B     0B       0 |  0.00 |  14MB |     0     0B |     0     0B |     1  238KB |    0B |   0  0.0
I250825 20:24:37.348607 121 3@kv/kvserver/store.go:3801 ⋮ [T1,Vsystem,n1,s1] 31 +    1 |     0     0B     0B       0 |  0.00 |    0B |     0     0B |     0     0B |     0     0B |    0B |   0  0.0
I250825 20:24:37.348607 121 3@kv/kvserver/store.go:3801 ⋮ [T1,Vsystem,n1,s1] 31 +    2 |     0     0B     0B       0 |  0.00 |    0B |     0     0B |     0     0B |     0     0B |    0B |   0  0.0
I250825 20:24:37.348607 121 3@kv/kvserver/store.go:3801 ⋮ [T1,Vsystem,n1,s1] 31 +    3 |     0     0B     0B       0 |  0.00 |    0B |     0     0B |     0     0B |     0     0B |    0B |   0  0.0
I250825 20:24:37.348607 121 3@kv/kvserver/store.go:3801 ⋮ [T1,Vsystem,n1,s1] 31 +    4 |     0     0B     0B       0 |  0.00 |    0B |     0     0B |     0     0B |     0     0B |    0B |   0  0.0
I250825 20:24:37.348607 121 3@kv/kvserver/store.go:3801 ⋮ [T1,Vsystem,n1,s1] 31 +    5 |     3  4.2MB  198KB       0 |  0.10 | 238KB |     0     0B |     0     0B |     3  4.2MB | 4.4MB |   1 18.2
I250825 20:24:37.348607 121 3@kv/kvserver/store.go:3801 ⋮ [T1,Vsystem,n1,s1] 31 +    6 |    12   91MB   72KB       0 |     - |    0B |     0     0B |     0     0B |     0     0B |    0B |   1  0.0
I250825 20:24:37.348607 121 3@kv/kvserver/store.go:3801 ⋮ [T1,Vsystem,n1,s1] 31 +total |    15   96MB  270KB       0 |     - |  16MB |     0     0B |     0     0B |     4   20MB | 4.4MB |   2  1.3
I250825 20:24:37.348607 121 3@kv/kvserver/store.go:3801 ⋮ [T1,Vsystem,n1,s1] 31 +-------------------------------------------------------------------------------------------------------------------
I250825 20:24:37.348607 121 3@kv/kvserver/store.go:3801 ⋮ [T1,Vsystem,n1,s1] 31 +WAL: 1 files (2.3MB)  in: 2.3MB  written: 16MB (599% overhead)
I250825 20:24:37.348607 121 3@kv/kvserver/store.go:3801 ⋮ [T1,Vsystem,n1,s1] 31 +Flushes: 1
I250825 20:24:37.348607 121 3@kv/kvserver/store.go:3801 ⋮ [T1,Vsystem,n1,s1] 31 +Compactions: 1  estimated debt: 0B  in progress: 0 (0B)
I250825 20:24:37.348607 121 3@kv/kvserver/store.go:3801 ⋮ [T1,Vsystem,n1,s1] 31 +             default: 1  delete: 0  elision: 0  move: 0  read: 0  tombstone-density: 0  rewrite: 0  copy: 0  multi-level: 0
I250825 20:24:37.348607 121 3@kv/kvserver/store.go:3801 ⋮ [T1,Vsystem,n1,s1] 31 +MemTables: 1 (32MB)  zombie: 1 (16MB)
I250825 20:24:37.348607 121 3@kv/kvserver/store.go:3801 ⋮ [T1,Vsystem,n1,s1] 31 +Zombie tables: 0 (0B, local: 0B)
I250825 20:24:37.348607 121 3@kv/kvserver/store.go:3801 ⋮ [T1,Vsystem,n1,s1] 31 +Backing tables: 0 (0B)
I250825 20:24:37.348607 121 3@kv/kvserver/store.go:3801 ⋮ [T1,Vsystem,n1,s1] 31 +Virtual tables: 0 (0B)
I250825 20:24:37.348607 121 3@kv/kvserver/store.go:3801 ⋮ [T1,Vsystem,n1,s1] 31 +Local tables size: 96MB
I250825 20:24:37.348607 121 3@kv/kvserver/store.go:3801 ⋮ [T1,Vsystem,n1,s1] 31 +Compression types: snappy: 15
I250825 20:24:37.348607 121 3@kv/kvserver/store.go:3801 ⋮ [T1,Vsystem,n1,s1] 31 +Block cache: 89 entries (3.2MB)  hit rate: 91.6%
I250825 20:24:37.348607 121 3@kv/kvserver/store.go:3801 ⋮ [T1,Vsystem,n1,s1] 31 +Table cache: 14 entries (11KB)  hit rate: 99.6%
I250825 20:24:37.348607 121 3@kv/kvserver/store.go:3801 ⋮ [T1,Vsystem,n1,s1] 31 +Snapshots: 0  earliest seq num: 0
I250825 20:24:37.348607 121 3@kv/kvserver/store.go:3801 ⋮ [T1,Vsystem,n1,s1] 31 +Table iters: 0
I250825 20:24:37.348607 121 3@kv/kvserver/store.go:3801 ⋮ [T1,Vsystem,n1,s1] 31 +Filter utility: 63.4%
I250825 20:24:37.348607 121 3@kv/kvserver/store.go:3801 ⋮ [T1,Vsystem,n1,s1] 31 +Ingestions: 0  as flushable: 0 (0B in 0 tables)
I250825 20:24:37.348607 121 3@kv/kvserver/store.go:3801 ⋮ [T1,Vsystem,n1,s1] 31 +Cgo memory usage: 51MB  block cache: 3.2MB (data: 3.2MB, maps: 16KB, entries: 7.0KB)  memtables: 48MB
