I250818 16:08:28.923345 54 util/log/file_sync_buffer.go:237 ⋮ [config]   file created at: 2025/08/18 16:08:28
I250818 16:08:28.923872 54 util/log/file_sync_buffer.go:237 ⋮ [config]   running on machine: ‹e94132c081c9›
I250818 16:08:28.923896 54 util/log/file_sync_buffer.go:237 ⋮ [config]   binary: CockroachDB CCL v25.2.0 (aarch64-unknown-linux-gnu, built 2025/05/15 21:07:42, go1.23.7 X:nocoverageredesign)
I250818 16:08:28.923903 54 util/log/file_sync_buffer.go:237 ⋮ [config]   arguments: [‹/cockroach/cockroach› ‹start-single-node› ‹--certs-dir=certs› ‹--advertise-addr=127.0.0.1:26257› ‹--insecure› ‹--http-addr=0.0.0.0:8080›]
I250818 16:08:28.923931 54 util/log/file_sync_buffer.go:237 ⋮ [config]   log format (utf8=✓): crdb-v2
I250818 16:08:28.923971 54 util/log/file_sync_buffer.go:237 ⋮ [config]   line format: [IWEF]yymmdd hh:mm:ss.uuuuuu goid [chan@]file:line redactionmark \[tags\] [counter] msg
I250818 16:08:28.917966 54 3@pebble/objstorage/objstorageprovider/remote.go:102 ⋮ [n?,s?,pebble] 1  remote storage configured; creatorID = 1
I250818 16:08:29.247490 54 3@pebble/open.go:1054 ⋮ [n?,s?,pebble] 2  [JOB ‹1›] WAL ‹000152: {(/cockroach/cockroach-data,000)}› stopped reading at offset: (‹/cockroach/cockroach-data/000152.log›: 14678197); replayed 43646 keys in 2260 batches
I250818 16:08:29.522538 54 3@pebble/open.go:1054 ⋮ [n?,s?,pebble] 3  [JOB ‹1›] WAL ‹000156: {(/cockroach/cockroach-data,000)}› stopped reading at offset: (‹/cockroach/cockroach-data/000156.log›: 14773311); replayed 45024 keys in 1376 batches
I250818 16:08:29.523394 38 3@pebble/event.go:1011 ⋮ [n?,s?,pebble] 4  [JOB 2] flushing 8 memtables (31MB) to L0
I250818 16:08:29.526573 38 3@pebble/event.go:1039 ⋮ [n?,s?,pebble] 5  [JOB 2] flushing: sstable created 000158
I250818 16:08:29.656841 38 3@pebble/event.go:1031 ⋮ [n?,s?,pebble] 6  [JOB 2] MANIFEST created 000159
I250818 16:08:29.657507 38 3@pebble/event.go:1015 ⋮ [n?,s?,pebble] 7  [JOB 2] flushed 8 memtables (31MB) to L0 [000158] (330KB), in 0.1s (0.1s total), output rate 2.6MB/s
I250818 16:08:29.659365 54 3@pebble/event.go:1059 ⋮ [n?,s?,pebble] 8  [JOB 1] WAL created 000160
I250818 16:08:29.659674 101 3@pebble/event.go:1063 ⋮ [n?,s?,pebble] 9  [JOB 2] WAL deleted 000152
I250818 16:08:29.664137 101 3@pebble/event.go:1063 ⋮ [n?,s?,pebble] 10  [JOB 2] WAL deleted 000156
I250818 16:08:29.669246 5 3@pebble/event.go:999 ⋮ [n?,s?,pebble] 11  [JOB 4] compacting(default) L0 [000158] (330KB) Score=9.07 + L6 [000154 000155] (7.1MB) Score=0.11; OverlappingRatio: Single 21.89, Multi 0.00
I250818 16:08:29.677756 102 3@pebble/event.go:1051 ⋮ [n?,s?,pebble] 12  [JOB 5] all initial table stats loaded
I250818 16:08:29.683689 5 3@pebble/event.go:1039 ⋮ [n?,s?,pebble] 13  [JOB 4] compacting: sstable created 000162
I250818 16:08:30.097122 5 3@pebble/event.go:1039 ⋮ [n?,s?,pebble] 14  [JOB 4] compacting: sstable created 000163
I250818 16:08:30.335640 5 3@pebble/event.go:1003 ⋮ [n?,s?,pebble] 15  [JOB 4] compacted(default) L0 [000158] (330KB) Score=9.07 + L6 [000154 000155] (7.1MB) Score=0.11 -> L6 [000162 000163] (7.3MB), in 0.7s (0.7s total), output rate 11MB/s
I250818 16:08:30.341465 101 3@pebble/event.go:1043 ⋮ [n?,s?,pebble] 16  [JOB 4] sstable deleted 000154
I250818 16:08:30.349400 101 3@pebble/event.go:1043 ⋮ [n?,s?,pebble] 17  [JOB 4] sstable deleted 000155
I250818 16:08:30.350136 101 3@pebble/event.go:1043 ⋮ [n?,s?,pebble] 18  [JOB 4] sstable deleted 000158
I250818 16:08:30.354877 101 3@pebble/event.go:1035 ⋮ [n?,s?,pebble] 19  [JOB 1] MANIFEST deleted 000140
I250818 16:08:30.375917 54 3@pebble/event.go:1031 ⋮ [n?,s?,pebble] 20  [JOB 1] MANIFEST created 000001
I250818 16:08:30.380863 54 3@pebble/event.go:1059 ⋮ [n?,s?,pebble] 21  [JOB 1] WAL created 000002
I250818 16:08:30.383355 54 3@pebble/event.go:1027 ⋮ [n?,s?,pebble] 22  upgraded to format version: 014
I250818 16:08:30.384634 54 3@pebble/event.go:1027 ⋮ [n?,s?,pebble] 23  upgraded to format version: 015
I250818 16:08:30.385755 54 3@pebble/event.go:1027 ⋮ [n?,s?,pebble] 24  upgraded to format version: 016
I250818 16:08:30.388639 54 3@pebble/event.go:1027 ⋮ [n?,s?,pebble] 25  upgraded to format version: 017
I250818 16:08:30.390967 54 3@pebble/event.go:1027 ⋮ [n?,s?,pebble] 26  upgraded to format version: 018
I250818 16:08:30.393723 54 3@pebble/event.go:1027 ⋮ [n?,s?,pebble] 27  upgraded to format version: 019
I250818 16:08:30.399540 11 3@pebble/event.go:1051 ⋮ [n?,s?,pebble] 28  [JOB 2] all initial table stats loaded
I250818 16:08:51.339389 794 3@kv/kvserver/store.go:3801 ⋮ [T1,Vsystem,n1,s1] 29  Pebble metrics:
I250818 16:08:51.339389 794 3@kv/kvserver/store.go:3801 ⋮ [T1,Vsystem,n1,s1] 29 +      |                             |       |       |   ingested   |     moved    |    written   |       |    amp
I250818 16:08:51.339389 794 3@kv/kvserver/store.go:3801 ⋮ [T1,Vsystem,n1,s1] 29 +level | tables  size val-bl vtables | score |   in  | tables  size | tables  size | tables  size |  read |   r   w
I250818 16:08:51.339389 794 3@kv/kvserver/store.go:3801 ⋮ [T1,Vsystem,n1,s1] 29 +------+-----------------------------+-------+-------+--------------+--------------+--------------+-------+---------
I250818 16:08:51.339389 794 3@kv/kvserver/store.go:3801 ⋮ [T1,Vsystem,n1,s1] 29 +    0 |     0     0B     0B       0 |  0.00 |  28MB |     0     0B |     0     0B |     1  330KB |    0B |   0  0.0
I250818 16:08:51.339389 794 3@kv/kvserver/store.go:3801 ⋮ [T1,Vsystem,n1,s1] 29 +    1 |     0     0B     0B       0 |  0.00 |    0B |     0     0B |     0     0B |     0     0B |    0B |   0  0.0
I250818 16:08:51.339389 794 3@kv/kvserver/store.go:3801 ⋮ [T1,Vsystem,n1,s1] 29 +    2 |     0     0B     0B       0 |  0.00 |    0B |     0     0B |     0     0B |     0     0B |    0B |   0  0.0
I250818 16:08:51.339389 794 3@kv/kvserver/store.go:3801 ⋮ [T1,Vsystem,n1,s1] 29 +    3 |     0     0B     0B       0 |  0.00 |    0B |     0     0B |     0     0B |     0     0B |    0B |   0  0.0
I250818 16:08:51.339389 794 3@kv/kvserver/store.go:3801 ⋮ [T1,Vsystem,n1,s1] 29 +    4 |     0     0B     0B       0 |  0.00 |    0B |     0     0B |     0     0B |     0     0B |    0B |   0  0.0
I250818 16:08:51.339389 794 3@kv/kvserver/store.go:3801 ⋮ [T1,Vsystem,n1,s1] 29 +    5 |     0     0B     0B       0 |  0.00 |    0B |     0     0B |     0     0B |     0     0B |    0B |   0  0.0
I250818 16:08:51.339389 794 3@kv/kvserver/store.go:3801 ⋮ [T1,Vsystem,n1,s1] 29 +    6 |     2  7.3MB  181KB       0 |     - | 330KB |     0     0B |     0     0B |     2  7.3MB | 7.4MB |   1 22.6
I250818 16:08:51.339389 794 3@kv/kvserver/store.go:3801 ⋮ [T1,Vsystem,n1,s1] 29 +total |     2  7.3MB  181KB       0 |     - |  30MB |     0     0B |     0     0B |     3   38MB | 7.4MB |   1  1.3
I250818 16:08:51.339389 794 3@kv/kvserver/store.go:3801 ⋮ [T1,Vsystem,n1,s1] 29 +-------------------------------------------------------------------------------------------------------------------
I250818 16:08:51.339389 794 3@kv/kvserver/store.go:3801 ⋮ [T1,Vsystem,n1,s1] 29 +WAL: 1 files (2.3MB)  in: 2.3MB  written: 30MB (1242% overhead)
I250818 16:08:51.339389 794 3@kv/kvserver/store.go:3801 ⋮ [T1,Vsystem,n1,s1] 29 +Flushes: 1
I250818 16:08:51.339389 794 3@kv/kvserver/store.go:3801 ⋮ [T1,Vsystem,n1,s1] 29 +Compactions: 1  estimated debt: 0B  in progress: 0 (0B)
I250818 16:08:51.339389 794 3@kv/kvserver/store.go:3801 ⋮ [T1,Vsystem,n1,s1] 29 +             default: 1  delete: 0  elision: 0  move: 0  read: 0  tombstone-density: 0  rewrite: 0  copy: 0  multi-level: 0
I250818 16:08:51.339389 794 3@kv/kvserver/store.go:3801 ⋮ [T1,Vsystem,n1,s1] 29 +MemTables: 1 (64MB)  zombie: 1 (32MB)
I250818 16:08:51.339389 794 3@kv/kvserver/store.go:3801 ⋮ [T1,Vsystem,n1,s1] 29 +Zombie tables: 0 (0B, local: 0B)
I250818 16:08:51.339389 794 3@kv/kvserver/store.go:3801 ⋮ [T1,Vsystem,n1,s1] 29 +Backing tables: 0 (0B)
I250818 16:08:51.339389 794 3@kv/kvserver/store.go:3801 ⋮ [T1,Vsystem,n1,s1] 29 +Virtual tables: 0 (0B)
I250818 16:08:51.339389 794 3@kv/kvserver/store.go:3801 ⋮ [T1,Vsystem,n1,s1] 29 +Local tables size: 7.3MB
I250818 16:08:51.339389 794 3@kv/kvserver/store.go:3801 ⋮ [T1,Vsystem,n1,s1] 29 +Compression types: snappy: 2
I250818 16:08:51.339389 794 3@kv/kvserver/store.go:3801 ⋮ [T1,Vsystem,n1,s1] 29 +Block cache: 48 entries (1.6MB)  hit rate: 73.1%
I250818 16:08:51.339389 794 3@kv/kvserver/store.go:3801 ⋮ [T1,Vsystem,n1,s1] 29 +Table cache: 2 entries (1.6KB)  hit rate: 99.8%
I250818 16:08:51.339389 794 3@kv/kvserver/store.go:3801 ⋮ [T1,Vsystem,n1,s1] 29 +Snapshots: 0  earliest seq num: 0
I250818 16:08:51.339389 794 3@kv/kvserver/store.go:3801 ⋮ [T1,Vsystem,n1,s1] 29 +Table iters: 0
I250818 16:08:51.339389 794 3@kv/kvserver/store.go:3801 ⋮ [T1,Vsystem,n1,s1] 29 +Filter utility: 0.0%
I250818 16:08:51.339389 794 3@kv/kvserver/store.go:3801 ⋮ [T1,Vsystem,n1,s1] 29 +Ingestions: 0  as flushable: 0 (0B in 0 tables)
I250818 16:08:51.339389 794 3@kv/kvserver/store.go:3801 ⋮ [T1,Vsystem,n1,s1] 29 +Cgo memory usage: 98MB  block cache: 1.6MB (data: 1.6MB, maps: 16KB, entries: 3.8KB)  memtables: 96MB
I250818 16:16:51.453532 737 3@pebble/event.go:1059 ⋮ [n1,s1,pebble] 30  [JOB 6] WAL created 000164
I250818 16:16:51.489897 12706 3@pebble/event.go:1011 ⋮ [n1,s1,pebble] 31  [JOB 7] flushing 1 memtable (63MB) to L0
I250818 16:16:51.497050 12706 3@pebble/event.go:1039 ⋮ [n1,s1,pebble] 32  [JOB 7] flushing: sstable created 000165
I250818 16:16:51.640292 12706 3@pebble/event.go:1015 ⋮ [n1,s1,pebble] 33  [JOB 7] flushed 1 memtable (63MB) to L0 [000165] (532KB), in 0.1s (0.1s total), output rate 3.5MB/s
I250818 16:16:51.641330 12724 3@pebble/event.go:999 ⋮ [n1,s1,pebble] 34  [JOB 8] compacting(default) L0 [000165] (532KB) Score=8.79 + L6 [000162 000163] (7.3MB) Score=0.11; OverlappingRatio: Single 14.03, Multi 0.00
I250818 16:16:51.645862 12724 3@pebble/event.go:1039 ⋮ [n1,s1,pebble] 35  [JOB 8] compacting: sstable created 000166
I250818 16:16:51.902758 12724 3@pebble/event.go:1039 ⋮ [n1,s1,pebble] 36  [JOB 8] compacting: sstable created 000167
I250818 16:16:52.018019 12724 3@pebble/event.go:1003 ⋮ [n1,s1,pebble] 37  [JOB 8] compacted(default) L0 [000165] (532KB) Score=8.79 + L6 [000162 000163] (7.3MB) Score=0.11 -> L6 [000166 000167] (7.5MB), in 0.4s (0.4s total), output rate 20MB/s
I250818 16:16:52.021153 101 3@pebble/event.go:1043 ⋮ [n1,s1,pebble] 38  [JOB 8] sstable deleted 000162
I250818 16:16:52.021881 101 3@pebble/event.go:1043 ⋮ [n1,s1,pebble] 39  [JOB 8] sstable deleted 000163
I250818 16:16:52.022075 101 3@pebble/event.go:1043 ⋮ [n1,s1,pebble] 40  [JOB 8] sstable deleted 000165
I250818 16:18:51.365359 794 3@kv/kvserver/store.go:3801 ⋮ [T1,Vsystem,n1,s1] 41  Pebble metrics:
I250818 16:18:51.365359 794 3@kv/kvserver/store.go:3801 ⋮ [T1,Vsystem,n1,s1] 41 +      |                             |       |       |   ingested   |     moved    |    written   |       |    amp
I250818 16:18:51.365359 794 3@kv/kvserver/store.go:3801 ⋮ [T1,Vsystem,n1,s1] 41 +level | tables  size val-bl vtables | score |   in  | tables  size | tables  size | tables  size |  read |   r   w
I250818 16:18:51.365359 794 3@kv/kvserver/store.go:3801 ⋮ [T1,Vsystem,n1,s1] 41 +------+-----------------------------+-------+-------+--------------+--------------+--------------+-------+---------
I250818 16:18:51.365359 794 3@kv/kvserver/store.go:3801 ⋮ [T1,Vsystem,n1,s1] 41 +    0 |     0     0B     0B       0 |  0.00 |  86MB |     0     0B |     0     0B |     2  862KB |    0B |   0  0.0
I250818 16:18:51.365359 794 3@kv/kvserver/store.go:3801 ⋮ [T1,Vsystem,n1,s1] 41 +    1 |     0     0B     0B       0 |  0.00 |    0B |     0     0B |     0     0B |     0     0B |    0B |   0  0.0
I250818 16:18:51.365359 794 3@kv/kvserver/store.go:3801 ⋮ [T1,Vsystem,n1,s1] 41 +    2 |     0     0B     0B       0 |  0.00 |    0B |     0     0B |     0     0B |     0     0B |    0B |   0  0.0
I250818 16:18:51.365359 794 3@kv/kvserver/store.go:3801 ⋮ [T1,Vsystem,n1,s1] 41 +    3 |     0     0B     0B       0 |  0.00 |    0B |     0     0B |     0     0B |     0     0B |    0B |   0  0.0
I250818 16:18:51.365359 794 3@kv/kvserver/store.go:3801 ⋮ [T1,Vsystem,n1,s1] 41 +    4 |     0     0B     0B       0 |  0.00 |    0B |     0     0B |     0     0B |     0     0B |    0B |   0  0.0
I250818 16:18:51.365359 794 3@kv/kvserver/store.go:3801 ⋮ [T1,Vsystem,n1,s1] 41 +    5 |     0     0B     0B       0 |  0.00 |    0B |     0     0B |     0     0B |     0     0B |    0B |   0  0.0
I250818 16:18:51.365359 794 3@kv/kvserver/store.go:3801 ⋮ [T1,Vsystem,n1,s1] 41 +    6 |     2  7.5MB  193KB       0 |     - | 862KB |     0     0B |     0     0B |     4   15MB |  15MB |   1 17.6
I250818 16:18:51.365359 794 3@kv/kvserver/store.go:3801 ⋮ [T1,Vsystem,n1,s1] 41 +total |     2  7.5MB  193KB       0 |     - |  98MB |     0     0B |     0     0B |     6  114MB |  15MB |   1  1.2
I250818 16:18:51.365359 794 3@kv/kvserver/store.go:3801 ⋮ [T1,Vsystem,n1,s1] 41 +-------------------------------------------------------------------------------------------------------------------
I250818 16:18:51.365359 794 3@kv/kvserver/store.go:3801 ⋮ [T1,Vsystem,n1,s1] 41 +WAL: 1 files (13MB)  in: 70MB  written: 98MB (40% overhead)
I250818 16:18:51.365359 794 3@kv/kvserver/store.go:3801 ⋮ [T1,Vsystem,n1,s1] 41 +Flushes: 2
I250818 16:18:51.365359 794 3@kv/kvserver/store.go:3801 ⋮ [T1,Vsystem,n1,s1] 41 +Compactions: 2  estimated debt: 0B  in progress: 0 (0B)
I250818 16:18:51.365359 794 3@kv/kvserver/store.go:3801 ⋮ [T1,Vsystem,n1,s1] 41 +             default: 2  delete: 0  elision: 0  move: 0  read: 0  tombstone-density: 0  rewrite: 0  copy: 0  multi-level: 0
I250818 16:18:51.365359 794 3@kv/kvserver/store.go:3801 ⋮ [T1,Vsystem,n1,s1] 41 +MemTables: 1 (64MB)  zombie: 1 (64MB)
I250818 16:18:51.365359 794 3@kv/kvserver/store.go:3801 ⋮ [T1,Vsystem,n1,s1] 41 +Zombie tables: 0 (0B, local: 0B)
I250818 16:18:51.365359 794 3@kv/kvserver/store.go:3801 ⋮ [T1,Vsystem,n1,s1] 41 +Backing tables: 0 (0B)
I250818 16:18:51.365359 794 3@kv/kvserver/store.go:3801 ⋮ [T1,Vsystem,n1,s1] 41 +Virtual tables: 0 (0B)
I250818 16:18:51.365359 794 3@kv/kvserver/store.go:3801 ⋮ [T1,Vsystem,n1,s1] 41 +Local tables size: 7.5MB
I250818 16:18:51.365359 794 3@kv/kvserver/store.go:3801 ⋮ [T1,Vsystem,n1,s1] 41 +Compression types: snappy: 2
I250818 16:18:51.365359 794 3@kv/kvserver/store.go:3801 ⋮ [T1,Vsystem,n1,s1] 41 +Block cache: 0 entries (0B)  hit rate: 82.5%
I250818 16:18:51.365359 794 3@kv/kvserver/store.go:3801 ⋮ [T1,Vsystem,n1,s1] 41 +Table cache: 2 entries (1.6KB)  hit rate: 100.0%
I250818 16:18:51.365359 794 3@kv/kvserver/store.go:3801 ⋮ [T1,Vsystem,n1,s1] 41 +Snapshots: 0  earliest seq num: 0
I250818 16:18:51.365359 794 3@kv/kvserver/store.go:3801 ⋮ [T1,Vsystem,n1,s1] 41 +Table iters: 0
I250818 16:18:51.365359 794 3@kv/kvserver/store.go:3801 ⋮ [T1,Vsystem,n1,s1] 41 +Filter utility: 0.0%
I250818 16:18:51.365359 794 3@kv/kvserver/store.go:3801 ⋮ [T1,Vsystem,n1,s1] 41 +Ingestions: 0  as flushable: 0 (0B in 0 tables)
I250818 16:18:51.365359 794 3@kv/kvserver/store.go:3801 ⋮ [T1,Vsystem,n1,s1] 41 +Cgo memory usage: 128MB  block cache: 31KB (data: 0B, maps: 21KB, entries: 11KB)  memtables: 128MB
