I250821 14:37:38.464521 82 util/log/file_sync_buffer.go:237 ⋮ [config]   file created at: 2025/08/21 14:37:38
I250821 14:37:38.464544 82 util/log/file_sync_buffer.go:237 ⋮ [config]   running on machine: ‹b3fb2cb373c9›
I250821 14:37:38.464566 82 util/log/file_sync_buffer.go:237 ⋮ [config]   binary: CockroachDB CCL v25.2.0 (aarch64-unknown-linux-gnu, built 2025/05/15 21:07:42, go1.23.7 X:nocoverageredesign)
I250821 14:37:38.464571 82 util/log/file_sync_buffer.go:237 ⋮ [config]   arguments: [‹/cockroach/cockroach› ‹start-single-node› ‹--certs-dir=certs› ‹--advertise-addr=127.0.0.1:26257› ‹--insecure› ‹--http-addr=0.0.0.0:8080›]
I250821 14:37:38.464583 82 util/log/file_sync_buffer.go:237 ⋮ [config]   log format (utf8=✓): crdb-v2
I250821 14:37:38.464586 82 util/log/file_sync_buffer.go:237 ⋮ [config]   line format: [IWEF]yymmdd hh:mm:ss.uuuuuu goid [chan@]file:line redactionmark \[tags\] [counter] msg
I250821 14:37:38.453266 82 3@pebble/objstorage/objstorageprovider/remote.go:102 ⋮ [n?,s?,pebble] 1  remote storage configured; creatorID = 1
I250821 14:37:39.459012 82 3@pebble/open.go:1054 ⋮ [n?,s?,pebble] 2  [JOB ‹1›] WAL ‹003937: {(/cockroach/cockroach-data,000)}› stopped reading at offset: (‹/cockroach/cockroach-data/003937.log›: 53018085); replayed 159481 keys in 5770 batches
I250821 14:37:39.459558 29 3@pebble/event.go:1011 ⋮ [n?,s?,pebble] 3  [JOB 2] flushing 8 memtables (56MB) to L0
I250821 14:37:39.465121 29 3@pebble/event.go:1039 ⋮ [n?,s?,pebble] 4  [JOB 2] flushing: sstable created 003942
I250821 14:37:39.676659 29 3@pebble/event.go:1031 ⋮ [n?,s?,pebble] 5  [JOB 2] MANIFEST created 003943
I250821 14:37:39.676813 29 3@pebble/event.go:1015 ⋮ [n?,s?,pebble] 6  [JOB 2] flushed 8 memtables (56MB) to L0 [003942] (458KB), in 0.2s (0.2s total), output rate 2.2MB/s
I250821 14:37:39.720420 67 3@pebble/event.go:1063 ⋮ [n?,s?,pebble] 7  [JOB 2] WAL deleted 003937
I250821 14:37:39.720558 82 3@pebble/event.go:1059 ⋮ [n?,s?,pebble] 8  [JOB 1] WAL created 003944
I250821 14:37:39.729938 32 3@pebble/event.go:999 ⋮ [n?,s?,pebble] 9  [JOB 4] compacting(default) L0 [003942] (458KB) Score=39.78 + L5 [003939 003940] (1.6MB) Score=0.03; OverlappingRatio: Single 3.60, Multi 0.00
I250821 14:37:39.764957 32 3@pebble/event.go:1039 ⋮ [n?,s?,pebble] 10  [JOB 4] compacting: sstable created 003946
I250821 14:37:39.797094 116 3@pebble/event.go:1051 ⋮ [n?,s?,pebble] 11  [JOB 5] all initial table stats loaded
I250821 14:37:39.995958 32 3@pebble/event.go:1039 ⋮ [n?,s?,pebble] 12  [JOB 4] compacting: sstable created 003947
I250821 14:37:40.061147 32 3@pebble/event.go:1003 ⋮ [n?,s?,pebble] 13  [JOB 4] compacted(default) L0 [003942] (458KB) Score=39.78 + L5 [003939 003940] (1.6MB) Score=0.03 -> L5 [003946 003947] (1.8MB), in 0.3s (0.4s total), output rate 5.6MB/s
I250821 14:37:40.074475 67 3@pebble/event.go:1043 ⋮ [n?,s?,pebble] 14  [JOB 4] sstable deleted 003939
I250821 14:37:40.080004 67 3@pebble/event.go:1043 ⋮ [n?,s?,pebble] 15  [JOB 4] sstable deleted 003940
I250821 14:37:40.082842 67 3@pebble/event.go:1043 ⋮ [n?,s?,pebble] 16  [JOB 4] sstable deleted 003942
I250821 14:37:40.089375 67 3@pebble/event.go:1035 ⋮ [n?,s?,pebble] 17  [JOB 1] MANIFEST deleted 003928
I250821 14:37:40.268813 82 3@pebble/event.go:1031 ⋮ [n?,s?,pebble] 18  [JOB 1] MANIFEST created 000001
I250821 14:37:40.292211 82 3@pebble/event.go:1059 ⋮ [n?,s?,pebble] 19  [JOB 1] WAL created 000002
I250821 14:37:40.310681 82 3@pebble/event.go:1027 ⋮ [n?,s?,pebble] 20  upgraded to format version: 014
I250821 14:37:40.359826 82 3@pebble/event.go:1027 ⋮ [n?,s?,pebble] 21  upgraded to format version: 015
I250821 14:37:40.391452 82 3@pebble/event.go:1027 ⋮ [n?,s?,pebble] 22  upgraded to format version: 016
I250821 14:37:40.394420 82 3@pebble/event.go:1027 ⋮ [n?,s?,pebble] 23  upgraded to format version: 017
I250821 14:37:40.397265 82 3@pebble/event.go:1027 ⋮ [n?,s?,pebble] 24  upgraded to format version: 018
I250821 14:37:40.405079 82 3@pebble/event.go:1027 ⋮ [n?,s?,pebble] 25  upgraded to format version: 019
I250821 14:37:40.439460 119 3@pebble/event.go:1051 ⋮ [n?,s?,pebble] 26  [JOB 2] all initial table stats loaded
I250821 14:38:01.039927 365 3@kv/kvserver/store.go:3801 ⋮ [T1,Vsystem,n1,s1] 27  Pebble metrics:
I250821 14:38:01.039927 365 3@kv/kvserver/store.go:3801 ⋮ [T1,Vsystem,n1,s1] 27 +      |                             |       |       |   ingested   |     moved    |    written   |       |    amp
I250821 14:38:01.039927 365 3@kv/kvserver/store.go:3801 ⋮ [T1,Vsystem,n1,s1] 27 +level | tables  size val-bl vtables | score |   in  | tables  size | tables  size | tables  size |  read |   r   w
I250821 14:38:01.039927 365 3@kv/kvserver/store.go:3801 ⋮ [T1,Vsystem,n1,s1] 27 +------+-----------------------------+-------+-------+--------------+--------------+--------------+-------+---------
I250821 14:38:01.039927 365 3@kv/kvserver/store.go:3801 ⋮ [T1,Vsystem,n1,s1] 27 +    0 |     0     0B     0B       0 |  0.00 |  51MB |     0     0B |     0     0B |     1  458KB |    0B |   0  0.0
I250821 14:38:01.039927 365 3@kv/kvserver/store.go:3801 ⋮ [T1,Vsystem,n1,s1] 27 +    1 |     0     0B     0B       0 |  0.00 |    0B |     0     0B |     0     0B |     0     0B |    0B |   0  0.0
I250821 14:38:01.039927 365 3@kv/kvserver/store.go:3801 ⋮ [T1,Vsystem,n1,s1] 27 +    2 |     0     0B     0B       0 |  0.00 |    0B |     0     0B |     0     0B |     0     0B |    0B |   0  0.0
I250821 14:38:01.039927 365 3@kv/kvserver/store.go:3801 ⋮ [T1,Vsystem,n1,s1] 27 +    3 |     0     0B     0B       0 |  0.00 |    0B |     0     0B |     0     0B |     0     0B |    0B |   0  0.0
I250821 14:38:01.039927 365 3@kv/kvserver/store.go:3801 ⋮ [T1,Vsystem,n1,s1] 27 +    4 |     0     0B     0B       0 |  0.00 |    0B |     0     0B |     0     0B |     0     0B |    0B |   0  0.0
I250821 14:38:01.039927 365 3@kv/kvserver/store.go:3801 ⋮ [T1,Vsystem,n1,s1] 27 +    5 |     2  1.8MB   67KB       0 |  0.07 | 458KB |     0     0B |     0     0B |     2  1.8MB | 2.1MB |   1  4.1
I250821 14:38:01.039927 365 3@kv/kvserver/store.go:3801 ⋮ [T1,Vsystem,n1,s1] 27 +    6 |    20   71MB  492KB       0 |     - |    0B |     0     0B |     0     0B |     0     0B |    0B |   1  0.0
I250821 14:38:01.039927 365 3@kv/kvserver/store.go:3801 ⋮ [T1,Vsystem,n1,s1] 27 +total |    22   72MB  560KB       0 |     - |  53MB |     0     0B |     0     0B |     3   55MB | 2.1MB |   2  1.0
I250821 14:38:01.039927 365 3@kv/kvserver/store.go:3801 ⋮ [T1,Vsystem,n1,s1] 27 +-------------------------------------------------------------------------------------------------------------------
I250821 14:38:01.039927 365 3@kv/kvserver/store.go:3801 ⋮ [T1,Vsystem,n1,s1] 27 +WAL: 1 files (2.3MB)  in: 2.3MB  written: 53MB (2218% overhead)
I250821 14:38:01.039927 365 3@kv/kvserver/store.go:3801 ⋮ [T1,Vsystem,n1,s1] 27 +Flushes: 1
I250821 14:38:01.039927 365 3@kv/kvserver/store.go:3801 ⋮ [T1,Vsystem,n1,s1] 27 +Compactions: 1  estimated debt: 0B  in progress: 0 (0B)
I250821 14:38:01.039927 365 3@kv/kvserver/store.go:3801 ⋮ [T1,Vsystem,n1,s1] 27 +             default: 1  delete: 0  elision: 0  move: 0  read: 0  tombstone-density: 0  rewrite: 0  copy: 0  multi-level: 0
I250821 14:38:01.039927 365 3@kv/kvserver/store.go:3801 ⋮ [T1,Vsystem,n1,s1] 27 +MemTables: 1 (64MB)  zombie: 1 (32MB)
I250821 14:38:01.039927 365 3@kv/kvserver/store.go:3801 ⋮ [T1,Vsystem,n1,s1] 27 +Zombie tables: 0 (0B, local: 0B)
I250821 14:38:01.039927 365 3@kv/kvserver/store.go:3801 ⋮ [T1,Vsystem,n1,s1] 27 +Backing tables: 0 (0B)
I250821 14:38:01.039927 365 3@kv/kvserver/store.go:3801 ⋮ [T1,Vsystem,n1,s1] 27 +Virtual tables: 0 (0B)
I250821 14:38:01.039927 365 3@kv/kvserver/store.go:3801 ⋮ [T1,Vsystem,n1,s1] 27 +Local tables size: 72MB
I250821 14:38:01.039927 365 3@kv/kvserver/store.go:3801 ⋮ [T1,Vsystem,n1,s1] 27 +Compression types: snappy: 22
I250821 14:38:01.039927 365 3@kv/kvserver/store.go:3801 ⋮ [T1,Vsystem,n1,s1] 27 +Block cache: 72 entries (2.5MB)  hit rate: 94.8%
I250821 14:38:01.039927 365 3@kv/kvserver/store.go:3801 ⋮ [T1,Vsystem,n1,s1] 27 +Table cache: 22 entries (18KB)  hit rate: 99.4%
I250821 14:38:01.039927 365 3@kv/kvserver/store.go:3801 ⋮ [T1,Vsystem,n1,s1] 27 +Snapshots: 0  earliest seq num: 0
I250821 14:38:01.039927 365 3@kv/kvserver/store.go:3801 ⋮ [T1,Vsystem,n1,s1] 27 +Table iters: 0
I250821 14:38:01.039927 365 3@kv/kvserver/store.go:3801 ⋮ [T1,Vsystem,n1,s1] 27 +Filter utility: 67.5%
I250821 14:38:01.039927 365 3@kv/kvserver/store.go:3801 ⋮ [T1,Vsystem,n1,s1] 27 +Ingestions: 0  as flushable: 0 (0B in 0 tables)
I250821 14:38:01.039927 365 3@kv/kvserver/store.go:3801 ⋮ [T1,Vsystem,n1,s1] 27 +Cgo memory usage: 99MB  block cache: 2.5MB (data: 2.5MB, maps: 16KB, entries: 5.6KB)  memtables: 96MB
