I250821 15:04:44.505359 12 util/log/file_sync_buffer.go:237 ⋮ [config]   file created at: 2025/08/21 15:04:44
I250821 15:04:44.505394 12 util/log/file_sync_buffer.go:237 ⋮ [config]   running on machine: ‹bad8e4b9181e›
I250821 15:04:44.505414 12 util/log/file_sync_buffer.go:237 ⋮ [config]   binary: CockroachDB CCL v25.2.0 (aarch64-unknown-linux-gnu, built 2025/05/15 21:07:42, go1.23.7 X:nocoverageredesign)
I250821 15:04:44.505424 12 util/log/file_sync_buffer.go:237 ⋮ [config]   arguments: [‹/cockroach/cockroach› ‹start-single-node› ‹--certs-dir=certs› ‹--advertise-addr=127.0.0.1:26257› ‹--insecure› ‹--http-addr=0.0.0.0:8080›]
I250821 15:04:44.505441 12 util/log/file_sync_buffer.go:237 ⋮ [config]   log format (utf8=✓): crdb-v2
I250821 15:04:44.505446 12 util/log/file_sync_buffer.go:237 ⋮ [config]   line format: [IWEF]yymmdd hh:mm:ss.uuuuuu goid [chan@]file:line redactionmark \[tags\] [counter] msg
I250821 15:04:44.503019 12 3@pebble/objstorage/objstorageprovider/remote.go:102 ⋮ [n?,s?,pebble] 1  remote storage configured; creatorID = 1
I250821 15:04:44.618572 12 3@pebble/open.go:1054 ⋮ [n?,s?,pebble] 2  [JOB ‹1›] WAL ‹003981: {(/cockroach/cockroach-data,000)}› stopped reading at offset: (‹/cockroach/cockroach-data/003981.log›: 11933354); replayed 37681 keys in 2270 batches
I250821 15:04:44.618882 36 3@pebble/event.go:1011 ⋮ [n?,s?,pebble] 3  [JOB 2] flushing 6 memtables (13MB) to L0
I250821 15:04:44.619929 36 3@pebble/event.go:1039 ⋮ [n?,s?,pebble] 4  [JOB 2] flushing: sstable created 003991
I250821 15:04:44.879858 36 3@pebble/event.go:1031 ⋮ [n?,s?,pebble] 5  [JOB 2] MANIFEST created 003992
I250821 15:04:44.880362 36 3@pebble/event.go:1015 ⋮ [n?,s?,pebble] 6  [JOB 2] flushed 6 memtables (13MB) to L0 [003991] (228KB), in 0.2s (0.3s total), output rate 1.0MB/s
I250821 15:04:44.881704 42 3@pebble/event.go:999 ⋮ [n?,s?,pebble] 7  [JOB 4] compacting(default) L0 [003991] (228KB) Score=62.64 + L5 [003984] (1.0MB) Score=0.02; OverlappingRatio: Single 4.58, Multi 0.00
I250821 15:04:44.885748 12 3@pebble/event.go:1059 ⋮ [n?,s?,pebble] 8  [JOB 1] WAL created 003993
I250821 15:04:44.885604 85 3@pebble/event.go:1063 ⋮ [n?,s?,pebble] 9  [JOB 2] WAL deleted 003981
I250821 15:04:44.907311 42 3@pebble/event.go:1039 ⋮ [n?,s?,pebble] 10  [JOB 4] compacting: sstable created 003995
I250821 15:04:44.928161 86 3@pebble/event.go:1051 ⋮ [n?,s?,pebble] 11  [JOB 5] all initial table stats loaded
I250821 15:04:44.935028 42 3@pebble/event.go:1039 ⋮ [n?,s?,pebble] 12  [JOB 4] compacting: sstable created 003996
I250821 15:04:45.160956 42 3@pebble/event.go:1003 ⋮ [n?,s?,pebble] 13  [JOB 4] compacted(default) L0 [003991] (228KB) Score=62.64 + L5 [003984] (1.0MB) Score=0.02 -> L5 [003995 003996] (1.2MB), in 0.3s (0.3s total), output rate 4.4MB/s
I250821 15:04:45.171983 85 3@pebble/event.go:1043 ⋮ [n?,s?,pebble] 14  [JOB 4] sstable deleted 003984
I250821 15:04:45.173307 85 3@pebble/event.go:1043 ⋮ [n?,s?,pebble] 15  [JOB 4] sstable deleted 003991
I250821 15:04:45.173890 85 3@pebble/event.go:1035 ⋮ [n?,s?,pebble] 16  [JOB 1] MANIFEST deleted 003973
I250821 15:04:45.208910 12 3@pebble/event.go:1031 ⋮ [n?,s?,pebble] 17  [JOB 1] MANIFEST created 000001
I250821 15:04:45.210637 12 3@pebble/event.go:1059 ⋮ [n?,s?,pebble] 18  [JOB 1] WAL created 000002
I250821 15:04:45.211291 12 3@pebble/event.go:1027 ⋮ [n?,s?,pebble] 19  upgraded to format version: 014
I250821 15:04:45.214159 12 3@pebble/event.go:1027 ⋮ [n?,s?,pebble] 20  upgraded to format version: 015
I250821 15:04:45.217571 12 3@pebble/event.go:1027 ⋮ [n?,s?,pebble] 21  upgraded to format version: 016
I250821 15:04:45.220799 12 3@pebble/event.go:1027 ⋮ [n?,s?,pebble] 22  upgraded to format version: 017
I250821 15:04:45.223118 12 3@pebble/event.go:1027 ⋮ [n?,s?,pebble] 23  upgraded to format version: 018
I250821 15:04:45.225715 12 3@pebble/event.go:1027 ⋮ [n?,s?,pebble] 24  upgraded to format version: 019
I250821 15:04:45.230662 129 3@pebble/event.go:1051 ⋮ [n?,s?,pebble] 25  [JOB 2] all initial table stats loaded
I250821 15:05:05.962176 645 3@kv/kvserver/store.go:3801 ⋮ [T1,Vsystem,n1,s1] 26  Pebble metrics:
I250821 15:05:05.962176 645 3@kv/kvserver/store.go:3801 ⋮ [T1,Vsystem,n1,s1] 26 +      |                             |       |       |   ingested   |     moved    |    written   |       |    amp
I250821 15:05:05.962176 645 3@kv/kvserver/store.go:3801 ⋮ [T1,Vsystem,n1,s1] 26 +level | tables  size val-bl vtables | score |   in  | tables  size | tables  size | tables  size |  read |   r   w
I250821 15:05:05.962176 645 3@kv/kvserver/store.go:3801 ⋮ [T1,Vsystem,n1,s1] 26 +------+-----------------------------+-------+-------+--------------+--------------+--------------+-------+---------
I250821 15:05:05.962176 645 3@kv/kvserver/store.go:3801 ⋮ [T1,Vsystem,n1,s1] 26 +    0 |     0     0B     0B       0 |  0.00 |  11MB |     0     0B |     0     0B |     1  228KB |    0B |   0  0.0
I250821 15:05:05.962176 645 3@kv/kvserver/store.go:3801 ⋮ [T1,Vsystem,n1,s1] 26 +    1 |     0     0B     0B       0 |  0.00 |    0B |     0     0B |     0     0B |     0     0B |    0B |   0  0.0
I250821 15:05:05.962176 645 3@kv/kvserver/store.go:3801 ⋮ [T1,Vsystem,n1,s1] 26 +    2 |     0     0B     0B       0 |  0.00 |    0B |     0     0B |     0     0B |     0     0B |    0B |   0  0.0
I250821 15:05:05.962176 645 3@kv/kvserver/store.go:3801 ⋮ [T1,Vsystem,n1,s1] 26 +    3 |     0     0B     0B       0 |  0.00 |    0B |     0     0B |     0     0B |     0     0B |    0B |   0  0.0
I250821 15:05:05.962176 645 3@kv/kvserver/store.go:3801 ⋮ [T1,Vsystem,n1,s1] 26 +    4 |     0     0B     0B       0 |  0.00 |    0B |     0     0B |     0     0B |     0     0B |    0B |   0  0.0
I250821 15:05:05.962176 645 3@kv/kvserver/store.go:3801 ⋮ [T1,Vsystem,n1,s1] 26 +    5 |     2  1.2MB   81KB       0 |  0.02 | 228KB |     0     0B |     0     0B |     2  1.2MB | 1.2MB |   1  5.5
I250821 15:05:05.962176 645 3@kv/kvserver/store.go:3801 ⋮ [T1,Vsystem,n1,s1] 26 +    6 |    14   72MB  498KB       0 |     - |    0B |     0     0B |     0     0B |     0     0B |    0B |   1  0.0
I250821 15:05:05.962176 645 3@kv/kvserver/store.go:3801 ⋮ [T1,Vsystem,n1,s1] 26 +total |    16   73MB  579KB       0 |     - |  14MB |     0     0B |     0     0B |     3   15MB | 1.2MB |   2  1.1
I250821 15:05:05.962176 645 3@kv/kvserver/store.go:3801 ⋮ [T1,Vsystem,n1,s1] 26 +-------------------------------------------------------------------------------------------------------------------
I250821 15:05:05.962176 645 3@kv/kvserver/store.go:3801 ⋮ [T1,Vsystem,n1,s1] 26 +WAL: 1 files (2.3MB)  in: 2.3MB  written: 14MB (503% overhead)
I250821 15:05:05.962176 645 3@kv/kvserver/store.go:3801 ⋮ [T1,Vsystem,n1,s1] 26 +Flushes: 1
I250821 15:05:05.962176 645 3@kv/kvserver/store.go:3801 ⋮ [T1,Vsystem,n1,s1] 26 +Compactions: 1  estimated debt: 0B  in progress: 0 (0B)
I250821 15:05:05.962176 645 3@kv/kvserver/store.go:3801 ⋮ [T1,Vsystem,n1,s1] 26 +             default: 1  delete: 0  elision: 0  move: 0  read: 0  tombstone-density: 0  rewrite: 0  copy: 0  multi-level: 0
I250821 15:05:05.962176 645 3@kv/kvserver/store.go:3801 ⋮ [T1,Vsystem,n1,s1] 26 +MemTables: 1 (16MB)  zombie: 1 (8.0MB)
I250821 15:05:05.962176 645 3@kv/kvserver/store.go:3801 ⋮ [T1,Vsystem,n1,s1] 26 +Zombie tables: 0 (0B, local: 0B)
I250821 15:05:05.962176 645 3@kv/kvserver/store.go:3801 ⋮ [T1,Vsystem,n1,s1] 26 +Backing tables: 0 (0B)
I250821 15:05:05.962176 645 3@kv/kvserver/store.go:3801 ⋮ [T1,Vsystem,n1,s1] 26 +Virtual tables: 0 (0B)
I250821 15:05:05.962176 645 3@kv/kvserver/store.go:3801 ⋮ [T1,Vsystem,n1,s1] 26 +Local tables size: 73MB
I250821 15:05:05.962176 645 3@kv/kvserver/store.go:3801 ⋮ [T1,Vsystem,n1,s1] 26 +Compression types: snappy: 16
I250821 15:05:05.962176 645 3@kv/kvserver/store.go:3801 ⋮ [T1,Vsystem,n1,s1] 26 +Block cache: 66 entries (2.3MB)  hit rate: 97.0%
I250821 15:05:05.962176 645 3@kv/kvserver/store.go:3801 ⋮ [T1,Vsystem,n1,s1] 26 +Table cache: 16 entries (13KB)  hit rate: 99.6%
I250821 15:05:05.962176 645 3@kv/kvserver/store.go:3801 ⋮ [T1,Vsystem,n1,s1] 26 +Snapshots: 0  earliest seq num: 0
I250821 15:05:05.962176 645 3@kv/kvserver/store.go:3801 ⋮ [T1,Vsystem,n1,s1] 26 +Table iters: 0
I250821 15:05:05.962176 645 3@kv/kvserver/store.go:3801 ⋮ [T1,Vsystem,n1,s1] 26 +Filter utility: 67.1%
I250821 15:05:05.962176 645 3@kv/kvserver/store.go:3801 ⋮ [T1,Vsystem,n1,s1] 26 +Ingestions: 0  as flushable: 0 (0B in 0 tables)
I250821 15:05:05.962176 645 3@kv/kvserver/store.go:3801 ⋮ [T1,Vsystem,n1,s1] 26 +Cgo memory usage: 26MB  block cache: 2.3MB (data: 2.3MB, maps: 16KB, entries: 5.2KB)  memtables: 24MB
I250821 15:06:45.983974 742 3@pebble/event.go:1059 ⋮ [n1,s1,pebble] 27  [JOB 7] WAL created 003997
I250821 15:11:06.008967 746 3@pebble/event.go:1059 ⋮ [n1,s1,pebble] 28  [JOB 8] WAL created 003998
I250821 15:11:06.015771 9538 3@pebble/event.go:1011 ⋮ [n1,s1,pebble] 29  [JOB 9] flushing 2 memtables (48MB) to L0
I250821 15:11:06.018826 9538 3@pebble/event.go:1039 ⋮ [n1,s1,pebble] 30  [JOB 9] flushing: sstable created 003999
I250821 15:11:06.090395 9538 3@pebble/event.go:1015 ⋮ [n1,s1,pebble] 31  [JOB 9] flushed 2 memtables (48MB) to L0 [003999] (422KB), in 0.1s (0.1s total), output rate 5.6MB/s
I250821 15:11:06.101841 9447 3@pebble/event.go:999 ⋮ [n1,s1,pebble] 32  [JOB 10] compacting(default) L0 [003999] (422KB) Score=51.99 + L5 [003995 003996] (1.2MB) Score=0.02; OverlappingRatio: Single 2.98, Multi 0.00
I250821 15:11:06.104673 9447 3@pebble/event.go:1039 ⋮ [n1,s1,pebble] 33  [JOB 10] compacting: sstable created 004000
I250821 15:11:06.120519 9447 3@pebble/event.go:1039 ⋮ [n1,s1,pebble] 34  [JOB 10] compacting: sstable created 004001
I250821 15:11:06.152014 9447 3@pebble/event.go:1003 ⋮ [n1,s1,pebble] 35  [JOB 10] compacted(default) L0 [003999] (422KB) Score=51.99 + L5 [003995 003996] (1.2MB) Score=0.02 -> L5 [004000 004001] (1.5MB), in 0.0s (0.1s total), output rate 29MB/s
I250821 15:11:06.152935 85 3@pebble/event.go:1043 ⋮ [n1,s1,pebble] 36  [JOB 10] sstable deleted 003995
I250821 15:11:06.153264 85 3@pebble/event.go:1043 ⋮ [n1,s1,pebble] 37  [JOB 10] sstable deleted 003996
I250821 15:11:06.153439 85 3@pebble/event.go:1043 ⋮ [n1,s1,pebble] 38  [JOB 10] sstable deleted 003999
I250821 15:15:05.965424 645 3@kv/kvserver/store.go:3801 ⋮ [T1,Vsystem,n1,s1] 39  Pebble metrics:
I250821 15:15:05.965424 645 3@kv/kvserver/store.go:3801 ⋮ [T1,Vsystem,n1,s1] 39 +      |                             |       |       |   ingested   |     moved    |    written   |       |    amp
I250821 15:15:05.965424 645 3@kv/kvserver/store.go:3801 ⋮ [T1,Vsystem,n1,s1] 39 +level | tables  size val-bl vtables | score |   in  | tables  size | tables  size | tables  size |  read |   r   w
I250821 15:15:05.965424 645 3@kv/kvserver/store.go:3801 ⋮ [T1,Vsystem,n1,s1] 39 +------+-----------------------------+-------+-------+--------------+--------------+--------------+-------+---------
I250821 15:15:05.965424 645 3@kv/kvserver/store.go:3801 ⋮ [T1,Vsystem,n1,s1] 39 +    0 |     0     0B     0B       0 |  0.00 |  54MB |     0     0B |     0     0B |     2  651KB |    0B |   0  0.0
I250821 15:15:05.965424 645 3@kv/kvserver/store.go:3801 ⋮ [T1,Vsystem,n1,s1] 39 +    1 |     0     0B     0B       0 |  0.00 |    0B |     0     0B |     0     0B |     0     0B |    0B |   0  0.0
I250821 15:15:05.965424 645 3@kv/kvserver/store.go:3801 ⋮ [T1,Vsystem,n1,s1] 39 +    2 |     0     0B     0B       0 |  0.00 |    0B |     0     0B |     0     0B |     0     0B |    0B |   0  0.0
I250821 15:15:05.965424 645 3@kv/kvserver/store.go:3801 ⋮ [T1,Vsystem,n1,s1] 39 +    3 |     0     0B     0B       0 |  0.00 |    0B |     0     0B |     0     0B |     0     0B |    0B |   0  0.0
I250821 15:15:05.965424 645 3@kv/kvserver/store.go:3801 ⋮ [T1,Vsystem,n1,s1] 39 +    4 |     0     0B     0B       0 |  0.00 |    0B |     0     0B |     0     0B |     0     0B |    0B |   0  0.0
I250821 15:15:05.965424 645 3@kv/kvserver/store.go:3801 ⋮ [T1,Vsystem,n1,s1] 39 +    5 |     2  1.5MB   83KB       0 |  0.03 | 651KB |     0     0B |     0     0B |     4  2.7MB | 2.9MB |   1  4.2
I250821 15:15:05.965424 645 3@kv/kvserver/store.go:3801 ⋮ [T1,Vsystem,n1,s1] 39 +    6 |    14   72MB  498KB       0 |     - |    0B |     0     0B |     0     0B |     0     0B |    0B |   1  0.0
I250821 15:15:05.965424 645 3@kv/kvserver/store.go:3801 ⋮ [T1,Vsystem,n1,s1] 39 +total |    16   73MB  581KB       0 |     - |  82MB |     0     0B |     0     0B |     6   85MB | 2.9MB |   2  1.0
I250821 15:15:05.965424 645 3@kv/kvserver/store.go:3801 ⋮ [T1,Vsystem,n1,s1] 39 +-------------------------------------------------------------------------------------------------------------------
I250821 15:15:05.965424 645 3@kv/kvserver/store.go:3801 ⋮ [T1,Vsystem,n1,s1] 39 +WAL: 1 files (28MB)  in: 70MB  written: 82MB (16% overhead)
I250821 15:15:05.965424 645 3@kv/kvserver/store.go:3801 ⋮ [T1,Vsystem,n1,s1] 39 +Flushes: 2
I250821 15:15:05.965424 645 3@kv/kvserver/store.go:3801 ⋮ [T1,Vsystem,n1,s1] 39 +Compactions: 2  estimated debt: 0B  in progress: 0 (0B)
I250821 15:15:05.965424 645 3@kv/kvserver/store.go:3801 ⋮ [T1,Vsystem,n1,s1] 39 +             default: 2  delete: 0  elision: 0  move: 0  read: 0  tombstone-density: 0  rewrite: 0  copy: 0  multi-level: 0
I250821 15:15:05.965424 645 3@kv/kvserver/store.go:3801 ⋮ [T1,Vsystem,n1,s1] 39 +MemTables: 1 (64MB)  zombie: 1 (32MB)
I250821 15:15:05.965424 645 3@kv/kvserver/store.go:3801 ⋮ [T1,Vsystem,n1,s1] 39 +Zombie tables: 0 (0B, local: 0B)
I250821 15:15:05.965424 645 3@kv/kvserver/store.go:3801 ⋮ [T1,Vsystem,n1,s1] 39 +Backing tables: 0 (0B)
I250821 15:15:05.965424 645 3@kv/kvserver/store.go:3801 ⋮ [T1,Vsystem,n1,s1] 39 +Virtual tables: 0 (0B)
I250821 15:15:05.965424 645 3@kv/kvserver/store.go:3801 ⋮ [T1,Vsystem,n1,s1] 39 +Local tables size: 73MB
I250821 15:15:05.965424 645 3@kv/kvserver/store.go:3801 ⋮ [T1,Vsystem,n1,s1] 39 +Compression types: snappy: 16
I250821 15:15:05.965424 645 3@kv/kvserver/store.go:3801 ⋮ [T1,Vsystem,n1,s1] 39 +Block cache: 643 entries (18MB)  hit rate: 98.3%
I250821 15:15:05.965424 645 3@kv/kvserver/store.go:3801 ⋮ [T1,Vsystem,n1,s1] 39 +Table cache: 16 entries (13KB)  hit rate: 99.9%
I250821 15:15:05.965424 645 3@kv/kvserver/store.go:3801 ⋮ [T1,Vsystem,n1,s1] 39 +Snapshots: 0  earliest seq num: 0
I250821 15:15:05.965424 645 3@kv/kvserver/store.go:3801 ⋮ [T1,Vsystem,n1,s1] 39 +Table iters: 0
I250821 15:15:05.965424 645 3@kv/kvserver/store.go:3801 ⋮ [T1,Vsystem,n1,s1] 39 +Filter utility: 84.2%
I250821 15:15:05.965424 645 3@kv/kvserver/store.go:3801 ⋮ [T1,Vsystem,n1,s1] 39 +Ingestions: 0  as flushable: 0 (0B in 0 tables)
I250821 15:15:05.965424 645 3@kv/kvserver/store.go:3801 ⋮ [T1,Vsystem,n1,s1] 39 +Cgo memory usage: 114MB  block cache: 18MB (data: 18MB, maps: 45KB, entries: 50KB)  memtables: 96MB
