I250821 14:55:09.737820 53 util/log/file_sync_buffer.go:237 ⋮ [config]   file created at: 2025/08/21 14:55:09
I250821 14:55:09.737850 53 util/log/file_sync_buffer.go:237 ⋮ [config]   running on machine: ‹0991bc97583f›
I250821 14:55:09.737874 53 util/log/file_sync_buffer.go:237 ⋮ [config]   binary: CockroachDB CCL v25.2.0 (aarch64-unknown-linux-gnu, built 2025/05/15 21:07:42, go1.23.7 X:nocoverageredesign)
I250821 14:55:09.737880 53 util/log/file_sync_buffer.go:237 ⋮ [config]   arguments: [‹/cockroach/cockroach› ‹start-single-node› ‹--certs-dir=certs› ‹--advertise-addr=127.0.0.1:26257› ‹--insecure› ‹--http-addr=0.0.0.0:8080›]
I250821 14:55:09.737928 53 util/log/file_sync_buffer.go:237 ⋮ [config]   log format (utf8=✓): crdb-v2
I250821 14:55:09.737933 53 util/log/file_sync_buffer.go:237 ⋮ [config]   line format: [IWEF]yymmdd hh:mm:ss.uuuuuu goid [chan@]file:line redactionmark \[tags\] [counter] msg
I250821 14:55:09.734707 53 3@pebble/objstorage/objstorageprovider/remote.go:102 ⋮ [n?,s?,pebble] 1  remote storage configured; creatorID = 1
I250821 14:55:09.920389 53 3@pebble/open.go:1054 ⋮ [n?,s?,pebble] 2  [JOB ‹1›] WAL ‹003966: {(/cockroach/cockroach-data,000)}› stopped reading at offset: (‹/cockroach/cockroach-data/003966.log›: 14792307); replayed 44816 keys in 2279 batches
I250821 14:55:10.282323 53 3@pebble/open.go:1054 ⋮ [n?,s?,pebble] 3  [JOB ‹1›] WAL ‹003970: {(/cockroach/cockroach-data,000)}› stopped reading at offset: (‹/cockroach/cockroach-data/003970.log›: 25096464); replayed 74642 keys in 2089 batches
I250821 14:55:10.282615 39 3@pebble/event.go:1011 ⋮ [n?,s?,pebble] 4  [JOB 2] flushing 8 memtables (42MB) to L0
I250821 14:55:10.288374 39 3@pebble/event.go:1039 ⋮ [n?,s?,pebble] 5  [JOB 2] flushing: sstable created 003972
I250821 14:55:10.581346 39 3@pebble/event.go:1031 ⋮ [n?,s?,pebble] 6  [JOB 2] MANIFEST created 003973
I250821 14:55:10.581468 39 3@pebble/event.go:1015 ⋮ [n?,s?,pebble] 7  [JOB 2] flushed 8 memtables (42MB) to L0 [003972] (358KB), in 0.2s (0.3s total), output rate 1.4MB/s
I250821 14:55:10.585135 81 3@pebble/event.go:999 ⋮ [n?,s?,pebble] 8  [JOB 4] compacting(default) L0 [003972] (358KB) Score=30.74 + L5 [003968 003969] (2.1MB) Score=0.03; OverlappingRatio: Single 5.96, Multi 0.00
I250821 14:55:10.594285 84 3@pebble/event.go:1063 ⋮ [n?,s?,pebble] 9  [JOB 2] WAL deleted 003966
I250821 14:55:10.617995 84 3@pebble/event.go:1063 ⋮ [n?,s?,pebble] 10  [JOB 2] WAL deleted 003970
I250821 14:55:10.637896 53 3@pebble/event.go:1059 ⋮ [n?,s?,pebble] 11  [JOB 1] WAL created 003974
I250821 14:55:10.697874 81 3@pebble/event.go:1039 ⋮ [n?,s?,pebble] 12  [JOB 4] compacting: sstable created 003976
I250821 14:55:10.985956 85 3@pebble/event.go:1051 ⋮ [n?,s?,pebble] 13  [JOB 5] all initial table stats loaded
I250821 14:55:12.045900 81 3@pebble/event.go:1039 ⋮ [n?,s?,pebble] 14  [JOB 4] compacting: sstable created 003977
I250821 14:55:12.269786 81 3@pebble/event.go:1003 ⋮ [n?,s?,pebble] 15  [JOB 4] compacted(default) L0 [003972] (358KB) Score=30.74 + L5 [003968 003969] (2.1MB) Score=0.03 -> L5 [003976 003977] (2.2MB), in 1.7s (1.7s total), output rate 1.3MB/s
I250821 14:55:12.279263 84 3@pebble/event.go:1043 ⋮ [n?,s?,pebble] 16  [JOB 4] sstable deleted 003968
I250821 14:55:12.289711 84 3@pebble/event.go:1043 ⋮ [n?,s?,pebble] 17  [JOB 4] sstable deleted 003969
I250821 14:55:12.301451 84 3@pebble/event.go:1043 ⋮ [n?,s?,pebble] 18  [JOB 4] sstable deleted 003972
I250821 14:55:12.307168 84 3@pebble/event.go:1035 ⋮ [n?,s?,pebble] 19  [JOB 1] MANIFEST deleted 003958
I250821 14:55:12.459205 53 3@pebble/event.go:1031 ⋮ [n?,s?,pebble] 20  [JOB 1] MANIFEST created 000001
I250821 14:55:12.462396 53 3@pebble/event.go:1059 ⋮ [n?,s?,pebble] 21  [JOB 1] WAL created 000002
I250821 14:55:12.465609 53 3@pebble/event.go:1027 ⋮ [n?,s?,pebble] 22  upgraded to format version: 014
I250821 14:55:12.466985 53 3@pebble/event.go:1027 ⋮ [n?,s?,pebble] 23  upgraded to format version: 015
I250821 14:55:12.472156 53 3@pebble/event.go:1027 ⋮ [n?,s?,pebble] 24  upgraded to format version: 016
I250821 14:55:12.474161 53 3@pebble/event.go:1027 ⋮ [n?,s?,pebble] 25  upgraded to format version: 017
I250821 14:55:12.476894 53 3@pebble/event.go:1027 ⋮ [n?,s?,pebble] 26  upgraded to format version: 018
I250821 14:55:12.478308 53 3@pebble/event.go:1027 ⋮ [n?,s?,pebble] 27  upgraded to format version: 019
I250821 14:55:12.483595 120 3@pebble/event.go:1051 ⋮ [n?,s?,pebble] 28  [JOB 2] all initial table stats loaded
I250821 14:55:33.185488 786 3@kv/kvserver/store.go:3801 ⋮ [T1,Vsystem,n1,s1] 29  Pebble metrics:
I250821 14:55:33.185488 786 3@kv/kvserver/store.go:3801 ⋮ [T1,Vsystem,n1,s1] 29 +      |                             |       |       |   ingested   |     moved    |    written   |       |    amp
I250821 14:55:33.185488 786 3@kv/kvserver/store.go:3801 ⋮ [T1,Vsystem,n1,s1] 29 +level | tables  size val-bl vtables | score |   in  | tables  size | tables  size | tables  size |  read |   r   w
I250821 14:55:33.185488 786 3@kv/kvserver/store.go:3801 ⋮ [T1,Vsystem,n1,s1] 29 +------+-----------------------------+-------+-------+--------------+--------------+--------------+-------+---------
I250821 14:55:33.185488 786 3@kv/kvserver/store.go:3801 ⋮ [T1,Vsystem,n1,s1] 29 +    0 |     0     0B     0B       0 |  0.00 |  38MB |     0     0B |     0     0B |     1  358KB |    0B |   0  0.0
I250821 14:55:33.185488 786 3@kv/kvserver/store.go:3801 ⋮ [T1,Vsystem,n1,s1] 29 +    1 |     0     0B     0B       0 |  0.00 |    0B |     0     0B |     0     0B |     0     0B |    0B |   0  0.0
I250821 14:55:33.185488 786 3@kv/kvserver/store.go:3801 ⋮ [T1,Vsystem,n1,s1] 29 +    2 |     0     0B     0B       0 |  0.00 |    0B |     0     0B |     0     0B |     0     0B |    0B |   0  0.0
I250821 14:55:33.185488 786 3@kv/kvserver/store.go:3801 ⋮ [T1,Vsystem,n1,s1] 29 +    3 |     0     0B     0B       0 |  0.00 |    0B |     0     0B |     0     0B |     0     0B |    0B |   0  0.0
I250821 14:55:33.185488 786 3@kv/kvserver/store.go:3801 ⋮ [T1,Vsystem,n1,s1] 29 +    4 |     0     0B     0B       0 |  0.00 |    0B |     0     0B |     0     0B |     0     0B |    0B |   0  0.0
I250821 14:55:33.185488 786 3@kv/kvserver/store.go:3801 ⋮ [T1,Vsystem,n1,s1] 29 +    5 |     2  2.2MB   81KB       0 |  0.09 | 358KB |     0     0B |     0     0B |     2  2.2MB | 2.4MB |   1  6.4
I250821 14:55:33.185488 786 3@kv/kvserver/store.go:3801 ⋮ [T1,Vsystem,n1,s1] 29 +    6 |    20   71MB  492KB       0 |     - |    0B |     0     0B |     0     0B |     0     0B |    0B |   1  0.0
I250821 14:55:33.185488 786 3@kv/kvserver/store.go:3801 ⋮ [T1,Vsystem,n1,s1] 29 +total |    22   73MB  573KB       0 |     - |  40MB |     0     0B |     0     0B |     3   43MB | 2.4MB |   2  1.1
I250821 14:55:33.185488 786 3@kv/kvserver/store.go:3801 ⋮ [T1,Vsystem,n1,s1] 29 +-------------------------------------------------------------------------------------------------------------------
I250821 14:55:33.185488 786 3@kv/kvserver/store.go:3801 ⋮ [T1,Vsystem,n1,s1] 29 +WAL: 1 files (2.3MB)  in: 2.3MB  written: 40MB (1637% overhead)
I250821 14:55:33.185488 786 3@kv/kvserver/store.go:3801 ⋮ [T1,Vsystem,n1,s1] 29 +Flushes: 1
I250821 14:55:33.185488 786 3@kv/kvserver/store.go:3801 ⋮ [T1,Vsystem,n1,s1] 29 +Compactions: 1  estimated debt: 0B  in progress: 0 (0B)
I250821 14:55:33.185488 786 3@kv/kvserver/store.go:3801 ⋮ [T1,Vsystem,n1,s1] 29 +             default: 1  delete: 0  elision: 0  move: 0  read: 0  tombstone-density: 0  rewrite: 0  copy: 0  multi-level: 0
I250821 14:55:33.185488 786 3@kv/kvserver/store.go:3801 ⋮ [T1,Vsystem,n1,s1] 29 +MemTables: 1 (64MB)  zombie: 1 (32MB)
I250821 14:55:33.185488 786 3@kv/kvserver/store.go:3801 ⋮ [T1,Vsystem,n1,s1] 29 +Zombie tables: 0 (0B, local: 0B)
I250821 14:55:33.185488 786 3@kv/kvserver/store.go:3801 ⋮ [T1,Vsystem,n1,s1] 29 +Backing tables: 0 (0B)
I250821 14:55:33.185488 786 3@kv/kvserver/store.go:3801 ⋮ [T1,Vsystem,n1,s1] 29 +Virtual tables: 0 (0B)
I250821 14:55:33.185488 786 3@kv/kvserver/store.go:3801 ⋮ [T1,Vsystem,n1,s1] 29 +Local tables size: 73MB
I250821 14:55:33.185488 786 3@kv/kvserver/store.go:3801 ⋮ [T1,Vsystem,n1,s1] 29 +Compression types: snappy: 22
I250821 14:55:33.185488 786 3@kv/kvserver/store.go:3801 ⋮ [T1,Vsystem,n1,s1] 29 +Block cache: 267 entries (8.1MB)  hit rate: 92.7%
I250821 14:55:33.185488 786 3@kv/kvserver/store.go:3801 ⋮ [T1,Vsystem,n1,s1] 29 +Table cache: 22 entries (18KB)  hit rate: 99.4%
I250821 14:55:33.185488 786 3@kv/kvserver/store.go:3801 ⋮ [T1,Vsystem,n1,s1] 29 +Snapshots: 0  earliest seq num: 0
I250821 14:55:33.185488 786 3@kv/kvserver/store.go:3801 ⋮ [T1,Vsystem,n1,s1] 29 +Table iters: 0
I250821 14:55:33.185488 786 3@kv/kvserver/store.go:3801 ⋮ [T1,Vsystem,n1,s1] 29 +Filter utility: 68.1%
I250821 14:55:33.185488 786 3@kv/kvserver/store.go:3801 ⋮ [T1,Vsystem,n1,s1] 29 +Ingestions: 0  as flushable: 0 (0B in 0 tables)
I250821 14:55:33.185488 786 3@kv/kvserver/store.go:3801 ⋮ [T1,Vsystem,n1,s1] 29 +Cgo memory usage: 104MB  block cache: 8.2MB (data: 8.1MB, maps: 27KB, entries: 21KB)  memtables: 96MB
