I250729 22:15:46.137632 27 util/log/file_sync_buffer.go:237 ⋮ [config]   file created at: 2025/07/29 22:15:46
I250729 22:15:46.137656 27 util/log/file_sync_buffer.go:237 ⋮ [config]   running on machine: ‹9b522bd74805›
I250729 22:15:46.137670 27 util/log/file_sync_buffer.go:237 ⋮ [config]   binary: CockroachDB CCL v25.2.0 (aarch64-unknown-linux-gnu, built 2025/05/15 21:07:42, go1.23.7 X:nocoverageredesign)
I250729 22:15:46.137676 27 util/log/file_sync_buffer.go:237 ⋮ [config]   arguments: [‹/cockroach/cockroach› ‹start-single-node› ‹--certs-dir=certs› ‹--advertise-addr=127.0.0.1:26257› ‹--insecure› ‹--http-addr=0.0.0.0:8080›]
I250729 22:15:46.137686 27 util/log/file_sync_buffer.go:237 ⋮ [config]   log format (utf8=✓): crdb-v2
I250729 22:15:46.137691 27 util/log/file_sync_buffer.go:237 ⋮ [config]   line format: [IWEF]yymmdd hh:mm:ss.uuuuuu goid [chan@]file:line redactionmark \[tags\] [counter] msg
I250729 22:15:46.134704 27 3@pebble/objstorage/objstorageprovider/remote.go:102 ⋮ [n?,s?,pebble] 1  remote storage configured; creatorID = 1
I250729 22:15:46.710699 27 3@pebble/open.go:1054 ⋮ [n?,s?,pebble] 2  [JOB ‹1›] WAL ‹000456: {(/cockroach/cockroach-data,000)}› stopped reading at offset: (‹/cockroach/cockroach-data/000456.log›: 48924335); replayed 142100 keys in 3849 batches
I250729 22:15:46.711324 100 3@pebble/event.go:1011 ⋮ [n?,s?,pebble] 3  [JOB 2] flushing 8 memtables (52MB) to L0
I250729 22:15:46.714463 100 3@pebble/event.go:1039 ⋮ [n?,s?,pebble] 4  [JOB 2] flushing: sstable created 000464
I250729 22:15:46.905736 100 3@pebble/event.go:1031 ⋮ [n?,s?,pebble] 5  [JOB 2] MANIFEST created 000465
I250729 22:15:46.905912 100 3@pebble/event.go:1015 ⋮ [n?,s?,pebble] 6  [JOB 2] flushed 8 memtables (52MB) to L0 [000464] (611KB), in 0.2s (0.2s total), output rate 3.1MB/s
I250729 22:15:46.908627 98 3@pebble/event.go:1063 ⋮ [n?,s?,pebble] 7  [JOB 2] WAL deleted 000449
I250729 22:15:46.912955 98 3@pebble/event.go:1063 ⋮ [n?,s?,pebble] 8  [JOB 2] WAL deleted 000456
I250729 22:15:46.913141 27 3@pebble/event.go:1059 ⋮ [n?,s?,pebble] 9  [JOB 1] WAL created 000466
I250729 22:15:46.923204 55 3@pebble/event.go:999 ⋮ [n?,s?,pebble] 10  [JOB 3] compacting(default) L0 [000464] (611KB) Score=3.40 + L6 [000458 000459 000460 000461 000462] (19MB) Score=0.29; OverlappingRatio: Single 31.52, Multi 0.00
I250729 22:15:46.945969 55 3@pebble/event.go:1039 ⋮ [n?,s?,pebble] 11  [JOB 3] compacting: sstable created 000468
I250729 22:15:47.601579 55 3@pebble/event.go:1039 ⋮ [n?,s?,pebble] 12  [JOB 3] compacting: sstable created 000469
I250729 22:15:48.252897 55 3@pebble/event.go:1039 ⋮ [n?,s?,pebble] 13  [JOB 3] compacting: sstable created 000470
I250729 22:15:48.594000 55 3@pebble/event.go:1039 ⋮ [n?,s?,pebble] 14  [JOB 3] compacting: sstable created 000471
I250729 22:15:48.941537 55 3@pebble/event.go:1039 ⋮ [n?,s?,pebble] 15  [JOB 3] compacting: sstable created 000472
I250729 22:15:49.196431 55 3@pebble/event.go:1003 ⋮ [n?,s?,pebble] 16  [JOB 3] compacted(default) L0 [000464] (611KB) Score=3.40 + L6 [000458 000459 000460 000461 000462] (19MB) Score=0.29 -> L6 [000468 000469 000470 000471 000472] (19MB), in 2.3s (2.3s total), output rate 8.4MB/s
I250729 22:15:49.200272 43 3@pebble/event.go:1051 ⋮ [n?,s?,pebble] 17  [JOB 4] all initial table stats loaded
I250729 22:15:49.201214 98 3@pebble/event.go:1043 ⋮ [n?,s?,pebble] 18  [JOB 3] sstable deleted 000458
I250729 22:15:49.203203 98 3@pebble/event.go:1043 ⋮ [n?,s?,pebble] 19  [JOB 3] sstable deleted 000459
I250729 22:15:49.209570 98 3@pebble/event.go:1043 ⋮ [n?,s?,pebble] 20  [JOB 3] sstable deleted 000460
I250729 22:15:49.212136 98 3@pebble/event.go:1043 ⋮ [n?,s?,pebble] 21  [JOB 3] sstable deleted 000461
I250729 22:15:49.213020 98 3@pebble/event.go:1043 ⋮ [n?,s?,pebble] 22  [JOB 3] sstable deleted 000462
I250729 22:15:49.214075 98 3@pebble/event.go:1043 ⋮ [n?,s?,pebble] 23  [JOB 3] sstable deleted 000464
I250729 22:15:49.214811 98 3@pebble/event.go:1035 ⋮ [n?,s?,pebble] 24  [JOB 1] MANIFEST deleted 000417
I250729 22:15:49.230518 27 3@pebble/event.go:1031 ⋮ [n?,s?,pebble] 25  [JOB 1] MANIFEST created 000001
I250729 22:15:49.241583 27 3@pebble/event.go:1059 ⋮ [n?,s?,pebble] 26  [JOB 1] WAL created 000002
I250729 22:15:49.247486 27 3@pebble/event.go:1027 ⋮ [n?,s?,pebble] 27  upgraded to format version: 014
I250729 22:15:49.249015 27 3@pebble/event.go:1027 ⋮ [n?,s?,pebble] 28  upgraded to format version: 015
I250729 22:15:49.250968 27 3@pebble/event.go:1027 ⋮ [n?,s?,pebble] 29  upgraded to format version: 016
I250729 22:15:49.253105 27 3@pebble/event.go:1027 ⋮ [n?,s?,pebble] 30  upgraded to format version: 017
I250729 22:15:49.257779 27 3@pebble/event.go:1027 ⋮ [n?,s?,pebble] 31  upgraded to format version: 018
I250729 22:15:49.259472 27 3@pebble/event.go:1027 ⋮ [n?,s?,pebble] 32  upgraded to format version: 019
I250729 22:15:49.266145 146 3@pebble/event.go:1051 ⋮ [n?,s?,pebble] 33  [JOB 2] all initial table stats loaded
I250729 22:16:09.853829 779 3@kv/kvserver/store.go:3801 ⋮ [T1,Vsystem,n1,s1] 34  Pebble metrics:
I250729 22:16:09.853829 779 3@kv/kvserver/store.go:3801 ⋮ [T1,Vsystem,n1,s1] 34 +      |                             |       |       |   ingested   |     moved    |    written   |       |    amp
I250729 22:16:09.853829 779 3@kv/kvserver/store.go:3801 ⋮ [T1,Vsystem,n1,s1] 34 +level | tables  size val-bl vtables | score |   in  | tables  size | tables  size | tables  size |  read |   r   w
I250729 22:16:09.853829 779 3@kv/kvserver/store.go:3801 ⋮ [T1,Vsystem,n1,s1] 34 +------+-----------------------------+-------+-------+--------------+--------------+--------------+-------+---------
I250729 22:16:09.853829 779 3@kv/kvserver/store.go:3801 ⋮ [T1,Vsystem,n1,s1] 34 +    0 |     0     0B     0B       0 |  0.00 |  47MB |     0     0B |     0     0B |     1  611KB |    0B |   0  0.0
I250729 22:16:09.853829 779 3@kv/kvserver/store.go:3801 ⋮ [T1,Vsystem,n1,s1] 34 +    1 |     0     0B     0B       0 |  0.00 |    0B |     0     0B |     0     0B |     0     0B |    0B |   0  0.0
I250729 22:16:09.853829 779 3@kv/kvserver/store.go:3801 ⋮ [T1,Vsystem,n1,s1] 34 +    2 |     0     0B     0B       0 |  0.00 |    0B |     0     0B |     0     0B |     0     0B |    0B |   0  0.0
I250729 22:16:09.853829 779 3@kv/kvserver/store.go:3801 ⋮ [T1,Vsystem,n1,s1] 34 +    3 |     0     0B     0B       0 |  0.00 |    0B |     0     0B |     0     0B |     0     0B |    0B |   0  0.0
I250729 22:16:09.853829 779 3@kv/kvserver/store.go:3801 ⋮ [T1,Vsystem,n1,s1] 34 +    4 |     0     0B     0B       0 |  0.00 |    0B |     0     0B |     0     0B |     0     0B |    0B |   0  0.0
I250729 22:16:09.853829 779 3@kv/kvserver/store.go:3801 ⋮ [T1,Vsystem,n1,s1] 34 +    5 |     0     0B     0B       0 |  0.00 |    0B |     0     0B |     0     0B |     0     0B |    0B |   0  0.0
I250729 22:16:09.853829 779 3@kv/kvserver/store.go:3801 ⋮ [T1,Vsystem,n1,s1] 34 +    6 |     5   19MB  1.7MB       0 |     - | 611KB |     0     0B |     0     0B |     5   19MB |  19MB |   1 31.9
I250729 22:16:09.853829 779 3@kv/kvserver/store.go:3801 ⋮ [T1,Vsystem,n1,s1] 34 +total |     5   19MB  1.7MB       0 |     - |  49MB |     0     0B |     0     0B |     6   69MB |  19MB |   1  1.4
I250729 22:16:09.853829 779 3@kv/kvserver/store.go:3801 ⋮ [T1,Vsystem,n1,s1] 34 +-------------------------------------------------------------------------------------------------------------------
I250729 22:16:09.853829 779 3@kv/kvserver/store.go:3801 ⋮ [T1,Vsystem,n1,s1] 34 +WAL: 1 files (2.3MB)  in: 2.3MB  written: 49MB (2059% overhead)
I250729 22:16:09.853829 779 3@kv/kvserver/store.go:3801 ⋮ [T1,Vsystem,n1,s1] 34 +Flushes: 1
I250729 22:16:09.853829 779 3@kv/kvserver/store.go:3801 ⋮ [T1,Vsystem,n1,s1] 34 +Compactions: 1  estimated debt: 0B  in progress: 0 (0B)
I250729 22:16:09.853829 779 3@kv/kvserver/store.go:3801 ⋮ [T1,Vsystem,n1,s1] 34 +             default: 1  delete: 0  elision: 0  move: 0  read: 0  tombstone-density: 0  rewrite: 0  copy: 0  multi-level: 0
I250729 22:16:09.853829 779 3@kv/kvserver/store.go:3801 ⋮ [T1,Vsystem,n1,s1] 34 +MemTables: 1 (64MB)  zombie: 1 (32MB)
I250729 22:16:09.853829 779 3@kv/kvserver/store.go:3801 ⋮ [T1,Vsystem,n1,s1] 34 +Zombie tables: 0 (0B, local: 0B)
I250729 22:16:09.853829 779 3@kv/kvserver/store.go:3801 ⋮ [T1,Vsystem,n1,s1] 34 +Backing tables: 0 (0B)
I250729 22:16:09.853829 779 3@kv/kvserver/store.go:3801 ⋮ [T1,Vsystem,n1,s1] 34 +Virtual tables: 0 (0B)
I250729 22:16:09.853829 779 3@kv/kvserver/store.go:3801 ⋮ [T1,Vsystem,n1,s1] 34 +Local tables size: 19MB
I250729 22:16:09.853829 779 3@kv/kvserver/store.go:3801 ⋮ [T1,Vsystem,n1,s1] 34 +Compression types: snappy: 5
I250729 22:16:09.853829 779 3@kv/kvserver/store.go:3801 ⋮ [T1,Vsystem,n1,s1] 34 +Block cache: 53 entries (1.7MB)  hit rate: 53.6%
I250729 22:16:09.853829 779 3@kv/kvserver/store.go:3801 ⋮ [T1,Vsystem,n1,s1] 34 +Table cache: 3 entries (2.4KB)  hit rate: 99.6%
I250729 22:16:09.853829 779 3@kv/kvserver/store.go:3801 ⋮ [T1,Vsystem,n1,s1] 34 +Snapshots: 0  earliest seq num: 0
I250729 22:16:09.853829 779 3@kv/kvserver/store.go:3801 ⋮ [T1,Vsystem,n1,s1] 34 +Table iters: 0
I250729 22:16:09.853829 779 3@kv/kvserver/store.go:3801 ⋮ [T1,Vsystem,n1,s1] 34 +Filter utility: 0.0%
I250729 22:16:09.853829 779 3@kv/kvserver/store.go:3801 ⋮ [T1,Vsystem,n1,s1] 34 +Ingestions: 0  as flushable: 0 (0B in 0 tables)
I250729 22:16:09.853829 779 3@kv/kvserver/store.go:3801 ⋮ [T1,Vsystem,n1,s1] 34 +Cgo memory usage: 98MB  block cache: 1.8MB (data: 1.7MB, maps: 16KB, entries: 4.1KB)  memtables: 96MB
