I250821 16:55:31.844169 39 util/log/file_sync_buffer.go:237 ⋮ [config]   file created at: 2025/08/21 16:55:31
I250821 16:55:31.844294 39 util/log/file_sync_buffer.go:237 ⋮ [config]   running on machine: ‹42e90816d139›
I250821 16:55:31.844323 39 util/log/file_sync_buffer.go:237 ⋮ [config]   binary: CockroachDB CCL v25.2.0 (aarch64-unknown-linux-gnu, built 2025/05/15 21:07:42, go1.23.7 X:nocoverageredesign)
I250821 16:55:31.844337 39 util/log/file_sync_buffer.go:237 ⋮ [config]   arguments: [‹/cockroach/cockroach› ‹start-single-node› ‹--certs-dir=certs› ‹--advertise-addr=127.0.0.1:26257› ‹--insecure› ‹--http-addr=0.0.0.0:8080›]
I250821 16:55:31.844382 39 util/log/file_sync_buffer.go:237 ⋮ [config]   log format (utf8=✓): crdb-v2
I250821 16:55:31.844393 39 util/log/file_sync_buffer.go:237 ⋮ [config]   line format: [IWEF]yymmdd hh:mm:ss.uuuuuu goid [chan@]file:line redactionmark \[tags\] [counter] msg
I250821 16:55:31.831563 39 3@pebble/objstorage/objstorageprovider/remote.go:102 ⋮ [n?,s?,pebble] 1  remote storage configured; creatorID = 1
I250821 16:55:32.900684 39 3@pebble/open.go:1054 ⋮ [n?,s?,pebble] 2  [JOB ‹1›] WAL ‹004077: {(/cockroach/cockroach-data,000)}› stopped reading at offset: (‹/cockroach/cockroach-data/004077.log›: 56294364); replayed 165410 keys in 4912 batches
I250821 16:55:32.901837 70 3@pebble/event.go:1011 ⋮ [n?,s?,pebble] 3  [JOB 2] flushing 8 memtables (59MB) to L0
I250821 16:55:32.913680 70 3@pebble/event.go:1039 ⋮ [n?,s?,pebble] 4  [JOB 2] flushing: sstable created 004082
I250821 16:55:33.277496 70 3@pebble/event.go:1031 ⋮ [n?,s?,pebble] 5  [JOB 2] MANIFEST created 004083
I250821 16:55:33.277740 70 3@pebble/event.go:1015 ⋮ [n?,s?,pebble] 6  [JOB 2] flushed 8 memtables (59MB) to L0 [004082] (492KB), in 0.4s (0.4s total), output rate 1.3MB/s
I250821 16:55:33.306026 68 3@pebble/event.go:1063 ⋮ [n?,s?,pebble] 7  [JOB 2] WAL deleted 004073
I250821 16:55:33.306614 39 3@pebble/event.go:1059 ⋮ [n?,s?,pebble] 8  [JOB 1] WAL created 004084
I250821 16:55:33.348795 68 3@pebble/event.go:1063 ⋮ [n?,s?,pebble] 9  [JOB 2] WAL deleted 004077
I250821 16:55:33.385784 121 3@pebble/event.go:999 ⋮ [n?,s?,pebble] 10  [JOB 3] compacting(default) L0 [004082] (492KB) Score=13.78 + L5 [004079 004080] (4.6MB) Score=0.07; OverlappingRatio: Single 9.67, Multi 0.00
I250821 16:55:33.822981 121 3@pebble/event.go:1039 ⋮ [n?,s?,pebble] 11  [JOB 3] compacting: sstable created 004086
I250821 16:55:34.152479 72 3@pebble/event.go:1051 ⋮ [n?,s?,pebble] 12  [JOB 5] all initial table stats loaded
I250821 16:55:34.797272 121 3@pebble/event.go:1039 ⋮ [n?,s?,pebble] 13  [JOB 3] compacting: sstable created 004087
I250821 16:55:35.431467 121 3@pebble/event.go:1003 ⋮ [n?,s?,pebble] 14  [JOB 3] compacted(default) L0 [004082] (492KB) Score=13.78 + L5 [004079 004080] (4.6MB) Score=0.07 -> L5 [004086 004087] (4.9MB), in 2.0s (2.1s total), output rate 2.4MB/s
I250821 16:55:35.438659 68 3@pebble/event.go:1043 ⋮ [n?,s?,pebble] 15  [JOB 3] sstable deleted 004079
I250821 16:55:35.449022 68 3@pebble/event.go:1043 ⋮ [n?,s?,pebble] 16  [JOB 3] sstable deleted 004080
I250821 16:55:35.449883 68 3@pebble/event.go:1043 ⋮ [n?,s?,pebble] 17  [JOB 3] sstable deleted 004082
I250821 16:55:35.453676 68 3@pebble/event.go:1035 ⋮ [n?,s?,pebble] 18  [JOB 1] MANIFEST deleted 004065
I250821 16:55:35.565013 39 3@pebble/event.go:1031 ⋮ [n?,s?,pebble] 19  [JOB 1] MANIFEST created 000001
I250821 16:55:35.587615 39 3@pebble/event.go:1059 ⋮ [n?,s?,pebble] 20  [JOB 1] WAL created 000002
I250821 16:55:35.590417 39 3@pebble/event.go:1027 ⋮ [n?,s?,pebble] 21  upgraded to format version: 014
I250821 16:55:35.592404 39 3@pebble/event.go:1027 ⋮ [n?,s?,pebble] 22  upgraded to format version: 015
I250821 16:55:35.597923 39 3@pebble/event.go:1027 ⋮ [n?,s?,pebble] 23  upgraded to format version: 016
I250821 16:55:35.599094 39 3@pebble/event.go:1027 ⋮ [n?,s?,pebble] 24  upgraded to format version: 017
I250821 16:55:35.600766 39 3@pebble/event.go:1027 ⋮ [n?,s?,pebble] 25  upgraded to format version: 018
I250821 16:55:35.602395 39 3@pebble/event.go:1027 ⋮ [n?,s?,pebble] 26  upgraded to format version: 019
I250821 16:55:35.622318 177 3@pebble/event.go:1051 ⋮ [n?,s?,pebble] 27  [JOB 2] all initial table stats loaded
I250821 16:55:56.340855 591 3@kv/kvserver/store.go:3801 ⋮ [T1,Vsystem,n1,s1] 28  Pebble metrics:
I250821 16:55:56.340855 591 3@kv/kvserver/store.go:3801 ⋮ [T1,Vsystem,n1,s1] 28 +      |                             |       |       |   ingested   |     moved    |    written   |       |    amp
I250821 16:55:56.340855 591 3@kv/kvserver/store.go:3801 ⋮ [T1,Vsystem,n1,s1] 28 +level | tables  size val-bl vtables | score |   in  | tables  size | tables  size | tables  size |  read |   r   w
I250821 16:55:56.340855 591 3@kv/kvserver/store.go:3801 ⋮ [T1,Vsystem,n1,s1] 28 +------+-----------------------------+-------+-------+--------------+--------------+--------------+-------+---------
I250821 16:55:56.340855 591 3@kv/kvserver/store.go:3801 ⋮ [T1,Vsystem,n1,s1] 28 +    0 |     0     0B     0B       0 |  0.00 |  54MB |     0     0B |     0     0B |     1  492KB |    0B |   0  0.0
I250821 16:55:56.340855 591 3@kv/kvserver/store.go:3801 ⋮ [T1,Vsystem,n1,s1] 28 +    1 |     0     0B     0B       0 |  0.00 |    0B |     0     0B |     0     0B |     0     0B |    0B |   0  0.0
I250821 16:55:56.340855 591 3@kv/kvserver/store.go:3801 ⋮ [T1,Vsystem,n1,s1] 28 +    2 |     0     0B     0B       0 |  0.00 |    0B |     0     0B |     0     0B |     0     0B |    0B |   0  0.0
I250821 16:55:56.340855 591 3@kv/kvserver/store.go:3801 ⋮ [T1,Vsystem,n1,s1] 28 +    3 |     0     0B     0B       0 |  0.00 |    0B |     0     0B |     0     0B |     0     0B |    0B |   0  0.0
I250821 16:55:56.340855 591 3@kv/kvserver/store.go:3801 ⋮ [T1,Vsystem,n1,s1] 28 +    4 |     0     0B     0B       0 |  0.00 |    0B |     0     0B |     0     0B |     0     0B |    0B |   0  0.0
I250821 16:55:56.340855 591 3@kv/kvserver/store.go:3801 ⋮ [T1,Vsystem,n1,s1] 28 +    5 |     2  4.9MB  319KB       0 |  0.16 | 492KB |     0     0B |     0     0B |     2  4.9MB | 5.1MB |   1 10.2
I250821 16:55:56.340855 591 3@kv/kvserver/store.go:3801 ⋮ [T1,Vsystem,n1,s1] 28 +    6 |    14   72MB  498KB       0 |     - |    0B |     0     0B |     0     0B |     0     0B |    0B |   1  0.0
I250821 16:55:56.340855 591 3@kv/kvserver/store.go:3801 ⋮ [T1,Vsystem,n1,s1] 28 +total |    16   77MB  817KB       0 |     - |  56MB |     0     0B |     0     0B |     3   61MB | 5.1MB |   2  1.1
I250821 16:55:56.340855 591 3@kv/kvserver/store.go:3801 ⋮ [T1,Vsystem,n1,s1] 28 +-------------------------------------------------------------------------------------------------------------------
I250821 16:55:56.340855 591 3@kv/kvserver/store.go:3801 ⋮ [T1,Vsystem,n1,s1] 28 +WAL: 1 files (2.3MB)  in: 2.3MB  written: 56MB (2320% overhead)
I250821 16:55:56.340855 591 3@kv/kvserver/store.go:3801 ⋮ [T1,Vsystem,n1,s1] 28 +Flushes: 1
I250821 16:55:56.340855 591 3@kv/kvserver/store.go:3801 ⋮ [T1,Vsystem,n1,s1] 28 +Compactions: 1  estimated debt: 0B  in progress: 0 (0B)
I250821 16:55:56.340855 591 3@kv/kvserver/store.go:3801 ⋮ [T1,Vsystem,n1,s1] 28 +             default: 1  delete: 0  elision: 0  move: 0  read: 0  tombstone-density: 0  rewrite: 0  copy: 0  multi-level: 0
I250821 16:55:56.340855 591 3@kv/kvserver/store.go:3801 ⋮ [T1,Vsystem,n1,s1] 28 +MemTables: 1 (64MB)  zombie: 1 (32MB)
I250821 16:55:56.340855 591 3@kv/kvserver/store.go:3801 ⋮ [T1,Vsystem,n1,s1] 28 +Zombie tables: 0 (0B, local: 0B)
I250821 16:55:56.340855 591 3@kv/kvserver/store.go:3801 ⋮ [T1,Vsystem,n1,s1] 28 +Backing tables: 0 (0B)
I250821 16:55:56.340855 591 3@kv/kvserver/store.go:3801 ⋮ [T1,Vsystem,n1,s1] 28 +Virtual tables: 0 (0B)
I250821 16:55:56.340855 591 3@kv/kvserver/store.go:3801 ⋮ [T1,Vsystem,n1,s1] 28 +Local tables size: 77MB
I250821 16:55:56.340855 591 3@kv/kvserver/store.go:3801 ⋮ [T1,Vsystem,n1,s1] 28 +Compression types: snappy: 16
I250821 16:55:56.340855 591 3@kv/kvserver/store.go:3801 ⋮ [T1,Vsystem,n1,s1] 28 +Block cache: 89 entries (3.1MB)  hit rate: 89.7%
I250821 16:55:56.340855 591 3@kv/kvserver/store.go:3801 ⋮ [T1,Vsystem,n1,s1] 28 +Table cache: 16 entries (13KB)  hit rate: 99.5%
I250821 16:55:56.340855 591 3@kv/kvserver/store.go:3801 ⋮ [T1,Vsystem,n1,s1] 28 +Snapshots: 0  earliest seq num: 0
I250821 16:55:56.340855 591 3@kv/kvserver/store.go:3801 ⋮ [T1,Vsystem,n1,s1] 28 +Table iters: 0
I250821 16:55:56.340855 591 3@kv/kvserver/store.go:3801 ⋮ [T1,Vsystem,n1,s1] 28 +Filter utility: 66.6%
I250821 16:55:56.340855 591 3@kv/kvserver/store.go:3801 ⋮ [T1,Vsystem,n1,s1] 28 +Ingestions: 0  as flushable: 0 (0B in 0 tables)
I250821 16:55:56.340855 591 3@kv/kvserver/store.go:3801 ⋮ [T1,Vsystem,n1,s1] 28 +Cgo memory usage: 99MB  block cache: 3.1MB (data: 3.1MB, maps: 18KB, entries: 7.0KB)  memtables: 96MB
