I250821 14:40:52.117777 70 util/log/file_sync_buffer.go:237 ⋮ [config]   file created at: 2025/08/21 14:40:52
I250821 14:40:52.117811 70 util/log/file_sync_buffer.go:237 ⋮ [config]   running on machine: ‹d8758e3a0ce9›
I250821 14:40:52.117847 70 util/log/file_sync_buffer.go:237 ⋮ [config]   binary: CockroachDB CCL v25.2.0 (aarch64-unknown-linux-gnu, built 2025/05/15 21:07:42, go1.23.7 X:nocoverageredesign)
I250821 14:40:52.117860 70 util/log/file_sync_buffer.go:237 ⋮ [config]   arguments: [‹/cockroach/cockroach› ‹start-single-node› ‹--certs-dir=certs› ‹--advertise-addr=127.0.0.1:26257› ‹--insecure› ‹--http-addr=0.0.0.0:8080›]
I250821 14:40:52.117873 70 util/log/file_sync_buffer.go:237 ⋮ [config]   log format (utf8=✓): crdb-v2
I250821 14:40:52.117877 70 util/log/file_sync_buffer.go:237 ⋮ [config]   line format: [IWEF]yymmdd hh:mm:ss.uuuuuu goid [chan@]file:line redactionmark \[tags\] [counter] msg
I250821 14:40:52.111436 70 3@pebble/objstorage/objstorageprovider/remote.go:102 ⋮ [n?,s?,pebble] 1  remote storage configured; creatorID = 1
I250821 14:40:52.316830 70 3@pebble/open.go:1054 ⋮ [n?,s?,pebble] 2  [JOB ‹1›] WAL ‹003944: {(/cockroach/cockroach-data,000)}› stopped reading at offset: (‹/cockroach/cockroach-data/003944.log›: 10733712); replayed 33312 keys in 1993 batches
I250821 14:40:52.318212 100 3@pebble/event.go:1011 ⋮ [n?,s?,pebble] 3  [JOB 2] flushing 6 memtables (11MB) to L0
I250821 14:40:52.343408 100 3@pebble/event.go:1039 ⋮ [n?,s?,pebble] 4  [JOB 2] flushing: sstable created 003949
I250821 14:40:52.475680 100 3@pebble/event.go:1031 ⋮ [n?,s?,pebble] 5  [JOB 2] MANIFEST created 003950
I250821 14:40:52.475802 100 3@pebble/event.go:1015 ⋮ [n?,s?,pebble] 6  [JOB 2] flushed 6 memtables (11MB) to L0 [003949] (211KB), in 0.1s (0.2s total), output rate 2.3MB/s
I250821 14:40:52.481311 70 3@pebble/event.go:1059 ⋮ [n?,s?,pebble] 7  [JOB 1] WAL created 003951
I250821 14:40:52.481848 98 3@pebble/event.go:1063 ⋮ [n?,s?,pebble] 8  [JOB 2] WAL deleted 003944
I250821 14:40:52.489511 54 3@pebble/event.go:999 ⋮ [n?,s?,pebble] 9  [JOB 4] compacting(default) L0 [003949] (211KB) Score=34.69 + L5 [003946 003947] (1.8MB) Score=0.03; OverlappingRatio: Single 8.97, Multi 0.00
I250821 14:40:52.534504 54 3@pebble/event.go:1039 ⋮ [n?,s?,pebble] 10  [JOB 4] compacting: sstable created 003953
I250821 14:40:52.626271 87 3@pebble/event.go:1051 ⋮ [n?,s?,pebble] 11  [JOB 5] all initial table stats loaded
I250821 14:40:52.773135 54 3@pebble/event.go:1039 ⋮ [n?,s?,pebble] 12  [JOB 4] compacting: sstable created 003954
I250821 14:40:52.847731 54 3@pebble/event.go:1003 ⋮ [n?,s?,pebble] 13  [JOB 4] compacted(default) L0 [003949] (211KB) Score=34.69 + L5 [003946 003947] (1.8MB) Score=0.03 -> L5 [003953 003954] (1.9MB), in 0.4s (0.4s total), output rate 5.3MB/s
I250821 14:40:52.858165 98 3@pebble/event.go:1043 ⋮ [n?,s?,pebble] 14  [JOB 4] sstable deleted 003946
I250821 14:40:52.862841 98 3@pebble/event.go:1043 ⋮ [n?,s?,pebble] 15  [JOB 4] sstable deleted 003947
I250821 14:40:52.864814 98 3@pebble/event.go:1043 ⋮ [n?,s?,pebble] 16  [JOB 4] sstable deleted 003949
I250821 14:40:52.869119 98 3@pebble/event.go:1035 ⋮ [n?,s?,pebble] 17  [JOB 1] MANIFEST deleted 003936
I250821 14:40:52.904120 70 3@pebble/event.go:1031 ⋮ [n?,s?,pebble] 18  [JOB 1] MANIFEST created 000001
I250821 14:40:52.916416 70 3@pebble/event.go:1059 ⋮ [n?,s?,pebble] 19  [JOB 1] WAL created 000002
I250821 14:40:52.918104 70 3@pebble/event.go:1027 ⋮ [n?,s?,pebble] 20  upgraded to format version: 014
I250821 14:40:52.919869 70 3@pebble/event.go:1027 ⋮ [n?,s?,pebble] 21  upgraded to format version: 015
I250821 14:40:52.921797 70 3@pebble/event.go:1027 ⋮ [n?,s?,pebble] 22  upgraded to format version: 016
I250821 14:40:52.923469 70 3@pebble/event.go:1027 ⋮ [n?,s?,pebble] 23  upgraded to format version: 017
I250821 14:40:52.928557 70 3@pebble/event.go:1027 ⋮ [n?,s?,pebble] 24  upgraded to format version: 018
I250821 14:40:52.931410 70 3@pebble/event.go:1027 ⋮ [n?,s?,pebble] 25  upgraded to format version: 019
I250821 14:40:52.936692 150 3@pebble/event.go:1051 ⋮ [n?,s?,pebble] 26  [JOB 2] all initial table stats loaded
I250821 14:41:13.659259 560 3@kv/kvserver/store.go:3801 ⋮ [T1,Vsystem,n1,s1] 27  Pebble metrics:
I250821 14:41:13.659259 560 3@kv/kvserver/store.go:3801 ⋮ [T1,Vsystem,n1,s1] 27 +      |                             |       |       |   ingested   |     moved    |    written   |       |    amp
I250821 14:41:13.659259 560 3@kv/kvserver/store.go:3801 ⋮ [T1,Vsystem,n1,s1] 27 +level | tables  size val-bl vtables | score |   in  | tables  size | tables  size | tables  size |  read |   r   w
I250821 14:41:13.659259 560 3@kv/kvserver/store.go:3801 ⋮ [T1,Vsystem,n1,s1] 27 +------+-----------------------------+-------+-------+--------------+--------------+--------------+-------+---------
I250821 14:41:13.659259 560 3@kv/kvserver/store.go:3801 ⋮ [T1,Vsystem,n1,s1] 27 +    0 |     0     0B     0B       0 |  0.00 |  10MB |     0     0B |     0     0B |     1  211KB |    0B |   0  0.0
I250821 14:41:13.659259 560 3@kv/kvserver/store.go:3801 ⋮ [T1,Vsystem,n1,s1] 27 +    1 |     0     0B     0B       0 |  0.00 |    0B |     0     0B |     0     0B |     0     0B |    0B |   0  0.0
I250821 14:41:13.659259 560 3@kv/kvserver/store.go:3801 ⋮ [T1,Vsystem,n1,s1] 27 +    2 |     0     0B     0B       0 |  0.00 |    0B |     0     0B |     0     0B |     0     0B |    0B |   0  0.0
I250821 14:41:13.659259 560 3@kv/kvserver/store.go:3801 ⋮ [T1,Vsystem,n1,s1] 27 +    3 |     0     0B     0B       0 |  0.00 |    0B |     0     0B |     0     0B |     0     0B |    0B |   0  0.0
I250821 14:41:13.659259 560 3@kv/kvserver/store.go:3801 ⋮ [T1,Vsystem,n1,s1] 27 +    4 |     0     0B     0B       0 |  0.00 |    0B |     0     0B |     0     0B |     0     0B |    0B |   0  0.0
I250821 14:41:13.659259 560 3@kv/kvserver/store.go:3801 ⋮ [T1,Vsystem,n1,s1] 27 +    5 |     2  1.9MB   70KB       0 |  0.08 | 211KB |     0     0B |     0     0B |     2  1.9MB | 2.1MB |   1  9.2
I250821 14:41:13.659259 560 3@kv/kvserver/store.go:3801 ⋮ [T1,Vsystem,n1,s1] 27 +    6 |    20   71MB  492KB       0 |     - |    0B |     0     0B |     0     0B |     0     0B |    0B |   1  0.0
I250821 14:41:13.659259 560 3@kv/kvserver/store.go:3801 ⋮ [T1,Vsystem,n1,s1] 27 +total |    22   73MB  562KB       0 |     - |  12MB |     0     0B |     0     0B |     3   15MB | 2.1MB |   2  1.2
I250821 14:41:13.659259 560 3@kv/kvserver/store.go:3801 ⋮ [T1,Vsystem,n1,s1] 27 +-------------------------------------------------------------------------------------------------------------------
I250821 14:41:13.659259 560 3@kv/kvserver/store.go:3801 ⋮ [T1,Vsystem,n1,s1] 27 +WAL: 1 files (2.3MB)  in: 2.3MB  written: 12MB (450% overhead)
I250821 14:41:13.659259 560 3@kv/kvserver/store.go:3801 ⋮ [T1,Vsystem,n1,s1] 27 +Flushes: 1
I250821 14:41:13.659259 560 3@kv/kvserver/store.go:3801 ⋮ [T1,Vsystem,n1,s1] 27 +Compactions: 1  estimated debt: 0B  in progress: 0 (0B)
I250821 14:41:13.659259 560 3@kv/kvserver/store.go:3801 ⋮ [T1,Vsystem,n1,s1] 27 +             default: 1  delete: 0  elision: 0  move: 0  read: 0  tombstone-density: 0  rewrite: 0  copy: 0  multi-level: 0
I250821 14:41:13.659259 560 3@kv/kvserver/store.go:3801 ⋮ [T1,Vsystem,n1,s1] 27 +MemTables: 1 (16MB)  zombie: 1 (8.0MB)
I250821 14:41:13.659259 560 3@kv/kvserver/store.go:3801 ⋮ [T1,Vsystem,n1,s1] 27 +Zombie tables: 0 (0B, local: 0B)
I250821 14:41:13.659259 560 3@kv/kvserver/store.go:3801 ⋮ [T1,Vsystem,n1,s1] 27 +Backing tables: 0 (0B)
I250821 14:41:13.659259 560 3@kv/kvserver/store.go:3801 ⋮ [T1,Vsystem,n1,s1] 27 +Virtual tables: 0 (0B)
I250821 14:41:13.659259 560 3@kv/kvserver/store.go:3801 ⋮ [T1,Vsystem,n1,s1] 27 +Local tables size: 73MB
I250821 14:41:13.659259 560 3@kv/kvserver/store.go:3801 ⋮ [T1,Vsystem,n1,s1] 27 +Compression types: snappy: 22
I250821 14:41:13.659259 560 3@kv/kvserver/store.go:3801 ⋮ [T1,Vsystem,n1,s1] 27 +Block cache: 73 entries (2.5MB)  hit rate: 94.7%
I250821 14:41:13.659259 560 3@kv/kvserver/store.go:3801 ⋮ [T1,Vsystem,n1,s1] 27 +Table cache: 22 entries (18KB)  hit rate: 99.4%
I250821 14:41:13.659259 560 3@kv/kvserver/store.go:3801 ⋮ [T1,Vsystem,n1,s1] 27 +Snapshots: 0  earliest seq num: 0
I250821 14:41:13.659259 560 3@kv/kvserver/store.go:3801 ⋮ [T1,Vsystem,n1,s1] 27 +Table iters: 0
I250821 14:41:13.659259 560 3@kv/kvserver/store.go:3801 ⋮ [T1,Vsystem,n1,s1] 27 +Filter utility: 67.0%
I250821 14:41:13.659259 560 3@kv/kvserver/store.go:3801 ⋮ [T1,Vsystem,n1,s1] 27 +Ingestions: 0  as flushable: 0 (0B in 0 tables)
I250821 14:41:13.659259 560 3@kv/kvserver/store.go:3801 ⋮ [T1,Vsystem,n1,s1] 27 +Cgo memory usage: 27MB  block cache: 2.5MB (data: 2.5MB, maps: 16KB, entries: 5.7KB)  memtables: 24MB
I250821 14:42:53.652585 713 3@pebble/event.go:1059 ⋮ [n1,s1,pebble] 28  [JOB 7] WAL created 003955
