I250818 15:45:34.834640 1 util/log/file_sync_buffer.go:237 ⋮ [config]   file created at: 2025/08/18 15:45:34
I250818 15:45:34.834671 1 util/log/file_sync_buffer.go:237 ⋮ [config]   running on machine: ‹4e3b93cffca4›
I250818 15:45:34.834688 1 util/log/file_sync_buffer.go:237 ⋮ [config]   binary: CockroachDB CCL v25.2.0 (aarch64-unknown-linux-gnu, built 2025/05/15 21:07:42, go1.23.7 X:nocoverageredesign)
I250818 15:45:34.834695 1 util/log/file_sync_buffer.go:237 ⋮ [config]   arguments: [‹/cockroach/cockroach› ‹start-single-node› ‹--certs-dir=certs› ‹--advertise-addr=127.0.0.1:26257› ‹--insecure› ‹--http-addr=0.0.0.0:8080›]
I250818 15:45:34.834708 1 util/log/file_sync_buffer.go:237 ⋮ [config]   log format (utf8=✓): crdb-v2
I250818 15:45:34.834712 1 util/log/file_sync_buffer.go:237 ⋮ [config]   line format: [IWEF]yymmdd hh:mm:ss.uuuuuu goid [chan@]file:line redactionmark \[tags\] [counter] msg
W250818 15:45:34.825339 1 1@cli/start.go:1438 ⋮ [n?] 1  ALL SECURITY CONTROLS HAVE BEEN DISABLED!
W250818 15:45:34.825339 1 1@cli/start.go:1438 ⋮ [n?] 1 +
W250818 15:45:34.825339 1 1@cli/start.go:1438 ⋮ [n?] 1 +This mode is intended for non-production testing only.
W250818 15:45:34.825339 1 1@cli/start.go:1438 ⋮ [n?] 1 +
W250818 15:45:34.825339 1 1@cli/start.go:1438 ⋮ [n?] 1 +In this mode:
W250818 15:45:34.825339 1 1@cli/start.go:1438 ⋮ [n?] 1 +- Your cluster is open to any client that can access ‹any of your IP addresses›.
W250818 15:45:34.825339 1 1@cli/start.go:1438 ⋮ [n?] 1 +- Intruders with access to your machine or network can observe client-server traffic.
W250818 15:45:34.825339 1 1@cli/start.go:1438 ⋮ [n?] 1 +- Intruders can log in without password and read or write any data in the cluster.
W250818 15:45:34.825339 1 1@cli/start.go:1438 ⋮ [n?] 1 +- Intruders can consume all your server's resources and cause unavailability.
I250818 15:45:34.864585 1 1@cli/start.go:1448 ⋮ [n?] 2  To start a secure server without mandating TLS for clients,
I250818 15:45:34.864585 1 1@cli/start.go:1448 ⋮ [n?] 2 +consider --accept-sql-without-tls instead. For other options, see:
I250818 15:45:34.864585 1 1@cli/start.go:1448 ⋮ [n?] 2 +
I250818 15:45:34.864585 1 1@cli/start.go:1448 ⋮ [n?] 2 +- https://go.crdb.dev/issue-v/53404/v25.2
I250818 15:45:34.864585 1 1@cli/start.go:1448 ⋮ [n?] 2 +- https://www.cockroachlabs.com/docs/v25.2/secure-a-cluster.html
I250818 15:45:34.865928 1 server/status/recorder.go:856 ⋮ [n?] 3  ‹available memory from cgroups (8.0 EiB) is unsupported, using system memory 8.7 GiB instead: ›
W250818 15:45:34.866566 1 1@cli/start.go:1360 ⋮ [n?] 4  Using the default setting for --cache (128 MiB).
W250818 15:45:34.866566 1 1@cli/start.go:1360 ⋮ [n?] 4 +  A significantly larger value is usually needed for good performance.
W250818 15:45:34.866566 1 1@cli/start.go:1360 ⋮ [n?] 4 +  If you have a dedicated server a reasonable setting is --cache=.25 (2.2 GiB).
I250818 15:45:34.867606 1 server/status/recorder.go:856 ⋮ [n?] 5  ‹available memory from cgroups (8.0 EiB) is unsupported, using system memory 8.7 GiB instead: ›
I250818 15:45:34.867620 1 1@cli/start.go:1477 ⋮ [n?] 6  CockroachDB CCL v25.2.0 (aarch64-unknown-linux-gnu, built 2025/05/15 21:07:42, go1.23.7 X:nocoverageredesign)
I250818 15:45:34.868083 1 server/status/recorder.go:856 ⋮ [n?] 7  ‹available memory from cgroups (8.0 EiB) is unsupported, using system memory 8.7 GiB instead: ›
I250818 15:45:34.868090 1 1@cli/start.go:554 ⋮ [n?] 8  soft memory limit of Go runtime is set to 4.9 GiB
I250818 15:45:34.868100 1 1@cli/start.go:591 ⋮ [n?] 9  GC target percentage of Go runtime is set to 300%
I250818 15:45:34.979244 1 server/status/recorder.go:856 ⋮ [T1,Vsystem,n?] 10  ‹available memory from cgroups (8.0 EiB) is unsupported, using system memory 8.7 GiB instead: ›
I250818 15:45:34.979283 1 server/config.go:674 ⋮ [T1,Vsystem,n?] 11  system total memory: 8.7 GiB
I250818 15:45:34.979295 1 server/config.go:676 ⋮ [T1,Vsystem,n?] 12  server configuration:
I250818 15:45:34.979295 1 server/config.go:676 ⋮ [T1,Vsystem,n?] 12 +max offset             500000000
I250818 15:45:34.979295 1 server/config.go:676 ⋮ [T1,Vsystem,n?] 12 +cache size             128 MiB
I250818 15:45:34.979295 1 server/config.go:676 ⋮ [T1,Vsystem,n?] 12 +SQL memory pool size   2.2 GiB
I250818 15:45:34.979295 1 server/config.go:676 ⋮ [T1,Vsystem,n?] 12 +scan interval          10m0s
I250818 15:45:34.979295 1 server/config.go:676 ⋮ [T1,Vsystem,n?] 12 +scan min idle time     10ms
I250818 15:45:34.979295 1 server/config.go:676 ⋮ [T1,Vsystem,n?] 12 +scan max idle time     1s
I250818 15:45:34.979295 1 server/config.go:676 ⋮ [T1,Vsystem,n?] 12 +event log enabled      true
I250818 15:45:34.979333 1 1@cli/start.go:1338 ⋮ [T1,Vsystem,n?] 13  using local environment variables:
I250818 15:45:34.979333 1 1@cli/start.go:1338 ⋮ [T1,Vsystem,n?] 13 +COCKROACH_CHANNEL=official-docker
I250818 15:45:34.979363 1 1@cli/start.go:1345 ⋮ [T1,Vsystem,n?] 14  process identity: uid 0 euid 0 gid 0 egid 0
I250818 15:45:35.049006 1 1@cli/start.go:1500 ⋮ [T1,Vsystem,n?] 15  GEOS loaded from directory ‹/usr/local/lib/cockroach›
I250818 15:45:35.049899 1 1@cli/start.go:777 ⋮ [T1,Vsystem,n?] 16  starting cockroach node
I250818 15:45:36.975035 98 server/config.go:880 ⋮ [T1,Vsystem,n?] 17  1 storage engine initialized
I250818 15:45:36.975079 98 server/config.go:883 ⋮ [T1,Vsystem,n?] 18  Pebble cache size: 128 MiB
I250818 15:45:36.975094 98 server/config.go:883 ⋮ [T1,Vsystem,n?] 19  store 0: max size 0 B, max open file limit 1043576
I250818 15:45:36.975098 98 server/config.go:883 ⋮ [T1,Vsystem,n?] 20  store 0: /cockroach/cockroach-data: rw encrypted=false fs:{bdev=/run/host_mark/Users fstype=fakeowner mountpoint=/cockroach/cockroach-data mountopts=rw,nosuid,nodev,relatime,fakeowner}
I250818 15:45:36.989858 131 util/cidr/cidr.go:299 ⋮ [T1,Vsystem,n?] 21  CIDR lookup updated with 0 destinations
I250818 15:45:37.162167 98 1@server/clock_monotonicity.go:61 ⋮ [T1,Vsystem,n?] 22  monitoring forward clock jumps based on server.clock.forward_jump_check.enabled
I250818 15:45:37.195008 98 1@server/clock_monotonicity.go:136 ⋮ [T1,Vsystem,n1] 23  Sleeping till wall time 1755531937195003876 to catches up to 1755531937662041169 to ensure monotonicity. Sub: 467.037293ms
I250818 15:45:37.195082 583 1@server/server.go:1802 ⋮ [T1,Vsystem,n1] 24  connecting to gossip network to verify cluster ID "7c4e678d-486f-4806-8e59-dd3b5b489461"
W250818 15:45:37.663425 98 1@cli/start.go:1299 ⋮ [T1,Vsystem,n1] 25  Running a server without --sql-addr, with a combined RPC/SQL listener, is deprecated.
W250818 15:45:37.663425 98 1@cli/start.go:1299 ⋮ [T1,Vsystem,n1] 25 +This feature will be removed in a later version of CockroachDB.
W250818 15:45:37.663519 98 1@gossip/gossip.go:1460 ⋮ [T1,Vsystem,n1] 26  no addresses found; use --join to specify a connected node
I250818 15:45:37.674269 602 kv/kvserver/kvstorage/init.go:250 ⋮ [T1,Vsystem,n1,s1] 27  beginning range descriptor iteration
I250818 15:45:37.674637 602 kv/kvserver/kvstorage/init.go:374 ⋮ [T1,Vsystem,n1,s1] 28  range descriptor iteration done: 57 range descriptors, 0 intents, 0 tombstones; stats: ‹seeked 118 times (60 internal); stepped 0 times (0 internal); blocks: 140KB cached, 14KB not cached (read time: 76.666µs); points: 58 (1.2KB keys, 1.7KB values); separated: 2 (58B, 0B fetched)›
I250818 15:45:37.680011 602 kv/kvserver/kvstorage/init.go:501 ⋮ [T1,Vsystem,n1,s1] 29  loaded replica ID for 57/57 replicas
I250818 15:45:37.683133 602 kv/kvserver/kvstorage/init.go:518 ⋮ [T1,Vsystem,n1,s1] 30  loaded Raft state for 57/57 replicas
I250818 15:45:37.683169 602 kv/kvserver/kvstorage/init.go:545 ⋮ [T1,Vsystem,n1,s1] 31  loaded 57 replicas
I250818 15:45:37.683179 602 kv/kvserver/kvstorage/init.go:576 ⋮ [T1,Vsystem,n1,s1] 32  verified 57/57 replicas
I250818 15:45:37.696421 602 kv/kvserver/store.go:2369 ⋮ [T1,Vsystem,n1,s1] 33  initialized 57/57 replicas
I250818 15:45:37.697622 602 server/node.go:690 ⋮ [T1,Vsystem,n1] 34  initialized store s1 in 32ms (57 replicas)
I250818 15:45:37.697735 98 kv/kvserver/stores.go:261 ⋮ [T1,Vsystem,n1] 35  read 0 node addresses from persistent storage
I250818 15:45:37.700298 583 1@server/server.go:1805 ⋮ [T1,Vsystem,n1] 36  node connected via gossip
I250818 15:45:37.701658 98 server/node.go:801 ⋮ [T1,Vsystem,n1] 37  started with attributes []
I250818 15:45:37.701769 98 server/goroutinedumper/goroutinedumper.go:117 ⋮ [T1,Vsystem,n1] 38  writing goroutine dumps to ‹/cockroach/cockroach-data/logs/goroutine_dump›
I250818 15:45:37.703184 98 server/profiler/heapprofiler.go:72 ⋮ [T1,Vsystem,n1] 39  writing go heap profiles to ‹/cockroach/cockroach-data/logs/heap_profiler› at least every 1h0m0s
I250818 15:45:37.703339 98 server/profiler/memory_monitoring_profiler.go:66 ⋮ [T1,Vsystem,n1] 40  writing memory monitoring dumps to ‹/cockroach/cockroach-data/logs/heap_profiler› at least every 1h0m0s
I250818 15:45:37.703345 98 server/profiler/cgoprofiler.go:66 ⋮ [T1,Vsystem,n1] 41  to enable jmalloc profiling: "export MALLOC_CONF=prof:true" or "ln -s prof:true /etc/malloc.conf"
I250818 15:45:37.703376 98 server/profiler/statsprofiler.go:68 ⋮ [T1,Vsystem,n1] 42  writing memory stats to ‹/cockroach/cockroach-data/logs/heap_profiler› at last every 1h0m0s
I250818 15:45:37.703509 98 server/profiler/activequeryprofiler.go:88 ⋮ [T1,Vsystem,n1] 43  writing go query profiles to ‹/cockroach/cockroach-data/logs/heap_profiler›
I250818 15:45:37.703521 98 server/profiler/cpuprofiler.go:87 ⋮ [T1,Vsystem,n1] 44  writing cpu profile dumps to ‹/cockroach/cockroach-data/logs/pprof_dump›
I250818 15:45:37.701953 678 kv/kvserver/queue.go:612 ⋮ [T1,Vsystem,n1,s1,r48/1:‹/Table/4{5-6}›,raft] 45  rate limited in MaybeAdd (replicate): throttled on async limiting semaphore
I250818 15:45:37.701997 657 kv/kvserver/storeliveness/support_manager.go:285 ⋮ [T1,Vsystem,n1,s1] 46  starting to heartbeat store {NodeID:1 StoreID:1}
I250818 15:45:37.703898 98 1@server/server.go:1999 ⋮ [T1,Vsystem,n1] 47  starting http server at ‹[::]:8080› (use: ‹127.0.0.1:8080›)
I250818 15:45:37.703910 98 1@server/server.go:2007 ⋮ [T1,Vsystem,n1] 48  starting grpc/postgres server at ‹[::]:26257›
I250818 15:45:37.703919 98 1@server/server.go:2008 ⋮ [T1,Vsystem,n1] 49  advertising CockroachDB node at ‹127.0.0.1:26257›
I250818 15:45:37.710233 657 kv/kvserver/storeliveness/supporter_state.go:298 ⋮ [T1,Vsystem,n1,s1] 50  provided support for store {NodeID:1 StoreID:1}; old = {Target:{NodeID:1 StoreID:1} Epoch:10 Expiration:1755531396.254328216,0}, new = {Target:{NodeID:1 StoreID:1} Epoch:11 Expiration:1755531940.703894918,0}
I250818 15:45:37.710952 657 kv/kvserver/storeliveness/requester_state.go:425 ⋮ [T1,Vsystem,n1,s1] 51  received support from store {NodeID:1 StoreID:1}; old = {Target:{NodeID:1 StoreID:1} Epoch:11 Expiration:0,0}, new = {Target:{NodeID:1 StoreID:1} Epoch:11 Expiration:1755531940.703894918,0}
I250818 15:45:37.742886 98 1@util/log/event_log.go:39 ⋮ [T1,Vsystem,n1] 52 ={"Timestamp":1755531937742873585,"EventType":"node_restart","NodeID":1,"StartedAt":1755531937663620210,"LastUp":1755531391068298757}
I250818 15:45:37.743888 917 kv/kvclient/rangefeed/rangefeedcache/watcher.go:340 ⋮ [T1,Vsystem,n1] 53  spanconfig-subscriber: established range feed cache
I250818 15:45:37.744068 919 kv/kvclient/rangefeed/rangefeedcache/watcher.go:340 ⋮ [T1,Vsystem,n1] 54  settings-watcher: established range feed cache
I250818 15:45:37.760485 98 sql/sqlliveness/slinstance/slinstance.go:435 ⋮ [T1,Vsystem,n1] 55  starting SQL liveness instance
I250818 15:45:37.768735 1153 sql/sqlliveness/slstorage/slstorage.go:540 ⋮ [T1,Vsystem,n1] 56  inserted sqlliveness session 010180c40003a1f92f444fbc1380e634b41f22 with expiry 1755531977.760595251,0
I250818 15:45:37.768780 1153 sql/sqlliveness/slinstance/slinstance.go:247 ⋮ [T1,Vsystem,n1] 57  created new SQL liveness session 010180c40003a1f92f444fbc1380e634b41f22
I250818 15:45:37.768797 98 sql/sqlinstance/instancestorage/instancestorage.go:338 ⋮ [T1,Vsystem,n1] 58  assigning instance id to rpc addr ‹127.0.0.1:26257› and sql addr ‹127.0.0.1:26257›
I250818 15:45:37.771646 98 server/server_sql.go:1618 ⋮ [T1,Vsystem,n1] 59  bound sqlinstance: Instance{RegionPrefix: gA==, InstanceID: 1, SQLAddr: ‹127.0.0.1:26257›, RPCAddr: ‹127.0.0.1:26257›, SessionID: 010180c40003a1f92f444fbc1380e634b41f22, Locality: , BinaryVersion: 25.2}
I250818 15:45:37.772199 98 upgrade/upgrademanager/manager.go:171 ⋮ [T1,Vsystem,n1] 60  running permanent upgrades up to version: 25.2
I250818 15:45:37.773200 1209 sql/sqlstats/persistedsqlstats/provider.go:159 ⋮ [T1,Vsystem,n1] 61  starting sql-stats-worker with initial delay: 11m9.261106702s
I250818 15:45:37.773490 817 kv/kvserver/replica_rangefeed.go:882 ⋮ [T1,Vsystem,n1,rangefeed=‹lease›,mux_n=1,gen=2,r6/1:‹/Table/{0-4}›,sm=1,sid=1,s1] 62  RangeFeed closed timestamp 1755528977.994124335,0 is behind by 49m19.779364583s (behind=49m19.779364583s target=3s nudge=true cancel=false)
I250818 15:45:37.773548 1222 kv/kvclient/rangefeed/rangefeedcache/watcher.go:340 ⋮ [T1,Vsystem,n1] 63  system-config-cache: established range feed cache
I250818 15:45:37.779476 1206 sql/temporary_schema.go:506 ⋮ [T1,Vsystem,n1] 64  running temporary object cleanup background job
I250818 15:45:37.792012 1206 sql/temporary_schema.go:556 ⋮ [T1,Vsystem,n1] 65  found 0 temporary schemas
I250818 15:45:37.792040 1206 sql/temporary_schema.go:559 ⋮ [T1,Vsystem,n1] 66  early exiting temporary schema cleaner as no temporary schemas were found
I250818 15:45:37.792048 1206 sql/temporary_schema.go:560 ⋮ [T1,Vsystem,n1] 67  completed temporary object cleanup job
I250818 15:45:37.792054 1206 sql/temporary_schema.go:641 ⋮ [T1,Vsystem,n1] 68  temporary object cleaner next scheduled to run at 2025-08-18 16:15:37.772449251 +0000 UTC m=+1804.544466960
I250818 15:45:37.824363 98 upgrade/upgrademanager/manager.go:233 ⋮ [T1,Vsystem,n1] 69  detected the last permanent upgrade (v0.0-upgrading-step-004) to have already completed; no permanent upgrades will run
I250818 15:45:37.824392 98 server/server_sql.go:1720 ⋮ [T1,Vsystem,n1] 70  done ensuring all necessary startup migrations have run
I250818 15:45:37.828952 98 server/license/enforcer.go:262 ⋮ [T1,Vsystem,n1] 71  trial license expiry initialized to 1970-01-01 00:00:00 +0000 UTC
I250818 15:45:37.829059 98 server/license/enforcer.go:298 ⋮ [T1,Vsystem,n1] 72  fetched existing cluster init grace period end time: 2025-08-24 14:50:24 +0000 UTC
I250818 15:45:37.829142 98 server/license/enforcer.go:498 ⋮ [T1,Vsystem,n1] 73  enforcer license updated: type is none, grace period ends at "2025-08-24 14:50:24 +0000 UTC", telemetry required: false
I250818 15:45:37.829159 98 server/license/enforcer.go:498 ⋮ [T1,Vsystem,n1] 74  enforcer license updated: type is none, grace period ends at "2025-08-24 14:50:24 +0000 UTC", telemetry required: false
I250818 15:45:37.846367 1539 sql/sqlliveness/slstorage/slstorage.go:391 ⋮ [n1,intExec=query-lease-table-dead-sessions] 75  deleted session 01018036313acf69bb4c7baecfacf6d70a5bf9 which expired at 1755531432.400502382,0
I250818 15:45:37.858908 1479 sql/syntheticprivilegecache/cache.go:202 ⋮ [T1,Vsystem,n1] 76  warmed privileges for virtual tables in 25.331125ms
I250818 15:45:37.887208 1510 jobs/job_scheduler.go:407 ⋮ [T1,Vsystem,n1] 77  waiting 4m0s before scheduled jobs daemon start
I250818 15:45:37.887737 1518 kv/kvclient/rangefeed/rangefeedcache/watcher.go:340 ⋮ [T1,Vsystem,n1] 78  tenant-settings-watcher: established range feed cache
I250818 15:45:37.888113 1520 kv/kvclient/rangefeed/rangefeedcache/watcher.go:340 ⋮ [T1,Vsystem,n1] 79  tenant-entry-watcher: established range feed cache
I250818 15:45:37.895186 1520 multitenant/tenantcapabilities/tenantcapabilitieswatcher/watcher.go:285 ⋮ [T1,Vsystem,n1] 80  received results of a full table scan for tenant capabilities
I250818 15:45:37.902339 1516 server/auto_upgrade.go:81 ⋮ [T1,Vsystem,n1] 81  no need to upgrade, cluster already at the newest version
I250818 15:45:37.914147 98 server/license/enforcer.go:582 ⋮ [T1,Vsystem,n1] 82  disable all license enforcement
I250818 15:45:37.914173 98 1@server/server_sql.go:1971 ⋮ [T1,Vsystem,n1] 83  serving sql connections
I250818 15:45:37.914262 98 1@cli/start.go:1286 ⋮ [T1,Vsystem,n1] 84  node startup completed:
I250818 15:45:37.914262 98 1@cli/start.go:1286 ⋮ [T1,Vsystem,n1] 84 +CockroachDB node starting at 2025-08-18 15:45:37.914197126 +0000 UTC m=+4.686214835 (took 3.5s)
I250818 15:45:37.914262 98 1@cli/start.go:1286 ⋮ [T1,Vsystem,n1] 84 +build:               CCL v25.2.0 @ 2025/05/15 21:07:42 (go1.23.7 X:nocoverageredesign)
I250818 15:45:37.914262 98 1@cli/start.go:1286 ⋮ [T1,Vsystem,n1] 84 +malloc_conf:         prof:false,prof_active:true,background_thread:true,thp:never,metadata_thp:disabled,narenas:48,dirty_decay_ms:2000,muzzy_decay_ms:0
I250818 15:45:37.914262 98 1@cli/start.go:1286 ⋮ [T1,Vsystem,n1] 84 +webui:               ‹http://127.0.0.1:8080›
I250818 15:45:37.914262 98 1@cli/start.go:1286 ⋮ [T1,Vsystem,n1] 84 +sql:                 ‹postgresql://root@127.0.0.1:26257/defaultdb?sslmode=disable›
I250818 15:45:37.914262 98 1@cli/start.go:1286 ⋮ [T1,Vsystem,n1] 84 +sql (JDBC):          ‹jdbc:postgresql://127.0.0.1:26257/defaultdb?sslmode=disable&user=root›
I250818 15:45:37.914262 98 1@cli/start.go:1286 ⋮ [T1,Vsystem,n1] 84 +RPC client flags:    ‹/cockroach/cockroach <client cmd> --host=127.0.0.1:26257 --insecure›
I250818 15:45:37.914262 98 1@cli/start.go:1286 ⋮ [T1,Vsystem,n1] 84 +logs:                ‹/cockroach/cockroach-data/logs›
I250818 15:45:37.914262 98 1@cli/start.go:1286 ⋮ [T1,Vsystem,n1] 84 +temp dir:            ‹/cockroach/cockroach-data/cockroach-temp3425433452›
I250818 15:45:37.914262 98 1@cli/start.go:1286 ⋮ [T1,Vsystem,n1] 84 +external I/O path:   ‹/cockroach/cockroach-data/extern›
I250818 15:45:37.914262 98 1@cli/start.go:1286 ⋮ [T1,Vsystem,n1] 84 +store[0]:            ‹path=/cockroach/cockroach-data›
I250818 15:45:37.914262 98 1@cli/start.go:1286 ⋮ [T1,Vsystem,n1] 84 +clusterID:           7c4e678d-486f-4806-8e59-dd3b5b489461
I250818 15:45:37.914262 98 1@cli/start.go:1286 ⋮ [T1,Vsystem,n1] 84 +status:              restarted pre-existing node
I250818 15:45:37.914262 98 1@cli/start.go:1286 ⋮ [T1,Vsystem,n1] 84 +nodeID:              1
I250818 15:45:37.955100 1713 sql/catalog/lease/lease.go:2467 ⋮ [T1,Vsystem,n1] 85  released orphaned lease: ID=6 ver=1 expiration={0001-01-01 00:00:00 +0000 UTC}
I250818 15:45:37.955515 1709 sql/catalog/lease/lease.go:2467 ⋮ [T1,Vsystem,n1] 86  released orphaned lease: ID=1 ver=1 expiration={0001-01-01 00:00:00 +0000 UTC}
I250818 15:45:37.955537 1712 sql/catalog/lease/lease.go:2467 ⋮ [T1,Vsystem,n1] 87  released orphaned lease: ID=5 ver=1 expiration={0001-01-01 00:00:00 +0000 UTC}
I250818 15:45:37.955554 1710 sql/catalog/lease/lease.go:2467 ⋮ [T1,Vsystem,n1] 88  released orphaned lease: ID=3 ver=1 expiration={0001-01-01 00:00:00 +0000 UTC}
I250818 15:45:37.955590 1711 sql/catalog/lease/lease.go:2467 ⋮ [T1,Vsystem,n1] 89  released orphaned lease: ID=4 ver=1 expiration={0001-01-01 00:00:00 +0000 UTC}
I250818 15:45:37.958555 1649 sql/catalog/lease/lease.go:2467 ⋮ [T1,Vsystem,n1] 90  released orphaned lease: ID=7 ver=1 expiration={0001-01-01 00:00:00 +0000 UTC}
I250818 15:45:37.961381 1746 sql/catalog/lease/lease.go:2467 ⋮ [T1,Vsystem,n1] 91  released orphaned lease: ID=8 ver=1 expiration={0001-01-01 00:00:00 +0000 UTC}
I250818 15:45:37.961829 1747 sql/catalog/lease/lease.go:2467 ⋮ [T1,Vsystem,n1] 92  released orphaned lease: ID=9 ver=1 expiration={0001-01-01 00:00:00 +0000 UTC}
I250818 15:45:37.961900 1724 sql/catalog/lease/lease.go:2467 ⋮ [T1,Vsystem,n1] 93  released orphaned lease: ID=11 ver=1 expiration={0001-01-01 00:00:00 +0000 UTC}
I250818 15:45:37.962023 1733 sql/catalog/lease/lease.go:2467 ⋮ [T1,Vsystem,n1] 94  released orphaned lease: ID=13 ver=1 expiration={0001-01-01 00:00:00 +0000 UTC}
I250818 15:45:37.963030 1732 sql/catalog/lease/lease.go:2467 ⋮ [T1,Vsystem,n1] 95  released orphaned lease: ID=12 ver=1 expiration={0001-01-01 00:00:00 +0000 UTC}
I250818 15:45:37.964509 1557 sql/catalog/lease/lease.go:2467 ⋮ [T1,Vsystem,n1] 96  released orphaned lease: ID=14 ver=1 expiration={0001-01-01 00:00:00 +0000 UTC}
I250818 15:45:37.964792 1558 sql/catalog/lease/lease.go:2467 ⋮ [T1,Vsystem,n1] 97  released orphaned lease: ID=19 ver=1 expiration={0001-01-01 00:00:00 +0000 UTC}
I250818 15:45:37.964901 1748 sql/catalog/lease/lease.go:2467 ⋮ [T1,Vsystem,n1] 98  released orphaned lease: ID=15 ver=1 expiration={0001-01-01 00:00:00 +0000 UTC}
I250818 15:45:37.964969 1725 sql/catalog/lease/lease.go:2467 ⋮ [T1,Vsystem,n1] 99  released orphaned lease: ID=21 ver=1 expiration={0001-01-01 00:00:00 +0000 UTC}
I250818 15:45:37.965028 1734 sql/catalog/lease/lease.go:2467 ⋮ [T1,Vsystem,n1] 100  released orphaned lease: ID=20 ver=1 expiration={0001-01-01 00:00:00 +0000 UTC}
I250818 15:45:37.967281 1559 sql/catalog/lease/lease.go:2467 ⋮ [T1,Vsystem,n1] 101  released orphaned lease: ID=23 ver=1 expiration={0001-01-01 00:00:00 +0000 UTC}
I250818 15:45:37.968654 1563 sql/catalog/lease/lease.go:2467 ⋮ [T1,Vsystem,n1] 102  released orphaned lease: ID=27 ver=1 expiration={0001-01-01 00:00:00 +0000 UTC}
I250818 15:45:37.969260 1561 sql/catalog/lease/lease.go:2467 ⋮ [T1,Vsystem,n1] 103  released orphaned lease: ID=25 ver=1 expiration={0001-01-01 00:00:00 +0000 UTC}
I250818 15:45:37.969734 1560 sql/catalog/lease/lease.go:2467 ⋮ [T1,Vsystem,n1] 104  released orphaned lease: ID=24 ver=1 expiration={0001-01-01 00:00:00 +0000 UTC}
I250818 15:45:37.970152 1562 sql/catalog/lease/lease.go:2467 ⋮ [T1,Vsystem,n1] 105  released orphaned lease: ID=26 ver=1 expiration={0001-01-01 00:00:00 +0000 UTC}
I250818 15:45:37.972213 1726 sql/catalog/lease/lease.go:2467 ⋮ [T1,Vsystem,n1] 106  released orphaned lease: ID=28 ver=1 expiration={0001-01-01 00:00:00 +0000 UTC}
I250818 15:45:37.972435 1564 sql/catalog/lease/lease.go:2467 ⋮ [T1,Vsystem,n1] 107  released orphaned lease: ID=30 ver=1 expiration={0001-01-01 00:00:00 +0000 UTC}
I250818 15:45:37.972464 1727 sql/catalog/lease/lease.go:2467 ⋮ [T1,Vsystem,n1] 108  released orphaned lease: ID=31 ver=1 expiration={0001-01-01 00:00:00 +0000 UTC}
I250818 15:45:37.972474 1728 sql/catalog/lease/lease.go:2467 ⋮ [T1,Vsystem,n1] 109  released orphaned lease: ID=32 ver=1 expiration={0001-01-01 00:00:00 +0000 UTC}
I250818 15:45:37.972482 1729 sql/catalog/lease/lease.go:2467 ⋮ [T1,Vsystem,n1] 110  released orphaned lease: ID=33 ver=1 expiration={0001-01-01 00:00:00 +0000 UTC}
I250818 15:45:37.977857 1763 sql/catalog/lease/lease.go:2467 ⋮ [T1,Vsystem,n1] 111  released orphaned lease: ID=35 ver=1 expiration={0001-01-01 00:00:00 +0000 UTC}
I250818 15:45:37.977930 1766 sql/catalog/lease/lease.go:2467 ⋮ [T1,Vsystem,n1] 112  released orphaned lease: ID=39 ver=1 expiration={0001-01-01 00:00:00 +0000 UTC}
I250818 15:45:37.977961 1762 sql/catalog/lease/lease.go:2467 ⋮ [T1,Vsystem,n1] 113  released orphaned lease: ID=34 ver=1 expiration={0001-01-01 00:00:00 +0000 UTC}
I250818 15:45:37.977973 1765 sql/catalog/lease/lease.go:2467 ⋮ [T1,Vsystem,n1] 114  released orphaned lease: ID=37 ver=1 expiration={0001-01-01 00:00:00 +0000 UTC}
I250818 15:45:37.977981 1764 sql/catalog/lease/lease.go:2467 ⋮ [T1,Vsystem,n1] 115  released orphaned lease: ID=36 ver=1 expiration={0001-01-01 00:00:00 +0000 UTC}
I250818 15:45:37.979053 1782 sql/catalog/lease/lease.go:2467 ⋮ [T1,Vsystem,n1] 116  released orphaned lease: ID=44 ver=1 expiration={0001-01-01 00:00:00 +0000 UTC}
I250818 15:45:37.979159 1778 sql/catalog/lease/lease.go:2467 ⋮ [T1,Vsystem,n1] 117  released orphaned lease: ID=40 ver=1 expiration={0001-01-01 00:00:00 +0000 UTC}
I250818 15:45:37.979175 1779 sql/catalog/lease/lease.go:2467 ⋮ [T1,Vsystem,n1] 118  released orphaned lease: ID=41 ver=1 expiration={0001-01-01 00:00:00 +0000 UTC}
I250818 15:45:37.980161 1781 sql/catalog/lease/lease.go:2467 ⋮ [T1,Vsystem,n1] 119  released orphaned lease: ID=43 ver=1 expiration={0001-01-01 00:00:00 +0000 UTC}
I250818 15:45:37.980615 1780 sql/catalog/lease/lease.go:2467 ⋮ [T1,Vsystem,n1] 120  released orphaned lease: ID=42 ver=1 expiration={0001-01-01 00:00:00 +0000 UTC}
I250818 15:45:37.981580 1735 sql/catalog/lease/lease.go:2467 ⋮ [T1,Vsystem,n1] 121  released orphaned lease: ID=45 ver=1 expiration={0001-01-01 00:00:00 +0000 UTC}
I250818 15:45:37.981748 1565 sql/catalog/lease/lease.go:2467 ⋮ [T1,Vsystem,n1] 122  released orphaned lease: ID=46 ver=1 expiration={0001-01-01 00:00:00 +0000 UTC}
I250818 15:45:37.981864 1783 sql/catalog/lease/lease.go:2467 ⋮ [T1,Vsystem,n1] 123  released orphaned lease: ID=47 ver=1 expiration={0001-01-01 00:00:00 +0000 UTC}
I250818 15:45:37.981947 1750 sql/catalog/lease/lease.go:2467 ⋮ [T1,Vsystem,n1] 124  released orphaned lease: ID=50 ver=1 expiration={0001-01-01 00:00:00 +0000 UTC}
I250818 15:45:37.981990 1749 sql/catalog/lease/lease.go:2467 ⋮ [T1,Vsystem,n1] 125  released orphaned lease: ID=48 ver=1 expiration={0001-01-01 00:00:00 +0000 UTC}
I250818 15:45:37.982608 1739 sql/catalog/lease/lease.go:2467 ⋮ [T1,Vsystem,n1] 126  released orphaned lease: ID=54 ver=1 expiration={0001-01-01 00:00:00 +0000 UTC}
I250818 15:45:37.982853 1736 sql/catalog/lease/lease.go:2467 ⋮ [T1,Vsystem,n1] 127  released orphaned lease: ID=51 ver=1 expiration={0001-01-01 00:00:00 +0000 UTC}
I250818 15:45:37.982959 1737 sql/catalog/lease/lease.go:2467 ⋮ [T1,Vsystem,n1] 128  released orphaned lease: ID=52 ver=1 expiration={0001-01-01 00:00:00 +0000 UTC}
I250818 15:45:37.983062 1738 sql/catalog/lease/lease.go:2467 ⋮ [T1,Vsystem,n1] 129  released orphaned lease: ID=53 ver=1 expiration={0001-01-01 00:00:00 +0000 UTC}
I250818 15:45:37.985071 1740 sql/catalog/lease/lease.go:2467 ⋮ [T1,Vsystem,n1] 131  released orphaned lease: ID=55 ver=1 expiration={0001-01-01 00:00:00 +0000 UTC}
I250818 15:45:37.984780 1741 sql/catalog/lease/lease.go:2467 ⋮ [T1,Vsystem,n1] 130  released orphaned lease: ID=56 ver=1 expiration={0001-01-01 00:00:00 +0000 UTC}
I250818 15:45:37.985298 1566 sql/catalog/lease/lease.go:2467 ⋮ [T1,Vsystem,n1] 132  released orphaned lease: ID=59 ver=1 expiration={0001-01-01 00:00:00 +0000 UTC}
I250818 15:45:37.985983 1567 sql/catalog/lease/lease.go:2467 ⋮ [T1,Vsystem,n1] 133  released orphaned lease: ID=61 ver=1 expiration={0001-01-01 00:00:00 +0000 UTC}
I250818 15:45:37.986101 1767 sql/catalog/lease/lease.go:2467 ⋮ [T1,Vsystem,n1] 134  released orphaned lease: ID=58 ver=1 expiration={0001-01-01 00:00:00 +0000 UTC}
I250818 15:45:37.986169 1751 sql/catalog/lease/lease.go:2467 ⋮ [T1,Vsystem,n1] 135  released orphaned lease: ID=57 ver=1 expiration={0001-01-01 00:00:00 +0000 UTC}
I250818 15:45:37.986218 1768 sql/catalog/lease/lease.go:2467 ⋮ [T1,Vsystem,n1] 136  released orphaned lease: ID=60 ver=1 expiration={0001-01-01 00:00:00 +0000 UTC}
I250818 15:45:37.986257 1769 sql/catalog/lease/lease.go:2467 ⋮ [T1,Vsystem,n1] 137  released orphaned lease: ID=62 ver=1 expiration={0001-01-01 00:00:00 +0000 UTC}
I250818 15:45:37.987633 1794 sql/catalog/lease/lease.go:2467 ⋮ [T1,Vsystem,n1] 138  released orphaned lease: ID=67 ver=1 expiration={0001-01-01 00:00:00 +0000 UTC}
I250818 15:45:37.987823 1742 sql/catalog/lease/lease.go:2467 ⋮ [T1,Vsystem,n1] 139  released orphaned lease: ID=63 ver=1 expiration={0001-01-01 00:00:00 +0000 UTC}
I250818 15:45:37.987838 1744 sql/catalog/lease/lease.go:2467 ⋮ [T1,Vsystem,n1] 140  released orphaned lease: ID=65 ver=1 expiration={0001-01-01 00:00:00 +0000 UTC}
I250818 15:45:37.987888 1745 sql/catalog/lease/lease.go:2467 ⋮ [T1,Vsystem,n1] 141  released orphaned lease: ID=66 ver=1 expiration={0001-01-01 00:00:00 +0000 UTC}
I250818 15:45:37.987949 1743 sql/catalog/lease/lease.go:2467 ⋮ [T1,Vsystem,n1] 142  released orphaned lease: ID=64 ver=1 expiration={0001-01-01 00:00:00 +0000 UTC}
I250818 15:45:37.989510 1796 sql/catalog/lease/lease.go:2467 ⋮ [T1,Vsystem,n1] 143  released orphaned lease: ID=69 ver=1 expiration={0001-01-01 00:00:00 +0000 UTC}
I250818 15:45:37.989508 1795 sql/catalog/lease/lease.go:2467 ⋮ [T1,Vsystem,n1] 144  released orphaned lease: ID=68 ver=1 expiration={0001-01-01 00:00:00 +0000 UTC}
I250818 15:45:37.990949 1568 sql/catalog/lease/lease.go:2467 ⋮ [T1,Vsystem,n1] 145  released orphaned lease: ID=72 ver=1 expiration={0001-01-01 00:00:00 +0000 UTC}
I250818 15:45:37.991116 1784 sql/catalog/lease/lease.go:2467 ⋮ [T1,Vsystem,n1] 146  released orphaned lease: ID=70 ver=1 expiration={0001-01-01 00:00:00 +0000 UTC}
I250818 15:45:37.991177 1797 sql/catalog/lease/lease.go:2467 ⋮ [T1,Vsystem,n1] 147  released orphaned lease: ID=71 ver=1 expiration={0001-01-01 00:00:00 +0000 UTC}
I250818 15:45:37.992320 1569 sql/catalog/lease/lease.go:2467 ⋮ [T1,Vsystem,n1] 148  released orphaned lease: ID=104 ver=1 expiration={0001-01-01 00:00:00 +0000 UTC}
I250818 15:45:37.992513 1810 sql/catalog/lease/lease.go:2467 ⋮ [T1,Vsystem,n1] 149  released orphaned lease: ID=105 ver=1 expiration={0001-01-01 00:00:00 +0000 UTC}
I250818 15:45:37.993947 1787 sql/catalog/lease/lease.go:2467 ⋮ [T1,Vsystem,n1] 151  released orphaned lease: ID=108 ver=2 expiration={0001-01-01 00:00:00 +0000 UTC}
I250818 15:45:37.993996 1786 sql/catalog/lease/lease.go:2467 ⋮ [T1,Vsystem,n1] 152  released orphaned lease: ID=107 ver=1 expiration={0001-01-01 00:00:00 +0000 UTC}
I250818 15:45:37.993941 1785 sql/catalog/lease/lease.go:2467 ⋮ [T1,Vsystem,n1] 150  released orphaned lease: ID=106 ver=15 expiration={0001-01-01 00:00:00 +0000 UTC}
I250818 15:45:37.995167 1812 sql/catalog/lease/lease.go:2467 ⋮ [T1,Vsystem,n1] 153  released orphaned lease: ID=110 ver=1 expiration={0001-01-01 00:00:00 +0000 UTC}
I250818 15:45:37.995165 1811 sql/catalog/lease/lease.go:2467 ⋮ [T1,Vsystem,n1] 154  released orphaned lease: ID=109 ver=2 expiration={0001-01-01 00:00:00 +0000 UTC}
I250818 15:45:37.996022 1789 sql/catalog/lease/lease.go:2467 ⋮ [T1,Vsystem,n1] 155  released orphaned lease: ID=112 ver=1 expiration={0001-01-01 00:00:00 +0000 UTC}
I250818 15:45:37.996427 1790 sql/catalog/lease/lease.go:2467 ⋮ [T1,Vsystem,n1] 156  released orphaned lease: ID=113 ver=7 expiration={0001-01-01 00:00:00 +0000 UTC}
I250818 15:45:37.997312 1788 sql/catalog/lease/lease.go:2467 ⋮ [T1,Vsystem,n1] 157  released orphaned lease: ID=111 ver=3 expiration={0001-01-01 00:00:00 +0000 UTC}
I250818 15:45:37.997764 1813 sql/catalog/lease/lease.go:2467 ⋮ [T1,Vsystem,n1] 158  released orphaned lease: ID=116 ver=1 expiration={0001-01-01 00:00:00 +0000 UTC}
I250818 15:45:37.999415 1791 sql/catalog/lease/lease.go:2467 ⋮ [T1,Vsystem,n1] 159  released orphaned lease: ID=114 ver=1 expiration={0001-01-01 00:00:00 +0000 UTC}
I250818 15:45:37.999483 1752 sql/catalog/lease/lease.go:2467 ⋮ [T1,Vsystem,n1] 160  released orphaned lease: ID=115 ver=7 expiration={0001-01-01 00:00:00 +0000 UTC}
I250818 15:45:37.999535 1770 sql/catalog/lease/lease.go:2467 ⋮ [T1,Vsystem,n1] 161  released orphaned lease: ID=118 ver=1 expiration={0001-01-01 00:00:00 +0000 UTC}
I250818 15:45:37.999562 1792 sql/catalog/lease/lease.go:2467 ⋮ [T1,Vsystem,n1] 162  released orphaned lease: ID=117 ver=3 expiration={0001-01-01 00:00:00 +0000 UTC}
I250818 15:45:38.002325 1774 sql/catalog/lease/lease.go:2467 ⋮ [T1,Vsystem,n1] 163  released orphaned lease: ID=124 ver=3 expiration={0001-01-01 00:00:00 +0000 UTC}
I250818 15:45:38.002556 1775 sql/catalog/lease/lease.go:2467 ⋮ [T1,Vsystem,n1] 164  released orphaned lease: ID=125 ver=3 expiration={0001-01-01 00:00:00 +0000 UTC}
I250818 15:45:38.002618 1772 sql/catalog/lease/lease.go:2467 ⋮ [T1,Vsystem,n1] 165  released orphaned lease: ID=122 ver=2 expiration={0001-01-01 00:00:00 +0000 UTC}
I250818 15:45:38.002693 1771 sql/catalog/lease/lease.go:2467 ⋮ [T1,Vsystem,n1] 166  released orphaned lease: ID=119 ver=2 expiration={0001-01-01 00:00:00 +0000 UTC}
I250818 15:45:38.002750 1773 sql/catalog/lease/lease.go:2467 ⋮ [T1,Vsystem,n1] 167  released orphaned lease: ID=123 ver=1 expiration={0001-01-01 00:00:00 +0000 UTC}
I250818 15:45:38.004138 1802 sql/catalog/lease/lease.go:2467 ⋮ [T1,Vsystem,n1] 168  released orphaned lease: ID=130 ver=2 expiration={0001-01-01 00:00:00 +0000 UTC}
I250818 15:45:38.004319 1800 sql/catalog/lease/lease.go:2467 ⋮ [T1,Vsystem,n1] 169  released orphaned lease: ID=128 ver=2 expiration={0001-01-01 00:00:00 +0000 UTC}
I250818 15:45:38.004390 1801 sql/catalog/lease/lease.go:2467 ⋮ [T1,Vsystem,n1] 170  released orphaned lease: ID=129 ver=3 expiration={0001-01-01 00:00:00 +0000 UTC}
I250818 15:45:38.004684 1798 sql/catalog/lease/lease.go:2467 ⋮ [T1,Vsystem,n1] 171  released orphaned lease: ID=126 ver=2 expiration={0001-01-01 00:00:00 +0000 UTC}
I250818 15:45:38.005012 1799 sql/catalog/lease/lease.go:2467 ⋮ [T1,Vsystem,n1] 172  released orphaned lease: ID=127 ver=3 expiration={0001-01-01 00:00:00 +0000 UTC}
I250818 15:45:38.007335 1803 sql/catalog/lease/lease.go:2467 ⋮ [T1,Vsystem,n1] 173  released orphaned lease: ID=131 ver=2 expiration={0001-01-01 00:00:00 +0000 UTC}
I250818 15:45:38.007374 1804 sql/catalog/lease/lease.go:2467 ⋮ [T1,Vsystem,n1] 174  released orphaned lease: ID=132 ver=2 expiration={0001-01-01 00:00:00 +0000 UTC}
I250818 15:45:38.008397 1776 sql/catalog/lease/lease.go:2467 ⋮ [T1,Vsystem,n1] 176  released orphaned lease: ID=134 ver=1 expiration={0001-01-01 00:00:00 +0000 UTC}
I250818 15:45:38.008397 1793 sql/catalog/lease/lease.go:2467 ⋮ [T1,Vsystem,n1] 175  released orphaned lease: ID=133 ver=3 expiration={0001-01-01 00:00:00 +0000 UTC}
I250818 15:45:38.479075 601 1@gossip/gossip.go:1476 ⋮ [T1,Vsystem,n1] 177  node has connected to cluster via gossip
I250818 15:45:38.481787 601 kv/kvserver/stores.go:280 ⋮ [T1,Vsystem,n1] 178  wrote 0 node addresses to persistent storage
I250818 15:45:40.278771 1511 server/diagnostics/update_checker.go:144 ⋮ [T1,Vsystem,n1] 179  a new version is available: ‹25.2.4›, details: ‹https://www.cockroachlabs.com/docs/releases/v25.2#v25-2-4›
I250818 15:46:06.793922 1220 jobs/adopt.go:105 ⋮ [T1,Vsystem,n1] 180  claimed 7 jobs
I250818 15:46:06.802087 2272 jobs/adopt.go:224 ⋮ [T1,Vsystem,n1,job=1098958321112612865] 181  job 1098958321112612865: resuming execution
I250818 15:46:06.802087 2324 jobs/adopt.go:224 ⋮ [T1,Vsystem,n1,job=103] 182  job 103: resuming execution
I250818 15:46:06.802105 2323 jobs/adopt.go:224 ⋮ [T1,Vsystem,n1,job=101] 183  job 101: resuming execution
I250818 15:46:06.802107 2322 jobs/adopt.go:224 ⋮ [T1,Vsystem,n1,job=100] 184  job 100: resuming execution
I250818 15:46:06.802112 2270 jobs/adopt.go:224 ⋮ [T1,Vsystem,n1,job=104] 185  job 104: resuming execution
I250818 15:46:06.802116 2271 jobs/adopt.go:224 ⋮ [T1,Vsystem,n1,job=105] 186  job 105: resuming execution
I250818 15:46:06.802117 2273 jobs/adopt.go:224 ⋮ [T1,Vsystem,n1,job=1098946398292541441] 187  job 1098946398292541441: resuming execution
I250818 15:46:06.816666 2346 jobs/registry.go:1681 ⋮ [T1,Vsystem,n1,job=103] 188  AUTO UPDATE SQL ACTIVITY job 103: stepping through state running
I250818 15:46:06.817943 2317 jobs/registry.go:1681 ⋮ [T1,Vsystem,n1,job=101] 189  POLL JOBS STATS job 101: stepping through state running
I250818 15:46:06.818734 2329 jobs/registry.go:1681 ⋮ [T1,Vsystem,n1,job=105] 190  UPDATE TABLE METADATA CACHE job 105: stepping through state running
I250818 15:46:06.819045 2225 jobs/registry.go:1681 ⋮ [T1,Vsystem,n1,job=1098946398292541441] 191  AUTO SPAN CONFIG RECONCILIATION job 1098946398292541441: stepping through state running
I250818 15:46:06.819934 2371 jobs/registry.go:1681 ⋮ [T1,Vsystem,n1,job=100] 192  KEY VISUALIZER job 100: stepping through state running
I250818 15:46:06.820779 890 jobs/registry.go:1681 ⋮ [T1,Vsystem,n1,job=104] 193  MVCC STATISTICS UPDATE job 104: stepping through state running
I250818 15:46:06.823563 890 sql/mvcc_statistics_update_job.go:63 ⋮ [T1,Vsystem,n1,job=MVCC STATISTICS UPDATE id=104] 194  starting mvcc statistics update job
I250818 15:46:06.823737 2193 jobs/registry.go:1681 ⋮ [T1,Vsystem,n1,job=1098958321112612865] 195  CHANGEFEED job 1098958321112612865: stepping through state running
I250818 15:46:06.823613 2346 sql/sql_activity_update_job.go:88 ⋮ [T1,Vsystem,n1,job=AUTO UPDATE SQL ACTIVITY id=103] 196  starting sql stats activity flush job
I250818 15:46:06.828034 2389 ccl/changefeedccl/changefeed_dist.go:414 ⋮ [T1,Vsystem,n1,job=CHANGEFEED id=1098958321112612865] 197  using bulk oracle for DistSQL planning
I250818 15:46:06.828602 2389 ccl/changefeedccl/changefeed_dist.go:577 ⋮ [T1,Vsystem,n1,job=CHANGEFEED id=1098958321112612865] 198  changefeed plan diagram: ‹https://cockroachdb.github.io/distsqlplan/decode.html#eJyUkV2LnDAUhu_7K-RcR_REVzRXU7oU5qLd0i70YpGSSY5OqGNsEtkW8b8XtR-7AzMwl-fD5308mcD_6ECAOsq-pYZIiwjTqqzuyowjIi-Ql8UdMOitpo_yRB7EEyDUDAZnFXlv3dKa1oW9_gkiZWD6YQxLu2agrCMQEwQTOgIB79aot23rqJXBuiQFBpqCNN3K_iqDOpKPnrAWUfIoDx0lmGXJhDGfoZ4Z2DH8x_sgWwKBL3z29yDSmd2q9N7ZPhhyCb4WehiDiHac7TK2yy8K8DMBvEXgM_nB9p5eBV9KSs-SYpxrBqRb2h7C29Ep-uSsWne38mEFrQ1NPmxT3Ip9_3fkgyN5-ne_lyS8SuLXSDWDprPP34wGAbLQquG6ifMia-K8qlRcSo0xpg1qPBzyUitYPpCtX0705WifV-zjr2H5wUZ2nhh8kN_pngK5k-mND0b9mczzm98BAAD__3Pt6m0=›
I250818 15:46:06.834370 2321 ccl/changefeedccl/sink_kafka_v2.go:246 ⋮ [-] 199  updating kafka metadata for topics: [‹users_changes›]
I250818 15:46:06.843583 2321 ccl/changefeedccl/sink_kafka_v2.go:246 ⋮ [-] 200  updating kafka metadata for topics: [‹users_changes›]
I250818 15:46:06.843866 2469 ccl/changefeedccl/kvfeed/kv_feed.go:332 ⋮ [T1,Vsystem,n1,job=1098958321112612865,change-aggregator] 201  kv feed run starting
I250818 15:46:06.903198 2225 spanconfig/spanconfigsqlwatcher/sqlwatcher.go:241 ⋮ [T1,Vsystem,n1,job=AUTO SPAN CONFIG RECONCILIATION id=1098946398292541441] 202  established range feed over system.descriptors starting at time 1755531966.832323293,0
I250818 15:46:06.904165 2225 spanconfig/spanconfigsqlwatcher/sqlwatcher.go:300 ⋮ [T1,Vsystem,n1,job=AUTO SPAN CONFIG RECONCILIATION id=1098946398292541441] 203  established range feed over system.zones starting at time 1755531966.832323293,0
I250818 15:46:06.904209 2225 spanconfig/spanconfigsqlwatcher/sqlwatcher.go:401 ⋮ [T1,Vsystem,n1,job=AUTO SPAN CONFIG RECONCILIATION id=1098946398292541441] 204  established range feed over system.protected_ts_records starting at time 1755531966.832323293,0
I250818 15:46:14.743163 2756 kv/kvserver/mvcc_gc_queue.go:796 ⋮ [T1,Vsystem,n1,mvccGC,s1,r86/1:‹/{Table/134-Max}›] 205  GC still needed following GC, recomputing MVCC stats
I250818 15:46:14.743514 2756 kv/kvserver/mvcc_gc_queue.go:797 ⋮ [T1,Vsystem,n1,mvccGC,s1,r86/1:‹/{Table/134-Max}›] 206  old score ‹queue=true with 0.00/fuzz(0.95)=0.00=valScaleScore(0.00)*deadFrac(0.04)+intentScore(0.00)›
I250818 15:46:14.743514 2756 kv/kvserver/mvcc_gc_queue.go:797 ⋮ [T1,Vsystem,n1,mvccGC,s1,r86/1:‹/{Table/134-Max}›] 206 +‹likely last GC: 10m44.099426041s ago, 0 B non-live, curr. age 0 B*s, min exp. reduction: 0 B*s›
I250818 15:46:14.743514 2756 kv/kvserver/mvcc_gc_queue.go:797 ⋮ [T1,Vsystem,n1,mvccGC,s1,r86/1:‹/{Table/134-Max}›] 206 +‹hint: {0,0 1755445834.582834013,0 1755445834.587412388,0}›
I250818 15:46:14.743632 2756 kv/kvserver/mvcc_gc_queue.go:798 ⋮ [T1,Vsystem,n1,mvccGC,s1,r86/1:‹/{Table/134-Max}›] 207  new score ‹queue=true with 0.00/fuzz(0.95)=0.00=valScaleScore(0.00)*deadFrac(0.04)+intentScore(0.00)›
I250818 15:46:14.743632 2756 kv/kvserver/mvcc_gc_queue.go:798 ⋮ [T1,Vsystem,n1,mvccGC,s1,r86/1:‹/{Table/134-Max}›] 207 +‹likely last GC: 10m48.121611583s ago, 0 B non-live, curr. age 0 B*s, min exp. reduction: 0 B*s›
I250818 15:46:14.743632 2756 kv/kvserver/mvcc_gc_queue.go:798 ⋮ [T1,Vsystem,n1,mvccGC,s1,r86/1:‹/{Table/134-Max}›] 207 +‹hint: {0,0 1755445834.582834013,0 1755445834.587412388,0}›
I250818 15:47:27.832989 4419 kv/kvserver/mvcc_gc_queue.go:796 ⋮ [T1,Vsystem,n1,mvccGC,s1,r86/1:‹/{Table/134-Max}›] 208  GC still needed following GC, recomputing MVCC stats
I250818 15:47:27.833065 4419 kv/kvserver/mvcc_gc_queue.go:797 ⋮ [T1,Vsystem,n1,mvccGC,s1,r86/1:‹/{Table/134-Max}›] 209  old score ‹queue=true with 0.00/fuzz(0.95)=0.00=valScaleScore(0.00)*deadFrac(0.04)+intentScore(0.00)›
I250818 15:47:27.833065 4419 kv/kvserver/mvcc_gc_queue.go:797 ⋮ [T1,Vsystem,n1,mvccGC,s1,r86/1:‹/{Table/134-Max}›] 209 +‹likely last GC: 1m7.833934422s ago, 0 B non-live, curr. age 0 B*s, min exp. reduction: 0 B*s›
I250818 15:47:27.833065 4419 kv/kvserver/mvcc_gc_queue.go:797 ⋮ [T1,Vsystem,n1,mvccGC,s1,r86/1:‹/{Table/134-Max}›] 209 +‹hint: {0,0 1755445834.582834013,0 1755445834.587412388,0}›
I250818 15:47:27.833145 4419 kv/kvserver/mvcc_gc_queue.go:798 ⋮ [T1,Vsystem,n1,mvccGC,s1,r86/1:‹/{Table/134-Max}›] 210  new score ‹queue=true with 0.00/fuzz(0.95)=0.00=valScaleScore(0.00)*deadFrac(0.04)+intentScore(0.00)›
I250818 15:47:27.833145 4419 kv/kvserver/mvcc_gc_queue.go:798 ⋮ [T1,Vsystem,n1,mvccGC,s1,r86/1:‹/{Table/134-Max}›] 210 +‹likely last GC: 1m13.093446382s ago, 0 B non-live, curr. age 0 B*s, min exp. reduction: 0 B*s›
I250818 15:47:27.833145 4419 kv/kvserver/mvcc_gc_queue.go:798 ⋮ [T1,Vsystem,n1,mvccGC,s1,r86/1:‹/{Table/134-Max}›] 210 +‹hint: {0,0 1755445834.582834013,0 1755445834.587412388,0}›
I250818 15:48:08.884679 5199 kv/kvserver/mvcc_gc_queue.go:796 ⋮ [T1,Vsystem,n1,mvccGC,s1,r86/1:‹/{Table/134-Max}›] 211  GC still needed following GC, recomputing MVCC stats
I250818 15:48:08.884796 5199 kv/kvserver/mvcc_gc_queue.go:797 ⋮ [T1,Vsystem,n1,mvccGC,s1,r86/1:‹/{Table/134-Max}›] 212  old score ‹queue=true with 0.00/fuzz(0.95)=0.00=valScaleScore(0.00)*deadFrac(0.04)+intentScore(0.00)›
I250818 15:48:08.884796 5199 kv/kvserver/mvcc_gc_queue.go:797 ⋮ [T1,Vsystem,n1,mvccGC,s1,r86/1:‹/{Table/134-Max}›] 212 +‹likely last GC: 36.802813824s ago, 0 B non-live, curr. age 0 B*s, min exp. reduction: 0 B*s›
I250818 15:48:08.884796 5199 kv/kvserver/mvcc_gc_queue.go:797 ⋮ [T1,Vsystem,n1,mvccGC,s1,r86/1:‹/{Table/134-Max}›] 212 +‹hint: {0,0 1755445834.582834013,0 1755445834.587412388,0}›
I250818 15:48:08.884918 5199 kv/kvserver/mvcc_gc_queue.go:798 ⋮ [T1,Vsystem,n1,mvccGC,s1,r86/1:‹/{Table/134-Max}›] 213  new score ‹queue=true with 0.00/fuzz(0.95)=0.00=valScaleScore(0.00)*deadFrac(0.04)+intentScore(0.00)›
I250818 15:48:08.884918 5199 kv/kvserver/mvcc_gc_queue.go:798 ⋮ [T1,Vsystem,n1,mvccGC,s1,r86/1:‹/{Table/134-Max}›] 213 +‹likely last GC: 41.055351241s ago, 0 B non-live, curr. age 0 B*s, min exp. reduction: 0 B*s›
I250818 15:48:08.884918 5199 kv/kvserver/mvcc_gc_queue.go:798 ⋮ [T1,Vsystem,n1,mvccGC,s1,r86/1:‹/{Table/134-Max}›] 213 +‹hint: {0,0 1755445834.582834013,0 1755445834.587412388,0}›
I250818 15:48:38.927824 5575 kv/kvserver/mvcc_gc_queue.go:796 ⋮ [T1,Vsystem,n1,mvccGC,s1,r86/1:‹/{Table/134-Max}›] 214  GC still needed following GC, recomputing MVCC stats
I250818 15:48:38.927887 5575 kv/kvserver/mvcc_gc_queue.go:797 ⋮ [T1,Vsystem,n1,mvccGC,s1,r86/1:‹/{Table/134-Max}›] 215  old score ‹queue=true with 0.00/fuzz(0.95)=0.00=valScaleScore(0.00)*deadFrac(0.04)+intentScore(0.00)›
I250818 15:48:38.927887 5575 kv/kvserver/mvcc_gc_queue.go:797 ⋮ [T1,Vsystem,n1,mvccGC,s1,r86/1:‹/{Table/134-Max}›] 215 +‹likely last GC: 25.756842333s ago, 0 B non-live, curr. age 0 B*s, min exp. reduction: 0 B*s›
I250818 15:48:38.927887 5575 kv/kvserver/mvcc_gc_queue.go:797 ⋮ [T1,Vsystem,n1,mvccGC,s1,r86/1:‹/{Table/134-Max}›] 215 +‹hint: {0,0 1755445834.582834013,0 1755445834.587412388,0}›
I250818 15:48:38.927969 5575 kv/kvserver/mvcc_gc_queue.go:798 ⋮ [T1,Vsystem,n1,mvccGC,s1,r86/1:‹/{Table/134-Max}›] 216  new score ‹queue=true with 0.00/fuzz(0.95)=0.00=valScaleScore(0.00)*deadFrac(0.04)+intentScore(0.00)›
I250818 15:48:38.927969 5575 kv/kvserver/mvcc_gc_queue.go:798 ⋮ [T1,Vsystem,n1,mvccGC,s1,r86/1:‹/{Table/134-Max}›] 216 +‹likely last GC: 30.046520167s ago, 0 B non-live, curr. age 0 B*s, min exp. reduction: 0 B*s›
I250818 15:48:38.927969 5575 kv/kvserver/mvcc_gc_queue.go:798 ⋮ [T1,Vsystem,n1,mvccGC,s1,r86/1:‹/{Table/134-Max}›] 216 +‹hint: {0,0 1755445834.582834013,0 1755445834.587412388,0}›
I250818 15:50:04.080422 7146 kv/kvserver/mvcc_gc_queue.go:796 ⋮ [T1,Vsystem,n1,mvccGC,s1,r86/1:‹/{Table/134-Max}›] 217  GC still needed following GC, recomputing MVCC stats
I250818 15:50:04.080824 7146 kv/kvserver/mvcc_gc_queue.go:797 ⋮ [T1,Vsystem,n1,mvccGC,s1,r86/1:‹/{Table/134-Max}›] 218  old score ‹queue=true with 0.00/fuzz(0.95)=0.00=valScaleScore(0.00)*deadFrac(0.04)+intentScore(0.00)›
I250818 15:50:04.080824 7146 kv/kvserver/mvcc_gc_queue.go:797 ⋮ [T1,Vsystem,n1,mvccGC,s1,r86/1:‹/{Table/134-Max}›] 218 +‹likely last GC: 1m19.703907552s ago, 0 B non-live, curr. age 0 B*s, min exp. reduction: 0 B*s›
I250818 15:50:04.080824 7146 kv/kvserver/mvcc_gc_queue.go:797 ⋮ [T1,Vsystem,n1,mvccGC,s1,r86/1:‹/{Table/134-Max}›] 218 +‹hint: {0,0 1755445834.582834013,0 1755445834.587412388,0}›
I250818 15:50:04.080922 7146 kv/kvserver/mvcc_gc_queue.go:798 ⋮ [T1,Vsystem,n1,mvccGC,s1,r86/1:‹/{Table/134-Max}›] 219  new score ‹queue=true with 0.00/fuzz(0.95)=0.00=valScaleScore(0.00)*deadFrac(0.04)+intentScore(0.00)›
I250818 15:50:04.080922 7146 kv/kvserver/mvcc_gc_queue.go:798 ⋮ [T1,Vsystem,n1,mvccGC,s1,r86/1:‹/{Table/134-Max}›] 219 +‹likely last GC: 1m25.155855373s ago, 0 B non-live, curr. age 0 B*s, min exp. reduction: 0 B*s›
I250818 15:50:04.080922 7146 kv/kvserver/mvcc_gc_queue.go:798 ⋮ [T1,Vsystem,n1,mvccGC,s1,r86/1:‹/{Table/134-Max}›] 219 +‹hint: {0,0 1755445834.582834013,0 1755445834.587412388,0}›
I250818 15:50:37.978137 7897 1@jobs/structured_log.go:49 ⋮ [T1,Vsystem,n1] 220 ={"Timestamp":1755532237978135251,"EventType":"status_change","JobID":1099241350593314817,"JobType":"AUTO CREATE PARTIAL STATS","Description":"state changed to: running","PreviousStatus":"running","NewStatus":"running","RunNum":0}
I250818 15:50:37.988914 7897 sql/distsql_plan_stats.go:209 ⋮ [T1,Vsystem,n1,job=AUTO CREATE PARTIAL STATS id=1099241350593314817,create-stats-distsql] 221  using computed sample size of 10000 for histogram construction
I250818 15:50:38.023014 7897 1@jobs/structured_log.go:49 ⋮ [T1,Vsystem,n1] 222 ={"Timestamp":1755532238023011251,"EventType":"status_change","JobID":1099241350593314817,"JobType":"AUTO CREATE PARTIAL STATS","Description":"state changed to: succeeded","PreviousStatus":"running","NewStatus":"succeeded","RunNum":0}
I250818 15:51:02.167946 8263 kv/kvserver/mvcc_gc_queue.go:796 ⋮ [T1,Vsystem,n1,mvccGC,s1,r86/1:‹/{Table/134-Max}›] 223  GC still needed following GC, recomputing MVCC stats
I250818 15:51:02.168025 8263 kv/kvserver/mvcc_gc_queue.go:797 ⋮ [T1,Vsystem,n1,mvccGC,s1,r86/1:‹/{Table/134-Max}›] 224  old score ‹queue=true with 0.00/fuzz(0.95)=0.00=valScaleScore(0.00)*deadFrac(0.04)+intentScore(0.00)›
I250818 15:51:02.168025 8263 kv/kvserver/mvcc_gc_queue.go:797 ⋮ [T1,Vsystem,n1,mvccGC,s1,r86/1:‹/{Table/134-Max}›] 224 +‹likely last GC: 54.732597471s ago, 0 B non-live, curr. age 0 B*s, min exp. reduction: 0 B*s›
I250818 15:51:02.168025 8263 kv/kvserver/mvcc_gc_queue.go:797 ⋮ [T1,Vsystem,n1,mvccGC,s1,r86/1:‹/{Table/134-Max}›] 224 +‹hint: {0,0 1755445834.582834013,0 1755445834.587412388,0}›
I250818 15:51:02.168082 8263 kv/kvserver/mvcc_gc_queue.go:798 ⋮ [T1,Vsystem,n1,mvccGC,s1,r86/1:‹/{Table/134-Max}›] 225  new score ‹queue=true with 0.00/fuzz(0.95)=0.00=valScaleScore(0.00)*deadFrac(0.04)+intentScore(0.00)›
I250818 15:51:02.168082 8263 kv/kvserver/mvcc_gc_queue.go:798 ⋮ [T1,Vsystem,n1,mvccGC,s1,r86/1:‹/{Table/134-Max}›] 225 +‹likely last GC: 58.090148555s ago, 0 B non-live, curr. age 0 B*s, min exp. reduction: 0 B*s›
I250818 15:51:02.168082 8263 kv/kvserver/mvcc_gc_queue.go:798 ⋮ [T1,Vsystem,n1,mvccGC,s1,r86/1:‹/{Table/134-Max}›] 225 +‹hint: {0,0 1755445834.582834013,0 1755445834.587412388,0}›
I250818 15:51:26.417803 1 1@cli/start.go:993 ⋮ [T1,Vsystem,n1] 226  received signal 'terminated'
I250818 15:51:26.421312 1 1@cli/start.go:1034 ⋮ [T1,Vsystem,n1] 227  initiating graceful shutdown of server
I250818 15:51:26.427364 8883 server/drain.go:353 ⋮ [T1,Vsystem,n1,server drain process,call-graceful-drain] 228  all tenant servers stopped
I250818 15:51:26.428118 8883 1@server/drain.go:399 ⋮ [T1,Vsystem,n1,server drain process,call-graceful-drain] 229  waiting for health probes to notice that the node is not ready for new sql connections
W250818 15:51:26.428359 8883 1@util/log/event_log.go:39 ⋮ [T1,Vsystem,n1,server drain process,call-graceful-drain] 230 ={"Timestamp":1755532286428345760,"EventType":"node_shutdown_connection_timeout","NodeID":1,"Detail":"draining SQL queries after waiting for server.shutdown.connections.timeout","ConnectionsRemaining":1,"TimeoutMillis":0}
I250818 15:51:29.429838 8806 1@server/drain.go:513 ⋮ [T1,Vsystem,n1,server drain process,call-graceful-drain] 231  number of open connections: 1
I250818 15:51:31.424164 8884 1@cli/start.go:1046 ⋮ [T1,Vsystem,n1] 232  372 running tasks
I250818 15:51:32.431519 8806 1@server/drain.go:513 ⋮ [T1,Vsystem,n1,server drain process,call-graceful-drain] 233  number of open connections: 1
I250818 15:51:35.429408 8806 1@server/drain.go:513 ⋮ [T1,Vsystem,n1,server drain process,call-graceful-drain] 234  number of open connections: 1
I250818 15:51:36.424227 8884 1@cli/start.go:1046 ⋮ [T1,Vsystem,n1] 235  372 running tasks
