I250825 23:42:25.803443 28 util/log/file_sync_buffer.go:237 ⋮ [config]   file created at: 2025/08/25 23:42:25
I250825 23:42:25.803450 28 util/log/file_sync_buffer.go:237 ⋮ [config]   running on machine: ‹3c17978af811›
I250825 23:42:25.803457 28 util/log/file_sync_buffer.go:237 ⋮ [config]   binary: CockroachDB CCL v25.2.0 (aarch64-unknown-linux-gnu, built 2025/05/15 21:07:42, go1.23.7 X:nocoverageredesign)
I250825 23:42:25.803461 28 util/log/file_sync_buffer.go:237 ⋮ [config]   arguments: [‹/cockroach/cockroach› ‹start-single-node› ‹--certs-dir=certs› ‹--advertise-addr=127.0.0.1:26257› ‹--insecure› ‹--http-addr=0.0.0.0:8080›]
I250825 23:42:25.803468 28 util/log/file_sync_buffer.go:237 ⋮ [config]   log format (utf8=✓): crdb-v2
I250825 23:42:25.803471 28 util/log/file_sync_buffer.go:237 ⋮ [config]   line format: [IWEF]yymmdd hh:mm:ss.uuuuuu goid [chan@]file:line redactionmark \[tags\] [counter] msg
I250825 23:42:25.802279 28 3@pebble/objstorage/objstorageprovider/remote.go:102 ⋮ [n?,s?,pebble] 1  remote storage configured; creatorID = 1
I250825 23:42:26.041382 28 3@pebble/open.go:1054 ⋮ [n?,s?,pebble] 2  [JOB ‹1›] WAL ‹004836: {(/cockroach/cockroach-data,000)}› stopped reading at offset: (‹/cockroach/cockroach-data/004836.log›: 54512657); replayed 164404 keys in 6289 batches
I250825 23:42:26.041973 125 3@pebble/event.go:1011 ⋮ [n?,s?,pebble] 3  [JOB 2] flushing 8 memtables (58MB) to L0
I250825 23:42:26.042661 125 3@pebble/event.go:1039 ⋮ [n?,s?,pebble] 4  [JOB 2] flushing: sstable created 004843
I250825 23:42:26.092781 125 3@pebble/event.go:1031 ⋮ [n?,s?,pebble] 5  [JOB 2] MANIFEST created 004844
I250825 23:42:26.092840 125 3@pebble/event.go:1015 ⋮ [n?,s?,pebble] 6  [JOB 2] flushed 8 memtables (58MB) to L0 [004843] (496KB), in 0.0s (0.1s total), output rate 9.8MB/s
I250825 23:42:26.095280 123 3@pebble/event.go:1063 ⋮ [n?,s?,pebble] 7  [JOB 2] WAL deleted 004836
I250825 23:42:26.095591 28 3@pebble/event.go:1059 ⋮ [n?,s?,pebble] 8  [JOB 1] WAL created 004845
I250825 23:42:26.096883 105 3@pebble/event.go:999 ⋮ [n?,s?,pebble] 9  [JOB 4] compacting(default) L0 [004843] (496KB) Score=6.31 + L5 [004838 004839 004840 004841] (10MB) Score=0.16; OverlappingRatio: Single 20.95, Multi 0.00
I250825 23:42:26.114916 105 3@pebble/event.go:1039 ⋮ [n?,s?,pebble] 10  [JOB 4] compacting: sstable created 004847
I250825 23:42:26.127560 13 3@pebble/event.go:1051 ⋮ [n?,s?,pebble] 11  [JOB 5] all initial table stats loaded
I250825 23:42:26.244391 105 3@pebble/event.go:1039 ⋮ [n?,s?,pebble] 12  [JOB 4] compacting: sstable created 004848
I250825 23:42:26.280673 105 3@pebble/event.go:1039 ⋮ [n?,s?,pebble] 13  [JOB 4] compacting: sstable created 004849
I250825 23:42:26.358339 105 3@pebble/event.go:1039 ⋮ [n?,s?,pebble] 14  [JOB 4] compacting: sstable created 004850
I250825 23:42:26.364802 105 3@pebble/event.go:1003 ⋮ [n?,s?,pebble] 15  [JOB 4] compacted(default) L0 [004843] (496KB) Score=6.31 + L5 [004838 004839 004840 004841] (10MB) Score=0.16 -> L5 [004847 004848 004849 004850] (10MB), in 0.3s (0.3s total), output rate 38MB/s
I250825 23:42:26.365816 123 3@pebble/event.go:1043 ⋮ [n?,s?,pebble] 16  [JOB 4] sstable deleted 004838
I250825 23:42:26.366111 123 3@pebble/event.go:1043 ⋮ [n?,s?,pebble] 17  [JOB 4] sstable deleted 004839
I250825 23:42:26.366370 123 3@pebble/event.go:1043 ⋮ [n?,s?,pebble] 18  [JOB 4] sstable deleted 004840
I250825 23:42:26.367098 123 3@pebble/event.go:1043 ⋮ [n?,s?,pebble] 19  [JOB 4] sstable deleted 004841
I250825 23:42:26.367271 123 3@pebble/event.go:1043 ⋮ [n?,s?,pebble] 20  [JOB 4] sstable deleted 004843
I250825 23:42:26.373395 123 3@pebble/event.go:1035 ⋮ [n?,s?,pebble] 21  [JOB 1] MANIFEST deleted 004822
I250825 23:42:26.375999 28 3@pebble/event.go:1031 ⋮ [n?,s?,pebble] 22  [JOB 1] MANIFEST created 000001
I250825 23:42:26.376560 28 3@pebble/event.go:1059 ⋮ [n?,s?,pebble] 23  [JOB 1] WAL created 000002
I250825 23:42:26.376834 28 3@pebble/event.go:1027 ⋮ [n?,s?,pebble] 24  upgraded to format version: 014
I250825 23:42:26.377233 28 3@pebble/event.go:1027 ⋮ [n?,s?,pebble] 25  upgraded to format version: 015
I250825 23:42:26.377559 28 3@pebble/event.go:1027 ⋮ [n?,s?,pebble] 26  upgraded to format version: 016
I250825 23:42:26.377922 28 3@pebble/event.go:1027 ⋮ [n?,s?,pebble] 27  upgraded to format version: 017
I250825 23:42:26.378261 28 3@pebble/event.go:1027 ⋮ [n?,s?,pebble] 28  upgraded to format version: 018
I250825 23:42:26.378626 28 3@pebble/event.go:1027 ⋮ [n?,s?,pebble] 29  upgraded to format version: 019
I250825 23:42:26.379718 175 3@pebble/event.go:1051 ⋮ [n?,s?,pebble] 30  [JOB 2] all initial table stats loaded
I250825 23:42:46.937771 765 3@kv/kvserver/store.go:3801 ⋮ [T1,Vsystem,n1,s1] 31  Pebble metrics:
I250825 23:42:46.937771 765 3@kv/kvserver/store.go:3801 ⋮ [T1,Vsystem,n1,s1] 31 +      |                             |       |       |   ingested   |     moved    |    written   |       |    amp
I250825 23:42:46.937771 765 3@kv/kvserver/store.go:3801 ⋮ [T1,Vsystem,n1,s1] 31 +level | tables  size val-bl vtables | score |   in  | tables  size | tables  size | tables  size |  read |   r   w
I250825 23:42:46.937771 765 3@kv/kvserver/store.go:3801 ⋮ [T1,Vsystem,n1,s1] 31 +------+-----------------------------+-------+-------+--------------+--------------+--------------+-------+---------
I250825 23:42:46.937771 765 3@kv/kvserver/store.go:3801 ⋮ [T1,Vsystem,n1,s1] 31 +    0 |     0     0B     0B       0 |  0.00 |  52MB |     0     0B |     0     0B |     1  496KB |    0B |   0  0.0
I250825 23:42:46.937771 765 3@kv/kvserver/store.go:3801 ⋮ [T1,Vsystem,n1,s1] 31 +    1 |     0     0B     0B       0 |  0.00 |    0B |     0     0B |     0     0B |     0     0B |    0B |   0  0.0
I250825 23:42:46.937771 765 3@kv/kvserver/store.go:3801 ⋮ [T1,Vsystem,n1,s1] 31 +    2 |     0     0B     0B       0 |  0.00 |    0B |     0     0B |     0     0B |     0     0B |    0B |   0  0.0
I250825 23:42:46.937771 765 3@kv/kvserver/store.go:3801 ⋮ [T1,Vsystem,n1,s1] 31 +    3 |     0     0B     0B       0 |  0.00 |    0B |     0     0B |     0     0B |     0     0B |    0B |   0  0.0
I250825 23:42:46.937771 765 3@kv/kvserver/store.go:3801 ⋮ [T1,Vsystem,n1,s1] 31 +    4 |     0     0B     0B       0 |  0.00 |    0B |     0     0B |     0     0B |     0     0B |    0B |   0  0.0
I250825 23:42:46.937771 765 3@kv/kvserver/store.go:3801 ⋮ [T1,Vsystem,n1,s1] 31 +    5 |     4   10MB  351KB       0 |  0.29 | 496KB |     0     0B |     0     0B |     4   10MB |  11MB |   1 20.8
I250825 23:42:46.937771 765 3@kv/kvserver/store.go:3801 ⋮ [T1,Vsystem,n1,s1] 31 +    6 |    12   91MB   72KB       0 |     - |    0B |     0     0B |     0     0B |     0     0B |    0B |   1  0.0
I250825 23:42:46.937771 765 3@kv/kvserver/store.go:3801 ⋮ [T1,Vsystem,n1,s1] 31 +total |    16  101MB  423KB       0 |     - |  54MB |     0     0B |     0     0B |     5   65MB |  11MB |   2  1.2
I250825 23:42:46.937771 765 3@kv/kvserver/store.go:3801 ⋮ [T1,Vsystem,n1,s1] 31 +-------------------------------------------------------------------------------------------------------------------
I250825 23:42:46.937771 765 3@kv/kvserver/store.go:3801 ⋮ [T1,Vsystem,n1,s1] 31 +WAL: 1 files (2.3MB)  in: 2.3MB  written: 54MB (2235% overhead)
I250825 23:42:46.937771 765 3@kv/kvserver/store.go:3801 ⋮ [T1,Vsystem,n1,s1] 31 +Flushes: 1
I250825 23:42:46.937771 765 3@kv/kvserver/store.go:3801 ⋮ [T1,Vsystem,n1,s1] 31 +Compactions: 1  estimated debt: 0B  in progress: 0 (0B)
I250825 23:42:46.937771 765 3@kv/kvserver/store.go:3801 ⋮ [T1,Vsystem,n1,s1] 31 +             default: 1  delete: 0  elision: 0  move: 0  read: 0  tombstone-density: 0  rewrite: 0  copy: 0  multi-level: 0
I250825 23:42:46.937771 765 3@kv/kvserver/store.go:3801 ⋮ [T1,Vsystem,n1,s1] 31 +MemTables: 1 (64MB)  zombie: 1 (32MB)
I250825 23:42:46.937771 765 3@kv/kvserver/store.go:3801 ⋮ [T1,Vsystem,n1,s1] 31 +Zombie tables: 0 (0B, local: 0B)
I250825 23:42:46.937771 765 3@kv/kvserver/store.go:3801 ⋮ [T1,Vsystem,n1,s1] 31 +Backing tables: 0 (0B)
I250825 23:42:46.937771 765 3@kv/kvserver/store.go:3801 ⋮ [T1,Vsystem,n1,s1] 31 +Virtual tables: 0 (0B)
I250825 23:42:46.937771 765 3@kv/kvserver/store.go:3801 ⋮ [T1,Vsystem,n1,s1] 31 +Local tables size: 101MB
I250825 23:42:46.937771 765 3@kv/kvserver/store.go:3801 ⋮ [T1,Vsystem,n1,s1] 31 +Compression types: snappy: 16
I250825 23:42:46.937771 765 3@kv/kvserver/store.go:3801 ⋮ [T1,Vsystem,n1,s1] 31 +Block cache: 108 entries (3.8MB)  hit rate: 82.8%
I250825 23:42:46.937771 765 3@kv/kvserver/store.go:3801 ⋮ [T1,Vsystem,n1,s1] 31 +Table cache: 14 entries (11KB)  hit rate: 99.5%
I250825 23:42:46.937771 765 3@kv/kvserver/store.go:3801 ⋮ [T1,Vsystem,n1,s1] 31 +Snapshots: 0  earliest seq num: 0
I250825 23:42:46.937771 765 3@kv/kvserver/store.go:3801 ⋮ [T1,Vsystem,n1,s1] 31 +Table iters: 0
I250825 23:42:46.937771 765 3@kv/kvserver/store.go:3801 ⋮ [T1,Vsystem,n1,s1] 31 +Filter utility: 63.1%
I250825 23:42:46.937771 765 3@kv/kvserver/store.go:3801 ⋮ [T1,Vsystem,n1,s1] 31 +Ingestions: 0  as flushable: 0 (0B in 0 tables)
I250825 23:42:46.937771 765 3@kv/kvserver/store.go:3801 ⋮ [T1,Vsystem,n1,s1] 31 +Cgo memory usage: 100MB  block cache: 3.8MB (data: 3.8MB, maps: 18KB, entries: 8.4KB)  memtables: 96MB
