I250821 13:35:03.084172 1 util/log/file_sync_buffer.go:237 ⋮ [config]   file created at: 2025/08/21 13:35:03
I250821 13:35:03.084198 1 util/log/file_sync_buffer.go:237 ⋮ [config]   running on machine: ‹a9e8c88f9482›
I250821 13:35:03.084209 1 util/log/file_sync_buffer.go:237 ⋮ [config]   binary: CockroachDB CCL v25.2.0 (aarch64-unknown-linux-gnu, built 2025/05/15 21:07:42, go1.23.7 X:nocoverageredesign)
I250821 13:35:03.084213 1 util/log/file_sync_buffer.go:237 ⋮ [config]   arguments: [‹/cockroach/cockroach› ‹start-single-node› ‹--certs-dir=certs› ‹--advertise-addr=127.0.0.1:26257› ‹--insecure› ‹--http-addr=0.0.0.0:8080›]
I250821 13:35:03.084224 1 util/log/file_sync_buffer.go:237 ⋮ [config]   log format (utf8=✓): crdb-v2
I250821 13:35:03.084226 1 util/log/file_sync_buffer.go:237 ⋮ [config]   line format: [IWEF]yymmdd hh:mm:ss.uuuuuu goid [chan@]file:line redactionmark \[tags\] [counter] msg
W250821 13:35:03.078135 1 1@cli/start.go:1438 ⋮ [n?] 1  ALL SECURITY CONTROLS HAVE BEEN DISABLED!
W250821 13:35:03.078135 1 1@cli/start.go:1438 ⋮ [n?] 1 +
W250821 13:35:03.078135 1 1@cli/start.go:1438 ⋮ [n?] 1 +This mode is intended for non-production testing only.
W250821 13:35:03.078135 1 1@cli/start.go:1438 ⋮ [n?] 1 +
W250821 13:35:03.078135 1 1@cli/start.go:1438 ⋮ [n?] 1 +In this mode:
W250821 13:35:03.078135 1 1@cli/start.go:1438 ⋮ [n?] 1 +- Your cluster is open to any client that can access ‹any of your IP addresses›.
W250821 13:35:03.078135 1 1@cli/start.go:1438 ⋮ [n?] 1 +- Intruders with access to your machine or network can observe client-server traffic.
W250821 13:35:03.078135 1 1@cli/start.go:1438 ⋮ [n?] 1 +- Intruders can log in without password and read or write any data in the cluster.
W250821 13:35:03.078135 1 1@cli/start.go:1438 ⋮ [n?] 1 +- Intruders can consume all your server's resources and cause unavailability.
I250821 13:35:03.097602 1 1@cli/start.go:1448 ⋮ [n?] 2  To start a secure server without mandating TLS for clients,
I250821 13:35:03.097602 1 1@cli/start.go:1448 ⋮ [n?] 2 +consider --accept-sql-without-tls instead. For other options, see:
I250821 13:35:03.097602 1 1@cli/start.go:1448 ⋮ [n?] 2 +
I250821 13:35:03.097602 1 1@cli/start.go:1448 ⋮ [n?] 2 +- https://go.crdb.dev/issue-v/53404/v25.2
I250821 13:35:03.097602 1 1@cli/start.go:1448 ⋮ [n?] 2 +- https://www.cockroachlabs.com/docs/v25.2/secure-a-cluster.html
I250821 13:35:03.100303 1 server/status/recorder.go:856 ⋮ [n?] 3  ‹available memory from cgroups (8.0 EiB) is unsupported, using system memory 8.7 GiB instead: ›
W250821 13:35:03.100369 1 1@cli/start.go:1360 ⋮ [n?] 4  Using the default setting for --cache (128 MiB).
W250821 13:35:03.100369 1 1@cli/start.go:1360 ⋮ [n?] 4 +  A significantly larger value is usually needed for good performance.
W250821 13:35:03.100369 1 1@cli/start.go:1360 ⋮ [n?] 4 +  If you have a dedicated server a reasonable setting is --cache=.25 (2.2 GiB).
I250821 13:35:03.100629 1 server/status/recorder.go:856 ⋮ [n?] 5  ‹available memory from cgroups (8.0 EiB) is unsupported, using system memory 8.7 GiB instead: ›
I250821 13:35:03.100692 1 1@cli/start.go:1477 ⋮ [n?] 6  CockroachDB CCL v25.2.0 (aarch64-unknown-linux-gnu, built 2025/05/15 21:07:42, go1.23.7 X:nocoverageredesign)
I250821 13:35:03.102357 1 server/status/recorder.go:856 ⋮ [n?] 7  ‹available memory from cgroups (8.0 EiB) is unsupported, using system memory 8.7 GiB instead: ›
I250821 13:35:03.102395 1 1@cli/start.go:554 ⋮ [n?] 8  soft memory limit of Go runtime is set to 4.9 GiB
I250821 13:35:03.102421 1 1@cli/start.go:591 ⋮ [n?] 9  GC target percentage of Go runtime is set to 300%
I250821 13:35:03.166760 1 server/status/recorder.go:856 ⋮ [T1,Vsystem,n?] 10  ‹available memory from cgroups (8.0 EiB) is unsupported, using system memory 8.7 GiB instead: ›
I250821 13:35:03.166851 1 server/config.go:674 ⋮ [T1,Vsystem,n?] 11  system total memory: 8.7 GiB
I250821 13:35:03.166868 1 server/config.go:676 ⋮ [T1,Vsystem,n?] 12  server configuration:
I250821 13:35:03.166868 1 server/config.go:676 ⋮ [T1,Vsystem,n?] 12 +max offset             500000000
I250821 13:35:03.166868 1 server/config.go:676 ⋮ [T1,Vsystem,n?] 12 +cache size             128 MiB
I250821 13:35:03.166868 1 server/config.go:676 ⋮ [T1,Vsystem,n?] 12 +SQL memory pool size   2.2 GiB
I250821 13:35:03.166868 1 server/config.go:676 ⋮ [T1,Vsystem,n?] 12 +scan interval          10m0s
I250821 13:35:03.166868 1 server/config.go:676 ⋮ [T1,Vsystem,n?] 12 +scan min idle time     10ms
I250821 13:35:03.166868 1 server/config.go:676 ⋮ [T1,Vsystem,n?] 12 +scan max idle time     1s
I250821 13:35:03.166868 1 server/config.go:676 ⋮ [T1,Vsystem,n?] 12 +event log enabled      true
I250821 13:35:03.167004 1 1@cli/start.go:1338 ⋮ [T1,Vsystem,n?] 13  using local environment variables:
I250821 13:35:03.167004 1 1@cli/start.go:1338 ⋮ [T1,Vsystem,n?] 13 +COCKROACH_CHANNEL=official-docker
I250821 13:35:03.167028 1 1@cli/start.go:1345 ⋮ [T1,Vsystem,n?] 14  process identity: uid 0 euid 0 gid 0 egid 0
I250821 13:35:03.189806 1 1@cli/start.go:1500 ⋮ [T1,Vsystem,n?] 15  GEOS loaded from directory ‹/usr/local/lib/cockroach›
I250821 13:35:03.190683 1 1@cli/start.go:777 ⋮ [T1,Vsystem,n?] 16  starting cockroach node
I250821 13:35:09.386136 16 server/config.go:880 ⋮ [T1,Vsystem,n?] 17  1 storage engine initialized
I250821 13:35:09.386186 16 server/config.go:883 ⋮ [T1,Vsystem,n?] 18  Pebble cache size: 128 MiB
I250821 13:35:09.386200 16 server/config.go:883 ⋮ [T1,Vsystem,n?] 19  store 0: max size 0 B, max open file limit 1043576
I250821 13:35:09.386205 16 server/config.go:883 ⋮ [T1,Vsystem,n?] 20  store 0: /cockroach/cockroach-data: rw encrypted=false fs:{bdev=/run/host_mark/Users fstype=fakeowner mountpoint=/cockroach/cockroach-data mountopts=rw,nosuid,nodev,relatime,fakeowner}
I250821 13:35:09.408827 193 util/cidr/cidr.go:299 ⋮ [T1,Vsystem,n?] 21  CIDR lookup updated with 0 destinations
I250821 13:35:09.462938 16 1@server/clock_monotonicity.go:61 ⋮ [T1,Vsystem,n?] 22  monitoring forward clock jumps based on server.clock.forward_jump_check.enabled
I250821 13:35:09.477973 16 1@server/clock_monotonicity.go:136 ⋮ [T1,Vsystem,n1] 23  Sleeping till wall time 1755783309477971129 to catches up to 1755783309962901921 to ensure monotonicity. Sub: 484.930792ms
I250821 13:35:09.477967 644 1@server/server.go:1802 ⋮ [T1,Vsystem,n1] 24  connecting to gossip network to verify cluster ID "7c4e678d-486f-4806-8e59-dd3b5b489461"
W250821 13:35:09.964170 16 1@cli/start.go:1299 ⋮ [T1,Vsystem,n1] 25  Running a server without --sql-addr, with a combined RPC/SQL listener, is deprecated.
W250821 13:35:09.964170 16 1@cli/start.go:1299 ⋮ [T1,Vsystem,n1] 25 +This feature will be removed in a later version of CockroachDB.
W250821 13:35:09.964360 16 1@gossip/gossip.go:1460 ⋮ [T1,Vsystem,n1] 26  no addresses found; use --join to specify a connected node
I250821 13:35:09.973068 665 kv/kvserver/kvstorage/init.go:250 ⋮ [T1,Vsystem,n1,s1] 27  beginning range descriptor iteration
I250821 13:35:09.973391 665 kv/kvserver/kvstorage/init.go:374 ⋮ [T1,Vsystem,n1,s1] 28  range descriptor iteration done: 58 range descriptors, 0 intents, 0 tombstones; stats: ‹seeked 120 times (61 internal); stepped 0 times (0 internal); blocks: 124KB cached; points: 59 (1.2KB keys, 1.8KB values); separated: 6 (343B, 0B fetched)›
I250821 13:35:09.977132 665 kv/kvserver/kvstorage/init.go:501 ⋮ [T1,Vsystem,n1,s1] 29  loaded replica ID for 58/58 replicas
I250821 13:35:09.977464 665 kv/kvserver/kvstorage/init.go:518 ⋮ [T1,Vsystem,n1,s1] 30  loaded Raft state for 58/58 replicas
I250821 13:35:09.977481 665 kv/kvserver/kvstorage/init.go:545 ⋮ [T1,Vsystem,n1,s1] 31  loaded 58 replicas
I250821 13:35:09.977498 665 kv/kvserver/kvstorage/init.go:576 ⋮ [T1,Vsystem,n1,s1] 32  verified 58/58 replicas
I250821 13:35:09.992585 665 kv/kvserver/store.go:2369 ⋮ [T1,Vsystem,n1,s1] 33  initialized 58/58 replicas
I250821 13:35:09.993086 644 1@server/server.go:1805 ⋮ [T1,Vsystem,n1] 34  node connected via gossip
I250821 13:35:09.993272 665 server/node.go:690 ⋮ [T1,Vsystem,n1] 35  initialized store s1 in 28ms (58 replicas)
I250821 13:35:09.994136 16 kv/kvserver/stores.go:261 ⋮ [T1,Vsystem,n1] 36  read 0 node addresses from persistent storage
I250821 13:35:09.994768 720 kv/kvserver/storeliveness/support_manager.go:285 ⋮ [T1,Vsystem,n1,s1] 37  starting to heartbeat store {NodeID:1 StoreID:1}
I250821 13:35:09.996800 16 server/node.go:801 ⋮ [T1,Vsystem,n1] 38  started with attributes []
I250821 13:35:09.997623 16 server/goroutinedumper/goroutinedumper.go:117 ⋮ [T1,Vsystem,n1] 39  writing goroutine dumps to ‹/cockroach/cockroach-data/logs/goroutine_dump›
I250821 13:35:09.997750 16 server/profiler/heapprofiler.go:72 ⋮ [T1,Vsystem,n1] 40  writing go heap profiles to ‹/cockroach/cockroach-data/logs/heap_profiler› at least every 1h0m0s
I250821 13:35:09.997771 16 server/profiler/memory_monitoring_profiler.go:66 ⋮ [T1,Vsystem,n1] 41  writing memory monitoring dumps to ‹/cockroach/cockroach-data/logs/heap_profiler› at least every 1h0m0s
I250821 13:35:09.997781 16 server/profiler/cgoprofiler.go:66 ⋮ [T1,Vsystem,n1] 42  to enable jmalloc profiling: "export MALLOC_CONF=prof:true" or "ln -s prof:true /etc/malloc.conf"
I250821 13:35:09.997805 16 server/profiler/statsprofiler.go:68 ⋮ [T1,Vsystem,n1] 43  writing memory stats to ‹/cockroach/cockroach-data/logs/heap_profiler› at last every 1h0m0s
I250821 13:35:09.997937 16 server/profiler/activequeryprofiler.go:88 ⋮ [T1,Vsystem,n1] 44  writing go query profiles to ‹/cockroach/cockroach-data/logs/heap_profiler›
I250821 13:35:09.997964 16 server/profiler/cpuprofiler.go:87 ⋮ [T1,Vsystem,n1] 45  writing cpu profile dumps to ‹/cockroach/cockroach-data/logs/pprof_dump›
I250821 13:35:10.000924 16 1@server/server.go:1999 ⋮ [T1,Vsystem,n1] 46  starting http server at ‹[::]:8080› (use: ‹127.0.0.1:8080›)
I250821 13:35:10.001163 16 1@server/server.go:2007 ⋮ [T1,Vsystem,n1] 47  starting grpc/postgres server at ‹[::]:26257›
I250821 13:35:10.001194 16 1@server/server.go:2008 ⋮ [T1,Vsystem,n1] 48  advertising CockroachDB node at ‹127.0.0.1:26257›
I250821 13:35:10.001926 720 kv/kvserver/storeliveness/supporter_state.go:298 ⋮ [T1,Vsystem,n1,s1] 49  provided support for store {NodeID:1 StoreID:1}; old = {Target:{NodeID:1 StoreID:1} Epoch:70 Expiration:1755781948.201123886,0}, new = {Target:{NodeID:1 StoreID:1} Epoch:71 Expiration:1755783312.994815545,0}
I250821 13:35:10.004105 720 kv/kvserver/storeliveness/requester_state.go:425 ⋮ [T1,Vsystem,n1,s1] 50  received support from store {NodeID:1 StoreID:1}; old = {Target:{NodeID:1 StoreID:1} Epoch:71 Expiration:0,0}, new = {Target:{NodeID:1 StoreID:1} Epoch:71 Expiration:1755783312.994815545,0}
I250821 13:35:10.016858 16 1@util/log/event_log.go:39 ⋮ [T1,Vsystem,n1] 51 ={"Timestamp":1755783310016845712,"EventType":"node_restart","NodeID":1,"StartedAt":1755783309964530337,"LastUp":1755781943032098927}
I250821 13:35:10.017941 978 kv/kvclient/rangefeed/rangefeedcache/watcher.go:340 ⋮ [T1,Vsystem,n1] 52  spanconfig-subscriber: established range feed cache
I250821 13:35:10.018630 980 kv/kvclient/rangefeed/rangefeedcache/watcher.go:340 ⋮ [T1,Vsystem,n1] 53  settings-watcher: established range feed cache
I250821 13:35:10.029291 16 sql/sqlliveness/slinstance/slinstance.go:435 ⋮ [T1,Vsystem,n1] 54  starting SQL liveness instance
I250821 13:35:10.047239 986 sql/sqlliveness/slstorage/slstorage.go:540 ⋮ [T1,Vsystem,n1] 55  inserted sqlliveness session 01018018ba64d3994e43b5aa89ce6dedc4b661 with expiry 1755783350.030159962,0
I250821 13:35:10.047375 986 sql/sqlliveness/slinstance/slinstance.go:247 ⋮ [T1,Vsystem,n1] 56  created new SQL liveness session 01018018ba64d3994e43b5aa89ce6dedc4b661
I250821 13:35:10.047446 16 sql/sqlinstance/instancestorage/instancestorage.go:338 ⋮ [T1,Vsystem,n1] 57  assigning instance id to rpc addr ‹127.0.0.1:26257› and sql addr ‹127.0.0.1:26257›
I250821 13:35:10.050896 16 server/server_sql.go:1618 ⋮ [T1,Vsystem,n1] 58  bound sqlinstance: Instance{RegionPrefix: gA==, InstanceID: 1, SQLAddr: ‹127.0.0.1:26257›, RPCAddr: ‹127.0.0.1:26257›, SessionID: 01018018ba64d3994e43b5aa89ce6dedc4b661, Locality: , BinaryVersion: 25.2}
I250821 13:35:10.051265 16 upgrade/upgrademanager/manager.go:171 ⋮ [T1,Vsystem,n1] 59  running permanent upgrades up to version: 25.2
I250821 13:35:10.052568 1258 kv/kvclient/rangefeed/rangefeedcache/watcher.go:340 ⋮ [T1,Vsystem,n1] 60  system-config-cache: established range feed cache
I250821 13:35:10.054710 1021 sql/sqlstats/persistedsqlstats/provider.go:159 ⋮ [T1,Vsystem,n1] 61  starting sql-stats-worker with initial delay: 9m24.290489376s
I250821 13:35:10.055865 1268 kv/kvserver/replica_rangefeed.go:882 ⋮ [T1,Vsystem,n1,rangefeed=‹lease›,mux_n=1,gen=2,r6/1:‹/Table/{0-4}›,sm=1,sid=1,s1] 62  RangeFeed closed timestamp 1755702066.218012506,0 is behind by 22h34m3.837847414s (behind=22h34m3.837847414s target=3s nudge=true cancel=false)
I250821 13:35:10.059726 1018 sql/temporary_schema.go:506 ⋮ [T1,Vsystem,n1] 63  running temporary object cleanup background job
I250821 13:35:10.076894 1018 sql/temporary_schema.go:556 ⋮ [T1,Vsystem,n1] 64  found 0 temporary schemas
I250821 13:35:10.076941 1018 sql/temporary_schema.go:559 ⋮ [T1,Vsystem,n1] 65  early exiting temporary schema cleaner as no temporary schemas were found
I250821 13:35:10.076956 1018 sql/temporary_schema.go:560 ⋮ [T1,Vsystem,n1] 66  completed temporary object cleanup job
I250821 13:35:10.077007 1018 sql/temporary_schema.go:641 ⋮ [T1,Vsystem,n1] 67  temporary object cleaner next scheduled to run at 2025-08-21 14:05:10.053424129 +0000 UTC m=+1808.230436921
I250821 13:35:10.090044 16 upgrade/upgrademanager/manager.go:233 ⋮ [T1,Vsystem,n1] 68  detected the last permanent upgrade (v0.0-upgrading-step-004) to have already completed; no permanent upgrades will run
I250821 13:35:10.090079 16 server/server_sql.go:1720 ⋮ [T1,Vsystem,n1] 69  done ensuring all necessary startup migrations have run
I250821 13:35:10.090408 16 server/license/enforcer.go:262 ⋮ [T1,Vsystem,n1] 70  trial license expiry initialized to 1970-01-01 00:00:00 +0000 UTC
I250821 13:35:10.090457 16 server/license/enforcer.go:298 ⋮ [T1,Vsystem,n1] 71  fetched existing cluster init grace period end time: 2025-08-24 14:50:24 +0000 UTC
I250821 13:35:10.090519 16 server/license/enforcer.go:498 ⋮ [T1,Vsystem,n1] 72  enforcer license updated: type is none, grace period ends at "2025-08-24 14:50:24 +0000 UTC", telemetry required: false
I250821 13:35:10.090533 16 server/license/enforcer.go:498 ⋮ [T1,Vsystem,n1] 73  enforcer license updated: type is none, grace period ends at "2025-08-24 14:50:24 +0000 UTC", telemetry required: false
I250821 13:35:10.090888 993 sql/sqlliveness/slstorage/slstorage.go:391 ⋮ [n1,intExec=expire-sessions] 74  deleted session 0101800dfb16f370d8498c8bd510e734262673 which expired at 1755781984.159190344,0
I250821 13:35:10.104419 1522 sql/syntheticprivilegecache/cache.go:202 ⋮ [T1,Vsystem,n1] 75  warmed privileges for virtual tables in 12.709542ms
I250821 13:35:10.110142 1532 kv/kvclient/rangefeed/rangefeedcache/watcher.go:340 ⋮ [T1,Vsystem,n1] 76  tenant-settings-watcher: established range feed cache
I250821 13:35:10.110478 1524 jobs/job_scheduler.go:407 ⋮ [T1,Vsystem,n1] 77  waiting 4m0s before scheduled jobs daemon start
I250821 13:35:10.111061 1534 kv/kvclient/rangefeed/rangefeedcache/watcher.go:340 ⋮ [T1,Vsystem,n1] 78  tenant-entry-watcher: established range feed cache
I250821 13:35:10.111191 1534 multitenant/tenantcapabilities/tenantcapabilitieswatcher/watcher.go:285 ⋮ [T1,Vsystem,n1] 79  received results of a full table scan for tenant capabilities
I250821 13:35:10.125847 1530 server/auto_upgrade.go:81 ⋮ [T1,Vsystem,n1] 80  no need to upgrade, cluster already at the newest version
I250821 13:35:10.130032 16 server/license/enforcer.go:582 ⋮ [T1,Vsystem,n1] 81  disable all license enforcement
I250821 13:35:10.130055 16 1@server/server_sql.go:1971 ⋮ [T1,Vsystem,n1] 82  serving sql connections
I250821 13:35:10.130224 16 1@cli/start.go:1286 ⋮ [T1,Vsystem,n1] 83  node startup completed:
I250821 13:35:10.130224 16 1@cli/start.go:1286 ⋮ [T1,Vsystem,n1] 83 +CockroachDB node starting at 2025-08-21 13:35:10.130074587 +0000 UTC m=+8.307087421 (took 7.2s)
I250821 13:35:10.130224 16 1@cli/start.go:1286 ⋮ [T1,Vsystem,n1] 83 +build:               CCL v25.2.0 @ 2025/05/15 21:07:42 (go1.23.7 X:nocoverageredesign)
I250821 13:35:10.130224 16 1@cli/start.go:1286 ⋮ [T1,Vsystem,n1] 83 +malloc_conf:         prof:false,prof_active:true,background_thread:true,thp:never,metadata_thp:disabled,narenas:48,dirty_decay_ms:2000,muzzy_decay_ms:0
I250821 13:35:10.130224 16 1@cli/start.go:1286 ⋮ [T1,Vsystem,n1] 83 +webui:               ‹http://127.0.0.1:8080›
I250821 13:35:10.130224 16 1@cli/start.go:1286 ⋮ [T1,Vsystem,n1] 83 +sql:                 ‹postgresql://root@127.0.0.1:26257/defaultdb?sslmode=disable›
I250821 13:35:10.130224 16 1@cli/start.go:1286 ⋮ [T1,Vsystem,n1] 83 +sql (JDBC):          ‹jdbc:postgresql://127.0.0.1:26257/defaultdb?sslmode=disable&user=root›
I250821 13:35:10.130224 16 1@cli/start.go:1286 ⋮ [T1,Vsystem,n1] 83 +RPC client flags:    ‹/cockroach/cockroach <client cmd> --host=127.0.0.1:26257 --insecure›
I250821 13:35:10.130224 16 1@cli/start.go:1286 ⋮ [T1,Vsystem,n1] 83 +logs:                ‹/cockroach/cockroach-data/logs›
I250821 13:35:10.130224 16 1@cli/start.go:1286 ⋮ [T1,Vsystem,n1] 83 +temp dir:            ‹/cockroach/cockroach-data/cockroach-temp4041847189›
I250821 13:35:10.130224 16 1@cli/start.go:1286 ⋮ [T1,Vsystem,n1] 83 +external I/O path:   ‹/cockroach/cockroach-data/extern›
I250821 13:35:10.130224 16 1@cli/start.go:1286 ⋮ [T1,Vsystem,n1] 83 +store[0]:            ‹path=/cockroach/cockroach-data›
I250821 13:35:10.130224 16 1@cli/start.go:1286 ⋮ [T1,Vsystem,n1] 83 +clusterID:           7c4e678d-486f-4806-8e59-dd3b5b489461
I250821 13:35:10.130224 16 1@cli/start.go:1286 ⋮ [T1,Vsystem,n1] 83 +status:              restarted pre-existing node
I250821 13:35:10.130224 16 1@cli/start.go:1286 ⋮ [T1,Vsystem,n1] 83 +nodeID:              1
I250821 13:35:10.179431 1725 sql/catalog/lease/lease.go:2467 ⋮ [T1,Vsystem,n1] 84  released orphaned lease: ID=5 ver=1 expiration={0001-01-01 00:00:00 +0000 UTC}
I250821 13:35:10.179584 1722 sql/catalog/lease/lease.go:2467 ⋮ [T1,Vsystem,n1] 85  released orphaned lease: ID=1 ver=1 expiration={0001-01-01 00:00:00 +0000 UTC}
I250821 13:35:10.179671 1723 sql/catalog/lease/lease.go:2467 ⋮ [T1,Vsystem,n1] 86  released orphaned lease: ID=3 ver=1 expiration={0001-01-01 00:00:00 +0000 UTC}
I250821 13:35:10.179746 1724 sql/catalog/lease/lease.go:2467 ⋮ [T1,Vsystem,n1] 87  released orphaned lease: ID=4 ver=1 expiration={0001-01-01 00:00:00 +0000 UTC}
I250821 13:35:10.180350 1726 sql/catalog/lease/lease.go:2467 ⋮ [T1,Vsystem,n1] 88  released orphaned lease: ID=6 ver=1 expiration={0001-01-01 00:00:00 +0000 UTC}
I250821 13:35:10.181712 1615 sql/catalog/lease/lease.go:2467 ⋮ [T1,Vsystem,n1] 89  released orphaned lease: ID=12 ver=1 expiration={0001-01-01 00:00:00 +0000 UTC}
I250821 13:35:10.181870 1729 sql/catalog/lease/lease.go:2467 ⋮ [T1,Vsystem,n1] 90  released orphaned lease: ID=7 ver=1 expiration={0001-01-01 00:00:00 +0000 UTC}
I250821 13:35:10.181944 1778 sql/catalog/lease/lease.go:2467 ⋮ [T1,Vsystem,n1] 91  released orphaned lease: ID=9 ver=1 expiration={0001-01-01 00:00:00 +0000 UTC}
I250821 13:35:10.182004 1779 sql/catalog/lease/lease.go:2467 ⋮ [T1,Vsystem,n1] 92  released orphaned lease: ID=11 ver=1 expiration={0001-01-01 00:00:00 +0000 UTC}
I250821 13:35:10.182049 1614 sql/catalog/lease/lease.go:2467 ⋮ [T1,Vsystem,n1] 93  released orphaned lease: ID=8 ver=1 expiration={0001-01-01 00:00:00 +0000 UTC}
I250821 13:35:10.184125 1784 sql/catalog/lease/lease.go:2467 ⋮ [T1,Vsystem,n1] 94  released orphaned lease: ID=20 ver=1 expiration={0001-01-01 00:00:00 +0000 UTC}
I250821 13:35:10.184299 1780 sql/catalog/lease/lease.go:2467 ⋮ [T1,Vsystem,n1] 95  released orphaned lease: ID=13 ver=1 expiration={0001-01-01 00:00:00 +0000 UTC}
I250821 13:35:10.184364 1781 sql/catalog/lease/lease.go:2467 ⋮ [T1,Vsystem,n1] 96  released orphaned lease: ID=14 ver=1 expiration={0001-01-01 00:00:00 +0000 UTC}
I250821 13:35:10.184409 1782 sql/catalog/lease/lease.go:2467 ⋮ [T1,Vsystem,n1] 97  released orphaned lease: ID=15 ver=1 expiration={0001-01-01 00:00:00 +0000 UTC}
I250821 13:35:10.184448 1783 sql/catalog/lease/lease.go:2467 ⋮ [T1,Vsystem,n1] 98  released orphaned lease: ID=19 ver=1 expiration={0001-01-01 00:00:00 +0000 UTC}
I250821 13:35:10.186077 1789 sql/catalog/lease/lease.go:2467 ⋮ [T1,Vsystem,n1] 99  released orphaned lease: ID=26 ver=1 expiration={0001-01-01 00:00:00 +0000 UTC}
I250821 13:35:10.186209 1785 sql/catalog/lease/lease.go:2467 ⋮ [T1,Vsystem,n1] 100  released orphaned lease: ID=21 ver=1 expiration={0001-01-01 00:00:00 +0000 UTC}
I250821 13:35:10.186310 1786 sql/catalog/lease/lease.go:2467 ⋮ [T1,Vsystem,n1] 101  released orphaned lease: ID=23 ver=1 expiration={0001-01-01 00:00:00 +0000 UTC}
I250821 13:35:10.186358 1787 sql/catalog/lease/lease.go:2467 ⋮ [T1,Vsystem,n1] 102  released orphaned lease: ID=24 ver=1 expiration={0001-01-01 00:00:00 +0000 UTC}
I250821 13:35:10.186402 1788 sql/catalog/lease/lease.go:2467 ⋮ [T1,Vsystem,n1] 103  released orphaned lease: ID=25 ver=1 expiration={0001-01-01 00:00:00 +0000 UTC}
I250821 13:35:10.189118 1794 sql/catalog/lease/lease.go:2467 ⋮ [T1,Vsystem,n1] 104  released orphaned lease: ID=32 ver=1 expiration={0001-01-01 00:00:00 +0000 UTC}
I250821 13:35:10.189275 1790 sql/catalog/lease/lease.go:2467 ⋮ [T1,Vsystem,n1] 105  released orphaned lease: ID=27 ver=1 expiration={0001-01-01 00:00:00 +0000 UTC}
I250821 13:35:10.189328 1791 sql/catalog/lease/lease.go:2467 ⋮ [T1,Vsystem,n1] 106  released orphaned lease: ID=28 ver=1 expiration={0001-01-01 00:00:00 +0000 UTC}
I250821 13:35:10.189382 1792 sql/catalog/lease/lease.go:2467 ⋮ [T1,Vsystem,n1] 107  released orphaned lease: ID=30 ver=1 expiration={0001-01-01 00:00:00 +0000 UTC}
I250821 13:35:10.189421 1793 sql/catalog/lease/lease.go:2467 ⋮ [T1,Vsystem,n1] 108  released orphaned lease: ID=31 ver=1 expiration={0001-01-01 00:00:00 +0000 UTC}
I250821 13:35:10.191019 1799 sql/catalog/lease/lease.go:2467 ⋮ [T1,Vsystem,n1] 109  released orphaned lease: ID=37 ver=1 expiration={0001-01-01 00:00:00 +0000 UTC}
I250821 13:35:10.191088 1796 sql/catalog/lease/lease.go:2467 ⋮ [T1,Vsystem,n1] 110  released orphaned lease: ID=34 ver=1 expiration={0001-01-01 00:00:00 +0000 UTC}
I250821 13:35:10.191141 1797 sql/catalog/lease/lease.go:2467 ⋮ [T1,Vsystem,n1] 111  released orphaned lease: ID=35 ver=1 expiration={0001-01-01 00:00:00 +0000 UTC}
I250821 13:35:10.191580 1795 sql/catalog/lease/lease.go:2467 ⋮ [T1,Vsystem,n1] 112  released orphaned lease: ID=33 ver=1 expiration={0001-01-01 00:00:00 +0000 UTC}
I250821 13:35:10.191679 1798 sql/catalog/lease/lease.go:2467 ⋮ [T1,Vsystem,n1] 113  released orphaned lease: ID=36 ver=1 expiration={0001-01-01 00:00:00 +0000 UTC}
I250821 13:35:10.192497 1616 sql/catalog/lease/lease.go:2467 ⋮ [T1,Vsystem,n1] 114  released orphaned lease: ID=40 ver=1 expiration={0001-01-01 00:00:00 +0000 UTC}
I250821 13:35:10.192600 1800 sql/catalog/lease/lease.go:2467 ⋮ [T1,Vsystem,n1] 115  released orphaned lease: ID=39 ver=1 expiration={0001-01-01 00:00:00 +0000 UTC}
I250821 13:35:10.193490 1811 sql/catalog/lease/lease.go:2467 ⋮ [T1,Vsystem,n1] 116  released orphaned lease: ID=43 ver=1 expiration={0001-01-01 00:00:00 +0000 UTC}
I250821 13:35:10.193533 1802 sql/catalog/lease/lease.go:2467 ⋮ [T1,Vsystem,n1] 117  released orphaned lease: ID=45 ver=1 expiration={0001-01-01 00:00:00 +0000 UTC}
I250821 13:35:10.193599 1617 sql/catalog/lease/lease.go:2467 ⋮ [T1,Vsystem,n1] 118  released orphaned lease: ID=41 ver=1 expiration={0001-01-01 00:00:00 +0000 UTC}
I250821 13:35:10.193674 1801 sql/catalog/lease/lease.go:2467 ⋮ [T1,Vsystem,n1] 119  released orphaned lease: ID=44 ver=1 expiration={0001-01-01 00:00:00 +0000 UTC}
I250821 13:35:10.193695 1810 sql/catalog/lease/lease.go:2467 ⋮ [T1,Vsystem,n1] 120  released orphaned lease: ID=42 ver=1 expiration={0001-01-01 00:00:00 +0000 UTC}
I250821 13:35:10.195353 1812 sql/catalog/lease/lease.go:2467 ⋮ [T1,Vsystem,n1] 121  released orphaned lease: ID=46 ver=1 expiration={0001-01-01 00:00:00 +0000 UTC}
I250821 13:35:10.195481 1813 sql/catalog/lease/lease.go:2467 ⋮ [T1,Vsystem,n1] 122  released orphaned lease: ID=48 ver=1 expiration={0001-01-01 00:00:00 +0000 UTC}
I250821 13:35:10.196036 1739 sql/catalog/lease/lease.go:2467 ⋮ [T1,Vsystem,n1] 123  released orphaned lease: ID=50 ver=1 expiration={0001-01-01 00:00:00 +0000 UTC}
I250821 13:35:10.197938 1803 sql/catalog/lease/lease.go:2467 ⋮ [T1,Vsystem,n1] 124  released orphaned lease: ID=54 ver=1 expiration={0001-01-01 00:00:00 +0000 UTC}
I250821 13:35:10.197611 1738 sql/catalog/lease/lease.go:2467 ⋮ [T1,Vsystem,n1] 125  released orphaned lease: ID=47 ver=1 expiration={0001-01-01 00:00:00 +0000 UTC}
I250821 13:35:10.198826 1655 sql/catalog/lease/lease.go:2467 ⋮ [T1,Vsystem,n1] 126  released orphaned lease: ID=52 ver=1 expiration={0001-01-01 00:00:00 +0000 UTC}
I250821 13:35:10.198741 1656 sql/catalog/lease/lease.go:2467 ⋮ [T1,Vsystem,n1] 127  released orphaned lease: ID=53 ver=1 expiration={0001-01-01 00:00:00 +0000 UTC}
I250821 13:35:10.199319 1814 sql/catalog/lease/lease.go:2467 ⋮ [T1,Vsystem,n1] 128  released orphaned lease: ID=51 ver=1 expiration={0001-01-01 00:00:00 +0000 UTC}
I250821 13:35:10.199792 1817 sql/catalog/lease/lease.go:2467 ⋮ [T1,Vsystem,n1] 129  released orphaned lease: ID=59 ver=1 expiration={0001-01-01 00:00:00 +0000 UTC}
I250821 13:35:10.199904 1657 sql/catalog/lease/lease.go:2467 ⋮ [T1,Vsystem,n1] 130  released orphaned lease: ID=55 ver=1 expiration={0001-01-01 00:00:00 +0000 UTC}
I250821 13:35:10.199963 1815 sql/catalog/lease/lease.go:2467 ⋮ [T1,Vsystem,n1] 131  released orphaned lease: ID=56 ver=1 expiration={0001-01-01 00:00:00 +0000 UTC}
I250821 13:35:10.200012 1816 sql/catalog/lease/lease.go:2467 ⋮ [T1,Vsystem,n1] 132  released orphaned lease: ID=58 ver=1 expiration={0001-01-01 00:00:00 +0000 UTC}
I250821 13:35:10.201905 1658 sql/catalog/lease/lease.go:2467 ⋮ [T1,Vsystem,n1] 133  released orphaned lease: ID=57 ver=1 expiration={0001-01-01 00:00:00 +0000 UTC}
I250821 13:35:10.202051 1740 sql/catalog/lease/lease.go:2467 ⋮ [T1,Vsystem,n1] 134  released orphaned lease: ID=60 ver=1 expiration={0001-01-01 00:00:00 +0000 UTC}
I250821 13:35:10.202105 1741 sql/catalog/lease/lease.go:2467 ⋮ [T1,Vsystem,n1] 135  released orphaned lease: ID=61 ver=1 expiration={0001-01-01 00:00:00 +0000 UTC}
I250821 13:35:10.202147 1742 sql/catalog/lease/lease.go:2467 ⋮ [T1,Vsystem,n1] 136  released orphaned lease: ID=62 ver=1 expiration={0001-01-01 00:00:00 +0000 UTC}
I250821 13:35:10.202189 1743 sql/catalog/lease/lease.go:2467 ⋮ [T1,Vsystem,n1] 137  released orphaned lease: ID=63 ver=1 expiration={0001-01-01 00:00:00 +0000 UTC}
I250821 13:35:10.203103 1828 sql/catalog/lease/lease.go:2467 ⋮ [T1,Vsystem,n1] 138  released orphaned lease: ID=68 ver=1 expiration={0001-01-01 00:00:00 +0000 UTC}
I250821 13:35:10.203171 1744 sql/catalog/lease/lease.go:2467 ⋮ [T1,Vsystem,n1] 139  released orphaned lease: ID=64 ver=1 expiration={0001-01-01 00:00:00 +0000 UTC}
I250821 13:35:10.203211 1745 sql/catalog/lease/lease.go:2467 ⋮ [T1,Vsystem,n1] 140  released orphaned lease: ID=65 ver=1 expiration={0001-01-01 00:00:00 +0000 UTC}
I250821 13:35:10.203251 1826 sql/catalog/lease/lease.go:2467 ⋮ [T1,Vsystem,n1] 141  released orphaned lease: ID=66 ver=1 expiration={0001-01-01 00:00:00 +0000 UTC}
I250821 13:35:10.203300 1827 sql/catalog/lease/lease.go:2467 ⋮ [T1,Vsystem,n1] 142  released orphaned lease: ID=67 ver=1 expiration={0001-01-01 00:00:00 +0000 UTC}
I250821 13:35:10.204721 1833 sql/catalog/lease/lease.go:2467 ⋮ [T1,Vsystem,n1] 143  released orphaned lease: ID=104 ver=1 expiration={0001-01-01 00:00:00 +0000 UTC}
I250821 13:35:10.204766 1830 sql/catalog/lease/lease.go:2467 ⋮ [T1,Vsystem,n1] 144  released orphaned lease: ID=70 ver=1 expiration={0001-01-01 00:00:00 +0000 UTC}
I250821 13:35:10.204844 1831 sql/catalog/lease/lease.go:2467 ⋮ [T1,Vsystem,n1] 145  released orphaned lease: ID=71 ver=1 expiration={0001-01-01 00:00:00 +0000 UTC}
I250821 13:35:10.204847 1829 sql/catalog/lease/lease.go:2467 ⋮ [T1,Vsystem,n1] 146  released orphaned lease: ID=69 ver=1 expiration={0001-01-01 00:00:00 +0000 UTC}
I250821 13:35:10.204967 1832 sql/catalog/lease/lease.go:2467 ⋮ [T1,Vsystem,n1] 147  released orphaned lease: ID=72 ver=1 expiration={0001-01-01 00:00:00 +0000 UTC}
I250821 13:35:10.207059 1835 sql/catalog/lease/lease.go:2467 ⋮ [T1,Vsystem,n1] 148  released orphaned lease: ID=107 ver=1 expiration={0001-01-01 00:00:00 +0000 UTC}
I250821 13:35:10.208772 1686 sql/catalog/lease/lease.go:2467 ⋮ [T1,Vsystem,n1] 149  released orphaned lease: ID=108 ver=2 expiration={0001-01-01 00:00:00 +0000 UTC}
I250821 13:35:10.208839 1836 sql/catalog/lease/lease.go:2467 ⋮ [T1,Vsystem,n1] 150  released orphaned lease: ID=109 ver=2 expiration={0001-01-01 00:00:00 +0000 UTC}
I250821 13:35:10.209095 1834 sql/catalog/lease/lease.go:2467 ⋮ [T1,Vsystem,n1] 151  released orphaned lease: ID=105 ver=1 expiration={0001-01-01 00:00:00 +0000 UTC}
I250821 13:35:10.209127 1687 sql/catalog/lease/lease.go:2467 ⋮ [T1,Vsystem,n1] 152  released orphaned lease: ID=110 ver=1 expiration={0001-01-01 00:00:00 +0000 UTC}
I250821 13:35:10.209210 1659 sql/catalog/lease/lease.go:2467 ⋮ [T1,Vsystem,n1] 153  released orphaned lease: ID=106 ver=15 expiration={0001-01-01 00:00:00 +0000 UTC}
I250821 13:35:10.211068 1805 sql/catalog/lease/lease.go:2467 ⋮ [T1,Vsystem,n1] 154  released orphaned lease: ID=113 ver=7 expiration={0001-01-01 00:00:00 +0000 UTC}
I250821 13:35:10.211122 1818 sql/catalog/lease/lease.go:2467 ⋮ [T1,Vsystem,n1] 155  released orphaned lease: ID=111 ver=3 expiration={0001-01-01 00:00:00 +0000 UTC}
I250821 13:35:10.211153 1806 sql/catalog/lease/lease.go:2467 ⋮ [T1,Vsystem,n1] 156  released orphaned lease: ID=115 ver=7 expiration={0001-01-01 00:00:00 +0000 UTC}
I250821 13:35:10.211175 1837 sql/catalog/lease/lease.go:2467 ⋮ [T1,Vsystem,n1] 157  released orphaned lease: ID=114 ver=1 expiration={0001-01-01 00:00:00 +0000 UTC}
I250821 13:35:10.211490 1804 sql/catalog/lease/lease.go:2467 ⋮ [T1,Vsystem,n1] 158  released orphaned lease: ID=112 ver=1 expiration={0001-01-01 00:00:00 +0000 UTC}
I250821 13:35:10.215295 1819 sql/catalog/lease/lease.go:2467 ⋮ [T1,Vsystem,n1] 159  released orphaned lease: ID=116 ver=1 expiration={0001-01-01 00:00:00 +0000 UTC}
I250821 13:35:10.215529 1807 sql/catalog/lease/lease.go:2467 ⋮ [T1,Vsystem,n1] 160  released orphaned lease: ID=119 ver=2 expiration={0001-01-01 00:00:00 +0000 UTC}
I250821 13:35:10.215702 1820 sql/catalog/lease/lease.go:2467 ⋮ [T1,Vsystem,n1] 161  released orphaned lease: ID=117 ver=3 expiration={0001-01-01 00:00:00 +0000 UTC}
I250821 13:35:10.215762 1821 sql/catalog/lease/lease.go:2467 ⋮ [T1,Vsystem,n1] 162  released orphaned lease: ID=118 ver=1 expiration={0001-01-01 00:00:00 +0000 UTC}
I250821 13:35:10.215831 1808 sql/catalog/lease/lease.go:2467 ⋮ [T1,Vsystem,n1] 163  released orphaned lease: ID=122 ver=2 expiration={0001-01-01 00:00:00 +0000 UTC}
I250821 13:35:10.216550 1841 sql/catalog/lease/lease.go:2467 ⋮ [T1,Vsystem,n1] 164  released orphaned lease: ID=127 ver=3 expiration={0001-01-01 00:00:00 +0000 UTC}
I250821 13:35:10.216685 1838 sql/catalog/lease/lease.go:2467 ⋮ [T1,Vsystem,n1] 165  released orphaned lease: ID=124 ver=3 expiration={0001-01-01 00:00:00 +0000 UTC}
I250821 13:35:10.216795 1840 sql/catalog/lease/lease.go:2467 ⋮ [T1,Vsystem,n1] 166  released orphaned lease: ID=126 ver=2 expiration={0001-01-01 00:00:00 +0000 UTC}
I250821 13:35:10.216790 1839 sql/catalog/lease/lease.go:2467 ⋮ [T1,Vsystem,n1] 167  released orphaned lease: ID=125 ver=3 expiration={0001-01-01 00:00:00 +0000 UTC}
I250821 13:35:10.216860 1775 sql/catalog/lease/lease.go:2467 ⋮ [T1,Vsystem,n1] 168  released orphaned lease: ID=123 ver=1 expiration={0001-01-01 00:00:00 +0000 UTC}
I250821 13:35:10.218657 1822 sql/catalog/lease/lease.go:2467 ⋮ [T1,Vsystem,n1] 169  released orphaned lease: ID=131 ver=2 expiration={0001-01-01 00:00:00 +0000 UTC}
I250821 13:35:10.218713 1777 sql/catalog/lease/lease.go:2467 ⋮ [T1,Vsystem,n1] 170  released orphaned lease: ID=129 ver=3 expiration={0001-01-01 00:00:00 +0000 UTC}
I250821 13:35:10.218786 1842 sql/catalog/lease/lease.go:2467 ⋮ [T1,Vsystem,n1] 171  released orphaned lease: ID=130 ver=2 expiration={0001-01-01 00:00:00 +0000 UTC}
I250821 13:35:10.218806 1660 sql/catalog/lease/lease.go:2467 ⋮ [T1,Vsystem,n1] 172  released orphaned lease: ID=132 ver=2 expiration={0001-01-01 00:00:00 +0000 UTC}
I250821 13:35:10.218815 1776 sql/catalog/lease/lease.go:2467 ⋮ [T1,Vsystem,n1] 173  released orphaned lease: ID=128 ver=2 expiration={0001-01-01 00:00:00 +0000 UTC}
I250821 13:35:10.220545 1858 sql/catalog/lease/lease.go:2467 ⋮ [T1,Vsystem,n1] 174  released orphaned lease: ID=134 ver=1 expiration={0001-01-01 00:00:00 +0000 UTC}
I250821 13:35:10.220618 1823 sql/catalog/lease/lease.go:2467 ⋮ [T1,Vsystem,n1] 175  released orphaned lease: ID=133 ver=3 expiration={0001-01-01 00:00:00 +0000 UTC}
I250821 13:35:10.933028 664 1@gossip/gossip.go:1476 ⋮ [T1,Vsystem,n1] 176  node has connected to cluster via gossip
I250821 13:35:10.933458 664 kv/kvserver/stores.go:280 ⋮ [T1,Vsystem,n1] 177  wrote 0 node addresses to persistent storage
I250821 13:35:11.627729 1525 server/diagnostics/update_checker.go:144 ⋮ [T1,Vsystem,n1] 178  a new version is available: ‹25.3.0›, details: ‹https://www.cockroachlabs.com/docs/releases/v25.3#v25-3-0›
I250821 13:35:39.099359 2337 kv/kvserver/mvcc_gc_queue.go:796 ⋮ [T1,Vsystem,n1,mvccGC,s1,r86/1:‹/{Table/134-Max}›] 179  GC still needed following GC, recomputing MVCC stats
I250821 13:35:39.099888 2337 kv/kvserver/mvcc_gc_queue.go:797 ⋮ [T1,Vsystem,n1,mvccGC,s1,r86/1:‹/{Table/134-Max}›] 180  old score ‹queue=true with 0.00/fuzz(0.95)=0.00=valScaleScore(0.00)*deadFrac(0.04)+intentScore(0.00)›
I250821 13:35:39.099888 2337 kv/kvserver/mvcc_gc_queue.go:797 ⋮ [T1,Vsystem,n1,mvccGC,s1,r86/1:‹/{Table/134-Max}›] 180 +‹likely last GC: 26m32.166790576s ago, 0 B non-live, curr. age 0 B*s, min exp. reduction: 0 B*s›
I250821 13:35:39.099888 2337 kv/kvserver/mvcc_gc_queue.go:797 ⋮ [T1,Vsystem,n1,mvccGC,s1,r86/1:‹/{Table/134-Max}›] 180 +‹hint: {0,0 1755445834.582834013,0 1755445834.587412388,0}›
I250821 13:35:39.100334 2337 kv/kvserver/mvcc_gc_queue.go:798 ⋮ [T1,Vsystem,n1,mvccGC,s1,r86/1:‹/{Table/134-Max}›] 181  new score ‹queue=true with 0.00/fuzz(0.95)=0.00=valScaleScore(0.00)*deadFrac(0.04)+intentScore(0.00)›
I250821 13:35:39.100334 2337 kv/kvserver/mvcc_gc_queue.go:798 ⋮ [T1,Vsystem,n1,mvccGC,s1,r86/1:‹/{Table/134-Max}›] 181 +‹likely last GC: 26m37.411119035s ago, 0 B non-live, curr. age 0 B*s, min exp. reduction: 0 B*s›
I250821 13:35:39.100334 2337 kv/kvserver/mvcc_gc_queue.go:798 ⋮ [T1,Vsystem,n1,mvccGC,s1,r86/1:‹/{Table/134-Max}›] 181 +‹hint: {0,0 1755445834.582834013,0 1755445834.587412388,0}›
I250821 13:35:41.443369 1256 jobs/adopt.go:105 ⋮ [T1,Vsystem,n1] 182  claimed 7 jobs
I250821 13:35:41.459172 2451 jobs/adopt.go:224 ⋮ [T1,Vsystem,n1,job=103] 183  job 103: resuming execution
I250821 13:35:41.459732 2289 jobs/adopt.go:224 ⋮ [T1,Vsystem,n1,job=100] 184  job 100: resuming execution
I250821 13:35:41.459160 2450 jobs/adopt.go:224 ⋮ [T1,Vsystem,n1,job=101] 185  job 101: resuming execution
I250821 13:35:41.459590 2453 jobs/adopt.go:224 ⋮ [T1,Vsystem,n1,job=105] 186  job 105: resuming execution
I250821 13:35:41.459500 2288 jobs/adopt.go:224 ⋮ [T1,Vsystem,n1,job=1098946398292541441] 187  job 1098946398292541441: resuming execution
I250821 13:35:41.459541 2452 jobs/adopt.go:224 ⋮ [T1,Vsystem,n1,job=104] 188  job 104: resuming execution
I250821 13:35:41.459312 2454 jobs/adopt.go:224 ⋮ [T1,Vsystem,n1,job=1098958321112612865] 189  job 1098958321112612865: resuming execution
I250821 13:35:41.566044 2369 jobs/registry.go:1681 ⋮ [T1,Vsystem,n1,job=105] 190  UPDATE TABLE METADATA CACHE job 105: stepping through state running
I250821 13:35:41.566498 2468 jobs/registry.go:1681 ⋮ [T1,Vsystem,n1,job=101] 191  POLL JOBS STATS job 101: stepping through state running
I250821 13:35:41.567822 2317 jobs/registry.go:1681 ⋮ [T1,Vsystem,n1,job=103] 192  AUTO UPDATE SQL ACTIVITY job 103: stepping through state running
I250821 13:35:41.565940 2429 jobs/registry.go:1681 ⋮ [T1,Vsystem,n1,job=1098958321112612865] 193  CHANGEFEED job 1098958321112612865: stepping through state running
I250821 13:35:41.566102 2296 jobs/registry.go:1681 ⋮ [T1,Vsystem,n1,job=1098946398292541441] 194  AUTO SPAN CONFIG RECONCILIATION job 1098946398292541441: stepping through state running
I250821 13:35:41.570096 2447 jobs/registry.go:1681 ⋮ [T1,Vsystem,n1,job=104] 195  MVCC STATISTICS UPDATE job 104: stepping through state running
I250821 13:35:41.571579 2482 jobs/registry.go:1681 ⋮ [T1,Vsystem,n1,job=100] 196  KEY VISUALIZER job 100: stepping through state running
I250821 13:35:41.595820 2317 sql/sql_activity_update_job.go:88 ⋮ [T1,Vsystem,n1,job=AUTO UPDATE SQL ACTIVITY id=103] 197  starting sql stats activity flush job
I250821 13:35:41.598203 2447 sql/mvcc_statistics_update_job.go:63 ⋮ [T1,Vsystem,n1,job=MVCC STATISTICS UPDATE id=104] 198  starting mvcc statistics update job
I250821 13:35:41.613551 2229 ccl/changefeedccl/changefeed_dist.go:414 ⋮ [T1,Vsystem,n1,job=CHANGEFEED id=1098958321112612865] 199  using bulk oracle for DistSQL planning
I250821 13:35:41.621819 2229 ccl/changefeedccl/changefeed_dist.go:577 ⋮ [T1,Vsystem,n1,job=CHANGEFEED id=1098958321112612865] 200  changefeed plan diagram: ‹https://cockroachdb.github.io/distsqlplan/decode.html#eJyUks-LnDAUx-_9K-SdI_qS1bo5TelSmEO7pV3oYZESzdMJdYxNItsi_u9Fbbu7AzMwx_eDz_fjMxP4nx1IqA-qb6kh0jLC9La4zQrBEZHnyIs8Awa91fRJHcmDfASEksHgbE3eW7e0pnVhr3-BTBmYfhjD0i4Z1NYRyAmCCR2BhPdr1Lu2ddSqYF2SAgNNQZluZX9ToT6Qjx6xlFHyoKqOEhQimTDmM5QzAzuGZ7wPqiWQ-MJnfwcyndm1Sh-c7YMhl-BrofsxyGjH2U6w3c1ZAX4igNcIfCE_2N7Tq-BzSelJUoxzyYB0S9uP8HZ0NX12tl53t_J-Ba0NTT5sU9yKff9v5IMjdfx_v5ckvEjil0glg6azT9-NBgkZYZq9RR43otDxjWiauMoxjzNRpZgLgaJaHkTTqdYvJ_p6sE8r9uH3sHxgozpPDD6qH3RHgdzR9MYHU_-dzPObPwEAAP__9rro3Q==›
I250821 13:35:41.651505 2235 ccl/changefeedccl/sink_kafka_v2.go:246 ⋮ [-] 201  updating kafka metadata for topics: [‹users_changes›]
I250821 13:35:41.697720 2235 ccl/changefeedccl/sink_kafka_v2.go:246 ⋮ [-] 202  updating kafka metadata for topics: [‹users_changes›]
I250821 13:35:41.698003 2479 ccl/changefeedccl/kvfeed/kv_feed.go:332 ⋮ [T1,Vsystem,n1,job=1098958321112612865,change-aggregator] 203  kv feed run starting
I250821 13:35:41.780595 2296 spanconfig/spanconfigsqlwatcher/sqlwatcher.go:241 ⋮ [T1,Vsystem,n1,job=AUTO SPAN CONFIG RECONCILIATION id=1098946398292541441] 204  established range feed over system.descriptors starting at time 1755783341.615317546,0
I250821 13:35:41.785342 2296 spanconfig/spanconfigsqlwatcher/sqlwatcher.go:300 ⋮ [T1,Vsystem,n1,job=AUTO SPAN CONFIG RECONCILIATION id=1098946398292541441] 205  established range feed over system.zones starting at time 1755783341.615317546,0
I250821 13:35:41.787963 2296 spanconfig/spanconfigsqlwatcher/sqlwatcher.go:401 ⋮ [T1,Vsystem,n1,job=AUTO SPAN CONFIG RECONCILIATION id=1098946398292541441] 206  established range feed over system.protected_ts_records starting at time 1755783341.615317546,0
W250821 13:36:27.327324 1582 2@rpc/clock_offset.go:307 ⋮ [T1,Vsystem,n1,rnode=1,raddr=‹127.0.0.1:26257›,class=system,rpc] 207  latency jump (prev avg 0.66ms, current 65.26ms)
I250821 13:36:54.164279 4482 kv/kvserver/mvcc_gc_queue.go:796 ⋮ [T1,Vsystem,n1,mvccGC,s1,r86/1:‹/{Table/134-Max}›] 208  GC still needed following GC, recomputing MVCC stats
I250821 13:36:54.164428 4482 kv/kvserver/mvcc_gc_queue.go:797 ⋮ [T1,Vsystem,n1,mvccGC,s1,r86/1:‹/{Table/134-Max}›] 209  old score ‹queue=true with 0.00/fuzz(0.95)=0.00=valScaleScore(0.00)*deadFrac(0.04)+intentScore(0.00)›
I250821 13:36:54.164428 4482 kv/kvserver/mvcc_gc_queue.go:797 ⋮ [T1,Vsystem,n1,mvccGC,s1,r86/1:‹/{Table/134-Max}›] 209 +‹likely last GC: 1m9.831074922s ago, 0 B non-live, curr. age 0 B*s, min exp. reduction: 0 B*s›
I250821 13:36:54.164428 4482 kv/kvserver/mvcc_gc_queue.go:797 ⋮ [T1,Vsystem,n1,mvccGC,s1,r86/1:‹/{Table/134-Max}›] 209 +‹hint: {0,0 1755445834.582834013,0 1755445834.587412388,0}›
I250821 13:36:54.164840 4482 kv/kvserver/mvcc_gc_queue.go:798 ⋮ [T1,Vsystem,n1,mvccGC,s1,r86/1:‹/{Table/134-Max}›] 210  new score ‹queue=true with 0.00/fuzz(0.95)=0.00=valScaleScore(0.00)*deadFrac(0.04)+intentScore(0.00)›
I250821 13:36:54.164840 4482 kv/kvserver/mvcc_gc_queue.go:798 ⋮ [T1,Vsystem,n1,mvccGC,s1,r86/1:‹/{Table/134-Max}›] 210 +‹likely last GC: 1m15.089616882s ago, 0 B non-live, curr. age 0 B*s, min exp. reduction: 0 B*s›
I250821 13:36:54.164840 4482 kv/kvserver/mvcc_gc_queue.go:798 ⋮ [T1,Vsystem,n1,mvccGC,s1,r86/1:‹/{Table/134-Max}›] 210 +‹hint: {0,0 1755445834.582834013,0 1755445834.587412388,0}›
I250821 13:37:24.205629 4992 kv/kvserver/mvcc_gc_queue.go:796 ⋮ [T1,Vsystem,n1,mvccGC,s1,r86/1:‹/{Table/134-Max}›] 211  GC still needed following GC, recomputing MVCC stats
I250821 13:37:24.205704 4992 kv/kvserver/mvcc_gc_queue.go:797 ⋮ [T1,Vsystem,n1,mvccGC,s1,r86/1:‹/{Table/134-Max}›] 212  old score ‹queue=true with 0.00/fuzz(0.95)=0.00=valScaleScore(0.00)*deadFrac(0.04)+intentScore(0.00)›
I250821 13:37:24.205704 4992 kv/kvserver/mvcc_gc_queue.go:797 ⋮ [T1,Vsystem,n1,mvccGC,s1,r86/1:‹/{Table/134-Max}›] 212 +‹likely last GC: 24.763135457s ago, 0 B non-live, curr. age 0 B*s, min exp. reduction: 0 B*s›
I250821 13:37:24.205704 4992 kv/kvserver/mvcc_gc_queue.go:797 ⋮ [T1,Vsystem,n1,mvccGC,s1,r86/1:‹/{Table/134-Max}›] 212 +‹hint: {0,0 1755445834.582834013,0 1755445834.587412388,0}›
I250821 13:37:24.205984 4992 kv/kvserver/mvcc_gc_queue.go:798 ⋮ [T1,Vsystem,n1,mvccGC,s1,r86/1:‹/{Table/134-Max}›] 213  new score ‹queue=true with 0.00/fuzz(0.95)=0.00=valScaleScore(0.00)*deadFrac(0.04)+intentScore(0.00)›
I250821 13:37:24.205984 4992 kv/kvserver/mvcc_gc_queue.go:798 ⋮ [T1,Vsystem,n1,mvccGC,s1,r86/1:‹/{Table/134-Max}›] 213 +‹likely last GC: 30.047770916s ago, 0 B non-live, curr. age 0 B*s, min exp. reduction: 0 B*s›
I250821 13:37:24.205984 4992 kv/kvserver/mvcc_gc_queue.go:798 ⋮ [T1,Vsystem,n1,mvccGC,s1,r86/1:‹/{Table/134-Max}›] 213 +‹hint: {0,0 1755445834.582834013,0 1755445834.587412388,0}›
I250821 13:38:10.563389 5824 1@jobs/structured_log.go:49 ⋮ [T1,Vsystem,n1] 214 ={"Timestamp":1755783490563386796,"EventType":"status_change","JobID":1100064655076622337,"JobType":"AUTO CREATE PARTIAL STATS","Description":"state changed to: running","PreviousStatus":"running","NewStatus":"running","RunNum":0}
I250821 13:38:10.569769 5824 sql/distsql_plan_stats.go:209 ⋮ [T1,Vsystem,n1,job=AUTO CREATE PARTIAL STATS id=1100064655076622337,create-stats-distsql] 215  using computed sample size of 10000 for histogram construction
I250821 13:38:10.594480 5824 1@jobs/structured_log.go:49 ⋮ [T1,Vsystem,n1] 216 ={"Timestamp":1755783490594478129,"EventType":"status_change","JobID":1100064655076622337,"JobType":"AUTO CREATE PARTIAL STATS","Description":"state changed to: succeeded","PreviousStatus":"running","NewStatus":"succeeded","RunNum":0}
I250821 13:38:54.313279 6710 kv/kvserver/mvcc_gc_queue.go:796 ⋮ [T1,Vsystem,n1,mvccGC,s1,r86/1:‹/{Table/134-Max}›] 217  GC still needed following GC, recomputing MVCC stats
I250821 13:38:54.313350 6710 kv/kvserver/mvcc_gc_queue.go:797 ⋮ [T1,Vsystem,n1,mvccGC,s1,r86/1:‹/{Table/134-Max}›] 218  old score ‹queue=true with 0.00/fuzz(0.95)=0.00=valScaleScore(0.00)*deadFrac(0.04)+intentScore(0.00)›
I250821 13:38:54.313350 6710 kv/kvserver/mvcc_gc_queue.go:797 ⋮ [T1,Vsystem,n1,mvccGC,s1,r86/1:‹/{Table/134-Max}›] 218 +‹likely last GC: 1m24.712093915s ago, 0 B non-live, curr. age 0 B*s, min exp. reduction: 0 B*s›
I250821 13:38:54.313350 6710 kv/kvserver/mvcc_gc_queue.go:797 ⋮ [T1,Vsystem,n1,mvccGC,s1,r86/1:‹/{Table/134-Max}›] 218 +‹hint: {0,0 1755445834.582834013,0 1755445834.587412388,0}›
I250821 13:38:54.313445 6710 kv/kvserver/mvcc_gc_queue.go:798 ⋮ [T1,Vsystem,n1,mvccGC,s1,r86/1:‹/{Table/134-Max}›] 219  new score ‹queue=true with 0.00/fuzz(0.95)=0.00=valScaleScore(0.00)*deadFrac(0.04)+intentScore(0.00)›
I250821 13:38:54.313445 6710 kv/kvserver/mvcc_gc_queue.go:798 ⋮ [T1,Vsystem,n1,mvccGC,s1,r86/1:‹/{Table/134-Max}›] 219 +‹likely last GC: 1m30.112779125s ago, 0 B non-live, curr. age 0 B*s, min exp. reduction: 0 B*s›
I250821 13:38:54.313445 6710 kv/kvserver/mvcc_gc_queue.go:798 ⋮ [T1,Vsystem,n1,mvccGC,s1,r86/1:‹/{Table/134-Max}›] 219 +‹hint: {0,0 1755445834.582834013,0 1755445834.587412388,0}›
I250821 13:39:14.332020 7073 kv/kvserver/mvcc_gc_queue.go:796 ⋮ [T1,Vsystem,n1,mvccGC,s1,r86/1:‹/{Table/134-Max}›] 220  GC still needed following GC, recomputing MVCC stats
I250821 13:39:14.332073 7073 kv/kvserver/mvcc_gc_queue.go:797 ⋮ [T1,Vsystem,n1,mvccGC,s1,r86/1:‹/{Table/134-Max}›] 221  old score ‹queue=true with 0.00/fuzz(0.95)=0.00=valScaleScore(0.00)*deadFrac(0.04)+intentScore(0.00)›
I250821 13:39:14.332073 7073 kv/kvserver/mvcc_gc_queue.go:797 ⋮ [T1,Vsystem,n1,mvccGC,s1,r86/1:‹/{Table/134-Max}›] 221 +‹likely last GC: 15.716408203s ago, 0 B non-live, curr. age 0 B*s, min exp. reduction: 0 B*s›
I250821 13:39:14.332073 7073 kv/kvserver/mvcc_gc_queue.go:797 ⋮ [T1,Vsystem,n1,mvccGC,s1,r86/1:‹/{Table/134-Max}›] 221 +‹hint: {0,0 1755445834.582834013,0 1755445834.587412388,0}›
I250821 13:39:14.332150 7073 kv/kvserver/mvcc_gc_queue.go:798 ⋮ [T1,Vsystem,n1,mvccGC,s1,r86/1:‹/{Table/134-Max}›] 222  new score ‹queue=true with 0.00/fuzz(0.95)=0.00=valScaleScore(0.00)*deadFrac(0.04)+intentScore(0.00)›
I250821 13:39:14.332150 7073 kv/kvserver/mvcc_gc_queue.go:798 ⋮ [T1,Vsystem,n1,mvccGC,s1,r86/1:‹/{Table/134-Max}›] 222 +‹likely last GC: 20.020669578s ago, 0 B non-live, curr. age 0 B*s, min exp. reduction: 0 B*s›
I250821 13:39:14.332150 7073 kv/kvserver/mvcc_gc_queue.go:798 ⋮ [T1,Vsystem,n1,mvccGC,s1,r86/1:‹/{Table/134-Max}›] 222 +‹hint: {0,0 1755445834.582834013,0 1755445834.587412388,0}›
I250821 13:40:20.414669 8247 kv/kvserver/mvcc_gc_queue.go:796 ⋮ [T1,Vsystem,n1,mvccGC,s1,r86/1:‹/{Table/134-Max}›] 223  GC still needed following GC, recomputing MVCC stats
I250821 13:40:20.414710 8247 kv/kvserver/mvcc_gc_queue.go:797 ⋮ [T1,Vsystem,n1,mvccGC,s1,r86/1:‹/{Table/134-Max}›] 224  old score ‹queue=true with 0.00/fuzz(0.95)=0.00=valScaleScore(0.00)*deadFrac(0.04)+intentScore(0.00)›
I250821 13:40:20.414710 8247 kv/kvserver/mvcc_gc_queue.go:797 ⋮ [T1,Vsystem,n1,mvccGC,s1,r86/1:‹/{Table/134-Max}›] 224 +‹likely last GC: 1m1.725006628s ago, 0 B non-live, curr. age 0 B*s, min exp. reduction: 0 B*s›
I250821 13:40:20.414710 8247 kv/kvserver/mvcc_gc_queue.go:797 ⋮ [T1,Vsystem,n1,mvccGC,s1,r86/1:‹/{Table/134-Max}›] 224 +‹hint: {0,0 1755445834.582834013,0 1755445834.587412388,0}›
I250821 13:40:20.414788 8247 kv/kvserver/mvcc_gc_queue.go:798 ⋮ [T1,Vsystem,n1,mvccGC,s1,r86/1:‹/{Table/134-Max}›] 225  new score ‹queue=true with 0.00/fuzz(0.95)=0.00=valScaleScore(0.00)*deadFrac(0.04)+intentScore(0.00)›
I250821 13:40:20.414788 8247 kv/kvserver/mvcc_gc_queue.go:798 ⋮ [T1,Vsystem,n1,mvccGC,s1,r86/1:‹/{Table/134-Max}›] 225 +‹likely last GC: 1m6.084785003s ago, 0 B non-live, curr. age 0 B*s, min exp. reduction: 0 B*s›
I250821 13:40:20.414788 8247 kv/kvserver/mvcc_gc_queue.go:798 ⋮ [T1,Vsystem,n1,mvccGC,s1,r86/1:‹/{Table/134-Max}›] 225 +‹hint: {0,0 1755445834.582834013,0 1755445834.587412388,0}›
I250821 13:41:49.514889 9880 kv/kvserver/mvcc_gc_queue.go:796 ⋮ [T1,Vsystem,n1,mvccGC,s1,r86/1:‹/{Table/134-Max}›] 226  GC still needed following GC, recomputing MVCC stats
I250821 13:41:49.515007 9880 kv/kvserver/mvcc_gc_queue.go:797 ⋮ [T1,Vsystem,n1,mvccGC,s1,r86/1:‹/{Table/134-Max}›] 227  old score ‹queue=true with 0.00/fuzz(0.95)=0.00=valScaleScore(0.00)*deadFrac(0.04)+intentScore(0.00)›
I250821 13:41:49.515007 9880 kv/kvserver/mvcc_gc_queue.go:797 ⋮ [T1,Vsystem,n1,mvccGC,s1,r86/1:‹/{Table/134-Max}›] 227 +‹likely last GC: 1m25.644757207s ago, 0 B non-live, curr. age 0 B*s, min exp. reduction: 0 B*s›
I250821 13:41:49.515007 9880 kv/kvserver/mvcc_gc_queue.go:797 ⋮ [T1,Vsystem,n1,mvccGC,s1,r86/1:‹/{Table/134-Max}›] 227 +‹hint: {0,0 1755445834.582834013,0 1755445834.587412388,0}›
I250821 13:41:49.515076 9880 kv/kvserver/mvcc_gc_queue.go:798 ⋮ [T1,Vsystem,n1,mvccGC,s1,r86/1:‹/{Table/134-Max}›] 228  new score ‹queue=true with 0.00/fuzz(0.95)=0.00=valScaleScore(0.00)*deadFrac(0.04)+intentScore(0.00)›
I250821 13:41:49.515076 9880 kv/kvserver/mvcc_gc_queue.go:798 ⋮ [T1,Vsystem,n1,mvccGC,s1,r86/1:‹/{Table/134-Max}›] 228 +‹likely last GC: 1m29.102176208s ago, 0 B non-live, curr. age 0 B*s, min exp. reduction: 0 B*s›
I250821 13:41:49.515076 9880 kv/kvserver/mvcc_gc_queue.go:798 ⋮ [T1,Vsystem,n1,mvccGC,s1,r86/1:‹/{Table/134-Max}›] 228 +‹hint: {0,0 1755445834.582834013,0 1755445834.587412388,0}›
I250821 13:42:04.563687 10136 kv/kvserver/mvcc_gc_queue.go:796 ⋮ [T1,Vsystem,n1,mvccGC,s1,r86/1:‹/{Table/134-Max}›] 229  GC still needed following GC, recomputing MVCC stats
I250821 13:42:04.563865 10136 kv/kvserver/mvcc_gc_queue.go:797 ⋮ [T1,Vsystem,n1,mvccGC,s1,r86/1:‹/{Table/134-Max}›] 230  old score ‹queue=true with 0.00/fuzz(0.95)=0.00=valScaleScore(0.00)*deadFrac(0.04)+intentScore(0.00)›
I250821 13:42:04.563865 10136 kv/kvserver/mvcc_gc_queue.go:797 ⋮ [T1,Vsystem,n1,mvccGC,s1,r86/1:‹/{Table/134-Max}›] 230 +‹likely last GC: 11.465085992s ago, 0 B non-live, curr. age 0 B*s, min exp. reduction: 0 B*s›
I250821 13:42:04.563865 10136 kv/kvserver/mvcc_gc_queue.go:797 ⋮ [T1,Vsystem,n1,mvccGC,s1,r86/1:‹/{Table/134-Max}›] 230 +‹hint: {0,0 1755445834.582834013,0 1755445834.587412388,0}›
I250821 13:42:04.565044 10136 kv/kvserver/mvcc_gc_queue.go:798 ⋮ [T1,Vsystem,n1,mvccGC,s1,r86/1:‹/{Table/134-Max}›] 231  new score ‹queue=true with 0.00/fuzz(0.95)=0.00=valScaleScore(0.00)*deadFrac(0.04)+intentScore(0.00)›
I250821 13:42:04.565044 10136 kv/kvserver/mvcc_gc_queue.go:798 ⋮ [T1,Vsystem,n1,mvccGC,s1,r86/1:‹/{Table/134-Max}›] 231 +‹likely last GC: 15.050185076s ago, 0 B non-live, curr. age 0 B*s, min exp. reduction: 0 B*s›
I250821 13:42:04.565044 10136 kv/kvserver/mvcc_gc_queue.go:798 ⋮ [T1,Vsystem,n1,mvccGC,s1,r86/1:‹/{Table/134-Max}›] 231 +‹hint: {0,0 1755445834.582834013,0 1755445834.587412388,0}›
I250821 13:43:42.712122 11664 kv/kvserver/mvcc_gc_queue.go:796 ⋮ [T1,Vsystem,n1,mvccGC,s1,r86/1:‹/{Table/134-Max}›] 232  GC still needed following GC, recomputing MVCC stats
I250821 13:43:42.712655 11664 kv/kvserver/mvcc_gc_queue.go:797 ⋮ [T1,Vsystem,n1,mvccGC,s1,r86/1:‹/{Table/134-Max}›] 233  old score ‹queue=true with 0.00/fuzz(0.95)=0.00=valScaleScore(0.00)*deadFrac(0.04)+intentScore(0.00)›
I250821 13:43:42.712655 11664 kv/kvserver/mvcc_gc_queue.go:797 ⋮ [T1,Vsystem,n1,mvccGC,s1,r86/1:‹/{Table/134-Max}›] 233 +‹likely last GC: 1m32.565069544s ago, 0 B non-live, curr. age 0 B*s, min exp. reduction: 0 B*s›
I250821 13:43:42.712655 11664 kv/kvserver/mvcc_gc_queue.go:797 ⋮ [T1,Vsystem,n1,mvccGC,s1,r86/1:‹/{Table/134-Max}›] 233 +‹hint: {0,0 1755445834.582834013,0 1755445834.587412388,0}›
I250821 13:43:42.712722 11664 kv/kvserver/mvcc_gc_queue.go:798 ⋮ [T1,Vsystem,n1,mvccGC,s1,r86/1:‹/{Table/134-Max}›] 234  new score ‹queue=true with 0.00/fuzz(0.95)=0.00=valScaleScore(0.00)*deadFrac(0.04)+intentScore(0.00)›
I250821 13:43:42.712722 11664 kv/kvserver/mvcc_gc_queue.go:798 ⋮ [T1,Vsystem,n1,mvccGC,s1,r86/1:‹/{Table/134-Max}›] 234 +‹likely last GC: 1m38.177836087s ago, 0 B non-live, curr. age 0 B*s, min exp. reduction: 0 B*s›
I250821 13:43:42.712722 11664 kv/kvserver/mvcc_gc_queue.go:798 ⋮ [T1,Vsystem,n1,mvccGC,s1,r86/1:‹/{Table/134-Max}›] 234 +‹hint: {0,0 1755445834.582834013,0 1755445834.587412388,0}›
I250821 13:44:41.835441 12994 kv/kvserver/mvcc_gc_queue.go:796 ⋮ [T1,Vsystem,n1,mvccGC,s1,r86/1:‹/{Table/134-Max}›] 235  GC still needed following GC, recomputing MVCC stats
I250821 13:44:41.835504 12994 kv/kvserver/mvcc_gc_queue.go:797 ⋮ [T1,Vsystem,n1,mvccGC,s1,r86/1:‹/{Table/134-Max}›] 236  old score ‹queue=true with 0.00/fuzz(0.95)=0.00=valScaleScore(0.00)*deadFrac(0.04)+intentScore(0.00)›
I250821 13:44:41.835504 12994 kv/kvserver/mvcc_gc_queue.go:797 ⋮ [T1,Vsystem,n1,mvccGC,s1,r86/1:‹/{Table/134-Max}›] 236 +‹likely last GC: 54.42577579s ago, 0 B non-live, curr. age 0 B*s, min exp. reduction: 0 B*s›
I250821 13:44:41.835504 12994 kv/kvserver/mvcc_gc_queue.go:797 ⋮ [T1,Vsystem,n1,mvccGC,s1,r86/1:‹/{Table/134-Max}›] 236 +‹hint: {0,0 1755445834.582834013,0 1755445834.587412388,0}›
I250821 13:44:41.835577 12994 kv/kvserver/mvcc_gc_queue.go:798 ⋮ [T1,Vsystem,n1,mvccGC,s1,r86/1:‹/{Table/134-Max}›] 237  new score ‹queue=true with 0.00/fuzz(0.95)=0.00=valScaleScore(0.00)*deadFrac(0.04)+intentScore(0.00)›
I250821 13:44:41.835577 12994 kv/kvserver/mvcc_gc_queue.go:798 ⋮ [T1,Vsystem,n1,mvccGC,s1,r86/1:‹/{Table/134-Max}›] 237 +‹likely last GC: 59.125254874s ago, 0 B non-live, curr. age 0 B*s, min exp. reduction: 0 B*s›
I250821 13:44:41.835577 12994 kv/kvserver/mvcc_gc_queue.go:798 ⋮ [T1,Vsystem,n1,mvccGC,s1,r86/1:‹/{Table/134-Max}›] 237 +‹hint: {0,0 1755445834.582834013,0 1755445834.587412388,0}›
I250821 13:44:59.853594 13152 kv/kvserver/mvcc_gc_queue.go:796 ⋮ [T1,Vsystem,n1,mvccGC,s1,r86/1:‹/{Table/134-Max}›] 238  GC still needed following GC, recomputing MVCC stats
I250821 13:44:59.853747 13152 kv/kvserver/mvcc_gc_queue.go:797 ⋮ [T1,Vsystem,n1,mvccGC,s1,r86/1:‹/{Table/134-Max}›] 239  old score ‹queue=true with 0.00/fuzz(0.95)=0.00=valScaleScore(0.00)*deadFrac(0.04)+intentScore(0.00)›
I250821 13:44:59.853747 13152 kv/kvserver/mvcc_gc_queue.go:797 ⋮ [T1,Vsystem,n1,mvccGC,s1,r86/1:‹/{Table/134-Max}›] 239 +‹likely last GC: 13.212551341s ago, 0 B non-live, curr. age 0 B*s, min exp. reduction: 0 B*s›
I250821 13:44:59.853747 13152 kv/kvserver/mvcc_gc_queue.go:797 ⋮ [T1,Vsystem,n1,mvccGC,s1,r86/1:‹/{Table/134-Max}›] 239 +‹hint: {0,0 1755445834.582834013,0 1755445834.587412388,0}›
I250821 13:44:59.853842 13152 kv/kvserver/mvcc_gc_queue.go:798 ⋮ [T1,Vsystem,n1,mvccGC,s1,r86/1:‹/{Table/134-Max}›] 240  new score ‹queue=true with 0.00/fuzz(0.95)=0.00=valScaleScore(0.00)*deadFrac(0.04)+intentScore(0.00)›
I250821 13:44:59.853842 13152 kv/kvserver/mvcc_gc_queue.go:798 ⋮ [T1,Vsystem,n1,mvccGC,s1,r86/1:‹/{Table/134-Max}›] 240 +‹likely last GC: 18.020749967s ago, 0 B non-live, curr. age 0 B*s, min exp. reduction: 0 B*s›
I250821 13:44:59.853842 13152 kv/kvserver/mvcc_gc_queue.go:798 ⋮ [T1,Vsystem,n1,mvccGC,s1,r86/1:‹/{Table/134-Max}›] 240 +‹hint: {0,0 1755445834.582834013,0 1755445834.587412388,0}›
I250821 13:45:10.635524 13498 1@jobs/structured_log.go:49 ⋮ [T1,Vsystem,n1] 241 ={"Timestamp":1755783910635522046,"EventType":"status_change","JobID":1100066031595585537,"JobType":"AUTO CREATE PARTIAL STATS","Description":"state changed to: running","PreviousStatus":"running","NewStatus":"running","RunNum":0}
I250821 13:45:10.637613 13498 sql/distsql_plan_stats.go:209 ⋮ [T1,Vsystem,n1,job=AUTO CREATE PARTIAL STATS id=1100066031595585537,create-stats-distsql] 242  using computed sample size of 10000 for histogram construction
I250821 13:45:10.669116 13498 1@jobs/structured_log.go:49 ⋮ [T1,Vsystem,n1] 243 ={"Timestamp":1755783910669113712,"EventType":"status_change","JobID":1100066031595585537,"JobType":"AUTO CREATE PARTIAL STATS","Description":"state changed to: succeeded","PreviousStatus":"running","NewStatus":"succeeded","RunNum":0}
I250821 13:45:10.682770 13603 1@jobs/structured_log.go:49 ⋮ [T1,Vsystem,n1] 244 ={"Timestamp":1755783910682767546,"EventType":"status_change","JobID":1100066031766536193,"JobType":"AUTO CREATE PARTIAL STATS","Description":"state changed to: running","PreviousStatus":"running","NewStatus":"running","RunNum":0}
I250821 13:45:10.686075 13603 sql/distsql_plan_stats.go:209 ⋮ [T1,Vsystem,n1,job=AUTO CREATE PARTIAL STATS id=1100066031766536193,create-stats-distsql] 245  using computed sample size of 10000 for histogram construction
I250821 13:45:10.709847 13603 1@jobs/structured_log.go:49 ⋮ [T1,Vsystem,n1] 246 ={"Timestamp":1755783910709844004,"EventType":"status_change","JobID":1100066031766536193,"JobType":"AUTO CREATE PARTIAL STATS","Description":"state changed to: succeeded","PreviousStatus":"running","NewStatus":"succeeded","RunNum":0}
I250821 13:45:10.732798 13715 1@jobs/structured_log.go:49 ⋮ [T1,Vsystem,n1] 247 ={"Timestamp":1755783910732794796,"EventType":"status_change","JobID":1100066031920906241,"JobType":"AUTO CREATE PARTIAL STATS","Description":"state changed to: running","PreviousStatus":"running","NewStatus":"running","RunNum":0}
I250821 13:45:10.736691 13715 sql/distsql_plan_stats.go:209 ⋮ [T1,Vsystem,n1,job=AUTO CREATE PARTIAL STATS id=1100066031920906241,create-stats-distsql] 248  using computed sample size of 10000 for histogram construction
I250821 13:45:10.760254 13715 1@jobs/structured_log.go:49 ⋮ [T1,Vsystem,n1] 249 ={"Timestamp":1755783910760251504,"EventType":"status_change","JobID":1100066031920906241,"JobType":"AUTO CREATE PARTIAL STATS","Description":"state changed to: succeeded","PreviousStatus":"running","NewStatus":"succeeded","RunNum":0}
I250821 13:46:10.787820 14812 1@jobs/structured_log.go:49 ⋮ [T1,Vsystem,n1] 250 ={"Timestamp":1755783970787815462,"EventType":"status_change","JobID":1100066228690288641,"JobType":"AUTO CREATE PARTIAL STATS","Description":"state changed to: running","PreviousStatus":"running","NewStatus":"running","RunNum":0}
I250821 13:46:10.791070 14812 sql/distsql_plan_stats.go:209 ⋮ [T1,Vsystem,n1,job=AUTO CREATE PARTIAL STATS id=1100066228690288641,create-stats-distsql] 251  using computed sample size of 10000 for histogram construction
I250821 13:46:10.823278 14812 1@jobs/structured_log.go:49 ⋮ [T1,Vsystem,n1] 252 ={"Timestamp":1755783970823270504,"EventType":"status_change","JobID":1100066228690288641,"JobType":"AUTO CREATE PARTIAL STATS","Description":"state changed to: succeeded","PreviousStatus":"running","NewStatus":"succeeded","RunNum":0}
I250821 13:46:28.956860 15321 kv/kvserver/mvcc_gc_queue.go:796 ⋮ [T1,Vsystem,n1,mvccGC,s1,r86/1:‹/{Table/134-Max}›] 253  GC still needed following GC, recomputing MVCC stats
I250821 13:46:28.956956 15321 kv/kvserver/mvcc_gc_queue.go:797 ⋮ [T1,Vsystem,n1,mvccGC,s1,r86/1:‹/{Table/134-Max}›] 254  old score ‹queue=true with 0.00/fuzz(0.95)=0.00=valScaleScore(0.00)*deadFrac(0.04)+intentScore(0.00)›
I250821 13:46:28.956956 15321 kv/kvserver/mvcc_gc_queue.go:797 ⋮ [T1,Vsystem,n1,mvccGC,s1,r86/1:‹/{Table/134-Max}›] 254 +‹likely last GC: 1m25.329346749s ago, 0 B non-live, curr. age 0 B*s, min exp. reduction: 0 B*s›
I250821 13:46:28.956956 15321 kv/kvserver/mvcc_gc_queue.go:797 ⋮ [T1,Vsystem,n1,mvccGC,s1,r86/1:‹/{Table/134-Max}›] 254 +‹hint: {0,0 1755445834.582834013,0 1755445834.587412388,0}›
I250821 13:46:28.957069 15321 kv/kvserver/mvcc_gc_queue.go:798 ⋮ [T1,Vsystem,n1,mvccGC,s1,r86/1:‹/{Table/134-Max}›] 255  new score ‹queue=true with 0.00/fuzz(0.95)=0.00=valScaleScore(0.00)*deadFrac(0.04)+intentScore(0.00)›
I250821 13:46:28.957069 15321 kv/kvserver/mvcc_gc_queue.go:798 ⋮ [T1,Vsystem,n1,mvccGC,s1,r86/1:‹/{Table/134-Max}›] 255 +‹likely last GC: 1m29.105396458s ago, 0 B non-live, curr. age 0 B*s, min exp. reduction: 0 B*s›
I250821 13:46:28.957069 15321 kv/kvserver/mvcc_gc_queue.go:798 ⋮ [T1,Vsystem,n1,mvccGC,s1,r86/1:‹/{Table/134-Max}›] 255 +‹hint: {0,0 1755445834.582834013,0 1755445834.587412388,0}›
I250821 13:46:57.987550 15518 kv/kvserver/mvcc_gc_queue.go:796 ⋮ [T1,Vsystem,n1,mvccGC,s1,r86/1:‹/{Table/134-Max}›] 256  GC still needed following GC, recomputing MVCC stats
I250821 13:46:57.987616 15518 kv/kvserver/mvcc_gc_queue.go:797 ⋮ [T1,Vsystem,n1,mvccGC,s1,r86/1:‹/{Table/134-Max}›] 257  old score ‹queue=true with 0.00/fuzz(0.95)=0.00=valScaleScore(0.00)*deadFrac(0.04)+intentScore(0.00)›
I250821 13:46:57.987616 15518 kv/kvserver/mvcc_gc_queue.go:797 ⋮ [T1,Vsystem,n1,mvccGC,s1,r86/1:‹/{Table/134-Max}›] 257 +‹likely last GC: 23.184519748s ago, 0 B non-live, curr. age 0 B*s, min exp. reduction: 0 B*s›
I250821 13:46:57.987616 15518 kv/kvserver/mvcc_gc_queue.go:797 ⋮ [T1,Vsystem,n1,mvccGC,s1,r86/1:‹/{Table/134-Max}›] 257 +‹hint: {0,0 1755445834.582834013,0 1755445834.587412388,0}›
I250821 13:46:57.987694 15518 kv/kvserver/mvcc_gc_queue.go:798 ⋮ [T1,Vsystem,n1,mvccGC,s1,r86/1:‹/{Table/134-Max}›] 258  new score ‹queue=true with 0.00/fuzz(0.95)=0.00=valScaleScore(0.00)*deadFrac(0.04)+intentScore(0.00)›
I250821 13:46:57.987694 15518 kv/kvserver/mvcc_gc_queue.go:798 ⋮ [T1,Vsystem,n1,mvccGC,s1,r86/1:‹/{Table/134-Max}›] 258 +‹likely last GC: 29.033762624s ago, 0 B non-live, curr. age 0 B*s, min exp. reduction: 0 B*s›
I250821 13:46:57.987694 15518 kv/kvserver/mvcc_gc_queue.go:798 ⋮ [T1,Vsystem,n1,mvccGC,s1,r86/1:‹/{Table/134-Max}›] 258 +‹hint: {0,0 1755445834.582834013,0 1755445834.587412388,0}›
I250821 13:47:10.849856 16093 1@jobs/structured_log.go:49 ⋮ [T1,Vsystem,n1] 259 ={"Timestamp":1755784030849851921,"EventType":"status_change","JobID":1100066425503744001,"JobType":"AUTO CREATE PARTIAL STATS","Description":"state changed to: running","PreviousStatus":"running","NewStatus":"running","RunNum":0}
I250821 13:47:10.852087 16093 sql/distsql_plan_stats.go:209 ⋮ [T1,Vsystem,n1,job=AUTO CREATE PARTIAL STATS id=1100066425503744001,create-stats-distsql] 260  using computed sample size of 10000 for histogram construction
I250821 13:47:10.896974 16093 1@jobs/structured_log.go:49 ⋮ [T1,Vsystem,n1] 261 ={"Timestamp":1755784030896970587,"EventType":"status_change","JobID":1100066425503744001,"JobType":"AUTO CREATE PARTIAL STATS","Description":"state changed to: succeeded","PreviousStatus":"running","NewStatus":"succeeded","RunNum":0}
I250821 13:48:00.100330 962 server/status/runtime_jemalloc.go:226 ⋮ [T1,Vsystem,n1] 262  jemalloc arenas purged (took 988.583µs)
I250821 13:48:10.939775 16473 1@jobs/structured_log.go:49 ⋮ [T1,Vsystem,n1] 263 ={"Timestamp":1755784090939770379,"EventType":"status_change","JobID":1100066622367105025,"JobType":"AUTO CREATE PARTIAL STATS","Description":"state changed to: running","PreviousStatus":"running","NewStatus":"running","RunNum":0}
I250821 13:48:10.944144 16473 sql/distsql_plan_stats.go:209 ⋮ [T1,Vsystem,n1,job=AUTO CREATE PARTIAL STATS id=1100066622367105025,create-stats-distsql] 264  using computed sample size of 10000 for histogram construction
I250821 13:48:10.976773 16473 1@jobs/structured_log.go:49 ⋮ [T1,Vsystem,n1] 265 ={"Timestamp":1755784090976769338,"EventType":"status_change","JobID":1100066622367105025,"JobType":"AUTO CREATE PARTIAL STATS","Description":"state changed to: succeeded","PreviousStatus":"running","NewStatus":"succeeded","RunNum":0}
I250821 13:48:10.999714 17378 1@jobs/structured_log.go:49 ⋮ [T1,Vsystem,n1] 266 ={"Timestamp":1755784090999710754,"EventType":"status_change","JobID":1100066622605131777,"JobType":"AUTO CREATE PARTIAL STATS","Description":"state changed to: running","PreviousStatus":"running","NewStatus":"running","RunNum":0}
I250821 13:48:11.002669 17378 sql/distsql_plan_stats.go:209 ⋮ [T1,Vsystem,n1,job=AUTO CREATE PARTIAL STATS id=1100066622605131777,create-stats-distsql] 267  using computed sample size of 10000 for histogram construction
I250821 13:48:11.038398 17378 1@jobs/structured_log.go:49 ⋮ [T1,Vsystem,n1] 268 ={"Timestamp":1755784091038391588,"EventType":"status_change","JobID":1100066622605131777,"JobType":"AUTO CREATE PARTIAL STATS","Description":"state changed to: succeeded","PreviousStatus":"running","NewStatus":"succeeded","RunNum":0}
I250821 13:48:23.091218 17686 kv/kvserver/mvcc_gc_queue.go:796 ⋮ [T1,Vsystem,n1,mvccGC,s1,r86/1:‹/{Table/134-Max}›] 269  GC still needed following GC, recomputing MVCC stats
I250821 13:48:23.091280 17686 kv/kvserver/mvcc_gc_queue.go:797 ⋮ [T1,Vsystem,n1,mvccGC,s1,r86/1:‹/{Table/134-Max}›] 270  old score ‹queue=true with 0.00/fuzz(0.95)=0.00=valScaleScore(0.00)*deadFrac(0.04)+intentScore(0.00)›
I250821 13:48:23.091280 17686 kv/kvserver/mvcc_gc_queue.go:797 ⋮ [T1,Vsystem,n1,mvccGC,s1,r86/1:‹/{Table/134-Max}›] 270 +‹likely last GC: 1m21.261219539s ago, 0 B non-live, curr. age 0 B*s, min exp. reduction: 0 B*s›
I250821 13:48:23.091280 17686 kv/kvserver/mvcc_gc_queue.go:797 ⋮ [T1,Vsystem,n1,mvccGC,s1,r86/1:‹/{Table/134-Max}›] 270 +‹hint: {0,0 1755445834.582834013,0 1755445834.587412388,0}›
I250821 13:48:23.091337 17686 kv/kvserver/mvcc_gc_queue.go:798 ⋮ [T1,Vsystem,n1,mvccGC,s1,r86/1:‹/{Table/134-Max}›] 271  new score ‹queue=true with 0.00/fuzz(0.95)=0.00=valScaleScore(0.00)*deadFrac(0.04)+intentScore(0.00)›
I250821 13:48:23.091337 17686 kv/kvserver/mvcc_gc_queue.go:798 ⋮ [T1,Vsystem,n1,mvccGC,s1,r86/1:‹/{Table/134-Max}›] 271 +‹likely last GC: 1m25.105787456s ago, 0 B non-live, curr. age 0 B*s, min exp. reduction: 0 B*s›
I250821 13:48:23.091337 17686 kv/kvserver/mvcc_gc_queue.go:798 ⋮ [T1,Vsystem,n1,mvccGC,s1,r86/1:‹/{Table/134-Max}›] 271 +‹hint: {0,0 1755445834.582834013,0 1755445834.587412388,0}›
I250821 13:49:35.174887 18928 kv/kvserver/mvcc_gc_queue.go:796 ⋮ [T1,Vsystem,n1,mvccGC,s1,r86/1:‹/{Table/134-Max}›] 272  GC still needed following GC, recomputing MVCC stats
I250821 13:49:35.174963 18928 kv/kvserver/mvcc_gc_queue.go:797 ⋮ [T1,Vsystem,n1,mvccGC,s1,r86/1:‹/{Table/134-Max}›] 273  old score ‹queue=true with 0.00/fuzz(0.95)=0.00=valScaleScore(0.00)*deadFrac(0.04)+intentScore(0.00)›
I250821 13:49:35.174963 18928 kv/kvserver/mvcc_gc_queue.go:797 ⋮ [T1,Vsystem,n1,mvccGC,s1,r86/1:‹/{Table/134-Max}›] 273 +‹likely last GC: 1m8.210904908s ago, 0 B non-live, curr. age 0 B*s, min exp. reduction: 0 B*s›
I250821 13:49:35.174963 18928 kv/kvserver/mvcc_gc_queue.go:797 ⋮ [T1,Vsystem,n1,mvccGC,s1,r86/1:‹/{Table/134-Max}›] 273 +‹hint: {0,0 1755445834.582834013,0 1755445834.587412388,0}›
I250821 13:49:35.175023 18928 kv/kvserver/mvcc_gc_queue.go:798 ⋮ [T1,Vsystem,n1,mvccGC,s1,r86/1:‹/{Table/134-Max}›] 274  new score ‹queue=true with 0.00/fuzz(0.95)=0.00=valScaleScore(0.00)*deadFrac(0.04)+intentScore(0.00)›
I250821 13:49:35.175023 18928 kv/kvserver/mvcc_gc_queue.go:798 ⋮ [T1,Vsystem,n1,mvccGC,s1,r86/1:‹/{Table/134-Max}›] 274 +‹likely last GC: 1m12.088842575s ago, 0 B non-live, curr. age 0 B*s, min exp. reduction: 0 B*s›
I250821 13:49:35.175023 18928 kv/kvserver/mvcc_gc_queue.go:798 ⋮ [T1,Vsystem,n1,mvccGC,s1,r86/1:‹/{Table/134-Max}›] 274 +‹hint: {0,0 1755445834.582834013,0 1755445834.587412388,0}›
I250821 13:49:47.187510 19207 kv/kvserver/mvcc_gc_queue.go:796 ⋮ [T1,Vsystem,n1,mvccGC,s1,r86/1:‹/{Table/134-Max}›] 275  GC still needed following GC, recomputing MVCC stats
I250821 13:49:47.187569 19207 kv/kvserver/mvcc_gc_queue.go:797 ⋮ [T1,Vsystem,n1,mvccGC,s1,r86/1:‹/{Table/134-Max}›] 276  old score ‹queue=true with 0.00/fuzz(0.95)=0.00=valScaleScore(0.00)*deadFrac(0.04)+intentScore(0.00)›
I250821 13:49:47.187569 19207 kv/kvserver/mvcc_gc_queue.go:797 ⋮ [T1,Vsystem,n1,mvccGC,s1,r86/1:‹/{Table/134-Max}›] 276 +‹likely last GC: 8.011484964s ago, 0 B non-live, curr. age 0 B*s, min exp. reduction: 0 B*s›
I250821 13:49:47.187569 19207 kv/kvserver/mvcc_gc_queue.go:797 ⋮ [T1,Vsystem,n1,mvccGC,s1,r86/1:‹/{Table/134-Max}›] 276 +‹hint: {0,0 1755445834.582834013,0 1755445834.587412388,0}›
I250821 13:49:47.187618 19207 kv/kvserver/mvcc_gc_queue.go:798 ⋮ [T1,Vsystem,n1,mvccGC,s1,r86/1:‹/{Table/134-Max}›] 277  new score ‹queue=true with 0.00/fuzz(0.95)=0.00=valScaleScore(0.00)*deadFrac(0.04)+intentScore(0.00)›
I250821 13:49:47.187618 19207 kv/kvserver/mvcc_gc_queue.go:798 ⋮ [T1,Vsystem,n1,mvccGC,s1,r86/1:‹/{Table/134-Max}›] 277 +‹likely last GC: 12.016926798s ago, 0 B non-live, curr. age 0 B*s, min exp. reduction: 0 B*s›
I250821 13:49:47.187618 19207 kv/kvserver/mvcc_gc_queue.go:798 ⋮ [T1,Vsystem,n1,mvccGC,s1,r86/1:‹/{Table/134-Max}›] 277 +‹hint: {0,0 1755445834.582834013,0 1755445834.587412388,0}›
I250821 13:50:00.112070 962 server/status/runtime_jemalloc.go:226 ⋮ [T1,Vsystem,n1] 278  jemalloc arenas purged (took 458.041µs)
I250821 13:50:57.284556 20410 kv/kvserver/mvcc_gc_queue.go:796 ⋮ [T1,Vsystem,n1,mvccGC,s1,r86/1:‹/{Table/134-Max}›] 279  GC still needed following GC, recomputing MVCC stats
I250821 13:50:57.284615 20410 kv/kvserver/mvcc_gc_queue.go:797 ⋮ [T1,Vsystem,n1,mvccGC,s1,r86/1:‹/{Table/134-Max}›] 280  old score ‹queue=true with 0.00/fuzz(0.95)=0.00=valScaleScore(0.00)*deadFrac(0.04)+intentScore(0.00)›
I250821 13:50:57.284615 20410 kv/kvserver/mvcc_gc_queue.go:797 ⋮ [T1,Vsystem,n1,mvccGC,s1,r86/1:‹/{Table/134-Max}›] 280 +‹likely last GC: 1m5.015355212s ago, 0 B non-live, curr. age 0 B*s, min exp. reduction: 0 B*s›
I250821 13:50:57.284615 20410 kv/kvserver/mvcc_gc_queue.go:797 ⋮ [T1,Vsystem,n1,mvccGC,s1,r86/1:‹/{Table/134-Max}›] 280 +‹hint: {0,0 1755445834.582834013,0 1755445834.587412388,0}›
I250821 13:50:57.284705 20410 kv/kvserver/mvcc_gc_queue.go:798 ⋮ [T1,Vsystem,n1,mvccGC,s1,r86/1:‹/{Table/134-Max}›] 281  new score ‹queue=true with 0.00/fuzz(0.95)=0.00=valScaleScore(0.00)*deadFrac(0.04)+intentScore(0.00)›
I250821 13:50:57.284705 20410 kv/kvserver/mvcc_gc_queue.go:798 ⋮ [T1,Vsystem,n1,mvccGC,s1,r86/1:‹/{Table/134-Max}›] 281 +‹likely last GC: 1m10.099623047s ago, 0 B non-live, curr. age 0 B*s, min exp. reduction: 0 B*s›
I250821 13:50:57.284705 20410 kv/kvserver/mvcc_gc_queue.go:798 ⋮ [T1,Vsystem,n1,mvccGC,s1,r86/1:‹/{Table/134-Max}›] 281 +‹hint: {0,0 1755445834.582834013,0 1755445834.587412388,0}›
I250821 13:52:00.128804 962 server/status/runtime_jemalloc.go:226 ⋮ [T1,Vsystem,n1] 282  jemalloc arenas purged (took 2.292875ms)
I250821 13:52:32.396489 22185 kv/kvserver/mvcc_gc_queue.go:796 ⋮ [T1,Vsystem,n1,mvccGC,s1,r86/1:‹/{Table/134-Max}›] 283  GC still needed following GC, recomputing MVCC stats
I250821 13:52:32.396536 22185 kv/kvserver/mvcc_gc_queue.go:797 ⋮ [T1,Vsystem,n1,mvccGC,s1,r86/1:‹/{Table/134-Max}›] 284  old score ‹queue=true with 0.00/fuzz(0.95)=0.00=valScaleScore(0.00)*deadFrac(0.04)+intentScore(0.00)›
I250821 13:52:32.396536 22185 kv/kvserver/mvcc_gc_queue.go:797 ⋮ [T1,Vsystem,n1,mvccGC,s1,r86/1:‹/{Table/134-Max}›] 284 +‹likely last GC: 1m30.912007876s ago, 0 B non-live, curr. age 0 B*s, min exp. reduction: 0 B*s›
I250821 13:52:32.396536 22185 kv/kvserver/mvcc_gc_queue.go:797 ⋮ [T1,Vsystem,n1,mvccGC,s1,r86/1:‹/{Table/134-Max}›] 284 +‹hint: {0,0 1755445834.582834013,0 1755445834.587412388,0}›
I250821 13:52:32.396593 22185 kv/kvserver/mvcc_gc_queue.go:798 ⋮ [T1,Vsystem,n1,mvccGC,s1,r86/1:‹/{Table/134-Max}›] 285  new score ‹queue=true with 0.00/fuzz(0.95)=0.00=valScaleScore(0.00)*deadFrac(0.04)+intentScore(0.00)›
I250821 13:52:32.396593 22185 kv/kvserver/mvcc_gc_queue.go:798 ⋮ [T1,Vsystem,n1,mvccGC,s1,r86/1:‹/{Table/134-Max}›] 285 +‹likely last GC: 1m35.115960988s ago, 0 B non-live, curr. age 0 B*s, min exp. reduction: 0 B*s›
I250821 13:52:32.396593 22185 kv/kvserver/mvcc_gc_queue.go:798 ⋮ [T1,Vsystem,n1,mvccGC,s1,r86/1:‹/{Table/134-Max}›] 285 +‹hint: {0,0 1755445834.582834013,0 1755445834.587412388,0}›
I250821 13:53:19.446014 22926 kv/kvserver/mvcc_gc_queue.go:796 ⋮ [T1,Vsystem,n1,mvccGC,s1,r86/1:‹/{Table/134-Max}›] 286  GC still needed following GC, recomputing MVCC stats
I250821 13:53:19.446071 22926 kv/kvserver/mvcc_gc_queue.go:797 ⋮ [T1,Vsystem,n1,mvccGC,s1,r86/1:‹/{Table/134-Max}›] 287  old score ‹queue=true with 0.00/fuzz(0.95)=0.00=valScaleScore(0.00)*deadFrac(0.04)+intentScore(0.00)›
I250821 13:53:19.446071 22926 kv/kvserver/mvcc_gc_queue.go:797 ⋮ [T1,Vsystem,n1,mvccGC,s1,r86/1:‹/{Table/134-Max}›] 287 +‹likely last GC: 43.885821675s ago, 0 B non-live, curr. age 0 B*s, min exp. reduction: 0 B*s›
I250821 13:53:19.446071 22926 kv/kvserver/mvcc_gc_queue.go:797 ⋮ [T1,Vsystem,n1,mvccGC,s1,r86/1:‹/{Table/134-Max}›] 287 +‹hint: {0,0 1755445834.582834013,0 1755445834.587412388,0}›
I250821 13:53:19.446163 22926 kv/kvserver/mvcc_gc_queue.go:798 ⋮ [T1,Vsystem,n1,mvccGC,s1,r86/1:‹/{Table/134-Max}›] 288  new score ‹queue=true with 0.00/fuzz(0.95)=0.00=valScaleScore(0.00)*deadFrac(0.04)+intentScore(0.00)›
I250821 13:53:19.446163 22926 kv/kvserver/mvcc_gc_queue.go:798 ⋮ [T1,Vsystem,n1,mvccGC,s1,r86/1:‹/{Table/134-Max}›] 288 +‹likely last GC: 47.052862133s ago, 0 B non-live, curr. age 0 B*s, min exp. reduction: 0 B*s›
I250821 13:53:19.446163 22926 kv/kvserver/mvcc_gc_queue.go:798 ⋮ [T1,Vsystem,n1,mvccGC,s1,r86/1:‹/{Table/134-Max}›] 288 +‹hint: {0,0 1755445834.582834013,0 1755445834.587412388,0}›
I250821 13:54:00.133225 962 server/status/runtime_jemalloc.go:226 ⋮ [T1,Vsystem,n1] 289  jemalloc arenas purged (took 553.292µs)
I250821 13:54:21.527311 23871 kv/kvserver/mvcc_gc_queue.go:796 ⋮ [T1,Vsystem,n1,mvccGC,s1,r86/1:‹/{Table/134-Max}›] 290  GC still needed following GC, recomputing MVCC stats
I250821 13:54:21.527397 23871 kv/kvserver/mvcc_gc_queue.go:797 ⋮ [T1,Vsystem,n1,mvccGC,s1,r86/1:‹/{Table/134-Max}›] 291  old score ‹queue=true with 0.00/fuzz(0.95)=0.00=valScaleScore(0.00)*deadFrac(0.04)+intentScore(0.00)›
I250821 13:54:21.527397 23871 kv/kvserver/mvcc_gc_queue.go:797 ⋮ [T1,Vsystem,n1,mvccGC,s1,r86/1:‹/{Table/134-Max}›] 291 +‹likely last GC: 56.787239833s ago, 0 B non-live, curr. age 0 B*s, min exp. reduction: 0 B*s›
I250821 13:54:21.527397 23871 kv/kvserver/mvcc_gc_queue.go:797 ⋮ [T1,Vsystem,n1,mvccGC,s1,r86/1:‹/{Table/134-Max}›] 291 +‹hint: {0,0 1755445834.582834013,0 1755445834.587412388,0}›
I250821 13:54:21.527535 23871 kv/kvserver/mvcc_gc_queue.go:798 ⋮ [T1,Vsystem,n1,mvccGC,s1,r86/1:‹/{Table/134-Max}›] 292  new score ‹queue=true with 0.00/fuzz(0.95)=0.00=valScaleScore(0.00)*deadFrac(0.04)+intentScore(0.00)›
I250821 13:54:21.527535 23871 kv/kvserver/mvcc_gc_queue.go:798 ⋮ [T1,Vsystem,n1,mvccGC,s1,r86/1:‹/{Table/134-Max}›] 292 +‹likely last GC: 1m2.084175709s ago, 0 B non-live, curr. age 0 B*s, min exp. reduction: 0 B*s›
I250821 13:54:21.527535 23871 kv/kvserver/mvcc_gc_queue.go:798 ⋮ [T1,Vsystem,n1,mvccGC,s1,r86/1:‹/{Table/134-Max}›] 292 +‹hint: {0,0 1755445834.582834013,0 1755445834.587412388,0}›
I250821 13:55:11.145052 25046 1@jobs/structured_log.go:49 ⋮ [T1,Vsystem,n1] 293 ={"Timestamp":1755784511145042129,"EventType":"status_change","JobID":1100067999192481793,"JobType":"AUTO CREATE PARTIAL STATS","Description":"state changed to: running","PreviousStatus":"running","NewStatus":"running","RunNum":0}
I250821 13:55:11.150167 25046 sql/distsql_plan_stats.go:209 ⋮ [T1,Vsystem,n1,job=AUTO CREATE PARTIAL STATS id=1100067999192481793,create-stats-distsql] 294  using computed sample size of 10000 for histogram construction
I250821 13:55:11.199141 25046 1@jobs/structured_log.go:49 ⋮ [T1,Vsystem,n1] 295 ={"Timestamp":1755784511199137088,"EventType":"status_change","JobID":1100067999192481793,"JobType":"AUTO CREATE PARTIAL STATS","Description":"state changed to: succeeded","PreviousStatus":"running","NewStatus":"succeeded","RunNum":0}
I250821 13:55:11.223987 25099 1@jobs/structured_log.go:49 ⋮ [T1,Vsystem,n1] 296 ={"Timestamp":1755784511223984088,"EventType":"status_change","JobID":1100067999595692033,"JobType":"AUTO CREATE PARTIAL STATS","Description":"state changed to: running","PreviousStatus":"running","NewStatus":"running","RunNum":0}
I250821 13:55:11.228584 25099 sql/distsql_plan_stats.go:209 ⋮ [T1,Vsystem,n1,job=AUTO CREATE PARTIAL STATS id=1100067999595692033,create-stats-distsql] 297  using computed sample size of 10000 for histogram construction
I250821 13:55:11.271328 25099 1@jobs/structured_log.go:49 ⋮ [T1,Vsystem,n1] 298 ={"Timestamp":1755784511271324921,"EventType":"status_change","JobID":1100067999595692033,"JobType":"AUTO CREATE PARTIAL STATS","Description":"state changed to: succeeded","PreviousStatus":"running","NewStatus":"succeeded","RunNum":0}
I250821 13:55:20.612295 25338 kv/kvserver/mvcc_gc_queue.go:796 ⋮ [T1,Vsystem,n1,mvccGC,s1,r86/1:‹/{Table/134-Max}›] 299  GC still needed following GC, recomputing MVCC stats
I250821 13:55:20.612336 25338 kv/kvserver/mvcc_gc_queue.go:797 ⋮ [T1,Vsystem,n1,mvccGC,s1,r86/1:‹/{Table/134-Max}›] 300  old score ‹queue=true with 0.00/fuzz(0.95)=0.00=valScaleScore(0.00)*deadFrac(0.04)+intentScore(0.00)›
I250821 13:55:20.612336 25338 kv/kvserver/mvcc_gc_queue.go:797 ⋮ [T1,Vsystem,n1,mvccGC,s1,r86/1:‹/{Table/134-Max}›] 300 +‹likely last GC: 54.880529082s ago, 0 B non-live, curr. age 0 B*s, min exp. reduction: 0 B*s›
I250821 13:55:20.612336 25338 kv/kvserver/mvcc_gc_queue.go:797 ⋮ [T1,Vsystem,n1,mvccGC,s1,r86/1:‹/{Table/134-Max}›] 300 +‹hint: {0,0 1755445834.582834013,0 1755445834.587412388,0}›
I250821 13:55:20.612397 25338 kv/kvserver/mvcc_gc_queue.go:798 ⋮ [T1,Vsystem,n1,mvccGC,s1,r86/1:‹/{Table/134-Max}›] 301  new score ‹queue=true with 0.00/fuzz(0.95)=0.00=valScaleScore(0.00)*deadFrac(0.04)+intentScore(0.00)›
I250821 13:55:20.612397 25338 kv/kvserver/mvcc_gc_queue.go:798 ⋮ [T1,Vsystem,n1,mvccGC,s1,r86/1:‹/{Table/134-Max}›] 301 +‹likely last GC: 59.091145625s ago, 0 B non-live, curr. age 0 B*s, min exp. reduction: 0 B*s›
I250821 13:55:20.612397 25338 kv/kvserver/mvcc_gc_queue.go:798 ⋮ [T1,Vsystem,n1,mvccGC,s1,r86/1:‹/{Table/134-Max}›] 301 +‹hint: {0,0 1755445834.582834013,0 1755445834.587412388,0}›
I250821 13:56:00.157937 962 server/status/runtime_jemalloc.go:226 ⋮ [T1,Vsystem,n1] 302  jemalloc arenas purged (took 434.375µs)
I250821 13:56:08.678483 26240 kv/kvserver/mvcc_gc_queue.go:796 ⋮ [T1,Vsystem,n1,mvccGC,s1,r86/1:‹/{Table/134-Max}›] 303  GC still needed following GC, recomputing MVCC stats
I250821 13:56:08.678571 26240 kv/kvserver/mvcc_gc_queue.go:797 ⋮ [T1,Vsystem,n1,mvccGC,s1,r86/1:‹/{Table/134-Max}›] 304  old score ‹queue=true with 0.00/fuzz(0.95)=0.00=valScaleScore(0.00)*deadFrac(0.04)+intentScore(0.00)›
I250821 13:56:08.678571 26240 kv/kvserver/mvcc_gc_queue.go:797 ⋮ [T1,Vsystem,n1,mvccGC,s1,r86/1:‹/{Table/134-Max}›] 304 +‹likely last GC: 43.70022591s ago, 0 B non-live, curr. age 0 B*s, min exp. reduction: 0 B*s›
I250821 13:56:08.678571 26240 kv/kvserver/mvcc_gc_queue.go:797 ⋮ [T1,Vsystem,n1,mvccGC,s1,r86/1:‹/{Table/134-Max}›] 304 +‹hint: {0,0 1755445834.582834013,0 1755445834.587412388,0}›
I250821 13:56:08.678693 26240 kv/kvserver/mvcc_gc_queue.go:798 ⋮ [T1,Vsystem,n1,mvccGC,s1,r86/1:‹/{Table/134-Max}›] 305  new score ‹queue=true with 0.00/fuzz(0.95)=0.00=valScaleScore(0.00)*deadFrac(0.04)+intentScore(0.00)›
I250821 13:56:08.678693 26240 kv/kvserver/mvcc_gc_queue.go:798 ⋮ [T1,Vsystem,n1,mvccGC,s1,r86/1:‹/{Table/134-Max}›] 305 +‹likely last GC: 48.069908244s ago, 0 B non-live, curr. age 0 B*s, min exp. reduction: 0 B*s›
I250821 13:56:08.678693 26240 kv/kvserver/mvcc_gc_queue.go:798 ⋮ [T1,Vsystem,n1,mvccGC,s1,r86/1:‹/{Table/134-Max}›] 305 +‹hint: {0,0 1755445834.582834013,0 1755445834.587412388,0}›
I250821 13:56:11.310175 26267 1@jobs/structured_log.go:49 ⋮ [T1,Vsystem,n1] 306 ={"Timestamp":1755784571310170421,"EventType":"status_change","JobID":1100068196453974017,"JobType":"AUTO CREATE STATS","Description":"state changed to: running","PreviousStatus":"running","NewStatus":"running","RunNum":0}
I250821 13:56:11.312576 26267 sql/distsql_plan_stats.go:209 ⋮ [T1,Vsystem,n1,job=AUTO CREATE STATS id=1100068196453974017,create-stats-distsql] 307  using computed sample size of 10000 for histogram construction
I250821 13:56:11.458626 26267 1@jobs/structured_log.go:49 ⋮ [T1,Vsystem,n1] 308 ={"Timestamp":1755784571458620754,"EventType":"status_change","JobID":1100068196453974017,"JobType":"AUTO CREATE STATS","Description":"state changed to: succeeded","PreviousStatus":"running","NewStatus":"succeeded","RunNum":0}
I250821 13:56:21.006276 1 1@cli/start.go:993 ⋮ [T1,Vsystem,n1] 309  received signal 'terminated'
I250821 13:56:21.006751 1 1@cli/start.go:1034 ⋮ [T1,Vsystem,n1] 310  initiating graceful shutdown of server
I250821 13:56:21.009054 26170 server/drain.go:353 ⋮ [T1,Vsystem,n1,server drain process,call-graceful-drain] 311  all tenant servers stopped
I250821 13:56:21.010688 26170 1@server/drain.go:399 ⋮ [T1,Vsystem,n1,server drain process,call-graceful-drain] 312  waiting for health probes to notice that the node is not ready for new sql connections
I250821 13:56:24.011821 26440 1@server/drain.go:513 ⋮ [T1,Vsystem,n1,server drain process,call-graceful-drain] 313  number of open connections: 0
I250821 13:56:26.009176 26171 1@cli/start.go:1046 ⋮ [T1,Vsystem,n1] 314  369 running tasks
I250821 13:56:31.008017 26171 1@cli/start.go:1046 ⋮ [T1,Vsystem,n1] 315  369 running tasks
I250821 13:56:31.011925 1485 sql/stats/automatic_stats.go:694 ⋮ [T1,Vsystem,n1] 316  draining auto stats refresher
W250821 13:56:31.011886 1254 jobs/registry.go:1069 ⋮ [T1,Vsystem,n1] 317  canceling all adopted jobs due to graceful drain request
I250821 13:56:31.012326 1486 sql/stats/automatic_stats.go:745 ⋮ [T1,Vsystem,n1] 318  draining stats garbage collector
I250821 13:56:31.012588 2482 jobs/registry.go:1681 ⋮ [T1,Vsystem,n1,job=100] 319  KEY VISUALIZER job 100: stepping through state succeeded
I250821 13:56:31.012806 2317 jobs/registry.go:1681 ⋮ [T1,Vsystem,n1,job=103] 320  AUTO UPDATE SQL ACTIVITY job 103: stepping through state succeeded
W250821 13:56:31.018097 2635 kv/kvclient/kvcoord/dist_sender_mux_rangefeed.go:406 ⋮ [T1,Vsystem,n1,job=1098958321112612865,change-aggregator,mux_n=1,gen=2] 321  error closing mux rangefeed client: context canceled
W250821 13:56:31.018113 2622 kv/kvclient/kvcoord/dist_sender_mux_rangefeed.go:406 ⋮ [T1,Vsystem,n1,job=AUTO SPAN CONFIG RECONCILIATION id=1098946398292541441,rangefeed=‹sql-watcher-zones-rangefeed›,mux_n=1,gen=2] 322  error closing mux rangefeed client: context canceled
W250821 13:56:31.018126 2654 kv/kvclient/kvcoord/dist_sender_mux_rangefeed.go:406 ⋮ [T1,Vsystem,n1,job=AUTO SPAN CONFIG RECONCILIATION id=1098946398292541441,rangefeed=‹sql-watcher-protected-ts-records-rangefeed›,mux_n=1,gen=2] 323  error closing mux rangefeed client: context canceled
W250821 13:56:31.018113 2676 kv/kvclient/kvcoord/dist_sender_mux_rangefeed.go:406 ⋮ [T1,Vsystem,n1,job=AUTO SPAN CONFIG RECONCILIATION id=1098946398292541441,rangefeed=‹sql-watcher-descriptor-rangefeed›,mux_n=1,gen=2] 324  error closing mux rangefeed client: context canceled
E250821 13:56:31.020145 2579 ccl/changefeedccl/kvfeed/kv_feed.go:158 ⋮ [T1,Vsystem,n1,job=1098958321112612865,change-aggregator] 325  stopping kv feed due to error: context canceled
