I250820 20:36:15.796811 82 util/log/file_sync_buffer.go:237 ⋮ [config]   file created at: 2025/08/20 20:36:15
I250820 20:36:15.796853 82 util/log/file_sync_buffer.go:237 ⋮ [config]   running on machine: ‹b35e6d391843›
I250820 20:36:15.796870 82 util/log/file_sync_buffer.go:237 ⋮ [config]   binary: CockroachDB CCL v25.2.0 (aarch64-unknown-linux-gnu, built 2025/05/15 21:07:42, go1.23.7 X:nocoverageredesign)
I250820 20:36:15.796875 82 util/log/file_sync_buffer.go:237 ⋮ [config]   arguments: [‹/cockroach/cockroach› ‹start-single-node› ‹--certs-dir=certs› ‹--advertise-addr=127.0.0.1:26257› ‹--insecure› ‹--http-addr=0.0.0.0:8080›]
I250820 20:36:15.796890 82 util/log/file_sync_buffer.go:237 ⋮ [config]   log format (utf8=✓): crdb-v2
I250820 20:36:15.796893 82 util/log/file_sync_buffer.go:237 ⋮ [config]   line format: [IWEF]yymmdd hh:mm:ss.uuuuuu goid [chan@]file:line redactionmark \[tags\] [counter] msg
I250820 20:36:15.786711 82 3@pebble/objstorage/objstorageprovider/remote.go:102 ⋮ [n?,s?,pebble] 1  remote storage configured; creatorID = 1
I250820 20:36:16.478048 82 3@pebble/open.go:1054 ⋮ [n?,s?,pebble] 2  [JOB ‹1›] WAL ‹003110: {(/cockroach/cockroach-data,000)}› stopped reading at offset: (‹/cockroach/cockroach-data/003110.log›: 37868721); replayed 113141 keys in 3309 batches
I250820 20:36:16.479051 99 3@pebble/event.go:1011 ⋮ [n?,s?,pebble] 3  [JOB 2] flushing 8 memtables (40MB) to L0
I250820 20:36:16.480598 99 3@pebble/event.go:1039 ⋮ [n?,s?,pebble] 4  [JOB 2] flushing: sstable created 003134
I250820 20:36:16.633295 99 3@pebble/event.go:1039 ⋮ [n?,s?,pebble] 5  [JOB 2] flushing: sstable created 003135
I250820 20:36:16.714373 99 3@pebble/event.go:1039 ⋮ [n?,s?,pebble] 6  [JOB 2] flushing: sstable created 003136
I250820 20:36:16.808821 99 3@pebble/event.go:1039 ⋮ [n?,s?,pebble] 7  [JOB 2] flushing: sstable created 003137
I250820 20:36:16.898403 99 3@pebble/event.go:1031 ⋮ [n?,s?,pebble] 8  [JOB 2] MANIFEST created 003138
I250820 20:36:16.899207 99 3@pebble/event.go:1015 ⋮ [n?,s?,pebble] 9  [JOB 2] flushed 8 memtables (40MB) to L0 [003134 003135 003136 003137] (430KB), in 0.4s (0.4s total), output rate 1.0MB/s
I250820 20:36:16.909508 97 3@pebble/event.go:1063 ⋮ [n?,s?,pebble] 10  [JOB 2] WAL deleted 003087
I250820 20:36:16.917402 97 3@pebble/event.go:1063 ⋮ [n?,s?,pebble] 11  [JOB 2] WAL deleted 003110
I250820 20:36:16.917524 82 3@pebble/event.go:1059 ⋮ [n?,s?,pebble] 12  [JOB 1] WAL created 003139
I250820 20:36:16.923975 111 3@pebble/event.go:999 ⋮ [n?,s?,pebble] 13  [JOB 4] compacting(default) L0 [003134] (216KB) Score=1.04 + L6 [003115 003116 003117 003118 003119] (17MB) Score=0.96; OverlappingRatio: Single 82.55, Multi 0.00
I250820 20:36:16.949294 111 3@pebble/event.go:1039 ⋮ [n?,s?,pebble] 14  [JOB 4] compacting: sstable created 003141
I250820 20:36:16.968317 29 3@pebble/event.go:1051 ⋮ [n?,s?,pebble] 15  [JOB 5] all initial table stats loaded
I250820 20:36:18.214475 111 3@pebble/event.go:1039 ⋮ [n?,s?,pebble] 16  [JOB 4] compacting: sstable created 003142
I250820 20:36:19.820857 111 3@pebble/event.go:1039 ⋮ [n?,s?,pebble] 17  [JOB 4] compacting: sstable created 003143
I250820 20:36:20.884255 111 3@pebble/event.go:1039 ⋮ [n?,s?,pebble] 18  [JOB 4] compacting: sstable created 003144
I250820 20:36:21.786122 111 3@pebble/event.go:1039 ⋮ [n?,s?,pebble] 19  [JOB 4] compacting: sstable created 003145
I250820 20:36:22.110485 111 3@pebble/event.go:1003 ⋮ [n?,s?,pebble] 20  [JOB 4] compacted(default) L0 [003134] (216KB) Score=1.04 + L6 [003115 003116 003117 003118 003119] (17MB) Score=0.96 -> L6 [003141 003142 003143 003144 003145] (17MB), in 5.2s (5.2s total), output rate 3.4MB/s
I250820 20:36:22.115241 119 3@pebble/event.go:999 ⋮ [n?,s?,pebble] 21  [JOB 6] compacting(default) L0 [003135] (65KB) Score=1.04 + L6 [003120 003121 003122 003123 003124] (17MB) Score=0.96; OverlappingRatio: Single 267.30, Multi 0.00
I250820 20:36:22.120631 97 3@pebble/event.go:1043 ⋮ [n?,s?,pebble] 22  [JOB 4] sstable deleted 003115
I250820 20:36:22.124811 97 3@pebble/event.go:1043 ⋮ [n?,s?,pebble] 23  [JOB 4] sstable deleted 003116
I250820 20:36:22.129191 97 3@pebble/event.go:1043 ⋮ [n?,s?,pebble] 24  [JOB 4] sstable deleted 003117
I250820 20:36:22.136077 97 3@pebble/event.go:1043 ⋮ [n?,s?,pebble] 25  [JOB 4] sstable deleted 003118
I250820 20:36:22.137388 119 3@pebble/event.go:1039 ⋮ [n?,s?,pebble] 26  [JOB 6] compacting: sstable created 003146
I250820 20:36:22.138841 97 3@pebble/event.go:1043 ⋮ [n?,s?,pebble] 27  [JOB 4] sstable deleted 003119
I250820 20:36:22.140400 97 3@pebble/event.go:1043 ⋮ [n?,s?,pebble] 28  [JOB 4] sstable deleted 003134
I250820 20:36:22.141461 97 3@pebble/event.go:1035 ⋮ [n?,s?,pebble] 29  [JOB 1] MANIFEST deleted 002902
I250820 20:36:22.196560 82 3@pebble/event.go:1031 ⋮ [n?,s?,pebble] 30  [JOB 1] MANIFEST created 000001
I250820 20:36:22.201410 82 3@pebble/event.go:1059 ⋮ [n?,s?,pebble] 31  [JOB 1] WAL created 000002
I250820 20:36:22.203464 82 3@pebble/event.go:1027 ⋮ [n?,s?,pebble] 32  upgraded to format version: 014
I250820 20:36:22.208631 82 3@pebble/event.go:1027 ⋮ [n?,s?,pebble] 33  upgraded to format version: 015
I250820 20:36:22.210107 82 3@pebble/event.go:1027 ⋮ [n?,s?,pebble] 34  upgraded to format version: 016
I250820 20:36:22.213493 82 3@pebble/event.go:1027 ⋮ [n?,s?,pebble] 35  upgraded to format version: 017
I250820 20:36:22.218033 82 3@pebble/event.go:1027 ⋮ [n?,s?,pebble] 36  upgraded to format version: 018
I250820 20:36:22.220177 82 3@pebble/event.go:1027 ⋮ [n?,s?,pebble] 37  upgraded to format version: 019
I250820 20:36:22.226376 121 3@pebble/event.go:1051 ⋮ [n?,s?,pebble] 38  [JOB 2] all initial table stats loaded
I250820 20:36:23.369375 119 3@pebble/event.go:1039 ⋮ [n1,s1,pebble] 39  [JOB 6] compacting: sstable created 003147
I250820 20:36:23.977442 119 3@pebble/event.go:1039 ⋮ [n1,s1,pebble] 40  [JOB 6] compacting: sstable created 003148
I250820 20:36:24.484297 119 3@pebble/event.go:1039 ⋮ [n1,s1,pebble] 41  [JOB 6] compacting: sstable created 003149
I250820 20:36:25.194095 119 3@pebble/event.go:1039 ⋮ [n1,s1,pebble] 42  [JOB 6] compacting: sstable created 003150
I250820 20:36:25.375192 119 3@pebble/event.go:1003 ⋮ [n1,s1,pebble] 43  [JOB 6] compacted(default) L0 [003135] (65KB) Score=1.04 + L6 [003120 003121 003122 003123 003124] (17MB) Score=0.96 -> L6 [003146 003147 003148 003149 003150] (17MB), in 3.3s (3.3s total), output rate 5.3MB/s
I250820 20:36:25.376758 1957 3@pebble/event.go:999 ⋮ [n1,s1,pebble] 44  [JOB 7] compacting(default) L0 [003136] (62KB) Score=1.04 + L6 [003125 003126 003127 003128 003129] (17MB) Score=0.96; OverlappingRatio: Single 282.05, Multi 0.00
I250820 20:36:25.378235 97 3@pebble/event.go:1043 ⋮ [n1,s1,pebble] 45  [JOB 6] sstable deleted 003120
I250820 20:36:25.378978 97 3@pebble/event.go:1043 ⋮ [n1,s1,pebble] 46  [JOB 6] sstable deleted 003121
I250820 20:36:25.379785 97 3@pebble/event.go:1043 ⋮ [n1,s1,pebble] 47  [JOB 6] sstable deleted 003122
I250820 20:36:25.380838 97 3@pebble/event.go:1043 ⋮ [n1,s1,pebble] 48  [JOB 6] sstable deleted 003123
I250820 20:36:25.382192 97 3@pebble/event.go:1043 ⋮ [n1,s1,pebble] 49  [JOB 6] sstable deleted 003124
I250820 20:36:25.383044 1957 3@pebble/event.go:1039 ⋮ [n1,s1,pebble] 50  [JOB 7] compacting: sstable created 003151
I250820 20:36:25.383807 97 3@pebble/event.go:1043 ⋮ [n1,s1,pebble] 51  [JOB 6] sstable deleted 003135
I250820 20:36:26.444594 1957 3@pebble/event.go:1039 ⋮ [n1,s1,pebble] 52  [JOB 7] compacting: sstable created 003152
I250820 20:36:27.200283 1957 3@pebble/event.go:1039 ⋮ [n1,s1,pebble] 53  [JOB 7] compacting: sstable created 003153
I250820 20:36:27.603063 1957 3@pebble/event.go:1039 ⋮ [n1,s1,pebble] 54  [JOB 7] compacting: sstable created 003154
I250820 20:36:27.966937 1957 3@pebble/event.go:1039 ⋮ [n1,s1,pebble] 55  [JOB 7] compacting: sstable created 003155
I250820 20:36:28.127470 1957 3@pebble/event.go:1003 ⋮ [n1,s1,pebble] 56  [JOB 7] compacted(default) L0 [003136] (62KB) Score=1.04 + L6 [003125 003126 003127 003128 003129] (17MB) Score=0.96 -> L6 [003151 003152 003153 003154 003155] (17MB), in 2.7s (2.8s total), output rate 6.2MB/s
I250820 20:36:28.144578 97 3@pebble/event.go:1043 ⋮ [n1,s1,pebble] 57  [JOB 7] sstable deleted 003125
I250820 20:36:28.147992 1643 3@pebble/event.go:999 ⋮ [n1,s1,pebble] 58  [JOB 8] compacting(default) L0 [003137] (87KB) Score=1.04 + L6 [003130 003131 003132] (10MB) Score=0.96; OverlappingRatio: Single 118.55, Multi 0.00
I250820 20:36:28.151080 97 3@pebble/event.go:1043 ⋮ [n1,s1,pebble] 59  [JOB 7] sstable deleted 003126
I250820 20:36:28.152667 97 3@pebble/event.go:1043 ⋮ [n1,s1,pebble] 60  [JOB 7] sstable deleted 003127
I250820 20:36:28.154224 97 3@pebble/event.go:1043 ⋮ [n1,s1,pebble] 61  [JOB 7] sstable deleted 003128
I250820 20:36:28.156803 97 3@pebble/event.go:1043 ⋮ [n1,s1,pebble] 62  [JOB 7] sstable deleted 003129
I250820 20:36:28.158009 97 3@pebble/event.go:1043 ⋮ [n1,s1,pebble] 63  [JOB 7] sstable deleted 003136
I250820 20:36:28.160164 1643 3@pebble/event.go:1039 ⋮ [n1,s1,pebble] 64  [JOB 8] compacting: sstable created 003156
I250820 20:36:28.619103 1643 3@pebble/event.go:1039 ⋮ [n1,s1,pebble] 65  [JOB 8] compacting: sstable created 003157
I250820 20:36:28.723365 1643 3@pebble/event.go:1039 ⋮ [n1,s1,pebble] 66  [JOB 8] compacting: sstable created 003158
I250820 20:36:28.787401 1643 3@pebble/event.go:1003 ⋮ [n1,s1,pebble] 67  [JOB 8] compacted(default) L0 [003137] (87KB) Score=1.04 + L6 [003130 003131 003132] (10MB) Score=0.96 -> L6 [003156 003157 003158] (10MB), in 0.6s (0.6s total), output rate 16MB/s
I250820 20:36:28.788764 97 3@pebble/event.go:1043 ⋮ [n1,s1,pebble] 68  [JOB 8] sstable deleted 003130
I250820 20:36:28.789117 97 3@pebble/event.go:1043 ⋮ [n1,s1,pebble] 69  [JOB 8] sstable deleted 003131
I250820 20:36:28.789367 97 3@pebble/event.go:1043 ⋮ [n1,s1,pebble] 70  [JOB 8] sstable deleted 003132
I250820 20:36:28.789953 97 3@pebble/event.go:1043 ⋮ [n1,s1,pebble] 71  [JOB 8] sstable deleted 003137
I250820 20:36:43.064106 573 3@kv/kvserver/store.go:3801 ⋮ [T1,Vsystem,n1,s1] 72  Pebble metrics:
I250820 20:36:43.064106 573 3@kv/kvserver/store.go:3801 ⋮ [T1,Vsystem,n1,s1] 72 +      |                             |       |       |   ingested   |     moved    |    written   |       |    amp
I250820 20:36:43.064106 573 3@kv/kvserver/store.go:3801 ⋮ [T1,Vsystem,n1,s1] 72 +level | tables  size val-bl vtables | score |   in  | tables  size | tables  size | tables  size |  read |   r   w
I250820 20:36:43.064106 573 3@kv/kvserver/store.go:3801 ⋮ [T1,Vsystem,n1,s1] 72 +------+-----------------------------+-------+-------+--------------+--------------+--------------+-------+---------
I250820 20:36:43.064106 573 3@kv/kvserver/store.go:3801 ⋮ [T1,Vsystem,n1,s1] 72 +    0 |     0     0B     0B       0 |  0.00 |  36MB |     0     0B |     0     0B |     4  430KB |    0B |   0  0.0
I250820 20:36:43.064106 573 3@kv/kvserver/store.go:3801 ⋮ [T1,Vsystem,n1,s1] 72 +    1 |     0     0B     0B       0 |  0.00 |    0B |     0     0B |     0     0B |     0     0B |    0B |   0  0.0
I250820 20:36:43.064106 573 3@kv/kvserver/store.go:3801 ⋮ [T1,Vsystem,n1,s1] 72 +    2 |     0     0B     0B       0 |  0.00 |    0B |     0     0B |     0     0B |     0     0B |    0B |   0  0.0
I250820 20:36:43.064106 573 3@kv/kvserver/store.go:3801 ⋮ [T1,Vsystem,n1,s1] 72 +    3 |     0     0B     0B       0 |  0.00 |    0B |     0     0B |     0     0B |     0     0B |    0B |   0  0.0
I250820 20:36:43.064106 573 3@kv/kvserver/store.go:3801 ⋮ [T1,Vsystem,n1,s1] 72 +    4 |     0     0B     0B       0 |  0.00 |    0B |     0     0B |     0     0B |     0     0B |    0B |   0  0.0
I250820 20:36:43.064106 573 3@kv/kvserver/store.go:3801 ⋮ [T1,Vsystem,n1,s1] 72 +    5 |     0     0B     0B       0 |  0.00 |    0B |     0     0B |     0     0B |     0     0B |    0B |   0  0.0
I250820 20:36:43.064106 573 3@kv/kvserver/store.go:3801 ⋮ [T1,Vsystem,n1,s1] 72 +    6 |    18   62MB  1.2MB       0 |     - | 430KB |     0     0B |     0     0B |    18   62MB |  62MB |   1  147
I250820 20:36:43.064106 573 3@kv/kvserver/store.go:3801 ⋮ [T1,Vsystem,n1,s1] 72 +total |    18   62MB  1.2MB       0 |     - |  38MB |     0     0B |     0     0B |    22  100MB |  62MB |   1  2.6
I250820 20:36:43.064106 573 3@kv/kvserver/store.go:3801 ⋮ [T1,Vsystem,n1,s1] 72 +-------------------------------------------------------------------------------------------------------------------
I250820 20:36:43.064106 573 3@kv/kvserver/store.go:3801 ⋮ [T1,Vsystem,n1,s1] 72 +WAL: 1 files (2.3MB)  in: 2.3MB  written: 38MB (1575% overhead)
I250820 20:36:43.064106 573 3@kv/kvserver/store.go:3801 ⋮ [T1,Vsystem,n1,s1] 72 +Flushes: 1
I250820 20:36:43.064106 573 3@kv/kvserver/store.go:3801 ⋮ [T1,Vsystem,n1,s1] 72 +Compactions: 4  estimated debt: 0B  in progress: 0 (0B)
I250820 20:36:43.064106 573 3@kv/kvserver/store.go:3801 ⋮ [T1,Vsystem,n1,s1] 72 +             default: 4  delete: 0  elision: 0  move: 0  read: 0  tombstone-density: 0  rewrite: 0  copy: 0  multi-level: 0
I250820 20:36:43.064106 573 3@kv/kvserver/store.go:3801 ⋮ [T1,Vsystem,n1,s1] 72 +MemTables: 1 (64MB)  zombie: 1 (32MB)
I250820 20:36:43.064106 573 3@kv/kvserver/store.go:3801 ⋮ [T1,Vsystem,n1,s1] 72 +Zombie tables: 0 (0B, local: 0B)
I250820 20:36:43.064106 573 3@kv/kvserver/store.go:3801 ⋮ [T1,Vsystem,n1,s1] 72 +Backing tables: 0 (0B)
I250820 20:36:43.064106 573 3@kv/kvserver/store.go:3801 ⋮ [T1,Vsystem,n1,s1] 72 +Virtual tables: 0 (0B)
I250820 20:36:43.064106 573 3@kv/kvserver/store.go:3801 ⋮ [T1,Vsystem,n1,s1] 72 +Local tables size: 62MB
I250820 20:36:43.064106 573 3@kv/kvserver/store.go:3801 ⋮ [T1,Vsystem,n1,s1] 72 +Compression types: snappy: 18
I250820 20:36:43.064106 573 3@kv/kvserver/store.go:3801 ⋮ [T1,Vsystem,n1,s1] 72 +Block cache: 44 entries (1.6MB)  hit rate: 28.8%
I250820 20:36:43.064106 573 3@kv/kvserver/store.go:3801 ⋮ [T1,Vsystem,n1,s1] 72 +Table cache: 3 entries (2.4KB)  hit rate: 99.1%
I250820 20:36:43.064106 573 3@kv/kvserver/store.go:3801 ⋮ [T1,Vsystem,n1,s1] 72 +Snapshots: 0  earliest seq num: 0
I250820 20:36:43.064106 573 3@kv/kvserver/store.go:3801 ⋮ [T1,Vsystem,n1,s1] 72 +Table iters: 0
I250820 20:36:43.064106 573 3@kv/kvserver/store.go:3801 ⋮ [T1,Vsystem,n1,s1] 72 +Filter utility: 98.3%
I250820 20:36:43.064106 573 3@kv/kvserver/store.go:3801 ⋮ [T1,Vsystem,n1,s1] 72 +Ingestions: 0  as flushable: 0 (0B in 0 tables)
I250820 20:36:43.064106 573 3@kv/kvserver/store.go:3801 ⋮ [T1,Vsystem,n1,s1] 72 +Cgo memory usage: 98MB  block cache: 1.6MB (data: 1.6MB, maps: 16KB, entries: 5.6KB)  memtables: 96MB
I250820 20:44:53.180334 735 3@pebble/event.go:1059 ⋮ [n1,s1,pebble] 73  [JOB 9] WAL created 003159
I250820 20:44:53.241684 12276 3@pebble/event.go:1011 ⋮ [n1,s1,pebble] 74  [JOB 10] flushing 1 memtable (64MB) to L0
I250820 20:44:53.250050 12276 3@pebble/event.go:1039 ⋮ [n1,s1,pebble] 75  [JOB 10] flushing: sstable created 003160
I250820 20:44:53.375709 12276 3@pebble/event.go:1039 ⋮ [n1,s1,pebble] 76  [JOB 10] flushing: sstable created 003161
I250820 20:44:53.396396 12276 3@pebble/event.go:1039 ⋮ [n1,s1,pebble] 77  [JOB 10] flushing: sstable created 003162
I250820 20:44:53.414048 12276 3@pebble/event.go:1039 ⋮ [n1,s1,pebble] 78  [JOB 10] flushing: sstable created 003163
I250820 20:44:53.421083 12276 3@pebble/event.go:1015 ⋮ [n1,s1,pebble] 79  [JOB 10] flushed 1 memtable (64MB) to L0 [003160 003161 003162 003163] (561KB), in 0.2s (0.2s total), output rate 3.1MB/s
I250820 20:44:53.421302 12307 3@pebble/event.go:999 ⋮ [n1,s1,pebble] 80  [JOB 11] compacting(default) L0 [003160] (334KB) Score=1.04 + L6 [003141 003142 003143 003144 003145] (17MB) Score=0.96; OverlappingRatio: Single 53.25, Multi 0.00
I250820 20:44:53.429882 12307 3@pebble/event.go:1039 ⋮ [n1,s1,pebble] 81  [JOB 11] compacting: sstable created 003164
I250820 20:44:53.585284 12307 3@pebble/event.go:1039 ⋮ [n1,s1,pebble] 82  [JOB 11] compacting: sstable created 003165
I250820 20:44:53.871073 12307 3@pebble/event.go:1039 ⋮ [n1,s1,pebble] 83  [JOB 11] compacting: sstable created 003166
I250820 20:44:54.018768 12307 3@pebble/event.go:1039 ⋮ [n1,s1,pebble] 84  [JOB 11] compacting: sstable created 003167
I250820 20:44:54.180516 12307 3@pebble/event.go:1039 ⋮ [n1,s1,pebble] 85  [JOB 11] compacting: sstable created 003168
I250820 20:44:54.530942 12307 3@pebble/event.go:1003 ⋮ [n1,s1,pebble] 86  [JOB 11] compacted(default) L0 [003160] (334KB) Score=1.04 + L6 [003141 003142 003143 003144 003145] (17MB) Score=0.96 -> L6 [003164 003165 003166 003167 003168] (18MB), in 1.1s (1.1s total), output rate 16MB/s
I250820 20:44:54.534848 12110 3@pebble/event.go:999 ⋮ [n1,s1,pebble] 87  [JOB 13] compacting(default) L0 [003161] (89KB) Score=1.04 + L6 [003146 003147 003148 003149 003150] (17MB) Score=0.97; OverlappingRatio: Single 197.55, Multi 0.00
I250820 20:44:54.537979 97 3@pebble/event.go:1043 ⋮ [n1,s1,pebble] 88  [JOB 11] sstable deleted 003141
I250820 20:44:54.541128 97 3@pebble/event.go:1043 ⋮ [n1,s1,pebble] 89  [JOB 11] sstable deleted 003142
I250820 20:44:54.546286 97 3@pebble/event.go:1043 ⋮ [n1,s1,pebble] 90  [JOB 11] sstable deleted 003143
I250820 20:44:54.552847 97 3@pebble/event.go:1043 ⋮ [n1,s1,pebble] 91  [JOB 11] sstable deleted 003144
I250820 20:44:54.554111 97 3@pebble/event.go:1043 ⋮ [n1,s1,pebble] 92  [JOB 11] sstable deleted 003145
I250820 20:44:54.554909 97 3@pebble/event.go:1043 ⋮ [n1,s1,pebble] 93  [JOB 11] sstable deleted 003160
I250820 20:44:54.568387 12110 3@pebble/event.go:1039 ⋮ [n1,s1,pebble] 94  [JOB 13] compacting: sstable created 003169
I250820 20:44:54.855104 12110 3@pebble/event.go:1039 ⋮ [n1,s1,pebble] 95  [JOB 13] compacting: sstable created 003170
I250820 20:44:54.994249 12110 3@pebble/event.go:1039 ⋮ [n1,s1,pebble] 96  [JOB 13] compacting: sstable created 003171
I250820 20:44:55.123930 12110 3@pebble/event.go:1039 ⋮ [n1,s1,pebble] 97  [JOB 13] compacting: sstable created 003172
I250820 20:44:55.215123 12110 3@pebble/event.go:1039 ⋮ [n1,s1,pebble] 98  [JOB 13] compacting: sstable created 003173
I250820 20:44:55.243369 12110 3@pebble/event.go:1003 ⋮ [n1,s1,pebble] 99  [JOB 13] compacted(default) L0 [003161] (89KB) Score=1.04 + L6 [003146 003147 003148 003149 003150] (17MB) Score=0.97 -> L6 [003169 003170 003171 003172 003173] (17MB), in 0.7s (0.7s total), output rate 24MB/s
I250820 20:44:55.243725 1902 3@pebble/event.go:999 ⋮ [n1,s1,pebble] 100  [JOB 14] compacting(default) L0 [003162] (87KB) Score=1.03 + L6 [003151 003152 003153 003154 003155] (17MB) Score=0.97; OverlappingRatio: Single 200.71, Multi 0.00
I250820 20:44:55.244300 97 3@pebble/event.go:1043 ⋮ [n1,s1,pebble] 101  [JOB 13] sstable deleted 003146
I250820 20:44:55.244699 97 3@pebble/event.go:1043 ⋮ [n1,s1,pebble] 102  [JOB 13] sstable deleted 003147
I250820 20:44:55.245089 97 3@pebble/event.go:1043 ⋮ [n1,s1,pebble] 103  [JOB 13] sstable deleted 003148
I250820 20:44:55.246475 97 3@pebble/event.go:1043 ⋮ [n1,s1,pebble] 104  [JOB 13] sstable deleted 003149
I250820 20:44:55.246883 97 3@pebble/event.go:1043 ⋮ [n1,s1,pebble] 105  [JOB 13] sstable deleted 003150
I250820 20:44:55.247077 97 3@pebble/event.go:1043 ⋮ [n1,s1,pebble] 106  [JOB 13] sstable deleted 003161
I250820 20:44:55.254386 1902 3@pebble/event.go:1039 ⋮ [n1,s1,pebble] 107  [JOB 14] compacting: sstable created 003174
I250820 20:44:55.365211 1902 3@pebble/event.go:1039 ⋮ [n1,s1,pebble] 108  [JOB 14] compacting: sstable created 003175
I250820 20:44:55.492428 1902 3@pebble/event.go:1039 ⋮ [n1,s1,pebble] 109  [JOB 14] compacting: sstable created 003176
I250820 20:44:55.575638 1902 3@pebble/event.go:1039 ⋮ [n1,s1,pebble] 110  [JOB 14] compacting: sstable created 003177
I250820 20:44:55.648197 1902 3@pebble/event.go:1039 ⋮ [n1,s1,pebble] 111  [JOB 14] compacting: sstable created 003178
I250820 20:44:55.667815 1902 3@pebble/event.go:1003 ⋮ [n1,s1,pebble] 112  [JOB 14] compacted(default) L0 [003162] (87KB) Score=1.03 + L6 [003151 003152 003153 003154 003155] (17MB) Score=0.97 -> L6 [003174 003175 003176 003177 003178] (17MB), in 0.4s (0.4s total), output rate 40MB/s
I250820 20:44:55.668087 12348 3@pebble/event.go:999 ⋮ [n1,s1,pebble] 113  [JOB 15] compacting(default) L0 [003163] (51KB) Score=1.03 + L6 [003156 003157 003158] (10MB) Score=0.97; OverlappingRatio: Single 203.74, Multi 0.00
I250820 20:44:55.668942 97 3@pebble/event.go:1043 ⋮ [n1,s1,pebble] 114  [JOB 14] sstable deleted 003151
I250820 20:44:55.669647 97 3@pebble/event.go:1043 ⋮ [n1,s1,pebble] 115  [JOB 14] sstable deleted 003152
I250820 20:44:55.670036 97 3@pebble/event.go:1043 ⋮ [n1,s1,pebble] 116  [JOB 14] sstable deleted 003153
I250820 20:44:55.670246 12348 3@pebble/event.go:1039 ⋮ [n1,s1,pebble] 117  [JOB 15] compacting: sstable created 003179
I250820 20:44:55.670651 97 3@pebble/event.go:1043 ⋮ [n1,s1,pebble] 118  [JOB 14] sstable deleted 003154
I250820 20:44:55.671234 97 3@pebble/event.go:1043 ⋮ [n1,s1,pebble] 119  [JOB 14] sstable deleted 003155
I250820 20:44:55.671485 97 3@pebble/event.go:1043 ⋮ [n1,s1,pebble] 120  [JOB 14] sstable deleted 003162
I250820 20:44:55.770456 12348 3@pebble/event.go:1039 ⋮ [n1,s1,pebble] 121  [JOB 15] compacting: sstable created 003180
I250820 20:44:55.852766 12348 3@pebble/event.go:1039 ⋮ [n1,s1,pebble] 122  [JOB 15] compacting: sstable created 003181
I250820 20:44:55.889842 12348 3@pebble/event.go:1003 ⋮ [n1,s1,pebble] 123  [JOB 15] compacted(default) L0 [003163] (51KB) Score=1.03 + L6 [003156 003157 003158] (10MB) Score=0.97 -> L6 [003179 003180 003181] (10MB), in 0.2s (0.2s total), output rate 46MB/s
I250820 20:44:55.890508 97 3@pebble/event.go:1043 ⋮ [n1,s1,pebble] 124  [JOB 15] sstable deleted 003156
I250820 20:44:55.890827 97 3@pebble/event.go:1043 ⋮ [n1,s1,pebble] 125  [JOB 15] sstable deleted 003157
I250820 20:44:55.891035 97 3@pebble/event.go:1043 ⋮ [n1,s1,pebble] 126  [JOB 15] sstable deleted 003158
I250820 20:44:55.891167 97 3@pebble/event.go:1043 ⋮ [n1,s1,pebble] 127  [JOB 15] sstable deleted 003163
I250820 20:46:42.987801 573 3@kv/kvserver/store.go:3801 ⋮ [T1,Vsystem,n1,s1] 128  Pebble metrics:
I250820 20:46:42.987801 573 3@kv/kvserver/store.go:3801 ⋮ [T1,Vsystem,n1,s1] 128 +      |                             |       |       |   ingested   |     moved    |    written   |       |    amp
I250820 20:46:42.987801 573 3@kv/kvserver/store.go:3801 ⋮ [T1,Vsystem,n1,s1] 128 +level | tables  size val-bl vtables | score |   in  | tables  size | tables  size | tables  size |  read |   r   w
I250820 20:46:42.987801 573 3@kv/kvserver/store.go:3801 ⋮ [T1,Vsystem,n1,s1] 128 +------+-----------------------------+-------+-------+--------------+--------------+--------------+-------+---------
I250820 20:46:42.987801 573 3@kv/kvserver/store.go:3801 ⋮ [T1,Vsystem,n1,s1] 128 +    0 |     0     0B     0B       0 |  0.00 |  94MB |     0     0B |     0     0B |     8  990KB |    0B |   0  0.0
I250820 20:46:42.987801 573 3@kv/kvserver/store.go:3801 ⋮ [T1,Vsystem,n1,s1] 128 +    1 |     0     0B     0B       0 |  0.00 |    0B |     0     0B |     0     0B |     0     0B |    0B |   0  0.0
I250820 20:46:42.987801 573 3@kv/kvserver/store.go:3801 ⋮ [T1,Vsystem,n1,s1] 128 +    2 |     0     0B     0B       0 |  0.00 |    0B |     0     0B |     0     0B |     0     0B |    0B |   0  0.0
I250820 20:46:42.987801 573 3@kv/kvserver/store.go:3801 ⋮ [T1,Vsystem,n1,s1] 128 +    3 |     0     0B     0B       0 |  0.00 |    0B |     0     0B |     0     0B |     0     0B |    0B |   0  0.0
I250820 20:46:42.987801 573 3@kv/kvserver/store.go:3801 ⋮ [T1,Vsystem,n1,s1] 128 +    4 |     0     0B     0B       0 |  0.00 |    0B |     0     0B |     0     0B |     0     0B |    0B |   0  0.0
I250820 20:46:42.987801 573 3@kv/kvserver/store.go:3801 ⋮ [T1,Vsystem,n1,s1] 128 +    5 |     0     0B     0B       0 |  0.00 |    0B |     0     0B |     0     0B |     0     0B |    0B |   0  0.0
I250820 20:46:42.987801 573 3@kv/kvserver/store.go:3801 ⋮ [T1,Vsystem,n1,s1] 128 +    6 |    18   62MB  1.2MB       0 |     - | 990KB |     0     0B |     0     0B |    36  124MB | 124MB |   1  128
I250820 20:46:42.987801 573 3@kv/kvserver/store.go:3801 ⋮ [T1,Vsystem,n1,s1] 128 +total |    18   62MB  1.2MB       0 |     - | 106MB |     0     0B |     0     0B |    44  230MB | 124MB |   1  2.2
I250820 20:46:42.987801 573 3@kv/kvserver/store.go:3801 ⋮ [T1,Vsystem,n1,s1] 128 +-------------------------------------------------------------------------------------------------------------------
I250820 20:46:42.987801 573 3@kv/kvserver/store.go:3801 ⋮ [T1,Vsystem,n1,s1] 128 +WAL: 1 files (12MB)  in: 69MB  written: 106MB (52% overhead)
I250820 20:46:42.987801 573 3@kv/kvserver/store.go:3801 ⋮ [T1,Vsystem,n1,s1] 128 +Flushes: 2
I250820 20:46:42.987801 573 3@kv/kvserver/store.go:3801 ⋮ [T1,Vsystem,n1,s1] 128 +Compactions: 8  estimated debt: 0B  in progress: 0 (0B)
I250820 20:46:42.987801 573 3@kv/kvserver/store.go:3801 ⋮ [T1,Vsystem,n1,s1] 128 +             default: 8  delete: 0  elision: 0  move: 0  read: 0  tombstone-density: 0  rewrite: 0  copy: 0  multi-level: 0
I250820 20:46:42.987801 573 3@kv/kvserver/store.go:3801 ⋮ [T1,Vsystem,n1,s1] 128 +MemTables: 1 (64MB)  zombie: 1 (64MB)
I250820 20:46:42.987801 573 3@kv/kvserver/store.go:3801 ⋮ [T1,Vsystem,n1,s1] 128 +Zombie tables: 0 (0B, local: 0B)
I250820 20:46:42.987801 573 3@kv/kvserver/store.go:3801 ⋮ [T1,Vsystem,n1,s1] 128 +Backing tables: 0 (0B)
I250820 20:46:42.987801 573 3@kv/kvserver/store.go:3801 ⋮ [T1,Vsystem,n1,s1] 128 +Virtual tables: 0 (0B)
I250820 20:46:42.987801 573 3@kv/kvserver/store.go:3801 ⋮ [T1,Vsystem,n1,s1] 128 +Local tables size: 62MB
I250820 20:46:42.987801 573 3@kv/kvserver/store.go:3801 ⋮ [T1,Vsystem,n1,s1] 128 +Compression types: snappy: 18
I250820 20:46:42.987801 573 3@kv/kvserver/store.go:3801 ⋮ [T1,Vsystem,n1,s1] 128 +Block cache: 0 entries (0B)  hit rate: 48.4%
I250820 20:46:42.987801 573 3@kv/kvserver/store.go:3801 ⋮ [T1,Vsystem,n1,s1] 128 +Table cache: 4 entries (3.3KB)  hit rate: 99.7%
I250820 20:46:42.987801 573 3@kv/kvserver/store.go:3801 ⋮ [T1,Vsystem,n1,s1] 128 +Snapshots: 0  earliest seq num: 0
I250820 20:46:42.987801 573 3@kv/kvserver/store.go:3801 ⋮ [T1,Vsystem,n1,s1] 128 +Table iters: 0
I250820 20:46:42.987801 573 3@kv/kvserver/store.go:3801 ⋮ [T1,Vsystem,n1,s1] 128 +Filter utility: 97.4%
I250820 20:46:42.987801 573 3@kv/kvserver/store.go:3801 ⋮ [T1,Vsystem,n1,s1] 128 +Ingestions: 0  as flushable: 0 (0B in 0 tables)
I250820 20:46:42.987801 573 3@kv/kvserver/store.go:3801 ⋮ [T1,Vsystem,n1,s1] 128 +Cgo memory usage: 128MB  block cache: 19KB (data: 0B, maps: 19KB, entries: 640B)  memtables: 128MB
