I250818 14:41:53.126960 1 util/log/file_sync_buffer.go:237 ⋮ [config]   file created at: 2025/08/18 14:41:53
I250818 14:41:53.127016 1 util/log/file_sync_buffer.go:237 ⋮ [config]   running on machine: ‹5f8a940f858e›
I250818 14:41:53.127026 1 util/log/file_sync_buffer.go:237 ⋮ [config]   binary: CockroachDB CCL v25.2.0 (aarch64-unknown-linux-gnu, built 2025/05/15 21:07:42, go1.23.7 X:nocoverageredesign)
I250818 14:41:53.127030 1 util/log/file_sync_buffer.go:237 ⋮ [config]   arguments: [‹/cockroach/cockroach› ‹start-single-node› ‹--certs-dir=certs› ‹--advertise-addr=127.0.0.1:26257› ‹--insecure› ‹--http-addr=0.0.0.0:8080›]
I250818 14:41:53.127039 1 util/log/file_sync_buffer.go:237 ⋮ [config]   log format (utf8=✓): crdb-v2
I250818 14:41:53.127053 1 util/log/file_sync_buffer.go:237 ⋮ [config]   line format: [IWEF]yymmdd hh:mm:ss.uuuuuu goid [chan@]file:line redactionmark \[tags\] [counter] msg
W250818 14:41:53.121545 1 1@cli/start.go:1438 ⋮ [n?] 1  ALL SECURITY CONTROLS HAVE BEEN DISABLED!
W250818 14:41:53.121545 1 1@cli/start.go:1438 ⋮ [n?] 1 +
W250818 14:41:53.121545 1 1@cli/start.go:1438 ⋮ [n?] 1 +This mode is intended for non-production testing only.
W250818 14:41:53.121545 1 1@cli/start.go:1438 ⋮ [n?] 1 +
W250818 14:41:53.121545 1 1@cli/start.go:1438 ⋮ [n?] 1 +In this mode:
W250818 14:41:53.121545 1 1@cli/start.go:1438 ⋮ [n?] 1 +- Your cluster is open to any client that can access ‹any of your IP addresses›.
W250818 14:41:53.121545 1 1@cli/start.go:1438 ⋮ [n?] 1 +- Intruders with access to your machine or network can observe client-server traffic.
W250818 14:41:53.121545 1 1@cli/start.go:1438 ⋮ [n?] 1 +- Intruders can log in without password and read or write any data in the cluster.
W250818 14:41:53.121545 1 1@cli/start.go:1438 ⋮ [n?] 1 +- Intruders can consume all your server's resources and cause unavailability.
I250818 14:41:53.133209 1 1@cli/start.go:1448 ⋮ [n?] 2  To start a secure server without mandating TLS for clients,
I250818 14:41:53.133209 1 1@cli/start.go:1448 ⋮ [n?] 2 +consider --accept-sql-without-tls instead. For other options, see:
I250818 14:41:53.133209 1 1@cli/start.go:1448 ⋮ [n?] 2 +
I250818 14:41:53.133209 1 1@cli/start.go:1448 ⋮ [n?] 2 +- https://go.crdb.dev/issue-v/53404/v25.2
I250818 14:41:53.133209 1 1@cli/start.go:1448 ⋮ [n?] 2 +- https://www.cockroachlabs.com/docs/v25.2/secure-a-cluster.html
I250818 14:41:53.134115 1 server/status/recorder.go:856 ⋮ [n?] 3  ‹available memory from cgroups (8.0 EiB) is unsupported, using system memory 8.7 GiB instead: ›
W250818 14:41:53.134164 1 1@cli/start.go:1360 ⋮ [n?] 4  Using the default setting for --cache (128 MiB).
W250818 14:41:53.134164 1 1@cli/start.go:1360 ⋮ [n?] 4 +  A significantly larger value is usually needed for good performance.
W250818 14:41:53.134164 1 1@cli/start.go:1360 ⋮ [n?] 4 +  If you have a dedicated server a reasonable setting is --cache=.25 (2.2 GiB).
I250818 14:41:53.134892 1 server/status/recorder.go:856 ⋮ [n?] 5  ‹available memory from cgroups (8.0 EiB) is unsupported, using system memory 8.7 GiB instead: ›
I250818 14:41:53.134920 1 1@cli/start.go:1477 ⋮ [n?] 6  CockroachDB CCL v25.2.0 (aarch64-unknown-linux-gnu, built 2025/05/15 21:07:42, go1.23.7 X:nocoverageredesign)
I250818 14:41:53.138598 1 server/status/recorder.go:856 ⋮ [n?] 7  ‹available memory from cgroups (8.0 EiB) is unsupported, using system memory 8.7 GiB instead: ›
I250818 14:41:53.138625 1 1@cli/start.go:554 ⋮ [n?] 8  soft memory limit of Go runtime is set to 4.9 GiB
I250818 14:41:53.138639 1 1@cli/start.go:591 ⋮ [n?] 9  GC target percentage of Go runtime is set to 300%
I250818 14:41:53.199322 1 server/status/recorder.go:856 ⋮ [T1,Vsystem,n?] 10  ‹available memory from cgroups (8.0 EiB) is unsupported, using system memory 8.7 GiB instead: ›
I250818 14:41:53.199347 1 server/config.go:674 ⋮ [T1,Vsystem,n?] 11  system total memory: 8.7 GiB
I250818 14:41:53.199354 1 server/config.go:676 ⋮ [T1,Vsystem,n?] 12  server configuration:
I250818 14:41:53.199354 1 server/config.go:676 ⋮ [T1,Vsystem,n?] 12 +max offset             500000000
I250818 14:41:53.199354 1 server/config.go:676 ⋮ [T1,Vsystem,n?] 12 +cache size             128 MiB
I250818 14:41:53.199354 1 server/config.go:676 ⋮ [T1,Vsystem,n?] 12 +SQL memory pool size   2.2 GiB
I250818 14:41:53.199354 1 server/config.go:676 ⋮ [T1,Vsystem,n?] 12 +scan interval          10m0s
I250818 14:41:53.199354 1 server/config.go:676 ⋮ [T1,Vsystem,n?] 12 +scan min idle time     10ms
I250818 14:41:53.199354 1 server/config.go:676 ⋮ [T1,Vsystem,n?] 12 +scan max idle time     1s
I250818 14:41:53.199354 1 server/config.go:676 ⋮ [T1,Vsystem,n?] 12 +event log enabled      true
I250818 14:41:53.199389 1 1@cli/start.go:1338 ⋮ [T1,Vsystem,n?] 13  using local environment variables:
I250818 14:41:53.199389 1 1@cli/start.go:1338 ⋮ [T1,Vsystem,n?] 13 +COCKROACH_CHANNEL=official-docker
I250818 14:41:53.199404 1 1@cli/start.go:1345 ⋮ [T1,Vsystem,n?] 14  process identity: uid 0 euid 0 gid 0 egid 0
I250818 14:41:53.250058 1 1@cli/start.go:1500 ⋮ [T1,Vsystem,n?] 15  GEOS loaded from directory ‹/usr/local/lib/cockroach›
I250818 14:41:53.251925 1 1@cli/start.go:777 ⋮ [T1,Vsystem,n?] 16  starting cockroach node
I250818 14:41:55.229722 84 server/config.go:880 ⋮ [T1,Vsystem,n?] 17  1 storage engine initialized
I250818 14:41:55.229776 84 server/config.go:883 ⋮ [T1,Vsystem,n?] 18  Pebble cache size: 128 MiB
I250818 14:41:55.229791 84 server/config.go:883 ⋮ [T1,Vsystem,n?] 19  store 0: max size 0 B, max open file limit 1043576
I250818 14:41:55.229795 84 server/config.go:883 ⋮ [T1,Vsystem,n?] 20  store 0: /cockroach/cockroach-data: rw encrypted=false fs:{bdev=/run/host_mark/Users fstype=fakeowner mountpoint=/cockroach/cockroach-data mountopts=rw,nosuid,nodev,relatime,fakeowner}
I250818 14:41:55.255855 131 util/cidr/cidr.go:299 ⋮ [T1,Vsystem,n?] 21  CIDR lookup updated with 0 destinations
I250818 14:41:55.543815 84 1@server/clock_monotonicity.go:61 ⋮ [T1,Vsystem,n?] 22  monitoring forward clock jumps based on server.clock.forward_jump_check.enabled
I250818 14:41:55.613302 84 1@server/clock_monotonicity.go:136 ⋮ [T1,Vsystem,n1] 23  Sleeping till wall time 1755528115613295088 to catches up to 1755528116043732089 to ensure monotonicity. Sub: 430.437001ms
I250818 14:41:55.616666 564 1@server/server.go:1802 ⋮ [T1,Vsystem,n1] 24  connecting to gossip network to verify cluster ID "7c4e678d-486f-4806-8e59-dd3b5b489461"
W250818 14:41:56.044665 84 1@cli/start.go:1299 ⋮ [T1,Vsystem,n1] 25  Running a server without --sql-addr, with a combined RPC/SQL listener, is deprecated.
W250818 14:41:56.044665 84 1@cli/start.go:1299 ⋮ [T1,Vsystem,n1] 25 +This feature will be removed in a later version of CockroachDB.
W250818 14:41:56.044718 84 1@gossip/gossip.go:1460 ⋮ [T1,Vsystem,n1] 26  no addresses found; use --join to specify a connected node
I250818 14:41:56.052538 570 kv/kvserver/kvstorage/init.go:250 ⋮ [T1,Vsystem,n1,s1] 27  beginning range descriptor iteration
I250818 14:41:56.053561 570 kv/kvserver/kvstorage/init.go:374 ⋮ [T1,Vsystem,n1,s1] 28  range descriptor iteration done: 57 range descriptors, 0 intents, 0 tombstones; stats: ‹seeked 118 times (60 internal); stepped 0 times (0 internal); blocks: 134KB cached, 15KB not cached (read time: 226.167µs); points: 58 (1.2KB keys, 1.7KB values); separated: 14 (427B, 0B fetched)›
I250818 14:41:56.100614 570 kv/kvserver/kvstorage/init.go:501 ⋮ [T1,Vsystem,n1,s1] 29  loaded replica ID for 57/57 replicas
I250818 14:41:56.112229 570 kv/kvserver/kvstorage/init.go:518 ⋮ [T1,Vsystem,n1,s1] 30  loaded Raft state for 57/57 replicas
I250818 14:41:56.112300 570 kv/kvserver/kvstorage/init.go:545 ⋮ [T1,Vsystem,n1,s1] 31  loaded 57 replicas
I250818 14:41:56.112322 570 kv/kvserver/kvstorage/init.go:576 ⋮ [T1,Vsystem,n1,s1] 32  verified 57/57 replicas
I250818 14:41:56.124099 570 kv/kvserver/store.go:2369 ⋮ [T1,Vsystem,n1,s1] 33  initialized 57/57 replicas
I250818 14:41:56.124964 570 server/node.go:690 ⋮ [T1,Vsystem,n1] 34  initialized store s1 in 79ms (57 replicas)
I250818 14:41:56.125055 84 kv/kvserver/stores.go:261 ⋮ [T1,Vsystem,n1] 35  read 0 node addresses from persistent storage
I250818 14:41:56.126402 564 1@server/server.go:1805 ⋮ [T1,Vsystem,n1] 36  node connected via gossip
I250818 14:41:56.127807 84 server/node.go:801 ⋮ [T1,Vsystem,n1] 37  started with attributes []
I250818 14:41:56.127906 84 server/goroutinedumper/goroutinedumper.go:117 ⋮ [T1,Vsystem,n1] 38  writing goroutine dumps to ‹/cockroach/cockroach-data/logs/goroutine_dump›
I250818 14:41:56.128725 84 server/profiler/heapprofiler.go:72 ⋮ [T1,Vsystem,n1] 39  writing go heap profiles to ‹/cockroach/cockroach-data/logs/heap_profiler› at least every 1h0m0s
I250818 14:41:56.128767 84 server/profiler/memory_monitoring_profiler.go:66 ⋮ [T1,Vsystem,n1] 40  writing memory monitoring dumps to ‹/cockroach/cockroach-data/logs/heap_profiler› at least every 1h0m0s
I250818 14:41:56.128777 84 server/profiler/cgoprofiler.go:66 ⋮ [T1,Vsystem,n1] 41  to enable jmalloc profiling: "export MALLOC_CONF=prof:true" or "ln -s prof:true /etc/malloc.conf"
I250818 14:41:56.128924 84 server/profiler/statsprofiler.go:68 ⋮ [T1,Vsystem,n1] 42  writing memory stats to ‹/cockroach/cockroach-data/logs/heap_profiler› at last every 1h0m0s
I250818 14:41:56.128191 753 kv/kvserver/queue.go:612 ⋮ [T1,Vsystem,n1,s1,r17/1:‹/Table/1{4-5}›,raft] 43  rate limited in MaybeAdd (replicate): throttled on async limiting semaphore
I250818 14:41:56.128307 657 kv/kvserver/storeliveness/support_manager.go:285 ⋮ [T1,Vsystem,n1,s1] 44  starting to heartbeat store {NodeID:1 StoreID:1}
I250818 14:41:56.129451 84 server/profiler/activequeryprofiler.go:88 ⋮ [T1,Vsystem,n1] 45  writing go query profiles to ‹/cockroach/cockroach-data/logs/heap_profiler›
I250818 14:41:56.129513 84 server/profiler/cpuprofiler.go:87 ⋮ [T1,Vsystem,n1] 46  writing cpu profile dumps to ‹/cockroach/cockroach-data/logs/pprof_dump›
I250818 14:41:56.130063 84 1@server/server.go:1999 ⋮ [T1,Vsystem,n1] 47  starting http server at ‹[::]:8080› (use: ‹127.0.0.1:8080›)
I250818 14:41:56.130088 84 1@server/server.go:2007 ⋮ [T1,Vsystem,n1] 48  starting grpc/postgres server at ‹[::]:26257›
I250818 14:41:56.130097 84 1@server/server.go:2008 ⋮ [T1,Vsystem,n1] 49  advertising CockroachDB node at ‹127.0.0.1:26257›
I250818 14:41:56.137781 744 kv/kvserver/queue.go:612 ⋮ [T1,Vsystem,n1,s1,r34/1:‹/{NamespaceTab…-Table/32}›,raft] 50  rate limited in MaybeAdd (merge): throttled on async limiting semaphore
I250818 14:41:56.140474 657 kv/kvserver/storeliveness/supporter_state.go:298 ⋮ [T1,Vsystem,n1,s1] 51  provided support for store {NodeID:1 StoreID:1}; old = {Target:{NodeID:1 StoreID:1} Epoch:4 Expiration:1755451918.921140966,0}, new = {Target:{NodeID:1 StoreID:1} Epoch:5 Expiration:1755528119.129107421,0}
I250818 14:41:56.142484 657 kv/kvserver/storeliveness/requester_state.go:425 ⋮ [T1,Vsystem,n1,s1] 52  received support from store {NodeID:1 StoreID:1}; old = {Target:{NodeID:1 StoreID:1} Epoch:5 Expiration:0,0}, new = {Target:{NodeID:1 StoreID:1} Epoch:5 Expiration:1755528119.129107421,0}
I250818 14:41:56.163155 84 1@util/log/event_log.go:39 ⋮ [T1,Vsystem,n1] 53 ={"Timestamp":1755528116163141755,"EventType":"node_restart","NodeID":1,"StartedAt":1755528116044910588,"LastUp":1755451914474505049}
I250818 14:41:56.164241 946 kv/kvclient/rangefeed/rangefeedcache/watcher.go:340 ⋮ [T1,Vsystem,n1] 54  settings-watcher: established range feed cache
I250818 14:41:56.164688 496 kv/kvclient/rangefeed/rangefeedcache/watcher.go:340 ⋮ [T1,Vsystem,n1] 55  spanconfig-subscriber: established range feed cache
I250818 14:41:56.178960 84 sql/sqlliveness/slinstance/slinstance.go:435 ⋮ [T1,Vsystem,n1] 56  starting SQL liveness instance
I250818 14:41:56.191671 604 sql/sqlliveness/slstorage/slstorage.go:540 ⋮ [T1,Vsystem,n1] 57  inserted sqlliveness session 0101804b69784caf754a9aaaf30c1a85362299 with expiry 1755528156.179072588,0
I250818 14:41:56.191733 604 sql/sqlliveness/slinstance/slinstance.go:247 ⋮ [T1,Vsystem,n1] 58  created new SQL liveness session 0101804b69784caf754a9aaaf30c1a85362299
I250818 14:41:56.191750 84 sql/sqlinstance/instancestorage/instancestorage.go:338 ⋮ [T1,Vsystem,n1] 59  assigning instance id to rpc addr ‹127.0.0.1:26257› and sql addr ‹127.0.0.1:26257›
I250818 14:41:56.201846 84 server/server_sql.go:1618 ⋮ [T1,Vsystem,n1] 60  bound sqlinstance: Instance{RegionPrefix: gA==, InstanceID: 1, SQLAddr: ‹127.0.0.1:26257›, RPCAddr: ‹127.0.0.1:26257›, SessionID: 0101804b69784caf754a9aaaf30c1a85362299, Locality: , BinaryVersion: 25.2}
I250818 14:41:56.202627 84 upgrade/upgrademanager/manager.go:171 ⋮ [T1,Vsystem,n1] 61  running permanent upgrades up to version: 25.2
I250818 14:41:56.208284 670 sql/sqlstats/persistedsqlstats/provider.go:159 ⋮ [T1,Vsystem,n1] 62  starting sql-stats-worker with initial delay: 11m26.326142804s
I250818 14:41:56.210546 1193 kv/kvserver/replica_rangefeed.go:882 ⋮ [T1,Vsystem,n1,rangefeed=‹lease›,mux_n=1,gen=2,r6/1:‹/Table/{0-4}›,sm=1,sid=1,s1] 63  RangeFeed closed timestamp 1755445862.126233888,0 is behind by 22h50m54.08430695s (behind=22h50m54.08430695s target=3s nudge=true cancel=false)
I250818 14:41:56.212900 1211 kv/kvclient/rangefeed/rangefeedcache/watcher.go:340 ⋮ [T1,Vsystem,n1] 64  system-config-cache: established range feed cache
I250818 14:41:56.214126 667 sql/temporary_schema.go:506 ⋮ [T1,Vsystem,n1] 65  running temporary object cleanup background job
I250818 14:41:56.246253 667 sql/temporary_schema.go:556 ⋮ [T1,Vsystem,n1] 66  found 0 temporary schemas
I250818 14:41:56.246281 667 sql/temporary_schema.go:559 ⋮ [T1,Vsystem,n1] 67  early exiting temporary schema cleaner as no temporary schemas were found
I250818 14:41:56.246288 667 sql/temporary_schema.go:560 ⋮ [T1,Vsystem,n1] 68  completed temporary object cleanup job
I250818 14:41:56.246564 667 sql/temporary_schema.go:641 ⋮ [T1,Vsystem,n1] 69  temporary object cleaner next scheduled to run at 2025-08-18 15:11:56.204934005 +0000 UTC m=+1805.120861045
I250818 14:41:56.246120 1198 kv/kvserver/queue.go:1332 ⋮ [T1,Vsystem,n1,replicate] 70  purgatory is now empty
I250818 14:41:56.274562 84 upgrade/upgrademanager/manager.go:233 ⋮ [T1,Vsystem,n1] 71  detected the last permanent upgrade (v0.0-upgrading-step-004) to have already completed; no permanent upgrades will run
I250818 14:41:56.274623 84 server/server_sql.go:1720 ⋮ [T1,Vsystem,n1] 72  done ensuring all necessary startup migrations have run
I250818 14:41:56.274898 84 server/license/enforcer.go:262 ⋮ [T1,Vsystem,n1] 73  trial license expiry initialized to 1970-01-01 00:00:00 +0000 UTC
I250818 14:41:56.274942 84 server/license/enforcer.go:298 ⋮ [T1,Vsystem,n1] 74  fetched existing cluster init grace period end time: 2025-08-24 14:50:24 +0000 UTC
I250818 14:41:56.275016 84 server/license/enforcer.go:498 ⋮ [T1,Vsystem,n1] 75  enforcer license updated: type is none, grace period ends at "2025-08-24 14:50:24 +0000 UTC", telemetry required: false
I250818 14:41:56.275024 84 server/license/enforcer.go:498 ⋮ [T1,Vsystem,n1] 76  enforcer license updated: type is none, grace period ends at "2025-08-24 14:50:24 +0000 UTC", telemetry required: false
I250818 14:41:56.297917 1455 sql/syntheticprivilegecache/cache.go:202 ⋮ [T1,Vsystem,n1] 77  warmed privileges for virtual tables in 21.321708ms
I250818 14:41:56.298085 1232 sql/sqlliveness/slstorage/slstorage.go:391 ⋮ [n1,intExec=query-lease-table-dead-sessions] 78  deleted session 0101800ded6c3234ef4d00955620b5ec49264d which expired at 1755451953.000509840,0
I250818 14:41:56.333835 1457 jobs/job_scheduler.go:407 ⋮ [T1,Vsystem,n1] 79  waiting 4m0s before scheduled jobs daemon start
I250818 14:41:56.334438 1673 kv/kvclient/rangefeed/rangefeedcache/watcher.go:340 ⋮ [T1,Vsystem,n1] 80  tenant-settings-watcher: established range feed cache
I250818 14:41:56.334944 1675 kv/kvclient/rangefeed/rangefeedcache/watcher.go:340 ⋮ [T1,Vsystem,n1] 81  tenant-entry-watcher: established range feed cache
I250818 14:41:56.335689 1675 multitenant/tenantcapabilities/tenantcapabilitieswatcher/watcher.go:285 ⋮ [T1,Vsystem,n1] 82  received results of a full table scan for tenant capabilities
I250818 14:41:56.354539 1671 server/auto_upgrade.go:81 ⋮ [T1,Vsystem,n1] 83  no need to upgrade, cluster already at the newest version
I250818 14:41:56.361976 84 server/license/enforcer.go:582 ⋮ [T1,Vsystem,n1] 84  disable all license enforcement
I250818 14:41:56.362014 84 1@server/server_sql.go:1971 ⋮ [T1,Vsystem,n1] 85  serving sql connections
I250818 14:41:56.362264 84 1@cli/start.go:1286 ⋮ [T1,Vsystem,n1] 86  node startup completed:
I250818 14:41:56.362264 84 1@cli/start.go:1286 ⋮ [T1,Vsystem,n1] 86 +CockroachDB node starting at 2025-08-18 14:41:56.362030463 +0000 UTC m=+5.277957504 (took 3.4s)
I250818 14:41:56.362264 84 1@cli/start.go:1286 ⋮ [T1,Vsystem,n1] 86 +build:               CCL v25.2.0 @ 2025/05/15 21:07:42 (go1.23.7 X:nocoverageredesign)
I250818 14:41:56.362264 84 1@cli/start.go:1286 ⋮ [T1,Vsystem,n1] 86 +malloc_conf:         prof:false,prof_active:true,background_thread:true,thp:never,metadata_thp:disabled,narenas:48,dirty_decay_ms:2000,muzzy_decay_ms:0
I250818 14:41:56.362264 84 1@cli/start.go:1286 ⋮ [T1,Vsystem,n1] 86 +webui:               ‹http://127.0.0.1:8080›
I250818 14:41:56.362264 84 1@cli/start.go:1286 ⋮ [T1,Vsystem,n1] 86 +sql:                 ‹postgresql://root@127.0.0.1:26257/defaultdb?sslmode=disable›
I250818 14:41:56.362264 84 1@cli/start.go:1286 ⋮ [T1,Vsystem,n1] 86 +sql (JDBC):          ‹jdbc:postgresql://127.0.0.1:26257/defaultdb?sslmode=disable&user=root›
I250818 14:41:56.362264 84 1@cli/start.go:1286 ⋮ [T1,Vsystem,n1] 86 +RPC client flags:    ‹/cockroach/cockroach <client cmd> --host=127.0.0.1:26257 --insecure›
I250818 14:41:56.362264 84 1@cli/start.go:1286 ⋮ [T1,Vsystem,n1] 86 +logs:                ‹/cockroach/cockroach-data/logs›
I250818 14:41:56.362264 84 1@cli/start.go:1286 ⋮ [T1,Vsystem,n1] 86 +temp dir:            ‹/cockroach/cockroach-data/cockroach-temp332041750›
I250818 14:41:56.362264 84 1@cli/start.go:1286 ⋮ [T1,Vsystem,n1] 86 +external I/O path:   ‹/cockroach/cockroach-data/extern›
I250818 14:41:56.362264 84 1@cli/start.go:1286 ⋮ [T1,Vsystem,n1] 86 +store[0]:            ‹path=/cockroach/cockroach-data›
I250818 14:41:56.362264 84 1@cli/start.go:1286 ⋮ [T1,Vsystem,n1] 86 +clusterID:           7c4e678d-486f-4806-8e59-dd3b5b489461
I250818 14:41:56.362264 84 1@cli/start.go:1286 ⋮ [T1,Vsystem,n1] 86 +status:              restarted pre-existing node
I250818 14:41:56.362264 84 1@cli/start.go:1286 ⋮ [T1,Vsystem,n1] 86 +nodeID:              1
I250818 14:41:56.387208 1741 sql/catalog/lease/lease.go:2467 ⋮ [T1,Vsystem,n1] 87  released orphaned lease: ID=4 ver=1 expiration={0001-01-01 00:00:00 +0000 UTC}
I250818 14:41:56.388389 1739 sql/catalog/lease/lease.go:2467 ⋮ [T1,Vsystem,n1] 88  released orphaned lease: ID=1 ver=1 expiration={0001-01-01 00:00:00 +0000 UTC}
I250818 14:41:56.388421 1743 sql/catalog/lease/lease.go:2467 ⋮ [T1,Vsystem,n1] 89  released orphaned lease: ID=6 ver=1 expiration={0001-01-01 00:00:00 +0000 UTC}
I250818 14:41:56.388434 1740 sql/catalog/lease/lease.go:2467 ⋮ [T1,Vsystem,n1] 90  released orphaned lease: ID=3 ver=1 expiration={0001-01-01 00:00:00 +0000 UTC}
I250818 14:41:56.388447 1742 sql/catalog/lease/lease.go:2467 ⋮ [T1,Vsystem,n1] 91  released orphaned lease: ID=5 ver=1 expiration={0001-01-01 00:00:00 +0000 UTC}
I250818 14:41:56.392642 1758 sql/catalog/lease/lease.go:2467 ⋮ [T1,Vsystem,n1] 92  released orphaned lease: ID=8 ver=1 expiration={0001-01-01 00:00:00 +0000 UTC}
I250818 14:41:56.393219 1757 sql/catalog/lease/lease.go:2467 ⋮ [T1,Vsystem,n1] 93  released orphaned lease: ID=7 ver=1 expiration={0001-01-01 00:00:00 +0000 UTC}
I250818 14:41:56.394935 1594 sql/catalog/lease/lease.go:2467 ⋮ [T1,Vsystem,n1] 94  released orphaned lease: ID=9 ver=1 expiration={0001-01-01 00:00:00 +0000 UTC}
I250818 14:41:56.395621 1595 sql/catalog/lease/lease.go:2467 ⋮ [T1,Vsystem,n1] 95  released orphaned lease: ID=11 ver=1 expiration={0001-01-01 00:00:00 +0000 UTC}
I250818 14:41:56.396772 1596 sql/catalog/lease/lease.go:2467 ⋮ [T1,Vsystem,n1] 96  released orphaned lease: ID=12 ver=1 expiration={0001-01-01 00:00:00 +0000 UTC}
I250818 14:41:56.398995 1745 sql/catalog/lease/lease.go:2467 ⋮ [T1,Vsystem,n1] 97  released orphaned lease: ID=14 ver=1 expiration={0001-01-01 00:00:00 +0000 UTC}
I250818 14:41:56.399199 1759 sql/catalog/lease/lease.go:2467 ⋮ [T1,Vsystem,n1] 98  released orphaned lease: ID=20 ver=1 expiration={0001-01-01 00:00:00 +0000 UTC}
I250818 14:41:56.399424 1766 sql/catalog/lease/lease.go:2467 ⋮ [T1,Vsystem,n1] 99  released orphaned lease: ID=19 ver=1 expiration={0001-01-01 00:00:00 +0000 UTC}
I250818 14:41:56.399605 1716 sql/catalog/lease/lease.go:2467 ⋮ [T1,Vsystem,n1] 100  released orphaned lease: ID=15 ver=1 expiration={0001-01-01 00:00:00 +0000 UTC}
I250818 14:41:56.399631 1744 sql/catalog/lease/lease.go:2467 ⋮ [T1,Vsystem,n1] 101  released orphaned lease: ID=13 ver=1 expiration={0001-01-01 00:00:00 +0000 UTC}
I250818 14:41:56.399925 1702 sql/catalog/lease/lease.go:2467 ⋮ [T1,Vsystem,n1] 102  released orphaned lease: ID=21 ver=1 expiration={0001-01-01 00:00:00 +0000 UTC}
I250818 14:41:56.400132 1703 sql/catalog/lease/lease.go:2467 ⋮ [T1,Vsystem,n1] 103  released orphaned lease: ID=24 ver=1 expiration={0001-01-01 00:00:00 +0000 UTC}
I250818 14:41:56.400183 1778 sql/catalog/lease/lease.go:2467 ⋮ [T1,Vsystem,n1] 104  released orphaned lease: ID=23 ver=1 expiration={0001-01-01 00:00:00 +0000 UTC}
I250818 14:41:56.400209 1760 sql/catalog/lease/lease.go:2467 ⋮ [T1,Vsystem,n1] 105  released orphaned lease: ID=25 ver=1 expiration={0001-01-01 00:00:00 +0000 UTC}
I250818 14:41:56.400292 1717 sql/catalog/lease/lease.go:2467 ⋮ [T1,Vsystem,n1] 106  released orphaned lease: ID=26 ver=1 expiration={0001-01-01 00:00:00 +0000 UTC}
I250818 14:41:56.402796 1779 sql/catalog/lease/lease.go:2467 ⋮ [T1,Vsystem,n1] 107  released orphaned lease: ID=28 ver=1 expiration={0001-01-01 00:00:00 +0000 UTC}
I250818 14:41:56.403059 1781 sql/catalog/lease/lease.go:2467 ⋮ [T1,Vsystem,n1] 108  released orphaned lease: ID=32 ver=1 expiration={0001-01-01 00:00:00 +0000 UTC}
I250818 14:41:56.403084 1780 sql/catalog/lease/lease.go:2467 ⋮ [T1,Vsystem,n1] 109  released orphaned lease: ID=31 ver=1 expiration={0001-01-01 00:00:00 +0000 UTC}
I250818 14:41:56.403095 1705 sql/catalog/lease/lease.go:2467 ⋮ [T1,Vsystem,n1] 110  released orphaned lease: ID=30 ver=1 expiration={0001-01-01 00:00:00 +0000 UTC}
I250818 14:41:56.403104 1704 sql/catalog/lease/lease.go:2467 ⋮ [T1,Vsystem,n1] 111  released orphaned lease: ID=27 ver=1 expiration={0001-01-01 00:00:00 +0000 UTC}
I250818 14:41:56.407042 1785 sql/catalog/lease/lease.go:2467 ⋮ [T1,Vsystem,n1] 112  released orphaned lease: ID=36 ver=1 expiration={0001-01-01 00:00:00 +0000 UTC}
I250818 14:41:56.407318 1786 sql/catalog/lease/lease.go:2467 ⋮ [T1,Vsystem,n1] 113  released orphaned lease: ID=37 ver=1 expiration={0001-01-01 00:00:00 +0000 UTC}
I250818 14:41:56.407393 1782 sql/catalog/lease/lease.go:2467 ⋮ [T1,Vsystem,n1] 114  released orphaned lease: ID=33 ver=1 expiration={0001-01-01 00:00:00 +0000 UTC}
I250818 14:41:56.407441 1783 sql/catalog/lease/lease.go:2467 ⋮ [T1,Vsystem,n1] 115  released orphaned lease: ID=34 ver=1 expiration={0001-01-01 00:00:00 +0000 UTC}
I250818 14:41:56.407484 1784 sql/catalog/lease/lease.go:2467 ⋮ [T1,Vsystem,n1] 116  released orphaned lease: ID=35 ver=1 expiration={0001-01-01 00:00:00 +0000 UTC}
I250818 14:41:56.411758 1791 sql/catalog/lease/lease.go:2467 ⋮ [T1,Vsystem,n1] 117  released orphaned lease: ID=43 ver=1 expiration={0001-01-01 00:00:00 +0000 UTC}
I250818 14:41:56.412061 1787 sql/catalog/lease/lease.go:2467 ⋮ [T1,Vsystem,n1] 118  released orphaned lease: ID=39 ver=1 expiration={0001-01-01 00:00:00 +0000 UTC}
I250818 14:41:56.412177 1788 sql/catalog/lease/lease.go:2467 ⋮ [T1,Vsystem,n1] 119  released orphaned lease: ID=40 ver=1 expiration={0001-01-01 00:00:00 +0000 UTC}
I250818 14:41:56.412257 1789 sql/catalog/lease/lease.go:2467 ⋮ [T1,Vsystem,n1] 120  released orphaned lease: ID=41 ver=1 expiration={0001-01-01 00:00:00 +0000 UTC}
I250818 14:41:56.412331 1790 sql/catalog/lease/lease.go:2467 ⋮ [T1,Vsystem,n1] 121  released orphaned lease: ID=42 ver=1 expiration={0001-01-01 00:00:00 +0000 UTC}
I250818 14:41:56.414504 1796 sql/catalog/lease/lease.go:2467 ⋮ [T1,Vsystem,n1] 122  released orphaned lease: ID=48 ver=1 expiration={0001-01-01 00:00:00 +0000 UTC}
I250818 14:41:56.415184 1792 sql/catalog/lease/lease.go:2467 ⋮ [T1,Vsystem,n1] 123  released orphaned lease: ID=44 ver=1 expiration={0001-01-01 00:00:00 +0000 UTC}
I250818 14:41:56.416318 1794 sql/catalog/lease/lease.go:2467 ⋮ [T1,Vsystem,n1] 124  released orphaned lease: ID=46 ver=1 expiration={0001-01-01 00:00:00 +0000 UTC}
I250818 14:41:56.416851 1793 sql/catalog/lease/lease.go:2467 ⋮ [T1,Vsystem,n1] 125  released orphaned lease: ID=45 ver=1 expiration={0001-01-01 00:00:00 +0000 UTC}
I250818 14:41:56.417838 1795 sql/catalog/lease/lease.go:2467 ⋮ [T1,Vsystem,n1] 126  released orphaned lease: ID=47 ver=1 expiration={0001-01-01 00:00:00 +0000 UTC}
I250818 14:41:56.418456 1761 sql/catalog/lease/lease.go:2467 ⋮ [T1,Vsystem,n1] 127  released orphaned lease: ID=53 ver=1 expiration={0001-01-01 00:00:00 +0000 UTC}
I250818 14:41:56.418705 1710 sql/catalog/lease/lease.go:2467 ⋮ [T1,Vsystem,n1] 128  released orphaned lease: ID=52 ver=1 expiration={0001-01-01 00:00:00 +0000 UTC}
I250818 14:41:56.419255 1797 sql/catalog/lease/lease.go:2467 ⋮ [T1,Vsystem,n1] 129  released orphaned lease: ID=50 ver=1 expiration={0001-01-01 00:00:00 +0000 UTC}
I250818 14:41:56.422733 1812 sql/catalog/lease/lease.go:2467 ⋮ [T1,Vsystem,n1] 130  released orphaned lease: ID=57 ver=1 expiration={0001-01-01 00:00:00 +0000 UTC}
I250818 14:41:56.422837 1798 sql/catalog/lease/lease.go:2467 ⋮ [T1,Vsystem,n1] 131  released orphaned lease: ID=51 ver=1 expiration={0001-01-01 00:00:00 +0000 UTC}
I250818 14:41:56.422958 1810 sql/catalog/lease/lease.go:2467 ⋮ [T1,Vsystem,n1] 132  released orphaned lease: ID=55 ver=1 expiration={0001-01-01 00:00:00 +0000 UTC}
I250818 14:41:56.422964 1811 sql/catalog/lease/lease.go:2467 ⋮ [T1,Vsystem,n1] 133  released orphaned lease: ID=56 ver=1 expiration={0001-01-01 00:00:00 +0000 UTC}
I250818 14:41:56.422976 1711 sql/catalog/lease/lease.go:2467 ⋮ [T1,Vsystem,n1] 134  released orphaned lease: ID=54 ver=1 expiration={0001-01-01 00:00:00 +0000 UTC}
I250818 14:41:56.424792 1815 sql/catalog/lease/lease.go:2467 ⋮ [T1,Vsystem,n1] 135  released orphaned lease: ID=61 ver=1 expiration={0001-01-01 00:00:00 +0000 UTC}
I250818 14:41:56.425102 1712 sql/catalog/lease/lease.go:2467 ⋮ [T1,Vsystem,n1] 136  released orphaned lease: ID=58 ver=1 expiration={0001-01-01 00:00:00 +0000 UTC}
I250818 14:41:56.425201 1813 sql/catalog/lease/lease.go:2467 ⋮ [T1,Vsystem,n1] 137  released orphaned lease: ID=59 ver=1 expiration={0001-01-01 00:00:00 +0000 UTC}
I250818 14:41:56.427478 1713 sql/catalog/lease/lease.go:2467 ⋮ [T1,Vsystem,n1] 138  released orphaned lease: ID=62 ver=1 expiration={0001-01-01 00:00:00 +0000 UTC}
I250818 14:41:56.427549 1769 sql/catalog/lease/lease.go:2467 ⋮ [T1,Vsystem,n1] 139  released orphaned lease: ID=65 ver=1 expiration={0001-01-01 00:00:00 +0000 UTC}
I250818 14:41:56.427597 1814 sql/catalog/lease/lease.go:2467 ⋮ [T1,Vsystem,n1] 140  released orphaned lease: ID=60 ver=1 expiration={0001-01-01 00:00:00 +0000 UTC}
I250818 14:41:56.427609 1767 sql/catalog/lease/lease.go:2467 ⋮ [T1,Vsystem,n1] 141  released orphaned lease: ID=63 ver=1 expiration={0001-01-01 00:00:00 +0000 UTC}
I250818 14:41:56.427620 1768 sql/catalog/lease/lease.go:2467 ⋮ [T1,Vsystem,n1] 142  released orphaned lease: ID=64 ver=1 expiration={0001-01-01 00:00:00 +0000 UTC}
I250818 14:41:56.428826 1830 sql/catalog/lease/lease.go:2467 ⋮ [T1,Vsystem,n1] 143  released orphaned lease: ID=70 ver=1 expiration={0001-01-01 00:00:00 +0000 UTC}
I250818 14:41:56.428938 1826 sql/catalog/lease/lease.go:2467 ⋮ [T1,Vsystem,n1] 144  released orphaned lease: ID=66 ver=1 expiration={0001-01-01 00:00:00 +0000 UTC}
I250818 14:41:56.430229 1832 sql/catalog/lease/lease.go:2467 ⋮ [T1,Vsystem,n1] 145  released orphaned lease: ID=72 ver=1 expiration={0001-01-01 00:00:00 +0000 UTC}
I250818 14:41:56.430725 1827 sql/catalog/lease/lease.go:2467 ⋮ [T1,Vsystem,n1] 146  released orphaned lease: ID=67 ver=1 expiration={0001-01-01 00:00:00 +0000 UTC}
I250818 14:41:56.430957 1828 sql/catalog/lease/lease.go:2467 ⋮ [T1,Vsystem,n1] 147  released orphaned lease: ID=68 ver=1 expiration={0001-01-01 00:00:00 +0000 UTC}
I250818 14:41:56.431135 1829 sql/catalog/lease/lease.go:2467 ⋮ [T1,Vsystem,n1] 148  released orphaned lease: ID=69 ver=1 expiration={0001-01-01 00:00:00 +0000 UTC}
I250818 14:41:56.431421 1831 sql/catalog/lease/lease.go:2467 ⋮ [T1,Vsystem,n1] 149  released orphaned lease: ID=71 ver=1 expiration={0001-01-01 00:00:00 +0000 UTC}
I250818 14:41:56.432366 1820 sql/catalog/lease/lease.go:2467 ⋮ [T1,Vsystem,n1] 150  released orphaned lease: ID=106 ver=15 expiration={0001-01-01 00:00:00 +0000 UTC}
I250818 14:41:56.432499 1816 sql/catalog/lease/lease.go:2467 ⋮ [T1,Vsystem,n1] 151  released orphaned lease: ID=100 ver=1 expiration={0001-01-01 00:00:00 +0000 UTC}
I250818 14:41:56.432679 1819 sql/catalog/lease/lease.go:2467 ⋮ [T1,Vsystem,n1] 152  released orphaned lease: ID=105 ver=1 expiration={0001-01-01 00:00:00 +0000 UTC}
I250818 14:41:56.432699 1818 sql/catalog/lease/lease.go:2467 ⋮ [T1,Vsystem,n1] 153  released orphaned lease: ID=104 ver=1 expiration={0001-01-01 00:00:00 +0000 UTC}
I250818 14:41:56.433040 1817 sql/catalog/lease/lease.go:2467 ⋮ [T1,Vsystem,n1] 154  released orphaned lease: ID=101 ver=1 expiration={0001-01-01 00:00:00 +0000 UTC}
I250818 14:41:56.438936 1771 sql/catalog/lease/lease.go:2467 ⋮ [T1,Vsystem,n1] 155  released orphaned lease: ID=111 ver=3 expiration={0001-01-01 00:00:00 +0000 UTC}
I250818 14:41:56.439240 1821 sql/catalog/lease/lease.go:2467 ⋮ [T1,Vsystem,n1] 156  released orphaned lease: ID=107 ver=1 expiration={0001-01-01 00:00:00 +0000 UTC}
I250818 14:41:56.439365 1822 sql/catalog/lease/lease.go:2467 ⋮ [T1,Vsystem,n1] 157  released orphaned lease: ID=108 ver=2 expiration={0001-01-01 00:00:00 +0000 UTC}
I250818 14:41:56.439485 1770 sql/catalog/lease/lease.go:2467 ⋮ [T1,Vsystem,n1] 158  released orphaned lease: ID=110 ver=1 expiration={0001-01-01 00:00:00 +0000 UTC}
I250818 14:41:56.440913 1823 sql/catalog/lease/lease.go:2467 ⋮ [T1,Vsystem,n1] 159  released orphaned lease: ID=109 ver=2 expiration={0001-01-01 00:00:00 +0000 UTC}
I250818 14:41:56.441625 1833 sql/catalog/lease/lease.go:2467 ⋮ [T1,Vsystem,n1] 160  released orphaned lease: ID=116 ver=1 expiration={0001-01-01 00:00:00 +0000 UTC}
I250818 14:41:56.441764 1824 sql/catalog/lease/lease.go:2467 ⋮ [T1,Vsystem,n1] 161  released orphaned lease: ID=112 ver=1 expiration={0001-01-01 00:00:00 +0000 UTC}
I250818 14:41:56.441851 1825 sql/catalog/lease/lease.go:2467 ⋮ [T1,Vsystem,n1] 162  released orphaned lease: ID=113 ver=7 expiration={0001-01-01 00:00:00 +0000 UTC}
I250818 14:41:56.441930 1842 sql/catalog/lease/lease.go:2467 ⋮ [T1,Vsystem,n1] 163  released orphaned lease: ID=114 ver=1 expiration={0001-01-01 00:00:00 +0000 UTC}
I250818 14:41:56.442001 1843 sql/catalog/lease/lease.go:2467 ⋮ [T1,Vsystem,n1] 164  released orphaned lease: ID=115 ver=7 expiration={0001-01-01 00:00:00 +0000 UTC}
I250818 14:41:56.442591 1773 sql/catalog/lease/lease.go:2467 ⋮ [T1,Vsystem,n1] 165  released orphaned lease: ID=118 ver=1 expiration={0001-01-01 00:00:00 +0000 UTC}
I250818 14:41:56.442786 1775 sql/catalog/lease/lease.go:2467 ⋮ [T1,Vsystem,n1] 166  released orphaned lease: ID=122 ver=2 expiration={0001-01-01 00:00:00 +0000 UTC}
I250818 14:41:56.442977 1776 sql/catalog/lease/lease.go:2467 ⋮ [T1,Vsystem,n1] 167  released orphaned lease: ID=123 ver=1 expiration={0001-01-01 00:00:00 +0000 UTC}
I250818 14:41:56.444612 1774 sql/catalog/lease/lease.go:2467 ⋮ [T1,Vsystem,n1] 168  released orphaned lease: ID=119 ver=2 expiration={0001-01-01 00:00:00 +0000 UTC}
I250818 14:41:56.447522 1844 sql/catalog/lease/lease.go:2467 ⋮ [T1,Vsystem,n1] 169  released orphaned lease: ID=127 ver=3 expiration={0001-01-01 00:00:00 +0000 UTC}
I250818 14:41:56.448054 1799 sql/catalog/lease/lease.go:2467 ⋮ [T1,Vsystem,n1] 170  released orphaned lease: ID=124 ver=3 expiration={0001-01-01 00:00:00 +0000 UTC}
I250818 14:41:56.448275 1718 sql/catalog/lease/lease.go:2467 ⋮ [T1,Vsystem,n1] 171  released orphaned lease: ID=125 ver=3 expiration={0001-01-01 00:00:00 +0000 UTC}
I250818 14:41:56.448350 1800 sql/catalog/lease/lease.go:2467 ⋮ [T1,Vsystem,n1] 172  released orphaned lease: ID=126 ver=2 expiration={0001-01-01 00:00:00 +0000 UTC}
I250818 14:41:56.447163 1772 sql/catalog/lease/lease.go:2467 ⋮ [T1,Vsystem,n1] 173  released orphaned lease: ID=117 ver=3 expiration={0001-01-01 00:00:00 +0000 UTC}
I250818 14:41:56.451787 1860 sql/catalog/lease/lease.go:2467 ⋮ [T1,Vsystem,n1] 174  released orphaned lease: ID=131 ver=2 expiration={0001-01-01 00:00:00 +0000 UTC}
I250818 14:41:56.452401 1777 sql/catalog/lease/lease.go:2467 ⋮ [T1,Vsystem,n1] 175  released orphaned lease: ID=128 ver=2 expiration={0001-01-01 00:00:00 +0000 UTC}
I250818 14:41:56.452784 1858 sql/catalog/lease/lease.go:2467 ⋮ [T1,Vsystem,n1] 176  released orphaned lease: ID=129 ver=3 expiration={0001-01-01 00:00:00 +0000 UTC}
I250818 14:41:56.452826 1859 sql/catalog/lease/lease.go:2467 ⋮ [T1,Vsystem,n1] 177  released orphaned lease: ID=130 ver=2 expiration={0001-01-01 00:00:00 +0000 UTC}
I250818 14:41:56.455479 1834 sql/catalog/lease/lease.go:2467 ⋮ [T1,Vsystem,n1] 178  released orphaned lease: ID=132 ver=2 expiration={0001-01-01 00:00:00 +0000 UTC}
I250818 14:41:56.456130 1630 sql/catalog/lease/lease.go:2467 ⋮ [T1,Vsystem,n1] 179  released orphaned lease: ID=134 ver=1 expiration={0001-01-01 00:00:00 +0000 UTC}
I250818 14:41:56.456189 1629 sql/catalog/lease/lease.go:2467 ⋮ [T1,Vsystem,n1] 180  released orphaned lease: ID=133 ver=3 expiration={0001-01-01 00:00:00 +0000 UTC}
I250818 14:41:57.149838 569 1@gossip/gossip.go:1476 ⋮ [T1,Vsystem,n1] 181  node has connected to cluster via gossip
I250818 14:41:57.152153 569 kv/kvserver/stores.go:280 ⋮ [T1,Vsystem,n1] 182  wrote 0 node addresses to persistent storage
I250818 14:41:58.821748 1666 server/diagnostics/update_checker.go:144 ⋮ [T1,Vsystem,n1] 183  a new version is available: ‹25.2.4›, details: ‹https://www.cockroachlabs.com/docs/releases/v25.2#v25-2-4›
I250818 14:42:17.163862 2265 kv/kvserver/mvcc_gc_queue.go:796 ⋮ [T1,Vsystem,n1,mvccGC,s1,r86/1:‹/{Table/134-Max}›] 184  GC still needed following GC, recomputing MVCC stats
I250818 14:42:17.164486 2265 kv/kvserver/mvcc_gc_queue.go:797 ⋮ [T1,Vsystem,n1,mvccGC,s1,r86/1:‹/{Table/134-Max}›] 185  old score ‹queue=true with 0.00/fuzz(0.95)=0.00=valScaleScore(0.00)*deadFrac(0.04)+intentScore(0.00)›
I250818 14:42:17.164486 2265 kv/kvserver/mvcc_gc_queue.go:797 ⋮ [T1,Vsystem,n1,mvccGC,s1,r86/1:‹/{Table/134-Max}›] 185 +‹likely last GC: never, 0 B non-live, curr. age 0 B*s, min exp. reduction: 0 B*s›
I250818 14:42:17.164486 2265 kv/kvserver/mvcc_gc_queue.go:797 ⋮ [T1,Vsystem,n1,mvccGC,s1,r86/1:‹/{Table/134-Max}›] 185 +‹hint: {0,0 1755445834.582834013,0 1755445834.587412388,0}›
I250818 14:42:17.164607 2265 kv/kvserver/mvcc_gc_queue.go:798 ⋮ [T1,Vsystem,n1,mvccGC,s1,r86/1:‹/{Table/134-Max}›] 186  new score ‹queue=true with 0.00/fuzz(0.95)=0.00=valScaleScore(0.00)*deadFrac(0.04)+intentScore(0.00)›
I250818 14:42:17.164607 2265 kv/kvserver/mvcc_gc_queue.go:798 ⋮ [T1,Vsystem,n1,mvccGC,s1,r86/1:‹/{Table/134-Max}›] 186 +‹likely last GC: never, 0 B non-live, curr. age 0 B*s, min exp. reduction: 0 B*s›
I250818 14:42:17.164607 2265 kv/kvserver/mvcc_gc_queue.go:798 ⋮ [T1,Vsystem,n1,mvccGC,s1,r86/1:‹/{Table/134-Max}›] 186 +‹hint: {0,0 1755445834.582834013,0 1755445834.587412388,0}›
I250818 14:42:25.594649 1209 jobs/adopt.go:105 ⋮ [T1,Vsystem,n1] 187  claimed 8 jobs
I250818 14:42:25.599460 2434 jobs/adopt.go:224 ⋮ [T1,Vsystem,n1,job=101] 188  job 101: resuming execution
I250818 14:42:25.599460 2437 jobs/adopt.go:224 ⋮ [T1,Vsystem,n1,job=105] 189  job 105: resuming execution
I250818 14:42:25.599461 2238 jobs/adopt.go:224 ⋮ [T1,Vsystem,n1,job=1098958223011708929] 190  job 1098958223011708929: resuming execution
I250818 14:42:25.599460 2241 jobs/adopt.go:224 ⋮ [T1,Vsystem,n1,job=100] 191  job 100: resuming execution
I250818 14:42:25.599460 2435 jobs/adopt.go:224 ⋮ [T1,Vsystem,n1,job=103] 192  job 103: resuming execution
I250818 14:42:25.599481 2436 jobs/adopt.go:224 ⋮ [T1,Vsystem,n1,job=104] 193  job 104: resuming execution
I250818 14:42:25.599483 2239 jobs/adopt.go:224 ⋮ [T1,Vsystem,n1,job=1098958321112612865] 194  job 1098958321112612865: resuming execution
I250818 14:42:25.599486 2240 jobs/adopt.go:224 ⋮ [T1,Vsystem,n1,job=1098946398292541441] 195  job 1098946398292541441: resuming execution
I250818 14:42:25.608353 2410 jobs/registry.go:1681 ⋮ [T1,Vsystem,n1,job=104] 196  MVCC STATISTICS UPDATE job 104: stepping through state running
I250818 14:42:25.609295 2441 jobs/registry.go:1681 ⋮ [T1,Vsystem,n1,job=103] 197  AUTO UPDATE SQL ACTIVITY job 103: stepping through state running
I250818 14:42:25.609797 2395 jobs/registry.go:1681 ⋮ [T1,Vsystem,n1,job=1098958321112612865] 198  CHANGEFEED job 1098958321112612865: stepping through state running
I250818 14:42:25.610096 2467 jobs/registry.go:1681 ⋮ [T1,Vsystem,n1,job=101] 199  POLL JOBS STATS job 101: stepping through state running
I250818 14:42:25.610180 2457 jobs/registry.go:1681 ⋮ [T1,Vsystem,n1,job=105] 200  UPDATE TABLE METADATA CACHE job 105: stepping through state running
I250818 14:42:25.611406 2424 jobs/registry.go:1681 ⋮ [T1,Vsystem,n1,job=1098958223011708929] 201  SCHEMA CHANGE GC job 1098958223011708929: stepping through state running
I250818 14:42:25.611402 2410 sql/mvcc_statistics_update_job.go:63 ⋮ [T1,Vsystem,n1,job=MVCC STATISTICS UPDATE id=104] 202  starting mvcc statistics update job
I250818 14:42:25.611381 2441 sql/sql_activity_update_job.go:88 ⋮ [T1,Vsystem,n1,job=AUTO UPDATE SQL ACTIVITY id=103] 203  starting sql stats activity flush job
I250818 14:42:25.611584 2482 jobs/registry.go:1681 ⋮ [T1,Vsystem,n1,job=100] 204  KEY VISUALIZER job 100: stepping through state running
I250818 14:42:25.612026 2499 jobs/registry.go:1681 ⋮ [T1,Vsystem,n1,job=1098946398292541441] 205  AUTO SPAN CONFIG RECONCILIATION job 1098946398292541441: stepping through state running
I250818 14:42:25.613145 2399 ccl/changefeedccl/changefeed_dist.go:414 ⋮ [T1,Vsystem,n1,job=CHANGEFEED id=1098958321112612865] 206  using bulk oracle for DistSQL planning
I250818 14:42:25.614081 2399 ccl/changefeedccl/changefeed_dist.go:577 ⋮ [T1,Vsystem,n1,job=CHANGEFEED id=1098958321112612865] 207  changefeed plan diagram: ‹https://cockroachdb.github.io/distsqlplan/decode.html#eJyUkU2LnTAUhvf9FXLWEXOiXjSrWzoU7qKd0g50MUjJJEdvqNfYJDIt4n8vaj9mBmZglufD5308mSH86EGCPquho5bIyAR5XdVllQtEFAcU1aEEBoMz9FFdKIC8BYSGweidphCcX1vztnAyP0FyBnYYp7i2GwbaeQI5Q7SxJ5Dwbot623WeOhWdzzgwMBSV7Tf2VxX1mUJyi41Msht111OGeZ7NmIoFmoWBm-J_fIiqI5D4wOd0BZIv7LVK770boiWf4WOh6ynK5CjYMWfH4lkB8UQAXyPwmcLohkCPgp9L4k-SUlwaBmQ62h8iuMlr-uSd3nb38noDbQ1DIe5T3IvT8HcUoid1-Xe_hyR8kSReIjUM2t7df7MGJChe1sgLk_JKq7QoRJtWra5SqmpV1gd1h2UB6weqC-uJvpzd_Ya9-TWuP9iqPhCDD-o7XVEkf7GDDdHqP5NlefM7AAD__yaz6YQ=›
I250818 14:42:25.618750 2517 ccl/changefeedccl/sink_kafka_v2.go:246 ⋮ [-] 208  updating kafka metadata for topics: [‹users_changes›]
I250818 14:42:25.625677 2517 ccl/changefeedccl/sink_kafka_v2.go:246 ⋮ [-] 209  updating kafka metadata for topics: [‹users_changes›]
I250818 14:42:25.625798 2561 ccl/changefeedccl/kvfeed/kv_feed.go:332 ⋮ [T1,Vsystem,n1,job=1098958321112612865,change-aggregator] 210  kv feed run starting
I250818 14:42:25.635020 2424 sql/gcjob/gc_job_utils.go:273 ⋮ [T1,Vsystem,n1,job=SCHEMA CHANGE GC id=1098958223011708929] 211  updated progress status: deleting data, payload: ‹tables:<id:120 status:WAITING_FOR_MVCC_GC > tables:<id:121 status:WAITING_FOR_MVCC_GC > ranges_unsplit_done:true ›
I250818 14:42:25.635721 2424 sql/gcjob/table_garbage_collection.go:203 ⋮ [T1,Vsystem,n1,job=SCHEMA CHANGE GC id=1098958223011708929] 212  deleting data for table 120
I250818 14:42:25.637351 2424 sql/gcjob/table_garbage_collection.go:203 ⋮ [T1,Vsystem,n1,job=SCHEMA CHANGE GC id=1098958223011708929] 213  deleting data for table 121
I250818 14:42:25.646984 2499 spanconfig/spanconfigsqlwatcher/sqlwatcher.go:241 ⋮ [T1,Vsystem,n1,job=AUTO SPAN CONFIG RECONCILIATION id=1098946398292541441] 214  established range feed over system.descriptors starting at time 1755528145.617442921,0
I250818 14:42:25.647319 2499 spanconfig/spanconfigsqlwatcher/sqlwatcher.go:300 ⋮ [T1,Vsystem,n1,job=AUTO SPAN CONFIG RECONCILIATION id=1098946398292541441] 215  established range feed over system.zones starting at time 1755528145.617442921,0
I250818 14:42:25.647362 2499 spanconfig/spanconfigsqlwatcher/sqlwatcher.go:401 ⋮ [T1,Vsystem,n1,job=AUTO SPAN CONFIG RECONCILIATION id=1098946398292541441] 216  established range feed over system.protected_ts_records starting at time 1755528145.617442921,0
I250818 14:42:25.649640 2424 sql/gcjob/gc_job_utils.go:273 ⋮ [T1,Vsystem,n1,job=SCHEMA CHANGE GC id=1098958223011708929] 217  updated progress status: waiting for MVCC GC, payload: ‹tables:<id:120 status:WAITING_FOR_MVCC_GC > tables:<id:121 status:WAITING_FOR_MVCC_GC > ranges_unsplit_done:true ›
I250818 14:42:56.346987 3545 1@jobs/structured_log.go:49 ⋮ [T1,Vsystem,n1] 218 ={"Timestamp":1755528176346984171,"EventType":"status_change","JobID":1099228041459892225,"JobType":"AUTO CREATE STATS","Description":"state changed to: running","PreviousStatus":"running","NewStatus":"running","RunNum":0}
I250818 14:42:56.350032 3545 sql/distsql_plan_stats.go:209 ⋮ [T1,Vsystem,n1,job=AUTO CREATE STATS id=1099228041459892225,create-stats-distsql] 219  using computed sample size of 10000 for histogram construction
I250818 14:42:56.427053 3545 1@jobs/structured_log.go:49 ⋮ [T1,Vsystem,n1] 220 ={"Timestamp":1755528176427050505,"EventType":"status_change","JobID":1099228041459892225,"JobType":"AUTO CREATE STATS","Description":"state changed to: succeeded","PreviousStatus":"running","NewStatus":"succeeded","RunNum":0}
I250818 14:42:56.463486 3681 1@jobs/structured_log.go:49 ⋮ [T1,Vsystem,n1] 221 ={"Timestamp":1755528176463483213,"EventType":"status_change","JobID":1099228041855041537,"JobType":"AUTO CREATE STATS","Description":"state changed to: running","PreviousStatus":"running","NewStatus":"running","RunNum":0}
I250818 14:42:56.465032 3681 sql/distsql_plan_stats.go:209 ⋮ [T1,Vsystem,n1,job=AUTO CREATE STATS id=1099228041855041537,create-stats-distsql] 222  using computed sample size of 10000 for histogram construction
I250818 14:42:56.506344 3681 1@jobs/structured_log.go:49 ⋮ [T1,Vsystem,n1] 223 ={"Timestamp":1755528176506341796,"EventType":"status_change","JobID":1099228041855041537,"JobType":"AUTO CREATE STATS","Description":"state changed to: succeeded","PreviousStatus":"running","NewStatus":"succeeded","RunNum":0}
E250818 14:42:56.512989 2731 sql/stats/automatic_stats.go:509 ⋮ [T1,Vsystem,n1] 224  failed to get table descriptor for automatic stats on table id: 120: descriptor is being dropped
I250818 14:42:56.536356 3726 1@jobs/structured_log.go:49 ⋮ [T1,Vsystem,n1] 225 ={"Timestamp":1755528176536353755,"EventType":"status_change","JobID":1099228042094215169,"JobType":"AUTO CREATE STATS","Description":"state changed to: running","PreviousStatus":"running","NewStatus":"running","RunNum":0}
I250818 14:42:56.538425 3726 sql/distsql_plan_stats.go:209 ⋮ [T1,Vsystem,n1,job=AUTO CREATE STATS id=1099228042094215169,create-stats-distsql] 226  using computed sample size of 10000 for histogram construction
I250818 14:42:56.595237 3726 1@jobs/structured_log.go:49 ⋮ [T1,Vsystem,n1] 227 ={"Timestamp":1755528176595235171,"EventType":"status_change","JobID":1099228042094215169,"JobType":"AUTO CREATE STATS","Description":"state changed to: succeeded","PreviousStatus":"running","NewStatus":"succeeded","RunNum":0}
I250818 14:42:56.611837 4035 1@jobs/structured_log.go:49 ⋮ [T1,Vsystem,n1] 228 ={"Timestamp":1755528176611834755,"EventType":"status_change","JobID":1099228042352721921,"JobType":"AUTO CREATE STATS","Description":"state changed to: running","PreviousStatus":"running","NewStatus":"running","RunNum":0}
I250818 14:42:56.613390 4035 sql/distsql_plan_stats.go:209 ⋮ [T1,Vsystem,n1,job=AUTO CREATE STATS id=1099228042352721921,create-stats-distsql] 229  using computed sample size of 10000 for histogram construction
I250818 14:42:56.680066 4035 1@jobs/structured_log.go:49 ⋮ [T1,Vsystem,n1] 230 ={"Timestamp":1755528176680063755,"EventType":"status_change","JobID":1099228042352721921,"JobType":"AUTO CREATE STATS","Description":"state changed to: succeeded","PreviousStatus":"running","NewStatus":"succeeded","RunNum":0}
I250818 14:42:56.698897 4162 1@jobs/structured_log.go:49 ⋮ [T1,Vsystem,n1] 231 ={"Timestamp":1755528176698894088,"EventType":"status_change","JobID":1099228042637377537,"JobType":"AUTO CREATE STATS","Description":"state changed to: running","PreviousStatus":"running","NewStatus":"running","RunNum":0}
I250818 14:42:56.701031 4162 sql/distsql_plan_stats.go:209 ⋮ [T1,Vsystem,n1,job=AUTO CREATE STATS id=1099228042637377537,create-stats-distsql] 232  using computed sample size of 10000 for histogram construction
I250818 14:42:56.736165 4162 1@jobs/structured_log.go:49 ⋮ [T1,Vsystem,n1] 233 ={"Timestamp":1755528176736162130,"EventType":"status_change","JobID":1099228042637377537,"JobType":"AUTO CREATE STATS","Description":"state changed to: succeeded","PreviousStatus":"running","NewStatus":"succeeded","RunNum":0}
I250818 14:42:56.756805 4205 1@jobs/structured_log.go:49 ⋮ [T1,Vsystem,n1] 234 ={"Timestamp":1755528176756802963,"EventType":"status_change","JobID":1099228042825662465,"JobType":"AUTO CREATE STATS","Description":"state changed to: running","PreviousStatus":"running","NewStatus":"running","RunNum":0}
I250818 14:42:56.759417 4205 sql/distsql_plan_stats.go:209 ⋮ [T1,Vsystem,n1,job=AUTO CREATE STATS id=1099228042825662465,create-stats-distsql] 235  using computed sample size of 10000 for histogram construction
I250818 14:42:56.817717 4205 1@jobs/structured_log.go:49 ⋮ [T1,Vsystem,n1] 236 ={"Timestamp":1755528176817715588,"EventType":"status_change","JobID":1099228042825662465,"JobType":"AUTO CREATE STATS","Description":"state changed to: succeeded","PreviousStatus":"running","NewStatus":"succeeded","RunNum":0}
I250818 14:42:56.839596 4451 1@jobs/structured_log.go:49 ⋮ [T1,Vsystem,n1] 237 ={"Timestamp":1755528176839594255,"EventType":"status_change","JobID":1099228043104518145,"JobType":"AUTO CREATE STATS","Description":"state changed to: running","PreviousStatus":"running","NewStatus":"running","RunNum":0}
I250818 14:42:56.840631 4451 sql/distsql_plan_stats.go:209 ⋮ [T1,Vsystem,n1,job=AUTO CREATE STATS id=1099228043104518145,create-stats-distsql] 238  using computed sample size of 10000 for histogram construction
I250818 14:42:56.879427 4451 1@jobs/structured_log.go:49 ⋮ [T1,Vsystem,n1] 239 ={"Timestamp":1755528176879425005,"EventType":"status_change","JobID":1099228043104518145,"JobType":"AUTO CREATE STATS","Description":"state changed to: succeeded","PreviousStatus":"running","NewStatus":"succeeded","RunNum":0}
I250818 14:42:56.901382 4529 1@jobs/structured_log.go:49 ⋮ [T1,Vsystem,n1] 240 ={"Timestamp":1755528176901379713,"EventType":"status_change","JobID":1099228043297816577,"JobType":"AUTO CREATE STATS","Description":"state changed to: running","PreviousStatus":"running","NewStatus":"running","RunNum":0}
I250818 14:42:56.903988 4529 sql/distsql_plan_stats.go:209 ⋮ [T1,Vsystem,n1,job=AUTO CREATE STATS id=1099228043297816577,create-stats-distsql] 241  using computed sample size of 10000 for histogram construction
I250818 14:42:56.970465 4529 1@jobs/structured_log.go:49 ⋮ [T1,Vsystem,n1] 242 ={"Timestamp":1755528176970462338,"EventType":"status_change","JobID":1099228043297816577,"JobType":"AUTO CREATE STATS","Description":"state changed to: succeeded","PreviousStatus":"running","NewStatus":"succeeded","RunNum":0}
I250818 14:42:57.016711 4794 1@jobs/structured_log.go:49 ⋮ [T1,Vsystem,n1] 243 ={"Timestamp":1755528177016708963,"EventType":"status_change","JobID":1099228043671076865,"JobType":"AUTO CREATE STATS","Description":"state changed to: running","PreviousStatus":"running","NewStatus":"running","RunNum":0}
I250818 14:42:57.019616 4794 sql/distsql_plan_stats.go:209 ⋮ [T1,Vsystem,n1,job=AUTO CREATE STATS id=1099228043671076865,create-stats-distsql] 244  using computed sample size of 10000 for histogram construction
I250818 14:42:57.120169 4794 1@jobs/structured_log.go:49 ⋮ [T1,Vsystem,n1] 245 ={"Timestamp":1755528177120166880,"EventType":"status_change","JobID":1099228043671076865,"JobType":"AUTO CREATE STATS","Description":"state changed to: succeeded","PreviousStatus":"running","NewStatus":"succeeded","RunNum":0}
E250818 14:42:57.133756 2731 sql/stats/automatic_stats.go:509 ⋮ [T1,Vsystem,n1] 246  failed to get table descriptor for automatic stats on table id: 121: descriptor is being dropped
W250818 14:42:57.136099 2731 sql/stats/automatic_stats.go:1016 ⋮ [T1,Vsystem,n1] 247  failed to create statistics on table 121: create-stats: descriptor is being dropped
I250818 14:43:36.144333 844 server/status/runtime_jemalloc.go:226 ⋮ [T1,Vsystem,n1] 248  jemalloc arenas purged (took 134µs)
I250818 14:43:41.267166 5766 kv/kvserver/mvcc_gc_queue.go:796 ⋮ [T1,Vsystem,n1,mvccGC,s1,r86/1:‹/{Table/134-Max}›] 249  GC still needed following GC, recomputing MVCC stats
I250818 14:43:41.267230 5766 kv/kvserver/mvcc_gc_queue.go:797 ⋮ [T1,Vsystem,n1,mvccGC,s1,r86/1:‹/{Table/134-Max}›] 250  old score ‹queue=true with 0.00/fuzz(0.95)=0.00=valScaleScore(0.00)*deadFrac(0.04)+intentScore(0.00)›
I250818 14:43:41.267230 5766 kv/kvserver/mvcc_gc_queue.go:797 ⋮ [T1,Vsystem,n1,mvccGC,s1,r86/1:‹/{Table/134-Max}›] 250 +‹likely last GC: 1m20.87408447s ago, 0 B non-live, curr. age 0 B*s, min exp. reduction: 0 B*s›
I250818 14:43:41.267230 5766 kv/kvserver/mvcc_gc_queue.go:797 ⋮ [T1,Vsystem,n1,mvccGC,s1,r86/1:‹/{Table/134-Max}›] 250 +‹hint: {0,0 1755445834.582834013,0 1755445834.587412388,0}›
I250818 14:43:41.267335 5766 kv/kvserver/mvcc_gc_queue.go:798 ⋮ [T1,Vsystem,n1,mvccGC,s1,r86/1:‹/{Table/134-Max}›] 251  new score ‹queue=true with 0.00/fuzz(0.95)=0.00=valScaleScore(0.00)*deadFrac(0.04)+intentScore(0.00)›
I250818 14:43:41.267335 5766 kv/kvserver/mvcc_gc_queue.go:798 ⋮ [T1,Vsystem,n1,mvccGC,s1,r86/1:‹/{Table/134-Max}›] 251 +‹likely last GC: 1m24.105445553s ago, 0 B non-live, curr. age 0 B*s, min exp. reduction: 0 B*s›
I250818 14:43:41.267335 5766 kv/kvserver/mvcc_gc_queue.go:798 ⋮ [T1,Vsystem,n1,mvccGC,s1,r86/1:‹/{Table/134-Max}›] 251 +‹hint: {0,0 1755445834.582834013,0 1755445834.587412388,0}›
I250818 14:43:57.168853 6082 1@jobs/structured_log.go:49 ⋮ [T1,Vsystem,n1] 252 ={"Timestamp":1755528237168848213,"EventType":"status_change","JobID":1099228240758177793,"JobType":"AUTO CREATE STATS","Description":"state changed to: running","PreviousStatus":"running","NewStatus":"running","RunNum":0}
I250818 14:43:57.171265 6082 sql/distsql_plan_stats.go:209 ⋮ [T1,Vsystem,n1,job=AUTO CREATE STATS id=1099228240758177793,create-stats-distsql] 253  using computed sample size of 10000 for histogram construction
I250818 14:43:57.230447 6082 1@jobs/structured_log.go:49 ⋮ [T1,Vsystem,n1] 254 ={"Timestamp":1755528237230441630,"EventType":"status_change","JobID":1099228240758177793,"JobType":"AUTO CREATE STATS","Description":"state changed to: succeeded","PreviousStatus":"running","NewStatus":"succeeded","RunNum":0}
I250818 14:43:57.254304 6016 1@jobs/structured_log.go:49 ⋮ [T1,Vsystem,n1] 255 ={"Timestamp":1755528237254289880,"EventType":"status_change","JobID":1099228241054957569,"JobType":"AUTO CREATE PARTIAL STATS","Description":"state changed to: running","PreviousStatus":"running","NewStatus":"running","RunNum":0}
I250818 14:43:57.258249 6016 sql/distsql_plan_stats.go:209 ⋮ [T1,Vsystem,n1,job=AUTO CREATE PARTIAL STATS id=1099228241054957569,create-stats-distsql] 256  using computed sample size of 10000 for histogram construction
I250818 14:43:57.293070 6016 1@jobs/structured_log.go:49 ⋮ [T1,Vsystem,n1] 257 ={"Timestamp":1755528237293064838,"EventType":"status_change","JobID":1099228241054957569,"JobType":"AUTO CREATE PARTIAL STATS","Description":"state changed to: succeeded","PreviousStatus":"running","NewStatus":"succeeded","RunNum":0}
I250818 14:44:37.354267 6996 kv/kvserver/mvcc_gc_queue.go:796 ⋮ [T1,Vsystem,n1,mvccGC,s1,r86/1:‹/{Table/134-Max}›] 258  GC still needed following GC, recomputing MVCC stats
I250818 14:44:37.354339 6996 kv/kvserver/mvcc_gc_queue.go:797 ⋮ [T1,Vsystem,n1,mvccGC,s1,r86/1:‹/{Table/134-Max}›] 259  old score ‹queue=true with 0.00/fuzz(0.95)=0.00=valScaleScore(0.00)*deadFrac(0.04)+intentScore(0.00)›
I250818 14:44:37.354339 6996 kv/kvserver/mvcc_gc_queue.go:797 ⋮ [T1,Vsystem,n1,mvccGC,s1,r86/1:‹/{Table/134-Max}›] 259 +‹likely last GC: 50.930540872s ago, 0 B non-live, curr. age 0 B*s, min exp. reduction: 0 B*s›
I250818 14:44:37.354339 6996 kv/kvserver/mvcc_gc_queue.go:797 ⋮ [T1,Vsystem,n1,mvccGC,s1,r86/1:‹/{Table/134-Max}›] 259 +‹hint: {0,0 1755445834.582834013,0 1755445834.587412388,0}›
I250818 14:44:37.354421 6996 kv/kvserver/mvcc_gc_queue.go:798 ⋮ [T1,Vsystem,n1,mvccGC,s1,r86/1:‹/{Table/134-Max}›] 260  new score ‹queue=true with 0.00/fuzz(0.95)=0.00=valScaleScore(0.00)*deadFrac(0.04)+intentScore(0.00)›
I250818 14:44:37.354421 6996 kv/kvserver/mvcc_gc_queue.go:798 ⋮ [T1,Vsystem,n1,mvccGC,s1,r86/1:‹/{Table/134-Max}›] 260 +‹likely last GC: 56.091333456s ago, 0 B non-live, curr. age 0 B*s, min exp. reduction: 0 B*s›
I250818 14:44:37.354421 6996 kv/kvserver/mvcc_gc_queue.go:798 ⋮ [T1,Vsystem,n1,mvccGC,s1,r86/1:‹/{Table/134-Max}›] 260 +‹hint: {0,0 1755445834.582834013,0 1755445834.587412388,0}›
I250818 14:44:57.335918 7337 1@jobs/structured_log.go:49 ⋮ [T1,Vsystem,n1] 261 ={"Timestamp":1755528297335914338,"EventType":"status_change","JobID":1099228437894758401,"JobType":"AUTO CREATE PARTIAL STATS","Description":"state changed to: running","PreviousStatus":"running","NewStatus":"running","RunNum":0}
I250818 14:44:57.340988 7337 sql/distsql_plan_stats.go:209 ⋮ [T1,Vsystem,n1,job=AUTO CREATE PARTIAL STATS id=1099228437894758401,create-stats-distsql] 262  using computed sample size of 10000 for histogram construction
I250818 14:44:57.377352 7337 1@jobs/structured_log.go:49 ⋮ [T1,Vsystem,n1] 263 ={"Timestamp":1755528297377346880,"EventType":"status_change","JobID":1099228437894758401,"JobType":"AUTO CREATE PARTIAL STATS","Description":"state changed to: succeeded","PreviousStatus":"running","NewStatus":"succeeded","RunNum":0}
I250818 14:44:57.398248 7451 1@jobs/structured_log.go:49 ⋮ [T1,Vsystem,n1] 264 ={"Timestamp":1755528297398242505,"EventType":"status_change","JobID":1099228438135996417,"JobType":"AUTO CREATE PARTIAL STATS","Description":"state changed to: running","PreviousStatus":"running","NewStatus":"running","RunNum":0}
I250818 14:44:57.402261 7451 sql/distsql_plan_stats.go:209 ⋮ [T1,Vsystem,n1,job=AUTO CREATE PARTIAL STATS id=1099228438135996417,create-stats-distsql] 265  using computed sample size of 10000 for histogram construction
I250818 14:44:57.433717 7451 1@jobs/structured_log.go:49 ⋮ [T1,Vsystem,n1] 266 ={"Timestamp":1755528297433713630,"EventType":"status_change","JobID":1099228438135996417,"JobType":"AUTO CREATE PARTIAL STATS","Description":"state changed to: succeeded","PreviousStatus":"running","NewStatus":"succeeded","RunNum":0}
I250818 14:44:57.453721 7529 1@jobs/structured_log.go:49 ⋮ [T1,Vsystem,n1] 267 ={"Timestamp":1755528297453718463,"EventType":"status_change","JobID":1099228438320349185,"JobType":"AUTO CREATE PARTIAL STATS","Description":"state changed to: running","PreviousStatus":"running","NewStatus":"running","RunNum":0}
I250818 14:44:57.456506 7529 sql/distsql_plan_stats.go:209 ⋮ [T1,Vsystem,n1,job=AUTO CREATE PARTIAL STATS id=1099228438320349185,create-stats-distsql] 268  using computed sample size of 10000 for histogram construction
I250818 14:44:57.489186 7529 1@jobs/structured_log.go:49 ⋮ [T1,Vsystem,n1] 269 ={"Timestamp":1755528297489183297,"EventType":"status_change","JobID":1099228438320349185,"JobType":"AUTO CREATE PARTIAL STATS","Description":"state changed to: succeeded","PreviousStatus":"running","NewStatus":"succeeded","RunNum":0}
I250818 14:45:35.426390 8293 kv/kvserver/mvcc_gc_queue.go:796 ⋮ [T1,Vsystem,n1,mvccGC,s1,r86/1:‹/{Table/134-Max}›] 270  GC still needed following GC, recomputing MVCC stats
I250818 14:45:35.426496 8293 kv/kvserver/mvcc_gc_queue.go:797 ⋮ [T1,Vsystem,n1,mvccGC,s1,r86/1:‹/{Table/134-Max}›] 271  old score ‹queue=true with 0.00/fuzz(0.95)=0.00=valScaleScore(0.00)*deadFrac(0.04)+intentScore(0.00)›
I250818 14:45:35.426496 8293 kv/kvserver/mvcc_gc_queue.go:797 ⋮ [T1,Vsystem,n1,mvccGC,s1,r86/1:‹/{Table/134-Max}›] 271 +‹likely last GC: 54.673026915s ago, 0 B non-live, curr. age 0 B*s, min exp. reduction: 0 B*s›
I250818 14:45:35.426496 8293 kv/kvserver/mvcc_gc_queue.go:797 ⋮ [T1,Vsystem,n1,mvccGC,s1,r86/1:‹/{Table/134-Max}›] 271 +‹hint: {0,0 1755445834.582834013,0 1755445834.587412388,0}›
I250818 14:45:35.426617 8293 kv/kvserver/mvcc_gc_queue.go:798 ⋮ [T1,Vsystem,n1,mvccGC,s1,r86/1:‹/{Table/134-Max}›] 272  new score ‹queue=true with 0.00/fuzz(0.95)=0.00=valScaleScore(0.00)*deadFrac(0.04)+intentScore(0.00)›
I250818 14:45:35.426617 8293 kv/kvserver/mvcc_gc_queue.go:798 ⋮ [T1,Vsystem,n1,mvccGC,s1,r86/1:‹/{Table/134-Max}›] 272 +‹likely last GC: 58.077256166s ago, 0 B non-live, curr. age 0 B*s, min exp. reduction: 0 B*s›
I250818 14:45:35.426617 8293 kv/kvserver/mvcc_gc_queue.go:798 ⋮ [T1,Vsystem,n1,mvccGC,s1,r86/1:‹/{Table/134-Max}›] 272 +‹hint: {0,0 1755445834.582834013,0 1755445834.587412388,0}›
I250818 14:45:36.155300 844 server/status/runtime_jemalloc.go:226 ⋮ [T1,Vsystem,n1] 273  jemalloc arenas purged (took 1.799292ms)
I250818 14:45:56.343737 1457 jobs/job_scheduler.go:171 ⋮ [T1,Vsystem,n1] 274  Starting job for schedule 1098946398492131329 (‹"sql-schema-telemetry"›); scheduled to run at 2025-08-17 17:36:00 +0000 UTC; next run scheduled for 2025-08-24 17:36:00 +0000 UTC
I250818 14:45:56.350015 1457 jobs/job_scheduler.go:171 ⋮ [T1,Vsystem,n1] 275  Starting job for schedule 1098946398426431489 (‹"sql-stats-compaction"›); scheduled to run at 2025-08-17 18:00:00 +0000 UTC; next run scheduled for 2025-08-18 15:00:00 +0000 UTC
I250818 14:45:57.522337 8739 1@jobs/structured_log.go:49 ⋮ [T1,Vsystem,n1] 276 ={"Timestamp":1755528357522324214,"EventType":"status_change","JobID":1099228635129544705,"JobType":"AUTO CREATE PARTIAL STATS","Description":"state changed to: running","PreviousStatus":"running","NewStatus":"running","RunNum":0}
I250818 14:45:57.525463 8739 sql/distsql_plan_stats.go:209 ⋮ [T1,Vsystem,n1,job=AUTO CREATE PARTIAL STATS id=1099228635129544705,create-stats-distsql] 277  using computed sample size of 10000 for histogram construction
I250818 14:45:57.538069 8739 sql/distsql_plan_stats.go:209 ⋮ [T1,Vsystem,n1,job=AUTO CREATE PARTIAL STATS id=1099228635129544705,create-stats-distsql] 278  using computed sample size of 10000 for histogram construction
I250818 14:45:57.546937 8739 sql/distsql_plan_stats.go:209 ⋮ [T1,Vsystem,n1,job=AUTO CREATE PARTIAL STATS id=1099228635129544705,create-stats-distsql] 279  using computed sample size of 10000 for histogram construction
I250818 14:45:57.556465 8739 sql/distsql_plan_stats.go:209 ⋮ [T1,Vsystem,n1,job=AUTO CREATE PARTIAL STATS id=1099228635129544705,create-stats-distsql] 280  using computed sample size of 10000 for histogram construction
I250818 14:45:57.583648 8739 1@jobs/structured_log.go:49 ⋮ [T1,Vsystem,n1] 281 ={"Timestamp":1755528357583646255,"EventType":"status_change","JobID":1099228635129544705,"JobType":"AUTO CREATE PARTIAL STATS","Description":"state changed to: succeeded","PreviousStatus":"running","NewStatus":"succeeded","RunNum":0}
I250818 14:45:57.602601 8766 1@jobs/structured_log.go:49 ⋮ [T1,Vsystem,n1] 282 ={"Timestamp":1755528357602599714,"EventType":"status_change","JobID":1099228635419705345,"JobType":"AUTO CREATE PARTIAL STATS","Description":"state changed to: running","PreviousStatus":"running","NewStatus":"running","RunNum":0}
I250818 14:45:57.605649 8766 sql/distsql_plan_stats.go:209 ⋮ [T1,Vsystem,n1,job=AUTO CREATE PARTIAL STATS id=1099228635419705345,create-stats-distsql] 283  using computed sample size of 10000 for histogram construction
I250818 14:45:57.634376 8766 1@jobs/structured_log.go:49 ⋮ [T1,Vsystem,n1] 284 ={"Timestamp":1755528357634373380,"EventType":"status_change","JobID":1099228635419705345,"JobType":"AUTO CREATE PARTIAL STATS","Description":"state changed to: succeeded","PreviousStatus":"running","NewStatus":"succeeded","RunNum":0}
I250818 14:45:59.447414 8607 kv/kvserver/mvcc_gc_queue.go:796 ⋮ [T1,Vsystem,n1,mvccGC,s1,r86/1:‹/{Table/134-Max}›] 285  GC still needed following GC, recomputing MVCC stats
I250818 14:45:59.447530 8607 kv/kvserver/mvcc_gc_queue.go:797 ⋮ [T1,Vsystem,n1,mvccGC,s1,r86/1:‹/{Table/134-Max}›] 286  old score ‹queue=true with 0.00/fuzz(0.95)=0.00=valScaleScore(0.00)*deadFrac(0.04)+intentScore(0.00)›
I250818 14:45:59.447530 8607 kv/kvserver/mvcc_gc_queue.go:797 ⋮ [T1,Vsystem,n1,mvccGC,s1,r86/1:‹/{Table/134-Max}›] 286 +‹likely last GC: 20.748165663s ago, 0 B non-live, curr. age 0 B*s, min exp. reduction: 0 B*s›
I250818 14:45:59.447530 8607 kv/kvserver/mvcc_gc_queue.go:797 ⋮ [T1,Vsystem,n1,mvccGC,s1,r86/1:‹/{Table/134-Max}›] 286 +‹hint: {0,0 1755445834.582834013,0 1755445834.587412388,0}›
I250818 14:45:59.447620 8607 kv/kvserver/mvcc_gc_queue.go:798 ⋮ [T1,Vsystem,n1,mvccGC,s1,r86/1:‹/{Table/134-Max}›] 287  new score ‹queue=true with 0.00/fuzz(0.95)=0.00=valScaleScore(0.00)*deadFrac(0.04)+intentScore(0.00)›
I250818 14:45:59.447620 8607 kv/kvserver/mvcc_gc_queue.go:798 ⋮ [T1,Vsystem,n1,mvccGC,s1,r86/1:‹/{Table/134-Max}›] 287 +‹likely last GC: 24.029577955s ago, 0 B non-live, curr. age 0 B*s, min exp. reduction: 0 B*s›
I250818 14:45:59.447620 8607 kv/kvserver/mvcc_gc_queue.go:798 ⋮ [T1,Vsystem,n1,mvccGC,s1,r86/1:‹/{Table/134-Max}›] 287 +‹hint: {0,0 1755445834.582834013,0 1755445834.587412388,0}›
I250818 14:46:04.614506 1209 jobs/adopt.go:105 ⋮ [T1,Vsystem,n1] 288  claimed 2 jobs
I250818 14:46:04.619803 9116 jobs/adopt.go:224 ⋮ [T1,Vsystem,n1,job=1099228631347560449] 289  job 1099228631347560449: resuming execution
I250818 14:46:04.619777 9117 jobs/adopt.go:224 ⋮ [T1,Vsystem,n1,job=1099228631368007681] 290  job 1099228631368007681: resuming execution
I250818 14:46:04.622820 8877 jobs/registry.go:1681 ⋮ [T1,Vsystem,n1,job=1099228631347560449] 291  AUTO SCHEMA TELEMETRY job 1099228631347560449: stepping through state running
I250818 14:46:04.623294 9009 jobs/registry.go:1681 ⋮ [T1,Vsystem,n1,job=1099228631368007681] 292  AUTO SQL STATS COMPACTION job 1099228631368007681: stepping through state running
I250818 14:46:04.634179 9009 1@jobs/structured_log.go:49 ⋮ [T1,Vsystem,n1,job=1099228631368007681] 293 ={"Timestamp":1755528364634176050,"EventType":"status_change","JobID":1099228631368007681,"JobType":"AUTO SQL STATS COMPACTION","Description":"state changed to: running","PreviousStatus":"running","NewStatus":"running","RunNum":0}
I250818 14:46:04.634217 9009 sql/compact_sql_stats.go:37 ⋮ [T1,Vsystem,n1,job=AUTO SQL STATS COMPACTION id=1099228631368007681] 294  starting sql stats compaction job
I250818 14:46:04.634632 8877 1@jobs/structured_log.go:49 ⋮ [T1,Vsystem,n1,job=1099228631347560449] 295 ={"Timestamp":1755528364634630050,"EventType":"status_change","JobID":1099228631347560449,"JobType":"AUTO SCHEMA TELEMETRY","Description":"state changed to: running","PreviousStatus":"running","NewStatus":"running","RunNum":0}
I250818 14:46:04.645805 8877 sql/catalog/schematelemetry/schema_telemetry_job.go:160 ⋮ [T1,Vsystem,n1,job=AUTO SCHEMA TELEMETRY id=1099228631347560449] 296  schema telemetry job found no invalid objects
I250818 14:46:04.655462 9009 sql/compact_sql_stats.go:101 ⋮ [T1,Vsystem,n1,job=AUTO SQL STATS COMPACTION id=1099228631368007681] 297  sql stats compaction job terminated with status = succeeded
I250818 14:46:04.657911 9009 jobs/registry.go:1681 ⋮ [T1,Vsystem,n1,job=1099228631368007681] 298  AUTO SQL STATS COMPACTION job 1099228631368007681: stepping through state succeeded
I250818 14:46:04.668790 9009 1@jobs/structured_log.go:49 ⋮ [T1,Vsystem,n1,job=1099228631368007681] 299 ={"Timestamp":1755528364668787592,"EventType":"status_change","JobID":1099228631368007681,"JobType":"AUTO SQL STATS COMPACTION","Description":"state changed to: succeeded","PreviousStatus":"running","NewStatus":"succeeded","RunNum":0}
I250818 14:46:04.682743 8877 jobs/registry.go:1681 ⋮ [T1,Vsystem,n1,job=1099228631347560449] 300  AUTO SCHEMA TELEMETRY job 1099228631347560449: stepping through state succeeded
I250818 14:46:04.692818 8877 1@jobs/structured_log.go:49 ⋮ [T1,Vsystem,n1,job=1099228631347560449] 301 ={"Timestamp":1755528364692815717,"EventType":"status_change","JobID":1099228631347560449,"JobType":"AUTO SCHEMA TELEMETRY","Description":"state changed to: succeeded","PreviousStatus":"running","NewStatus":"succeeded","RunNum":0}
I250818 14:46:57.678223 10190 1@jobs/structured_log.go:49 ⋮ [T1,Vsystem,n1] 302 ={"Timestamp":1755528417678219630,"EventType":"status_change","JobID":1099228832225263617,"JobType":"AUTO CREATE PARTIAL STATS","Description":"state changed to: running","PreviousStatus":"running","NewStatus":"running","RunNum":0}
I250818 14:46:57.682000 10190 sql/distsql_plan_stats.go:209 ⋮ [T1,Vsystem,n1,job=AUTO CREATE PARTIAL STATS id=1099228832225263617,create-stats-distsql] 303  using computed sample size of 10000 for histogram construction
I250818 14:46:57.723921 10190 1@jobs/structured_log.go:49 ⋮ [T1,Vsystem,n1] 304 ={"Timestamp":1755528417723918922,"EventType":"status_change","JobID":1099228832225263617,"JobType":"AUTO CREATE PARTIAL STATS","Description":"state changed to: succeeded","PreviousStatus":"running","NewStatus":"succeeded","RunNum":0}
I250818 14:46:57.745592 10202 1@jobs/structured_log.go:49 ⋮ [T1,Vsystem,n1] 305 ={"Timestamp":1755528417745589339,"EventType":"status_change","JobID":1099228832488652801,"JobType":"AUTO CREATE PARTIAL STATS","Description":"state changed to: running","PreviousStatus":"running","NewStatus":"running","RunNum":0}
I250818 14:46:57.748640 10202 sql/distsql_plan_stats.go:209 ⋮ [T1,Vsystem,n1,job=AUTO CREATE PARTIAL STATS id=1099228832488652801,create-stats-distsql] 306  using computed sample size of 10000 for histogram construction
I250818 14:46:57.784243 10202 1@jobs/structured_log.go:49 ⋮ [T1,Vsystem,n1] 307 ={"Timestamp":1755528417784239797,"EventType":"status_change","JobID":1099228832488652801,"JobType":"AUTO CREATE PARTIAL STATS","Description":"state changed to: succeeded","PreviousStatus":"running","NewStatus":"succeeded","RunNum":0}
I250818 14:47:01.533906 10404 kv/kvserver/mvcc_gc_queue.go:796 ⋮ [T1,Vsystem,n1,mvccGC,s1,r86/1:‹/{Table/134-Max}›] 308  GC still needed following GC, recomputing MVCC stats
I250818 14:47:01.533930 10404 kv/kvserver/mvcc_gc_queue.go:797 ⋮ [T1,Vsystem,n1,mvccGC,s1,r86/1:‹/{Table/134-Max}›] 309  old score ‹queue=true with 0.00/fuzz(0.95)=0.00=valScaleScore(0.00)*deadFrac(0.04)+intentScore(0.00)›
I250818 14:47:01.533930 10404 kv/kvserver/mvcc_gc_queue.go:797 ⋮ [T1,Vsystem,n1,mvccGC,s1,r86/1:‹/{Table/134-Max}›] 309 +‹likely last GC: 56.746486375s ago, 0 B non-live, curr. age 0 B*s, min exp. reduction: 0 B*s›
I250818 14:47:01.533930 10404 kv/kvserver/mvcc_gc_queue.go:797 ⋮ [T1,Vsystem,n1,mvccGC,s1,r86/1:‹/{Table/134-Max}›] 309 +‹hint: {0,0 1755445834.582834013,0 1755445834.587412388,0}›
I250818 14:47:01.533976 10404 kv/kvserver/mvcc_gc_queue.go:798 ⋮ [T1,Vsystem,n1,mvccGC,s1,r86/1:‹/{Table/134-Max}›] 310  new score ‹queue=true with 0.00/fuzz(0.95)=0.00=valScaleScore(0.00)*deadFrac(0.04)+intentScore(0.00)›
I250818 14:47:01.533976 10404 kv/kvserver/mvcc_gc_queue.go:798 ⋮ [T1,Vsystem,n1,mvccGC,s1,r86/1:‹/{Table/134-Max}›] 310 +‹likely last GC: 1m2.092046459s ago, 0 B non-live, curr. age 0 B*s, min exp. reduction: 0 B*s›
I250818 14:47:01.533976 10404 kv/kvserver/mvcc_gc_queue.go:798 ⋮ [T1,Vsystem,n1,mvccGC,s1,r86/1:‹/{Table/134-Max}›] 310 +‹hint: {0,0 1755445834.582834013,0 1755445834.587412388,0}›
I250818 14:47:25.654252 2424 sql/schema_changer.go:3186 ⋮ [T1,Vsystem,n1,job=SCHEMA CHANGE GC id=1098958223011708929] 311  removing table descriptor and zone config for table 120 (has active dsc=false)
I250818 14:47:25.664089 2424 sql/schema_changer.go:3186 ⋮ [T1,Vsystem,n1,job=SCHEMA CHANGE GC id=1098958223011708929] 312  removing table descriptor and zone config for table 121 (has active dsc=false)
I250818 14:47:25.669387 2424 jobs/registry.go:1681 ⋮ [T1,Vsystem,n1,job=1098958223011708929] 313  SCHEMA CHANGE GC job 1098958223011708929: stepping through state succeeded
I250818 14:47:25.686819 2424 1@jobs/structured_log.go:49 ⋮ [T1,Vsystem,n1,job=1098958223011708929] 314 ={"Timestamp":1755528445686815629,"EventType":"status_change","JobID":1098958223011708929,"JobType":"SCHEMA CHANGE GC","Description":"state changed to: succeeded","PreviousStatus":"running","NewStatus":"succeeded","RunNum":0}
I250818 14:47:36.168209 844 server/status/runtime_jemalloc.go:226 ⋮ [T1,Vsystem,n1] 315  jemalloc arenas purged (took 134µs)
I250818 14:47:47.235027 1 1@cli/start.go:993 ⋮ [T1,Vsystem,n1] 316  received signal 'terminated'
I250818 14:47:47.235830 1 1@cli/start.go:1034 ⋮ [T1,Vsystem,n1] 317  initiating graceful shutdown of server
I250818 14:47:47.239247 11365 server/drain.go:353 ⋮ [T1,Vsystem,n1,server drain process,call-graceful-drain] 318  all tenant servers stopped
I250818 14:47:47.239479 11365 1@server/drain.go:399 ⋮ [T1,Vsystem,n1,server drain process,call-graceful-drain] 319  waiting for health probes to notice that the node is not ready for new sql connections
I250818 14:47:50.240244 11415 1@server/drain.go:513 ⋮ [T1,Vsystem,n1,server drain process,call-graceful-drain] 320  number of open connections: 0
I250818 14:47:52.237590 11366 1@cli/start.go:1046 ⋮ [T1,Vsystem,n1] 321  370 running tasks
I250818 14:47:57.238026 11366 1@cli/start.go:1046 ⋮ [T1,Vsystem,n1] 322  371 running tasks
W250818 14:47:57.239986 1207 jobs/registry.go:1069 ⋮ [T1,Vsystem,n1] 323  canceling all adopted jobs due to graceful drain request
I250818 14:47:57.240077 1450 sql/stats/automatic_stats.go:694 ⋮ [T1,Vsystem,n1] 324  draining auto stats refresher
I250818 14:47:57.240269 1451 sql/stats/automatic_stats.go:745 ⋮ [T1,Vsystem,n1] 325  draining stats garbage collector
I250818 14:47:57.240749 2441 jobs/registry.go:1681 ⋮ [T1,Vsystem,n1,job=103] 326  AUTO UPDATE SQL ACTIVITY job 103: stepping through state succeeded
W250818 14:47:57.242119 2739 kv/kvclient/kvcoord/dist_sender_mux_rangefeed.go:406 ⋮ [T1,Vsystem,n1,job=AUTO SPAN CONFIG RECONCILIATION id=1098946398292541441,rangefeed=‹sql-watcher-descriptor-rangefeed›,mux_n=1,gen=2] 327  error closing mux rangefeed client: context canceled
W250818 14:47:57.242643 2601 kv/kvclient/kvcoord/dist_sender_mux_rangefeed.go:406 ⋮ [T1,Vsystem,n1,job=AUTO SPAN CONFIG RECONCILIATION id=1098946398292541441,rangefeed=‹sql-watcher-zones-rangefeed›,mux_n=1,gen=2] 328  error closing mux rangefeed client: context canceled
I250818 14:47:57.243035 2482 jobs/registry.go:1681 ⋮ [T1,Vsystem,n1,job=100] 329  KEY VISUALIZER job 100: stepping through state succeeded
W250818 14:47:57.243081 2727 kv/kvclient/kvcoord/dist_sender_mux_rangefeed.go:406 ⋮ [T1,Vsystem,n1,job=AUTO SPAN CONFIG RECONCILIATION id=1098946398292541441,rangefeed=‹sql-watcher-protected-ts-records-rangefeed›,mux_n=1,gen=2] 330  error closing mux rangefeed client: context canceled
W250818 14:47:57.243665 2678 kv/kvclient/kvcoord/dist_sender_mux_rangefeed.go:406 ⋮ [T1,Vsystem,n1,job=1098958321112612865,change-aggregator,mux_n=1,gen=2] 331  error closing mux rangefeed client: context canceled
E250818 14:47:57.262964 2551 ccl/changefeedccl/kvfeed/kv_feed.go:158 ⋮ [T1,Vsystem,n1,job=1098958321112612865,change-aggregator] 332  stopping kv feed due to error: context canceled
I250818 14:47:57.266253 2395 ccl/changefeedccl/changefeed_stmt.go:1466 ⋮ [T1,Vsystem,n1,job=CHANGEFEED id=1098958321112612865] 333  CHANGEFEED 1098958321112612865 shutting down (cause: context canceled)
W250818 14:47:57.266767 2395 ccl/changefeedccl/changefeed_stmt.go:1335 ⋮ [T1,Vsystem,n1,job=CHANGEFEED id=1098958321112612865] 334  job failed (context canceled)
