I250826 15:33:51.662881 52 util/log/file_sync_buffer.go:237 ⋮ [config]   file created at: 2025/08/26 15:33:51
I250826 15:33:51.662906 52 util/log/file_sync_buffer.go:237 ⋮ [config]   running on machine: ‹b4b11715f444›
I250826 15:33:51.662923 52 util/log/file_sync_buffer.go:237 ⋮ [config]   binary: CockroachDB CCL v25.2.0 (aarch64-unknown-linux-gnu, built 2025/05/15 21:07:42, go1.23.7 X:nocoverageredesign)
I250826 15:33:51.662934 52 util/log/file_sync_buffer.go:237 ⋮ [config]   arguments: [‹/cockroach/cockroach› ‹start-single-node› ‹--certs-dir=certs› ‹--advertise-addr=127.0.0.1:26257› ‹--insecure› ‹--http-addr=0.0.0.0:8080›]
I250826 15:33:51.662950 52 util/log/file_sync_buffer.go:237 ⋮ [config]   log format (utf8=✓): crdb-v2
I250826 15:33:51.662954 52 util/log/file_sync_buffer.go:237 ⋮ [config]   line format: [IWEF]yymmdd hh:mm:ss.uuuuuu goid [chan@]file:line redactionmark \[tags\] [counter] msg
I250826 15:33:51.650965 52 3@pebble/objstorage/objstorageprovider/remote.go:102 ⋮ [n?,s?,pebble] 1  remote storage configured; creatorID = 1
I250826 15:33:52.214456 52 3@pebble/open.go:1054 ⋮ [n?,s?,pebble] 2  [JOB ‹1›] WAL ‹005066: {(/cockroach/cockroach-data,000)}› stopped reading at offset: (‹/cockroach/cockroach-data/005066.log›: 26816210); replayed 79481 keys in 2141 batches
I250826 15:33:52.218109 14 3@pebble/event.go:1011 ⋮ [n?,s?,pebble] 3  [JOB 2] flushing 7 memtables (28MB) to L0
I250826 15:33:52.226474 14 3@pebble/event.go:1039 ⋮ [n?,s?,pebble] 4  [JOB 2] flushing: sstable created 005074
I250826 15:33:52.359007 14 3@pebble/event.go:1031 ⋮ [n?,s?,pebble] 5  [JOB 2] MANIFEST created 005075
I250826 15:33:52.359172 14 3@pebble/event.go:1015 ⋮ [n?,s?,pebble] 6  [JOB 2] flushed 7 memtables (28MB) to L0 [005074] (317KB), in 0.1s (0.1s total), output rate 2.4MB/s
I250826 15:33:52.360835 52 3@pebble/event.go:1059 ⋮ [n?,s?,pebble] 7  [JOB 1] WAL created 005076
I250826 15:33:52.361685 65 3@pebble/event.go:1063 ⋮ [n?,s?,pebble] 8  [JOB 2] WAL deleted 005031
I250826 15:33:52.367331 65 3@pebble/event.go:1063 ⋮ [n?,s?,pebble] 9  [JOB 2] WAL deleted 005038
I250826 15:33:52.370097 65 3@pebble/event.go:1063 ⋮ [n?,s?,pebble] 10  [JOB 2] WAL deleted 005045
I250826 15:33:52.371230 65 3@pebble/event.go:1063 ⋮ [n?,s?,pebble] 11  [JOB 2] WAL deleted 005052
I250826 15:33:52.375736 65 3@pebble/event.go:1063 ⋮ [n?,s?,pebble] 12  [JOB 2] WAL deleted 005059
I250826 15:33:52.376802 84 3@pebble/event.go:999 ⋮ [n?,s?,pebble] 13  [JOB 3] compacting(default) L0 [005074] (317KB) Score=4.90 + L5 [005068 005069 005070 005071 005072] (13MB) Score=0.20; OverlappingRatio: Single 42.16, Multi 0.00
I250826 15:33:52.380102 65 3@pebble/event.go:1063 ⋮ [n?,s?,pebble] 14  [JOB 2] WAL deleted 005066
I250826 15:33:52.394337 84 3@pebble/event.go:1039 ⋮ [n?,s?,pebble] 15  [JOB 3] compacting: sstable created 005078
I250826 15:33:52.614996 84 3@pebble/event.go:1039 ⋮ [n?,s?,pebble] 16  [JOB 3] compacting: sstable created 005079
I250826 15:33:52.862758 84 3@pebble/event.go:1039 ⋮ [n?,s?,pebble] 17  [JOB 3] compacting: sstable created 005080
I250826 15:33:53.134615 84 3@pebble/event.go:1039 ⋮ [n?,s?,pebble] 18  [JOB 3] compacting: sstable created 005081
I250826 15:33:53.580799 84 3@pebble/event.go:1039 ⋮ [n?,s?,pebble] 19  [JOB 3] compacting: sstable created 005082
I250826 15:33:54.006227 84 3@pebble/event.go:1003 ⋮ [n?,s?,pebble] 20  [JOB 3] compacted(default) L0 [005074] (317KB) Score=4.90 + L5 [005068 005069 005070 005071 005072] (13MB) Score=0.20 -> L5 [005078 005079 005080 005081 005082] (13MB), in 1.6s (1.6s total), output rate 8.1MB/s
I250826 15:33:54.032042 65 3@pebble/event.go:1043 ⋮ [n?,s?,pebble] 21  [JOB 3] sstable deleted 005068
I250826 15:33:54.037001 65 3@pebble/event.go:1043 ⋮ [n?,s?,pebble] 22  [JOB 3] sstable deleted 005069
I250826 15:33:54.040350 65 3@pebble/event.go:1043 ⋮ [n?,s?,pebble] 23  [JOB 3] sstable deleted 005070
I250826 15:33:54.042995 65 3@pebble/event.go:1043 ⋮ [n?,s?,pebble] 24  [JOB 3] sstable deleted 005071
I250826 15:33:54.046067 65 3@pebble/event.go:1043 ⋮ [n?,s?,pebble] 25  [JOB 3] sstable deleted 005072
I250826 15:33:54.047945 65 3@pebble/event.go:1043 ⋮ [n?,s?,pebble] 26  [JOB 3] sstable deleted 005074
I250826 15:33:54.077254 65 3@pebble/event.go:1035 ⋮ [n?,s?,pebble] 27  [JOB 1] MANIFEST deleted 004988
I250826 15:33:54.290254 114 3@pebble/event.go:1051 ⋮ [n?,s?,pebble] 28  [JOB 5] all initial table stats loaded
I250826 15:33:54.467951 52 3@pebble/event.go:1031 ⋮ [n?,s?,pebble] 29  [JOB 1] MANIFEST created 000001
I250826 15:33:54.497678 52 3@pebble/event.go:1059 ⋮ [n?,s?,pebble] 30  [JOB 1] WAL created 000002
I250826 15:33:54.520419 52 3@pebble/event.go:1027 ⋮ [n?,s?,pebble] 31  upgraded to format version: 014
I250826 15:33:54.534993 52 3@pebble/event.go:1027 ⋮ [n?,s?,pebble] 32  upgraded to format version: 015
I250826 15:33:54.540501 52 3@pebble/event.go:1027 ⋮ [n?,s?,pebble] 33  upgraded to format version: 016
I250826 15:33:54.545866 52 3@pebble/event.go:1027 ⋮ [n?,s?,pebble] 34  upgraded to format version: 017
I250826 15:33:54.592474 52 3@pebble/event.go:1027 ⋮ [n?,s?,pebble] 35  upgraded to format version: 018
I250826 15:33:54.625743 52 3@pebble/event.go:1027 ⋮ [n?,s?,pebble] 36  upgraded to format version: 019
I250826 15:33:54.685500 169 3@pebble/event.go:1051 ⋮ [n?,s?,pebble] 37  [JOB 2] all initial table stats loaded
I250826 15:34:15.530801 753 3@kv/kvserver/store.go:3801 ⋮ [T1,Vsystem,n1,s1] 38  Pebble metrics:
I250826 15:34:15.530801 753 3@kv/kvserver/store.go:3801 ⋮ [T1,Vsystem,n1,s1] 38 +      |                             |       |       |   ingested   |     moved    |    written   |       |    amp
I250826 15:34:15.530801 753 3@kv/kvserver/store.go:3801 ⋮ [T1,Vsystem,n1,s1] 38 +level | tables  size val-bl vtables | score |   in  | tables  size | tables  size | tables  size |  read |   r   w
I250826 15:34:15.530801 753 3@kv/kvserver/store.go:3801 ⋮ [T1,Vsystem,n1,s1] 38 +------+-----------------------------+-------+-------+--------------+--------------+--------------+-------+---------
I250826 15:34:15.530801 753 3@kv/kvserver/store.go:3801 ⋮ [T1,Vsystem,n1,s1] 38 +    0 |     0     0B     0B       0 |  0.00 |  26MB |     0     0B |     0     0B |     1  317KB |    0B |   0  0.0
I250826 15:34:15.530801 753 3@kv/kvserver/store.go:3801 ⋮ [T1,Vsystem,n1,s1] 38 +    1 |     0     0B     0B       0 |  0.00 |    0B |     0     0B |     0     0B |     0     0B |    0B |   0  0.0
I250826 15:34:15.530801 753 3@kv/kvserver/store.go:3801 ⋮ [T1,Vsystem,n1,s1] 38 +    2 |     0     0B     0B       0 |  0.00 |    0B |     0     0B |     0     0B |     0     0B |    0B |   0  0.0
I250826 15:34:15.530801 753 3@kv/kvserver/store.go:3801 ⋮ [T1,Vsystem,n1,s1] 38 +    3 |     0     0B     0B       0 |  0.00 |    0B |     0     0B |     0     0B |     0     0B |    0B |   0  0.0
I250826 15:34:15.530801 753 3@kv/kvserver/store.go:3801 ⋮ [T1,Vsystem,n1,s1] 38 +    4 |     0     0B     0B       0 |  0.00 |    0B |     0     0B |     0     0B |     0     0B |    0B |   0  0.0
I250826 15:34:15.530801 753 3@kv/kvserver/store.go:3801 ⋮ [T1,Vsystem,n1,s1] 38 +    5 |     5   13MB  479KB       0 |  0.28 | 317KB |     0     0B |     0     0B |     5   13MB |  13MB |   1 42.4
I250826 15:34:15.530801 753 3@kv/kvserver/store.go:3801 ⋮ [T1,Vsystem,n1,s1] 38 +    6 |    13   94MB   74KB       0 |     - |    0B |     0     0B |     0     0B |     0     0B |    0B |   1  0.0
I250826 15:34:15.530801 753 3@kv/kvserver/store.go:3801 ⋮ [T1,Vsystem,n1,s1] 38 +total |    18  107MB  553KB       0 |     - |  28MB |     0     0B |     0     0B |     6   41MB |  13MB |   2  1.5
I250826 15:34:15.530801 753 3@kv/kvserver/store.go:3801 ⋮ [T1,Vsystem,n1,s1] 38 +-------------------------------------------------------------------------------------------------------------------
I250826 15:34:15.530801 753 3@kv/kvserver/store.go:3801 ⋮ [T1,Vsystem,n1,s1] 38 +WAL: 1 files (2.3MB)  in: 2.3MB  written: 28MB (1108% overhead)
I250826 15:34:15.530801 753 3@kv/kvserver/store.go:3801 ⋮ [T1,Vsystem,n1,s1] 38 +Flushes: 1
I250826 15:34:15.530801 753 3@kv/kvserver/store.go:3801 ⋮ [T1,Vsystem,n1,s1] 38 +Compactions: 1  estimated debt: 0B  in progress: 0 (0B)
I250826 15:34:15.530801 753 3@kv/kvserver/store.go:3801 ⋮ [T1,Vsystem,n1,s1] 38 +             default: 1  delete: 0  elision: 0  move: 0  read: 0  tombstone-density: 0  rewrite: 0  copy: 0  multi-level: 0
I250826 15:34:15.530801 753 3@kv/kvserver/store.go:3801 ⋮ [T1,Vsystem,n1,s1] 38 +MemTables: 1 (32MB)  zombie: 1 (16MB)
I250826 15:34:15.530801 753 3@kv/kvserver/store.go:3801 ⋮ [T1,Vsystem,n1,s1] 38 +Zombie tables: 0 (0B, local: 0B)
I250826 15:34:15.530801 753 3@kv/kvserver/store.go:3801 ⋮ [T1,Vsystem,n1,s1] 38 +Backing tables: 0 (0B)
I250826 15:34:15.530801 753 3@kv/kvserver/store.go:3801 ⋮ [T1,Vsystem,n1,s1] 38 +Virtual tables: 0 (0B)
I250826 15:34:15.530801 753 3@kv/kvserver/store.go:3801 ⋮ [T1,Vsystem,n1,s1] 38 +Local tables size: 107MB
I250826 15:34:15.530801 753 3@kv/kvserver/store.go:3801 ⋮ [T1,Vsystem,n1,s1] 38 +Compression types: snappy: 18
I250826 15:34:15.530801 753 3@kv/kvserver/store.go:3801 ⋮ [T1,Vsystem,n1,s1] 38 +Block cache: 114 entries (3.9MB)  hit rate: 80.1%
I250826 15:34:15.530801 753 3@kv/kvserver/store.go:3801 ⋮ [T1,Vsystem,n1,s1] 38 +Table cache: 16 entries (13KB)  hit rate: 99.5%
I250826 15:34:15.530801 753 3@kv/kvserver/store.go:3801 ⋮ [T1,Vsystem,n1,s1] 38 +Snapshots: 0  earliest seq num: 0
I250826 15:34:15.530801 753 3@kv/kvserver/store.go:3801 ⋮ [T1,Vsystem,n1,s1] 38 +Table iters: 0
I250826 15:34:15.530801 753 3@kv/kvserver/store.go:3801 ⋮ [T1,Vsystem,n1,s1] 38 +Filter utility: 64.5%
I250826 15:34:15.530801 753 3@kv/kvserver/store.go:3801 ⋮ [T1,Vsystem,n1,s1] 38 +Ingestions: 0  as flushable: 0 (0B in 0 tables)
I250826 15:34:15.530801 753 3@kv/kvserver/store.go:3801 ⋮ [T1,Vsystem,n1,s1] 38 +Cgo memory usage: 52MB  block cache: 4.0MB (data: 3.9MB, maps: 19KB, entries: 8.9KB)  memtables: 48MB
I250826 15:38:05.558617 712 3@pebble/event.go:1059 ⋮ [n1,s1,pebble] 39  [JOB 6] WAL created 005083
I250826 15:38:05.566626 7687 3@pebble/event.go:1011 ⋮ [n1,s1,pebble] 40  [JOB 7] flushing 1 memtable (32MB) to L0
I250826 15:38:05.569653 7687 3@pebble/event.go:1039 ⋮ [n1,s1,pebble] 41  [JOB 7] flushing: sstable created 005084
I250826 15:38:05.618521 7687 3@pebble/event.go:1015 ⋮ [n1,s1,pebble] 42  [JOB 7] flushed 1 memtable (32MB) to L0 [005084] (372KB), in 0.0s (0.1s total), output rate 7.5MB/s
I250826 15:38:05.620042 7755 3@pebble/event.go:999 ⋮ [n1,s1,pebble] 43  [JOB 9] compacting(default) L0 [005084] (372KB) Score=4.87 + L5 [005078 005079 005080 005081 005082] (13MB) Score=0.28; OverlappingRatio: Single 36.17, Multi 0.00
I250826 15:38:05.624156 7755 3@pebble/event.go:1039 ⋮ [n1,s1,pebble] 44  [JOB 9] compacting: sstable created 005085
I250826 15:38:05.695674 7755 3@pebble/event.go:1039 ⋮ [n1,s1,pebble] 45  [JOB 9] compacting: sstable created 005086
I250826 15:38:05.799317 7755 3@pebble/event.go:1039 ⋮ [n1,s1,pebble] 46  [JOB 9] compacting: sstable created 005087
I250826 15:38:05.922502 7755 3@pebble/event.go:1039 ⋮ [n1,s1,pebble] 47  [JOB 9] compacting: sstable created 005088
I250826 15:38:06.044372 7755 3@pebble/event.go:1039 ⋮ [n1,s1,pebble] 48  [JOB 9] compacting: sstable created 005089
I250826 15:38:06.104758 7755 3@pebble/event.go:1003 ⋮ [n1,s1,pebble] 49  [JOB 9] compacted(default) L0 [005084] (372KB) Score=4.87 + L5 [005078 005079 005080 005081 005082] (13MB) Score=0.28 -> L5 [005085 005086 005087 005088 005089] (13MB), in 0.5s (0.5s total), output rate 28MB/s
I250826 15:38:06.110351 65 3@pebble/event.go:1043 ⋮ [n1,s1,pebble] 50  [JOB 9] sstable deleted 005078
I250826 15:38:06.111271 65 3@pebble/event.go:1043 ⋮ [n1,s1,pebble] 51  [JOB 9] sstable deleted 005079
I250826 15:38:06.111522 65 3@pebble/event.go:1043 ⋮ [n1,s1,pebble] 52  [JOB 9] sstable deleted 005080
I250826 15:38:06.111782 65 3@pebble/event.go:1043 ⋮ [n1,s1,pebble] 53  [JOB 9] sstable deleted 005081
I250826 15:38:06.112012 65 3@pebble/event.go:1043 ⋮ [n1,s1,pebble] 54  [JOB 9] sstable deleted 005082
I250826 15:38:06.112177 65 3@pebble/event.go:1043 ⋮ [n1,s1,pebble] 55  [JOB 9] sstable deleted 005084
