I250731 20:11:22.020264 47 util/log/file_sync_buffer.go:237 ⋮ [config]   file created at: 2025/07/31 20:11:22
I250731 20:11:22.020293 47 util/log/file_sync_buffer.go:237 ⋮ [config]   running on machine: ‹3663a0d5e352›
I250731 20:11:22.020302 47 util/log/file_sync_buffer.go:237 ⋮ [config]   binary: CockroachDB CCL v25.2.0 (aarch64-unknown-linux-gnu, built 2025/05/15 21:07:42, go1.23.7 X:nocoverageredesign)
I250731 20:11:22.020307 47 util/log/file_sync_buffer.go:237 ⋮ [config]   arguments: [‹/cockroach/cockroach› ‹start-single-node› ‹--certs-dir=certs› ‹--advertise-addr=127.0.0.1:26257› ‹--insecure› ‹--http-addr=0.0.0.0:8080›]
I250731 20:11:22.020319 47 util/log/file_sync_buffer.go:237 ⋮ [config]   log format (utf8=✓): crdb-v2
I250731 20:11:22.020322 47 util/log/file_sync_buffer.go:237 ⋮ [config]   line format: [IWEF]yymmdd hh:mm:ss.uuuuuu goid [chan@]file:line redactionmark \[tags\] [counter] msg
I250731 20:11:22.015220 47 3@pebble/objstorage/objstorageprovider/remote.go:102 ⋮ [n?,s?,pebble] 1  remote storage configured; creatorID = 1
I250731 20:11:22.170353 47 3@pebble/open.go:1054 ⋮ [n?,s?,pebble] 2  [JOB ‹1›] WAL ‹000719: {(/cockroach/cockroach-data,000)}› stopped reading at offset: (‹/cockroach/cockroach-data/000719.log›: 9634990); replayed 28341 keys in 974 batches
I250731 20:11:22.172400 96 3@pebble/event.go:1011 ⋮ [n?,s?,pebble] 3  [JOB 2] flushing 6 memtables (10MB) to L0
I250731 20:11:22.179072 96 3@pebble/event.go:1039 ⋮ [n?,s?,pebble] 4  [JOB 2] flushing: sstable created 000730
I250731 20:11:22.291962 96 3@pebble/event.go:1039 ⋮ [n?,s?,pebble] 5  [JOB 2] flushing: sstable created 000731
I250731 20:11:22.330723 96 3@pebble/event.go:1031 ⋮ [n?,s?,pebble] 6  [JOB 2] MANIFEST created 000732
I250731 20:11:22.330856 96 3@pebble/event.go:1015 ⋮ [n?,s?,pebble] 7  [JOB 2] flushed 6 memtables (10MB) to L0 [000730 000731] (250KB), in 0.1s (0.2s total), output rate 1.8MB/s
I250731 20:11:22.339285 94 3@pebble/event.go:1063 ⋮ [n?,s?,pebble] 8  [JOB 2] WAL deleted 000600
I250731 20:11:22.342832 47 3@pebble/event.go:1059 ⋮ [n?,s?,pebble] 9  [JOB 1] WAL created 000733
I250731 20:11:22.344017 94 3@pebble/event.go:1063 ⋮ [n?,s?,pebble] 10  [JOB 2] WAL deleted 000710
I250731 20:11:22.349487 94 3@pebble/event.go:1063 ⋮ [n?,s?,pebble] 11  [JOB 2] WAL deleted 000719
I250731 20:11:22.378746 118 3@pebble/event.go:999 ⋮ [n?,s?,pebble] 12  [JOB 3] compacting(default) L0 [000730] (179KB) Score=3.00 + L6 [000722 000723 000724 000725 000726] (17MB) Score=0.33; OverlappingRatio: Single 96.77, Multi 0.00
I250731 20:11:22.441064 118 3@pebble/event.go:1039 ⋮ [n?,s?,pebble] 13  [JOB 3] compacting: sstable created 000735
I250731 20:11:23.324131 118 3@pebble/event.go:1039 ⋮ [n?,s?,pebble] 14  [JOB 3] compacting: sstable created 000736
I250731 20:11:24.212184 118 3@pebble/event.go:1039 ⋮ [n?,s?,pebble] 15  [JOB 3] compacting: sstable created 000737
I250731 20:11:25.308724 118 3@pebble/event.go:1039 ⋮ [n?,s?,pebble] 16  [JOB 3] compacting: sstable created 000738
I250731 20:11:26.160135 118 3@pebble/event.go:1039 ⋮ [n?,s?,pebble] 17  [JOB 3] compacting: sstable created 000739
I250731 20:11:26.352493 118 3@pebble/event.go:1003 ⋮ [n?,s?,pebble] 18  [JOB 3] compacted(default) L0 [000730] (179KB) Score=3.00 + L6 [000722 000723 000724 000725 000726] (17MB) Score=0.33 -> L6 [000735 000736 000737 000738 000739] (17MB), in 4.0s (4.0s total), output rate 4.2MB/s
I250731 20:11:26.358910 24 3@pebble/event.go:999 ⋮ [n?,s?,pebble] 19  [JOB 4] compacting(default) L0 [000731] (71KB) Score=3.00 + L6 [000727 000728] (4.5MB) Score=0.33; OverlappingRatio: Single 64.12, Multi 0.00
I250731 20:11:26.362024 94 3@pebble/event.go:1043 ⋮ [n?,s?,pebble] 20  [JOB 3] sstable deleted 000722
I250731 20:11:26.372544 94 3@pebble/event.go:1043 ⋮ [n?,s?,pebble] 21  [JOB 3] sstable deleted 000723
I250731 20:11:26.373020 23 3@pebble/event.go:1051 ⋮ [n?,s?,pebble] 22  [JOB 5] all initial table stats loaded
I250731 20:11:26.382212 94 3@pebble/event.go:1043 ⋮ [n?,s?,pebble] 23  [JOB 3] sstable deleted 000724
I250731 20:11:26.383420 94 3@pebble/event.go:1043 ⋮ [n?,s?,pebble] 24  [JOB 3] sstable deleted 000725
I250731 20:11:26.383892 24 3@pebble/event.go:1039 ⋮ [n?,s?,pebble] 25  [JOB 4] compacting: sstable created 000740
I250731 20:11:26.384408 94 3@pebble/event.go:1043 ⋮ [n?,s?,pebble] 26  [JOB 3] sstable deleted 000726
I250731 20:11:26.386802 94 3@pebble/event.go:1043 ⋮ [n?,s?,pebble] 27  [JOB 3] sstable deleted 000730
I250731 20:11:26.387193 94 3@pebble/event.go:1035 ⋮ [n?,s?,pebble] 28  [JOB 1] MANIFEST deleted 000580
I250731 20:11:26.389820 94 3@pebble/event.go:1035 ⋮ [n?,s?,pebble] 29  [JOB 1] MANIFEST deleted 000599
I250731 20:11:26.390671 94 3@pebble/event.go:1035 ⋮ [n?,s?,pebble] 30  [JOB 1] MANIFEST deleted 000696
I250731 20:11:26.394829 94 3@pebble/event.go:1043 ⋮ [n?,s?,pebble] 31  [JOB 1] sstable deleted 000602
I250731 20:11:26.397077 94 3@pebble/event.go:1043 ⋮ [n?,s?,pebble] 32  [JOB 1] sstable deleted 000603
I250731 20:11:26.399854 94 3@pebble/event.go:1043 ⋮ [n?,s?,pebble] 33  [JOB 1] sstable deleted 000604
I250731 20:11:26.400453 94 3@pebble/event.go:1043 ⋮ [n?,s?,pebble] 34  [JOB 1] sstable deleted 000605
I250731 20:11:26.403466 94 3@pebble/event.go:1043 ⋮ [n?,s?,pebble] 35  [JOB 1] sstable deleted 000606
I250731 20:11:26.429244 47 3@pebble/event.go:1031 ⋮ [n?,s?,pebble] 36  [JOB 1] MANIFEST created 000001
I250731 20:11:26.431585 47 3@pebble/event.go:1059 ⋮ [n?,s?,pebble] 37  [JOB 1] WAL created 000002
I250731 20:11:26.433357 47 3@pebble/event.go:1027 ⋮ [n?,s?,pebble] 38  upgraded to format version: 014
I250731 20:11:26.435522 47 3@pebble/event.go:1027 ⋮ [n?,s?,pebble] 39  upgraded to format version: 015
I250731 20:11:26.436700 47 3@pebble/event.go:1027 ⋮ [n?,s?,pebble] 40  upgraded to format version: 016
I250731 20:11:26.438063 47 3@pebble/event.go:1027 ⋮ [n?,s?,pebble] 41  upgraded to format version: 017
I250731 20:11:26.440245 47 3@pebble/event.go:1027 ⋮ [n?,s?,pebble] 42  upgraded to format version: 018
I250731 20:11:26.445657 47 3@pebble/event.go:1027 ⋮ [n?,s?,pebble] 43  upgraded to format version: 019
I250731 20:11:26.459050 108 3@pebble/event.go:1051 ⋮ [n?,s?,pebble] 44  [JOB 2] all initial table stats loaded
I250731 20:11:27.293682 24 3@pebble/event.go:1039 ⋮ [n1,s1,pebble] 45  [JOB 4] compacting: sstable created 000741
I250731 20:11:27.471494 24 3@pebble/event.go:1003 ⋮ [n1,s1,pebble] 46  [JOB 4] compacted(default) L0 [000731] (71KB) Score=3.00 + L6 [000727 000728] (4.5MB) Score=0.33 -> L6 [000740 000741] (4.5MB), in 1.1s (1.1s total), output rate 4.0MB/s
I250731 20:11:27.475257 94 3@pebble/event.go:1043 ⋮ [n1,s1,pebble] 47  [JOB 4] sstable deleted 000727
I250731 20:11:27.477771 94 3@pebble/event.go:1043 ⋮ [n1,s1,pebble] 48  [JOB 4] sstable deleted 000728
I250731 20:11:27.480630 94 3@pebble/event.go:1043 ⋮ [n1,s1,pebble] 49  [JOB 4] sstable deleted 000731
I250731 20:11:47.195032 572 3@kv/kvserver/store.go:3801 ⋮ [T1,Vsystem,n1,s1] 50  Pebble metrics:
I250731 20:11:47.195032 572 3@kv/kvserver/store.go:3801 ⋮ [T1,Vsystem,n1,s1] 50 +      |                             |       |       |   ingested   |     moved    |    written   |       |    amp
I250731 20:11:47.195032 572 3@kv/kvserver/store.go:3801 ⋮ [T1,Vsystem,n1,s1] 50 +level | tables  size val-bl vtables | score |   in  | tables  size | tables  size | tables  size |  read |   r   w
I250731 20:11:47.195032 572 3@kv/kvserver/store.go:3801 ⋮ [T1,Vsystem,n1,s1] 50 +------+-----------------------------+-------+-------+--------------+--------------+--------------+-------+---------
I250731 20:11:47.195032 572 3@kv/kvserver/store.go:3801 ⋮ [T1,Vsystem,n1,s1] 50 +    0 |     0     0B     0B       0 |  0.00 | 9.2MB |     0     0B |     0     0B |     2  250KB |    0B |   0  0.0
I250731 20:11:47.195032 572 3@kv/kvserver/store.go:3801 ⋮ [T1,Vsystem,n1,s1] 50 +    1 |     0     0B     0B       0 |  0.00 |    0B |     0     0B |     0     0B |     0     0B |    0B |   0  0.0
I250731 20:11:47.195032 572 3@kv/kvserver/store.go:3801 ⋮ [T1,Vsystem,n1,s1] 50 +    2 |     0     0B     0B       0 |  0.00 |    0B |     0     0B |     0     0B |     0     0B |    0B |   0  0.0
I250731 20:11:47.195032 572 3@kv/kvserver/store.go:3801 ⋮ [T1,Vsystem,n1,s1] 50 +    3 |     0     0B     0B       0 |  0.00 |    0B |     0     0B |     0     0B |     0     0B |    0B |   0  0.0
I250731 20:11:47.195032 572 3@kv/kvserver/store.go:3801 ⋮ [T1,Vsystem,n1,s1] 50 +    4 |     0     0B     0B       0 |  0.00 |    0B |     0     0B |     0     0B |     0     0B |    0B |   0  0.0
I250731 20:11:47.195032 572 3@kv/kvserver/store.go:3801 ⋮ [T1,Vsystem,n1,s1] 50 +    5 |     0     0B     0B       0 |  0.00 |    0B |     0     0B |     0     0B |     0     0B |    0B |   0  0.0
I250731 20:11:47.195032 572 3@kv/kvserver/store.go:3801 ⋮ [T1,Vsystem,n1,s1] 50 +    6 |     7   21MB  646KB       0 |     - | 250KB |     0     0B |     0     0B |     7   21MB |  22MB |   1 87.3
I250731 20:11:47.195032 572 3@kv/kvserver/store.go:3801 ⋮ [T1,Vsystem,n1,s1] 50 +total |     7   21MB  646KB       0 |     - |  12MB |     0     0B |     0     0B |     9   33MB |  22MB |   1  2.9
I250731 20:11:47.195032 572 3@kv/kvserver/store.go:3801 ⋮ [T1,Vsystem,n1,s1] 50 +-------------------------------------------------------------------------------------------------------------------
I250731 20:11:47.195032 572 3@kv/kvserver/store.go:3801 ⋮ [T1,Vsystem,n1,s1] 50 +WAL: 1 files (2.3MB)  in: 2.3MB  written: 12MB (404% overhead)
I250731 20:11:47.195032 572 3@kv/kvserver/store.go:3801 ⋮ [T1,Vsystem,n1,s1] 50 +Flushes: 1
I250731 20:11:47.195032 572 3@kv/kvserver/store.go:3801 ⋮ [T1,Vsystem,n1,s1] 50 +Compactions: 2  estimated debt: 0B  in progress: 0 (0B)
I250731 20:11:47.195032 572 3@kv/kvserver/store.go:3801 ⋮ [T1,Vsystem,n1,s1] 50 +             default: 2  delete: 0  elision: 0  move: 0  read: 0  tombstone-density: 0  rewrite: 0  copy: 0  multi-level: 0
I250731 20:11:47.195032 572 3@kv/kvserver/store.go:3801 ⋮ [T1,Vsystem,n1,s1] 50 +MemTables: 1 (16MB)  zombie: 1 (8.0MB)
I250731 20:11:47.195032 572 3@kv/kvserver/store.go:3801 ⋮ [T1,Vsystem,n1,s1] 50 +Zombie tables: 0 (0B, local: 0B)
I250731 20:11:47.195032 572 3@kv/kvserver/store.go:3801 ⋮ [T1,Vsystem,n1,s1] 50 +Backing tables: 0 (0B)
I250731 20:11:47.195032 572 3@kv/kvserver/store.go:3801 ⋮ [T1,Vsystem,n1,s1] 50 +Virtual tables: 0 (0B)
I250731 20:11:47.195032 572 3@kv/kvserver/store.go:3801 ⋮ [T1,Vsystem,n1,s1] 50 +Local tables size: 21MB
I250731 20:11:47.195032 572 3@kv/kvserver/store.go:3801 ⋮ [T1,Vsystem,n1,s1] 50 +Compression types: snappy: 7
I250731 20:11:47.195032 572 3@kv/kvserver/store.go:3801 ⋮ [T1,Vsystem,n1,s1] 50 +Block cache: 52 entries (1.7MB)  hit rate: 50.3%
I250731 20:11:47.195032 572 3@kv/kvserver/store.go:3801 ⋮ [T1,Vsystem,n1,s1] 50 +Table cache: 4 entries (3.3KB)  hit rate: 99.4%
I250731 20:11:47.195032 572 3@kv/kvserver/store.go:3801 ⋮ [T1,Vsystem,n1,s1] 50 +Snapshots: 0  earliest seq num: 0
I250731 20:11:47.195032 572 3@kv/kvserver/store.go:3801 ⋮ [T1,Vsystem,n1,s1] 50 +Table iters: 0
I250731 20:11:47.195032 572 3@kv/kvserver/store.go:3801 ⋮ [T1,Vsystem,n1,s1] 50 +Filter utility: 50.0%
I250731 20:11:47.195032 572 3@kv/kvserver/store.go:3801 ⋮ [T1,Vsystem,n1,s1] 50 +Ingestions: 0  as flushable: 0 (0B in 0 tables)
I250731 20:11:47.195032 572 3@kv/kvserver/store.go:3801 ⋮ [T1,Vsystem,n1,s1] 50 +Cgo memory usage: 26MB  block cache: 1.7MB (data: 1.7MB, maps: 16KB, entries: 4.6KB)  memtables: 24MB
I250731 20:13:27.249219 713 3@pebble/event.go:1059 ⋮ [n1,s1,pebble] 51  [JOB 6] WAL created 000742
I250731 20:17:47.273374 721 3@pebble/event.go:1059 ⋮ [n1,s1,pebble] 52  [JOB 7] WAL created 000743
I250731 20:17:47.275216 8792 3@pebble/event.go:1011 ⋮ [n1,s1,pebble] 53  [JOB 8] flushing 2 memtables (47MB) to L0
I250731 20:17:47.276456 8792 3@pebble/event.go:1039 ⋮ [n1,s1,pebble] 54  [JOB 8] flushing: sstable created 000744
I250731 20:17:47.369784 8792 3@pebble/event.go:1039 ⋮ [n1,s1,pebble] 55  [JOB 8] flushing: sstable created 000745
I250731 20:17:47.371412 8792 3@pebble/event.go:1015 ⋮ [n1,s1,pebble] 56  [JOB 8] flushed 2 memtables (47MB) to L0 [000744 000745] (416KB), in 0.1s (0.1s total), output rate 4.2MB/s
I250731 20:17:47.381008 8882 3@pebble/event.go:999 ⋮ [n1,s1,pebble] 57  [JOB 9] compacting(default) L0 [000744] (386KB) Score=3.00 + L6 [000735 000736 000737 000738 000739] (17MB) Score=0.33; OverlappingRatio: Single 44.74, Multi 0.00
I250731 20:17:47.381191 8794 3@pebble/event.go:999 ⋮ [n1,s1,pebble] 58  [JOB 11] compacting(default) L0 [000745] (30KB) Score=2.95 + L6 [000740 000741] (4.5MB) Score=0.34; OverlappingRatio: Single 152.45, Multi 0.00
I250731 20:17:47.386078 8794 3@pebble/event.go:1039 ⋮ [n1,s1,pebble] 59  [JOB 11] compacting: sstable created 000746
I250731 20:17:47.389089 8882 3@pebble/event.go:1039 ⋮ [n1,s1,pebble] 60  [JOB 9] compacting: sstable created 000747
I250731 20:17:47.512937 8794 3@pebble/event.go:1039 ⋮ [n1,s1,pebble] 61  [JOB 11] compacting: sstable created 000748
I250731 20:17:47.526689 8794 3@pebble/event.go:1003 ⋮ [n1,s1,pebble] 62  [JOB 11] compacted(default) L0 [000745] (30KB) Score=2.95 + L6 [000740 000741] (4.5MB) Score=0.34 -> L6 [000746 000748] (4.5MB), in 0.1s (0.1s total), output rate 31MB/s
I250731 20:17:47.566674 8882 3@pebble/event.go:1039 ⋮ [n1,s1,pebble] 63  [JOB 9] compacting: sstable created 000749
I250731 20:17:47.716463 8882 3@pebble/event.go:1039 ⋮ [n1,s1,pebble] 64  [JOB 9] compacting: sstable created 000750
I250731 20:17:47.817902 8882 3@pebble/event.go:1039 ⋮ [n1,s1,pebble] 65  [JOB 9] compacting: sstable created 000751
I250731 20:17:47.899138 8882 3@pebble/event.go:1039 ⋮ [n1,s1,pebble] 66  [JOB 9] compacting: sstable created 000752
I250731 20:17:47.922464 8882 3@pebble/event.go:1003 ⋮ [n1,s1,pebble] 67  [JOB 9] compacted(default) L0 [000744] (386KB) Score=3.00 + L6 [000735 000736 000737 000738 000739] (17MB) Score=0.33 -> L6 [000747 000749 000750 000751 000752] (17MB), in 0.5s (0.5s total), output rate 32MB/s
I250731 20:17:47.924260 94 3@pebble/event.go:1043 ⋮ [n1,s1,pebble] 68  [JOB 9] sstable deleted 000735
I250731 20:17:47.924631 94 3@pebble/event.go:1043 ⋮ [n1,s1,pebble] 69  [JOB 9] sstable deleted 000736
I250731 20:17:47.924900 94 3@pebble/event.go:1043 ⋮ [n1,s1,pebble] 70  [JOB 9] sstable deleted 000737
I250731 20:17:47.925214 94 3@pebble/event.go:1043 ⋮ [n1,s1,pebble] 71  [JOB 9] sstable deleted 000738
I250731 20:17:47.925404 94 3@pebble/event.go:1043 ⋮ [n1,s1,pebble] 72  [JOB 9] sstable deleted 000739
I250731 20:17:47.925643 94 3@pebble/event.go:1043 ⋮ [n1,s1,pebble] 73  [JOB 9] sstable deleted 000740
I250731 20:17:47.925869 94 3@pebble/event.go:1043 ⋮ [n1,s1,pebble] 74  [JOB 9] sstable deleted 000741
I250731 20:17:47.926025 94 3@pebble/event.go:1043 ⋮ [n1,s1,pebble] 75  [JOB 9] sstable deleted 000744
I250731 20:17:47.926178 94 3@pebble/event.go:1043 ⋮ [n1,s1,pebble] 76  [JOB 9] sstable deleted 000745
I250731 20:21:47.191102 572 3@kv/kvserver/store.go:3801 ⋮ [T1,Vsystem,n1,s1] 77  Pebble metrics:
I250731 20:21:47.191102 572 3@kv/kvserver/store.go:3801 ⋮ [T1,Vsystem,n1,s1] 77 +      |                             |       |       |   ingested   |     moved    |    written   |       |    amp
I250731 20:21:47.191102 572 3@kv/kvserver/store.go:3801 ⋮ [T1,Vsystem,n1,s1] 77 +level | tables  size val-bl vtables | score |   in  | tables  size | tables  size | tables  size |  read |   r   w
I250731 20:21:47.191102 572 3@kv/kvserver/store.go:3801 ⋮ [T1,Vsystem,n1,s1] 77 +------+-----------------------------+-------+-------+--------------+--------------+--------------+-------+---------
I250731 20:21:47.191102 572 3@kv/kvserver/store.go:3801 ⋮ [T1,Vsystem,n1,s1] 77 +    0 |     0     0B     0B       0 |  0.00 |  52MB |     0     0B |     0     0B |     4  666KB |    0B |   0  0.0
I250731 20:21:47.191102 572 3@kv/kvserver/store.go:3801 ⋮ [T1,Vsystem,n1,s1] 77 +    1 |     0     0B     0B       0 |  0.00 |    0B |     0     0B |     0     0B |     0     0B |    0B |   0  0.0
I250731 20:21:47.191102 572 3@kv/kvserver/store.go:3801 ⋮ [T1,Vsystem,n1,s1] 77 +    2 |     0     0B     0B       0 |  0.00 |    0B |     0     0B |     0     0B |     0     0B |    0B |   0  0.0
I250731 20:21:47.191102 572 3@kv/kvserver/store.go:3801 ⋮ [T1,Vsystem,n1,s1] 77 +    3 |     0     0B     0B       0 |  0.00 |    0B |     0     0B |     0     0B |     0     0B |    0B |   0  0.0
I250731 20:21:47.191102 572 3@kv/kvserver/store.go:3801 ⋮ [T1,Vsystem,n1,s1] 77 +    4 |     0     0B     0B       0 |  0.00 |    0B |     0     0B |     0     0B |     0     0B |    0B |   0  0.0
I250731 20:21:47.191102 572 3@kv/kvserver/store.go:3801 ⋮ [T1,Vsystem,n1,s1] 77 +    5 |     0     0B     0B       0 |  0.00 |    0B |     0     0B |     0     0B |     0     0B |    0B |   0  0.0
I250731 20:21:47.191102 572 3@kv/kvserver/store.go:3801 ⋮ [T1,Vsystem,n1,s1] 77 +    6 |     7   22MB  641KB       0 |     - | 666KB |     0     0B |     0     0B |    14   43MB |  43MB |   1 66.0
I250731 20:21:47.191102 572 3@kv/kvserver/store.go:3801 ⋮ [T1,Vsystem,n1,s1] 77 +total |     7   22MB  641KB       0 |     - |  80MB |     0     0B |     0     0B |    18  123MB |  43MB |   1  1.5
I250731 20:21:47.191102 572 3@kv/kvserver/store.go:3801 ⋮ [T1,Vsystem,n1,s1] 77 +-------------------------------------------------------------------------------------------------------------------
I250731 20:21:47.191102 572 3@kv/kvserver/store.go:3801 ⋮ [T1,Vsystem,n1,s1] 77 +WAL: 1 files (28MB)  in: 70MB  written: 80MB (13% overhead)
I250731 20:21:47.191102 572 3@kv/kvserver/store.go:3801 ⋮ [T1,Vsystem,n1,s1] 77 +Flushes: 2
I250731 20:21:47.191102 572 3@kv/kvserver/store.go:3801 ⋮ [T1,Vsystem,n1,s1] 77 +Compactions: 4  estimated debt: 0B  in progress: 0 (0B)
I250731 20:21:47.191102 572 3@kv/kvserver/store.go:3801 ⋮ [T1,Vsystem,n1,s1] 77 +             default: 4  delete: 0  elision: 0  move: 0  read: 0  tombstone-density: 0  rewrite: 0  copy: 0  multi-level: 0
I250731 20:21:47.191102 572 3@kv/kvserver/store.go:3801 ⋮ [T1,Vsystem,n1,s1] 77 +MemTables: 1 (64MB)  zombie: 1 (32MB)
I250731 20:21:47.191102 572 3@kv/kvserver/store.go:3801 ⋮ [T1,Vsystem,n1,s1] 77 +Zombie tables: 0 (0B, local: 0B)
I250731 20:21:47.191102 572 3@kv/kvserver/store.go:3801 ⋮ [T1,Vsystem,n1,s1] 77 +Backing tables: 0 (0B)
I250731 20:21:47.191102 572 3@kv/kvserver/store.go:3801 ⋮ [T1,Vsystem,n1,s1] 77 +Virtual tables: 0 (0B)
I250731 20:21:47.191102 572 3@kv/kvserver/store.go:3801 ⋮ [T1,Vsystem,n1,s1] 77 +Local tables size: 22MB
I250731 20:21:47.191102 572 3@kv/kvserver/store.go:3801 ⋮ [T1,Vsystem,n1,s1] 77 +Compression types: snappy: 7
I250731 20:21:47.191102 572 3@kv/kvserver/store.go:3801 ⋮ [T1,Vsystem,n1,s1] 77 +Block cache: 123 entries (3.9MB)  hit rate: 75.4%
I250731 20:21:47.191102 572 3@kv/kvserver/store.go:3801 ⋮ [T1,Vsystem,n1,s1] 77 +Table cache: 4 entries (3.3KB)  hit rate: 99.8%
I250731 20:21:47.191102 572 3@kv/kvserver/store.go:3801 ⋮ [T1,Vsystem,n1,s1] 77 +Snapshots: 0  earliest seq num: 0
I250731 20:21:47.191102 572 3@kv/kvserver/store.go:3801 ⋮ [T1,Vsystem,n1,s1] 77 +Table iters: 0
I250731 20:21:47.191102 572 3@kv/kvserver/store.go:3801 ⋮ [T1,Vsystem,n1,s1] 77 +Filter utility: 87.5%
I250731 20:21:47.191102 572 3@kv/kvserver/store.go:3801 ⋮ [T1,Vsystem,n1,s1] 77 +Ingestions: 0  as flushable: 0 (0B in 0 tables)
I250731 20:21:47.191102 572 3@kv/kvserver/store.go:3801 ⋮ [T1,Vsystem,n1,s1] 77 +Cgo memory usage: 100MB  block cache: 3.9MB (data: 3.9MB, maps: 29KB, entries: 19KB)  memtables: 96MB
I250731 20:26:07.315123 718 3@pebble/event.go:1059 ⋮ [n1,s1,pebble] 78  [JOB 12] WAL created 000753 (recycled 000733)
I250731 20:26:07.322206 16908 3@pebble/event.go:1011 ⋮ [n1,s1,pebble] 79  [JOB 13] flushing 1 memtable (63MB) to L0
I250731 20:26:07.324203 16908 3@pebble/event.go:1039 ⋮ [n1,s1,pebble] 80  [JOB 13] flushing: sstable created 000754
I250731 20:26:07.428037 16908 3@pebble/event.go:1039 ⋮ [n1,s1,pebble] 81  [JOB 13] flushing: sstable created 000755
I250731 20:26:07.430726 16908 3@pebble/event.go:1015 ⋮ [n1,s1,pebble] 82  [JOB 13] flushed 1 memtable (63MB) to L0 [000754 000755] (531KB), in 0.1s (0.1s total), output rate 4.8MB/s
I250731 20:26:07.430882 16829 3@pebble/event.go:999 ⋮ [n1,s1,pebble] 83  [JOB 14] compacting(default) L0 [000754] (438KB) Score=2.96 + L6 [000747 000749 000750 000751 000752] (17MB) Score=0.34; OverlappingRatio: Single 40.07, Multi 0.00
I250731 20:26:07.436397 16829 3@pebble/event.go:1039 ⋮ [n1,s1,pebble] 84  [JOB 14] compacting: sstable created 000756
I250731 20:26:07.591061 16829 3@pebble/event.go:1039 ⋮ [n1,s1,pebble] 85  [JOB 14] compacting: sstable created 000757
I250731 20:26:07.741215 16829 3@pebble/event.go:1039 ⋮ [n1,s1,pebble] 86  [JOB 14] compacting: sstable created 000758
I250731 20:26:07.860434 16829 3@pebble/event.go:1039 ⋮ [n1,s1,pebble] 87  [JOB 14] compacting: sstable created 000759
I250731 20:26:07.945659 16829 3@pebble/event.go:1039 ⋮ [n1,s1,pebble] 88  [JOB 14] compacting: sstable created 000760
I250731 20:26:07.979616 16829 3@pebble/event.go:1003 ⋮ [n1,s1,pebble] 89  [JOB 14] compacted(default) L0 [000754] (438KB) Score=2.96 + L6 [000747 000749 000750 000751 000752] (17MB) Score=0.34 -> L6 [000756 000757 000758 000759 000760] (17MB), in 0.5s (0.5s total), output rate 32MB/s
I250731 20:26:07.979961 16950 3@pebble/event.go:999 ⋮ [n1,s1,pebble] 90  [JOB 16] compacting(default) L0 [000755] (93KB) Score=2.93 + L6 [000746 000748] (4.5MB) Score=0.34; OverlappingRatio: Single 49.28, Multi 0.00
I250731 20:26:07.981847 94 3@pebble/event.go:1043 ⋮ [n1,s1,pebble] 91  [JOB 14] sstable deleted 000747
I250731 20:26:07.982269 94 3@pebble/event.go:1043 ⋮ [n1,s1,pebble] 92  [JOB 14] sstable deleted 000749
I250731 20:26:07.982689 94 3@pebble/event.go:1043 ⋮ [n1,s1,pebble] 93  [JOB 14] sstable deleted 000750
I250731 20:26:07.982742 16950 3@pebble/event.go:1039 ⋮ [n1,s1,pebble] 94  [JOB 16] compacting: sstable created 000761
I250731 20:26:07.982981 94 3@pebble/event.go:1043 ⋮ [n1,s1,pebble] 95  [JOB 14] sstable deleted 000751
I250731 20:26:07.983611 94 3@pebble/event.go:1043 ⋮ [n1,s1,pebble] 96  [JOB 14] sstable deleted 000752
I250731 20:26:07.983790 94 3@pebble/event.go:1043 ⋮ [n1,s1,pebble] 97  [JOB 14] sstable deleted 000754
I250731 20:26:08.054016 16950 3@pebble/event.go:1039 ⋮ [n1,s1,pebble] 98  [JOB 16] compacting: sstable created 000762
I250731 20:26:08.064614 16950 3@pebble/event.go:1003 ⋮ [n1,s1,pebble] 99  [JOB 16] compacted(default) L0 [000755] (93KB) Score=2.93 + L6 [000746 000748] (4.5MB) Score=0.34 -> L6 [000761 000762] (4.6MB), in 0.1s (0.1s total), output rate 54MB/s
I250731 20:26:08.065166 94 3@pebble/event.go:1043 ⋮ [n1,s1,pebble] 100  [JOB 16] sstable deleted 000746
I250731 20:26:08.065322 94 3@pebble/event.go:1043 ⋮ [n1,s1,pebble] 101  [JOB 16] sstable deleted 000748
I250731 20:26:08.065465 94 3@pebble/event.go:1043 ⋮ [n1,s1,pebble] 102  [JOB 16] sstable deleted 000755
I250731 20:31:47.227626 572 3@kv/kvserver/store.go:3801 ⋮ [T1,Vsystem,n1,s1] 103  Pebble metrics:
I250731 20:31:47.227626 572 3@kv/kvserver/store.go:3801 ⋮ [T1,Vsystem,n1,s1] 103 +      |                             |       |       |   ingested   |     moved    |    written   |       |    amp
I250731 20:31:47.227626 572 3@kv/kvserver/store.go:3801 ⋮ [T1,Vsystem,n1,s1] 103 +level | tables  size val-bl vtables | score |   in  | tables  size | tables  size | tables  size |  read |   r   w
I250731 20:31:47.227626 572 3@kv/kvserver/store.go:3801 ⋮ [T1,Vsystem,n1,s1] 103 +------+-----------------------------+-------+-------+--------------+--------------+--------------+-------+---------
I250731 20:31:47.227626 572 3@kv/kvserver/store.go:3801 ⋮ [T1,Vsystem,n1,s1] 103 +    0 |     0     0B     0B       0 |  0.00 | 109MB |     0     0B |     0     0B |     6  1.2MB |    0B |   0  0.0
I250731 20:31:47.227626 572 3@kv/kvserver/store.go:3801 ⋮ [T1,Vsystem,n1,s1] 103 +    1 |     0     0B     0B       0 |  0.00 |    0B |     0     0B |     0     0B |     0     0B |    0B |   0  0.0
I250731 20:31:47.227626 572 3@kv/kvserver/store.go:3801 ⋮ [T1,Vsystem,n1,s1] 103 +    2 |     0     0B     0B       0 |  0.00 |    0B |     0     0B |     0     0B |     0     0B |    0B |   0  0.0
I250731 20:31:47.227626 572 3@kv/kvserver/store.go:3801 ⋮ [T1,Vsystem,n1,s1] 103 +    3 |     0     0B     0B       0 |  0.00 |    0B |     0     0B |     0     0B |     0     0B |    0B |   0  0.0
I250731 20:31:47.227626 572 3@kv/kvserver/store.go:3801 ⋮ [T1,Vsystem,n1,s1] 103 +    4 |     0     0B     0B       0 |  0.00 |    0B |     0     0B |     0     0B |     0     0B |    0B |   0  0.0
I250731 20:31:47.227626 572 3@kv/kvserver/store.go:3801 ⋮ [T1,Vsystem,n1,s1] 103 +    5 |     0     0B     0B       0 |  0.00 |    0B |     0     0B |     0     0B |     0     0B |    0B |   0  0.0
I250731 20:31:47.227626 572 3@kv/kvserver/store.go:3801 ⋮ [T1,Vsystem,n1,s1] 103 +    6 |     7   22MB  645KB       0 |     - | 1.2MB |     0     0B |     0     0B |    21   65MB |  66MB |   1 55.5
I250731 20:31:47.227626 572 3@kv/kvserver/store.go:3801 ⋮ [T1,Vsystem,n1,s1] 103 +total |     7   22MB  645KB       0 |     - | 148MB |     0     0B |     0     0B |    27  214MB |  66MB |   1  1.4
I250731 20:31:47.227626 572 3@kv/kvserver/store.go:3801 ⋮ [T1,Vsystem,n1,s1] 103 +-------------------------------------------------------------------------------------------------------------------
I250731 20:31:47.227626 572 3@kv/kvserver/store.go:3801 ⋮ [T1,Vsystem,n1,s1] 103 +WAL: 1 files (38MB)  in: 138MB  written: 148MB (7% overhead)
I250731 20:31:47.227626 572 3@kv/kvserver/store.go:3801 ⋮ [T1,Vsystem,n1,s1] 103 +Flushes: 3
I250731 20:31:47.227626 572 3@kv/kvserver/store.go:3801 ⋮ [T1,Vsystem,n1,s1] 103 +Compactions: 6  estimated debt: 0B  in progress: 0 (0B)
I250731 20:31:47.227626 572 3@kv/kvserver/store.go:3801 ⋮ [T1,Vsystem,n1,s1] 103 +             default: 6  delete: 0  elision: 0  move: 0  read: 0  tombstone-density: 0  rewrite: 0  copy: 0  multi-level: 0
I250731 20:31:47.227626 572 3@kv/kvserver/store.go:3801 ⋮ [T1,Vsystem,n1,s1] 103 +MemTables: 1 (64MB)  zombie: 1 (64MB)
I250731 20:31:47.227626 572 3@kv/kvserver/store.go:3801 ⋮ [T1,Vsystem,n1,s1] 103 +Zombie tables: 0 (0B, local: 0B)
I250731 20:31:47.227626 572 3@kv/kvserver/store.go:3801 ⋮ [T1,Vsystem,n1,s1] 103 +Backing tables: 0 (0B)
I250731 20:31:47.227626 572 3@kv/kvserver/store.go:3801 ⋮ [T1,Vsystem,n1,s1] 103 +Virtual tables: 0 (0B)
I250731 20:31:47.227626 572 3@kv/kvserver/store.go:3801 ⋮ [T1,Vsystem,n1,s1] 103 +Local tables size: 22MB
I250731 20:31:47.227626 572 3@kv/kvserver/store.go:3801 ⋮ [T1,Vsystem,n1,s1] 103 +Compression types: snappy: 7
I250731 20:31:47.227626 572 3@kv/kvserver/store.go:3801 ⋮ [T1,Vsystem,n1,s1] 103 +Block cache: 0 entries (0B)  hit rate: 59.8%
I250731 20:31:47.227626 572 3@kv/kvserver/store.go:3801 ⋮ [T1,Vsystem,n1,s1] 103 +Table cache: 4 entries (3.3KB)  hit rate: 99.8%
I250731 20:31:47.227626 572 3@kv/kvserver/store.go:3801 ⋮ [T1,Vsystem,n1,s1] 103 +Snapshots: 0  earliest seq num: 0
I250731 20:31:47.227626 572 3@kv/kvserver/store.go:3801 ⋮ [T1,Vsystem,n1,s1] 103 +Table iters: 0
I250731 20:31:47.227626 572 3@kv/kvserver/store.go:3801 ⋮ [T1,Vsystem,n1,s1] 103 +Filter utility: 87.5%
I250731 20:31:47.227626 572 3@kv/kvserver/store.go:3801 ⋮ [T1,Vsystem,n1,s1] 103 +Ingestions: 0  as flushable: 0 (0B in 0 tables)
I250731 20:31:47.227626 572 3@kv/kvserver/store.go:3801 ⋮ [T1,Vsystem,n1,s1] 103 +Cgo memory usage: 128MB  block cache: 30KB (data: 0B, maps: 29KB, entries: 800B)  memtables: 128MB
I250731 20:34:27.354241 717 3@pebble/event.go:1059 ⋮ [n1,s1,pebble] 104  [JOB 17] WAL created 000763 (recycled 000742)
I250731 20:34:27.355885 25314 3@pebble/event.go:1011 ⋮ [n1,s1,pebble] 105  [JOB 18] flushing 1 memtable (63MB) to L0
I250731 20:34:27.365574 25314 3@pebble/event.go:1039 ⋮ [n1,s1,pebble] 106  [JOB 18] flushing: sstable created 000764
I250731 20:34:27.441446 25314 3@pebble/event.go:1039 ⋮ [n1,s1,pebble] 107  [JOB 18] flushing: sstable created 000765
I250731 20:34:27.445602 25314 3@pebble/event.go:1015 ⋮ [n1,s1,pebble] 108  [JOB 18] flushed 1 memtable (63MB) to L0 [000764 000765] (557KB), in 0.1s (0.1s total), output rate 6.1MB/s
I250731 20:34:27.445967 25333 3@pebble/event.go:999 ⋮ [n1,s1,pebble] 109  [JOB 19] compacting(default) L0 [000764] (458KB) Score=2.92 + L6 [000756 000757 000758 000759 000760] (17MB) Score=0.34; OverlappingRatio: Single 38.74, Multi 0.00
I250731 20:34:27.448704 25333 3@pebble/event.go:1039 ⋮ [n1,s1,pebble] 110  [JOB 19] compacting: sstable created 000766
I250731 20:34:27.583867 25333 3@pebble/event.go:1039 ⋮ [n1,s1,pebble] 111  [JOB 19] compacting: sstable created 000767
I250731 20:34:27.750177 25333 3@pebble/event.go:1039 ⋮ [n1,s1,pebble] 112  [JOB 19] compacting: sstable created 000768
I250731 20:34:27.861628 25333 3@pebble/event.go:1039 ⋮ [n1,s1,pebble] 113  [JOB 19] compacting: sstable created 000769
I250731 20:34:27.946201 25333 3@pebble/event.go:1039 ⋮ [n1,s1,pebble] 114  [JOB 19] compacting: sstable created 000770
I250731 20:34:27.977895 25333 3@pebble/event.go:1003 ⋮ [n1,s1,pebble] 115  [JOB 19] compacted(default) L0 [000764] (458KB) Score=2.92 + L6 [000756 000757 000758 000759 000760] (17MB) Score=0.34 -> L6 [000766 000767 000768 000769 000770] (18MB), in 0.5s (0.5s total), output rate 33MB/s
I250731 20:34:27.978190 25342 3@pebble/event.go:999 ⋮ [n1,s1,pebble] 116  [JOB 21] compacting(default) L0 [000765] (98KB) Score=2.89 + L6 [000761 000762] (4.6MB) Score=0.35; OverlappingRatio: Single 47.51, Multi 0.00
I250731 20:34:27.978985 94 3@pebble/event.go:1043 ⋮ [n1,s1,pebble] 117  [JOB 19] sstable deleted 000756
I250731 20:34:27.979393 94 3@pebble/event.go:1043 ⋮ [n1,s1,pebble] 118  [JOB 19] sstable deleted 000757
I250731 20:34:27.979547 25342 3@pebble/event.go:1039 ⋮ [n1,s1,pebble] 119  [JOB 21] compacting: sstable created 000771
I250731 20:34:27.979692 94 3@pebble/event.go:1043 ⋮ [n1,s1,pebble] 120  [JOB 19] sstable deleted 000758
I250731 20:34:27.980338 94 3@pebble/event.go:1043 ⋮ [n1,s1,pebble] 121  [JOB 19] sstable deleted 000759
I250731 20:34:27.980554 94 3@pebble/event.go:1043 ⋮ [n1,s1,pebble] 122  [JOB 19] sstable deleted 000760
I250731 20:34:27.980888 94 3@pebble/event.go:1043 ⋮ [n1,s1,pebble] 123  [JOB 19] sstable deleted 000764
I250731 20:34:28.076143 25342 3@pebble/event.go:1039 ⋮ [n1,s1,pebble] 124  [JOB 21] compacting: sstable created 000772
I250731 20:34:28.091092 25342 3@pebble/event.go:1003 ⋮ [n1,s1,pebble] 125  [JOB 21] compacted(default) L0 [000765] (98KB) Score=2.89 + L6 [000761 000762] (4.6MB) Score=0.35 -> L6 [000771 000772] (4.6MB), in 0.1s (0.1s total), output rate 41MB/s
I250731 20:34:28.091893 94 3@pebble/event.go:1043 ⋮ [n1,s1,pebble] 126  [JOB 21] sstable deleted 000761
I250731 20:34:28.093294 94 3@pebble/event.go:1043 ⋮ [n1,s1,pebble] 127  [JOB 21] sstable deleted 000762
I250731 20:34:28.093513 94 3@pebble/event.go:1043 ⋮ [n1,s1,pebble] 128  [JOB 21] sstable deleted 000765
I250731 20:41:47.197685 572 3@kv/kvserver/store.go:3801 ⋮ [T1,Vsystem,n1,s1] 129  Pebble metrics:
I250731 20:41:47.197685 572 3@kv/kvserver/store.go:3801 ⋮ [T1,Vsystem,n1,s1] 129 +      |                             |       |       |   ingested   |     moved    |    written   |       |    amp
I250731 20:41:47.197685 572 3@kv/kvserver/store.go:3801 ⋮ [T1,Vsystem,n1,s1] 129 +level | tables  size val-bl vtables | score |   in  | tables  size | tables  size | tables  size |  read |   r   w
I250731 20:41:47.197685 572 3@kv/kvserver/store.go:3801 ⋮ [T1,Vsystem,n1,s1] 129 +------+-----------------------------+-------+-------+--------------+--------------+--------------+-------+---------
I250731 20:41:47.197685 572 3@kv/kvserver/store.go:3801 ⋮ [T1,Vsystem,n1,s1] 129 +    0 |     0     0B     0B       0 |  0.00 | 167MB |     0     0B |     0     0B |     8  1.7MB |    0B |   0  0.0
I250731 20:41:47.197685 572 3@kv/kvserver/store.go:3801 ⋮ [T1,Vsystem,n1,s1] 129 +    1 |     0     0B     0B       0 |  0.00 |    0B |     0     0B |     0     0B |     0     0B |    0B |   0  0.0
I250731 20:41:47.197685 572 3@kv/kvserver/store.go:3801 ⋮ [T1,Vsystem,n1,s1] 129 +    2 |     0     0B     0B       0 |  0.00 |    0B |     0     0B |     0     0B |     0     0B |    0B |   0  0.0
I250731 20:41:47.197685 572 3@kv/kvserver/store.go:3801 ⋮ [T1,Vsystem,n1,s1] 129 +    3 |     0     0B     0B       0 |  0.00 |    0B |     0     0B |     0     0B |     0     0B |    0B |   0  0.0
I250731 20:41:47.197685 572 3@kv/kvserver/store.go:3801 ⋮ [T1,Vsystem,n1,s1] 129 +    4 |     0     0B     0B       0 |  0.00 |    0B |     0     0B |     0     0B |     0     0B |    0B |   0  0.0
I250731 20:41:47.197685 572 3@kv/kvserver/store.go:3801 ⋮ [T1,Vsystem,n1,s1] 129 +    5 |     0     0B     0B       0 |  0.00 |    0B |     0     0B |     0     0B |     0     0B |    0B |   0  0.0
I250731 20:41:47.197685 572 3@kv/kvserver/store.go:3801 ⋮ [T1,Vsystem,n1,s1] 129 +    6 |     7   22MB  699KB       0 |     - | 1.7MB |     0     0B |     0     0B |    28   87MB |  88MB |   1 50.8
I250731 20:41:47.197685 572 3@kv/kvserver/store.go:3801 ⋮ [T1,Vsystem,n1,s1] 129 +total |     7   22MB  699KB       0 |     - | 216MB |     0     0B |     0     0B |    36  304MB |  88MB |   1  1.4
I250731 20:41:47.197685 572 3@kv/kvserver/store.go:3801 ⋮ [T1,Vsystem,n1,s1] 129 +-------------------------------------------------------------------------------------------------------------------
I250731 20:41:47.197685 572 3@kv/kvserver/store.go:3801 ⋮ [T1,Vsystem,n1,s1] 129 +WAL: 1 files (49MB)  in: 206MB  written: 216MB (5% overhead)
I250731 20:41:47.197685 572 3@kv/kvserver/store.go:3801 ⋮ [T1,Vsystem,n1,s1] 129 +Flushes: 4
I250731 20:41:47.197685 572 3@kv/kvserver/store.go:3801 ⋮ [T1,Vsystem,n1,s1] 129 +Compactions: 8  estimated debt: 0B  in progress: 0 (0B)
I250731 20:41:47.197685 572 3@kv/kvserver/store.go:3801 ⋮ [T1,Vsystem,n1,s1] 129 +             default: 8  delete: 0  elision: 0  move: 0  read: 0  tombstone-density: 0  rewrite: 0  copy: 0  multi-level: 0
I250731 20:41:47.197685 572 3@kv/kvserver/store.go:3801 ⋮ [T1,Vsystem,n1,s1] 129 +MemTables: 1 (64MB)  zombie: 1 (64MB)
I250731 20:41:47.197685 572 3@kv/kvserver/store.go:3801 ⋮ [T1,Vsystem,n1,s1] 129 +Zombie tables: 0 (0B, local: 0B)
I250731 20:41:47.197685 572 3@kv/kvserver/store.go:3801 ⋮ [T1,Vsystem,n1,s1] 129 +Backing tables: 0 (0B)
I250731 20:41:47.197685 572 3@kv/kvserver/store.go:3801 ⋮ [T1,Vsystem,n1,s1] 129 +Virtual tables: 0 (0B)
I250731 20:41:47.197685 572 3@kv/kvserver/store.go:3801 ⋮ [T1,Vsystem,n1,s1] 129 +Local tables size: 22MB
I250731 20:41:47.197685 572 3@kv/kvserver/store.go:3801 ⋮ [T1,Vsystem,n1,s1] 129 +Compression types: snappy: 7
I250731 20:41:47.197685 572 3@kv/kvserver/store.go:3801 ⋮ [T1,Vsystem,n1,s1] 129 +Block cache: 0 entries (0B)  hit rate: 42.3%
I250731 20:41:47.197685 572 3@kv/kvserver/store.go:3801 ⋮ [T1,Vsystem,n1,s1] 129 +Table cache: 4 entries (3.3KB)  hit rate: 99.9%
I250731 20:41:47.197685 572 3@kv/kvserver/store.go:3801 ⋮ [T1,Vsystem,n1,s1] 129 +Snapshots: 0  earliest seq num: 0
I250731 20:41:47.197685 572 3@kv/kvserver/store.go:3801 ⋮ [T1,Vsystem,n1,s1] 129 +Table iters: 0
I250731 20:41:47.197685 572 3@kv/kvserver/store.go:3801 ⋮ [T1,Vsystem,n1,s1] 129 +Filter utility: 90.9%
I250731 20:41:47.197685 572 3@kv/kvserver/store.go:3801 ⋮ [T1,Vsystem,n1,s1] 129 +Ingestions: 0  as flushable: 0 (0B in 0 tables)
I250731 20:41:47.197685 572 3@kv/kvserver/store.go:3801 ⋮ [T1,Vsystem,n1,s1] 129 +Cgo memory usage: 128MB  block cache: 30KB (data: 0B, maps: 29KB, entries: 800B)  memtables: 128MB
