I250821 15:04:44.385458 1 util/log/file_sync_buffer.go:237 ⋮ [config]   file created at: 2025/08/21 15:04:44
I250821 15:04:44.385499 1 util/log/file_sync_buffer.go:237 ⋮ [config]   running on machine: ‹bad8e4b9181e›
I250821 15:04:44.385588 1 util/log/file_sync_buffer.go:237 ⋮ [config]   binary: CockroachDB CCL v25.2.0 (aarch64-unknown-linux-gnu, built 2025/05/15 21:07:42, go1.23.7 X:nocoverageredesign)
I250821 15:04:44.385597 1 util/log/file_sync_buffer.go:237 ⋮ [config]   arguments: [‹/cockroach/cockroach› ‹start-single-node› ‹--certs-dir=certs› ‹--advertise-addr=127.0.0.1:26257› ‹--insecure› ‹--http-addr=0.0.0.0:8080›]
I250821 15:04:44.385637 1 util/log/file_sync_buffer.go:237 ⋮ [config]   log format (utf8=✓): crdb-v2
I250821 15:04:44.385644 1 util/log/file_sync_buffer.go:237 ⋮ [config]   line format: [IWEF]yymmdd hh:mm:ss.uuuuuu goid [chan@]file:line redactionmark \[tags\] [counter] msg
W250821 15:04:44.365817 1 1@cli/start.go:1438 ⋮ [n?] 1  ALL SECURITY CONTROLS HAVE BEEN DISABLED!
W250821 15:04:44.365817 1 1@cli/start.go:1438 ⋮ [n?] 1 +
W250821 15:04:44.365817 1 1@cli/start.go:1438 ⋮ [n?] 1 +This mode is intended for non-production testing only.
W250821 15:04:44.365817 1 1@cli/start.go:1438 ⋮ [n?] 1 +
W250821 15:04:44.365817 1 1@cli/start.go:1438 ⋮ [n?] 1 +In this mode:
W250821 15:04:44.365817 1 1@cli/start.go:1438 ⋮ [n?] 1 +- Your cluster is open to any client that can access ‹any of your IP addresses›.
W250821 15:04:44.365817 1 1@cli/start.go:1438 ⋮ [n?] 1 +- Intruders with access to your machine or network can observe client-server traffic.
W250821 15:04:44.365817 1 1@cli/start.go:1438 ⋮ [n?] 1 +- Intruders can log in without password and read or write any data in the cluster.
W250821 15:04:44.365817 1 1@cli/start.go:1438 ⋮ [n?] 1 +- Intruders can consume all your server's resources and cause unavailability.
I250821 15:04:44.416993 1 1@cli/start.go:1448 ⋮ [n?] 2  To start a secure server without mandating TLS for clients,
I250821 15:04:44.416993 1 1@cli/start.go:1448 ⋮ [n?] 2 +consider --accept-sql-without-tls instead. For other options, see:
I250821 15:04:44.416993 1 1@cli/start.go:1448 ⋮ [n?] 2 +
I250821 15:04:44.416993 1 1@cli/start.go:1448 ⋮ [n?] 2 +- https://go.crdb.dev/issue-v/53404/v25.2
I250821 15:04:44.416993 1 1@cli/start.go:1448 ⋮ [n?] 2 +- https://www.cockroachlabs.com/docs/v25.2/secure-a-cluster.html
I250821 15:04:44.417462 1 server/status/recorder.go:856 ⋮ [n?] 3  ‹available memory from cgroups (8.0 EiB) is unsupported, using system memory 12 GiB instead: ›
W250821 15:04:44.417524 1 1@cli/start.go:1360 ⋮ [n?] 4  Using the default setting for --cache (128 MiB).
W250821 15:04:44.417524 1 1@cli/start.go:1360 ⋮ [n?] 4 +  A significantly larger value is usually needed for good performance.
W250821 15:04:44.417524 1 1@cli/start.go:1360 ⋮ [n?] 4 +  If you have a dedicated server a reasonable setting is --cache=.25 (2.9 GiB).
I250821 15:04:44.417755 1 server/status/recorder.go:856 ⋮ [n?] 5  ‹available memory from cgroups (8.0 EiB) is unsupported, using system memory 12 GiB instead: ›
I250821 15:04:44.417780 1 1@cli/start.go:1477 ⋮ [n?] 6  CockroachDB CCL v25.2.0 (aarch64-unknown-linux-gnu, built 2025/05/15 21:07:42, go1.23.7 X:nocoverageredesign)
I250821 15:04:44.418502 1 server/status/recorder.go:856 ⋮ [n?] 7  ‹available memory from cgroups (8.0 EiB) is unsupported, using system memory 12 GiB instead: ›
I250821 15:04:44.418528 1 1@cli/start.go:554 ⋮ [n?] 8  soft memory limit of Go runtime is set to 6.6 GiB
I250821 15:04:44.418549 1 1@cli/start.go:591 ⋮ [n?] 9  GC target percentage of Go runtime is set to 300%
I250821 15:04:44.464197 1 server/status/recorder.go:856 ⋮ [T1,Vsystem,n?] 10  ‹available memory from cgroups (8.0 EiB) is unsupported, using system memory 12 GiB instead: ›
I250821 15:04:44.464245 1 server/config.go:674 ⋮ [T1,Vsystem,n?] 11  system total memory: 12 GiB
I250821 15:04:44.464262 1 server/config.go:676 ⋮ [T1,Vsystem,n?] 12  server configuration:
I250821 15:04:44.464262 1 server/config.go:676 ⋮ [T1,Vsystem,n?] 12 +max offset             500000000
I250821 15:04:44.464262 1 server/config.go:676 ⋮ [T1,Vsystem,n?] 12 +cache size             128 MiB
I250821 15:04:44.464262 1 server/config.go:676 ⋮ [T1,Vsystem,n?] 12 +SQL memory pool size   2.9 GiB
I250821 15:04:44.464262 1 server/config.go:676 ⋮ [T1,Vsystem,n?] 12 +scan interval          10m0s
I250821 15:04:44.464262 1 server/config.go:676 ⋮ [T1,Vsystem,n?] 12 +scan min idle time     10ms
I250821 15:04:44.464262 1 server/config.go:676 ⋮ [T1,Vsystem,n?] 12 +scan max idle time     1s
I250821 15:04:44.464262 1 server/config.go:676 ⋮ [T1,Vsystem,n?] 12 +event log enabled      true
I250821 15:04:44.464322 1 1@cli/start.go:1338 ⋮ [T1,Vsystem,n?] 13  using local environment variables:
I250821 15:04:44.464322 1 1@cli/start.go:1338 ⋮ [T1,Vsystem,n?] 13 +COCKROACH_CHANNEL=official-docker
I250821 15:04:44.464338 1 1@cli/start.go:1345 ⋮ [T1,Vsystem,n?] 14  process identity: uid 0 euid 0 gid 0 egid 0
I250821 15:04:44.474492 1 1@cli/start.go:1500 ⋮ [T1,Vsystem,n?] 15  GEOS loaded from directory ‹/usr/local/lib/cockroach›
I250821 15:04:44.474547 1 1@cli/start.go:777 ⋮ [T1,Vsystem,n?] 16  starting cockroach node
I250821 15:04:45.172146 12 server/config.go:880 ⋮ [T1,Vsystem,n?] 17  1 storage engine initialized
I250821 15:04:45.172182 12 server/config.go:883 ⋮ [T1,Vsystem,n?] 18  Pebble cache size: 128 MiB
I250821 15:04:45.172194 12 server/config.go:883 ⋮ [T1,Vsystem,n?] 19  store 0: max size 0 B, max open file limit 1043576
I250821 15:04:45.172200 12 server/config.go:883 ⋮ [T1,Vsystem,n?] 20  store 0: /cockroach/cockroach-data: rw encrypted=false fs:{bdev=/run/host_mark/Users fstype=fakeowner mountpoint=/cockroach/cockroach-data mountopts=rw,nosuid,nodev,relatime,fakeowner}
I250821 15:04:45.180712 126 util/cidr/cidr.go:299 ⋮ [T1,Vsystem,n?] 21  CIDR lookup updated with 0 destinations
I250821 15:04:45.343322 12 1@server/clock_monotonicity.go:61 ⋮ [T1,Vsystem,n?] 22  monitoring forward clock jumps based on server.clock.forward_jump_check.enabled
I250821 15:04:45.365688 12 1@server/clock_monotonicity.go:136 ⋮ [T1,Vsystem,n1] 23  Sleeping till wall time 1755788685365682927 to catches up to 1755788685843296553 to ensure monotonicity. Sub: 477.613626ms
I250821 15:04:45.365820 575 1@server/server.go:1802 ⋮ [T1,Vsystem,n1] 24  connecting to gossip network to verify cluster ID "7c4e678d-486f-4806-8e59-dd3b5b489461"
W250821 15:04:45.843821 12 1@cli/start.go:1299 ⋮ [T1,Vsystem,n1] 25  Running a server without --sql-addr, with a combined RPC/SQL listener, is deprecated.
W250821 15:04:45.843821 12 1@cli/start.go:1299 ⋮ [T1,Vsystem,n1] 25 +This feature will be removed in a later version of CockroachDB.
W250821 15:04:45.843908 12 1@gossip/gossip.go:1460 ⋮ [T1,Vsystem,n1] 26  no addresses found; use --join to specify a connected node
I250821 15:04:45.883135 46 kv/kvserver/kvstorage/init.go:250 ⋮ [T1,Vsystem,n1,s1] 27  beginning range descriptor iteration
I250821 15:04:45.886660 46 kv/kvserver/kvstorage/init.go:374 ⋮ [T1,Vsystem,n1,s1] 28  range descriptor iteration done: 58 range descriptors, 0 intents, 0 tombstones; stats: ‹seeked 120 times (61 internal); stepped 0 times (0 internal); blocks: 201KB cached, 13KB not cached (read time: 3.105083ms); points: 59 (1.2KB keys, 1.8KB values); separated: 6 (343B, 0B fetched)›
I250821 15:04:45.902674 46 kv/kvserver/kvstorage/init.go:501 ⋮ [T1,Vsystem,n1,s1] 29  loaded replica ID for 58/58 replicas
I250821 15:04:45.903844 46 kv/kvserver/kvstorage/init.go:518 ⋮ [T1,Vsystem,n1,s1] 30  loaded Raft state for 58/58 replicas
I250821 15:04:45.916544 46 kv/kvserver/kvstorage/init.go:545 ⋮ [T1,Vsystem,n1,s1] 31  loaded 58 replicas
I250821 15:04:45.916612 46 kv/kvserver/kvstorage/init.go:576 ⋮ [T1,Vsystem,n1,s1] 32  verified 58/58 replicas
I250821 15:04:45.948076 46 kv/kvserver/store.go:2369 ⋮ [T1,Vsystem,n1,s1] 33  initialized 58/58 replicas
I250821 15:04:45.948231 46 server/node.go:690 ⋮ [T1,Vsystem,n1] 34  initialized store s1 in 104ms (58 replicas)
I250821 15:04:45.948289 12 kv/kvserver/stores.go:261 ⋮ [T1,Vsystem,n1] 35  read 0 node addresses from persistent storage
I250821 15:04:45.954182 12 server/node.go:801 ⋮ [T1,Vsystem,n1] 36  started with attributes []
I250821 15:04:45.954369 12 server/goroutinedumper/goroutinedumper.go:117 ⋮ [T1,Vsystem,n1] 37  writing goroutine dumps to ‹/cockroach/cockroach-data/logs/goroutine_dump›
I250821 15:04:45.954507 12 server/profiler/heapprofiler.go:72 ⋮ [T1,Vsystem,n1] 38  writing go heap profiles to ‹/cockroach/cockroach-data/logs/heap_profiler› at least every 1h0m0s
I250821 15:04:45.954554 12 server/profiler/memory_monitoring_profiler.go:66 ⋮ [T1,Vsystem,n1] 39  writing memory monitoring dumps to ‹/cockroach/cockroach-data/logs/heap_profiler› at least every 1h0m0s
I250821 15:04:45.954582 12 server/profiler/cgoprofiler.go:66 ⋮ [T1,Vsystem,n1] 40  to enable jmalloc profiling: "export MALLOC_CONF=prof:true" or "ln -s prof:true /etc/malloc.conf"
I250821 15:04:45.954649 12 server/profiler/statsprofiler.go:68 ⋮ [T1,Vsystem,n1] 41  writing memory stats to ‹/cockroach/cockroach-data/logs/heap_profiler› at last every 1h0m0s
I250821 15:04:45.954892 12 server/profiler/activequeryprofiler.go:88 ⋮ [T1,Vsystem,n1] 42  writing go query profiles to ‹/cockroach/cockroach-data/logs/heap_profiler›
I250821 15:04:45.954943 12 server/profiler/cpuprofiler.go:87 ⋮ [T1,Vsystem,n1] 43  writing cpu profile dumps to ‹/cockroach/cockroach-data/logs/pprof_dump›
I250821 15:04:45.955417 12 1@server/server.go:1999 ⋮ [T1,Vsystem,n1] 44  starting http server at ‹[::]:8080› (use: ‹127.0.0.1:8080›)
I250821 15:04:45.955445 12 1@server/server.go:2007 ⋮ [T1,Vsystem,n1] 45  starting grpc/postgres server at ‹[::]:26257›
I250821 15:04:45.955465 12 1@server/server.go:2008 ⋮ [T1,Vsystem,n1] 46  advertising CockroachDB node at ‹127.0.0.1:26257›
I250821 15:04:45.957504 575 1@server/server.go:1805 ⋮ [T1,Vsystem,n1] 47  node connected via gossip
I250821 15:04:45.987697 658 kv/kvserver/storeliveness/support_manager.go:285 ⋮ [T1,Vsystem,n1,s1] 48  starting to heartbeat store {NodeID:1 StoreID:1}
I250821 15:04:46.015952 658 kv/kvserver/storeliveness/supporter_state.go:298 ⋮ [T1,Vsystem,n1,s1] 49  provided support for store {NodeID:1 StoreID:1}; old = {Target:{NodeID:1 StoreID:1} Epoch:81 Expiration:1755788581.721070294,0}, new = {Target:{NodeID:1 StoreID:1} Epoch:82 Expiration:1755788688.987786803,0}
I250821 15:04:46.019116 658 kv/kvserver/storeliveness/requester_state.go:425 ⋮ [T1,Vsystem,n1,s1] 50  received support from store {NodeID:1 StoreID:1}; old = {Target:{NodeID:1 StoreID:1} Epoch:82 Expiration:0,0}, new = {Target:{NodeID:1 StoreID:1} Epoch:82 Expiration:1755788688.987786803,0}
I250821 15:04:46.213832 12 1@util/log/event_log.go:39 ⋮ [T1,Vsystem,n1] 51 ={"Timestamp":1755788686213804094,"EventType":"node_restart","NodeID":1,"StartedAt":1755788685844036719,"LastUp":1755788578715175753}
I250821 15:04:46.216262 908 kv/kvclient/rangefeed/rangefeedcache/watcher.go:340 ⋮ [T1,Vsystem,n1] 52  settings-watcher: established range feed cache
I250821 15:04:46.217456 906 kv/kvclient/rangefeed/rangefeedcache/watcher.go:340 ⋮ [T1,Vsystem,n1] 53  spanconfig-subscriber: established range feed cache
I250821 15:04:46.293660 12 sql/sqlliveness/slinstance/slinstance.go:435 ⋮ [T1,Vsystem,n1] 54  starting SQL liveness instance
I250821 15:04:46.299449 255 kv/kvserver/replica_rangefeed.go:882 ⋮ [T1,Vsystem,n1,rangefeed=‹settings-watcher›,mux_n=1,gen=2,r10/1:‹/Table/{6-7}›,sm=1,sid=1,s1] 55  RangeFeed closed timestamp 1755727211.688855459,0 is behind by 17h4m34.610587719s (behind=17h4m34.610587719s target=3s nudge=true cancel=false)
I250821 15:04:46.335186 1218 sql/sqlliveness/slstorage/slstorage.go:540 ⋮ [T1,Vsystem,n1] 56  inserted sqlliveness session 010180dad0ff89d0ec4c3fb58d6e050ed1cadc with expiry 1755788726.293822636,0
I250821 15:04:46.335308 1218 sql/sqlliveness/slinstance/slinstance.go:247 ⋮ [T1,Vsystem,n1] 57  created new SQL liveness session 010180dad0ff89d0ec4c3fb58d6e050ed1cadc
I250821 15:04:46.335347 12 sql/sqlinstance/instancestorage/instancestorage.go:338 ⋮ [T1,Vsystem,n1] 58  assigning instance id to rpc addr ‹127.0.0.1:26257› and sql addr ‹127.0.0.1:26257›
I250821 15:04:46.350719 12 server/server_sql.go:1618 ⋮ [T1,Vsystem,n1] 59  bound sqlinstance: Instance{RegionPrefix: gA==, InstanceID: 1, SQLAddr: ‹127.0.0.1:26257›, RPCAddr: ‹127.0.0.1:26257›, SessionID: 010180dad0ff89d0ec4c3fb58d6e050ed1cadc, Locality: , BinaryVersion: 25.2}
I250821 15:04:46.351008 12 upgrade/upgrademanager/manager.go:171 ⋮ [T1,Vsystem,n1] 60  running permanent upgrades up to version: 25.2
I250821 15:04:46.352515 1276 kv/kvclient/rangefeed/rangefeedcache/watcher.go:340 ⋮ [T1,Vsystem,n1] 61  system-config-cache: established range feed cache
I250821 15:04:46.355374 1228 sql/temporary_schema.go:506 ⋮ [T1,Vsystem,n1] 62  running temporary object cleanup background job
I250821 15:04:46.355994 1231 sql/sqlstats/persistedsqlstats/provider.go:159 ⋮ [T1,Vsystem,n1] 63  starting sql-stats-worker with initial delay: 11m3.318696642s
I250821 15:04:46.463357 12 upgrade/upgrademanager/manager.go:233 ⋮ [T1,Vsystem,n1] 64  detected the last permanent upgrade (v0.0-upgrading-step-004) to have already completed; no permanent upgrades will run
I250821 15:04:46.463427 12 server/server_sql.go:1720 ⋮ [T1,Vsystem,n1] 65  done ensuring all necessary startup migrations have run
I250821 15:04:46.467386 1228 sql/temporary_schema.go:556 ⋮ [T1,Vsystem,n1] 66  found 0 temporary schemas
I250821 15:04:46.467416 1228 sql/temporary_schema.go:559 ⋮ [T1,Vsystem,n1] 67  early exiting temporary schema cleaner as no temporary schemas were found
I250821 15:04:46.467427 1228 sql/temporary_schema.go:560 ⋮ [T1,Vsystem,n1] 68  completed temporary object cleanup job
I250821 15:04:46.467494 1228 sql/temporary_schema.go:641 ⋮ [T1,Vsystem,n1] 69  temporary object cleaner next scheduled to run at 2025-08-21 15:34:46.355354261 +0000 UTC m=+1802.822036961
I250821 15:04:46.470957 12 server/license/enforcer.go:262 ⋮ [T1,Vsystem,n1] 70  trial license expiry initialized to 1970-01-01 00:00:00 +0000 UTC
I250821 15:04:46.471143 12 server/license/enforcer.go:298 ⋮ [T1,Vsystem,n1] 71  fetched existing cluster init grace period end time: 2025-08-24 14:50:24 +0000 UTC
I250821 15:04:46.471269 12 server/license/enforcer.go:498 ⋮ [T1,Vsystem,n1] 72  enforcer license updated: type is none, grace period ends at "2025-08-24 14:50:24 +0000 UTC", telemetry required: false
I250821 15:04:46.471293 12 server/license/enforcer.go:498 ⋮ [T1,Vsystem,n1] 73  enforcer license updated: type is none, grace period ends at "2025-08-24 14:50:24 +0000 UTC", telemetry required: false
I250821 15:04:46.492520 1529 kv/kvclient/rangefeed/rangefeedcache/watcher.go:340 ⋮ [T1,Vsystem,n1] 74  tenant-settings-watcher: established range feed cache
I250821 15:04:46.492982 1531 kv/kvclient/rangefeed/rangefeedcache/watcher.go:340 ⋮ [T1,Vsystem,n1] 75  tenant-entry-watcher: established range feed cache
I250821 15:04:46.496910 1531 multitenant/tenantcapabilities/tenantcapabilitieswatcher/watcher.go:285 ⋮ [T1,Vsystem,n1] 76  received results of a full table scan for tenant capabilities
I250821 15:04:46.504041 12 server/license/enforcer.go:582 ⋮ [T1,Vsystem,n1] 77  disable all license enforcement
I250821 15:04:46.504086 12 1@server/server_sql.go:1971 ⋮ [T1,Vsystem,n1] 78  serving sql connections
I250821 15:04:46.504232 12 1@cli/start.go:1286 ⋮ [T1,Vsystem,n1] 79  node startup completed:
I250821 15:04:46.504232 12 1@cli/start.go:1286 ⋮ [T1,Vsystem,n1] 79 +CockroachDB node starting at 2025-08-21 15:04:46.504106761 +0000 UTC m=+2.970789419 (took 2.4s)
I250821 15:04:46.504232 12 1@cli/start.go:1286 ⋮ [T1,Vsystem,n1] 79 +build:               CCL v25.2.0 @ 2025/05/15 21:07:42 (go1.23.7 X:nocoverageredesign)
I250821 15:04:46.504232 12 1@cli/start.go:1286 ⋮ [T1,Vsystem,n1] 79 +malloc_conf:         prof:false,prof_active:true,background_thread:true,thp:never,metadata_thp:disabled,narenas:48,dirty_decay_ms:2000,muzzy_decay_ms:0
I250821 15:04:46.504232 12 1@cli/start.go:1286 ⋮ [T1,Vsystem,n1] 79 +webui:               ‹http://127.0.0.1:8080›
I250821 15:04:46.504232 12 1@cli/start.go:1286 ⋮ [T1,Vsystem,n1] 79 +sql:                 ‹postgresql://root@127.0.0.1:26257/defaultdb?sslmode=disable›
I250821 15:04:46.504232 12 1@cli/start.go:1286 ⋮ [T1,Vsystem,n1] 79 +sql (JDBC):          ‹jdbc:postgresql://127.0.0.1:26257/defaultdb?sslmode=disable&user=root›
I250821 15:04:46.504232 12 1@cli/start.go:1286 ⋮ [T1,Vsystem,n1] 79 +RPC client flags:    ‹/cockroach/cockroach <client cmd> --host=127.0.0.1:26257 --insecure›
I250821 15:04:46.504232 12 1@cli/start.go:1286 ⋮ [T1,Vsystem,n1] 79 +logs:                ‹/cockroach/cockroach-data/logs›
I250821 15:04:46.504232 12 1@cli/start.go:1286 ⋮ [T1,Vsystem,n1] 79 +temp dir:            ‹/cockroach/cockroach-data/cockroach-temp703199381›
I250821 15:04:46.504232 12 1@cli/start.go:1286 ⋮ [T1,Vsystem,n1] 79 +external I/O path:   ‹/cockroach/cockroach-data/extern›
I250821 15:04:46.504232 12 1@cli/start.go:1286 ⋮ [T1,Vsystem,n1] 79 +store[0]:            ‹path=/cockroach/cockroach-data›
I250821 15:04:46.504232 12 1@cli/start.go:1286 ⋮ [T1,Vsystem,n1] 79 +clusterID:           7c4e678d-486f-4806-8e59-dd3b5b489461
I250821 15:04:46.504232 12 1@cli/start.go:1286 ⋮ [T1,Vsystem,n1] 79 +status:              restarted pre-existing node
I250821 15:04:46.504232 12 1@cli/start.go:1286 ⋮ [T1,Vsystem,n1] 79 +nodeID:              1
I250821 15:04:46.509687 1527 server/auto_upgrade.go:81 ⋮ [T1,Vsystem,n1] 80  no need to upgrade, cluster already at the newest version
I250821 15:04:46.509780 1441 jobs/job_scheduler.go:407 ⋮ [T1,Vsystem,n1] 81  waiting 2m0s before scheduled jobs daemon start
I250821 15:04:46.580569 1439 sql/syntheticprivilegecache/cache.go:202 ⋮ [T1,Vsystem,n1] 82  warmed privileges for virtual tables in 86.456875ms
I250821 15:04:46.617139 1737 sql/sqlliveness/slstorage/slstorage.go:391 ⋮ [n1,intExec=query-lease-table-dead-sessions] 83  deleted session 0101803736be6c764a4472a28ac0df1d7f9290 which expired at 1755788615.103190334,0
I250821 15:04:46.742589 1722 sql/catalog/lease/lease.go:2467 ⋮ [T1,Vsystem,n1] 84  released orphaned lease: ID=1 ver=1 expiration={0001-01-01 00:00:00 +0000 UTC}
I250821 15:04:46.742758 1723 sql/catalog/lease/lease.go:2467 ⋮ [T1,Vsystem,n1] 85  released orphaned lease: ID=3 ver=1 expiration={0001-01-01 00:00:00 +0000 UTC}
I250821 15:04:46.746697 1726 sql/catalog/lease/lease.go:2467 ⋮ [T1,Vsystem,n1] 86  released orphaned lease: ID=6 ver=1 expiration={0001-01-01 00:00:00 +0000 UTC}
I250821 15:04:46.746747 1725 sql/catalog/lease/lease.go:2467 ⋮ [T1,Vsystem,n1] 88  released orphaned lease: ID=5 ver=1 expiration={0001-01-01 00:00:00 +0000 UTC}
I250821 15:04:46.746667 1724 sql/catalog/lease/lease.go:2467 ⋮ [T1,Vsystem,n1] 87  released orphaned lease: ID=4 ver=1 expiration={0001-01-01 00:00:00 +0000 UTC}
I250821 15:04:46.747103 1446 sql/catalog/lease/lease.go:2467 ⋮ [T1,Vsystem,n1] 89  released orphaned lease: ID=7 ver=1 expiration={0001-01-01 00:00:00 +0000 UTC}
I250821 15:04:46.747315 1727 sql/catalog/lease/lease.go:2467 ⋮ [T1,Vsystem,n1] 90  released orphaned lease: ID=8 ver=1 expiration={0001-01-01 00:00:00 +0000 UTC}
I250821 15:04:46.748565 1615 sql/catalog/lease/lease.go:2467 ⋮ [T1,Vsystem,n1] 91  released orphaned lease: ID=11 ver=1 expiration={0001-01-01 00:00:00 +0000 UTC}
I250821 15:04:46.748762 1447 sql/catalog/lease/lease.go:2467 ⋮ [T1,Vsystem,n1] 92  released orphaned lease: ID=9 ver=1 expiration={0001-01-01 00:00:00 +0000 UTC}
I250821 15:04:46.758246 1728 sql/catalog/lease/lease.go:2467 ⋮ [T1,Vsystem,n1] 93  released orphaned lease: ID=14 ver=1 expiration={0001-01-01 00:00:00 +0000 UTC}
I250821 15:04:46.758363 1616 sql/catalog/lease/lease.go:2467 ⋮ [T1,Vsystem,n1] 94  released orphaned lease: ID=12 ver=1 expiration={0001-01-01 00:00:00 +0000 UTC}
I250821 15:04:46.762908 1617 sql/catalog/lease/lease.go:2467 ⋮ [T1,Vsystem,n1] 95  released orphaned lease: ID=15 ver=1 expiration={0001-01-01 00:00:00 +0000 UTC}
I250821 15:04:46.763242 1448 sql/catalog/lease/lease.go:2467 ⋮ [T1,Vsystem,n1] 96  released orphaned lease: ID=13 ver=1 expiration={0001-01-01 00:00:00 +0000 UTC}
I250821 15:04:46.763329 1449 sql/catalog/lease/lease.go:2467 ⋮ [T1,Vsystem,n1] 97  released orphaned lease: ID=19 ver=1 expiration={0001-01-01 00:00:00 +0000 UTC}
I250821 15:04:46.764191 1747 sql/catalog/lease/lease.go:2467 ⋮ [T1,Vsystem,n1] 98  released orphaned lease: ID=20 ver=1 expiration={0001-01-01 00:00:00 +0000 UTC}
I250821 15:04:46.765229 1762 sql/catalog/lease/lease.go:2467 ⋮ [T1,Vsystem,n1] 99  released orphaned lease: ID=21 ver=1 expiration={0001-01-01 00:00:00 +0000 UTC}
I250821 15:04:46.766812 1750 sql/catalog/lease/lease.go:2467 ⋮ [T1,Vsystem,n1] 100  released orphaned lease: ID=25 ver=1 expiration={0001-01-01 00:00:00 +0000 UTC}
I250821 15:04:46.767891 1764 sql/catalog/lease/lease.go:2467 ⋮ [T1,Vsystem,n1] 101  released orphaned lease: ID=28 ver=1 expiration={0001-01-01 00:00:00 +0000 UTC}
I250821 15:04:46.768720 1748 sql/catalog/lease/lease.go:2467 ⋮ [T1,Vsystem,n1] 102  released orphaned lease: ID=23 ver=1 expiration={0001-01-01 00:00:00 +0000 UTC}
I250821 15:04:46.769014 1749 sql/catalog/lease/lease.go:2467 ⋮ [T1,Vsystem,n1] 103  released orphaned lease: ID=24 ver=1 expiration={0001-01-01 00:00:00 +0000 UTC}
I250821 15:04:46.769205 1763 sql/catalog/lease/lease.go:2467 ⋮ [T1,Vsystem,n1] 104  released orphaned lease: ID=26 ver=1 expiration={0001-01-01 00:00:00 +0000 UTC}
I250821 15:04:46.769374 1729 sql/catalog/lease/lease.go:2467 ⋮ [T1,Vsystem,n1] 105  released orphaned lease: ID=27 ver=1 expiration={0001-01-01 00:00:00 +0000 UTC}
I250821 15:04:46.770531 1769 sql/catalog/lease/lease.go:2467 ⋮ [T1,Vsystem,n1] 106  released orphaned lease: ID=34 ver=1 expiration={0001-01-01 00:00:00 +0000 UTC}
I250821 15:04:46.771401 1765 sql/catalog/lease/lease.go:2467 ⋮ [T1,Vsystem,n1] 107  released orphaned lease: ID=30 ver=1 expiration={0001-01-01 00:00:00 +0000 UTC}
I250821 15:04:46.771658 1767 sql/catalog/lease/lease.go:2467 ⋮ [T1,Vsystem,n1] 108  released orphaned lease: ID=32 ver=1 expiration={0001-01-01 00:00:00 +0000 UTC}
I250821 15:04:46.771794 1768 sql/catalog/lease/lease.go:2467 ⋮ [T1,Vsystem,n1] 109  released orphaned lease: ID=33 ver=1 expiration={0001-01-01 00:00:00 +0000 UTC}
I250821 15:04:46.771901 1766 sql/catalog/lease/lease.go:2467 ⋮ [T1,Vsystem,n1] 110  released orphaned lease: ID=31 ver=1 expiration={0001-01-01 00:00:00 +0000 UTC}
I250821 15:04:46.772520 1771 sql/catalog/lease/lease.go:2467 ⋮ [T1,Vsystem,n1] 111  released orphaned lease: ID=36 ver=1 expiration={0001-01-01 00:00:00 +0000 UTC}
I250821 15:04:46.772541 1772 sql/catalog/lease/lease.go:2467 ⋮ [T1,Vsystem,n1] 112  released orphaned lease: ID=39 ver=1 expiration={0001-01-01 00:00:00 +0000 UTC}
I250821 15:04:46.772561 1751 sql/catalog/lease/lease.go:2467 ⋮ [T1,Vsystem,n1] 113  released orphaned lease: ID=37 ver=1 expiration={0001-01-01 00:00:00 +0000 UTC}
I250821 15:04:46.772571 1770 sql/catalog/lease/lease.go:2467 ⋮ [T1,Vsystem,n1] 114  released orphaned lease: ID=35 ver=1 expiration={0001-01-01 00:00:00 +0000 UTC}
I250821 15:04:46.773442 1752 sql/catalog/lease/lease.go:2467 ⋮ [T1,Vsystem,n1] 115  released orphaned lease: ID=40 ver=1 expiration={0001-01-01 00:00:00 +0000 UTC}
I250821 15:04:46.795027 1753 sql/catalog/lease/lease.go:2467 ⋮ [T1,Vsystem,n1] 116  released orphaned lease: ID=41 ver=1 expiration={0001-01-01 00:00:00 +0000 UTC}
I250821 15:04:46.873004 1778 sql/catalog/lease/lease.go:2467 ⋮ [T1,Vsystem,n1] 117  released orphaned lease: ID=42 ver=1 expiration={0001-01-01 00:00:00 +0000 UTC}
I250821 15:04:46.873646 1779 sql/catalog/lease/lease.go:2467 ⋮ [T1,Vsystem,n1] 118  released orphaned lease: ID=43 ver=1 expiration={0001-01-01 00:00:00 +0000 UTC}
I250821 15:04:46.873923 1781 sql/catalog/lease/lease.go:2467 ⋮ [T1,Vsystem,n1] 119  released orphaned lease: ID=45 ver=1 expiration={0001-01-01 00:00:00 +0000 UTC}
I250821 15:04:46.874191 1780 sql/catalog/lease/lease.go:2467 ⋮ [T1,Vsystem,n1] 120  released orphaned lease: ID=44 ver=1 expiration={0001-01-01 00:00:00 +0000 UTC}
I250821 15:04:46.885718 45 1@gossip/gossip.go:1476 ⋮ [T1,Vsystem,n1] 121  node has connected to cluster via gossip
I250821 15:04:46.919115 1599 sql/catalog/lease/lease.go:2467 ⋮ [T1,Vsystem,n1] 122  released orphaned lease: ID=51 ver=1 expiration={0001-01-01 00:00:00 +0000 UTC}
I250821 15:04:46.919461 1754 sql/catalog/lease/lease.go:2467 ⋮ [T1,Vsystem,n1] 123  released orphaned lease: ID=46 ver=1 expiration={0001-01-01 00:00:00 +0000 UTC}
I250821 15:04:46.919563 1596 sql/catalog/lease/lease.go:2467 ⋮ [T1,Vsystem,n1] 124  released orphaned lease: ID=47 ver=1 expiration={0001-01-01 00:00:00 +0000 UTC}
I250821 15:04:46.919641 1597 sql/catalog/lease/lease.go:2467 ⋮ [T1,Vsystem,n1] 125  released orphaned lease: ID=48 ver=1 expiration={0001-01-01 00:00:00 +0000 UTC}
I250821 15:04:46.919701 1598 sql/catalog/lease/lease.go:2467 ⋮ [T1,Vsystem,n1] 126  released orphaned lease: ID=50 ver=1 expiration={0001-01-01 00:00:00 +0000 UTC}
I250821 15:04:46.922752 1454 sql/catalog/lease/lease.go:2467 ⋮ [T1,Vsystem,n1] 127  released orphaned lease: ID=56 ver=1 expiration={0001-01-01 00:00:00 +0000 UTC}
I250821 15:04:46.922979 45 kv/kvserver/stores.go:280 ⋮ [T1,Vsystem,n1] 128  wrote 0 node addresses to persistent storage
I250821 15:04:46.923054 1450 sql/catalog/lease/lease.go:2467 ⋮ [T1,Vsystem,n1] 129  released orphaned lease: ID=52 ver=1 expiration={0001-01-01 00:00:00 +0000 UTC}
I250821 15:04:46.923245 1452 sql/catalog/lease/lease.go:2467 ⋮ [T1,Vsystem,n1] 130  released orphaned lease: ID=54 ver=1 expiration={0001-01-01 00:00:00 +0000 UTC}
I250821 15:04:46.923275 1453 sql/catalog/lease/lease.go:2467 ⋮ [T1,Vsystem,n1] 131  released orphaned lease: ID=55 ver=1 expiration={0001-01-01 00:00:00 +0000 UTC}
I250821 15:04:46.923539 1451 sql/catalog/lease/lease.go:2467 ⋮ [T1,Vsystem,n1] 132  released orphaned lease: ID=53 ver=1 expiration={0001-01-01 00:00:00 +0000 UTC}
I250821 15:04:46.925020 1600 sql/catalog/lease/lease.go:2467 ⋮ [T1,Vsystem,n1] 133  released orphaned lease: ID=57 ver=1 expiration={0001-01-01 00:00:00 +0000 UTC}
I250821 15:04:46.926834 1601 sql/catalog/lease/lease.go:2467 ⋮ [T1,Vsystem,n1] 134  released orphaned lease: ID=60 ver=1 expiration={0001-01-01 00:00:00 +0000 UTC}
I250821 15:04:46.927941 1782 sql/catalog/lease/lease.go:2467 ⋮ [T1,Vsystem,n1] 135  released orphaned lease: ID=58 ver=1 expiration={0001-01-01 00:00:00 +0000 UTC}
I250821 15:04:46.929086 1755 sql/catalog/lease/lease.go:2467 ⋮ [T1,Vsystem,n1] 136  released orphaned lease: ID=62 ver=1 expiration={0001-01-01 00:00:00 +0000 UTC}
I250821 15:04:46.929752 1794 sql/catalog/lease/lease.go:2467 ⋮ [T1,Vsystem,n1] 137  released orphaned lease: ID=61 ver=1 expiration={0001-01-01 00:00:00 +0000 UTC}
I250821 15:04:46.930270 1783 sql/catalog/lease/lease.go:2467 ⋮ [T1,Vsystem,n1] 138  released orphaned lease: ID=59 ver=1 expiration={0001-01-01 00:00:00 +0000 UTC}
I250821 15:04:46.933819 1759 sql/catalog/lease/lease.go:2467 ⋮ [T1,Vsystem,n1] 139  released orphaned lease: ID=67 ver=1 expiration={0001-01-01 00:00:00 +0000 UTC}
I250821 15:04:46.933887 1773 sql/catalog/lease/lease.go:2467 ⋮ [T1,Vsystem,n1] 140  released orphaned lease: ID=65 ver=1 expiration={0001-01-01 00:00:00 +0000 UTC}
I250821 15:04:46.933923 1757 sql/catalog/lease/lease.go:2467 ⋮ [T1,Vsystem,n1] 141  released orphaned lease: ID=64 ver=1 expiration={0001-01-01 00:00:00 +0000 UTC}
I250821 15:04:46.933940 1756 sql/catalog/lease/lease.go:2467 ⋮ [T1,Vsystem,n1] 142  released orphaned lease: ID=63 ver=1 expiration={0001-01-01 00:00:00 +0000 UTC}
I250821 15:04:46.934188 1758 sql/catalog/lease/lease.go:2467 ⋮ [T1,Vsystem,n1] 143  released orphaned lease: ID=66 ver=1 expiration={0001-01-01 00:00:00 +0000 UTC}
I250821 15:04:46.935462 1784 sql/catalog/lease/lease.go:2467 ⋮ [T1,Vsystem,n1] 144  released orphaned lease: ID=71 ver=1 expiration={0001-01-01 00:00:00 +0000 UTC}
I250821 15:04:46.942477 1786 sql/catalog/lease/lease.go:2467 ⋮ [T1,Vsystem,n1] 145  released orphaned lease: ID=104 ver=1 expiration={0001-01-01 00:00:00 +0000 UTC}
I250821 15:04:46.942991 1797 sql/catalog/lease/lease.go:2467 ⋮ [T1,Vsystem,n1] 146  released orphaned lease: ID=70 ver=1 expiration={0001-01-01 00:00:00 +0000 UTC}
I250821 15:04:46.943105 1796 sql/catalog/lease/lease.go:2467 ⋮ [T1,Vsystem,n1] 147  released orphaned lease: ID=69 ver=1 expiration={0001-01-01 00:00:00 +0000 UTC}
I250821 15:04:46.943162 1795 sql/catalog/lease/lease.go:2467 ⋮ [T1,Vsystem,n1] 148  released orphaned lease: ID=68 ver=1 expiration={0001-01-01 00:00:00 +0000 UTC}
I250821 15:04:46.943215 1785 sql/catalog/lease/lease.go:2467 ⋮ [T1,Vsystem,n1] 149  released orphaned lease: ID=72 ver=1 expiration={0001-01-01 00:00:00 +0000 UTC}
I250821 15:04:46.948675 1788 sql/catalog/lease/lease.go:2467 ⋮ [T1,Vsystem,n1] 151  released orphaned lease: ID=107 ver=1 expiration={0001-01-01 00:00:00 +0000 UTC}
I250821 15:04:46.948793 1789 sql/catalog/lease/lease.go:2467 ⋮ [T1,Vsystem,n1] 152  released orphaned lease: ID=108 ver=2 expiration={0001-01-01 00:00:00 +0000 UTC}
I250821 15:04:46.948837 1790 sql/catalog/lease/lease.go:2467 ⋮ [T1,Vsystem,n1] 153  released orphaned lease: ID=109 ver=2 expiration={0001-01-01 00:00:00 +0000 UTC}
I250821 15:04:46.948675 1791 sql/catalog/lease/lease.go:2467 ⋮ [T1,Vsystem,n1] 150  released orphaned lease: ID=110 ver=1 expiration={0001-01-01 00:00:00 +0000 UTC}
I250821 15:04:46.949919 1787 sql/catalog/lease/lease.go:2467 ⋮ [T1,Vsystem,n1] 154  released orphaned lease: ID=106 ver=15 expiration={0001-01-01 00:00:00 +0000 UTC}
I250821 15:04:46.950730 1792 sql/catalog/lease/lease.go:2467 ⋮ [T1,Vsystem,n1] 155  released orphaned lease: ID=113 ver=7 expiration={0001-01-01 00:00:00 +0000 UTC}
I250821 15:04:46.951064 1760 sql/catalog/lease/lease.go:2467 ⋮ [T1,Vsystem,n1] 156  released orphaned lease: ID=114 ver=1 expiration={0001-01-01 00:00:00 +0000 UTC}
I250821 15:04:46.951870 1793 sql/catalog/lease/lease.go:2467 ⋮ [T1,Vsystem,n1] 157  released orphaned lease: ID=115 ver=7 expiration={0001-01-01 00:00:00 +0000 UTC}
I250821 15:04:46.952271 1798 sql/catalog/lease/lease.go:2467 ⋮ [T1,Vsystem,n1] 158  released orphaned lease: ID=111 ver=3 expiration={0001-01-01 00:00:00 +0000 UTC}
I250821 15:04:46.952737 1799 sql/catalog/lease/lease.go:2467 ⋮ [T1,Vsystem,n1] 159  released orphaned lease: ID=112 ver=1 expiration={0001-01-01 00:00:00 +0000 UTC}
I250821 15:04:46.953611 1455 sql/catalog/lease/lease.go:2467 ⋮ [T1,Vsystem,n1] 160  released orphaned lease: ID=116 ver=1 expiration={0001-01-01 00:00:00 +0000 UTC}
I250821 15:04:46.953647 1774 sql/catalog/lease/lease.go:2467 ⋮ [T1,Vsystem,n1] 161  released orphaned lease: ID=118 ver=1 expiration={0001-01-01 00:00:00 +0000 UTC}
I250821 15:04:46.953769 1775 sql/catalog/lease/lease.go:2467 ⋮ [T1,Vsystem,n1] 162  released orphaned lease: ID=119 ver=2 expiration={0001-01-01 00:00:00 +0000 UTC}
I250821 15:04:46.956406 1776 sql/catalog/lease/lease.go:2467 ⋮ [T1,Vsystem,n1] 163  released orphaned lease: ID=122 ver=2 expiration={0001-01-01 00:00:00 +0000 UTC}
I250821 15:04:46.957375 1800 sql/catalog/lease/lease.go:2467 ⋮ [T1,Vsystem,n1] 164  released orphaned lease: ID=125 ver=3 expiration={0001-01-01 00:00:00 +0000 UTC}
I250821 15:04:46.957459 1761 sql/catalog/lease/lease.go:2467 ⋮ [T1,Vsystem,n1] 165  released orphaned lease: ID=124 ver=3 expiration={0001-01-01 00:00:00 +0000 UTC}
I250821 15:04:46.957511 1456 sql/catalog/lease/lease.go:2467 ⋮ [T1,Vsystem,n1] 166  released orphaned lease: ID=117 ver=3 expiration={0001-01-01 00:00:00 +0000 UTC}
I250821 15:04:46.958679 1738 sql/catalog/lease/lease.go:2467 ⋮ [T1,Vsystem,n1] 167  released orphaned lease: ID=126 ver=2 expiration={0001-01-01 00:00:00 +0000 UTC}
I250821 15:04:46.958869 1814 sql/catalog/lease/lease.go:2467 ⋮ [T1,Vsystem,n1] 168  released orphaned lease: ID=127 ver=3 expiration={0001-01-01 00:00:00 +0000 UTC}
I250821 15:04:46.958901 1815 sql/catalog/lease/lease.go:2467 ⋮ [T1,Vsystem,n1] 169  released orphaned lease: ID=129 ver=3 expiration={0001-01-01 00:00:00 +0000 UTC}
I250821 15:04:46.958993 1777 sql/catalog/lease/lease.go:2467 ⋮ [T1,Vsystem,n1] 170  released orphaned lease: ID=123 ver=1 expiration={0001-01-01 00:00:00 +0000 UTC}
I250821 15:04:46.959819 1827 sql/catalog/lease/lease.go:2467 ⋮ [T1,Vsystem,n1] 171  released orphaned lease: ID=128 ver=2 expiration={0001-01-01 00:00:00 +0000 UTC}
I250821 15:04:46.961236 1802 sql/catalog/lease/lease.go:2467 ⋮ [T1,Vsystem,n1] 172  released orphaned lease: ID=131 ver=2 expiration={0001-01-01 00:00:00 +0000 UTC}
I250821 15:04:46.963595 1858 sql/catalog/lease/lease.go:2467 ⋮ [T1,Vsystem,n1] 173  released orphaned lease: ID=133 ver=3 expiration={0001-01-01 00:00:00 +0000 UTC}
I250821 15:04:46.963657 1859 sql/catalog/lease/lease.go:2467 ⋮ [T1,Vsystem,n1] 174  released orphaned lease: ID=134 ver=1 expiration={0001-01-01 00:00:00 +0000 UTC}
I250821 15:04:46.963668 1842 sql/catalog/lease/lease.go:2467 ⋮ [T1,Vsystem,n1] 175  released orphaned lease: ID=132 ver=2 expiration={0001-01-01 00:00:00 +0000 UTC}
I250821 15:04:46.963719 1801 sql/catalog/lease/lease.go:2467 ⋮ [T1,Vsystem,n1] 176  released orphaned lease: ID=130 ver=2 expiration={0001-01-01 00:00:00 +0000 UTC}
I250821 15:04:47.643480 1522 server/diagnostics/update_checker.go:144 ⋮ [T1,Vsystem,n1] 177  a new version is available: ‹25.3.0›, details: ‹https://www.cockroachlabs.com/docs/releases/v25.3#v25-3-0›
I250821 15:05:13.709322 1274 jobs/adopt.go:105 ⋮ [T1,Vsystem,n1] 178  claimed 7 jobs
I250821 15:05:13.715654 2336 jobs/adopt.go:224 ⋮ [T1,Vsystem,n1,job=104] 179  job 104: resuming execution
I250821 15:05:13.717822 2332 jobs/adopt.go:224 ⋮ [T1,Vsystem,n1,job=1098946398292541441] 180  job 1098946398292541441: resuming execution
I250821 15:05:13.718086 2334 jobs/adopt.go:224 ⋮ [T1,Vsystem,n1,job=101] 182  job 101: resuming execution
I250821 15:05:13.718071 2330 jobs/adopt.go:224 ⋮ [T1,Vsystem,n1,job=105] 181  job 105: resuming execution
I250821 15:05:13.718396 2333 jobs/adopt.go:224 ⋮ [T1,Vsystem,n1,job=100] 183  job 100: resuming execution
I250821 15:05:13.718571 2335 jobs/adopt.go:224 ⋮ [T1,Vsystem,n1,job=103] 184  job 103: resuming execution
I250821 15:05:13.719202 2331 jobs/adopt.go:224 ⋮ [T1,Vsystem,n1,job=1098958321112612865] 185  job 1098958321112612865: resuming execution
I250821 15:05:13.736042 2343 jobs/registry.go:1681 ⋮ [T1,Vsystem,n1,job=103] 186  AUTO UPDATE SQL ACTIVITY job 103: stepping through state running
I250821 15:05:13.736197 2031 jobs/registry.go:1681 ⋮ [T1,Vsystem,n1,job=104] 187  MVCC STATISTICS UPDATE job 104: stepping through state running
I250821 15:05:13.737004 2240 jobs/registry.go:1681 ⋮ [T1,Vsystem,n1,job=1098946398292541441] 189  AUTO SPAN CONFIG RECONCILIATION job 1098946398292541441: stepping through state running
I250821 15:05:13.736993 1621 jobs/registry.go:1681 ⋮ [T1,Vsystem,n1,job=101] 188  POLL JOBS STATS job 101: stepping through state running
I250821 15:05:13.739056 398 jobs/registry.go:1681 ⋮ [T1,Vsystem,n1,job=1098958321112612865] 190  CHANGEFEED job 1098958321112612865: stepping through state running
I250821 15:05:13.740231 2372 jobs/registry.go:1681 ⋮ [T1,Vsystem,n1,job=105] 191  UPDATE TABLE METADATA CACHE job 105: stepping through state running
I250821 15:05:13.741793 2031 sql/mvcc_statistics_update_job.go:63 ⋮ [T1,Vsystem,n1,job=MVCC STATISTICS UPDATE id=104] 192  starting mvcc statistics update job
I250821 15:05:13.741868 2343 sql/sql_activity_update_job.go:88 ⋮ [T1,Vsystem,n1,job=AUTO UPDATE SQL ACTIVITY id=103] 193  starting sql stats activity flush job
I250821 15:05:13.743265 2434 ccl/changefeedccl/changefeed_dist.go:414 ⋮ [T1,Vsystem,n1,job=CHANGEFEED id=1098958321112612865] 194  using bulk oracle for DistSQL planning
I250821 15:05:13.743335 2387 jobs/registry.go:1681 ⋮ [T1,Vsystem,n1,job=100] 195  KEY VISUALIZER job 100: stepping through state running
I250821 15:05:13.744017 2434 ccl/changefeedccl/changefeed_dist.go:577 ⋮ [T1,Vsystem,n1,job=CHANGEFEED id=1098958321112612865] 196  changefeed plan diagram: ‹https://cockroachdb.github.io/distsqlplan/decode.html#eJyUkV3LmzAUx-_3KeRcRzTRx_rkqmNl0IutYyvsosiIydGGWeOSSDfE7z7UvbSFFnp5Xvz9f54M4H40wEEeRVtjhah4QOPX_PUlTxillGWU5dkLEGiNwo_ihA74ASgUBDprJDpn7NQa5oWt-gk8JqDbrvdTuyAgjUXgA3jtGwQO7-aot3VtsRbe2CgGAgq90M3M_iq8PKILDrTgQbQXZYMRTZJooCEboRgJmN7_xzsvagROL3y2G-DxSJ5Vem9N6zXaiF4L7XrPgzUj64Ss07sC7EaAPiPwGV1nWodXwfeS4pukkI4FAVQ1Lg_hTG8lfrJGzrtLuZtBc0Oh88uULsW2_Tty3qI4_bvfJYk-JLFHpIJA1ZjzN62Ag8hLFQssw7Jc5WEqy1WYZ7EKq1WaJWnOENMMpg9E7aYTfTma84zd_-qmH6xE45DAB_EdN-jRnnSrndfyz2Qc3_wOAAD__2IO6hc=›
I250821 15:05:13.744905 2440 ccl/changefeedccl/sink_kafka_v2.go:246 ⋮ [-] 197  updating kafka metadata for topics: [‹users_changes›]
I250821 15:05:13.752643 2440 ccl/changefeedccl/sink_kafka_v2.go:246 ⋮ [-] 198  updating kafka metadata for topics: [‹users_changes›]
I250821 15:05:13.752685 2363 ccl/changefeedccl/kvfeed/kv_feed.go:332 ⋮ [T1,Vsystem,n1,job=1098958321112612865,change-aggregator] 199  kv feed run starting
I250821 15:05:13.785344 2240 spanconfig/spanconfigsqlwatcher/sqlwatcher.go:241 ⋮ [T1,Vsystem,n1,job=AUTO SPAN CONFIG RECONCILIATION id=1098946398292541441] 200  established range feed over system.descriptors starting at time 1755788713.748046093,0
I250821 15:05:13.785418 2240 spanconfig/spanconfigsqlwatcher/sqlwatcher.go:300 ⋮ [T1,Vsystem,n1,job=AUTO SPAN CONFIG RECONCILIATION id=1098946398292541441] 201  established range feed over system.zones starting at time 1755788713.748046093,0
I250821 15:05:13.785446 2240 spanconfig/spanconfigsqlwatcher/sqlwatcher.go:401 ⋮ [T1,Vsystem,n1,job=AUTO SPAN CONFIG RECONCILIATION id=1098946398292541441] 202  established range feed over system.protected_ts_records starting at time 1755788713.748046093,0
I250821 15:05:14.992386 2584 kv/kvserver/mvcc_gc_queue.go:796 ⋮ [T1,Vsystem,n1,mvccGC,s1,r86/1:‹/{Table/134-Max}›] 203  GC still needed following GC, recomputing MVCC stats
I250821 15:05:14.992425 2584 kv/kvserver/mvcc_gc_queue.go:797 ⋮ [T1,Vsystem,n1,mvccGC,s1,r86/1:‹/{Table/134-Max}›] 204  old score ‹queue=true with 0.00/fuzz(0.95)=0.00=valScaleScore(0.00)*deadFrac(0.04)+intentScore(0.00)›
I250821 15:05:14.992425 2584 kv/kvserver/mvcc_gc_queue.go:797 ⋮ [T1,Vsystem,n1,mvccGC,s1,r86/1:‹/{Table/134-Max}›] 204 +‹likely last GC: 2m37.988383422s ago, 0 B non-live, curr. age 0 B*s, min exp. reduction: 0 B*s›
I250821 15:05:14.992425 2584 kv/kvserver/mvcc_gc_queue.go:797 ⋮ [T1,Vsystem,n1,mvccGC,s1,r86/1:‹/{Table/134-Max}›] 204 +‹hint: {0,0 1755445834.582834013,0 1755445834.587412388,0}›
I250821 15:05:14.992460 2584 kv/kvserver/mvcc_gc_queue.go:798 ⋮ [T1,Vsystem,n1,mvccGC,s1,r86/1:‹/{Table/134-Max}›] 205  new score ‹queue=true with 0.00/fuzz(0.95)=0.00=valScaleScore(0.00)*deadFrac(0.04)+intentScore(0.00)›
I250821 15:05:14.992460 2584 kv/kvserver/mvcc_gc_queue.go:798 ⋮ [T1,Vsystem,n1,mvccGC,s1,r86/1:‹/{Table/134-Max}›] 205 +‹likely last GC: 2m43.052153006s ago, 0 B non-live, curr. age 0 B*s, min exp. reduction: 0 B*s›
I250821 15:05:14.992460 2584 kv/kvserver/mvcc_gc_queue.go:798 ⋮ [T1,Vsystem,n1,mvccGC,s1,r86/1:‹/{Table/134-Max}›] 205 +‹hint: {0,0 1755445834.582834013,0 1755445834.587412388,0}›
I250821 15:06:27.078162 4219 kv/kvserver/mvcc_gc_queue.go:796 ⋮ [T1,Vsystem,n1,mvccGC,s1,r86/1:‹/{Table/134-Max}›] 206  GC still needed following GC, recomputing MVCC stats
I250821 15:06:27.078244 4219 kv/kvserver/mvcc_gc_queue.go:797 ⋮ [T1,Vsystem,n1,mvccGC,s1,r86/1:‹/{Table/134-Max}›] 207  old score ‹queue=true with 0.00/fuzz(0.95)=0.00=valScaleScore(0.00)*deadFrac(0.04)+intentScore(0.00)›
I250821 15:06:27.078244 4219 kv/kvserver/mvcc_gc_queue.go:797 ⋮ [T1,Vsystem,n1,mvccGC,s1,r86/1:‹/{Table/134-Max}›] 207 +‹likely last GC: 1m6.990215657s ago, 0 B non-live, curr. age 0 B*s, min exp. reduction: 0 B*s›
I250821 15:06:27.078244 4219 kv/kvserver/mvcc_gc_queue.go:797 ⋮ [T1,Vsystem,n1,mvccGC,s1,r86/1:‹/{Table/134-Max}›] 207 +‹hint: {0,0 1755445834.582834013,0 1755445834.587412388,0}›
I250821 15:06:27.078354 4219 kv/kvserver/mvcc_gc_queue.go:798 ⋮ [T1,Vsystem,n1,mvccGC,s1,r86/1:‹/{Table/134-Max}›] 208  new score ‹queue=true with 0.00/fuzz(0.95)=0.00=valScaleScore(0.00)*deadFrac(0.04)+intentScore(0.00)›
I250821 15:06:27.078354 4219 kv/kvserver/mvcc_gc_queue.go:798 ⋮ [T1,Vsystem,n1,mvccGC,s1,r86/1:‹/{Table/134-Max}›] 208 +‹likely last GC: 1m12.087193866s ago, 0 B non-live, curr. age 0 B*s, min exp. reduction: 0 B*s›
I250821 15:06:27.078354 4219 kv/kvserver/mvcc_gc_queue.go:798 ⋮ [T1,Vsystem,n1,mvccGC,s1,r86/1:‹/{Table/134-Max}›] 208 +‹hint: {0,0 1755445834.582834013,0 1755445834.587412388,0}›
I250821 15:06:46.095427 4739 kv/kvserver/mvcc_gc_queue.go:796 ⋮ [T1,Vsystem,n1,mvccGC,s1,r86/1:‹/{Table/134-Max}›] 209  GC still needed following GC, recomputing MVCC stats
I250821 15:06:46.095471 4739 kv/kvserver/mvcc_gc_queue.go:797 ⋮ [T1,Vsystem,n1,mvccGC,s1,r86/1:‹/{Table/134-Max}›] 210  old score ‹queue=true with 0.00/fuzz(0.95)=0.00=valScaleScore(0.00)*deadFrac(0.04)+intentScore(0.00)›
I250821 15:06:46.095471 4739 kv/kvserver/mvcc_gc_queue.go:797 ⋮ [T1,Vsystem,n1,mvccGC,s1,r86/1:‹/{Table/134-Max}›] 210 +‹likely last GC: 15.828721009s ago, 0 B non-live, curr. age 0 B*s, min exp. reduction: 0 B*s›
I250821 15:06:46.095471 4739 kv/kvserver/mvcc_gc_queue.go:797 ⋮ [T1,Vsystem,n1,mvccGC,s1,r86/1:‹/{Table/134-Max}›] 210 +‹hint: {0,0 1755445834.582834013,0 1755445834.587412388,0}›
I250821 15:06:46.095506 4739 kv/kvserver/mvcc_gc_queue.go:798 ⋮ [T1,Vsystem,n1,mvccGC,s1,r86/1:‹/{Table/134-Max}›] 211  new score ‹queue=true with 0.00/fuzz(0.95)=0.00=valScaleScore(0.00)*deadFrac(0.04)+intentScore(0.00)›
I250821 15:06:46.095506 4739 kv/kvserver/mvcc_gc_queue.go:798 ⋮ [T1,Vsystem,n1,mvccGC,s1,r86/1:‹/{Table/134-Max}›] 211 +‹likely last GC: 19.019896759s ago, 0 B non-live, curr. age 0 B*s, min exp. reduction: 0 B*s›
I250821 15:06:46.095506 4739 kv/kvserver/mvcc_gc_queue.go:798 ⋮ [T1,Vsystem,n1,mvccGC,s1,r86/1:‹/{Table/134-Max}›] 211 +‹hint: {0,0 1755445834.582834013,0 1755445834.587412388,0}›
I250821 15:06:46.521894 1441 jobs/job_scheduler.go:171 ⋮ [T1,Vsystem,n1] 212  Starting job for schedule 1098946398426431489 (‹"sql-stats-compaction"›); scheduled to run at 2025-08-21 15:00:00 +0000 UTC; next run scheduled for 2025-08-21 16:00:00 +0000 UTC
I250821 15:06:52.304477 1274 jobs/adopt.go:105 ⋮ [T1,Vsystem,n1] 213  claimed 1 jobs
I250821 15:06:52.309163 4815 jobs/adopt.go:224 ⋮ [T1,Vsystem,n1,job=1100082074491781121] 214  job 1100082074491781121: resuming execution
I250821 15:06:52.312186 4931 jobs/registry.go:1681 ⋮ [T1,Vsystem,n1,job=1100082074491781121] 215  AUTO SQL STATS COMPACTION job 1100082074491781121: stepping through state running
I250821 15:06:52.320150 4931 1@jobs/structured_log.go:49 ⋮ [T1,Vsystem,n1,job=1100082074491781121] 216 ={"Timestamp":1755788812320111375,"EventType":"status_change","JobID":1100082074491781121,"JobType":"AUTO SQL STATS COMPACTION","Description":"state changed to: running","PreviousStatus":"running","NewStatus":"running","RunNum":0}
I250821 15:06:52.320274 4931 sql/compact_sql_stats.go:37 ⋮ [T1,Vsystem,n1,job=AUTO SQL STATS COMPACTION id=1100082074491781121] 217  starting sql stats compaction job
I250821 15:06:52.427279 4931 sql/compact_sql_stats.go:101 ⋮ [T1,Vsystem,n1,job=AUTO SQL STATS COMPACTION id=1100082074491781121] 218  sql stats compaction job terminated with status = succeeded
I250821 15:06:52.428966 4931 jobs/registry.go:1681 ⋮ [T1,Vsystem,n1,job=1100082074491781121] 219  AUTO SQL STATS COMPACTION job 1100082074491781121: stepping through state succeeded
I250821 15:06:52.438297 4931 1@jobs/structured_log.go:49 ⋮ [T1,Vsystem,n1,job=1100082074491781121] 220 ={"Timestamp":1755788812438285416,"EventType":"status_change","JobID":1100082074491781121,"JobType":"AUTO SQL STATS COMPACTION","Description":"state changed to: succeeded","PreviousStatus":"running","NewStatus":"succeeded","RunNum":0}
I250821 15:08:20.234134 6543 kv/kvserver/mvcc_gc_queue.go:796 ⋮ [T1,Vsystem,n1,mvccGC,s1,r86/1:‹/{Table/134-Max}›] 221  GC still needed following GC, recomputing MVCC stats
I250821 15:08:20.234339 6543 kv/kvserver/mvcc_gc_queue.go:797 ⋮ [T1,Vsystem,n1,mvccGC,s1,r86/1:‹/{Table/134-Max}›] 222  old score ‹queue=true with 0.00/fuzz(0.95)=0.00=valScaleScore(0.00)*deadFrac(0.04)+intentScore(0.00)›
I250821 15:08:20.234339 6543 kv/kvserver/mvcc_gc_queue.go:797 ⋮ [T1,Vsystem,n1,mvccGC,s1,r86/1:‹/{Table/134-Max}›] 222 +‹likely last GC: 1m29.833999085s ago, 0 B non-live, curr. age 0 B*s, min exp. reduction: 0 B*s›
I250821 15:08:20.234339 6543 kv/kvserver/mvcc_gc_queue.go:797 ⋮ [T1,Vsystem,n1,mvccGC,s1,r86/1:‹/{Table/134-Max}›] 222 +‹hint: {0,0 1755445834.582834013,0 1755445834.587412388,0}›
I250821 15:08:20.234475 6543 kv/kvserver/mvcc_gc_queue.go:798 ⋮ [T1,Vsystem,n1,mvccGC,s1,r86/1:‹/{Table/134-Max}›] 223  new score ‹queue=true with 0.00/fuzz(0.95)=0.00=valScaleScore(0.00)*deadFrac(0.04)+intentScore(0.00)›
I250821 15:08:20.234475 6543 kv/kvserver/mvcc_gc_queue.go:798 ⋮ [T1,Vsystem,n1,mvccGC,s1,r86/1:‹/{Table/134-Max}›] 223 +‹likely last GC: 1m34.140584252s ago, 0 B non-live, curr. age 0 B*s, min exp. reduction: 0 B*s›
I250821 15:08:20.234475 6543 kv/kvserver/mvcc_gc_queue.go:798 ⋮ [T1,Vsystem,n1,mvccGC,s1,r86/1:‹/{Table/134-Max}›] 223 +‹hint: {0,0 1755445834.582834013,0 1755445834.587412388,0}›
I250821 15:08:52.292641 7123 kv/kvserver/mvcc_gc_queue.go:796 ⋮ [T1,Vsystem,n1,mvccGC,s1,r86/1:‹/{Table/134-Max}›] 224  GC still needed following GC, recomputing MVCC stats
I250821 15:08:52.292957 7123 kv/kvserver/mvcc_gc_queue.go:797 ⋮ [T1,Vsystem,n1,mvccGC,s1,r86/1:‹/{Table/134-Max}›] 225  old score ‹queue=true with 0.00/fuzz(0.95)=0.00=valScaleScore(0.00)*deadFrac(0.04)+intentScore(0.00)›
I250821 15:08:52.292957 7123 kv/kvserver/mvcc_gc_queue.go:797 ⋮ [T1,Vsystem,n1,mvccGC,s1,r86/1:‹/{Table/134-Max}›] 225 +‹likely last GC: 28.716988001s ago, 0 B non-live, curr. age 0 B*s, min exp. reduction: 0 B*s›
I250821 15:08:52.292957 7123 kv/kvserver/mvcc_gc_queue.go:797 ⋮ [T1,Vsystem,n1,mvccGC,s1,r86/1:‹/{Table/134-Max}›] 225 +‹hint: {0,0 1755445834.582834013,0 1755445834.587412388,0}›
I250821 15:08:52.293126 7123 kv/kvserver/mvcc_gc_queue.go:798 ⋮ [T1,Vsystem,n1,mvccGC,s1,r86/1:‹/{Table/134-Max}›] 226  new score ‹queue=true with 0.00/fuzz(0.95)=0.00=valScaleScore(0.00)*deadFrac(0.04)+intentScore(0.00)›
I250821 15:08:52.293126 7123 kv/kvserver/mvcc_gc_queue.go:798 ⋮ [T1,Vsystem,n1,mvccGC,s1,r86/1:‹/{Table/134-Max}›] 226 +‹likely last GC: 32.060316028s ago, 0 B non-live, curr. age 0 B*s, min exp. reduction: 0 B*s›
I250821 15:08:52.293126 7123 kv/kvserver/mvcc_gc_queue.go:798 ⋮ [T1,Vsystem,n1,mvccGC,s1,r86/1:‹/{Table/134-Max}›] 226 +‹hint: {0,0 1755445834.582834013,0 1755445834.587412388,0}›
I250821 15:09:41.346198 7951 kv/kvserver/mvcc_gc_queue.go:796 ⋮ [T1,Vsystem,n1,mvccGC,s1,r86/1:‹/{Table/134-Max}›] 227  GC still needed following GC, recomputing MVCC stats
I250821 15:09:41.346261 7951 kv/kvserver/mvcc_gc_queue.go:797 ⋮ [T1,Vsystem,n1,mvccGC,s1,r86/1:‹/{Table/134-Max}›] 228  old score ‹queue=true with 0.00/fuzz(0.95)=0.00=valScaleScore(0.00)*deadFrac(0.04)+intentScore(0.00)›
I250821 15:09:41.346261 7951 kv/kvserver/mvcc_gc_queue.go:797 ⋮ [T1,Vsystem,n1,mvccGC,s1,r86/1:‹/{Table/134-Max}›] 228 +‹likely last GC: 44.779856508s ago, 0 B non-live, curr. age 0 B*s, min exp. reduction: 0 B*s›
I250821 15:09:41.346261 7951 kv/kvserver/mvcc_gc_queue.go:797 ⋮ [T1,Vsystem,n1,mvccGC,s1,r86/1:‹/{Table/134-Max}›] 228 +‹hint: {0,0 1755445834.582834013,0 1755445834.587412388,0}›
I250821 15:09:41.346372 7951 kv/kvserver/mvcc_gc_queue.go:798 ⋮ [T1,Vsystem,n1,mvccGC,s1,r86/1:‹/{Table/134-Max}›] 229  new score ‹queue=true with 0.00/fuzz(0.95)=0.00=valScaleScore(0.00)*deadFrac(0.04)+intentScore(0.00)›
I250821 15:09:41.346372 7951 kv/kvserver/mvcc_gc_queue.go:798 ⋮ [T1,Vsystem,n1,mvccGC,s1,r86/1:‹/{Table/134-Max}›] 229 +‹likely last GC: 49.057800551s ago, 0 B non-live, curr. age 0 B*s, min exp. reduction: 0 B*s›
I250821 15:09:41.346372 7951 kv/kvserver/mvcc_gc_queue.go:798 ⋮ [T1,Vsystem,n1,mvccGC,s1,r86/1:‹/{Table/134-Max}›] 229 +‹hint: {0,0 1755445834.582834013,0 1755445834.587412388,0}›
I250821 15:11:30.476088 9990 kv/kvserver/mvcc_gc_queue.go:796 ⋮ [T1,Vsystem,n1,mvccGC,s1,r86/1:‹/{Table/134-Max}›] 230  GC still needed following GC, recomputing MVCC stats
I250821 15:11:30.476178 9990 kv/kvserver/mvcc_gc_queue.go:797 ⋮ [T1,Vsystem,n1,mvccGC,s1,r86/1:‹/{Table/134-Max}›] 231  old score ‹queue=true with 0.00/fuzz(0.95)=0.00=valScaleScore(0.00)*deadFrac(0.04)+intentScore(0.00)›
I250821 15:11:30.476178 9990 kv/kvserver/mvcc_gc_queue.go:797 ⋮ [T1,Vsystem,n1,mvccGC,s1,r86/1:‹/{Table/134-Max}›] 231 +‹likely last GC: 1m43.599853786s ago, 0 B non-live, curr. age 0 B*s, min exp. reduction: 0 B*s›
I250821 15:11:30.476178 9990 kv/kvserver/mvcc_gc_queue.go:797 ⋮ [T1,Vsystem,n1,mvccGC,s1,r86/1:‹/{Table/134-Max}›] 231 +‹hint: {0,0 1755445834.582834013,0 1755445834.587412388,0}›
I250821 15:11:30.476254 9990 kv/kvserver/mvcc_gc_queue.go:798 ⋮ [T1,Vsystem,n1,mvccGC,s1,r86/1:‹/{Table/134-Max}›] 232  new score ‹queue=true with 0.00/fuzz(0.95)=0.00=valScaleScore(0.00)*deadFrac(0.04)+intentScore(0.00)›
I250821 15:11:30.476254 9990 kv/kvserver/mvcc_gc_queue.go:798 ⋮ [T1,Vsystem,n1,mvccGC,s1,r86/1:‹/{Table/134-Max}›] 232 +‹likely last GC: 1m49.131981287s ago, 0 B non-live, curr. age 0 B*s, min exp. reduction: 0 B*s›
I250821 15:11:30.476254 9990 kv/kvserver/mvcc_gc_queue.go:798 ⋮ [T1,Vsystem,n1,mvccGC,s1,r86/1:‹/{Table/134-Max}›] 232 +‹hint: {0,0 1755445834.582834013,0 1755445834.587412388,0}›
I250821 15:11:44.490699 10231 kv/kvserver/mvcc_gc_queue.go:796 ⋮ [T1,Vsystem,n1,mvccGC,s1,r86/1:‹/{Table/134-Max}›] 233  GC still needed following GC, recomputing MVCC stats
I250821 15:11:44.490800 10231 kv/kvserver/mvcc_gc_queue.go:797 ⋮ [T1,Vsystem,n1,mvccGC,s1,r86/1:‹/{Table/134-Max}›] 234  old score ‹queue=true with 0.00/fuzz(0.95)=0.00=valScaleScore(0.00)*deadFrac(0.04)+intentScore(0.00)›
I250821 15:11:44.490800 10231 kv/kvserver/mvcc_gc_queue.go:797 ⋮ [T1,Vsystem,n1,mvccGC,s1,r86/1:‹/{Table/134-Max}›] 234 +‹likely last GC: 9.572771839s ago, 0 B non-live, curr. age 0 B*s, min exp. reduction: 0 B*s›
I250821 15:11:44.490800 10231 kv/kvserver/mvcc_gc_queue.go:797 ⋮ [T1,Vsystem,n1,mvccGC,s1,r86/1:‹/{Table/134-Max}›] 234 +‹hint: {0,0 1755445834.582834013,0 1755445834.587412388,0}›
I250821 15:11:44.490849 10231 kv/kvserver/mvcc_gc_queue.go:798 ⋮ [T1,Vsystem,n1,mvccGC,s1,r86/1:‹/{Table/134-Max}›] 235  new score ‹queue=true with 0.00/fuzz(0.95)=0.00=valScaleScore(0.00)*deadFrac(0.04)+intentScore(0.00)›
I250821 15:11:44.490849 10231 kv/kvserver/mvcc_gc_queue.go:798 ⋮ [T1,Vsystem,n1,mvccGC,s1,r86/1:‹/{Table/134-Max}›] 235 +‹likely last GC: 14.016536756s ago, 0 B non-live, curr. age 0 B*s, min exp. reduction: 0 B*s›
I250821 15:11:44.490849 10231 kv/kvserver/mvcc_gc_queue.go:798 ⋮ [T1,Vsystem,n1,mvccGC,s1,r86/1:‹/{Table/134-Max}›] 235 +‹hint: {0,0 1755445834.582834013,0 1755445834.587412388,0}›
I250821 15:11:46.643469 10271 1@jobs/structured_log.go:49 ⋮ [T1,Vsystem,n1] 236 ={"Timestamp":1755789106643464595,"EventType":"status_change","JobID":1100083057857200129,"JobType":"AUTO CREATE PARTIAL STATS","Description":"state changed to: running","PreviousStatus":"running","NewStatus":"running","RunNum":0}
I250821 15:11:46.648022 10271 sql/distsql_plan_stats.go:209 ⋮ [T1,Vsystem,n1,job=AUTO CREATE PARTIAL STATS id=1100083057857200129,create-stats-distsql] 237  using computed sample size of 10000 for histogram construction
I250821 15:11:46.686757 10271 1@jobs/structured_log.go:49 ⋮ [T1,Vsystem,n1] 238 ={"Timestamp":1755789106686751803,"EventType":"status_change","JobID":1100083057857200129,"JobType":"AUTO CREATE PARTIAL STATS","Description":"state changed to: succeeded","PreviousStatus":"running","NewStatus":"succeeded","RunNum":0}
I250821 15:12:34.557240 11253 kv/kvserver/mvcc_gc_queue.go:796 ⋮ [T1,Vsystem,n1,mvccGC,s1,r86/1:‹/{Table/134-Max}›] 239  GC still needed following GC, recomputing MVCC stats
I250821 15:12:34.557395 11253 kv/kvserver/mvcc_gc_queue.go:797 ⋮ [T1,Vsystem,n1,mvccGC,s1,r86/1:‹/{Table/134-Max}›] 240  old score ‹queue=true with 0.00/fuzz(0.95)=0.00=valScaleScore(0.00)*deadFrac(0.04)+intentScore(0.00)›
I250821 15:12:34.557395 11253 kv/kvserver/mvcc_gc_queue.go:797 ⋮ [T1,Vsystem,n1,mvccGC,s1,r86/1:‹/{Table/134-Max}›] 240 +‹likely last GC: 46.490601454s ago, 0 B non-live, curr. age 0 B*s, min exp. reduction: 0 B*s›
I250821 15:12:34.557395 11253 kv/kvserver/mvcc_gc_queue.go:797 ⋮ [T1,Vsystem,n1,mvccGC,s1,r86/1:‹/{Table/134-Max}›] 240 +‹hint: {0,0 1755445834.582834013,0 1755445834.587412388,0}›
I250821 15:12:34.557552 11253 kv/kvserver/mvcc_gc_queue.go:798 ⋮ [T1,Vsystem,n1,mvccGC,s1,r86/1:‹/{Table/134-Max}›] 241  new score ‹queue=true with 0.00/fuzz(0.95)=0.00=valScaleScore(0.00)*deadFrac(0.04)+intentScore(0.00)›
I250821 15:12:34.557552 11253 kv/kvserver/mvcc_gc_queue.go:798 ⋮ [T1,Vsystem,n1,mvccGC,s1,r86/1:‹/{Table/134-Max}›] 241 +‹likely last GC: 50.068726745s ago, 0 B non-live, curr. age 0 B*s, min exp. reduction: 0 B*s›
I250821 15:12:34.557552 11253 kv/kvserver/mvcc_gc_queue.go:798 ⋮ [T1,Vsystem,n1,mvccGC,s1,r86/1:‹/{Table/134-Max}›] 241 +‹hint: {0,0 1755445834.582834013,0 1755445834.587412388,0}›
I250821 15:14:16.649600 2343 sql/sql_activity_update_job.go:250 ⋮ [T1,Vsystem,n1,job=AUTO UPDATE SQL ACTIVITY id=103] 242  sql stats activity found no rows at 2025-08-21 15:00:00 +0000 UTC
I250821 15:14:16.651785 2343 sql/sql_activity_update_job.go:250 ⋮ [T1,Vsystem,n1,job=AUTO UPDATE SQL ACTIVITY id=103] 243  sql stats activity found no rows at 2025-08-21 14:00:00 +0000 UTC
I250821 15:14:18.691280 13112 kv/kvserver/mvcc_gc_queue.go:796 ⋮ [T1,Vsystem,n1,mvccGC,s1,r86/1:‹/{Table/134-Max}›] 244  GC still needed following GC, recomputing MVCC stats
I250821 15:14:18.691346 13112 kv/kvserver/mvcc_gc_queue.go:797 ⋮ [T1,Vsystem,n1,mvccGC,s1,r86/1:‹/{Table/134-Max}›] 245  old score ‹queue=true with 0.00/fuzz(0.95)=0.00=valScaleScore(0.00)*deadFrac(0.04)+intentScore(0.00)›
I250821 15:14:18.691346 13112 kv/kvserver/mvcc_gc_queue.go:797 ⋮ [T1,Vsystem,n1,mvccGC,s1,r86/1:‹/{Table/134-Max}›] 245 +‹likely last GC: 1m38.488025214s ago, 0 B non-live, curr. age 0 B*s, min exp. reduction: 0 B*s›
I250821 15:14:18.691346 13112 kv/kvserver/mvcc_gc_queue.go:797 ⋮ [T1,Vsystem,n1,mvccGC,s1,r86/1:‹/{Table/134-Max}›] 245 +‹hint: {0,0 1755445834.582834013,0 1755445834.587412388,0}›
I250821 15:14:18.691434 13112 kv/kvserver/mvcc_gc_queue.go:798 ⋮ [T1,Vsystem,n1,mvccGC,s1,r86/1:‹/{Table/134-Max}›] 246  new score ‹queue=true with 0.00/fuzz(0.95)=0.00=valScaleScore(0.00)*deadFrac(0.04)+intentScore(0.00)›
I250821 15:14:18.691434 13112 kv/kvserver/mvcc_gc_queue.go:798 ⋮ [T1,Vsystem,n1,mvccGC,s1,r86/1:‹/{Table/134-Max}›] 246 +‹likely last GC: 1m44.138919424s ago, 0 B non-live, curr. age 0 B*s, min exp. reduction: 0 B*s›
I250821 15:14:18.691434 13112 kv/kvserver/mvcc_gc_queue.go:798 ⋮ [T1,Vsystem,n1,mvccGC,s1,r86/1:‹/{Table/134-Max}›] 246 +‹hint: {0,0 1755445834.582834013,0 1755445834.587412388,0}›
I250821 15:14:46.728985 13683 1@jobs/structured_log.go:49 ⋮ [T1,Vsystem,n1] 247 ={"Timestamp":1755789286728981511,"EventType":"status_change","JobID":1100083647969853441,"JobType":"AUTO CREATE PARTIAL STATS","Description":"state changed to: running","PreviousStatus":"running","NewStatus":"running","RunNum":0}
I250821 15:14:46.730901 13683 sql/distsql_plan_stats.go:209 ⋮ [T1,Vsystem,n1,job=AUTO CREATE PARTIAL STATS id=1100083647969853441,create-stats-distsql] 248  using computed sample size of 10000 for histogram construction
I250821 15:14:46.755823 13683 1@jobs/structured_log.go:49 ⋮ [T1,Vsystem,n1] 249 ={"Timestamp":1755789286755821095,"EventType":"status_change","JobID":1100083647969853441,"JobType":"AUTO CREATE PARTIAL STATS","Description":"state changed to: succeeded","PreviousStatus":"running","NewStatus":"succeeded","RunNum":0}
I250821 15:15:14.316833 1 1@cli/start.go:993 ⋮ [T1,Vsystem,n1] 250  received signal 'terminated'
I250821 15:15:14.317824 1 1@cli/start.go:1034 ⋮ [T1,Vsystem,n1] 251  initiating graceful shutdown of server
I250821 15:15:14.319423 14270 server/drain.go:353 ⋮ [T1,Vsystem,n1,server drain process,call-graceful-drain] 252  all tenant servers stopped
I250821 15:15:14.319608 14270 1@server/drain.go:399 ⋮ [T1,Vsystem,n1,server drain process,call-graceful-drain] 253  waiting for health probes to notice that the node is not ready for new sql connections
I250821 15:15:16.759817 14251 kv/kvserver/mvcc_gc_queue.go:796 ⋮ [T1,Vsystem,n1,mvccGC,s1,r86/1:‹/{Table/134-Max}›] 254  GC still needed following GC, recomputing MVCC stats
I250821 15:15:16.760032 14251 kv/kvserver/mvcc_gc_queue.go:797 ⋮ [T1,Vsystem,n1,mvccGC,s1,r86/1:‹/{Table/134-Max}›] 255  old score ‹queue=true with 0.00/fuzz(0.95)=0.00=valScaleScore(0.00)*deadFrac(0.04)+intentScore(0.00)›
I250821 15:15:16.760032 14251 kv/kvserver/mvcc_gc_queue.go:797 ⋮ [T1,Vsystem,n1,mvccGC,s1,r86/1:‹/{Table/134-Max}›] 255 +‹likely last GC: 54.337334207s ago, 0 B non-live, curr. age 0 B*s, min exp. reduction: 0 B*s›
I250821 15:15:16.760032 14251 kv/kvserver/mvcc_gc_queue.go:797 ⋮ [T1,Vsystem,n1,mvccGC,s1,r86/1:‹/{Table/134-Max}›] 255 +‹hint: {0,0 1755445834.582834013,0 1755445834.587412388,0}›
I250821 15:15:16.760209 14251 kv/kvserver/mvcc_gc_queue.go:798 ⋮ [T1,Vsystem,n1,mvccGC,s1,r86/1:‹/{Table/134-Max}›] 256  new score ‹queue=true with 0.00/fuzz(0.95)=0.00=valScaleScore(0.00)*deadFrac(0.04)+intentScore(0.00)›
I250821 15:15:16.760209 14251 kv/kvserver/mvcc_gc_queue.go:798 ⋮ [T1,Vsystem,n1,mvccGC,s1,r86/1:‹/{Table/134-Max}›] 256 +‹likely last GC: 58.071851333s ago, 0 B non-live, curr. age 0 B*s, min exp. reduction: 0 B*s›
I250821 15:15:16.760209 14251 kv/kvserver/mvcc_gc_queue.go:798 ⋮ [T1,Vsystem,n1,mvccGC,s1,r86/1:‹/{Table/134-Max}›] 256 +‹hint: {0,0 1755445834.582834013,0 1755445834.587412388,0}›
I250821 15:15:17.320903 14273 1@server/drain.go:513 ⋮ [T1,Vsystem,n1,server drain process,call-graceful-drain] 257  number of open connections: 0
I250821 15:15:19.318926 14271 1@cli/start.go:1046 ⋮ [T1,Vsystem,n1] 258  371 running tasks
I250821 15:15:24.316807 14271 1@cli/start.go:1046 ⋮ [T1,Vsystem,n1] 259  370 running tasks
W250821 15:15:24.318765 1272 jobs/registry.go:1069 ⋮ [T1,Vsystem,n1] 260  canceling all adopted jobs due to graceful drain request
I250821 15:15:24.318883 1435 sql/stats/automatic_stats.go:745 ⋮ [T1,Vsystem,n1] 261  draining stats garbage collector
I250821 15:15:24.318802 1434 sql/stats/automatic_stats.go:694 ⋮ [T1,Vsystem,n1] 262  draining auto stats refresher
I250821 15:15:24.319782 2387 jobs/registry.go:1681 ⋮ [T1,Vsystem,n1,job=100] 263  KEY VISUALIZER job 100: stepping through state succeeded
I250821 15:15:24.320048 2343 jobs/registry.go:1681 ⋮ [T1,Vsystem,n1,job=103] 264  AUTO UPDATE SQL ACTIVITY job 103: stepping through state succeeded
W250821 15:15:24.323369 2559 kv/kvclient/kvcoord/dist_sender_mux_rangefeed.go:406 ⋮ [T1,Vsystem,n1,job=AUTO SPAN CONFIG RECONCILIATION id=1098946398292541441,rangefeed=‹sql-watcher-protected-ts-records-rangefeed›,mux_n=1,gen=2] 265  error closing mux rangefeed client: context canceled
W250821 15:15:24.324165 2493 kv/kvclient/kvcoord/dist_sender_mux_rangefeed.go:406 ⋮ [T1,Vsystem,n1,job=1098958321112612865,change-aggregator,mux_n=1,gen=2] 266  error closing mux rangefeed client: context canceled
E250821 15:15:24.328289 2381 ccl/changefeedccl/kvfeed/kv_feed.go:158 ⋮ [T1,Vsystem,n1,job=1098958321112612865,change-aggregator] 269  stopping kv feed due to error: context canceled
W250821 15:15:24.324431 2594 kv/kvclient/kvcoord/dist_sender_mux_rangefeed.go:406 ⋮ [T1,Vsystem,n1,job=AUTO SPAN CONFIG RECONCILIATION id=1098946398292541441,rangefeed=‹sql-watcher-descriptor-rangefeed›,mux_n=1,gen=2] 267  error closing mux rangefeed client: context canceled
W250821 15:15:24.324973 2460 kv/kvclient/kvcoord/dist_sender_mux_rangefeed.go:406 ⋮ [T1,Vsystem,n1,job=AUTO SPAN CONFIG RECONCILIATION id=1098946398292541441,rangefeed=‹sql-watcher-zones-rangefeed›,mux_n=1,gen=2] 268  error closing mux rangefeed client: context canceled
I250821 15:15:24.332327 398 ccl/changefeedccl/changefeed_stmt.go:1466 ⋮ [T1,Vsystem,n1,job=CHANGEFEED id=1098958321112612865] 270  CHANGEFEED 1098958321112612865 shutting down (cause: context canceled)
W250821 15:15:24.333264 398 ccl/changefeedccl/changefeed_stmt.go:1335 ⋮ [T1,Vsystem,n1,job=CHANGEFEED id=1098958321112612865] 271  job failed (context canceled)
