I250829 14:23:34.687833 114 util/log/file_sync_buffer.go:237 ⋮ [config]   file created at: 2025/08/29 14:23:34
I250829 14:23:34.688072 114 util/log/file_sync_buffer.go:237 ⋮ [config]   running on machine: ‹8316418ba1cc›
I250829 14:23:34.688102 114 util/log/file_sync_buffer.go:237 ⋮ [config]   binary: CockroachDB CCL v25.2.0 (aarch64-unknown-linux-gnu, built 2025/05/15 21:07:42, go1.23.7 X:nocoverageredesign)
I250829 14:23:34.688117 114 util/log/file_sync_buffer.go:237 ⋮ [config]   arguments: [‹/cockroach/cockroach› ‹start-single-node› ‹--certs-dir=certs› ‹--advertise-addr=127.0.0.1:26257› ‹--insecure› ‹--http-addr=0.0.0.0:8080›]
I250829 14:23:34.688254 114 util/log/file_sync_buffer.go:237 ⋮ [config]   log format (utf8=✓): crdb-v2
I250829 14:23:34.688277 114 util/log/file_sync_buffer.go:237 ⋮ [config]   line format: [IWEF]yymmdd hh:mm:ss.uuuuuu goid [chan@]file:line redactionmark \[tags\] [counter] msg
I250829 14:23:34.663903 114 3@pebble/objstorage/objstorageprovider/remote.go:102 ⋮ [n?,s?,pebble] 1  remote storage configured; creatorID = 1
I250829 14:23:35.597217 114 3@pebble/open.go:1054 ⋮ [n?,s?,pebble] 2  [JOB ‹1›] WAL ‹000017: {(/cockroach/cockroach-data,000)}› stopped reading at offset: (‹/cockroach/cockroach-data/000017.log›: 40638362); replayed 112563 keys in 3906 batches
I250829 14:23:35.603755 72 3@pebble/event.go:1011 ⋮ [n?,s?,pebble] 3  [JOB 2] flushing 8 memtables (43MB) to L0
I250829 14:23:35.610429 72 3@pebble/event.go:1039 ⋮ [n?,s?,pebble] 4  [JOB 2] flushing: sstable created 000021
I250829 14:23:36.044765 72 3@pebble/event.go:1031 ⋮ [n?,s?,pebble] 5  [JOB 2] MANIFEST created 000022
I250829 14:23:36.045062 72 3@pebble/event.go:1015 ⋮ [n?,s?,pebble] 6  [JOB 2] flushed 8 memtables (43MB) to L0 [000021] (774KB), in 0.4s (0.4s total), output rate 1.7MB/s
I250829 14:23:36.099759 129 3@pebble/event.go:1063 ⋮ [n?,s?,pebble] 7  [JOB 2] WAL deleted 000005
I250829 14:23:36.100954 114 3@pebble/event.go:1059 ⋮ [n?,s?,pebble] 8  [JOB 1] WAL created 000023
I250829 14:23:36.101209 129 3@pebble/event.go:1063 ⋮ [n?,s?,pebble] 9  [JOB 2] WAL deleted 000006
I250829 14:23:36.102955 129 3@pebble/event.go:1063 ⋮ [n?,s?,pebble] 10  [JOB 2] WAL deleted 000007
I250829 14:23:36.108434 129 3@pebble/event.go:1063 ⋮ [n?,s?,pebble] 11  [JOB 2] WAL deleted 000011
I250829 14:23:36.126514 129 3@pebble/event.go:1063 ⋮ [n?,s?,pebble] 12  [JOB 2] WAL deleted 000014
I250829 14:23:36.146643 129 3@pebble/event.go:1063 ⋮ [n?,s?,pebble] 13  [JOB 2] WAL deleted 000017
I250829 14:23:36.233934 86 3@pebble/event.go:999 ⋮ [n?,s?,pebble] 14  [JOB 4] compacting(default) L0 [000021] (774KB) Score=62.82 + L6 [000019] (1.0MB) Score=0.02; OverlappingRatio: Single 1.35, Multi 0.00
I250829 14:23:36.301547 75 3@pebble/event.go:1051 ⋮ [n?,s?,pebble] 15  [JOB 5] all initial table stats loaded
I250829 14:23:36.328208 86 3@pebble/event.go:1039 ⋮ [n?,s?,pebble] 16  [JOB 4] compacting: sstable created 000025
I250829 14:23:37.816898 86 3@pebble/event.go:1003 ⋮ [n?,s?,pebble] 17  [JOB 4] compacted(default) L0 [000021] (774KB) Score=62.82 + L6 [000019] (1.0MB) Score=0.02 -> L6 [000025] (1.6MB), in 1.6s (1.8s total), output rate 1020KB/s
I250829 14:23:37.839388 129 3@pebble/event.go:1043 ⋮ [n?,s?,pebble] 18  [JOB 4] sstable deleted 000019
I250829 14:23:37.844796 129 3@pebble/event.go:1043 ⋮ [n?,s?,pebble] 19  [JOB 4] sstable deleted 000021
I250829 14:23:38.124667 114 3@pebble/event.go:1031 ⋮ [n?,s?,pebble] 20  [JOB 1] MANIFEST created 000001
I250829 14:23:38.126470 114 3@pebble/event.go:1059 ⋮ [n?,s?,pebble] 21  [JOB 1] WAL created 000002
I250829 14:23:38.127173 114 3@pebble/event.go:1027 ⋮ [n?,s?,pebble] 22  upgraded to format version: 014
I250829 14:23:38.139534 114 3@pebble/event.go:1027 ⋮ [n?,s?,pebble] 23  upgraded to format version: 015
I250829 14:23:38.147087 114 3@pebble/event.go:1027 ⋮ [n?,s?,pebble] 24  upgraded to format version: 016
I250829 14:23:38.153131 114 3@pebble/event.go:1027 ⋮ [n?,s?,pebble] 25  upgraded to format version: 017
I250829 14:23:38.154160 114 3@pebble/event.go:1027 ⋮ [n?,s?,pebble] 26  upgraded to format version: 018
I250829 14:23:38.164002 114 3@pebble/event.go:1027 ⋮ [n?,s?,pebble] 27  upgraded to format version: 019
I250829 14:23:38.172108 153 3@pebble/event.go:1051 ⋮ [n?,s?,pebble] 28  [JOB 2] all initial table stats loaded
I250829 14:23:58.950984 528 3@kv/kvserver/store.go:3801 ⋮ [T1,Vsystem,n1,s1] 29  Pebble metrics:
I250829 14:23:58.950984 528 3@kv/kvserver/store.go:3801 ⋮ [T1,Vsystem,n1,s1] 29 +      |                             |       |       |   ingested   |     moved    |    written   |       |    amp
I250829 14:23:58.950984 528 3@kv/kvserver/store.go:3801 ⋮ [T1,Vsystem,n1,s1] 29 +level | tables  size val-bl vtables | score |   in  | tables  size | tables  size | tables  size |  read |   r   w
I250829 14:23:58.950984 528 3@kv/kvserver/store.go:3801 ⋮ [T1,Vsystem,n1,s1] 29 +------+-----------------------------+-------+-------+--------------+--------------+--------------+-------+---------
I250829 14:23:58.950984 528 3@kv/kvserver/store.go:3801 ⋮ [T1,Vsystem,n1,s1] 29 +    0 |     0     0B     0B       0 |  0.00 |  39MB |     0     0B |     0     0B |     1  774KB |    0B |   0  0.0
I250829 14:23:58.950984 528 3@kv/kvserver/store.go:3801 ⋮ [T1,Vsystem,n1,s1] 29 +    1 |     0     0B     0B       0 |  0.00 |    0B |     0     0B |     0     0B |     0     0B |    0B |   0  0.0
I250829 14:23:58.950984 528 3@kv/kvserver/store.go:3801 ⋮ [T1,Vsystem,n1,s1] 29 +    2 |     0     0B     0B       0 |  0.00 |    0B |     0     0B |     0     0B |     0     0B |    0B |   0  0.0
I250829 14:23:58.950984 528 3@kv/kvserver/store.go:3801 ⋮ [T1,Vsystem,n1,s1] 29 +    3 |     0     0B     0B       0 |  0.00 |    0B |     0     0B |     0     0B |     0     0B |    0B |   0  0.0
I250829 14:23:58.950984 528 3@kv/kvserver/store.go:3801 ⋮ [T1,Vsystem,n1,s1] 29 +    4 |     0     0B     0B       0 |  0.00 |    0B |     0     0B |     0     0B |     0     0B |    0B |   0  0.0
I250829 14:23:58.950984 528 3@kv/kvserver/store.go:3801 ⋮ [T1,Vsystem,n1,s1] 29 +    5 |     0     0B     0B       0 |  0.00 |    0B |     0     0B |     0     0B |     0     0B |    0B |   0  0.0
I250829 14:23:58.950984 528 3@kv/kvserver/store.go:3801 ⋮ [T1,Vsystem,n1,s1] 29 +    6 |     1  1.6MB  128KB       0 |     - | 774KB |     0     0B |     0     0B |     1  1.6MB | 1.8MB |   1  2.1
I250829 14:23:58.950984 528 3@kv/kvserver/store.go:3801 ⋮ [T1,Vsystem,n1,s1] 29 +total |     1  1.6MB  128KB       0 |     - |  41MB |     0     0B |     0     0B |     2   43MB | 1.8MB |   1  1.1
I250829 14:23:58.950984 528 3@kv/kvserver/store.go:3801 ⋮ [T1,Vsystem,n1,s1] 29 +-------------------------------------------------------------------------------------------------------------------
I250829 14:23:58.950984 528 3@kv/kvserver/store.go:3801 ⋮ [T1,Vsystem,n1,s1] 29 +WAL: 1 files (2.3MB)  in: 2.3MB  written: 41MB (1669% overhead)
I250829 14:23:58.950984 528 3@kv/kvserver/store.go:3801 ⋮ [T1,Vsystem,n1,s1] 29 +Flushes: 1
I250829 14:23:58.950984 528 3@kv/kvserver/store.go:3801 ⋮ [T1,Vsystem,n1,s1] 29 +Compactions: 1  estimated debt: 0B  in progress: 0 (0B)
I250829 14:23:58.950984 528 3@kv/kvserver/store.go:3801 ⋮ [T1,Vsystem,n1,s1] 29 +             default: 1  delete: 0  elision: 0  move: 0  read: 0  tombstone-density: 0  rewrite: 0  copy: 0  multi-level: 0
I250829 14:23:58.950984 528 3@kv/kvserver/store.go:3801 ⋮ [T1,Vsystem,n1,s1] 29 +MemTables: 1 (64MB)  zombie: 1 (32MB)
I250829 14:23:58.950984 528 3@kv/kvserver/store.go:3801 ⋮ [T1,Vsystem,n1,s1] 29 +Zombie tables: 0 (0B, local: 0B)
I250829 14:23:58.950984 528 3@kv/kvserver/store.go:3801 ⋮ [T1,Vsystem,n1,s1] 29 +Backing tables: 0 (0B)
I250829 14:23:58.950984 528 3@kv/kvserver/store.go:3801 ⋮ [T1,Vsystem,n1,s1] 29 +Virtual tables: 0 (0B)
I250829 14:23:58.950984 528 3@kv/kvserver/store.go:3801 ⋮ [T1,Vsystem,n1,s1] 29 +Local tables size: 1.6MB
I250829 14:23:58.950984 528 3@kv/kvserver/store.go:3801 ⋮ [T1,Vsystem,n1,s1] 29 +Compression types: snappy: 1
I250829 14:23:58.950984 528 3@kv/kvserver/store.go:3801 ⋮ [T1,Vsystem,n1,s1] 29 +Block cache: 36 entries (1.2MB)  hit rate: 93.8%
I250829 14:23:58.950984 528 3@kv/kvserver/store.go:3801 ⋮ [T1,Vsystem,n1,s1] 29 +Table cache: 1 entries (832B)  hit rate: 99.9%
I250829 14:23:58.950984 528 3@kv/kvserver/store.go:3801 ⋮ [T1,Vsystem,n1,s1] 29 +Snapshots: 0  earliest seq num: 0
I250829 14:23:58.950984 528 3@kv/kvserver/store.go:3801 ⋮ [T1,Vsystem,n1,s1] 29 +Table iters: 0
I250829 14:23:58.950984 528 3@kv/kvserver/store.go:3801 ⋮ [T1,Vsystem,n1,s1] 29 +Filter utility: 0.0%
I250829 14:23:58.950984 528 3@kv/kvserver/store.go:3801 ⋮ [T1,Vsystem,n1,s1] 29 +Ingestions: 0  as flushable: 0 (0B in 0 tables)
I250829 14:23:58.950984 528 3@kv/kvserver/store.go:3801 ⋮ [T1,Vsystem,n1,s1] 29 +Cgo memory usage: 98MB  block cache: 1.2MB (data: 1.2MB, maps: 16KB, entries: 2.8KB)  memtables: 96MB
