I250824 10:40:18.074486 82 util/log/file_sync_buffer.go:237 ⋮ [config]   file created at: 2025/08/24 10:40:18
I250824 10:40:18.074508 82 util/log/file_sync_buffer.go:237 ⋮ [config]   running on machine: ‹23f9336fcafe›
I250824 10:40:18.074519 82 util/log/file_sync_buffer.go:237 ⋮ [config]   binary: CockroachDB CCL v25.2.0 (aarch64-unknown-linux-gnu, built 2025/05/15 21:07:42, go1.23.7 X:nocoverageredesign)
I250824 10:40:18.074525 82 util/log/file_sync_buffer.go:237 ⋮ [config]   arguments: [‹/cockroach/cockroach› ‹start-single-node› ‹--certs-dir=certs› ‹--advertise-addr=127.0.0.1:26257› ‹--insecure› ‹--http-addr=0.0.0.0:8080›]
I250824 10:40:18.074534 82 util/log/file_sync_buffer.go:237 ⋮ [config]   log format (utf8=✓): crdb-v2
I250824 10:40:18.074538 82 util/log/file_sync_buffer.go:237 ⋮ [config]   line format: [IWEF]yymmdd hh:mm:ss.uuuuuu goid [chan@]file:line redactionmark \[tags\] [counter] msg
I250824 10:40:18.071045 82 3@pebble/objstorage/objstorageprovider/remote.go:102 ⋮ [n?,s?,pebble] 1  remote storage configured; creatorID = 1
I250824 10:40:18.586765 82 3@pebble/open.go:1054 ⋮ [n?,s?,pebble] 2  [JOB ‹1›] WAL ‹004459: {(/cockroach/cockroach-data,000)}› stopped reading at offset: (‹/cockroach/cockroach-data/004459.log›: 42651733); replayed 126086 keys in 3575 batches
I250824 10:40:18.588633 102 3@pebble/event.go:1011 ⋮ [n?,s?,pebble] 3  [JOB 2] flushing 8 memtables (45MB) to L0
I250824 10:40:18.591910 102 3@pebble/event.go:1039 ⋮ [n?,s?,pebble] 4  [JOB 2] flushing: sstable created 004465
I250824 10:40:18.873508 102 3@pebble/event.go:1031 ⋮ [n?,s?,pebble] 5  [JOB 2] MANIFEST created 004466
I250824 10:40:18.873639 102 3@pebble/event.go:1015 ⋮ [n?,s?,pebble] 6  [JOB 2] flushed 8 memtables (45MB) to L0 [004465] (331KB), in 0.3s (0.3s total), output rate 1.3MB/s
I250824 10:40:18.878899 100 3@pebble/event.go:1063 ⋮ [n?,s?,pebble] 7  [JOB 2] WAL deleted 004454
I250824 10:40:18.878846 106 3@pebble/event.go:999 ⋮ [n?,s?,pebble] 8  [JOB 4] compacting(default) L0 [004465] (331KB) Score=8.77 + L5 [004461 004462 004463] (7.3MB) Score=0.11; OverlappingRatio: Single 22.57, Multi 0.00
I250824 10:40:18.884436 82 3@pebble/event.go:1059 ⋮ [n?,s?,pebble] 9  [JOB 1] WAL created 004467
I250824 10:40:18.886332 100 3@pebble/event.go:1063 ⋮ [n?,s?,pebble] 10  [JOB 2] WAL deleted 004459
I250824 10:40:19.023045 106 3@pebble/event.go:1039 ⋮ [n?,s?,pebble] 11  [JOB 4] compacting: sstable created 004469
I250824 10:40:19.254771 73 3@pebble/event.go:1051 ⋮ [n?,s?,pebble] 12  [JOB 5] all initial table stats loaded
I250824 10:40:21.751412 106 3@pebble/event.go:1039 ⋮ [n?,s?,pebble] 13  [JOB 4] compacting: sstable created 004470
I250824 10:40:24.105296 106 3@pebble/event.go:1039 ⋮ [n?,s?,pebble] 14  [JOB 4] compacting: sstable created 004471
I250824 10:40:24.704866 106 3@pebble/event.go:1003 ⋮ [n?,s?,pebble] 15  [JOB 4] compacted(default) L0 [004465] (331KB) Score=8.77 + L5 [004461 004462 004463] (7.3MB) Score=0.11 -> L5 [004469 004470 004471] (7.4MB), in 5.8s (5.8s total), output rate 1.3MB/s
I250824 10:40:24.716662 100 3@pebble/event.go:1043 ⋮ [n?,s?,pebble] 16  [JOB 4] sstable deleted 004461
I250824 10:40:24.719508 100 3@pebble/event.go:1043 ⋮ [n?,s?,pebble] 17  [JOB 4] sstable deleted 004462
I250824 10:40:24.724909 100 3@pebble/event.go:1043 ⋮ [n?,s?,pebble] 18  [JOB 4] sstable deleted 004463
I250824 10:40:24.725604 100 3@pebble/event.go:1043 ⋮ [n?,s?,pebble] 19  [JOB 4] sstable deleted 004465
I250824 10:40:24.726075 100 3@pebble/event.go:1035 ⋮ [n?,s?,pebble] 20  [JOB 1] MANIFEST deleted 004417
I250824 10:40:24.765187 82 3@pebble/event.go:1031 ⋮ [n?,s?,pebble] 21  [JOB 1] MANIFEST created 000001
I250824 10:40:24.767263 82 3@pebble/event.go:1059 ⋮ [n?,s?,pebble] 22  [JOB 1] WAL created 000002
I250824 10:40:24.768045 82 3@pebble/event.go:1027 ⋮ [n?,s?,pebble] 23  upgraded to format version: 014
I250824 10:40:24.769354 82 3@pebble/event.go:1027 ⋮ [n?,s?,pebble] 24  upgraded to format version: 015
I250824 10:40:24.770266 82 3@pebble/event.go:1027 ⋮ [n?,s?,pebble] 25  upgraded to format version: 016
I250824 10:40:24.771532 82 3@pebble/event.go:1027 ⋮ [n?,s?,pebble] 26  upgraded to format version: 017
I250824 10:40:24.772702 82 3@pebble/event.go:1027 ⋮ [n?,s?,pebble] 27  upgraded to format version: 018
I250824 10:40:24.773606 82 3@pebble/event.go:1027 ⋮ [n?,s?,pebble] 28  upgraded to format version: 019
I250824 10:40:24.776329 164 3@pebble/event.go:1051 ⋮ [n?,s?,pebble] 29  [JOB 2] all initial table stats loaded
I250824 10:40:44.537954 2112 3@pebble/event.go:999 ⋮ [n1,s1,pebble] 30  [JOB 7] compacting(read) L5 [004470] (3.4MB) Score=0.00 + L6 [004273 004274 004126 004127] (24MB) Score=0.00; OverlappingRatio: Single 0.00, Multi 0.00
I250824 10:40:44.540179 2112 3@pebble/event.go:1039 ⋮ [n1,s1,pebble] 31  [JOB 7] compacting: sstable created 004472
I250824 10:40:44.763484 2112 3@pebble/event.go:1039 ⋮ [n1,s1,pebble] 32  [JOB 7] compacting: sstable created 004473
I250824 10:40:44.930958 2112 3@pebble/event.go:1039 ⋮ [n1,s1,pebble] 33  [JOB 7] compacting: sstable created 004474
I250824 10:40:45.133773 2112 3@pebble/event.go:1039 ⋮ [n1,s1,pebble] 34  [JOB 7] compacting: sstable created 004475
I250824 10:40:45.223221 2112 3@pebble/event.go:1003 ⋮ [n1,s1,pebble] 35  [JOB 7] compacted(read) L5 [004470] (3.4MB) Score=0.00 + L6 [004273 004274 004126 004127] (24MB) Score=0.00 -> L6 [004472 004473 004474 004475] (28MB), in 0.7s (0.7s total), output rate 41MB/s
I250824 10:40:45.224530 100 3@pebble/event.go:1043 ⋮ [n1,s1,pebble] 36  [JOB 7] sstable deleted 004126
I250824 10:40:45.225041 100 3@pebble/event.go:1043 ⋮ [n1,s1,pebble] 37  [JOB 7] sstable deleted 004127
I250824 10:40:45.225489 100 3@pebble/event.go:1043 ⋮ [n1,s1,pebble] 38  [JOB 7] sstable deleted 004273
I250824 10:40:45.225654 100 3@pebble/event.go:1043 ⋮ [n1,s1,pebble] 39  [JOB 7] sstable deleted 004274
I250824 10:40:45.225914 100 3@pebble/event.go:1043 ⋮ [n1,s1,pebble] 40  [JOB 7] sstable deleted 004470
I250824 10:40:45.450437 859 3@kv/kvserver/store.go:3801 ⋮ [T1,Vsystem,n1,s1] 41  Pebble metrics:
I250824 10:40:45.450437 859 3@kv/kvserver/store.go:3801 ⋮ [T1,Vsystem,n1,s1] 41 +      |                             |       |       |   ingested   |     moved    |    written   |       |    amp
I250824 10:40:45.450437 859 3@kv/kvserver/store.go:3801 ⋮ [T1,Vsystem,n1,s1] 41 +level | tables  size val-bl vtables | score |   in  | tables  size | tables  size | tables  size |  read |   r   w
I250824 10:40:45.450437 859 3@kv/kvserver/store.go:3801 ⋮ [T1,Vsystem,n1,s1] 41 +------+-----------------------------+-------+-------+--------------+--------------+--------------+-------+---------
I250824 10:40:45.450437 859 3@kv/kvserver/store.go:3801 ⋮ [T1,Vsystem,n1,s1] 41 +    0 |     0     0B     0B       0 |  0.00 |  41MB |     0     0B |     0     0B |     1  331KB |    0B |   0  0.0
I250824 10:40:45.450437 859 3@kv/kvserver/store.go:3801 ⋮ [T1,Vsystem,n1,s1] 41 +    1 |     0     0B     0B       0 |  0.00 |    0B |     0     0B |     0     0B |     0     0B |    0B |   0  0.0
I250824 10:40:45.450437 859 3@kv/kvserver/store.go:3801 ⋮ [T1,Vsystem,n1,s1] 41 +    2 |     0     0B     0B       0 |  0.00 |    0B |     0     0B |     0     0B |     0     0B |    0B |   0  0.0
I250824 10:40:45.450437 859 3@kv/kvserver/store.go:3801 ⋮ [T1,Vsystem,n1,s1] 41 +    3 |     0     0B     0B       0 |  0.00 |    0B |     0     0B |     0     0B |     0     0B |    0B |   0  0.0
I250824 10:40:45.450437 859 3@kv/kvserver/store.go:3801 ⋮ [T1,Vsystem,n1,s1] 41 +    4 |     0     0B     0B       0 |  0.00 |    0B |     0     0B |     0     0B |     0     0B |    0B |   0  0.0
I250824 10:40:45.450437 859 3@kv/kvserver/store.go:3801 ⋮ [T1,Vsystem,n1,s1] 41 +    5 |     2  4.1MB  142KB       0 |  0.11 | 331KB |     0     0B |     0     0B |     3  7.4MB | 7.6MB |   1 23.0
I250824 10:40:45.450437 859 3@kv/kvserver/store.go:3801 ⋮ [T1,Vsystem,n1,s1] 41 +    6 |    12   86MB   69KB       0 |     - | 3.4MB |     0     0B |     0     0B |     4   28MB |  28MB |   1  8.3
I250824 10:40:45.450437 859 3@kv/kvserver/store.go:3801 ⋮ [T1,Vsystem,n1,s1] 41 +total |    14   90MB  211KB       0 |     - |  43MB |     0     0B |     0     0B |     8   79MB |  36MB |   2  1.8
I250824 10:40:45.450437 859 3@kv/kvserver/store.go:3801 ⋮ [T1,Vsystem,n1,s1] 41 +-------------------------------------------------------------------------------------------------------------------
I250824 10:40:45.450437 859 3@kv/kvserver/store.go:3801 ⋮ [T1,Vsystem,n1,s1] 41 +WAL: 1 files (2.3MB)  in: 2.3MB  written: 43MB (1770% overhead)
I250824 10:40:45.450437 859 3@kv/kvserver/store.go:3801 ⋮ [T1,Vsystem,n1,s1] 41 +Flushes: 1
I250824 10:40:45.450437 859 3@kv/kvserver/store.go:3801 ⋮ [T1,Vsystem,n1,s1] 41 +Compactions: 2  estimated debt: 0B  in progress: 0 (0B)
I250824 10:40:45.450437 859 3@kv/kvserver/store.go:3801 ⋮ [T1,Vsystem,n1,s1] 41 +             default: 1  delete: 0  elision: 0  move: 0  read: 1  tombstone-density: 0  rewrite: 0  copy: 0  multi-level: 0
I250824 10:40:45.450437 859 3@kv/kvserver/store.go:3801 ⋮ [T1,Vsystem,n1,s1] 41 +MemTables: 1 (64MB)  zombie: 1 (32MB)
I250824 10:40:45.450437 859 3@kv/kvserver/store.go:3801 ⋮ [T1,Vsystem,n1,s1] 41 +Zombie tables: 0 (0B, local: 0B)
I250824 10:40:45.450437 859 3@kv/kvserver/store.go:3801 ⋮ [T1,Vsystem,n1,s1] 41 +Backing tables: 0 (0B)
I250824 10:40:45.450437 859 3@kv/kvserver/store.go:3801 ⋮ [T1,Vsystem,n1,s1] 41 +Virtual tables: 0 (0B)
I250824 10:40:45.450437 859 3@kv/kvserver/store.go:3801 ⋮ [T1,Vsystem,n1,s1] 41 +Local tables size: 90MB
I250824 10:40:45.450437 859 3@kv/kvserver/store.go:3801 ⋮ [T1,Vsystem,n1,s1] 41 +Compression types: snappy: 14
I250824 10:40:45.450437 859 3@kv/kvserver/store.go:3801 ⋮ [T1,Vsystem,n1,s1] 41 +Block cache: 1.7K entries (19MB)  hit rate: 33.1%
I250824 10:40:45.450437 859 3@kv/kvserver/store.go:3801 ⋮ [T1,Vsystem,n1,s1] 41 +Table cache: 10 entries (8.1KB)  hit rate: 99.6%
I250824 10:40:45.450437 859 3@kv/kvserver/store.go:3801 ⋮ [T1,Vsystem,n1,s1] 41 +Snapshots: 0  earliest seq num: 0
I250824 10:40:45.450437 859 3@kv/kvserver/store.go:3801 ⋮ [T1,Vsystem,n1,s1] 41 +Table iters: 0
I250824 10:40:45.450437 859 3@kv/kvserver/store.go:3801 ⋮ [T1,Vsystem,n1,s1] 41 +Filter utility: 64.4%
I250824 10:40:45.450437 859 3@kv/kvserver/store.go:3801 ⋮ [T1,Vsystem,n1,s1] 41 +Ingestions: 0  as flushable: 0 (0B in 0 tables)
I250824 10:40:45.450437 859 3@kv/kvserver/store.go:3801 ⋮ [T1,Vsystem,n1,s1] 41 +Cgo memory usage: 115MB  block cache: 19MB (data: 19MB, maps: 144KB, entries: 142KB)  memtables: 96MB
I250824 10:48:55.658352 738 3@pebble/event.go:1059 ⋮ [n1,s1,pebble] 42  [JOB 8] WAL created 004476
I250824 10:48:55.824345 11721 3@pebble/event.go:1011 ⋮ [n1,s1,pebble] 43  [JOB 9] flushing 1 memtable (64MB) to L0
I250824 10:48:55.835289 11721 3@pebble/event.go:1039 ⋮ [n1,s1,pebble] 44  [JOB 9] flushing: sstable created 004477
I250824 10:48:56.146129 11721 3@pebble/event.go:1015 ⋮ [n1,s1,pebble] 45  [JOB 9] flushed 1 memtable (64MB) to L0 [004477] (486KB), in 0.3s (0.3s total), output rate 1.5MB/s
I250824 10:48:56.149440 11914 3@pebble/event.go:999 ⋮ [n1,s1,pebble] 46  [JOB 11] compacting(default) L0 [004477] (486KB) Score=15.75 + L5 [004469 004471] (4.1MB) Score=0.11; OverlappingRatio: Single 8.56, Multi 0.00
I250824 10:48:56.179840 11914 3@pebble/event.go:1039 ⋮ [n1,s1,pebble] 47  [JOB 11] compacting: sstable created 004478
I250824 10:48:56.534961 11914 3@pebble/event.go:1039 ⋮ [n1,s1,pebble] 48  [JOB 11] compacting: sstable created 004479
I250824 10:48:56.611711 11914 3@pebble/event.go:1039 ⋮ [n1,s1,pebble] 49  [JOB 11] compacting: sstable created 004480
I250824 10:48:56.658861 11914 3@pebble/event.go:1003 ⋮ [n1,s1,pebble] 50  [JOB 11] compacted(default) L0 [004477] (486KB) Score=15.75 + L5 [004469 004471] (4.1MB) Score=0.11 -> L5 [004478 004479 004480] (4.4MB), in 0.5s (0.5s total), output rate 8.7MB/s
I250824 10:48:56.662158 100 3@pebble/event.go:1043 ⋮ [n1,s1,pebble] 51  [JOB 11] sstable deleted 004469
I250824 10:48:56.663611 100 3@pebble/event.go:1043 ⋮ [n1,s1,pebble] 52  [JOB 11] sstable deleted 004471
I250824 10:48:56.664176 100 3@pebble/event.go:1043 ⋮ [n1,s1,pebble] 53  [JOB 11] sstable deleted 004477
I250824 10:50:45.436897 859 3@kv/kvserver/store.go:3801 ⋮ [T1,Vsystem,n1,s1] 54  Pebble metrics:
I250824 10:50:45.436897 859 3@kv/kvserver/store.go:3801 ⋮ [T1,Vsystem,n1,s1] 54 +      |                             |       |       |   ingested   |     moved    |    written   |       |    amp
I250824 10:50:45.436897 859 3@kv/kvserver/store.go:3801 ⋮ [T1,Vsystem,n1,s1] 54 +level | tables  size val-bl vtables | score |   in  | tables  size | tables  size | tables  size |  read |   r   w
I250824 10:50:45.436897 859 3@kv/kvserver/store.go:3801 ⋮ [T1,Vsystem,n1,s1] 54 +------+-----------------------------+-------+-------+--------------+--------------+--------------+-------+---------
I250824 10:50:45.436897 859 3@kv/kvserver/store.go:3801 ⋮ [T1,Vsystem,n1,s1] 54 +    0 |     0     0B     0B       0 |  0.00 |  98MB |     0     0B |     0     0B |     2  817KB |    0B |   0  0.0
I250824 10:50:45.436897 859 3@kv/kvserver/store.go:3801 ⋮ [T1,Vsystem,n1,s1] 54 +    1 |     0     0B     0B       0 |  0.00 |    0B |     0     0B |     0     0B |     0     0B |    0B |   0  0.0
I250824 10:50:45.436897 859 3@kv/kvserver/store.go:3801 ⋮ [T1,Vsystem,n1,s1] 54 +    2 |     0     0B     0B       0 |  0.00 |    0B |     0     0B |     0     0B |     0     0B |    0B |   0  0.0
I250824 10:50:45.436897 859 3@kv/kvserver/store.go:3801 ⋮ [T1,Vsystem,n1,s1] 54 +    3 |     0     0B     0B       0 |  0.00 |    0B |     0     0B |     0     0B |     0     0B |    0B |   0  0.0
I250824 10:50:45.436897 859 3@kv/kvserver/store.go:3801 ⋮ [T1,Vsystem,n1,s1] 54 +    4 |     0     0B     0B       0 |  0.00 |    0B |     0     0B |     0     0B |     0     0B |    0B |   0  0.0
I250824 10:50:45.436897 859 3@kv/kvserver/store.go:3801 ⋮ [T1,Vsystem,n1,s1] 54 +    5 |     3  4.4MB  148KB       0 |  0.12 | 817KB |     0     0B |     0     0B |     6   12MB |  12MB |   1 14.9
I250824 10:50:45.436897 859 3@kv/kvserver/store.go:3801 ⋮ [T1,Vsystem,n1,s1] 54 +    6 |    12   86MB   69KB       0 |     - | 3.4MB |     0     0B |     0     0B |     4   28MB |  28MB |   1  8.3
I250824 10:50:45.436897 859 3@kv/kvserver/store.go:3801 ⋮ [T1,Vsystem,n1,s1] 54 +total |    15   90MB  217KB       0 |     - | 110MB |     0     0B |     0     0B |    12  150MB |  40MB |   2  1.4
I250824 10:50:45.436897 859 3@kv/kvserver/store.go:3801 ⋮ [T1,Vsystem,n1,s1] 54 +-------------------------------------------------------------------------------------------------------------------
I250824 10:50:45.436897 859 3@kv/kvserver/store.go:3801 ⋮ [T1,Vsystem,n1,s1] 54 +WAL: 1 files (12MB)  in: 69MB  written: 110MB (59% overhead)
I250824 10:50:45.436897 859 3@kv/kvserver/store.go:3801 ⋮ [T1,Vsystem,n1,s1] 54 +Flushes: 2
I250824 10:50:45.436897 859 3@kv/kvserver/store.go:3801 ⋮ [T1,Vsystem,n1,s1] 54 +Compactions: 3  estimated debt: 0B  in progress: 0 (0B)
I250824 10:50:45.436897 859 3@kv/kvserver/store.go:3801 ⋮ [T1,Vsystem,n1,s1] 54 +             default: 2  delete: 0  elision: 0  move: 0  read: 1  tombstone-density: 0  rewrite: 0  copy: 0  multi-level: 0
I250824 10:50:45.436897 859 3@kv/kvserver/store.go:3801 ⋮ [T1,Vsystem,n1,s1] 54 +MemTables: 1 (64MB)  zombie: 1 (64MB)
I250824 10:50:45.436897 859 3@kv/kvserver/store.go:3801 ⋮ [T1,Vsystem,n1,s1] 54 +Zombie tables: 0 (0B, local: 0B)
I250824 10:50:45.436897 859 3@kv/kvserver/store.go:3801 ⋮ [T1,Vsystem,n1,s1] 54 +Backing tables: 0 (0B)
I250824 10:50:45.436897 859 3@kv/kvserver/store.go:3801 ⋮ [T1,Vsystem,n1,s1] 54 +Virtual tables: 0 (0B)
I250824 10:50:45.436897 859 3@kv/kvserver/store.go:3801 ⋮ [T1,Vsystem,n1,s1] 54 +Local tables size: 90MB
I250824 10:50:45.436897 859 3@kv/kvserver/store.go:3801 ⋮ [T1,Vsystem,n1,s1] 54 +Compression types: snappy: 15
I250824 10:50:45.436897 859 3@kv/kvserver/store.go:3801 ⋮ [T1,Vsystem,n1,s1] 54 +Block cache: 0 entries (0B)  hit rate: 65.5%
I250824 10:50:45.436897 859 3@kv/kvserver/store.go:3801 ⋮ [T1,Vsystem,n1,s1] 54 +Table cache: 14 entries (11KB)  hit rate: 99.9%
I250824 10:50:45.436897 859 3@kv/kvserver/store.go:3801 ⋮ [T1,Vsystem,n1,s1] 54 +Snapshots: 0  earliest seq num: 0
I250824 10:50:45.436897 859 3@kv/kvserver/store.go:3801 ⋮ [T1,Vsystem,n1,s1] 54 +Table iters: 0
I250824 10:50:45.436897 859 3@kv/kvserver/store.go:3801 ⋮ [T1,Vsystem,n1,s1] 54 +Filter utility: 74.6%
I250824 10:50:45.436897 859 3@kv/kvserver/store.go:3801 ⋮ [T1,Vsystem,n1,s1] 54 +Ingestions: 0  as flushable: 0 (0B in 0 tables)
I250824 10:50:45.436897 859 3@kv/kvserver/store.go:3801 ⋮ [T1,Vsystem,n1,s1] 54 +Cgo memory usage: 128MB  block cache: 165KB (data: 0B, maps: 144KB, entries: 21KB)  memtables: 128MB
I250824 10:57:15.652285 738 3@pebble/event.go:1059 ⋮ [n1,s1,pebble] 55  [JOB 13] WAL created 004481 (recycled 004467)
I250824 10:57:15.653497 21415 3@pebble/event.go:1011 ⋮ [n1,s1,pebble] 56  [JOB 14] flushing 1 memtable (64MB) to L0
I250824 10:57:15.655741 21415 3@pebble/event.go:1039 ⋮ [n1,s1,pebble] 57  [JOB 14] flushing: sstable created 004482
I250824 10:57:15.880188 21415 3@pebble/event.go:1015 ⋮ [n1,s1,pebble] 58  [JOB 14] flushed 1 memtable (64MB) to L0 [004482] (593KB), in 0.2s (0.2s total), output rate 2.6MB/s
I250824 10:57:15.882525 21419 3@pebble/event.go:999 ⋮ [n1,s1,pebble] 59  [JOB 16] compacting(default) L0 [004482] (593KB) Score=14.44 + L5 [004478 004479 004480] (4.4MB) Score=0.12; OverlappingRatio: Single 7.65, Multi 0.00
I250824 10:57:15.901208 21419 3@pebble/event.go:1039 ⋮ [n1,s1,pebble] 60  [JOB 16] compacting: sstable created 004483
I250824 10:57:16.493980 21419 3@pebble/event.go:1039 ⋮ [n1,s1,pebble] 61  [JOB 16] compacting: sstable created 004484
I250824 10:57:16.705376 21419 3@pebble/event.go:1039 ⋮ [n1,s1,pebble] 62  [JOB 16] compacting: sstable created 004485
I250824 10:57:17.477601 21419 3@pebble/event.go:1003 ⋮ [n1,s1,pebble] 63  [JOB 16] compacted(default) L0 [004482] (593KB) Score=14.44 + L5 [004478 004479 004480] (4.4MB) Score=0.12 -> L5 [004483 004484 004485] (4.9MB), in 1.6s (1.6s total), output rate 3.1MB/s
I250824 10:57:17.488250 100 3@pebble/event.go:1043 ⋮ [n1,s1,pebble] 64  [JOB 16] sstable deleted 004478
I250824 10:57:17.499824 100 3@pebble/event.go:1043 ⋮ [n1,s1,pebble] 65  [JOB 16] sstable deleted 004479
I250824 10:57:17.506062 100 3@pebble/event.go:1043 ⋮ [n1,s1,pebble] 66  [JOB 16] sstable deleted 004480
I250824 10:57:17.515293 100 3@pebble/event.go:1043 ⋮ [n1,s1,pebble] 67  [JOB 16] sstable deleted 004482
