I250802 09:18:38.204242 1 util/log/file_sync_buffer.go:237 ⋮ [config]   file created at: 2025/08/02 09:18:38
I250802 09:18:38.204275 1 util/log/file_sync_buffer.go:237 ⋮ [config]   running on machine: ‹9ff4cc6b5e4a›
I250802 09:18:38.204293 1 util/log/file_sync_buffer.go:237 ⋮ [config]   binary: CockroachDB CCL v25.2.0 (aarch64-unknown-linux-gnu, built 2025/05/15 21:07:42, go1.23.7 X:nocoverageredesign)
I250802 09:18:38.204300 1 util/log/file_sync_buffer.go:237 ⋮ [config]   arguments: [‹/cockroach/cockroach› ‹start-single-node› ‹--certs-dir=certs› ‹--advertise-addr=127.0.0.1:26257› ‹--insecure› ‹--http-addr=0.0.0.0:8080›]
I250802 09:18:38.204315 1 util/log/file_sync_buffer.go:237 ⋮ [config]   log format (utf8=✓): crdb-v2
I250802 09:18:38.204320 1 util/log/file_sync_buffer.go:237 ⋮ [config]   line format: [IWEF]yymmdd hh:mm:ss.uuuuuu goid [chan@]file:line redactionmark \[tags\] [counter] msg
W250802 09:18:38.191484 1 1@cli/start.go:1438 ⋮ [n?] 1  ALL SECURITY CONTROLS HAVE BEEN DISABLED!
W250802 09:18:38.191484 1 1@cli/start.go:1438 ⋮ [n?] 1 +
W250802 09:18:38.191484 1 1@cli/start.go:1438 ⋮ [n?] 1 +This mode is intended for non-production testing only.
W250802 09:18:38.191484 1 1@cli/start.go:1438 ⋮ [n?] 1 +
W250802 09:18:38.191484 1 1@cli/start.go:1438 ⋮ [n?] 1 +In this mode:
W250802 09:18:38.191484 1 1@cli/start.go:1438 ⋮ [n?] 1 +- Your cluster is open to any client that can access ‹any of your IP addresses›.
W250802 09:18:38.191484 1 1@cli/start.go:1438 ⋮ [n?] 1 +- Intruders with access to your machine or network can observe client-server traffic.
W250802 09:18:38.191484 1 1@cli/start.go:1438 ⋮ [n?] 1 +- Intruders can log in without password and read or write any data in the cluster.
W250802 09:18:38.191484 1 1@cli/start.go:1438 ⋮ [n?] 1 +- Intruders can consume all your server's resources and cause unavailability.
I250802 09:18:38.244677 1 1@cli/start.go:1448 ⋮ [n?] 2  To start a secure server without mandating TLS for clients,
I250802 09:18:38.244677 1 1@cli/start.go:1448 ⋮ [n?] 2 +consider --accept-sql-without-tls instead. For other options, see:
I250802 09:18:38.244677 1 1@cli/start.go:1448 ⋮ [n?] 2 +
I250802 09:18:38.244677 1 1@cli/start.go:1448 ⋮ [n?] 2 +- https://go.crdb.dev/issue-v/53404/v25.2
I250802 09:18:38.244677 1 1@cli/start.go:1448 ⋮ [n?] 2 +- https://www.cockroachlabs.com/docs/v25.2/secure-a-cluster.html
I250802 09:18:38.245030 1 server/status/recorder.go:856 ⋮ [n?] 3  ‹available memory from cgroups (8.0 EiB) is unsupported, using system memory 8.7 GiB instead: ›
W250802 09:18:38.245077 1 1@cli/start.go:1360 ⋮ [n?] 4  Using the default setting for --cache (128 MiB).
W250802 09:18:38.245077 1 1@cli/start.go:1360 ⋮ [n?] 4 +  A significantly larger value is usually needed for good performance.
W250802 09:18:38.245077 1 1@cli/start.go:1360 ⋮ [n?] 4 +  If you have a dedicated server a reasonable setting is --cache=.25 (2.2 GiB).
I250802 09:18:38.245258 1 server/status/recorder.go:856 ⋮ [n?] 5  ‹available memory from cgroups (8.0 EiB) is unsupported, using system memory 8.7 GiB instead: ›
I250802 09:18:38.245279 1 1@cli/start.go:1477 ⋮ [n?] 6  CockroachDB CCL v25.2.0 (aarch64-unknown-linux-gnu, built 2025/05/15 21:07:42, go1.23.7 X:nocoverageredesign)
I250802 09:18:38.245849 1 server/status/recorder.go:856 ⋮ [n?] 7  ‹available memory from cgroups (8.0 EiB) is unsupported, using system memory 8.7 GiB instead: ›
I250802 09:18:38.245866 1 1@cli/start.go:554 ⋮ [n?] 8  soft memory limit of Go runtime is set to 4.9 GiB
I250802 09:18:38.245882 1 1@cli/start.go:591 ⋮ [n?] 9  GC target percentage of Go runtime is set to 300%
I250802 09:18:38.534736 1 server/status/recorder.go:856 ⋮ [T1,Vsystem,n?] 10  ‹available memory from cgroups (8.0 EiB) is unsupported, using system memory 8.7 GiB instead: ›
I250802 09:18:38.534805 1 server/config.go:674 ⋮ [T1,Vsystem,n?] 11  system total memory: 8.7 GiB
I250802 09:18:38.534891 1 server/config.go:676 ⋮ [T1,Vsystem,n?] 12  server configuration:
I250802 09:18:38.534891 1 server/config.go:676 ⋮ [T1,Vsystem,n?] 12 +max offset             500000000
I250802 09:18:38.534891 1 server/config.go:676 ⋮ [T1,Vsystem,n?] 12 +cache size             128 MiB
I250802 09:18:38.534891 1 server/config.go:676 ⋮ [T1,Vsystem,n?] 12 +SQL memory pool size   2.2 GiB
I250802 09:18:38.534891 1 server/config.go:676 ⋮ [T1,Vsystem,n?] 12 +scan interval          10m0s
I250802 09:18:38.534891 1 server/config.go:676 ⋮ [T1,Vsystem,n?] 12 +scan min idle time     10ms
I250802 09:18:38.534891 1 server/config.go:676 ⋮ [T1,Vsystem,n?] 12 +scan max idle time     1s
I250802 09:18:38.534891 1 server/config.go:676 ⋮ [T1,Vsystem,n?] 12 +event log enabled      true
I250802 09:18:38.535391 1 1@cli/start.go:1338 ⋮ [T1,Vsystem,n?] 13  using local environment variables:
I250802 09:18:38.535391 1 1@cli/start.go:1338 ⋮ [T1,Vsystem,n?] 13 +COCKROACH_CHANNEL=official-docker
I250802 09:18:38.535409 1 1@cli/start.go:1345 ⋮ [T1,Vsystem,n?] 14  process identity: uid 0 euid 0 gid 0 egid 0
I250802 09:18:38.548288 1 1@cli/start.go:1500 ⋮ [T1,Vsystem,n?] 15  GEOS loaded from directory ‹/usr/local/lib/cockroach›
I250802 09:18:38.548346 1 1@cli/start.go:777 ⋮ [T1,Vsystem,n?] 16  starting cockroach node
I250802 09:18:43.438367 29 server/config.go:880 ⋮ [T1,Vsystem,n?] 17  1 storage engine initialized
I250802 09:18:43.438428 29 server/config.go:883 ⋮ [T1,Vsystem,n?] 18  Pebble cache size: 128 MiB
I250802 09:18:43.438450 29 server/config.go:883 ⋮ [T1,Vsystem,n?] 19  store 0: max size 0 B, max open file limit 1043576
I250802 09:18:43.438457 29 server/config.go:883 ⋮ [T1,Vsystem,n?] 20  store 0: /cockroach/cockroach-data: rw encrypted=false fs:{bdev=/run/host_mark/Users fstype=fakeowner mountpoint=/cockroach/cockroach-data mountopts=rw,nosuid,nodev,relatime,fakeowner}
I250802 09:18:43.458803 125 util/cidr/cidr.go:299 ⋮ [T1,Vsystem,n?] 21  CIDR lookup updated with 0 destinations
I250802 09:18:43.557671 29 1@server/clock_monotonicity.go:61 ⋮ [T1,Vsystem,n?] 22  monitoring forward clock jumps based on server.clock.forward_jump_check.enabled
I250802 09:18:43.593015 29 1@server/clock_monotonicity.go:136 ⋮ [T1,Vsystem,n1] 23  Sleeping till wall time 1754126323593011138 to catches up to 1754126324056945722 to ensure monotonicity. Sub: 463.934584ms
I250802 09:18:43.593151 598 1@server/server.go:1802 ⋮ [T1,Vsystem,n1] 24  connecting to gossip network to verify cluster ID "ad7eb413-6f81-429f-8b5f-ee89af2e84c8"
W250802 09:18:44.057858 29 1@cli/start.go:1299 ⋮ [T1,Vsystem,n1] 25  Running a server without --sql-addr, with a combined RPC/SQL listener, is deprecated.
W250802 09:18:44.057858 29 1@cli/start.go:1299 ⋮ [T1,Vsystem,n1] 25 +This feature will be removed in a later version of CockroachDB.
W250802 09:18:44.057910 29 1@gossip/gossip.go:1460 ⋮ [T1,Vsystem,n1] 26  no addresses found; use --join to specify a connected node
I250802 09:18:44.062364 613 kv/kvserver/kvstorage/init.go:250 ⋮ [T1,Vsystem,n1,s1] 27  beginning range descriptor iteration
I250802 09:18:44.063251 613 kv/kvserver/kvstorage/init.go:374 ⋮ [T1,Vsystem,n1,s1] 28  range descriptor iteration done: 57 range descriptors, 0 intents, 0 tombstones; stats: ‹seeked 118 times (60 internal); stepped 0 times (0 internal); blocks: 137KB cached, 14KB not cached (read time: 492.917µs); points: 58 (1.2KB keys, 1.7KB values); separated: 2 (58B, 0B fetched)›
I250802 09:18:44.070196 613 kv/kvserver/kvstorage/init.go:501 ⋮ [T1,Vsystem,n1,s1] 29  loaded replica ID for 57/57 replicas
I250802 09:18:44.070727 613 kv/kvserver/kvstorage/init.go:518 ⋮ [T1,Vsystem,n1,s1] 30  loaded Raft state for 57/57 replicas
I250802 09:18:44.070764 613 kv/kvserver/kvstorage/init.go:545 ⋮ [T1,Vsystem,n1,s1] 31  loaded 57 replicas
I250802 09:18:44.070774 613 kv/kvserver/kvstorage/init.go:576 ⋮ [T1,Vsystem,n1,s1] 32  verified 57/57 replicas
I250802 09:18:44.079081 613 kv/kvserver/store.go:2369 ⋮ [T1,Vsystem,n1,s1] 33  initialized 57/57 replicas
I250802 09:18:44.079407 613 server/node.go:690 ⋮ [T1,Vsystem,n1] 34  initialized store s1 in 20ms (57 replicas)
I250802 09:18:44.079956 29 kv/kvserver/stores.go:261 ⋮ [T1,Vsystem,n1] 35  read 0 node addresses from persistent storage
I250802 09:18:44.081309 598 1@server/server.go:1805 ⋮ [T1,Vsystem,n1] 36  node connected via gossip
I250802 09:18:44.082727 29 server/node.go:801 ⋮ [T1,Vsystem,n1] 37  started with attributes []
I250802 09:18:44.082834 29 server/goroutinedumper/goroutinedumper.go:117 ⋮ [T1,Vsystem,n1] 38  writing goroutine dumps to ‹/cockroach/cockroach-data/logs/goroutine_dump›
I250802 09:18:44.082912 29 server/profiler/heapprofiler.go:72 ⋮ [T1,Vsystem,n1] 39  writing go heap profiles to ‹/cockroach/cockroach-data/logs/heap_profiler› at least every 1h0m0s
I250802 09:18:44.082936 29 server/profiler/memory_monitoring_profiler.go:66 ⋮ [T1,Vsystem,n1] 40  writing memory monitoring dumps to ‹/cockroach/cockroach-data/logs/heap_profiler› at least every 1h0m0s
I250802 09:18:44.082942 29 server/profiler/cgoprofiler.go:66 ⋮ [T1,Vsystem,n1] 41  to enable jmalloc profiling: "export MALLOC_CONF=prof:true" or "ln -s prof:true /etc/malloc.conf"
I250802 09:18:44.082948 29 server/profiler/statsprofiler.go:68 ⋮ [T1,Vsystem,n1] 42  writing memory stats to ‹/cockroach/cockroach-data/logs/heap_profiler› at last every 1h0m0s
I250802 09:18:44.083088 29 server/profiler/activequeryprofiler.go:88 ⋮ [T1,Vsystem,n1] 43  writing go query profiles to ‹/cockroach/cockroach-data/logs/heap_profiler›
I250802 09:18:44.083114 29 server/profiler/cpuprofiler.go:87 ⋮ [T1,Vsystem,n1] 44  writing cpu profile dumps to ‹/cockroach/cockroach-data/logs/pprof_dump›
I250802 09:18:44.083864 29 1@server/server.go:1999 ⋮ [T1,Vsystem,n1] 45  starting http server at ‹[::]:8080› (use: ‹127.0.0.1:8080›)
I250802 09:18:44.083898 29 1@server/server.go:2007 ⋮ [T1,Vsystem,n1] 46  starting grpc/postgres server at ‹[::]:26257›
I250802 09:18:44.083914 29 1@server/server.go:2008 ⋮ [T1,Vsystem,n1] 47  advertising CockroachDB node at ‹127.0.0.1:26257›
I250802 09:18:44.084032 668 kv/kvserver/storeliveness/support_manager.go:285 ⋮ [T1,Vsystem,n1,s1] 48  starting to heartbeat store {NodeID:1 StoreID:1}
I250802 09:18:44.087726 668 kv/kvserver/storeliveness/supporter_state.go:298 ⋮ [T1,Vsystem,n1,s1] 49  provided support for store {NodeID:1 StoreID:1}; old = {Target:{NodeID:1 StoreID:1} Epoch:78 Expiration:1754126279.652466171,0}, new = {Target:{NodeID:1 StoreID:1} Epoch:79 Expiration:1754126327.084157763,0}
I250802 09:18:44.088826 668 kv/kvserver/storeliveness/requester_state.go:425 ⋮ [T1,Vsystem,n1,s1] 50  received support from store {NodeID:1 StoreID:1}; old = {Target:{NodeID:1 StoreID:1} Epoch:79 Expiration:0,0}, new = {Target:{NodeID:1 StoreID:1} Epoch:79 Expiration:1754126327.084157763,0}
I250802 09:18:44.112768 946 kv/kvclient/rangefeed/rangefeedcache/watcher.go:340 ⋮ [T1,Vsystem,n1] 51  spanconfig-subscriber: established range feed cache
I250802 09:18:44.111311 29 1@util/log/event_log.go:39 ⋮ [T1,Vsystem,n1] 52 ={"Timestamp":1754126324111297971,"EventType":"node_restart","NodeID":1,"StartedAt":1754126324058553596,"LastUp":1754126275242062962}
I250802 09:18:44.113942 948 kv/kvclient/rangefeed/rangefeedcache/watcher.go:340 ⋮ [T1,Vsystem,n1] 53  settings-watcher: established range feed cache
I250802 09:18:44.123235 29 sql/sqlliveness/slinstance/slinstance.go:435 ⋮ [T1,Vsystem,n1] 54  starting SQL liveness instance
I250802 09:18:44.126846 1219 sql/sqlliveness/slstorage/slstorage.go:540 ⋮ [T1,Vsystem,n1] 55  inserted sqlliveness session 0101803d66f068760f45848bc2c4eb99fce905 with expiry 1754126364.123293554,0
I250802 09:18:44.126895 1219 sql/sqlliveness/slinstance/slinstance.go:247 ⋮ [T1,Vsystem,n1] 56  created new SQL liveness session 0101803d66f068760f45848bc2c4eb99fce905
I250802 09:18:44.126907 29 sql/sqlinstance/instancestorage/instancestorage.go:338 ⋮ [T1,Vsystem,n1] 57  assigning instance id to rpc addr ‹127.0.0.1:26257› and sql addr ‹127.0.0.1:26257›
I250802 09:18:44.130957 29 server/server_sql.go:1618 ⋮ [T1,Vsystem,n1] 58  bound sqlinstance: Instance{RegionPrefix: gA==, InstanceID: 1, SQLAddr: ‹127.0.0.1:26257›, RPCAddr: ‹127.0.0.1:26257›, SessionID: 0101803d66f068760f45848bc2c4eb99fce905, Locality: , BinaryVersion: 25.2}
I250802 09:18:44.131379 29 upgrade/upgrademanager/manager.go:171 ⋮ [T1,Vsystem,n1] 59  running permanent upgrades up to version: 25.2
I250802 09:18:44.132330 1266 kv/kvserver/replica_rangefeed.go:882 ⋮ [T1,Vsystem,n1,rangefeed=‹lease›,mux_n=1,gen=2,r6/1:‹/Table/{0-4}›,sm=1,sid=1,s1] 60  RangeFeed closed timestamp 1754068494.334413550,0 is behind by 16h3m49.797914254s (behind=16h3m49.797914254s target=3s nudge=true cancel=false)
I250802 09:18:44.132327 1236 sql/sqlstats/persistedsqlstats/provider.go:159 ⋮ [T1,Vsystem,n1] 61  starting sql-stats-worker with initial delay: 9m19.486113138s
I250802 09:18:44.132405 1249 kv/kvclient/rangefeed/rangefeedcache/watcher.go:340 ⋮ [T1,Vsystem,n1] 62  system-config-cache: established range feed cache
I250802 09:18:44.132981 833 sql/temporary_schema.go:506 ⋮ [T1,Vsystem,n1] 63  running temporary object cleanup background job
I250802 09:18:44.147282 833 sql/temporary_schema.go:556 ⋮ [T1,Vsystem,n1] 64  found 0 temporary schemas
I250802 09:18:44.147309 833 sql/temporary_schema.go:559 ⋮ [T1,Vsystem,n1] 65  early exiting temporary schema cleaner as no temporary schemas were found
I250802 09:18:44.147315 833 sql/temporary_schema.go:560 ⋮ [T1,Vsystem,n1] 66  completed temporary object cleanup job
I250802 09:18:44.147335 833 sql/temporary_schema.go:641 ⋮ [T1,Vsystem,n1] 67  temporary object cleaner next scheduled to run at 2025-08-02 09:48:44.132243263 +0000 UTC m=+1807.098014880
I250802 09:18:44.157810 29 upgrade/upgrademanager/manager.go:233 ⋮ [T1,Vsystem,n1] 68  detected the last permanent upgrade (v0.0-upgrading-step-004) to have already completed; no permanent upgrades will run
I250802 09:18:44.157869 29 server/server_sql.go:1720 ⋮ [T1,Vsystem,n1] 69  done ensuring all necessary startup migrations have run
I250802 09:18:44.158348 29 server/license/enforcer.go:262 ⋮ [T1,Vsystem,n1] 70  trial license expiry initialized to 1970-01-01 00:00:00 +0000 UTC
I250802 09:18:44.158391 29 server/license/enforcer.go:298 ⋮ [T1,Vsystem,n1] 71  fetched existing cluster init grace period end time: 2025-08-05 14:00:31 +0000 UTC
I250802 09:18:44.158710 29 server/license/enforcer.go:498 ⋮ [T1,Vsystem,n1] 72  enforcer license updated: type is none, grace period ends at "2025-08-05 14:00:31 +0000 UTC", telemetry required: false
I250802 09:18:44.158876 29 server/license/enforcer.go:498 ⋮ [T1,Vsystem,n1] 73  enforcer license updated: type is none, grace period ends at "2025-08-05 14:00:31 +0000 UTC", telemetry required: false
I250802 09:18:44.162838 1509 sql/syntheticprivilegecache/cache.go:202 ⋮ [T1,Vsystem,n1] 74  warmed privileges for virtual tables in 4.410708ms
I250802 09:18:44.173746 1571 sql/sqlliveness/slstorage/slstorage.go:391 ⋮ [n1,intExec=query-lease-table-dead-sessions] 75  deleted session 010180858978979a3544129eb3ebd6952107df which expired at 1754126315.083412545,0
I250802 09:18:44.188140 1289 jobs/job_scheduler.go:407 ⋮ [T1,Vsystem,n1] 76  waiting 3m0s before scheduled jobs daemon start
I250802 09:18:44.188222 1297 kv/kvclient/rangefeed/rangefeedcache/watcher.go:340 ⋮ [T1,Vsystem,n1] 77  tenant-settings-watcher: established range feed cache
I250802 09:18:44.189380 1667 kv/kvclient/rangefeed/rangefeedcache/watcher.go:340 ⋮ [T1,Vsystem,n1] 78  tenant-entry-watcher: established range feed cache
I250802 09:18:44.189835 1667 multitenant/tenantcapabilities/tenantcapabilitieswatcher/watcher.go:285 ⋮ [T1,Vsystem,n1] 79  received results of a full table scan for tenant capabilities
I250802 09:18:44.196528 1295 server/auto_upgrade.go:81 ⋮ [T1,Vsystem,n1] 80  no need to upgrade, cluster already at the newest version
I250802 09:18:44.201653 29 server/license/enforcer.go:582 ⋮ [T1,Vsystem,n1] 81  disable all license enforcement
I250802 09:18:44.201695 29 1@server/server_sql.go:1971 ⋮ [T1,Vsystem,n1] 82  serving sql connections
I250802 09:18:44.201796 29 1@cli/start.go:1286 ⋮ [T1,Vsystem,n1] 83  node startup completed:
I250802 09:18:44.201796 29 1@cli/start.go:1286 ⋮ [T1,Vsystem,n1] 83 +CockroachDB node starting at 2025-08-02 09:18:44.201723554 +0000 UTC m=+7.167495088 (took 6.6s)
I250802 09:18:44.201796 29 1@cli/start.go:1286 ⋮ [T1,Vsystem,n1] 83 +build:               CCL v25.2.0 @ 2025/05/15 21:07:42 (go1.23.7 X:nocoverageredesign)
I250802 09:18:44.201796 29 1@cli/start.go:1286 ⋮ [T1,Vsystem,n1] 83 +malloc_conf:         prof:false,prof_active:true,background_thread:true,thp:never,metadata_thp:disabled,narenas:48,dirty_decay_ms:2000,muzzy_decay_ms:0
I250802 09:18:44.201796 29 1@cli/start.go:1286 ⋮ [T1,Vsystem,n1] 83 +webui:               ‹http://127.0.0.1:8080›
I250802 09:18:44.201796 29 1@cli/start.go:1286 ⋮ [T1,Vsystem,n1] 83 +sql:                 ‹postgresql://root@127.0.0.1:26257/defaultdb?sslmode=disable›
I250802 09:18:44.201796 29 1@cli/start.go:1286 ⋮ [T1,Vsystem,n1] 83 +sql (JDBC):          ‹jdbc:postgresql://127.0.0.1:26257/defaultdb?sslmode=disable&user=root›
I250802 09:18:44.201796 29 1@cli/start.go:1286 ⋮ [T1,Vsystem,n1] 83 +RPC client flags:    ‹/cockroach/cockroach <client cmd> --host=127.0.0.1:26257 --insecure›
I250802 09:18:44.201796 29 1@cli/start.go:1286 ⋮ [T1,Vsystem,n1] 83 +logs:                ‹/cockroach/cockroach-data/logs›
I250802 09:18:44.201796 29 1@cli/start.go:1286 ⋮ [T1,Vsystem,n1] 83 +temp dir:            ‹/cockroach/cockroach-data/cockroach-temp1783456353›
I250802 09:18:44.201796 29 1@cli/start.go:1286 ⋮ [T1,Vsystem,n1] 83 +external I/O path:   ‹/cockroach/cockroach-data/extern›
I250802 09:18:44.201796 29 1@cli/start.go:1286 ⋮ [T1,Vsystem,n1] 83 +store[0]:            ‹path=/cockroach/cockroach-data›
I250802 09:18:44.201796 29 1@cli/start.go:1286 ⋮ [T1,Vsystem,n1] 83 +clusterID:           ad7eb413-6f81-429f-8b5f-ee89af2e84c8
I250802 09:18:44.201796 29 1@cli/start.go:1286 ⋮ [T1,Vsystem,n1] 83 +status:              restarted pre-existing node
I250802 09:18:44.201796 29 1@cli/start.go:1286 ⋮ [T1,Vsystem,n1] 83 +nodeID:              1
I250802 09:18:44.236181 1580 sql/catalog/lease/lease.go:2467 ⋮ [T1,Vsystem,n1] 84  released orphaned lease: ID=6 ver=1 expiration={0001-01-01 00:00:00 +0000 UTC}
I250802 09:18:44.236181 1579 sql/catalog/lease/lease.go:2467 ⋮ [T1,Vsystem,n1] 85  released orphaned lease: ID=5 ver=1 expiration={0001-01-01 00:00:00 +0000 UTC}
I250802 09:18:44.236198 1577 sql/catalog/lease/lease.go:2467 ⋮ [T1,Vsystem,n1] 86  released orphaned lease: ID=3 ver=1 expiration={0001-01-01 00:00:00 +0000 UTC}
I250802 09:18:44.236181 1576 sql/catalog/lease/lease.go:2467 ⋮ [T1,Vsystem,n1] 87  released orphaned lease: ID=1 ver=1 expiration={0001-01-01 00:00:00 +0000 UTC}
I250802 09:18:44.236204 1578 sql/catalog/lease/lease.go:2467 ⋮ [T1,Vsystem,n1] 88  released orphaned lease: ID=4 ver=1 expiration={0001-01-01 00:00:00 +0000 UTC}
I250802 09:18:44.238561 1699 sql/catalog/lease/lease.go:2467 ⋮ [T1,Vsystem,n1] 89  released orphaned lease: ID=8 ver=1 expiration={0001-01-01 00:00:00 +0000 UTC}
I250802 09:18:44.238880 1581 sql/catalog/lease/lease.go:2467 ⋮ [T1,Vsystem,n1] 90  released orphaned lease: ID=7 ver=1 expiration={0001-01-01 00:00:00 +0000 UTC}
I250802 09:18:44.239386 1700 sql/catalog/lease/lease.go:2467 ⋮ [T1,Vsystem,n1] 91  released orphaned lease: ID=9 ver=1 expiration={0001-01-01 00:00:00 +0000 UTC}
I250802 09:18:44.240736 1702 sql/catalog/lease/lease.go:2467 ⋮ [T1,Vsystem,n1] 93  released orphaned lease: ID=12 ver=1 expiration={0001-01-01 00:00:00 +0000 UTC}
I250802 09:18:44.240736 1701 sql/catalog/lease/lease.go:2467 ⋮ [T1,Vsystem,n1] 95  released orphaned lease: ID=11 ver=1 expiration={0001-01-01 00:00:00 +0000 UTC}
I250802 09:18:44.240757 1703 sql/catalog/lease/lease.go:2467 ⋮ [T1,Vsystem,n1] 92  released orphaned lease: ID=13 ver=1 expiration={0001-01-01 00:00:00 +0000 UTC}
I250802 09:18:44.240876 1704 sql/catalog/lease/lease.go:2467 ⋮ [T1,Vsystem,n1] 94  released orphaned lease: ID=14 ver=1 expiration={0001-01-01 00:00:00 +0000 UTC}
I250802 09:18:44.242925 1750 sql/catalog/lease/lease.go:2467 ⋮ [T1,Vsystem,n1] 96  released orphaned lease: ID=23 ver=1 expiration={0001-01-01 00:00:00 +0000 UTC}
I250802 09:18:44.243444 1746 sql/catalog/lease/lease.go:2467 ⋮ [T1,Vsystem,n1] 97  released orphaned lease: ID=15 ver=1 expiration={0001-01-01 00:00:00 +0000 UTC}
I250802 09:18:44.243628 1747 sql/catalog/lease/lease.go:2467 ⋮ [T1,Vsystem,n1] 98  released orphaned lease: ID=19 ver=1 expiration={0001-01-01 00:00:00 +0000 UTC}
I250802 09:18:44.244396 1731 sql/catalog/lease/lease.go:2467 ⋮ [T1,Vsystem,n1] 99  released orphaned lease: ID=26 ver=1 expiration={0001-01-01 00:00:00 +0000 UTC}
I250802 09:18:44.244570 1748 sql/catalog/lease/lease.go:2467 ⋮ [T1,Vsystem,n1] 100  released orphaned lease: ID=20 ver=1 expiration={0001-01-01 00:00:00 +0000 UTC}
I250802 09:18:44.244613 1638 sql/catalog/lease/lease.go:2467 ⋮ [T1,Vsystem,n1] 101  released orphaned lease: ID=24 ver=1 expiration={0001-01-01 00:00:00 +0000 UTC}
I250802 09:18:44.244659 1639 sql/catalog/lease/lease.go:2467 ⋮ [T1,Vsystem,n1] 102  released orphaned lease: ID=25 ver=1 expiration={0001-01-01 00:00:00 +0000 UTC}
I250802 09:18:44.244733 1749 sql/catalog/lease/lease.go:2467 ⋮ [T1,Vsystem,n1] 103  released orphaned lease: ID=21 ver=1 expiration={0001-01-01 00:00:00 +0000 UTC}
I250802 09:18:44.245746 1631 sql/catalog/lease/lease.go:2467 ⋮ [T1,Vsystem,n1] 104  released orphaned lease: ID=32 ver=1 expiration={0001-01-01 00:00:00 +0000 UTC}
I250802 09:18:44.245943 1582 sql/catalog/lease/lease.go:2467 ⋮ [T1,Vsystem,n1] 105  released orphaned lease: ID=27 ver=1 expiration={0001-01-01 00:00:00 +0000 UTC}
I250802 09:18:44.246013 1583 sql/catalog/lease/lease.go:2467 ⋮ [T1,Vsystem,n1] 106  released orphaned lease: ID=28 ver=1 expiration={0001-01-01 00:00:00 +0000 UTC}
I250802 09:18:44.246081 1630 sql/catalog/lease/lease.go:2467 ⋮ [T1,Vsystem,n1] 107  released orphaned lease: ID=30 ver=1 expiration={0001-01-01 00:00:00 +0000 UTC}
I250802 09:18:44.246139 1584 sql/catalog/lease/lease.go:2467 ⋮ [T1,Vsystem,n1] 108  released orphaned lease: ID=31 ver=1 expiration={0001-01-01 00:00:00 +0000 UTC}
I250802 09:18:44.246893 1765 sql/catalog/lease/lease.go:2467 ⋮ [T1,Vsystem,n1] 109  released orphaned lease: ID=37 ver=1 expiration={0001-01-01 00:00:00 +0000 UTC}
I250802 09:18:44.247040 1762 sql/catalog/lease/lease.go:2467 ⋮ [T1,Vsystem,n1] 110  released orphaned lease: ID=34 ver=1 expiration={0001-01-01 00:00:00 +0000 UTC}
I250802 09:18:44.247169 1585 sql/catalog/lease/lease.go:2467 ⋮ [T1,Vsystem,n1] 111  released orphaned lease: ID=33 ver=1 expiration={0001-01-01 00:00:00 +0000 UTC}
I250802 09:18:44.247214 1763 sql/catalog/lease/lease.go:2467 ⋮ [T1,Vsystem,n1] 112  released orphaned lease: ID=35 ver=1 expiration={0001-01-01 00:00:00 +0000 UTC}
I250802 09:18:44.247239 1764 sql/catalog/lease/lease.go:2467 ⋮ [T1,Vsystem,n1] 113  released orphaned lease: ID=36 ver=1 expiration={0001-01-01 00:00:00 +0000 UTC}
I250802 09:18:44.248358 1767 sql/catalog/lease/lease.go:2467 ⋮ [T1,Vsystem,n1] 114  released orphaned lease: ID=42 ver=1 expiration={0001-01-01 00:00:00 +0000 UTC}
I250802 09:18:44.248606 1766 sql/catalog/lease/lease.go:2467 ⋮ [T1,Vsystem,n1] 115  released orphaned lease: ID=39 ver=1 expiration={0001-01-01 00:00:00 +0000 UTC}
I250802 09:18:44.248686 1768 sql/catalog/lease/lease.go:2467 ⋮ [T1,Vsystem,n1] 116  released orphaned lease: ID=43 ver=1 expiration={0001-01-01 00:00:00 +0000 UTC}
I250802 09:18:44.248691 1733 sql/catalog/lease/lease.go:2467 ⋮ [T1,Vsystem,n1] 117  released orphaned lease: ID=41 ver=1 expiration={0001-01-01 00:00:00 +0000 UTC}
I250802 09:18:44.249241 1732 sql/catalog/lease/lease.go:2467 ⋮ [T1,Vsystem,n1] 118  released orphaned lease: ID=40 ver=1 expiration={0001-01-01 00:00:00 +0000 UTC}
I250802 09:18:44.250090 1736 sql/catalog/lease/lease.go:2467 ⋮ [T1,Vsystem,n1] 119  released orphaned lease: ID=46 ver=1 expiration={0001-01-01 00:00:00 +0000 UTC}
I250802 09:18:44.250413 1734 sql/catalog/lease/lease.go:2467 ⋮ [T1,Vsystem,n1] 120  released orphaned lease: ID=44 ver=1 expiration={0001-01-01 00:00:00 +0000 UTC}
I250802 09:18:44.250769 1735 sql/catalog/lease/lease.go:2467 ⋮ [T1,Vsystem,n1] 121  released orphaned lease: ID=45 ver=1 expiration={0001-01-01 00:00:00 +0000 UTC}
I250802 09:18:44.252847 1771 sql/catalog/lease/lease.go:2467 ⋮ [T1,Vsystem,n1] 122  released orphaned lease: ID=52 ver=1 expiration={0001-01-01 00:00:00 +0000 UTC}
I250802 09:18:44.252825 1778 sql/catalog/lease/lease.go:2467 ⋮ [T1,Vsystem,n1] 124  released orphaned lease: ID=48 ver=1 expiration={0001-01-01 00:00:00 +0000 UTC}
I250802 09:18:44.252877 1769 sql/catalog/lease/lease.go:2467 ⋮ [T1,Vsystem,n1] 125  released orphaned lease: ID=50 ver=1 expiration={0001-01-01 00:00:00 +0000 UTC}
I250802 09:18:44.252890 1770 sql/catalog/lease/lease.go:2467 ⋮ [T1,Vsystem,n1] 126  released orphaned lease: ID=51 ver=1 expiration={0001-01-01 00:00:00 +0000 UTC}
I250802 09:18:44.252825 1649 sql/catalog/lease/lease.go:2467 ⋮ [T1,Vsystem,n1] 123  released orphaned lease: ID=47 ver=1 expiration={0001-01-01 00:00:00 +0000 UTC}
I250802 09:18:44.253672 1772 sql/catalog/lease/lease.go:2467 ⋮ [T1,Vsystem,n1] 127  released orphaned lease: ID=56 ver=1 expiration={0001-01-01 00:00:00 +0000 UTC}
I250802 09:18:44.253724 1737 sql/catalog/lease/lease.go:2467 ⋮ [T1,Vsystem,n1] 128  released orphaned lease: ID=53 ver=1 expiration={0001-01-01 00:00:00 +0000 UTC}
I250802 09:18:44.253801 1773 sql/catalog/lease/lease.go:2467 ⋮ [T1,Vsystem,n1] 129  released orphaned lease: ID=57 ver=1 expiration={0001-01-01 00:00:00 +0000 UTC}
I250802 09:18:44.253839 1738 sql/catalog/lease/lease.go:2467 ⋮ [T1,Vsystem,n1] 130  released orphaned lease: ID=54 ver=1 expiration={0001-01-01 00:00:00 +0000 UTC}
I250802 09:18:44.253848 1739 sql/catalog/lease/lease.go:2467 ⋮ [T1,Vsystem,n1] 131  released orphaned lease: ID=55 ver=1 expiration={0001-01-01 00:00:00 +0000 UTC}
I250802 09:18:44.254344 1774 sql/catalog/lease/lease.go:2467 ⋮ [T1,Vsystem,n1] 132  released orphaned lease: ID=58 ver=1 expiration={0001-01-01 00:00:00 +0000 UTC}
I250802 09:18:44.254548 1752 sql/catalog/lease/lease.go:2467 ⋮ [T1,Vsystem,n1] 133  released orphaned lease: ID=61 ver=1 expiration={0001-01-01 00:00:00 +0000 UTC}
I250802 09:18:44.254672 1775 sql/catalog/lease/lease.go:2467 ⋮ [T1,Vsystem,n1] 134  released orphaned lease: ID=60 ver=1 expiration={0001-01-01 00:00:00 +0000 UTC}
I250802 09:18:44.254752 1751 sql/catalog/lease/lease.go:2467 ⋮ [T1,Vsystem,n1] 135  released orphaned lease: ID=59 ver=1 expiration={0001-01-01 00:00:00 +0000 UTC}
I250802 09:18:44.254850 1779 sql/catalog/lease/lease.go:2467 ⋮ [T1,Vsystem,n1] 136  released orphaned lease: ID=62 ver=1 expiration={0001-01-01 00:00:00 +0000 UTC}
I250802 09:18:44.255797 1754 sql/catalog/lease/lease.go:2467 ⋮ [T1,Vsystem,n1] 137  released orphaned lease: ID=66 ver=1 expiration={0001-01-01 00:00:00 +0000 UTC}
I250802 09:18:44.255789 1753 sql/catalog/lease/lease.go:2467 ⋮ [T1,Vsystem,n1] 138  released orphaned lease: ID=65 ver=1 expiration={0001-01-01 00:00:00 +0000 UTC}
I250802 09:18:44.255789 1476 sql/catalog/lease/lease.go:2467 ⋮ [T1,Vsystem,n1] 139  released orphaned lease: ID=63 ver=1 expiration={0001-01-01 00:00:00 +0000 UTC}
I250802 09:18:44.255836 1755 sql/catalog/lease/lease.go:2467 ⋮ [T1,Vsystem,n1] 140  released orphaned lease: ID=67 ver=1 expiration={0001-01-01 00:00:00 +0000 UTC}
I250802 09:18:44.255883 1776 sql/catalog/lease/lease.go:2467 ⋮ [T1,Vsystem,n1] 141  released orphaned lease: ID=64 ver=1 expiration={0001-01-01 00:00:00 +0000 UTC}
I250802 09:18:44.256873 1757 sql/catalog/lease/lease.go:2467 ⋮ [T1,Vsystem,n1] 142  released orphaned lease: ID=69 ver=1 expiration={0001-01-01 00:00:00 +0000 UTC}
I250802 09:18:44.256873 1758 sql/catalog/lease/lease.go:2467 ⋮ [T1,Vsystem,n1] 143  released orphaned lease: ID=70 ver=1 expiration={0001-01-01 00:00:00 +0000 UTC}
I250802 09:18:44.257845 1756 sql/catalog/lease/lease.go:2467 ⋮ [T1,Vsystem,n1] 144  released orphaned lease: ID=68 ver=1 expiration={0001-01-01 00:00:00 +0000 UTC}
I250802 09:18:44.258203 1477 sql/catalog/lease/lease.go:2467 ⋮ [T1,Vsystem,n1] 145  released orphaned lease: ID=72 ver=1 expiration={0001-01-01 00:00:00 +0000 UTC}
I250802 09:18:44.258451 1777 sql/catalog/lease/lease.go:2467 ⋮ [T1,Vsystem,n1] 146  released orphaned lease: ID=71 ver=1 expiration={0001-01-01 00:00:00 +0000 UTC}
I250802 09:18:44.258669 1478 sql/catalog/lease/lease.go:2467 ⋮ [T1,Vsystem,n1] 147  released orphaned lease: ID=104 ver=1 expiration={0001-01-01 00:00:00 +0000 UTC}
I250802 09:18:44.258737 1479 sql/catalog/lease/lease.go:2467 ⋮ [T1,Vsystem,n1] 148  released orphaned lease: ID=105 ver=1 expiration={0001-01-01 00:00:00 +0000 UTC}
I250802 09:18:44.259546 1795 sql/catalog/lease/lease.go:2467 ⋮ [T1,Vsystem,n1] 149  released orphaned lease: ID=236 ver=2 expiration={0001-01-01 00:00:00 +0000 UTC}
I250802 09:18:44.259969 1481 sql/catalog/lease/lease.go:2467 ⋮ [T1,Vsystem,n1] 150  released orphaned lease: ID=234 ver=1 expiration={0001-01-01 00:00:00 +0000 UTC}
I250802 09:18:44.260018 1794 sql/catalog/lease/lease.go:2467 ⋮ [T1,Vsystem,n1] 152  released orphaned lease: ID=235 ver=2 expiration={0001-01-01 00:00:00 +0000 UTC}
I250802 09:18:44.260009 1480 sql/catalog/lease/lease.go:2467 ⋮ [T1,Vsystem,n1] 151  released orphaned lease: ID=233 ver=6 expiration={0001-01-01 00:00:00 +0000 UTC}
I250802 09:18:44.261020 1759 sql/catalog/lease/lease.go:2467 ⋮ [T1,Vsystem,n1] 153  released orphaned lease: ID=238 ver=3 expiration={0001-01-01 00:00:00 +0000 UTC}
I250802 09:18:44.261263 1740 sql/catalog/lease/lease.go:2467 ⋮ [T1,Vsystem,n1] 154  released orphaned lease: ID=237 ver=1 expiration={0001-01-01 00:00:00 +0000 UTC}
I250802 09:18:44.261282 1706 sql/catalog/lease/lease.go:2467 ⋮ [T1,Vsystem,n1] 155  released orphaned lease: ID=241 ver=1 expiration={0001-01-01 00:00:00 +0000 UTC}
I250802 09:18:44.261299 1705 sql/catalog/lease/lease.go:2467 ⋮ [T1,Vsystem,n1] 156  released orphaned lease: ID=240 ver=4 expiration={0001-01-01 00:00:00 +0000 UTC}
I250802 09:18:44.261854 1482 sql/catalog/lease/lease.go:2467 ⋮ [T1,Vsystem,n1] 157  released orphaned lease: ID=239 ver=1 expiration={0001-01-01 00:00:00 +0000 UTC}
I250802 09:18:44.261990 1796 sql/catalog/lease/lease.go:2467 ⋮ [T1,Vsystem,n1] 158  released orphaned lease: ID=242 ver=4 expiration={0001-01-01 00:00:00 +0000 UTC}
I250802 09:18:44.262488 1799 sql/catalog/lease/lease.go:2467 ⋮ [T1,Vsystem,n1] 159  released orphaned lease: ID=245 ver=1 expiration={0001-01-01 00:00:00 +0000 UTC}
I250802 09:18:44.262852 1708 sql/catalog/lease/lease.go:2467 ⋮ [T1,Vsystem,n1] 160  released orphaned lease: ID=247 ver=2 expiration={0001-01-01 00:00:00 +0000 UTC}
I250802 09:18:44.262902 1797 sql/catalog/lease/lease.go:2467 ⋮ [T1,Vsystem,n1] 161  released orphaned lease: ID=243 ver=1 expiration={0001-01-01 00:00:00 +0000 UTC}
I250802 09:18:44.262911 1707 sql/catalog/lease/lease.go:2467 ⋮ [T1,Vsystem,n1] 162  released orphaned lease: ID=246 ver=2 expiration={0001-01-01 00:00:00 +0000 UTC}
I250802 09:18:44.262919 1798 sql/catalog/lease/lease.go:2467 ⋮ [T1,Vsystem,n1] 163  released orphaned lease: ID=244 ver=3 expiration={0001-01-01 00:00:00 +0000 UTC}
I250802 09:18:44.263693 1741 sql/catalog/lease/lease.go:2467 ⋮ [T1,Vsystem,n1] 164  released orphaned lease: ID=248 ver=1 expiration={0001-01-01 00:00:00 +0000 UTC}
I250802 09:18:44.264067 1760 sql/catalog/lease/lease.go:2467 ⋮ [T1,Vsystem,n1] 165  released orphaned lease: ID=249 ver=2 expiration={0001-01-01 00:00:00 +0000 UTC}
I250802 09:18:44.882634 612 1@gossip/gossip.go:1476 ⋮ [T1,Vsystem,n1] 166  node has connected to cluster via gossip
I250802 09:18:44.883190 612 kv/kvserver/stores.go:280 ⋮ [T1,Vsystem,n1] 167  wrote 0 node addresses to persistent storage
I250802 09:18:46.623009 1290 server/diagnostics/update_checker.go:144 ⋮ [T1,Vsystem,n1] 168  a new version is available: ‹25.2.4›, details: ‹https://www.cockroachlabs.com/docs/releases/v25.2#v25-2-4›
I250802 09:19:12.727760 1247 jobs/adopt.go:105 ⋮ [T1,Vsystem,n1] 169  claimed 7 jobs
I250802 09:19:12.730938 2299 jobs/adopt.go:224 ⋮ [T1,Vsystem,n1,job=101] 170  job 101: resuming execution
I250802 09:19:12.730956 2301 jobs/adopt.go:224 ⋮ [T1,Vsystem,n1,job=104] 171  job 104: resuming execution
I250802 09:19:12.730975 2300 jobs/adopt.go:224 ⋮ [T1,Vsystem,n1,job=103] 172  job 103: resuming execution
I250802 09:19:12.730978 2302 jobs/adopt.go:224 ⋮ [T1,Vsystem,n1,job=105] 173  job 105: resuming execution
I250802 09:19:12.730980 2298 jobs/adopt.go:224 ⋮ [T1,Vsystem,n1,job=100] 174  job 100: resuming execution
I250802 09:19:12.730994 2297 jobs/adopt.go:224 ⋮ [T1,Vsystem,n1,job=1093557394742509569] 175  job 1093557394742509569: resuming execution
I250802 09:19:12.730933 2303 jobs/adopt.go:224 ⋮ [T1,Vsystem,n1,job=1094392616695595009] 176  job 1094392616695595009: resuming execution
I250802 09:19:12.739070 2317 jobs/registry.go:1681 ⋮ [T1,Vsystem,n1,job=104] 177  MVCC STATISTICS UPDATE job 104: stepping through state running
I250802 09:19:12.739330 2257 jobs/registry.go:1681 ⋮ [T1,Vsystem,n1,job=103] 178  AUTO UPDATE SQL ACTIVITY job 103: stepping through state running
I250802 09:19:12.739475 2357 jobs/registry.go:1681 ⋮ [T1,Vsystem,n1,job=101] 179  POLL JOBS STATS job 101: stepping through state running
I250802 09:19:12.739525 2228 jobs/registry.go:1681 ⋮ [T1,Vsystem,n1,job=1093557394742509569] 180  AUTO SPAN CONFIG RECONCILIATION job 1093557394742509569: stepping through state running
I250802 09:19:12.739554 2270 jobs/registry.go:1681 ⋮ [T1,Vsystem,n1,job=1094392616695595009] 181  CHANGEFEED job 1094392616695595009: stepping through state running
I250802 09:19:12.739575 2370 jobs/registry.go:1681 ⋮ [T1,Vsystem,n1,job=105] 182  UPDATE TABLE METADATA CACHE job 105: stepping through state running
I250802 09:19:12.740352 2346 jobs/registry.go:1681 ⋮ [T1,Vsystem,n1,job=100] 183  KEY VISUALIZER job 100: stepping through state running
I250802 09:19:12.742257 2257 sql/sql_activity_update_job.go:88 ⋮ [T1,Vsystem,n1,job=AUTO UPDATE SQL ACTIVITY id=103] 184  starting sql stats activity flush job
I250802 09:19:12.742350 2317 sql/mvcc_statistics_update_job.go:63 ⋮ [T1,Vsystem,n1,job=MVCC STATISTICS UPDATE id=104] 185  starting mvcc statistics update job
I250802 09:19:12.744761 2402 ccl/changefeedccl/changefeed_dist.go:414 ⋮ [T1,Vsystem,n1,job=CHANGEFEED id=1094392616695595009] 186  using bulk oracle for DistSQL planning
I250802 09:19:12.747500 2402 ccl/changefeedccl/changefeed_dist.go:577 ⋮ [T1,Vsystem,n1,job=CHANGEFEED id=1094392616695595009] 187  changefeed plan diagram: ‹https://cockroachdb.github.io/distsqlplan/decode.html#eJyUkt-rmzAUx9_3V8h5jphYdU2eOnYZ9GG7Y7uwh4uMmBxtmDUuidwN8X8f6rbbFlro4_nB5_vxmBH8zxYEqIPsGqwRtYgY5dmGpwUrCp7nPKeUA4HOavwkj-hBPAODkkDvrELvrZtb47Kw179AUAKm64cwt0sCyjoEMUIwoUUQ8H6Jetc0DhsZrEsoENAYpGkX9jcZ1AF99MxKESVPsmoxSbO3ycjidIJyImCH8Ir3QTYIgp347B9A0Incq_TB2S4YdAk7F3ocgoh2KdltyC67KpBeCLB7BL6g723n8Sz4WhK9SIrZVBJA3eD6I7wdnMLPzqpldy0fF9DS0OjDOmVrse_-jXxwKI__73dKYjdJ6S1SSaBu7ct3o0EA5pjxzTaPld6mcVYrHVec07gqqqLgW4msnp9b3crGzyf6erAvC_bpdz9_YC1bjwQ-yh_4gAHd0XTGB6P-TqbpzZ8AAAD__3jY6g8=›
I250802 09:19:12.748990 2408 ccl/changefeedccl/sink_kafka_v2.go:246 ⋮ [-] 188  updating kafka metadata for topics: [‹users_changes›]
I250802 09:19:12.755241 2408 ccl/changefeedccl/sink_kafka_v2.go:246 ⋮ [-] 189  updating kafka metadata for topics: [‹users_changes›]
I250802 09:19:12.755588 2487 ccl/changefeedccl/kvfeed/kv_feed.go:332 ⋮ [T1,Vsystem,n1,job=1094392616695595009,change-aggregator] 190  kv feed run starting
I250802 09:19:12.774646 2228 spanconfig/spanconfigsqlwatcher/sqlwatcher.go:241 ⋮ [T1,Vsystem,n1,job=AUTO SPAN CONFIG RECONCILIATION id=1093557394742509569] 191  established range feed over system.descriptors starting at time 1754126352.748841762,0
I250802 09:19:12.774688 2228 spanconfig/spanconfigsqlwatcher/sqlwatcher.go:300 ⋮ [T1,Vsystem,n1,job=AUTO SPAN CONFIG RECONCILIATION id=1093557394742509569] 192  established range feed over system.zones starting at time 1754126352.748841762,0
I250802 09:19:12.774730 2228 spanconfig/spanconfigsqlwatcher/sqlwatcher.go:401 ⋮ [T1,Vsystem,n1,job=AUTO SPAN CONFIG RECONCILIATION id=1093557394742509569] 193  established range feed over system.protected_ts_records starting at time 1754126352.748841762,0
I250802 09:20:49.673075 1 1@cli/start.go:993 ⋮ [T1,Vsystem,n1] 194  received signal 'terminated'
I250802 09:20:49.674888 1 1@cli/start.go:1034 ⋮ [T1,Vsystem,n1] 195  initiating graceful shutdown of server
I250802 09:20:49.676012 4586 server/drain.go:353 ⋮ [T1,Vsystem,n1,server drain process,call-graceful-drain] 196  all tenant servers stopped
I250802 09:20:49.676259 4586 1@server/drain.go:399 ⋮ [T1,Vsystem,n1,server drain process,call-graceful-drain] 197  waiting for health probes to notice that the node is not ready for new sql connections
I250802 09:20:52.678058 4697 1@server/drain.go:513 ⋮ [T1,Vsystem,n1,server drain process,call-graceful-drain] 198  number of open connections: 0
I250802 09:20:54.676046 4587 1@cli/start.go:1046 ⋮ [T1,Vsystem,n1] 199  369 running tasks
I250802 09:20:59.675140 4587 1@cli/start.go:1046 ⋮ [T1,Vsystem,n1] 200  369 running tasks
W250802 09:20:59.677203 1245 jobs/registry.go:1069 ⋮ [T1,Vsystem,n1] 201  canceling all adopted jobs due to graceful drain request
I250802 09:20:59.680303 2257 jobs/registry.go:1681 ⋮ [T1,Vsystem,n1,job=103] 204  AUTO UPDATE SQL ACTIVITY job 103: stepping through state succeeded
I250802 09:20:59.677203 960 sql/stats/automatic_stats.go:694 ⋮ [T1,Vsystem,n1] 202  draining auto stats refresher
I250802 09:20:59.677257 961 sql/stats/automatic_stats.go:745 ⋮ [T1,Vsystem,n1] 203  draining stats garbage collector
W250802 09:20:59.681237 2563 kv/kvclient/kvcoord/dist_sender_mux_rangefeed.go:406 ⋮ [T1,Vsystem,n1,job=AUTO SPAN CONFIG RECONCILIATION id=1093557394742509569,rangefeed=‹sql-watcher-protected-ts-records-rangefeed›,mux_n=1,gen=2] 205  error closing mux rangefeed client: context canceled
I250802 09:20:59.681348 2346 jobs/registry.go:1681 ⋮ [T1,Vsystem,n1,job=100] 207  KEY VISUALIZER job 100: stepping through state succeeded
W250802 09:20:59.681283 2551 kv/kvclient/kvcoord/dist_sender_mux_rangefeed.go:406 ⋮ [T1,Vsystem,n1,job=AUTO SPAN CONFIG RECONCILIATION id=1093557394742509569,rangefeed=‹sql-watcher-zones-rangefeed›,mux_n=1,gen=2] 206  error closing mux rangefeed client: context canceled
W250802 09:20:59.681243 2509 kv/kvclient/kvcoord/dist_sender_mux_rangefeed.go:406 ⋮ [T1,Vsystem,n1,job=1094392616695595009,change-aggregator,mux_n=1,gen=2] 208  error closing mux rangefeed client: context canceled
W250802 09:20:59.681721 2535 kv/kvclient/kvcoord/dist_sender_mux_rangefeed.go:406 ⋮ [T1,Vsystem,n1,job=AUTO SPAN CONFIG RECONCILIATION id=1093557394742509569,rangefeed=‹sql-watcher-descriptor-rangefeed›,mux_n=1,gen=2] 209  error closing mux rangefeed client: context canceled
E250802 09:20:59.686424 2394 ccl/changefeedccl/kvfeed/kv_feed.go:158 ⋮ [T1,Vsystem,n1,job=1094392616695595009,change-aggregator] 210  stopping kv feed due to error: context canceled
I250802 09:20:59.689988 2270 ccl/changefeedccl/changefeed_stmt.go:1466 ⋮ [T1,Vsystem,n1,job=CHANGEFEED id=1094392616695595009] 211  CHANGEFEED 1094392616695595009 shutting down (cause: context canceled)
W250802 09:20:59.691238 2270 ccl/changefeedccl/changefeed_stmt.go:1335 ⋮ [T1,Vsystem,n1,job=CHANGEFEED id=1094392616695595009] 212  job failed (context canceled)
