I250818 18:09:55.965869 1 util/log/file_sync_buffer.go:237 ⋮ [config]   file created at: 2025/08/18 18:09:55
I250818 18:09:55.965899 1 util/log/file_sync_buffer.go:237 ⋮ [config]   running on machine: ‹9c7aa1930515›
I250818 18:09:55.965913 1 util/log/file_sync_buffer.go:237 ⋮ [config]   binary: CockroachDB CCL v25.2.0 (aarch64-unknown-linux-gnu, built 2025/05/15 21:07:42, go1.23.7 X:nocoverageredesign)
I250818 18:09:55.965919 1 util/log/file_sync_buffer.go:237 ⋮ [config]   arguments: [‹/cockroach/cockroach› ‹start-single-node› ‹--certs-dir=certs› ‹--advertise-addr=127.0.0.1:26257› ‹--insecure› ‹--http-addr=0.0.0.0:8080›]
I250818 18:09:55.965934 1 util/log/file_sync_buffer.go:237 ⋮ [config]   log format (utf8=✓): crdb-v2
I250818 18:09:55.965939 1 util/log/file_sync_buffer.go:237 ⋮ [config]   line format: [IWEF]yymmdd hh:mm:ss.uuuuuu goid [chan@]file:line redactionmark \[tags\] [counter] msg
W250818 18:09:55.961220 1 1@cli/start.go:1438 ⋮ [n?] 1  ALL SECURITY CONTROLS HAVE BEEN DISABLED!
W250818 18:09:55.961220 1 1@cli/start.go:1438 ⋮ [n?] 1 +
W250818 18:09:55.961220 1 1@cli/start.go:1438 ⋮ [n?] 1 +This mode is intended for non-production testing only.
W250818 18:09:55.961220 1 1@cli/start.go:1438 ⋮ [n?] 1 +
W250818 18:09:55.961220 1 1@cli/start.go:1438 ⋮ [n?] 1 +In this mode:
W250818 18:09:55.961220 1 1@cli/start.go:1438 ⋮ [n?] 1 +- Your cluster is open to any client that can access ‹any of your IP addresses›.
W250818 18:09:55.961220 1 1@cli/start.go:1438 ⋮ [n?] 1 +- Intruders with access to your machine or network can observe client-server traffic.
W250818 18:09:55.961220 1 1@cli/start.go:1438 ⋮ [n?] 1 +- Intruders can log in without password and read or write any data in the cluster.
W250818 18:09:55.961220 1 1@cli/start.go:1438 ⋮ [n?] 1 +- Intruders can consume all your server's resources and cause unavailability.
I250818 18:09:55.969340 1 1@cli/start.go:1448 ⋮ [n?] 2  To start a secure server without mandating TLS for clients,
I250818 18:09:55.969340 1 1@cli/start.go:1448 ⋮ [n?] 2 +consider --accept-sql-without-tls instead. For other options, see:
I250818 18:09:55.969340 1 1@cli/start.go:1448 ⋮ [n?] 2 +
I250818 18:09:55.969340 1 1@cli/start.go:1448 ⋮ [n?] 2 +- https://go.crdb.dev/issue-v/53404/v25.2
I250818 18:09:55.969340 1 1@cli/start.go:1448 ⋮ [n?] 2 +- https://www.cockroachlabs.com/docs/v25.2/secure-a-cluster.html
I250818 18:09:55.970071 1 server/status/recorder.go:856 ⋮ [n?] 3  ‹available memory from cgroups (8.0 EiB) is unsupported, using system memory 8.7 GiB instead: ›
W250818 18:09:55.970126 1 1@cli/start.go:1360 ⋮ [n?] 4  Using the default setting for --cache (128 MiB).
W250818 18:09:55.970126 1 1@cli/start.go:1360 ⋮ [n?] 4 +  A significantly larger value is usually needed for good performance.
W250818 18:09:55.970126 1 1@cli/start.go:1360 ⋮ [n?] 4 +  If you have a dedicated server a reasonable setting is --cache=.25 (2.2 GiB).
I250818 18:09:55.970216 1 server/status/recorder.go:856 ⋮ [n?] 5  ‹available memory from cgroups (8.0 EiB) is unsupported, using system memory 8.7 GiB instead: ›
I250818 18:09:55.970223 1 1@cli/start.go:1477 ⋮ [n?] 6  CockroachDB CCL v25.2.0 (aarch64-unknown-linux-gnu, built 2025/05/15 21:07:42, go1.23.7 X:nocoverageredesign)
I250818 18:09:55.970522 1 server/status/recorder.go:856 ⋮ [n?] 7  ‹available memory from cgroups (8.0 EiB) is unsupported, using system memory 8.7 GiB instead: ›
I250818 18:09:55.970528 1 1@cli/start.go:554 ⋮ [n?] 8  soft memory limit of Go runtime is set to 4.9 GiB
I250818 18:09:55.970536 1 1@cli/start.go:591 ⋮ [n?] 9  GC target percentage of Go runtime is set to 300%
I250818 18:09:56.002025 1 server/status/recorder.go:856 ⋮ [T1,Vsystem,n?] 10  ‹available memory from cgroups (8.0 EiB) is unsupported, using system memory 8.7 GiB instead: ›
I250818 18:09:56.002081 1 server/config.go:674 ⋮ [T1,Vsystem,n?] 11  system total memory: 8.7 GiB
I250818 18:09:56.002090 1 server/config.go:676 ⋮ [T1,Vsystem,n?] 12  server configuration:
I250818 18:09:56.002090 1 server/config.go:676 ⋮ [T1,Vsystem,n?] 12 +max offset             500000000
I250818 18:09:56.002090 1 server/config.go:676 ⋮ [T1,Vsystem,n?] 12 +cache size             128 MiB
I250818 18:09:56.002090 1 server/config.go:676 ⋮ [T1,Vsystem,n?] 12 +SQL memory pool size   2.2 GiB
I250818 18:09:56.002090 1 server/config.go:676 ⋮ [T1,Vsystem,n?] 12 +scan interval          10m0s
I250818 18:09:56.002090 1 server/config.go:676 ⋮ [T1,Vsystem,n?] 12 +scan min idle time     10ms
I250818 18:09:56.002090 1 server/config.go:676 ⋮ [T1,Vsystem,n?] 12 +scan max idle time     1s
I250818 18:09:56.002090 1 server/config.go:676 ⋮ [T1,Vsystem,n?] 12 +event log enabled      true
I250818 18:09:56.002126 1 1@cli/start.go:1338 ⋮ [T1,Vsystem,n?] 13  using local environment variables:
I250818 18:09:56.002126 1 1@cli/start.go:1338 ⋮ [T1,Vsystem,n?] 13 +COCKROACH_CHANNEL=official-docker
I250818 18:09:56.002135 1 1@cli/start.go:1345 ⋮ [T1,Vsystem,n?] 14  process identity: uid 0 euid 0 gid 0 egid 0
I250818 18:09:56.024435 1 1@cli/start.go:1500 ⋮ [T1,Vsystem,n?] 15  GEOS loaded from directory ‹/usr/local/lib/cockroach›
I250818 18:09:56.024510 1 1@cli/start.go:777 ⋮ [T1,Vsystem,n?] 16  starting cockroach node
I250818 18:09:57.581237 54 server/config.go:880 ⋮ [T1,Vsystem,n?] 17  1 storage engine initialized
I250818 18:09:57.581269 54 server/config.go:883 ⋮ [T1,Vsystem,n?] 18  Pebble cache size: 128 MiB
I250818 18:09:57.581277 54 server/config.go:883 ⋮ [T1,Vsystem,n?] 19  store 0: max size 0 B, max open file limit 1043576
I250818 18:09:57.581280 54 server/config.go:883 ⋮ [T1,Vsystem,n?] 20  store 0: /cockroach/cockroach-data: rw encrypted=false fs:{bdev=/run/host_mark/Users fstype=fakeowner mountpoint=/cockroach/cockroach-data mountopts=rw,nosuid,nodev,relatime,fakeowner}
I250818 18:09:57.605285 107 util/cidr/cidr.go:299 ⋮ [T1,Vsystem,n?] 21  CIDR lookup updated with 0 destinations
I250818 18:09:57.734275 54 1@server/clock_monotonicity.go:61 ⋮ [T1,Vsystem,n?] 22  monitoring forward clock jumps based on server.clock.forward_jump_check.enabled
I250818 18:09:57.763772 558 1@server/server.go:1802 ⋮ [T1,Vsystem,n1] 23  connecting to gossip network to verify cluster ID "7c4e678d-486f-4806-8e59-dd3b5b489461"
I250818 18:09:57.763775 54 1@server/clock_monotonicity.go:136 ⋮ [T1,Vsystem,n1] 24  Sleeping till wall time 1755540597763771170 to catches up to 1755540598234175879 to ensure monotonicity. Sub: 470.404709ms
W250818 18:09:58.235005 54 1@cli/start.go:1299 ⋮ [T1,Vsystem,n1] 25  Running a server without --sql-addr, with a combined RPC/SQL listener, is deprecated.
W250818 18:09:58.235005 54 1@cli/start.go:1299 ⋮ [T1,Vsystem,n1] 25 +This feature will be removed in a later version of CockroachDB.
W250818 18:09:58.235072 54 1@gossip/gossip.go:1460 ⋮ [T1,Vsystem,n1] 26  no addresses found; use --join to specify a connected node
I250818 18:09:58.244306 565 kv/kvserver/kvstorage/init.go:250 ⋮ [T1,Vsystem,n1,s1] 27  beginning range descriptor iteration
I250818 18:09:58.245416 565 kv/kvserver/kvstorage/init.go:374 ⋮ [T1,Vsystem,n1,s1] 28  range descriptor iteration done: 57 range descriptors, 0 intents, 0 tombstones; stats: ‹seeked 118 times (60 internal); stepped 0 times (0 internal); blocks: 72KB cached; points: 58 (1.2KB keys, 1.7KB values); separated: 2 (58B, 0B fetched)›
I250818 18:09:58.252375 565 kv/kvserver/kvstorage/init.go:501 ⋮ [T1,Vsystem,n1,s1] 29  loaded replica ID for 57/57 replicas
I250818 18:09:58.253067 565 kv/kvserver/kvstorage/init.go:518 ⋮ [T1,Vsystem,n1,s1] 30  loaded Raft state for 57/57 replicas
I250818 18:09:58.253093 565 kv/kvserver/kvstorage/init.go:545 ⋮ [T1,Vsystem,n1,s1] 31  loaded 57 replicas
I250818 18:09:58.253111 565 kv/kvserver/kvstorage/init.go:576 ⋮ [T1,Vsystem,n1,s1] 32  verified 57/57 replicas
I250818 18:09:58.266657 565 kv/kvserver/store.go:2369 ⋮ [T1,Vsystem,n1,s1] 33  initialized 57/57 replicas
I250818 18:09:58.269415 565 server/node.go:690 ⋮ [T1,Vsystem,n1] 34  initialized store s1 in 34ms (57 replicas)
I250818 18:09:58.270167 54 kv/kvserver/stores.go:261 ⋮ [T1,Vsystem,n1] 35  read 0 node addresses from persistent storage
I250818 18:09:58.271812 54 server/node.go:801 ⋮ [T1,Vsystem,n1] 36  started with attributes []
I250818 18:09:58.271851 558 1@server/server.go:1805 ⋮ [T1,Vsystem,n1] 37  node connected via gossip
I250818 18:09:58.271917 54 server/goroutinedumper/goroutinedumper.go:117 ⋮ [T1,Vsystem,n1] 38  writing goroutine dumps to ‹/cockroach/cockroach-data/logs/goroutine_dump›
I250818 18:09:58.273086 54 server/profiler/heapprofiler.go:72 ⋮ [T1,Vsystem,n1] 39  writing go heap profiles to ‹/cockroach/cockroach-data/logs/heap_profiler› at least every 1h0m0s
I250818 18:09:58.273105 54 server/profiler/memory_monitoring_profiler.go:66 ⋮ [T1,Vsystem,n1] 40  writing memory monitoring dumps to ‹/cockroach/cockroach-data/logs/heap_profiler› at least every 1h0m0s
I250818 18:09:58.273110 54 server/profiler/cgoprofiler.go:66 ⋮ [T1,Vsystem,n1] 41  to enable jmalloc profiling: "export MALLOC_CONF=prof:true" or "ln -s prof:true /etc/malloc.conf"
I250818 18:09:58.273162 54 server/profiler/statsprofiler.go:68 ⋮ [T1,Vsystem,n1] 42  writing memory stats to ‹/cockroach/cockroach-data/logs/heap_profiler› at last every 1h0m0s
I250818 18:09:58.273301 54 server/profiler/activequeryprofiler.go:88 ⋮ [T1,Vsystem,n1] 43  writing go query profiles to ‹/cockroach/cockroach-data/logs/heap_profiler›
I250818 18:09:58.273321 54 server/profiler/cpuprofiler.go:87 ⋮ [T1,Vsystem,n1] 44  writing cpu profile dumps to ‹/cockroach/cockroach-data/logs/pprof_dump›
I250818 18:09:58.273647 54 1@server/server.go:1999 ⋮ [T1,Vsystem,n1] 45  starting http server at ‹[::]:8080› (use: ‹127.0.0.1:8080›)
I250818 18:09:58.273660 54 1@server/server.go:2007 ⋮ [T1,Vsystem,n1] 46  starting grpc/postgres server at ‹[::]:26257›
I250818 18:09:58.273668 54 1@server/server.go:2008 ⋮ [T1,Vsystem,n1] 47  advertising CockroachDB node at ‹127.0.0.1:26257›
I250818 18:09:58.289392 620 kv/kvserver/storeliveness/support_manager.go:285 ⋮ [T1,Vsystem,n1,s1] 48  starting to heartbeat store {NodeID:1 StoreID:1}
I250818 18:09:58.292726 723 kv/kvserver/queue.go:612 ⋮ [T1,Vsystem,n1,s1,r41/1:‹/Table/3{8-9}›,raft] 49  rate limited in MaybeAdd (merge): throttled on async limiting semaphore
I250818 18:09:58.293282 668 kv/kvserver/queue.go:612 ⋮ [T1,Vsystem,n1,s1,r14/1:‹/Table/1{1-2}›,raft] 50  rate limited in MaybeAdd (replicate): throttled on async limiting semaphore
I250818 18:09:58.295164 620 kv/kvserver/storeliveness/supporter_state.go:298 ⋮ [T1,Vsystem,n1,s1] 51  provided support for store {NodeID:1 StoreID:1}; old = {Target:{NodeID:1 StoreID:1} Epoch:16 Expiration:1755534684.561112460,0}, new = {Target:{NodeID:1 StoreID:1} Epoch:17 Expiration:1755540601.289474086,0}
I250818 18:09:58.298266 620 kv/kvserver/storeliveness/requester_state.go:425 ⋮ [T1,Vsystem,n1,s1] 52  received support from store {NodeID:1 StoreID:1}; old = {Target:{NodeID:1 StoreID:1} Epoch:17 Expiration:0,0}, new = {Target:{NodeID:1 StoreID:1} Epoch:17 Expiration:1755540601.289474086,0}
I250818 18:09:58.334836 54 1@util/log/event_log.go:39 ⋮ [T1,Vsystem,n1] 53 ={"Timestamp":1755540598334826545,"EventType":"node_restart","NodeID":1,"StartedAt":1755540598235158628,"LastUp":1755534679263413751}
I250818 18:09:58.335589 798 kv/kvclient/rangefeed/rangefeedcache/watcher.go:340 ⋮ [T1,Vsystem,n1] 54  spanconfig-subscriber: established range feed cache
I250818 18:09:58.336077 800 kv/kvclient/rangefeed/rangefeedcache/watcher.go:340 ⋮ [T1,Vsystem,n1] 55  settings-watcher: established range feed cache
I250818 18:09:58.355557 54 sql/sqlliveness/slinstance/slinstance.go:435 ⋮ [T1,Vsystem,n1] 56  starting SQL liveness instance
I250818 18:09:58.361825 919 sql/sqlliveness/slstorage/slstorage.go:540 ⋮ [T1,Vsystem,n1] 57  inserted sqlliveness session 01018093968f3a95b14e859a4671f41a8ce700 with expiry 1755540638.355663420,0
I250818 18:09:58.362425 919 sql/sqlliveness/slinstance/slinstance.go:247 ⋮ [T1,Vsystem,n1] 58  created new SQL liveness session 01018093968f3a95b14e859a4671f41a8ce700
I250818 18:09:58.362548 54 sql/sqlinstance/instancestorage/instancestorage.go:338 ⋮ [T1,Vsystem,n1] 59  assigning instance id to rpc addr ‹127.0.0.1:26257› and sql addr ‹127.0.0.1:26257›
I250818 18:09:58.365898 54 server/server_sql.go:1618 ⋮ [T1,Vsystem,n1] 60  bound sqlinstance: Instance{RegionPrefix: gA==, InstanceID: 1, SQLAddr: ‹127.0.0.1:26257›, RPCAddr: ‹127.0.0.1:26257›, SessionID: 01018093968f3a95b14e859a4671f41a8ce700, Locality: , BinaryVersion: 25.2}
I250818 18:09:58.366489 54 upgrade/upgrademanager/manager.go:171 ⋮ [T1,Vsystem,n1] 61  running permanent upgrades up to version: 25.2
I250818 18:09:58.368481 860 sql/temporary_schema.go:506 ⋮ [T1,Vsystem,n1] 62  running temporary object cleanup background job
I250818 18:09:58.368690 863 sql/sqlstats/persistedsqlstats/provider.go:159 ⋮ [T1,Vsystem,n1] 63  starting sql-stats-worker with initial delay: 10m16.746640895s
I250818 18:09:58.369595 1212 kv/kvclient/rangefeed/rangefeedcache/watcher.go:340 ⋮ [T1,Vsystem,n1] 64  system-config-cache: established range feed cache
I250818 18:09:58.370782 1239 kv/kvserver/replica_rangefeed.go:882 ⋮ [T1,Vsystem,n1,rangefeed=‹lease›,mux_n=1,gen=2,r6/1:‹/Table/{0-4}›,sm=1,sid=1,s1] 65  RangeFeed closed timestamp 1755528977.994124335,0 is behind by 3h13m40.376655752s (behind=3h13m40.376655752s target=3s nudge=true cancel=false)
I250818 18:09:58.391727 860 sql/temporary_schema.go:556 ⋮ [T1,Vsystem,n1] 66  found 0 temporary schemas
I250818 18:09:58.391756 860 sql/temporary_schema.go:559 ⋮ [T1,Vsystem,n1] 67  early exiting temporary schema cleaner as no temporary schemas were found
I250818 18:09:58.391763 860 sql/temporary_schema.go:560 ⋮ [T1,Vsystem,n1] 68  completed temporary object cleanup job
I250818 18:09:58.391774 860 sql/temporary_schema.go:641 ⋮ [T1,Vsystem,n1] 69  temporary object cleaner next scheduled to run at 2025-08-18 18:39:58.367919753 +0000 UTC m=+1804.232094753
I250818 18:09:58.405022 54 upgrade/upgrademanager/manager.go:233 ⋮ [T1,Vsystem,n1] 70  detected the last permanent upgrade (v0.0-upgrading-step-004) to have already completed; no permanent upgrades will run
I250818 18:09:58.405149 54 server/server_sql.go:1720 ⋮ [T1,Vsystem,n1] 71  done ensuring all necessary startup migrations have run
I250818 18:09:58.408689 54 server/license/enforcer.go:262 ⋮ [T1,Vsystem,n1] 72  trial license expiry initialized to 1970-01-01 00:00:00 +0000 UTC
I250818 18:09:58.408735 54 server/license/enforcer.go:298 ⋮ [T1,Vsystem,n1] 73  fetched existing cluster init grace period end time: 2025-08-24 14:50:24 +0000 UTC
I250818 18:09:58.408773 54 server/license/enforcer.go:498 ⋮ [T1,Vsystem,n1] 74  enforcer license updated: type is none, grace period ends at "2025-08-24 14:50:24 +0000 UTC", telemetry required: false
I250818 18:09:58.408781 54 server/license/enforcer.go:498 ⋮ [T1,Vsystem,n1] 75  enforcer license updated: type is none, grace period ends at "2025-08-24 14:50:24 +0000 UTC", telemetry required: false
I250818 18:09:58.448326 1428 sql/sqlliveness/slstorage/slstorage.go:391 ⋮ [n1,intExec=expire-sessions] 76  deleted session 01018015e5822b41f44ac283640636640e2f6a which expired at 1755534720.542419585,0
I250818 18:09:58.450345 1447 sql/syntheticprivilegecache/cache.go:202 ⋮ [T1,Vsystem,n1] 77  warmed privileges for virtual tables in 41.22675ms
I250818 18:09:58.455691 1457 kv/kvclient/rangefeed/rangefeedcache/watcher.go:340 ⋮ [T1,Vsystem,n1] 78  tenant-settings-watcher: established range feed cache
I250818 18:09:58.456776 1619 kv/kvclient/rangefeed/rangefeedcache/watcher.go:340 ⋮ [T1,Vsystem,n1] 79  tenant-entry-watcher: established range feed cache
I250818 18:09:58.461160 1619 multitenant/tenantcapabilities/tenantcapabilitieswatcher/watcher.go:285 ⋮ [T1,Vsystem,n1] 80  received results of a full table scan for tenant capabilities
I250818 18:09:58.461407 1449 jobs/job_scheduler.go:407 ⋮ [T1,Vsystem,n1] 81  waiting 3m0s before scheduled jobs daemon start
I250818 18:09:58.476788 54 server/license/enforcer.go:582 ⋮ [T1,Vsystem,n1] 82  disable all license enforcement
I250818 18:09:58.476839 54 1@server/server_sql.go:1971 ⋮ [T1,Vsystem,n1] 83  serving sql connections
I250818 18:09:58.476950 54 1@cli/start.go:1286 ⋮ [T1,Vsystem,n1] 84  node startup completed:
I250818 18:09:58.476950 54 1@cli/start.go:1286 ⋮ [T1,Vsystem,n1] 84 +CockroachDB node starting at 2025-08-18 18:09:58.476874712 +0000 UTC m=+4.341049670 (took 2.6s)
I250818 18:09:58.476950 54 1@cli/start.go:1286 ⋮ [T1,Vsystem,n1] 84 +build:               CCL v25.2.0 @ 2025/05/15 21:07:42 (go1.23.7 X:nocoverageredesign)
I250818 18:09:58.476950 54 1@cli/start.go:1286 ⋮ [T1,Vsystem,n1] 84 +malloc_conf:         prof:false,prof_active:true,background_thread:true,thp:never,metadata_thp:disabled,narenas:48,dirty_decay_ms:2000,muzzy_decay_ms:0
I250818 18:09:58.476950 54 1@cli/start.go:1286 ⋮ [T1,Vsystem,n1] 84 +webui:               ‹http://127.0.0.1:8080›
I250818 18:09:58.476950 54 1@cli/start.go:1286 ⋮ [T1,Vsystem,n1] 84 +sql:                 ‹postgresql://root@127.0.0.1:26257/defaultdb?sslmode=disable›
I250818 18:09:58.476950 54 1@cli/start.go:1286 ⋮ [T1,Vsystem,n1] 84 +sql (JDBC):          ‹jdbc:postgresql://127.0.0.1:26257/defaultdb?sslmode=disable&user=root›
I250818 18:09:58.476950 54 1@cli/start.go:1286 ⋮ [T1,Vsystem,n1] 84 +RPC client flags:    ‹/cockroach/cockroach <client cmd> --host=127.0.0.1:26257 --insecure›
I250818 18:09:58.476950 54 1@cli/start.go:1286 ⋮ [T1,Vsystem,n1] 84 +logs:                ‹/cockroach/cockroach-data/logs›
I250818 18:09:58.476950 54 1@cli/start.go:1286 ⋮ [T1,Vsystem,n1] 84 +temp dir:            ‹/cockroach/cockroach-data/cockroach-temp1813803103›
I250818 18:09:58.476950 54 1@cli/start.go:1286 ⋮ [T1,Vsystem,n1] 84 +external I/O path:   ‹/cockroach/cockroach-data/extern›
I250818 18:09:58.476950 54 1@cli/start.go:1286 ⋮ [T1,Vsystem,n1] 84 +store[0]:            ‹path=/cockroach/cockroach-data›
I250818 18:09:58.476950 54 1@cli/start.go:1286 ⋮ [T1,Vsystem,n1] 84 +clusterID:           7c4e678d-486f-4806-8e59-dd3b5b489461
I250818 18:09:58.476950 54 1@cli/start.go:1286 ⋮ [T1,Vsystem,n1] 84 +status:              restarted pre-existing node
I250818 18:09:58.476950 54 1@cli/start.go:1286 ⋮ [T1,Vsystem,n1] 84 +nodeID:              1
I250818 18:09:58.497440 1455 server/auto_upgrade.go:81 ⋮ [T1,Vsystem,n1] 85  no need to upgrade, cluster already at the newest version
I250818 18:09:58.547595 1710 sql/catalog/lease/lease.go:2467 ⋮ [T1,Vsystem,n1] 86  released orphaned lease: ID=1 ver=1 expiration={0001-01-01 00:00:00 +0000 UTC}
I250818 18:09:58.548499 1714 sql/catalog/lease/lease.go:2467 ⋮ [T1,Vsystem,n1] 87  released orphaned lease: ID=6 ver=1 expiration={0001-01-01 00:00:00 +0000 UTC}
I250818 18:09:58.549102 1712 sql/catalog/lease/lease.go:2467 ⋮ [T1,Vsystem,n1] 88  released orphaned lease: ID=4 ver=1 expiration={0001-01-01 00:00:00 +0000 UTC}
I250818 18:09:58.550228 1711 sql/catalog/lease/lease.go:2467 ⋮ [T1,Vsystem,n1] 89  released orphaned lease: ID=3 ver=1 expiration={0001-01-01 00:00:00 +0000 UTC}
I250818 18:09:58.549123 1713 sql/catalog/lease/lease.go:2467 ⋮ [T1,Vsystem,n1] 90  released orphaned lease: ID=5 ver=1 expiration={0001-01-01 00:00:00 +0000 UTC}
I250818 18:09:58.551421 1653 sql/catalog/lease/lease.go:2467 ⋮ [T1,Vsystem,n1] 91  released orphaned lease: ID=7 ver=1 expiration={0001-01-01 00:00:00 +0000 UTC}
I250818 18:09:58.551465 1654 sql/catalog/lease/lease.go:2467 ⋮ [T1,Vsystem,n1] 92  released orphaned lease: ID=8 ver=1 expiration={0001-01-01 00:00:00 +0000 UTC}
I250818 18:09:58.554117 1638 sql/catalog/lease/lease.go:2467 ⋮ [T1,Vsystem,n1] 93  released orphaned lease: ID=9 ver=1 expiration={0001-01-01 00:00:00 +0000 UTC}
I250818 18:09:58.554411 1639 sql/catalog/lease/lease.go:2467 ⋮ [T1,Vsystem,n1] 94  released orphaned lease: ID=12 ver=1 expiration={0001-01-01 00:00:00 +0000 UTC}
I250818 18:09:58.554547 1611 sql/catalog/lease/lease.go:2467 ⋮ [T1,Vsystem,n1] 95  released orphaned lease: ID=11 ver=1 expiration={0001-01-01 00:00:00 +0000 UTC}
I250818 18:09:58.556072 1613 sql/catalog/lease/lease.go:2467 ⋮ [T1,Vsystem,n1] 96  released orphaned lease: ID=14 ver=1 expiration={0001-01-01 00:00:00 +0000 UTC}
I250818 18:09:58.556285 1612 sql/catalog/lease/lease.go:2467 ⋮ [T1,Vsystem,n1] 97  released orphaned lease: ID=13 ver=1 expiration={0001-01-01 00:00:00 +0000 UTC}
I250818 18:09:58.557425 1614 sql/catalog/lease/lease.go:2467 ⋮ [T1,Vsystem,n1] 98  released orphaned lease: ID=20 ver=1 expiration={0001-01-01 00:00:00 +0000 UTC}
I250818 18:09:58.557761 1640 sql/catalog/lease/lease.go:2467 ⋮ [T1,Vsystem,n1] 99  released orphaned lease: ID=15 ver=1 expiration={0001-01-01 00:00:00 +0000 UTC}
I250818 18:09:58.557965 1641 sql/catalog/lease/lease.go:2467 ⋮ [T1,Vsystem,n1] 100  released orphaned lease: ID=19 ver=1 expiration={0001-01-01 00:00:00 +0000 UTC}
I250818 18:09:58.558919 1642 sql/catalog/lease/lease.go:2467 ⋮ [T1,Vsystem,n1] 101  released orphaned lease: ID=23 ver=1 expiration={0001-01-01 00:00:00 +0000 UTC}
I250818 18:09:58.559341 1715 sql/catalog/lease/lease.go:2467 ⋮ [T1,Vsystem,n1] 102  released orphaned lease: ID=21 ver=1 expiration={0001-01-01 00:00:00 +0000 UTC}
I250818 18:09:58.559896 1617 sql/catalog/lease/lease.go:2467 ⋮ [T1,Vsystem,n1] 103  released orphaned lease: ID=26 ver=1 expiration={0001-01-01 00:00:00 +0000 UTC}
I250818 18:09:58.560135 1615 sql/catalog/lease/lease.go:2467 ⋮ [T1,Vsystem,n1] 104  released orphaned lease: ID=24 ver=1 expiration={0001-01-01 00:00:00 +0000 UTC}
I250818 18:09:58.560400 1616 sql/catalog/lease/lease.go:2467 ⋮ [T1,Vsystem,n1] 105  released orphaned lease: ID=25 ver=1 expiration={0001-01-01 00:00:00 +0000 UTC}
I250818 18:09:58.561172 1644 sql/catalog/lease/lease.go:2467 ⋮ [T1,Vsystem,n1] 106  released orphaned lease: ID=28 ver=1 expiration={0001-01-01 00:00:00 +0000 UTC}
I250818 18:09:58.561331 1643 sql/catalog/lease/lease.go:2467 ⋮ [T1,Vsystem,n1] 107  released orphaned lease: ID=27 ver=1 expiration={0001-01-01 00:00:00 +0000 UTC}
I250818 18:09:58.562517 1730 sql/catalog/lease/lease.go:2467 ⋮ [T1,Vsystem,n1] 108  released orphaned lease: ID=30 ver=1 expiration={0001-01-01 00:00:00 +0000 UTC}
I250818 18:09:58.562924 1645 sql/catalog/lease/lease.go:2467 ⋮ [T1,Vsystem,n1] 109  released orphaned lease: ID=31 ver=1 expiration={0001-01-01 00:00:00 +0000 UTC}
I250818 18:09:58.563020 1646 sql/catalog/lease/lease.go:2467 ⋮ [T1,Vsystem,n1] 110  released orphaned lease: ID=32 ver=1 expiration={0001-01-01 00:00:00 +0000 UTC}
I250818 18:09:58.563143 1717 sql/catalog/lease/lease.go:2467 ⋮ [T1,Vsystem,n1] 111  released orphaned lease: ID=34 ver=1 expiration={0001-01-01 00:00:00 +0000 UTC}
I250818 18:09:58.563193 1716 sql/catalog/lease/lease.go:2467 ⋮ [T1,Vsystem,n1] 112  released orphaned lease: ID=33 ver=1 expiration={0001-01-01 00:00:00 +0000 UTC}
I250818 18:09:58.564312 1732 sql/catalog/lease/lease.go:2467 ⋮ [T1,Vsystem,n1] 113  released orphaned lease: ID=36 ver=1 expiration={0001-01-01 00:00:00 +0000 UTC}
I250818 18:09:58.564392 1735 sql/catalog/lease/lease.go:2467 ⋮ [T1,Vsystem,n1] 114  released orphaned lease: ID=40 ver=1 expiration={0001-01-01 00:00:00 +0000 UTC}
I250818 18:09:58.564734 1733 sql/catalog/lease/lease.go:2467 ⋮ [T1,Vsystem,n1] 115  released orphaned lease: ID=37 ver=1 expiration={0001-01-01 00:00:00 +0000 UTC}
I250818 18:09:58.564748 1731 sql/catalog/lease/lease.go:2467 ⋮ [T1,Vsystem,n1] 116  released orphaned lease: ID=35 ver=1 expiration={0001-01-01 00:00:00 +0000 UTC}
I250818 18:09:58.564831 1734 sql/catalog/lease/lease.go:2467 ⋮ [T1,Vsystem,n1] 117  released orphaned lease: ID=39 ver=1 expiration={0001-01-01 00:00:00 +0000 UTC}
I250818 18:09:58.565556 1718 sql/catalog/lease/lease.go:2467 ⋮ [T1,Vsystem,n1] 118  released orphaned lease: ID=41 ver=1 expiration={0001-01-01 00:00:00 +0000 UTC}
I250818 18:09:58.565374 1655 sql/catalog/lease/lease.go:2467 ⋮ [T1,Vsystem,n1] 119  released orphaned lease: ID=42 ver=1 expiration={0001-01-01 00:00:00 +0000 UTC}
I250818 18:09:58.566743 1736 sql/catalog/lease/lease.go:2467 ⋮ [T1,Vsystem,n1] 120  released orphaned lease: ID=45 ver=1 expiration={0001-01-01 00:00:00 +0000 UTC}
I250818 18:09:58.566913 1656 sql/catalog/lease/lease.go:2467 ⋮ [T1,Vsystem,n1] 121  released orphaned lease: ID=43 ver=1 expiration={0001-01-01 00:00:00 +0000 UTC}
I250818 18:09:58.566969 1657 sql/catalog/lease/lease.go:2467 ⋮ [T1,Vsystem,n1] 122  released orphaned lease: ID=44 ver=1 expiration={0001-01-01 00:00:00 +0000 UTC}
I250818 18:09:58.567012 1737 sql/catalog/lease/lease.go:2467 ⋮ [T1,Vsystem,n1] 123  released orphaned lease: ID=46 ver=1 expiration={0001-01-01 00:00:00 +0000 UTC}
I250818 18:09:58.568155 1747 sql/catalog/lease/lease.go:2467 ⋮ [T1,Vsystem,n1] 124  released orphaned lease: ID=52 ver=1 expiration={0001-01-01 00:00:00 +0000 UTC}
I250818 18:09:58.568417 1600 sql/catalog/lease/lease.go:2467 ⋮ [T1,Vsystem,n1] 125  released orphaned lease: ID=48 ver=1 expiration={0001-01-01 00:00:00 +0000 UTC}
I250818 18:09:58.568894 1647 sql/catalog/lease/lease.go:2467 ⋮ [T1,Vsystem,n1] 126  released orphaned lease: ID=47 ver=1 expiration={0001-01-01 00:00:00 +0000 UTC}
I250818 18:09:58.569258 1601 sql/catalog/lease/lease.go:2467 ⋮ [T1,Vsystem,n1] 127  released orphaned lease: ID=50 ver=1 expiration={0001-01-01 00:00:00 +0000 UTC}
I250818 18:09:58.569755 1746 sql/catalog/lease/lease.go:2467 ⋮ [T1,Vsystem,n1] 128  released orphaned lease: ID=51 ver=1 expiration={0001-01-01 00:00:00 +0000 UTC}
I250818 18:09:58.570924 1720 sql/catalog/lease/lease.go:2467 ⋮ [T1,Vsystem,n1] 129  released orphaned lease: ID=57 ver=1 expiration={0001-01-01 00:00:00 +0000 UTC}
I250818 18:09:58.571262 1719 sql/catalog/lease/lease.go:2467 ⋮ [T1,Vsystem,n1] 130  released orphaned lease: ID=56 ver=1 expiration={0001-01-01 00:00:00 +0000 UTC}
I250818 18:09:58.570779 1648 sql/catalog/lease/lease.go:2467 ⋮ [T1,Vsystem,n1] 131  released orphaned lease: ID=54 ver=1 expiration={0001-01-01 00:00:00 +0000 UTC}
I250818 18:09:58.572749 1748 sql/catalog/lease/lease.go:2467 ⋮ [T1,Vsystem,n1] 132  released orphaned lease: ID=53 ver=1 expiration={0001-01-01 00:00:00 +0000 UTC}
I250818 18:09:58.573611 1749 sql/catalog/lease/lease.go:2467 ⋮ [T1,Vsystem,n1] 133  released orphaned lease: ID=60 ver=1 expiration={0001-01-01 00:00:00 +0000 UTC}
I250818 18:09:58.573794 1738 sql/catalog/lease/lease.go:2467 ⋮ [T1,Vsystem,n1] 134  released orphaned lease: ID=58 ver=1 expiration={0001-01-01 00:00:00 +0000 UTC}
I250818 18:09:58.573871 1739 sql/catalog/lease/lease.go:2467 ⋮ [T1,Vsystem,n1] 135  released orphaned lease: ID=59 ver=1 expiration={0001-01-01 00:00:00 +0000 UTC}
I250818 18:09:58.573931 1649 sql/catalog/lease/lease.go:2467 ⋮ [T1,Vsystem,n1] 136  released orphaned lease: ID=55 ver=1 expiration={0001-01-01 00:00:00 +0000 UTC}
I250818 18:09:58.574989 1721 sql/catalog/lease/lease.go:2467 ⋮ [T1,Vsystem,n1] 137  released orphaned lease: ID=61 ver=1 expiration={0001-01-01 00:00:00 +0000 UTC}
I250818 18:09:58.576886 1753 sql/catalog/lease/lease.go:2467 ⋮ [T1,Vsystem,n1] 138  released orphaned lease: ID=65 ver=1 expiration={0001-01-01 00:00:00 +0000 UTC}
I250818 18:09:58.577448 1750 sql/catalog/lease/lease.go:2467 ⋮ [T1,Vsystem,n1] 139  released orphaned lease: ID=62 ver=1 expiration={0001-01-01 00:00:00 +0000 UTC}
I250818 18:09:58.577726 1751 sql/catalog/lease/lease.go:2467 ⋮ [T1,Vsystem,n1] 140  released orphaned lease: ID=63 ver=1 expiration={0001-01-01 00:00:00 +0000 UTC}
I250818 18:09:58.577793 1752 sql/catalog/lease/lease.go:2467 ⋮ [T1,Vsystem,n1] 141  released orphaned lease: ID=64 ver=1 expiration={0001-01-01 00:00:00 +0000 UTC}
I250818 18:09:58.578921 1757 sql/catalog/lease/lease.go:2467 ⋮ [T1,Vsystem,n1] 142  released orphaned lease: ID=70 ver=1 expiration={0001-01-01 00:00:00 +0000 UTC}
I250818 18:09:58.579095 1754 sql/catalog/lease/lease.go:2467 ⋮ [T1,Vsystem,n1] 143  released orphaned lease: ID=67 ver=1 expiration={0001-01-01 00:00:00 +0000 UTC}
I250818 18:09:58.579337 1722 sql/catalog/lease/lease.go:2467 ⋮ [T1,Vsystem,n1] 144  released orphaned lease: ID=66 ver=1 expiration={0001-01-01 00:00:00 +0000 UTC}
I250818 18:09:58.579501 1755 sql/catalog/lease/lease.go:2467 ⋮ [T1,Vsystem,n1] 145  released orphaned lease: ID=68 ver=1 expiration={0001-01-01 00:00:00 +0000 UTC}
I250818 18:09:58.579553 1756 sql/catalog/lease/lease.go:2467 ⋮ [T1,Vsystem,n1] 146  released orphaned lease: ID=69 ver=1 expiration={0001-01-01 00:00:00 +0000 UTC}
I250818 18:09:58.580163 1723 sql/catalog/lease/lease.go:2467 ⋮ [T1,Vsystem,n1] 147  released orphaned lease: ID=72 ver=1 expiration={0001-01-01 00:00:00 +0000 UTC}
I250818 18:09:58.580575 1724 sql/catalog/lease/lease.go:2467 ⋮ [T1,Vsystem,n1] 148  released orphaned lease: ID=104 ver=1 expiration={0001-01-01 00:00:00 +0000 UTC}
I250818 18:09:58.582330 1758 sql/catalog/lease/lease.go:2467 ⋮ [T1,Vsystem,n1] 149  released orphaned lease: ID=109 ver=2 expiration={0001-01-01 00:00:00 +0000 UTC}
I250818 18:09:58.582839 1658 sql/catalog/lease/lease.go:2467 ⋮ [T1,Vsystem,n1] 150  released orphaned lease: ID=71 ver=1 expiration={0001-01-01 00:00:00 +0000 UTC}
I250818 18:09:58.583101 1660 sql/catalog/lease/lease.go:2467 ⋮ [T1,Vsystem,n1] 151  released orphaned lease: ID=107 ver=1 expiration={0001-01-01 00:00:00 +0000 UTC}
I250818 18:09:58.583371 1659 sql/catalog/lease/lease.go:2467 ⋮ [T1,Vsystem,n1] 152  released orphaned lease: ID=106 ver=15 expiration={0001-01-01 00:00:00 +0000 UTC}
I250818 18:09:58.583653 1661 sql/catalog/lease/lease.go:2467 ⋮ [T1,Vsystem,n1] 153  released orphaned lease: ID=108 ver=2 expiration={0001-01-01 00:00:00 +0000 UTC}
I250818 18:09:58.585253 1664 sql/catalog/lease/lease.go:2467 ⋮ [T1,Vsystem,n1] 154  released orphaned lease: ID=114 ver=1 expiration={0001-01-01 00:00:00 +0000 UTC}
I250818 18:09:58.585660 1725 sql/catalog/lease/lease.go:2467 ⋮ [T1,Vsystem,n1] 155  released orphaned lease: ID=110 ver=1 expiration={0001-01-01 00:00:00 +0000 UTC}
I250818 18:09:58.585979 1662 sql/catalog/lease/lease.go:2467 ⋮ [T1,Vsystem,n1] 156  released orphaned lease: ID=112 ver=1 expiration={0001-01-01 00:00:00 +0000 UTC}
I250818 18:09:58.586228 1663 sql/catalog/lease/lease.go:2467 ⋮ [T1,Vsystem,n1] 157  released orphaned lease: ID=113 ver=7 expiration={0001-01-01 00:00:00 +0000 UTC}
I250818 18:09:58.586869 1726 sql/catalog/lease/lease.go:2467 ⋮ [T1,Vsystem,n1] 158  released orphaned lease: ID=111 ver=3 expiration={0001-01-01 00:00:00 +0000 UTC}
I250818 18:09:58.588686 1762 sql/catalog/lease/lease.go:2467 ⋮ [T1,Vsystem,n1] 159  released orphaned lease: ID=118 ver=1 expiration={0001-01-01 00:00:00 +0000 UTC}
I250818 18:09:58.589306 1728 sql/catalog/lease/lease.go:2467 ⋮ [T1,Vsystem,n1] 160  released orphaned lease: ID=116 ver=1 expiration={0001-01-01 00:00:00 +0000 UTC}
I250818 18:09:58.589723 1727 sql/catalog/lease/lease.go:2467 ⋮ [T1,Vsystem,n1] 161  released orphaned lease: ID=115 ver=7 expiration={0001-01-01 00:00:00 +0000 UTC}
I250818 18:09:58.589847 1729 sql/catalog/lease/lease.go:2467 ⋮ [T1,Vsystem,n1] 162  released orphaned lease: ID=117 ver=3 expiration={0001-01-01 00:00:00 +0000 UTC}
I250818 18:09:58.591411 1759 sql/catalog/lease/lease.go:2467 ⋮ [T1,Vsystem,n1] 163  released orphaned lease: ID=119 ver=2 expiration={0001-01-01 00:00:00 +0000 UTC}
I250818 18:09:58.592311 1763 sql/catalog/lease/lease.go:2467 ⋮ [T1,Vsystem,n1] 164  released orphaned lease: ID=122 ver=2 expiration={0001-01-01 00:00:00 +0000 UTC}
I250818 18:09:58.592681 1760 sql/catalog/lease/lease.go:2467 ⋮ [T1,Vsystem,n1] 165  released orphaned lease: ID=123 ver=1 expiration={0001-01-01 00:00:00 +0000 UTC}
I250818 18:09:58.592975 1761 sql/catalog/lease/lease.go:2467 ⋮ [T1,Vsystem,n1] 166  released orphaned lease: ID=124 ver=3 expiration={0001-01-01 00:00:00 +0000 UTC}
I250818 18:09:58.593188 1778 sql/catalog/lease/lease.go:2467 ⋮ [T1,Vsystem,n1] 167  released orphaned lease: ID=125 ver=3 expiration={0001-01-01 00:00:00 +0000 UTC}
I250818 18:09:58.593320 1794 sql/catalog/lease/lease.go:2467 ⋮ [T1,Vsystem,n1] 168  released orphaned lease: ID=126 ver=2 expiration={0001-01-01 00:00:00 +0000 UTC}
I250818 18:09:58.593561 1765 sql/catalog/lease/lease.go:2467 ⋮ [T1,Vsystem,n1] 169  released orphaned lease: ID=128 ver=2 expiration={0001-01-01 00:00:00 +0000 UTC}
I250818 18:09:58.593723 1764 sql/catalog/lease/lease.go:2467 ⋮ [T1,Vsystem,n1] 170  released orphaned lease: ID=127 ver=3 expiration={0001-01-01 00:00:00 +0000 UTC}
I250818 18:09:58.594799 1810 sql/catalog/lease/lease.go:2467 ⋮ [T1,Vsystem,n1] 171  released orphaned lease: ID=133 ver=3 expiration={0001-01-01 00:00:00 +0000 UTC}
I250818 18:09:58.595250 1665 sql/catalog/lease/lease.go:2467 ⋮ [T1,Vsystem,n1] 172  released orphaned lease: ID=132 ver=2 expiration={0001-01-01 00:00:00 +0000 UTC}
I250818 18:09:58.596215 1768 sql/catalog/lease/lease.go:2467 ⋮ [T1,Vsystem,n1] 173  released orphaned lease: ID=131 ver=2 expiration={0001-01-01 00:00:00 +0000 UTC}
I250818 18:09:58.596279 1766 sql/catalog/lease/lease.go:2467 ⋮ [T1,Vsystem,n1] 174  released orphaned lease: ID=129 ver=3 expiration={0001-01-01 00:00:00 +0000 UTC}
I250818 18:09:58.596406 1767 sql/catalog/lease/lease.go:2467 ⋮ [T1,Vsystem,n1] 175  released orphaned lease: ID=130 ver=2 expiration={0001-01-01 00:00:00 +0000 UTC}
I250818 18:09:58.596520 1779 sql/catalog/lease/lease.go:2467 ⋮ [T1,Vsystem,n1] 176  released orphaned lease: ID=134 ver=1 expiration={0001-01-01 00:00:00 +0000 UTC}
I250818 18:09:59.291078 564 1@gossip/gossip.go:1476 ⋮ [T1,Vsystem,n1] 177  node has connected to cluster via gossip
I250818 18:09:59.291752 564 kv/kvserver/stores.go:280 ⋮ [T1,Vsystem,n1] 178  wrote 0 node addresses to persistent storage
I250818 18:10:01.017051 1450 server/diagnostics/update_checker.go:144 ⋮ [T1,Vsystem,n1] 179  a new version is available: ‹25.2.4›, details: ‹https://www.cockroachlabs.com/docs/releases/v25.2#v25-2-4›
I250818 18:10:28.486500 1210 jobs/adopt.go:105 ⋮ [T1,Vsystem,n1] 180  claimed 7 jobs
I250818 18:10:28.491120 2354 jobs/adopt.go:224 ⋮ [T1,Vsystem,n1,job=105] 181  job 105: resuming execution
I250818 18:10:28.491653 2286 jobs/adopt.go:224 ⋮ [T1,Vsystem,n1,job=100] 182  job 100: resuming execution
I250818 18:10:28.491759 2284 jobs/adopt.go:224 ⋮ [T1,Vsystem,n1,job=1098958321112612865] 183  job 1098958321112612865: resuming execution
I250818 18:10:28.491826 2285 jobs/adopt.go:224 ⋮ [T1,Vsystem,n1,job=1098946398292541441] 184  job 1098946398292541441: resuming execution
I250818 18:10:28.491802 2288 jobs/adopt.go:224 ⋮ [T1,Vsystem,n1,job=103] 185  job 103: resuming execution
I250818 18:10:28.491903 2289 jobs/adopt.go:224 ⋮ [T1,Vsystem,n1,job=104] 186  job 104: resuming execution
I250818 18:10:28.491903 2287 jobs/adopt.go:224 ⋮ [T1,Vsystem,n1,job=101] 187  job 101: resuming execution
I250818 18:10:28.497597 2361 jobs/registry.go:1681 ⋮ [T1,Vsystem,n1,job=1098946398292541441] 188  AUTO SPAN CONFIG RECONCILIATION job 1098946398292541441: stepping through state running
I250818 18:10:28.499198 2372 jobs/registry.go:1681 ⋮ [T1,Vsystem,n1,job=101] 189  POLL JOBS STATS job 101: stepping through state running
I250818 18:10:28.499255 2304 jobs/registry.go:1681 ⋮ [T1,Vsystem,n1,job=103] 190  AUTO UPDATE SQL ACTIVITY job 103: stepping through state running
I250818 18:10:28.499266 2335 jobs/registry.go:1681 ⋮ [T1,Vsystem,n1,job=104] 191  MVCC STATISTICS UPDATE job 104: stepping through state running
I250818 18:10:28.498657 2387 jobs/registry.go:1681 ⋮ [T1,Vsystem,n1,job=1098958321112612865] 192  CHANGEFEED job 1098958321112612865: stepping through state running
I250818 18:10:28.500003 1400 jobs/registry.go:1681 ⋮ [T1,Vsystem,n1,job=100] 193  KEY VISUALIZER job 100: stepping through state running
I250818 18:10:28.500288 2346 jobs/registry.go:1681 ⋮ [T1,Vsystem,n1,job=105] 194  UPDATE TABLE METADATA CACHE job 105: stepping through state running
I250818 18:10:28.504600 2304 sql/sql_activity_update_job.go:88 ⋮ [T1,Vsystem,n1,job=AUTO UPDATE SQL ACTIVITY id=103] 195  starting sql stats activity flush job
I250818 18:10:28.509369 2335 sql/mvcc_statistics_update_job.go:63 ⋮ [T1,Vsystem,n1,job=MVCC STATISTICS UPDATE id=104] 196  starting mvcc statistics update job
I250818 18:10:28.515725 2378 ccl/changefeedccl/changefeed_dist.go:414 ⋮ [T1,Vsystem,n1,job=CHANGEFEED id=1098958321112612865] 197  using bulk oracle for DistSQL planning
I250818 18:10:28.517192 2378 ccl/changefeedccl/changefeed_dist.go:577 ⋮ [T1,Vsystem,n1,job=CHANGEFEED id=1098958321112612865] 198  changefeed plan diagram: ‹https://cockroachdb.github.io/distsqlplan/decode.html#eJyUkV3rmzAUh-_3KeRcRzTxBc1Vx8qgF1vHVthFkZHGow2zxiWRbojffaj_l7bQQi_Pi8_v8WQA-6cBDvIo2horxJJ7NMyzPMkiRillKWVZmgCBVpf4VZzQAt8DhYJAZ7REa7WZWsO8sCn_Ag8JqLbr3dQuCEhtEPgATrkGgcOnOepjXRushdMmCIFAiU6oZmb_FE4e0Xp7WnAv2IlDgwGNomCgPhuhGAno3r3jrRM1AqcXPps18HAkzyp9Nrp1Ck1Ar4W2vePeipFVRFbxXQF2I0CfEfiOttOtxavge0nhTZJPx4IAljUuD2F1byR-M1rOu0u5nUFzo0Trlildik37OrLOoDi93e-SRB-S2CNSQaBq9PmXKoHDgWV5FeWpL6qQ-XEeJX6eHSo_llEaZxgmMs5g-kDUdjrRj6M-z9jdv276wUo0Fgl8Eb9xjQ7NSbXKOiVfJuP44X8AAAD__xI06Tg=›
I250818 18:10:28.521529 2350 ccl/changefeedccl/sink_kafka_v2.go:246 ⋮ [-] 199  updating kafka metadata for topics: [‹users_changes›]
I250818 18:10:28.529665 2350 ccl/changefeedccl/sink_kafka_v2.go:246 ⋮ [-] 200  updating kafka metadata for topics: [‹users_changes›]
I250818 18:10:28.529911 2501 ccl/changefeedccl/kvfeed/kv_feed.go:332 ⋮ [T1,Vsystem,n1,job=1098958321112612865,change-aggregator] 201  kv feed run starting
I250818 18:10:28.554044 2361 spanconfig/spanconfigsqlwatcher/sqlwatcher.go:241 ⋮ [T1,Vsystem,n1,job=AUTO SPAN CONFIG RECONCILIATION id=1098946398292541441] 202  established range feed over system.descriptors starting at time 1755540628.518984003,0
I250818 18:10:28.554092 2361 spanconfig/spanconfigsqlwatcher/sqlwatcher.go:300 ⋮ [T1,Vsystem,n1,job=AUTO SPAN CONFIG RECONCILIATION id=1098946398292541441] 203  established range feed over system.zones starting at time 1755540628.518984003,0
I250818 18:10:28.554110 2361 spanconfig/spanconfigsqlwatcher/sqlwatcher.go:401 ⋮ [T1,Vsystem,n1,job=AUTO SPAN CONFIG RECONCILIATION id=1098946398292541441] 204  established range feed over system.protected_ts_records starting at time 1755540628.518984003,0
I250818 18:10:47.358641 2982 kv/kvserver/mvcc_gc_queue.go:796 ⋮ [T1,Vsystem,n1,mvccGC,s1,r86/1:‹/{Table/134-Max}›] 205  GC still needed following GC, recomputing MVCC stats
I250818 18:10:47.360211 2982 kv/kvserver/mvcc_gc_queue.go:797 ⋮ [T1,Vsystem,n1,mvccGC,s1,r86/1:‹/{Table/134-Max}›] 206  old score ‹queue=true with 0.00/fuzz(0.95)=0.00=valScaleScore(0.00)*deadFrac(0.04)+intentScore(0.00)›
I250818 18:10:47.360211 2982 kv/kvserver/mvcc_gc_queue.go:797 ⋮ [T1,Vsystem,n1,mvccGC,s1,r86/1:‹/{Table/134-Max}›] 206 +‹likely last GC: 1h39m24.68002872s ago, 0 B non-live, curr. age 0 B*s, min exp. reduction: 0 B*s›
I250818 18:10:47.360211 2982 kv/kvserver/mvcc_gc_queue.go:797 ⋮ [T1,Vsystem,n1,mvccGC,s1,r86/1:‹/{Table/134-Max}›] 206 +‹hint: {0,0 1755445834.582834013,0 1755445834.587412388,0}›
I250818 18:10:47.360518 2982 kv/kvserver/mvcc_gc_queue.go:798 ⋮ [T1,Vsystem,n1,mvccGC,s1,r86/1:‹/{Table/134-Max}›] 207  new score ‹queue=true with 0.00/fuzz(0.95)=0.00=valScaleScore(0.00)*deadFrac(0.04)+intentScore(0.00)›
I250818 18:10:47.360518 2982 kv/kvserver/mvcc_gc_queue.go:798 ⋮ [T1,Vsystem,n1,mvccGC,s1,r86/1:‹/{Table/134-Max}›] 207 +‹likely last GC: 1h39m28.876176595s ago, 0 B non-live, curr. age 0 B*s, min exp. reduction: 0 B*s›
I250818 18:10:47.360518 2982 kv/kvserver/mvcc_gc_queue.go:798 ⋮ [T1,Vsystem,n1,mvccGC,s1,r86/1:‹/{Table/134-Max}›] 207 +‹hint: {0,0 1755445834.582834013,0 1755445834.587412388,0}›
I250818 18:10:58.441202 3196 1@jobs/structured_log.go:49 ⋮ [T1,Vsystem,n1] 208 ={"Timestamp":1755540658441198753,"EventType":"status_change","JobID":1099268942799208449,"JobType":"AUTO CREATE STATS","Description":"state changed to: running","PreviousStatus":"running","NewStatus":"running","RunNum":0}
I250818 18:10:58.443320 3196 sql/distsql_plan_stats.go:209 ⋮ [T1,Vsystem,n1,job=AUTO CREATE STATS id=1099268942799208449,create-stats-distsql] 209  using computed sample size of 10000 for histogram construction
I250818 18:10:58.477839 3196 1@jobs/structured_log.go:49 ⋮ [T1,Vsystem,n1] 210 ={"Timestamp":1755540658477835837,"EventType":"status_change","JobID":1099268942799208449,"JobType":"AUTO CREATE STATS","Description":"state changed to: succeeded","PreviousStatus":"running","NewStatus":"succeeded","RunNum":0}
I250818 18:10:58.543093 3606 1@jobs/structured_log.go:49 ⋮ [T1,Vsystem,n1] 211 ={"Timestamp":1755540658543090003,"EventType":"status_change","JobID":1099268943158935553,"JobType":"AUTO CREATE PARTIAL STATS","Description":"state changed to: running","PreviousStatus":"running","NewStatus":"running","RunNum":0}
I250818 18:10:58.544737 3606 sql/distsql_plan_stats.go:209 ⋮ [T1,Vsystem,n1,job=AUTO CREATE PARTIAL STATS id=1099268943158935553,create-stats-distsql] 212  using computed sample size of 10000 for histogram construction
I250818 18:10:58.554413 3606 sql/distsql_plan_stats.go:209 ⋮ [T1,Vsystem,n1,job=AUTO CREATE PARTIAL STATS id=1099268943158935553,create-stats-distsql] 213  using computed sample size of 10000 for histogram construction
I250818 18:10:58.562325 3606 sql/distsql_plan_stats.go:209 ⋮ [T1,Vsystem,n1,job=AUTO CREATE PARTIAL STATS id=1099268943158935553,create-stats-distsql] 214  using computed sample size of 10000 for histogram construction
I250818 18:10:58.569775 3606 sql/distsql_plan_stats.go:209 ⋮ [T1,Vsystem,n1,job=AUTO CREATE PARTIAL STATS id=1099268943158935553,create-stats-distsql] 215  using computed sample size of 10000 for histogram construction
I250818 18:10:58.592376 3606 1@jobs/structured_log.go:49 ⋮ [T1,Vsystem,n1] 216 ={"Timestamp":1755540658592374503,"EventType":"status_change","JobID":1099268943158935553,"JobType":"AUTO CREATE PARTIAL STATS","Description":"state changed to: succeeded","PreviousStatus":"running","NewStatus":"succeeded","RunNum":0}
I250818 18:11:11.385484 4026 kv/kvserver/mvcc_gc_queue.go:796 ⋮ [T1,Vsystem,n1,mvccGC,s1,r86/1:‹/{Table/134-Max}›] 217  GC still needed following GC, recomputing MVCC stats
I250818 18:11:11.385571 4026 kv/kvserver/mvcc_gc_queue.go:797 ⋮ [T1,Vsystem,n1,mvccGC,s1,r86/1:‹/{Table/134-Max}›] 218  old score ‹queue=true with 0.00/fuzz(0.95)=0.00=valScaleScore(0.00)*deadFrac(0.04)+intentScore(0.00)›
I250818 18:11:11.385571 4026 kv/kvserver/mvcc_gc_queue.go:797 ⋮ [T1,Vsystem,n1,mvccGC,s1,r86/1:‹/{Table/134-Max}›] 218 +‹likely last GC: 19.95965433s ago, 0 B non-live, curr. age 0 B*s, min exp. reduction: 0 B*s›
I250818 18:11:11.385571 4026 kv/kvserver/mvcc_gc_queue.go:797 ⋮ [T1,Vsystem,n1,mvccGC,s1,r86/1:‹/{Table/134-Max}›] 218 +‹hint: {0,0 1755445834.582834013,0 1755445834.587412388,0}›
I250818 18:11:11.385684 4026 kv/kvserver/mvcc_gc_queue.go:798 ⋮ [T1,Vsystem,n1,mvccGC,s1,r86/1:‹/{Table/134-Max}›] 219  new score ‹queue=true with 0.00/fuzz(0.95)=0.00=valScaleScore(0.00)*deadFrac(0.04)+intentScore(0.00)›
I250818 18:11:11.385684 4026 kv/kvserver/mvcc_gc_queue.go:798 ⋮ [T1,Vsystem,n1,mvccGC,s1,r86/1:‹/{Table/134-Max}›] 219 +‹likely last GC: 24.030479164s ago, 0 B non-live, curr. age 0 B*s, min exp. reduction: 0 B*s›
I250818 18:11:11.385684 4026 kv/kvserver/mvcc_gc_queue.go:798 ⋮ [T1,Vsystem,n1,mvccGC,s1,r86/1:‹/{Table/134-Max}›] 219 +‹hint: {0,0 1755445834.582834013,0 1755445834.587412388,0}›
I250818 18:12:07.169795 1 1@cli/start.go:993 ⋮ [T1,Vsystem,n1] 220  received signal 'terminated'
I250818 18:12:07.170601 1 1@cli/start.go:1034 ⋮ [T1,Vsystem,n1] 221  initiating graceful shutdown of server
I250818 18:12:07.172109 5008 server/drain.go:353 ⋮ [T1,Vsystem,n1,server drain process,call-graceful-drain] 222  all tenant servers stopped
I250818 18:12:07.172208 5008 1@server/drain.go:399 ⋮ [T1,Vsystem,n1,server drain process,call-graceful-drain] 223  waiting for health probes to notice that the node is not ready for new sql connections
I250818 18:12:10.172816 5091 1@server/drain.go:513 ⋮ [T1,Vsystem,n1,server drain process,call-graceful-drain] 224  number of open connections: 0
I250818 18:12:12.172098 5009 1@cli/start.go:1046 ⋮ [T1,Vsystem,n1] 225  369 running tasks
I250818 18:12:17.172149 5009 1@cli/start.go:1046 ⋮ [T1,Vsystem,n1] 226  369 running tasks
W250818 18:12:17.172589 1208 jobs/registry.go:1069 ⋮ [T1,Vsystem,n1] 227  canceling all adopted jobs due to graceful drain request
I250818 18:12:17.172639 1442 sql/stats/automatic_stats.go:694 ⋮ [T1,Vsystem,n1] 228  draining auto stats refresher
I250818 18:12:17.172814 1443 sql/stats/automatic_stats.go:745 ⋮ [T1,Vsystem,n1] 229  draining stats garbage collector
I250818 18:12:17.174038 2304 jobs/registry.go:1681 ⋮ [T1,Vsystem,n1,job=103] 230  AUTO UPDATE SQL ACTIVITY job 103: stepping through state succeeded
W250818 18:12:17.175665 2592 kv/kvclient/kvcoord/dist_sender_mux_rangefeed.go:406 ⋮ [T1,Vsystem,n1,job=AUTO SPAN CONFIG RECONCILIATION id=1098946398292541441,rangefeed=‹sql-watcher-zones-rangefeed›,mux_n=1,gen=2] 232  error closing mux rangefeed client: context canceled
W250818 18:12:17.176054 2585 kv/kvclient/kvcoord/dist_sender_mux_rangefeed.go:406 ⋮ [T1,Vsystem,n1,job=AUTO SPAN CONFIG RECONCILIATION id=1098946398292541441,rangefeed=‹sql-watcher-protected-ts-records-rangefeed›,mux_n=1,gen=2] 233  error closing mux rangefeed client: context canceled
I250818 18:12:17.174150 1400 jobs/registry.go:1681 ⋮ [T1,Vsystem,n1,job=100] 231  KEY VISUALIZER job 100: stepping through state succeeded
W250818 18:12:17.175682 2589 kv/kvclient/kvcoord/dist_sender_mux_rangefeed.go:406 ⋮ [T1,Vsystem,n1,job=AUTO SPAN CONFIG RECONCILIATION id=1098946398292541441,rangefeed=‹sql-watcher-descriptor-rangefeed›,mux_n=1,gen=2] 234  error closing mux rangefeed client: context canceled
W250818 18:12:17.176198 2530 kv/kvclient/kvcoord/dist_sender_mux_rangefeed.go:406 ⋮ [T1,Vsystem,n1,job=1098958321112612865,change-aggregator,mux_n=1,gen=2] 235  error closing mux rangefeed client: context canceled
E250818 18:12:17.181218 2488 ccl/changefeedccl/kvfeed/kv_feed.go:158 ⋮ [T1,Vsystem,n1,job=1098958321112612865,change-aggregator] 236  stopping kv feed due to error: context canceled
I250818 18:12:17.184502 2387 ccl/changefeedccl/changefeed_stmt.go:1466 ⋮ [T1,Vsystem,n1,job=CHANGEFEED id=1098958321112612865] 237  CHANGEFEED 1098958321112612865 shutting down (cause: context canceled)
W250818 18:12:17.184741 2387 ccl/changefeedccl/changefeed_stmt.go:1335 ⋮ [T1,Vsystem,n1,job=CHANGEFEED id=1098958321112612865] 238  job failed (context canceled)
