I250822 16:58:55.351921 54 util/log/file_sync_buffer.go:237 ⋮ [config]   file created at: 2025/08/22 16:58:55
I250822 16:58:55.352537 54 util/log/file_sync_buffer.go:237 ⋮ [config]   running on machine: ‹428e7996145b›
I250822 16:58:55.352559 54 util/log/file_sync_buffer.go:237 ⋮ [config]   binary: CockroachDB CCL v25.2.0 (aarch64-unknown-linux-gnu, built 2025/05/15 21:07:42, go1.23.7 X:nocoverageredesign)
I250822 16:58:55.352566 54 util/log/file_sync_buffer.go:237 ⋮ [config]   arguments: [‹/cockroach/cockroach› ‹start-single-node› ‹--certs-dir=certs› ‹--advertise-addr=127.0.0.1:26257› ‹--insecure› ‹--http-addr=0.0.0.0:8080›]
I250822 16:58:55.352584 54 util/log/file_sync_buffer.go:237 ⋮ [config]   log format (utf8=✓): crdb-v2
I250822 16:58:55.352588 54 util/log/file_sync_buffer.go:237 ⋮ [config]   line format: [IWEF]yymmdd hh:mm:ss.uuuuuu goid [chan@]file:line redactionmark \[tags\] [counter] msg
I250822 16:58:55.342785 54 3@pebble/objstorage/objstorageprovider/remote.go:102 ⋮ [n?,s?,pebble] 1  remote storage configured; creatorID = 1
I250822 16:58:55.511445 54 3@pebble/open.go:1054 ⋮ [n?,s?,pebble] 2  [JOB ‹1›] WAL ‹004325: {(/cockroach/cockroach-data,000)}› stopped reading at offset: (‹/cockroach/cockroach-data/004325.log›: 14861319); replayed 45276 keys in 2544 batches
I250822 16:58:55.585026 54 3@pebble/open.go:1054 ⋮ [n?,s?,pebble] 3  [JOB ‹1›] WAL ‹004330: {(/cockroach/cockroach-data,000)}› stopped reading at offset: (‹/cockroach/cockroach-data/004330.log›: 14265823); replayed 43509 keys in 1179 batches
I250822 16:58:55.586155 33 3@pebble/event.go:1011 ⋮ [n?,s?,pebble] 4  [JOB 2] flushing 8 memtables (31MB) to L0
I250822 16:58:55.589017 33 3@pebble/event.go:1039 ⋮ [n?,s?,pebble] 5  [JOB 2] flushing: sstable created 004332
I250822 16:58:55.695519 33 3@pebble/event.go:1031 ⋮ [n?,s?,pebble] 6  [JOB 2] MANIFEST created 004333
I250822 16:58:55.695767 33 3@pebble/event.go:1015 ⋮ [n?,s?,pebble] 7  [JOB 2] flushed 8 memtables (31MB) to L0 [004332] (345KB), in 0.1s (0.1s total), output rate 3.2MB/s
I250822 16:58:55.700250 54 3@pebble/event.go:1059 ⋮ [n?,s?,pebble] 8  [JOB 1] WAL created 004334
I250822 16:58:55.701249 102 3@pebble/event.go:1063 ⋮ [n?,s?,pebble] 9  [JOB 2] WAL deleted 004325
I250822 16:58:55.706474 102 3@pebble/event.go:1063 ⋮ [n?,s?,pebble] 10  [JOB 2] WAL deleted 004330
I250822 16:58:55.714066 135 3@pebble/event.go:999 ⋮ [n?,s?,pebble] 11  [JOB 4] compacting(default) L0 [004332] (345KB) Score=9.24 + L5 [004327 004328 004329] (6.9MB) Score=0.11; OverlappingRatio: Single 20.55, Multi 0.00
I250822 16:58:55.737928 135 3@pebble/event.go:1039 ⋮ [n?,s?,pebble] 12  [JOB 4] compacting: sstable created 004336
I250822 16:58:55.753196 37 3@pebble/event.go:1051 ⋮ [n?,s?,pebble] 13  [JOB 5] all initial table stats loaded
I250822 16:58:56.146624 135 3@pebble/event.go:1039 ⋮ [n?,s?,pebble] 14  [JOB 4] compacting: sstable created 004337
I250822 16:58:56.577991 135 3@pebble/event.go:1039 ⋮ [n?,s?,pebble] 15  [JOB 4] compacting: sstable created 004338
I250822 16:58:56.762873 135 3@pebble/event.go:1003 ⋮ [n?,s?,pebble] 16  [JOB 4] compacted(default) L0 [004332] (345KB) Score=9.24 + L5 [004327 004328 004329] (6.9MB) Score=0.11 -> L5 [004336 004337 004338] (7.2MB), in 1.0s (1.1s total), output rate 6.8MB/s
I250822 16:58:56.766702 102 3@pebble/event.go:1043 ⋮ [n?,s?,pebble] 17  [JOB 4] sstable deleted 004327
I250822 16:58:56.772166 102 3@pebble/event.go:1043 ⋮ [n?,s?,pebble] 18  [JOB 4] sstable deleted 004328
I250822 16:58:56.774918 102 3@pebble/event.go:1043 ⋮ [n?,s?,pebble] 19  [JOB 4] sstable deleted 004329
I250822 16:58:56.778559 102 3@pebble/event.go:1043 ⋮ [n?,s?,pebble] 20  [JOB 4] sstable deleted 004332
I250822 16:58:56.806737 102 3@pebble/event.go:1035 ⋮ [n?,s?,pebble] 21  [JOB 1] MANIFEST deleted 004265
I250822 16:58:56.826165 54 3@pebble/event.go:1031 ⋮ [n?,s?,pebble] 22  [JOB 1] MANIFEST created 000001
I250822 16:58:56.830526 54 3@pebble/event.go:1059 ⋮ [n?,s?,pebble] 23  [JOB 1] WAL created 000002
I250822 16:58:56.833198 54 3@pebble/event.go:1027 ⋮ [n?,s?,pebble] 24  upgraded to format version: 014
I250822 16:58:56.834594 54 3@pebble/event.go:1027 ⋮ [n?,s?,pebble] 25  upgraded to format version: 015
I250822 16:58:56.837173 54 3@pebble/event.go:1027 ⋮ [n?,s?,pebble] 26  upgraded to format version: 016
I250822 16:58:56.840778 54 3@pebble/event.go:1027 ⋮ [n?,s?,pebble] 27  upgraded to format version: 017
I250822 16:58:56.842327 54 3@pebble/event.go:1027 ⋮ [n?,s?,pebble] 28  upgraded to format version: 018
I250822 16:58:56.848160 54 3@pebble/event.go:1027 ⋮ [n?,s?,pebble] 29  upgraded to format version: 019
I250822 16:58:56.852132 156 3@pebble/event.go:1051 ⋮ [n?,s?,pebble] 30  [JOB 2] all initial table stats loaded
I250822 16:59:17.476502 772 3@kv/kvserver/store.go:3801 ⋮ [T1,Vsystem,n1,s1] 31  Pebble metrics:
I250822 16:59:17.476502 772 3@kv/kvserver/store.go:3801 ⋮ [T1,Vsystem,n1,s1] 31 +      |                             |       |       |   ingested   |     moved    |    written   |       |    amp
I250822 16:59:17.476502 772 3@kv/kvserver/store.go:3801 ⋮ [T1,Vsystem,n1,s1] 31 +level | tables  size val-bl vtables | score |   in  | tables  size | tables  size | tables  size |  read |   r   w
I250822 16:59:17.476502 772 3@kv/kvserver/store.go:3801 ⋮ [T1,Vsystem,n1,s1] 31 +------+-----------------------------+-------+-------+--------------+--------------+--------------+-------+---------
I250822 16:59:17.476502 772 3@kv/kvserver/store.go:3801 ⋮ [T1,Vsystem,n1,s1] 31 +    0 |     0     0B     0B       0 |  0.00 |  28MB |     0     0B |     0     0B |     1  345KB |    0B |   0  0.0
I250822 16:59:17.476502 772 3@kv/kvserver/store.go:3801 ⋮ [T1,Vsystem,n1,s1] 31 +    1 |     0     0B     0B       0 |  0.00 |    0B |     0     0B |     0     0B |     0     0B |    0B |   0  0.0
I250822 16:59:17.476502 772 3@kv/kvserver/store.go:3801 ⋮ [T1,Vsystem,n1,s1] 31 +    2 |     0     0B     0B       0 |  0.00 |    0B |     0     0B |     0     0B |     0     0B |    0B |   0  0.0
I250822 16:59:17.476502 772 3@kv/kvserver/store.go:3801 ⋮ [T1,Vsystem,n1,s1] 31 +    3 |     0     0B     0B       0 |  0.00 |    0B |     0     0B |     0     0B |     0     0B |    0B |   0  0.0
I250822 16:59:17.476502 772 3@kv/kvserver/store.go:3801 ⋮ [T1,Vsystem,n1,s1] 31 +    4 |     0     0B     0B       0 |  0.00 |    0B |     0     0B |     0     0B |     0     0B |    0B |   0  0.0
I250822 16:59:17.476502 772 3@kv/kvserver/store.go:3801 ⋮ [T1,Vsystem,n1,s1] 31 +    5 |     3  7.2MB  427KB       0 |  0.17 | 345KB |     0     0B |     0     0B |     3  7.2MB | 7.3MB |   1 21.3
I250822 16:59:17.476502 772 3@kv/kvserver/store.go:3801 ⋮ [T1,Vsystem,n1,s1] 31 +    6 |    12   79MB  842KB       0 |     - |    0B |     0     0B |     0     0B |     0     0B |    0B |   1  0.0
I250822 16:59:17.476502 772 3@kv/kvserver/store.go:3801 ⋮ [T1,Vsystem,n1,s1] 31 +total |    15   86MB  1.2MB       0 |     - |  30MB |     0     0B |     0     0B |     4   38MB | 7.3MB |   2  1.2
I250822 16:59:17.476502 772 3@kv/kvserver/store.go:3801 ⋮ [T1,Vsystem,n1,s1] 31 +-------------------------------------------------------------------------------------------------------------------
I250822 16:59:17.476502 772 3@kv/kvserver/store.go:3801 ⋮ [T1,Vsystem,n1,s1] 31 +WAL: 1 files (2.3MB)  in: 2.3MB  written: 30MB (1202% overhead)
I250822 16:59:17.476502 772 3@kv/kvserver/store.go:3801 ⋮ [T1,Vsystem,n1,s1] 31 +Flushes: 1
I250822 16:59:17.476502 772 3@kv/kvserver/store.go:3801 ⋮ [T1,Vsystem,n1,s1] 31 +Compactions: 1  estimated debt: 0B  in progress: 0 (0B)
I250822 16:59:17.476502 772 3@kv/kvserver/store.go:3801 ⋮ [T1,Vsystem,n1,s1] 31 +             default: 1  delete: 0  elision: 0  move: 0  read: 0  tombstone-density: 0  rewrite: 0  copy: 0  multi-level: 0
I250822 16:59:17.476502 772 3@kv/kvserver/store.go:3801 ⋮ [T1,Vsystem,n1,s1] 31 +MemTables: 1 (64MB)  zombie: 1 (32MB)
I250822 16:59:17.476502 772 3@kv/kvserver/store.go:3801 ⋮ [T1,Vsystem,n1,s1] 31 +Zombie tables: 0 (0B, local: 0B)
I250822 16:59:17.476502 772 3@kv/kvserver/store.go:3801 ⋮ [T1,Vsystem,n1,s1] 31 +Backing tables: 0 (0B)
I250822 16:59:17.476502 772 3@kv/kvserver/store.go:3801 ⋮ [T1,Vsystem,n1,s1] 31 +Virtual tables: 0 (0B)
I250822 16:59:17.476502 772 3@kv/kvserver/store.go:3801 ⋮ [T1,Vsystem,n1,s1] 31 +Local tables size: 86MB
I250822 16:59:17.476502 772 3@kv/kvserver/store.go:3801 ⋮ [T1,Vsystem,n1,s1] 31 +Compression types: snappy: 15
I250822 16:59:17.476502 772 3@kv/kvserver/store.go:3801 ⋮ [T1,Vsystem,n1,s1] 31 +Block cache: 642 entries (20MB)  hit rate: 83.7%
I250822 16:59:17.476502 772 3@kv/kvserver/store.go:3801 ⋮ [T1,Vsystem,n1,s1] 31 +Table cache: 14 entries (11KB)  hit rate: 99.6%
I250822 16:59:17.476502 772 3@kv/kvserver/store.go:3801 ⋮ [T1,Vsystem,n1,s1] 31 +Snapshots: 0  earliest seq num: 0
I250822 16:59:17.476502 772 3@kv/kvserver/store.go:3801 ⋮ [T1,Vsystem,n1,s1] 31 +Table iters: 0
I250822 16:59:17.476502 772 3@kv/kvserver/store.go:3801 ⋮ [T1,Vsystem,n1,s1] 31 +Filter utility: 66.9%
I250822 16:59:17.476502 772 3@kv/kvserver/store.go:3801 ⋮ [T1,Vsystem,n1,s1] 31 +Ingestions: 0  as flushable: 0 (0B in 0 tables)
I250822 16:59:17.476502 772 3@kv/kvserver/store.go:3801 ⋮ [T1,Vsystem,n1,s1] 31 +Cgo memory usage: 116MB  block cache: 20MB (data: 20MB, maps: 45KB, entries: 50KB)  memtables: 96MB
I250822 17:08:28.131513 742 3@pebble/event.go:1059 ⋮ [n1,s1,pebble] 32  [JOB 7] WAL created 004339
I250822 17:08:28.417127 22513 3@pebble/event.go:1011 ⋮ [n1,s1,pebble] 33  [JOB 8] flushing 1 memtable (64MB) to L0
I250822 17:08:28.460808 22513 3@pebble/event.go:1039 ⋮ [n1,s1,pebble] 34  [JOB 8] flushing: sstable created 004340
I250822 17:08:29.060445 22513 3@pebble/event.go:1015 ⋮ [n1,s1,pebble] 35  [JOB 8] flushed 1 memtable (64MB) to L0 [004340] (561KB), in 0.6s (0.6s total), output rate 898KB/s
I250822 17:08:29.081099 22407 3@pebble/event.go:999 ⋮ [n1,s1,pebble] 36  [JOB 10] compacting(default) L0 [004340] (561KB) Score=8.92 + L5 [004336 004337 004338] (7.2MB) Score=0.17; OverlappingRatio: Single 13.09, Multi 0.00
I250822 17:08:29.177185 22407 3@pebble/event.go:1039 ⋮ [n1,s1,pebble] 37  [JOB 10] compacting: sstable created 004341
I250822 17:08:29.760865 22407 3@pebble/event.go:1039 ⋮ [n1,s1,pebble] 38  [JOB 10] compacting: sstable created 004342
I250822 17:08:30.090415 22407 3@pebble/event.go:1039 ⋮ [n1,s1,pebble] 39  [JOB 10] compacting: sstable created 004343
I250822 17:08:30.288158 22407 3@pebble/event.go:1003 ⋮ [n1,s1,pebble] 40  [JOB 10] compacted(default) L0 [004340] (561KB) Score=8.92 + L5 [004336 004337 004338] (7.2MB) Score=0.17 -> L5 [004341 004342 004343] (7.5MB), in 1.2s (1.2s total), output rate 6.3MB/s
I250822 17:08:30.306229 102 3@pebble/event.go:1043 ⋮ [n1,s1,pebble] 41  [JOB 10] sstable deleted 004336
I250822 17:08:30.310371 102 3@pebble/event.go:1043 ⋮ [n1,s1,pebble] 42  [JOB 10] sstable deleted 004337
I250822 17:08:30.311303 102 3@pebble/event.go:1043 ⋮ [n1,s1,pebble] 43  [JOB 10] sstable deleted 004338
I250822 17:08:30.313707 102 3@pebble/event.go:1043 ⋮ [n1,s1,pebble] 44  [JOB 10] sstable deleted 004340
I250822 17:10:17.895713 772 3@kv/kvserver/store.go:3801 ⋮ [T1,Vsystem,n1,s1] 45  Pebble metrics:
I250822 17:10:17.895713 772 3@kv/kvserver/store.go:3801 ⋮ [T1,Vsystem,n1,s1] 45 +      |                             |       |       |   ingested   |     moved    |    written   |       |    amp
I250822 17:10:17.895713 772 3@kv/kvserver/store.go:3801 ⋮ [T1,Vsystem,n1,s1] 45 +level | tables  size val-bl vtables | score |   in  | tables  size | tables  size | tables  size |  read |   r   w
I250822 17:10:17.895713 772 3@kv/kvserver/store.go:3801 ⋮ [T1,Vsystem,n1,s1] 45 +------+-----------------------------+-------+-------+--------------+--------------+--------------+-------+---------
I250822 17:10:17.895713 772 3@kv/kvserver/store.go:3801 ⋮ [T1,Vsystem,n1,s1] 45 +    0 |     0     0B     0B       0 |  0.00 |  86MB |     0     0B |     0     0B |     2  907KB |    0B |   0  0.0
I250822 17:10:17.895713 772 3@kv/kvserver/store.go:3801 ⋮ [T1,Vsystem,n1,s1] 45 +    1 |     0     0B     0B       0 |  0.00 |    0B |     0     0B |     0     0B |     0     0B |    0B |   0  0.0
I250822 17:10:17.895713 772 3@kv/kvserver/store.go:3801 ⋮ [T1,Vsystem,n1,s1] 45 +    2 |     0     0B     0B       0 |  0.00 |    0B |     0     0B |     0     0B |     0     0B |    0B |   0  0.0
I250822 17:10:17.895713 772 3@kv/kvserver/store.go:3801 ⋮ [T1,Vsystem,n1,s1] 45 +    3 |     0     0B     0B       0 |  0.00 |    0B |     0     0B |     0     0B |     0     0B |    0B |   0  0.0
I250822 17:10:17.895713 772 3@kv/kvserver/store.go:3801 ⋮ [T1,Vsystem,n1,s1] 45 +    4 |     0     0B     0B       0 |  0.00 |    0B |     0     0B |     0     0B |     0     0B |    0B |   0  0.0
I250822 17:10:17.895713 772 3@kv/kvserver/store.go:3801 ⋮ [T1,Vsystem,n1,s1] 45 +    5 |     3  7.5MB  429KB       0 |  0.19 | 907KB |     0     0B |     0     0B |     6   15MB |  15MB |   1 16.6
I250822 17:10:17.895713 772 3@kv/kvserver/store.go:3801 ⋮ [T1,Vsystem,n1,s1] 45 +    6 |    12   79MB  842KB       0 |     - |    0B |     0     0B |     0     0B |     0     0B |    0B |   1  0.0
I250822 17:10:17.895713 772 3@kv/kvserver/store.go:3801 ⋮ [T1,Vsystem,n1,s1] 45 +total |    15   86MB  1.2MB       0 |     - |  98MB |     0     0B |     0     0B |     8  113MB |  15MB |   2  1.2
I250822 17:10:17.895713 772 3@kv/kvserver/store.go:3801 ⋮ [T1,Vsystem,n1,s1] 45 +-------------------------------------------------------------------------------------------------------------------
I250822 17:10:17.895713 772 3@kv/kvserver/store.go:3801 ⋮ [T1,Vsystem,n1,s1] 45 +WAL: 1 files (12MB)  in: 70MB  written: 98MB (40% overhead)
I250822 17:10:17.895713 772 3@kv/kvserver/store.go:3801 ⋮ [T1,Vsystem,n1,s1] 45 +Flushes: 2
I250822 17:10:17.895713 772 3@kv/kvserver/store.go:3801 ⋮ [T1,Vsystem,n1,s1] 45 +Compactions: 2  estimated debt: 0B  in progress: 0 (0B)
I250822 17:10:17.895713 772 3@kv/kvserver/store.go:3801 ⋮ [T1,Vsystem,n1,s1] 45 +             default: 2  delete: 0  elision: 0  move: 0  read: 0  tombstone-density: 0  rewrite: 0  copy: 0  multi-level: 0
I250822 17:10:17.895713 772 3@kv/kvserver/store.go:3801 ⋮ [T1,Vsystem,n1,s1] 45 +MemTables: 1 (64MB)  zombie: 1 (64MB)
I250822 17:10:17.895713 772 3@kv/kvserver/store.go:3801 ⋮ [T1,Vsystem,n1,s1] 45 +Zombie tables: 0 (0B, local: 0B)
I250822 17:10:17.895713 772 3@kv/kvserver/store.go:3801 ⋮ [T1,Vsystem,n1,s1] 45 +Backing tables: 0 (0B)
I250822 17:10:17.895713 772 3@kv/kvserver/store.go:3801 ⋮ [T1,Vsystem,n1,s1] 45 +Virtual tables: 0 (0B)
I250822 17:10:17.895713 772 3@kv/kvserver/store.go:3801 ⋮ [T1,Vsystem,n1,s1] 45 +Local tables size: 86MB
I250822 17:10:17.895713 772 3@kv/kvserver/store.go:3801 ⋮ [T1,Vsystem,n1,s1] 45 +Compression types: snappy: 15
I250822 17:10:17.895713 772 3@kv/kvserver/store.go:3801 ⋮ [T1,Vsystem,n1,s1] 45 +Block cache: 0 entries (0B)  hit rate: 95.5%
I250822 17:10:17.895713 772 3@kv/kvserver/store.go:3801 ⋮ [T1,Vsystem,n1,s1] 45 +Table cache: 14 entries (11KB)  hit rate: 100.0%
I250822 17:10:17.895713 772 3@kv/kvserver/store.go:3801 ⋮ [T1,Vsystem,n1,s1] 45 +Snapshots: 0  earliest seq num: 0
I250822 17:10:17.895713 772 3@kv/kvserver/store.go:3801 ⋮ [T1,Vsystem,n1,s1] 45 +Table iters: 0
I250822 17:10:17.895713 772 3@kv/kvserver/store.go:3801 ⋮ [T1,Vsystem,n1,s1] 45 +Filter utility: 92.4%
I250822 17:10:17.895713 772 3@kv/kvserver/store.go:3801 ⋮ [T1,Vsystem,n1,s1] 45 +Ingestions: 0  as flushable: 0 (0B in 0 tables)
I250822 17:10:17.895713 772 3@kv/kvserver/store.go:3801 ⋮ [T1,Vsystem,n1,s1] 45 +Cgo memory usage: 128MB  block cache: 56KB (data: 0B, maps: 45KB, entries: 11KB)  memtables: 128MB
