I250729 21:01:14.813735 1 util/log/file_sync_buffer.go:237 ⋮ [config]   file created at: 2025/07/29 21:01:14
I250729 21:01:14.813761 1 util/log/file_sync_buffer.go:237 ⋮ [config]   running on machine: ‹235eddfec490›
I250729 21:01:14.813953 1 util/log/file_sync_buffer.go:237 ⋮ [config]   binary: CockroachDB CCL v25.2.0 (aarch64-unknown-linux-gnu, built 2025/05/15 21:07:42, go1.23.7 X:nocoverageredesign)
I250729 21:01:14.814117 1 util/log/file_sync_buffer.go:237 ⋮ [config]   arguments: [‹/cockroach/cockroach› ‹start-single-node› ‹--certs-dir=certs› ‹--advertise-addr=127.0.0.1:26257› ‹--insecure› ‹--http-addr=0.0.0.0:8080›]
I250729 21:01:14.814203 1 util/log/file_sync_buffer.go:237 ⋮ [config]   log format (utf8=✓): crdb-v2
I250729 21:01:14.814216 1 util/log/file_sync_buffer.go:237 ⋮ [config]   line format: [IWEF]yymmdd hh:mm:ss.uuuuuu goid [chan@]file:line redactionmark \[tags\] [counter] msg
W250729 21:01:14.807107 1 1@cli/start.go:1438 ⋮ [n?] 1  ALL SECURITY CONTROLS HAVE BEEN DISABLED!
W250729 21:01:14.807107 1 1@cli/start.go:1438 ⋮ [n?] 1 +
W250729 21:01:14.807107 1 1@cli/start.go:1438 ⋮ [n?] 1 +This mode is intended for non-production testing only.
W250729 21:01:14.807107 1 1@cli/start.go:1438 ⋮ [n?] 1 +
W250729 21:01:14.807107 1 1@cli/start.go:1438 ⋮ [n?] 1 +In this mode:
W250729 21:01:14.807107 1 1@cli/start.go:1438 ⋮ [n?] 1 +- Your cluster is open to any client that can access ‹any of your IP addresses›.
W250729 21:01:14.807107 1 1@cli/start.go:1438 ⋮ [n?] 1 +- Intruders with access to your machine or network can observe client-server traffic.
W250729 21:01:14.807107 1 1@cli/start.go:1438 ⋮ [n?] 1 +- Intruders can log in without password and read or write any data in the cluster.
W250729 21:01:14.807107 1 1@cli/start.go:1438 ⋮ [n?] 1 +- Intruders can consume all your server's resources and cause unavailability.
I250729 21:01:14.816895 1 1@cli/start.go:1448 ⋮ [n?] 2  To start a secure server without mandating TLS for clients,
I250729 21:01:14.816895 1 1@cli/start.go:1448 ⋮ [n?] 2 +consider --accept-sql-without-tls instead. For other options, see:
I250729 21:01:14.816895 1 1@cli/start.go:1448 ⋮ [n?] 2 +
I250729 21:01:14.816895 1 1@cli/start.go:1448 ⋮ [n?] 2 +- https://go.crdb.dev/issue-v/53404/v25.2
I250729 21:01:14.816895 1 1@cli/start.go:1448 ⋮ [n?] 2 +- https://www.cockroachlabs.com/docs/v25.2/secure-a-cluster.html
I250729 21:01:14.818041 1 server/status/recorder.go:856 ⋮ [n?] 3  ‹available memory from cgroups (8.0 EiB) is unsupported, using system memory 8.7 GiB instead: ›
W250729 21:01:14.818094 1 1@cli/start.go:1360 ⋮ [n?] 4  Using the default setting for --cache (128 MiB).
W250729 21:01:14.818094 1 1@cli/start.go:1360 ⋮ [n?] 4 +  A significantly larger value is usually needed for good performance.
W250729 21:01:14.818094 1 1@cli/start.go:1360 ⋮ [n?] 4 +  If you have a dedicated server a reasonable setting is --cache=.25 (2.2 GiB).
I250729 21:01:14.818221 1 server/status/recorder.go:856 ⋮ [n?] 5  ‹available memory from cgroups (8.0 EiB) is unsupported, using system memory 8.7 GiB instead: ›
I250729 21:01:14.818231 1 1@cli/start.go:1477 ⋮ [n?] 6  CockroachDB CCL v25.2.0 (aarch64-unknown-linux-gnu, built 2025/05/15 21:07:42, go1.23.7 X:nocoverageredesign)
I250729 21:01:14.819338 1 server/status/recorder.go:856 ⋮ [n?] 7  ‹available memory from cgroups (8.0 EiB) is unsupported, using system memory 8.7 GiB instead: ›
I250729 21:01:14.819353 1 1@cli/start.go:554 ⋮ [n?] 8  soft memory limit of Go runtime is set to 4.9 GiB
I250729 21:01:14.819370 1 1@cli/start.go:591 ⋮ [n?] 9  GC target percentage of Go runtime is set to 300%
I250729 21:01:14.826399 1 server/status/recorder.go:856 ⋮ [T1,Vsystem,n?] 10  ‹available memory from cgroups (8.0 EiB) is unsupported, using system memory 8.7 GiB instead: ›
I250729 21:01:14.830307 1 server/config.go:674 ⋮ [T1,Vsystem,n?] 11  system total memory: 8.7 GiB
I250729 21:01:14.830391 1 server/config.go:676 ⋮ [T1,Vsystem,n?] 12  server configuration:
I250729 21:01:14.830391 1 server/config.go:676 ⋮ [T1,Vsystem,n?] 12 +max offset             500000000
I250729 21:01:14.830391 1 server/config.go:676 ⋮ [T1,Vsystem,n?] 12 +cache size             128 MiB
I250729 21:01:14.830391 1 server/config.go:676 ⋮ [T1,Vsystem,n?] 12 +SQL memory pool size   2.2 GiB
I250729 21:01:14.830391 1 server/config.go:676 ⋮ [T1,Vsystem,n?] 12 +scan interval          10m0s
I250729 21:01:14.830391 1 server/config.go:676 ⋮ [T1,Vsystem,n?] 12 +scan min idle time     10ms
I250729 21:01:14.830391 1 server/config.go:676 ⋮ [T1,Vsystem,n?] 12 +scan max idle time     1s
I250729 21:01:14.830391 1 server/config.go:676 ⋮ [T1,Vsystem,n?] 12 +event log enabled      true
I250729 21:01:14.830443 1 1@cli/start.go:1338 ⋮ [T1,Vsystem,n?] 13  using local environment variables:
I250729 21:01:14.830443 1 1@cli/start.go:1338 ⋮ [T1,Vsystem,n?] 13 +COCKROACH_CHANNEL=official-docker
I250729 21:01:14.830456 1 1@cli/start.go:1345 ⋮ [T1,Vsystem,n?] 14  process identity: uid 0 euid 0 gid 0 egid 0
I250729 21:01:14.844757 1 1@cli/start.go:1500 ⋮ [T1,Vsystem,n?] 15  GEOS loaded from directory ‹/usr/local/lib/cockroach›
I250729 21:01:14.844822 1 1@cli/start.go:777 ⋮ [T1,Vsystem,n?] 16  starting cockroach node
I250729 21:01:17.731243 23 server/config.go:880 ⋮ [T1,Vsystem,n?] 17  1 storage engine initialized
I250729 21:01:17.731434 23 server/config.go:883 ⋮ [T1,Vsystem,n?] 18  Pebble cache size: 128 MiB
I250729 21:01:17.731450 23 server/config.go:883 ⋮ [T1,Vsystem,n?] 19  store 0: max size 0 B, max open file limit 1043576
I250729 21:01:17.731456 23 server/config.go:883 ⋮ [T1,Vsystem,n?] 20  store 0: /cockroach/cockroach-data: rw encrypted=false fs:{bdev=/run/host_mark/Users fstype=fakeowner mountpoint=/cockroach/cockroach-data mountopts=rw,nosuid,nodev,relatime,fakeowner}
I250729 21:01:17.737009 118 util/cidr/cidr.go:299 ⋮ [T1,Vsystem,n?] 21  CIDR lookup updated with 0 destinations
I250729 21:01:17.876678 23 1@server/clock_monotonicity.go:61 ⋮ [T1,Vsystem,n?] 22  monitoring forward clock jumps based on server.clock.forward_jump_check.enabled
I250729 21:01:17.901761 23 1@server/clock_monotonicity.go:136 ⋮ [T1,Vsystem,n1] 23  Sleeping till wall time 1753822877901753972 to catches up to 1753822878376627806 to ensure monotonicity. Sub: 474.873834ms
I250729 21:01:17.901889 547 1@server/server.go:1802 ⋮ [T1,Vsystem,n1] 24  connecting to gossip network to verify cluster ID "ad7eb413-6f81-429f-8b5f-ee89af2e84c8"
W250729 21:01:18.378106 23 1@cli/start.go:1299 ⋮ [T1,Vsystem,n1] 25  Running a server without --sql-addr, with a combined RPC/SQL listener, is deprecated.
W250729 21:01:18.378106 23 1@cli/start.go:1299 ⋮ [T1,Vsystem,n1] 25 +This feature will be removed in a later version of CockroachDB.
W250729 21:01:18.378312 23 1@gossip/gossip.go:1460 ⋮ [T1,Vsystem,n1] 26  no addresses found; use --join to specify a connected node
I250729 21:01:18.391282 581 kv/kvserver/kvstorage/init.go:250 ⋮ [T1,Vsystem,n1,s1] 27  beginning range descriptor iteration
I250729 21:01:18.391511 581 kv/kvserver/kvstorage/init.go:374 ⋮ [T1,Vsystem,n1,s1] 28  range descriptor iteration done: 55 range descriptors, 0 intents, 0 tombstones; stats: ‹seeked 114 times (58 internal); stepped 0 times (0 internal); blocks: 78KB cached; points: 56 (1.1KB keys, 1.6KB values); separated: 7 (203B, 0B fetched)›
I250729 21:01:18.408398 581 kv/kvserver/kvstorage/init.go:501 ⋮ [T1,Vsystem,n1,s1] 29  loaded replica ID for 55/55 replicas
I250729 21:01:18.408716 581 kv/kvserver/kvstorage/init.go:518 ⋮ [T1,Vsystem,n1,s1] 30  loaded Raft state for 55/55 replicas
I250729 21:01:18.408752 581 kv/kvserver/kvstorage/init.go:545 ⋮ [T1,Vsystem,n1,s1] 31  loaded 55 replicas
I250729 21:01:18.408770 581 kv/kvserver/kvstorage/init.go:576 ⋮ [T1,Vsystem,n1,s1] 32  verified 55/55 replicas
I250729 21:01:18.420557 581 kv/kvserver/store.go:2369 ⋮ [T1,Vsystem,n1,s1] 33  initialized 55/55 replicas
I250729 21:01:18.421112 547 1@server/server.go:1805 ⋮ [T1,Vsystem,n1] 34  node connected via gossip
I250729 21:01:18.421191 581 server/node.go:690 ⋮ [T1,Vsystem,n1] 35  initialized store s1 in 42ms (55 replicas)
I250729 21:01:18.421375 23 kv/kvserver/stores.go:261 ⋮ [T1,Vsystem,n1] 36  read 0 node addresses from persistent storage
I250729 21:01:18.422943 23 server/node.go:801 ⋮ [T1,Vsystem,n1] 37  started with attributes []
I250729 21:01:18.423084 23 server/goroutinedumper/goroutinedumper.go:117 ⋮ [T1,Vsystem,n1] 38  writing goroutine dumps to ‹/cockroach/cockroach-data/logs/goroutine_dump›
I250729 21:01:18.423179 23 server/profiler/heapprofiler.go:72 ⋮ [T1,Vsystem,n1] 39  writing go heap profiles to ‹/cockroach/cockroach-data/logs/heap_profiler› at least every 1h0m0s
I250729 21:01:18.423208 23 server/profiler/memory_monitoring_profiler.go:66 ⋮ [T1,Vsystem,n1] 40  writing memory monitoring dumps to ‹/cockroach/cockroach-data/logs/heap_profiler› at least every 1h0m0s
I250729 21:01:18.423226 23 server/profiler/cgoprofiler.go:66 ⋮ [T1,Vsystem,n1] 41  to enable jmalloc profiling: "export MALLOC_CONF=prof:true" or "ln -s prof:true /etc/malloc.conf"
I250729 21:01:18.423252 23 server/profiler/statsprofiler.go:68 ⋮ [T1,Vsystem,n1] 42  writing memory stats to ‹/cockroach/cockroach-data/logs/heap_profiler› at last every 1h0m0s
I250729 21:01:18.423358 636 kv/kvserver/storeliveness/support_manager.go:285 ⋮ [T1,Vsystem,n1,s1] 43  starting to heartbeat store {NodeID:1 StoreID:1}
I250729 21:01:18.423560 23 server/profiler/activequeryprofiler.go:88 ⋮ [T1,Vsystem,n1] 44  writing go query profiles to ‹/cockroach/cockroach-data/logs/heap_profiler›
I250729 21:01:18.423616 23 server/profiler/cpuprofiler.go:87 ⋮ [T1,Vsystem,n1] 45  writing cpu profile dumps to ‹/cockroach/cockroach-data/logs/pprof_dump›
I250729 21:01:18.424322 23 1@server/server.go:1999 ⋮ [T1,Vsystem,n1] 46  starting http server at ‹[::]:8080› (use: ‹127.0.0.1:8080›)
I250729 21:01:18.424343 23 1@server/server.go:2007 ⋮ [T1,Vsystem,n1] 47  starting grpc/postgres server at ‹[::]:26257›
I250729 21:01:18.424356 23 1@server/server.go:2008 ⋮ [T1,Vsystem,n1] 48  advertising CockroachDB node at ‹127.0.0.1:26257›
I250729 21:01:18.427688 636 kv/kvserver/storeliveness/supporter_state.go:298 ⋮ [T1,Vsystem,n1,s1] 49  provided support for store {NodeID:1 StoreID:1}; old = {Target:{NodeID:1 StoreID:1} Epoch:12 Expiration:1753822815.734381803,0}, new = {Target:{NodeID:1 StoreID:1} Epoch:13 Expiration:1753822881.423411000,0}
I250729 21:01:18.431584 678 kv/kvserver/queue.go:612 ⋮ [T1,Vsystem,n1,s1,r26/1:‹/Table/2{3-4}›,raft] 50  rate limited in MaybeAdd (merge): throttled on async limiting semaphore
I250729 21:01:18.433038 636 kv/kvserver/storeliveness/requester_state.go:425 ⋮ [T1,Vsystem,n1,s1] 51  received support from store {NodeID:1 StoreID:1}; old = {Target:{NodeID:1 StoreID:1} Epoch:13 Expiration:0,0}, new = {Target:{NodeID:1 StoreID:1} Epoch:13 Expiration:1753822881.423411000,0}
I250729 21:01:18.460964 23 1@util/log/event_log.go:39 ⋮ [T1,Vsystem,n1] 52 ={"Timestamp":1753822878460954416,"EventType":"node_restart","NodeID":1,"StartedAt":1753822878378745750,"LastUp":1753822812443407844}
I250729 21:01:18.461566 876 kv/kvclient/rangefeed/rangefeedcache/watcher.go:340 ⋮ [T1,Vsystem,n1] 53  settings-watcher: established range feed cache
I250729 21:01:18.462737 874 kv/kvclient/rangefeed/rangefeedcache/watcher.go:340 ⋮ [T1,Vsystem,n1] 54  spanconfig-subscriber: established range feed cache
I250729 21:01:18.507391 23 sql/sqlliveness/slinstance/slinstance.go:435 ⋮ [T1,Vsystem,n1] 55  starting SQL liveness instance
I250729 21:01:18.521958 796 kv/kvserver/replica_rangefeed.go:882 ⋮ [T1,Vsystem,n1,rangefeed=‹settings-watcher›,mux_n=1,gen=2,r10/1:‹/Table/{6-7}›,sm=1,sid=1,s1] 56  RangeFeed closed timestamp 1753797640.213187416,0 is behind by 7h0m38.308764459s (behind=7h0m38.308764459s target=3s nudge=true cancel=false)
I250729 21:01:18.527473 60 sql/sqlliveness/slstorage/slstorage.go:540 ⋮ [T1,Vsystem,n1] 57  inserted sqlliveness session 010180c4169910792a4c6388bfd2250f2d65f4 with expiry 1753822918.507564000,0
I250729 21:01:18.527541 60 sql/sqlliveness/slinstance/slinstance.go:247 ⋮ [T1,Vsystem,n1] 58  created new SQL liveness session 010180c4169910792a4c6388bfd2250f2d65f4
I250729 21:01:18.527565 23 sql/sqlinstance/instancestorage/instancestorage.go:338 ⋮ [T1,Vsystem,n1] 59  assigning instance id to rpc addr ‹127.0.0.1:26257› and sql addr ‹127.0.0.1:26257›
I250729 21:01:18.544385 23 server/server_sql.go:1618 ⋮ [T1,Vsystem,n1] 60  bound sqlinstance: Instance{RegionPrefix: gA==, InstanceID: 1, SQLAddr: ‹127.0.0.1:26257›, RPCAddr: ‹127.0.0.1:26257›, SessionID: 010180c4169910792a4c6388bfd2250f2d65f4, Locality: , BinaryVersion: 25.2}
I250729 21:01:18.544812 23 upgrade/upgrademanager/manager.go:171 ⋮ [T1,Vsystem,n1] 61  running permanent upgrades up to version: 25.2
I250729 21:01:18.550501 1189 sql/sqlstats/persistedsqlstats/provider.go:159 ⋮ [T1,Vsystem,n1] 62  starting sql-stats-worker with initial delay: 8m36.563991183s
I250729 21:01:18.551982 1202 kv/kvclient/rangefeed/rangefeedcache/watcher.go:340 ⋮ [T1,Vsystem,n1] 63  system-config-cache: established range feed cache
I250729 21:01:18.559599 1186 sql/temporary_schema.go:506 ⋮ [T1,Vsystem,n1] 64  running temporary object cleanup background job
I250729 21:01:18.585098 1186 sql/temporary_schema.go:556 ⋮ [T1,Vsystem,n1] 65  found 0 temporary schemas
I250729 21:01:18.585205 1186 sql/temporary_schema.go:559 ⋮ [T1,Vsystem,n1] 66  early exiting temporary schema cleaner as no temporary schemas were found
I250729 21:01:18.585227 1186 sql/temporary_schema.go:560 ⋮ [T1,Vsystem,n1] 67  completed temporary object cleanup job
I250729 21:01:18.585260 1186 sql/temporary_schema.go:641 ⋮ [T1,Vsystem,n1] 68  temporary object cleaner next scheduled to run at 2025-07-29 21:31:18.550156583 +0000 UTC m=+1804.406585127
I250729 21:01:18.600935 23 upgrade/upgrademanager/manager.go:233 ⋮ [T1,Vsystem,n1] 69  detected the last permanent upgrade (v0.0-upgrading-step-004) to have already completed; no permanent upgrades will run
I250729 21:01:18.600977 23 server/server_sql.go:1720 ⋮ [T1,Vsystem,n1] 70  done ensuring all necessary startup migrations have run
I250729 21:01:18.601419 23 server/license/enforcer.go:262 ⋮ [T1,Vsystem,n1] 71  trial license expiry initialized to 1970-01-01 00:00:00 +0000 UTC
I250729 21:01:18.601506 23 server/license/enforcer.go:298 ⋮ [T1,Vsystem,n1] 72  fetched existing cluster init grace period end time: 2025-08-05 14:00:31 +0000 UTC
I250729 21:01:18.604085 23 server/license/enforcer.go:498 ⋮ [T1,Vsystem,n1] 73  enforcer license updated: type is none, grace period ends at "2025-08-05 14:00:31 +0000 UTC", telemetry required: false
I250729 21:01:18.604113 23 server/license/enforcer.go:498 ⋮ [T1,Vsystem,n1] 74  enforcer license updated: type is none, grace period ends at "2025-08-05 14:00:31 +0000 UTC", telemetry required: false
I250729 21:01:18.624785 1403 sql/syntheticprivilegecache/cache.go:202 ⋮ [T1,Vsystem,n1] 75  warmed privileges for virtual tables in 15.647792ms
I250729 21:01:18.641665 1446 jobs/job_scheduler.go:407 ⋮ [T1,Vsystem,n1] 76  waiting 2m0s before scheduled jobs daemon start
I250729 21:01:18.641844 1454 kv/kvclient/rangefeed/rangefeedcache/watcher.go:340 ⋮ [T1,Vsystem,n1] 77  tenant-settings-watcher: established range feed cache
I250729 21:01:18.642562 1456 kv/kvclient/rangefeed/rangefeedcache/watcher.go:340 ⋮ [T1,Vsystem,n1] 78  tenant-entry-watcher: established range feed cache
I250729 21:01:18.643445 1456 multitenant/tenantcapabilities/tenantcapabilitieswatcher/watcher.go:285 ⋮ [T1,Vsystem,n1] 79  received results of a full table scan for tenant capabilities
I250729 21:01:18.653324 1452 server/auto_upgrade.go:81 ⋮ [T1,Vsystem,n1] 80  no need to upgrade, cluster already at the newest version
I250729 21:01:18.663925 23 server/license/enforcer.go:582 ⋮ [T1,Vsystem,n1] 81  disable all license enforcement
I250729 21:01:18.663975 23 1@server/server_sql.go:1971 ⋮ [T1,Vsystem,n1] 82  serving sql connections
I250729 21:01:18.664199 23 1@cli/start.go:1286 ⋮ [T1,Vsystem,n1] 83  node startup completed:
I250729 21:01:18.664199 23 1@cli/start.go:1286 ⋮ [T1,Vsystem,n1] 83 +CockroachDB node starting at 2025-07-29 21:01:18.664002833 +0000 UTC m=+4.520431252 (took 3.9s)
I250729 21:01:18.664199 23 1@cli/start.go:1286 ⋮ [T1,Vsystem,n1] 83 +build:               CCL v25.2.0 @ 2025/05/15 21:07:42 (go1.23.7 X:nocoverageredesign)
I250729 21:01:18.664199 23 1@cli/start.go:1286 ⋮ [T1,Vsystem,n1] 83 +malloc_conf:         prof:false,prof_active:true,background_thread:true,thp:never,metadata_thp:disabled,narenas:48,dirty_decay_ms:2000,muzzy_decay_ms:0
I250729 21:01:18.664199 23 1@cli/start.go:1286 ⋮ [T1,Vsystem,n1] 83 +webui:               ‹http://127.0.0.1:8080›
I250729 21:01:18.664199 23 1@cli/start.go:1286 ⋮ [T1,Vsystem,n1] 83 +sql:                 ‹postgresql://root@127.0.0.1:26257/defaultdb?sslmode=disable›
I250729 21:01:18.664199 23 1@cli/start.go:1286 ⋮ [T1,Vsystem,n1] 83 +sql (JDBC):          ‹jdbc:postgresql://127.0.0.1:26257/defaultdb?sslmode=disable&user=root›
I250729 21:01:18.664199 23 1@cli/start.go:1286 ⋮ [T1,Vsystem,n1] 83 +RPC client flags:    ‹/cockroach/cockroach <client cmd> --host=127.0.0.1:26257 --insecure›
I250729 21:01:18.664199 23 1@cli/start.go:1286 ⋮ [T1,Vsystem,n1] 83 +logs:                ‹/cockroach/cockroach-data/logs›
I250729 21:01:18.664199 23 1@cli/start.go:1286 ⋮ [T1,Vsystem,n1] 83 +temp dir:            ‹/cockroach/cockroach-data/cockroach-temp1282365642›
I250729 21:01:18.664199 23 1@cli/start.go:1286 ⋮ [T1,Vsystem,n1] 83 +external I/O path:   ‹/cockroach/cockroach-data/extern›
I250729 21:01:18.664199 23 1@cli/start.go:1286 ⋮ [T1,Vsystem,n1] 83 +store[0]:            ‹path=/cockroach/cockroach-data›
I250729 21:01:18.664199 23 1@cli/start.go:1286 ⋮ [T1,Vsystem,n1] 83 +clusterID:           ad7eb413-6f81-429f-8b5f-ee89af2e84c8
I250729 21:01:18.664199 23 1@cli/start.go:1286 ⋮ [T1,Vsystem,n1] 83 +status:              restarted pre-existing node
I250729 21:01:18.664199 23 1@cli/start.go:1286 ⋮ [T1,Vsystem,n1] 83 +nodeID:              1
I250729 21:01:19.227957 580 1@gossip/gossip.go:1476 ⋮ [T1,Vsystem,n1] 84  node has connected to cluster via gossip
I250729 21:01:19.228410 580 kv/kvserver/stores.go:280 ⋮ [T1,Vsystem,n1] 85  wrote 0 node addresses to persistent storage
I250729 21:01:20.065340 1447 server/diagnostics/update_checker.go:144 ⋮ [T1,Vsystem,n1] 86  a new version is available: ‹25.2.2›, details: ‹https://www.cockroachlabs.com/docs/releases/v25.2#v25-2-2›
I250729 21:01:44.247469 1200 jobs/adopt.go:105 ⋮ [T1,Vsystem,n1] 87  claimed 10 jobs
I250729 21:01:44.252201 2166 jobs/adopt.go:224 ⋮ [T1,Vsystem,n1,job=1093603907388440577] 88  job 1093603907388440577: resuming execution
I250729 21:01:44.252897 2017 jobs/adopt.go:224 ⋮ [T1,Vsystem,n1,job=1093560487254097921] 89  job 1093560487254097921: resuming execution
I250729 21:01:44.253638 2013 jobs/adopt.go:224 ⋮ [T1,Vsystem,n1,job=1093603906042331137] 90  job 1093603906042331137: resuming execution
I250729 21:01:44.253636 2014 jobs/adopt.go:224 ⋮ [T1,Vsystem,n1,job=1093603906756608001] 91  job 1093603906756608001: resuming execution
I250729 21:01:44.253696 2015 jobs/adopt.go:224 ⋮ [T1,Vsystem,n1,job=1093603906985492481] 92  job 1093603906985492481: resuming execution
I250729 21:01:44.253903 2016 jobs/adopt.go:224 ⋮ [T1,Vsystem,n1,job=1093603907597500417] 93  job 1093603907597500417: resuming execution
I250729 21:01:44.254035 2163 jobs/adopt.go:224 ⋮ [T1,Vsystem,n1,job=1093603905826619393] 94  job 1093603905826619393: resuming execution
I250729 21:01:44.254549 2164 jobs/adopt.go:224 ⋮ [T1,Vsystem,n1,job=1093603906293301249] 95  job 1093603906293301249: resuming execution
I250729 21:01:44.254296 2162 jobs/adopt.go:224 ⋮ [T1,Vsystem,n1,job=1093603905577320449] 96  job 1093603905577320449: resuming execution
I250729 21:01:44.254552 2165 jobs/adopt.go:224 ⋮ [T1,Vsystem,n1,job=1093603907184328705] 97  job 1093603907184328705: resuming execution
I250729 21:01:44.279648 2152 jobs/registry.go:1681 ⋮ [T1,Vsystem,n1,job=1093560487254097921] 98  SCHEMA CHANGE GC job 1093560487254097921: stepping through state running
I250729 21:01:44.279799 2211 jobs/registry.go:1681 ⋮ [T1,Vsystem,n1,job=1093603907597500417] 99  SCHEMA CHANGE GC job 1093603907597500417: stepping through state running
I250729 21:01:44.280292 2170 jobs/registry.go:1681 ⋮ [T1,Vsystem,n1,job=1093603906985492481] 100  SCHEMA CHANGE GC job 1093603906985492481: stepping through state running
I250729 21:01:44.280371 1895 jobs/registry.go:1681 ⋮ [T1,Vsystem,n1,job=1093603906756608001] 101  SCHEMA CHANGE GC job 1093603906756608001: stepping through state running
I250729 21:01:44.280415 2181 jobs/registry.go:1681 ⋮ [T1,Vsystem,n1,job=1093603907184328705] 102  SCHEMA CHANGE GC job 1093603907184328705: stepping through state running
I250729 21:01:44.279684 2122 jobs/registry.go:1681 ⋮ [T1,Vsystem,n1,job=1093603905577320449] 103  SCHEMA CHANGE GC job 1093603905577320449: stepping through state running
I250729 21:01:44.280552 2140 jobs/registry.go:1681 ⋮ [T1,Vsystem,n1,job=1093603907388440577] 104  SCHEMA CHANGE GC job 1093603907388440577: stepping through state running
I250729 21:01:44.280762 2074 jobs/registry.go:1681 ⋮ [T1,Vsystem,n1,job=1093603906293301249] 105  SCHEMA CHANGE GC job 1093603906293301249: stepping through state running
I250729 21:01:44.282235 2195 jobs/registry.go:1681 ⋮ [T1,Vsystem,n1,job=1093603906042331137] 106  SCHEMA CHANGE GC job 1093603906042331137: stepping through state running
I250729 21:01:44.287654 1422 jobs/registry.go:1681 ⋮ [T1,Vsystem,n1,job=1093603905826619393] 107  SCHEMA CHANGE GC job 1093603905826619393: stepping through state running
I250729 21:01:44.349306 2181 sql/gcjob/gc_job_utils.go:273 ⋮ [T1,Vsystem,n1,job=SCHEMA CHANGE GC id=1093603907184328705] 108  updated progress status: deleting data, payload: ‹tables:<id:151 status:WAITING_FOR_MVCC_GC > tables:<id:152 status:WAITING_FOR_MVCC_GC > ranges_unsplit_done:true ›
I250729 21:01:44.349609 2170 sql/gcjob/gc_job_utils.go:273 ⋮ [T1,Vsystem,n1,job=SCHEMA CHANGE GC id=1093603906985492481] 109  updated progress status: deleting data, payload: ‹tables:<id:146 status:WAITING_FOR_MVCC_GC > tables:<id:147 status:WAITING_FOR_MVCC_GC > ranges_unsplit_done:true ›
I250729 21:01:44.349380 2074 sql/gcjob/gc_job_utils.go:273 ⋮ [T1,Vsystem,n1,job=SCHEMA CHANGE GC id=1093603906293301249] 110  updated progress status: deleting data, payload: ‹tables:<id:160 status:CLEARED > tables:<id:161 status:WAITING_FOR_MVCC_GC > ranges_unsplit_done:true ›
I250729 21:01:44.349416 2211 sql/gcjob/gc_job_utils.go:273 ⋮ [T1,Vsystem,n1,job=SCHEMA CHANGE GC id=1093603907597500417] 111  updated progress status: deleting data, payload: ‹tables:<id:155 status:WAITING_FOR_MVCC_GC > tables:<id:156 status:WAITING_FOR_MVCC_GC > ranges_unsplit_done:true ›
I250729 21:01:44.349349 2152 sql/gcjob/gc_job_utils.go:273 ⋮ [T1,Vsystem,n1,job=SCHEMA CHANGE GC id=1093560487254097921] 112  updated progress status: deleting data, payload: ‹tables:<id:141 status:WAITING_FOR_MVCC_GC > ranges_unsplit_done:true ›
I250729 21:01:44.350029 2195 sql/gcjob/gc_job_utils.go:273 ⋮ [T1,Vsystem,n1,job=SCHEMA CHANGE GC id=1093603906042331137] 113  updated progress status: deleting data, payload: ‹tables:<id:159 status:WAITING_FOR_MVCC_GC > ranges_unsplit_done:true ›
I250729 21:01:44.350371 2152 sql/gcjob/table_garbage_collection.go:203 ⋮ [T1,Vsystem,n1,job=SCHEMA CHANGE GC id=1093560487254097921] 115  deleting data for table 141
I250729 21:01:44.350259 2181 sql/gcjob/table_garbage_collection.go:203 ⋮ [T1,Vsystem,n1,job=SCHEMA CHANGE GC id=1093603907184328705] 114  deleting data for table 151
I250729 21:01:44.350522 2170 sql/gcjob/table_garbage_collection.go:203 ⋮ [T1,Vsystem,n1,job=SCHEMA CHANGE GC id=1093603906985492481] 116  deleting data for table 146
I250729 21:01:44.350527 1895 sql/gcjob/gc_job_utils.go:273 ⋮ [T1,Vsystem,n1,job=SCHEMA CHANGE GC id=1093603906756608001] 117  updated progress status: deleting data, payload: ‹tables:<id:153 status:WAITING_FOR_MVCC_GC > tables:<id:154 status:WAITING_FOR_MVCC_GC > ranges_unsplit_done:true ›
I250729 21:01:44.350645 2195 sql/gcjob/table_garbage_collection.go:203 ⋮ [T1,Vsystem,n1,job=SCHEMA CHANGE GC id=1093603906042331137] 118  deleting data for table 159
W250729 21:01:44.350690 2074 sql/gcjob/gc_job.go:139 ⋮ [T1,Vsystem,n1,job=SCHEMA CHANGE GC id=1093603906293301249] 119  table descriptor 160 not found while attempting to GC, skipping
I250729 21:01:44.350260 2211 sql/gcjob/table_garbage_collection.go:203 ⋮ [T1,Vsystem,n1,job=SCHEMA CHANGE GC id=1093603907597500417] 120  deleting data for table 155
I250729 21:01:44.350686 1422 sql/gcjob/gc_job_utils.go:273 ⋮ [T1,Vsystem,n1,job=SCHEMA CHANGE GC id=1093603905826619393] 121  updated progress status: deleting data, payload: ‹tables:<id:149 status:WAITING_FOR_MVCC_GC > tables:<id:150 status:WAITING_FOR_MVCC_GC > ranges_unsplit_done:true ›
I250729 21:01:44.350307 2140 sql/gcjob/gc_job_utils.go:273 ⋮ [T1,Vsystem,n1,job=SCHEMA CHANGE GC id=1093603907388440577] 122  updated progress status: deleting data, payload: ‹tables:<id:157 status:WAITING_FOR_MVCC_GC > tables:<id:158 status:WAITING_FOR_MVCC_GC > ranges_unsplit_done:true ›
I250729 21:01:44.350908 2122 sql/gcjob/gc_job_utils.go:273 ⋮ [T1,Vsystem,n1,job=SCHEMA CHANGE GC id=1093603905577320449] 123  updated progress status: deleting data, payload: ‹tables:<id:148 status:WAITING_FOR_MVCC_GC > ranges_unsplit_done:true ›
I250729 21:01:44.351150 2140 sql/gcjob/table_garbage_collection.go:203 ⋮ [T1,Vsystem,n1,job=SCHEMA CHANGE GC id=1093603907388440577] 124  deleting data for table 157
I250729 21:01:44.351207 2074 sql/gcjob/table_garbage_collection.go:203 ⋮ [T1,Vsystem,n1,job=SCHEMA CHANGE GC id=1093603906293301249] 125  deleting data for table 161
I250729 21:01:44.351403 1422 sql/gcjob/table_garbage_collection.go:203 ⋮ [T1,Vsystem,n1,job=SCHEMA CHANGE GC id=1093603905826619393] 126  deleting data for table 149
I250729 21:01:44.351427 1895 sql/gcjob/table_garbage_collection.go:203 ⋮ [T1,Vsystem,n1,job=SCHEMA CHANGE GC id=1093603906756608001] 127  deleting data for table 153
I250729 21:01:44.351445 2122 sql/gcjob/table_garbage_collection.go:203 ⋮ [T1,Vsystem,n1,job=SCHEMA CHANGE GC id=1093603905577320449] 128  deleting data for table 148
I250729 21:01:44.353122 2181 sql/gcjob/table_garbage_collection.go:203 ⋮ [T1,Vsystem,n1,job=SCHEMA CHANGE GC id=1093603907184328705] 129  deleting data for table 152
I250729 21:01:44.354531 2170 sql/gcjob/table_garbage_collection.go:203 ⋮ [T1,Vsystem,n1,job=SCHEMA CHANGE GC id=1093603906985492481] 130  deleting data for table 147
I250729 21:01:44.355334 2211 sql/gcjob/table_garbage_collection.go:203 ⋮ [T1,Vsystem,n1,job=SCHEMA CHANGE GC id=1093603907597500417] 131  deleting data for table 156
I250729 21:01:44.357142 2140 sql/gcjob/table_garbage_collection.go:203 ⋮ [T1,Vsystem,n1,job=SCHEMA CHANGE GC id=1093603907388440577] 132  deleting data for table 158
I250729 21:01:44.362770 1422 sql/gcjob/table_garbage_collection.go:203 ⋮ [T1,Vsystem,n1,job=SCHEMA CHANGE GC id=1093603905826619393] 133  deleting data for table 150
I250729 21:01:44.365740 1895 sql/gcjob/table_garbage_collection.go:203 ⋮ [T1,Vsystem,n1,job=SCHEMA CHANGE GC id=1093603906756608001] 134  deleting data for table 154
I250729 21:01:44.370378 2152 sql/gcjob/gc_job_utils.go:273 ⋮ [T1,Vsystem,n1,job=SCHEMA CHANGE GC id=1093560487254097921] 135  updated progress status: waiting for MVCC GC, payload: ‹tables:<id:141 status:WAITING_FOR_MVCC_GC > ranges_unsplit_done:true ›
I250729 21:01:44.370606 2195 sql/gcjob/gc_job_utils.go:273 ⋮ [T1,Vsystem,n1,job=SCHEMA CHANGE GC id=1093603906042331137] 136  updated progress status: waiting for MVCC GC, payload: ‹tables:<id:159 status:WAITING_FOR_MVCC_GC > ranges_unsplit_done:true ›
I250729 21:01:44.370677 2074 sql/gcjob/gc_job_utils.go:273 ⋮ [T1,Vsystem,n1,job=SCHEMA CHANGE GC id=1093603906293301249] 137  updated progress status: waiting for MVCC GC, payload: ‹tables:<id:160 status:CLEARED > tables:<id:161 status:WAITING_FOR_MVCC_GC > ranges_unsplit_done:true ›
I250729 21:01:44.378007 2122 sql/gcjob/gc_job_utils.go:273 ⋮ [T1,Vsystem,n1,job=SCHEMA CHANGE GC id=1093603905577320449] 138  updated progress status: waiting for MVCC GC, payload: ‹tables:<id:148 status:WAITING_FOR_MVCC_GC > ranges_unsplit_done:true ›
I250729 21:01:44.384255 2181 sql/gcjob/gc_job_utils.go:273 ⋮ [T1,Vsystem,n1,job=SCHEMA CHANGE GC id=1093603907184328705] 139  updated progress status: waiting for MVCC GC, payload: ‹tables:<id:151 status:WAITING_FOR_MVCC_GC > tables:<id:152 status:WAITING_FOR_MVCC_GC > ranges_unsplit_done:true ›
I250729 21:01:44.386772 1422 sql/gcjob/gc_job_utils.go:273 ⋮ [T1,Vsystem,n1,job=SCHEMA CHANGE GC id=1093603905826619393] 140  updated progress status: waiting for MVCC GC, payload: ‹tables:<id:149 status:WAITING_FOR_MVCC_GC > tables:<id:150 status:WAITING_FOR_MVCC_GC > ranges_unsplit_done:true ›
I250729 21:01:44.386972 2211 sql/gcjob/gc_job_utils.go:273 ⋮ [T1,Vsystem,n1,job=SCHEMA CHANGE GC id=1093603907597500417] 141  updated progress status: waiting for MVCC GC, payload: ‹tables:<id:155 status:WAITING_FOR_MVCC_GC > tables:<id:156 status:WAITING_FOR_MVCC_GC > ranges_unsplit_done:true ›
I250729 21:01:44.387747 2140 sql/gcjob/gc_job_utils.go:273 ⋮ [T1,Vsystem,n1,job=SCHEMA CHANGE GC id=1093603907388440577] 142  updated progress status: waiting for MVCC GC, payload: ‹tables:<id:157 status:WAITING_FOR_MVCC_GC > tables:<id:158 status:WAITING_FOR_MVCC_GC > ranges_unsplit_done:true ›
I250729 21:01:44.388056 2170 sql/gcjob/gc_job_utils.go:273 ⋮ [T1,Vsystem,n1,job=SCHEMA CHANGE GC id=1093603906985492481] 143  updated progress status: waiting for MVCC GC, payload: ‹tables:<id:146 status:WAITING_FOR_MVCC_GC > tables:<id:147 status:WAITING_FOR_MVCC_GC > ranges_unsplit_done:true ›
I250729 21:01:44.390027 1895 sql/gcjob/gc_job_utils.go:273 ⋮ [T1,Vsystem,n1,job=SCHEMA CHANGE GC id=1093603906756608001] 144  updated progress status: waiting for MVCC GC, payload: ‹tables:<id:153 status:WAITING_FOR_MVCC_GC > tables:<id:154 status:WAITING_FOR_MVCC_GC > ranges_unsplit_done:true ›
I250729 21:02:10.819232 1 1@cli/start.go:993 ⋮ [T1,Vsystem,n1] 145  received signal 'terminated'
I250729 21:02:10.821404 1 1@cli/start.go:1034 ⋮ [T1,Vsystem,n1] 146  initiating graceful shutdown of server
I250729 21:02:10.828332 3008 server/drain.go:353 ⋮ [T1,Vsystem,n1,server drain process,call-graceful-drain] 147  all tenant servers stopped
I250729 21:02:10.828811 3008 1@server/drain.go:399 ⋮ [T1,Vsystem,n1,server drain process,call-graceful-drain] 148  waiting for health probes to notice that the node is not ready for new sql connections
I250729 21:02:10.829923 1398 sql/stats/automatic_stats.go:694 ⋮ [T1,Vsystem,n1] 149  draining auto stats refresher
W250729 21:02:10.829901 1198 jobs/registry.go:1069 ⋮ [T1,Vsystem,n1] 150  canceling all adopted jobs due to graceful drain request
I250729 21:02:10.830590 1399 sql/stats/automatic_stats.go:745 ⋮ [T1,Vsystem,n1] 151  draining stats garbage collector
I250729 21:02:10.906380 3008 sql/sqlstats/persistedsqlstats/provider.go:122 ⋮ [T1,Vsystem,n1,server drain process,call-graceful-drain] 152  stopping persisted SQL stats tasks
I250729 21:02:10.906644 3008 sql/sqlstats/persistedsqlstats/provider.go:128 ⋮ [T1,Vsystem,n1,server drain process,call-graceful-drain] 153  persisted SQL stats tasks successfully shut down
I250729 21:02:10.906757 3008 sql/stats/automatic_stats.go:516 ⋮ [T1,Vsystem,n1,server drain process,call-graceful-drain] 154  starting to wait for auto-stats tasks to shut down
I250729 21:02:10.906901 3008 sql/stats/automatic_stats.go:519 ⋮ [T1,Vsystem,n1,server drain process,call-graceful-drain] 155  auto-stats tasks successfully shut down
I250729 21:02:10.907069 3008 jobs/registry.go:2060 ⋮ [T1,Vsystem,n1,server drain process,call-graceful-drain] 156  starting to wait for job registry to shut down
I250729 21:02:10.907194 3008 jobs/registry.go:2063 ⋮ [T1,Vsystem,n1,server drain process,call-graceful-drain] 157  job registry tasks successfully shut down
W250729 21:02:10.916841 60 sql/sqlliveness/slinstance/slinstance.go:331 ⋮ [T1,Vsystem,n1] 158  exiting heartbeat loop
I250729 21:02:10.917001 60 sql/sqlliveness/slinstance/slinstance.go:316 ⋮ [T1,Vsystem,n1] 159  draining heartbeat loop
I250729 21:02:10.918007 3008 server/drain.go:482 ⋮ [T1,Vsystem,n1,server drain process,call-graceful-drain] 160  SQL server drained successfully; SQL queries cannot execute any more
I250729 21:02:10.918083 3008 server/drain.go:361 ⋮ [T1,Vsystem,n1,server drain process,call-graceful-drain] 161  done draining clients
I250729 21:02:10.921052 3008 1@server/drain.go:312 ⋮ [T1,Vsystem,n1,server drain process,call-graceful-drain] 162  drain remaining: 22
I250729 21:02:10.921165 3008 1@server/drain.go:314 ⋮ [T1,Vsystem,n1,server drain process,call-graceful-drain] 163  drain details: descriptor leases: 21, liveness record: 1
I250729 21:02:11.123217 3008 server/drain.go:353 ⋮ [T1,Vsystem,n1,server drain process,call-graceful-drain] 164  all tenant servers stopped
W250729 21:02:11.125640 3125 sql/sqlstats/persistedsqlstats/flush.go:254 ⋮ [T1,Vsystem,n1,server drain process,call-graceful-drain] 165  failed to flush statement statistics: upsert-stmt-stats: cannot acquire lease when draining
W250729 21:02:11.125652 3126 sql/sqlstats/persistedsqlstats/flush.go:235 ⋮ [T1,Vsystem,n1,server drain process,call-graceful-drain] 166  failed to flush transaction statistics: upsert-txn-stats: cannot acquire lease when draining
I250729 21:02:11.125956 3008 sql/sqlstats/persistedsqlstats/provider.go:122 ⋮ [T1,Vsystem,n1,server drain process,call-graceful-drain] 167  stopping persisted SQL stats tasks
I250729 21:02:11.126121 3008 sql/sqlstats/persistedsqlstats/provider.go:128 ⋮ [T1,Vsystem,n1,server drain process,call-graceful-drain] 168  persisted SQL stats tasks successfully shut down
I250729 21:02:11.126224 3008 sql/stats/automatic_stats.go:516 ⋮ [T1,Vsystem,n1,server drain process,call-graceful-drain] 169  starting to wait for auto-stats tasks to shut down
I250729 21:02:11.126313 3008 sql/stats/automatic_stats.go:519 ⋮ [T1,Vsystem,n1,server drain process,call-graceful-drain] 170  auto-stats tasks successfully shut down
I250729 21:02:11.126396 3008 jobs/registry.go:2060 ⋮ [T1,Vsystem,n1,server drain process,call-graceful-drain] 171  starting to wait for job registry to shut down
I250729 21:02:11.126462 3008 jobs/registry.go:2063 ⋮ [T1,Vsystem,n1,server drain process,call-graceful-drain] 172  job registry tasks successfully shut down
I250729 21:02:11.127374 3008 server/drain.go:482 ⋮ [T1,Vsystem,n1,server drain process,call-graceful-drain] 173  SQL server drained successfully; SQL queries cannot execute any more
I250729 21:02:11.127490 3008 server/drain.go:361 ⋮ [T1,Vsystem,n1,server drain process,call-graceful-drain] 174  done draining clients
I250729 21:02:11.131226 3008 1@server/drain.go:312 ⋮ [T1,Vsystem,n1,server drain process,call-graceful-drain] 175  drain remaining: 0
I250729 21:02:11.131449 3008 1@server/drain.go:564 ⋮ [T1,Vsystem,n1,server drain process,call-graceful-drain] 176  graceful drain complete
W250729 21:02:11.132417 1592 server/structlogging/hot_ranges_log.go:92 ⋮ [T1,Vsystem,n1] 177  hot ranges stats logging scheduler stopped: %!s(<nil>)
I250729 21:02:11.132714 546 server/start_listen.go:112 ⋮ [T1,Vsystem,n1] 178  server shutting down: instructing cmux to stop accepting
W250729 21:02:11.133206 1497 kv/kvclient/kvcoord/dist_sender_mux_rangefeed.go:406 ⋮ [T1,Vsystem,n1,rangefeed=‹tenant-boundaries-watcher›,mux_n=1,gen=2] 179  error closing mux rangefeed client: context canceled
W250729 21:02:11.133232 895 kv/kvclient/kvcoord/dist_sender_mux_rangefeed.go:406 ⋮ [T1,Vsystem,n1,rangefeed=‹spanconfig-subscriber›,mux_n=1,gen=2] 180  error closing mux rangefeed client: context canceled
W250729 21:02:11.133293 1504 kv/kvclient/kvcoord/dist_sender_mux_rangefeed.go:406 ⋮ [T1,Vsystem,n1,rangefeed=‹tenant-entry-watcher›,mux_n=1,gen=2] 181  error closing mux rangefeed client: context canceled
W250729 21:02:11.133299 1642 kv/kvclient/kvcoord/dist_sender_mux_rangefeed.go:406 ⋮ [T1,Vsystem,n1,rangefeed=‹tenant-settings-watcher›,mux_n=1,gen=2] 182  error closing mux rangefeed client: context canceled
W250729 21:02:11.133331 1179 kv/kvclient/kvcoord/dist_sender_mux_rangefeed.go:406 ⋮ [T1,Vsystem,n1,rangefeed=‹lease›,mux_n=1,gen=2] 183  error closing mux rangefeed client: context canceled
W250729 21:02:11.133385 1136 kv/kvclient/kvcoord/dist_sender_mux_rangefeed.go:406 ⋮ [T1,Vsystem,n1,rangefeed=‹sql_instances›,mux_n=1,gen=2] 184  error closing mux rangefeed client: context canceled
W250729 21:02:11.133465 795 kv/kvclient/kvcoord/dist_sender_mux_rangefeed.go:406 ⋮ [T1,Vsystem,n1,rangefeed=‹settings-watcher›,mux_n=1,gen=2] 185  error closing mux rangefeed client: context canceled
W250729 21:02:11.133841 1263 kv/kvclient/kvcoord/dist_sender_mux_rangefeed.go:406 ⋮ [T1,Vsystem,n1,rangefeed=‹table-stats-cache›,mux_n=1,gen=2] 186  error closing mux rangefeed client: context canceled
W250729 21:02:11.134112 1374 kv/kvclient/kvcoord/dist_sender_mux_rangefeed.go:406 ⋮ [T1,Vsystem,n1,rangefeed=‹system-config-cache›,mux_n=1,gen=2] 187  error closing mux rangefeed client: context canceled
I250729 21:02:11.165248 3008 server/server_controller.go:409 ⋮ [T1,Vsystem,n1] 188  server controller shutting down
I250729 21:02:11.165485 3008 server/server_controller.go:418 ⋮ [T1,Vsystem,n1] 189  waiting for tenant servers to report stopped
I250729 21:02:11.165701 1 1@cli/start.go:1105 ⋮ [T1,Vsystem,n1] 190  server drained and shutdown completed
