I250822 09:57:24.931097 82 util/log/file_sync_buffer.go:237 ⋮ [config]   file created at: 2025/08/22 09:57:24
I250822 09:57:24.931118 82 util/log/file_sync_buffer.go:237 ⋮ [config]   running on machine: ‹26b99e302154›
I250822 09:57:24.931128 82 util/log/file_sync_buffer.go:237 ⋮ [config]   binary: CockroachDB CCL v25.2.0 (aarch64-unknown-linux-gnu, built 2025/05/15 21:07:42, go1.23.7 X:nocoverageredesign)
I250822 09:57:24.931134 82 util/log/file_sync_buffer.go:237 ⋮ [config]   arguments: [‹/cockroach/cockroach› ‹start-single-node› ‹--certs-dir=certs› ‹--advertise-addr=127.0.0.1:26257› ‹--insecure› ‹--http-addr=0.0.0.0:8080›]
I250822 09:57:24.931144 82 util/log/file_sync_buffer.go:237 ⋮ [config]   log format (utf8=✓): crdb-v2
I250822 09:57:24.931147 82 util/log/file_sync_buffer.go:237 ⋮ [config]   line format: [IWEF]yymmdd hh:mm:ss.uuuuuu goid [chan@]file:line redactionmark \[tags\] [counter] msg
I250822 09:57:24.927741 82 3@pebble/objstorage/objstorageprovider/remote.go:102 ⋮ [n?,s?,pebble] 1  remote storage configured; creatorID = 1
I250822 09:57:25.108756 82 3@pebble/open.go:1054 ⋮ [n?,s?,pebble] 2  [JOB ‹1›] WAL ‹004174: {(/cockroach/cockroach-data,000)}› stopped reading at offset: (‹/cockroach/cockroach-data/004174.log›: 7556715); replayed 22738 keys in 1307 batches
I250822 09:57:25.278466 82 3@pebble/open.go:1054 ⋮ [n?,s?,pebble] 3  [JOB ‹1›] WAL ‹004179: {(/cockroach/cockroach-data,000)}› stopped reading at offset: (‹/cockroach/cockroach-data/004179.log›: 9078359); replayed 28581 keys in 1170 batches
I250822 09:57:25.281246 99 3@pebble/event.go:1011 ⋮ [n?,s?,pebble] 4  [JOB 2] flushing 7 memtables (18MB) to L0
I250822 09:57:25.294969 99 3@pebble/event.go:1039 ⋮ [n?,s?,pebble] 5  [JOB 2] flushing: sstable created 004181
I250822 09:57:25.573223 99 3@pebble/event.go:1031 ⋮ [n?,s?,pebble] 6  [JOB 2] MANIFEST created 004182
I250822 09:57:25.576561 99 3@pebble/event.go:1015 ⋮ [n?,s?,pebble] 7  [JOB 2] flushed 7 memtables (18MB) to L0 [004181] (256KB), in 0.3s (0.3s total), output rate 956KB/s
I250822 09:57:25.578530 82 3@pebble/event.go:1059 ⋮ [n?,s?,pebble] 8  [JOB 1] WAL created 004183
I250822 09:57:25.579075 53 3@pebble/event.go:1063 ⋮ [n?,s?,pebble] 9  [JOB 2] WAL deleted 004174
I250822 09:57:25.580152 53 3@pebble/event.go:1063 ⋮ [n?,s?,pebble] 10  [JOB 2] WAL deleted 004179
I250822 09:57:25.585827 105 3@pebble/event.go:999 ⋮ [n?,s?,pebble] 11  [JOB 3] compacting(default) L0 [004181] (256KB) Score=12.93 + L5 [004176 004177 004178] (4.9MB) Score=0.08; OverlappingRatio: Single 19.79, Multi 0.00
I250822 09:57:25.656067 105 3@pebble/event.go:1039 ⋮ [n?,s?,pebble] 12  [JOB 3] compacting: sstable created 004185
I250822 09:57:25.702097 39 3@pebble/event.go:1051 ⋮ [n?,s?,pebble] 13  [JOB 5] all initial table stats loaded
I250822 09:57:27.152568 105 3@pebble/event.go:1039 ⋮ [n?,s?,pebble] 14  [JOB 3] compacting: sstable created 004186
I250822 09:57:27.602477 105 3@pebble/event.go:1039 ⋮ [n?,s?,pebble] 15  [JOB 3] compacting: sstable created 004187
I250822 09:57:27.688672 105 3@pebble/event.go:1003 ⋮ [n?,s?,pebble] 16  [JOB 3] compacted(default) L0 [004181] (256KB) Score=12.93 + L5 [004176 004177 004178] (4.9MB) Score=0.08 -> L5 [004185 004186 004187] (5.0MB), in 2.1s (2.1s total), output rate 2.4MB/s
I250822 09:57:27.707339 53 3@pebble/event.go:1043 ⋮ [n?,s?,pebble] 17  [JOB 3] sstable deleted 004176
I250822 09:57:27.735881 53 3@pebble/event.go:1043 ⋮ [n?,s?,pebble] 18  [JOB 3] sstable deleted 004177
I250822 09:57:27.738877 53 3@pebble/event.go:1043 ⋮ [n?,s?,pebble] 19  [JOB 3] sstable deleted 004178
I250822 09:57:27.744506 53 3@pebble/event.go:1043 ⋮ [n?,s?,pebble] 20  [JOB 3] sstable deleted 004181
I250822 09:57:27.747670 53 3@pebble/event.go:1035 ⋮ [n?,s?,pebble] 21  [JOB 1] MANIFEST deleted 004146
I250822 09:57:27.823266 82 3@pebble/event.go:1031 ⋮ [n?,s?,pebble] 22  [JOB 1] MANIFEST created 000001
I250822 09:57:27.843711 82 3@pebble/event.go:1059 ⋮ [n?,s?,pebble] 23  [JOB 1] WAL created 000002
I250822 09:57:27.858249 82 3@pebble/event.go:1027 ⋮ [n?,s?,pebble] 24  upgraded to format version: 014
I250822 09:57:27.875564 82 3@pebble/event.go:1027 ⋮ [n?,s?,pebble] 25  upgraded to format version: 015
I250822 09:57:27.939981 82 3@pebble/event.go:1027 ⋮ [n?,s?,pebble] 26  upgraded to format version: 016
I250822 09:57:27.944753 82 3@pebble/event.go:1027 ⋮ [n?,s?,pebble] 27  upgraded to format version: 017
I250822 09:57:27.946560 82 3@pebble/event.go:1027 ⋮ [n?,s?,pebble] 28  upgraded to format version: 018
I250822 09:57:27.947387 82 3@pebble/event.go:1027 ⋮ [n?,s?,pebble] 29  upgraded to format version: 019
I250822 09:57:27.990464 54 3@pebble/event.go:1051 ⋮ [n?,s?,pebble] 30  [JOB 2] all initial table stats loaded
I250822 09:57:48.702766 739 3@kv/kvserver/store.go:3801 ⋮ [T1,Vsystem,n1,s1] 31  Pebble metrics:
I250822 09:57:48.702766 739 3@kv/kvserver/store.go:3801 ⋮ [T1,Vsystem,n1,s1] 31 +      |                             |       |       |   ingested   |     moved    |    written   |       |    amp
I250822 09:57:48.702766 739 3@kv/kvserver/store.go:3801 ⋮ [T1,Vsystem,n1,s1] 31 +level | tables  size val-bl vtables | score |   in  | tables  size | tables  size | tables  size |  read |   r   w
I250822 09:57:48.702766 739 3@kv/kvserver/store.go:3801 ⋮ [T1,Vsystem,n1,s1] 31 +------+-----------------------------+-------+-------+--------------+--------------+--------------+-------+---------
I250822 09:57:48.702766 739 3@kv/kvserver/store.go:3801 ⋮ [T1,Vsystem,n1,s1] 31 +    0 |     0     0B     0B       0 |  0.00 |  16MB |     0     0B |     0     0B |     1  256KB |    0B |   0  0.0
I250822 09:57:48.702766 739 3@kv/kvserver/store.go:3801 ⋮ [T1,Vsystem,n1,s1] 31 +    1 |     0     0B     0B       0 |  0.00 |    0B |     0     0B |     0     0B |     0     0B |    0B |   0  0.0
I250822 09:57:48.702766 739 3@kv/kvserver/store.go:3801 ⋮ [T1,Vsystem,n1,s1] 31 +    2 |     0     0B     0B       0 |  0.00 |    0B |     0     0B |     0     0B |     0     0B |    0B |   0  0.0
I250822 09:57:48.702766 739 3@kv/kvserver/store.go:3801 ⋮ [T1,Vsystem,n1,s1] 31 +    3 |     0     0B     0B       0 |  0.00 |    0B |     0     0B |     0     0B |     0     0B |    0B |   0  0.0
I250822 09:57:48.702766 739 3@kv/kvserver/store.go:3801 ⋮ [T1,Vsystem,n1,s1] 31 +    4 |     0     0B     0B       0 |  0.00 |    0B |     0     0B |     0     0B |     0     0B |    0B |   0  0.0
I250822 09:57:48.702766 739 3@kv/kvserver/store.go:3801 ⋮ [T1,Vsystem,n1,s1] 31 +    5 |     3  5.0MB  107KB       0 |  0.21 | 256KB |     0     0B |     0     0B |     3  5.0MB | 5.2MB |   1 20.1
I250822 09:57:48.702766 739 3@kv/kvserver/store.go:3801 ⋮ [T1,Vsystem,n1,s1] 31 +    6 |    10   75MB  841KB       0 |     - |    0B |     0     0B |     0     0B |     0     0B |    0B |   1  0.0
I250822 09:57:48.702766 739 3@kv/kvserver/store.go:3801 ⋮ [T1,Vsystem,n1,s1] 31 +total |    13   80MB  948KB       0 |     - |  18MB |     0     0B |     0     0B |     4   23MB | 5.2MB |   2  1.3
I250822 09:57:48.702766 739 3@kv/kvserver/store.go:3801 ⋮ [T1,Vsystem,n1,s1] 31 +-------------------------------------------------------------------------------------------------------------------
I250822 09:57:48.702766 739 3@kv/kvserver/store.go:3801 ⋮ [T1,Vsystem,n1,s1] 31 +WAL: 1 files (2.3MB)  in: 2.3MB  written: 18MB (700% overhead)
I250822 09:57:48.702766 739 3@kv/kvserver/store.go:3801 ⋮ [T1,Vsystem,n1,s1] 31 +Flushes: 1
I250822 09:57:48.702766 739 3@kv/kvserver/store.go:3801 ⋮ [T1,Vsystem,n1,s1] 31 +Compactions: 1  estimated debt: 0B  in progress: 0 (0B)
I250822 09:57:48.702766 739 3@kv/kvserver/store.go:3801 ⋮ [T1,Vsystem,n1,s1] 31 +             default: 1  delete: 0  elision: 0  move: 0  read: 0  tombstone-density: 0  rewrite: 0  copy: 0  multi-level: 0
I250822 09:57:48.702766 739 3@kv/kvserver/store.go:3801 ⋮ [T1,Vsystem,n1,s1] 31 +MemTables: 1 (32MB)  zombie: 1 (16MB)
I250822 09:57:48.702766 739 3@kv/kvserver/store.go:3801 ⋮ [T1,Vsystem,n1,s1] 31 +Zombie tables: 0 (0B, local: 0B)
I250822 09:57:48.702766 739 3@kv/kvserver/store.go:3801 ⋮ [T1,Vsystem,n1,s1] 31 +Backing tables: 0 (0B)
I250822 09:57:48.702766 739 3@kv/kvserver/store.go:3801 ⋮ [T1,Vsystem,n1,s1] 31 +Virtual tables: 0 (0B)
I250822 09:57:48.702766 739 3@kv/kvserver/store.go:3801 ⋮ [T1,Vsystem,n1,s1] 31 +Local tables size: 80MB
I250822 09:57:48.702766 739 3@kv/kvserver/store.go:3801 ⋮ [T1,Vsystem,n1,s1] 31 +Compression types: snappy: 13
I250822 09:57:48.702766 739 3@kv/kvserver/store.go:3801 ⋮ [T1,Vsystem,n1,s1] 31 +Block cache: 91 entries (3.2MB)  hit rate: 88.6%
I250822 09:57:48.702766 739 3@kv/kvserver/store.go:3801 ⋮ [T1,Vsystem,n1,s1] 31 +Table cache: 12 entries (9.8KB)  hit rate: 99.6%
I250822 09:57:48.702766 739 3@kv/kvserver/store.go:3801 ⋮ [T1,Vsystem,n1,s1] 31 +Snapshots: 0  earliest seq num: 0
I250822 09:57:48.702766 739 3@kv/kvserver/store.go:3801 ⋮ [T1,Vsystem,n1,s1] 31 +Table iters: 0
I250822 09:57:48.702766 739 3@kv/kvserver/store.go:3801 ⋮ [T1,Vsystem,n1,s1] 31 +Filter utility: 65.4%
I250822 09:57:48.702766 739 3@kv/kvserver/store.go:3801 ⋮ [T1,Vsystem,n1,s1] 31 +Ingestions: 0  as flushable: 0 (0B in 0 tables)
I250822 09:57:48.702766 739 3@kv/kvserver/store.go:3801 ⋮ [T1,Vsystem,n1,s1] 31 +Cgo memory usage: 52MB  block cache: 3.2MB (data: 3.2MB, maps: 18KB, entries: 7.1KB)  memtables: 48MB
I250822 10:01:39.300213 682 3@pebble/event.go:1059 ⋮ [n1,s1,pebble] 32  [JOB 7] WAL created 004188
I250822 10:01:39.328069 6973 3@pebble/event.go:1011 ⋮ [n1,s1,pebble] 33  [JOB 8] flushing 1 memtable (32MB) to L0
I250822 10:01:39.336321 6973 3@pebble/event.go:1039 ⋮ [n1,s1,pebble] 34  [JOB 8] flushing: sstable created 004189
I250822 10:01:39.878358 6973 3@pebble/event.go:1015 ⋮ [n1,s1,pebble] 35  [JOB 8] flushed 1 memtable (32MB) to L0 [004189] (502KB), in 0.5s (0.5s total), output rate 917KB/s
I250822 10:01:39.878678 6977 3@pebble/event.go:999 ⋮ [n1,s1,pebble] 36  [JOB 10] compacting(default) L0 [004189] (502KB) Score=12.71 + L5 [004185 004186 004187] (5.0MB) Score=0.21; OverlappingRatio: Single 10.27, Multi 0.00
I250822 10:01:40.009683 6977 3@pebble/event.go:1039 ⋮ [n1,s1,pebble] 37  [JOB 10] compacting: sstable created 004190
I250822 10:01:41.821195 6977 3@pebble/event.go:1039 ⋮ [n1,s1,pebble] 38  [JOB 10] compacting: sstable created 004191
I250822 10:01:42.244192 6977 3@pebble/event.go:1039 ⋮ [n1,s1,pebble] 39  [JOB 10] compacting: sstable created 004192
I250822 10:01:42.578696 6977 3@pebble/event.go:1003 ⋮ [n1,s1,pebble] 40  [JOB 10] compacted(default) L0 [004189] (502KB) Score=12.71 + L5 [004185 004186 004187] (5.0MB) Score=0.21 -> L5 [004190 004191 004192] (5.4MB), in 2.7s (2.7s total), output rate 2.0MB/s
I250822 10:01:42.596709 53 3@pebble/event.go:1043 ⋮ [n1,s1,pebble] 41  [JOB 10] sstable deleted 004185
I250822 10:01:42.598751 53 3@pebble/event.go:1043 ⋮ [n1,s1,pebble] 42  [JOB 10] sstable deleted 004186
I250822 10:01:42.600139 53 3@pebble/event.go:1043 ⋮ [n1,s1,pebble] 43  [JOB 10] sstable deleted 004187
I250822 10:01:42.602980 53 3@pebble/event.go:1043 ⋮ [n1,s1,pebble] 44  [JOB 10] sstable deleted 004189
