I250820 22:36:59.884990 82 util/log/file_sync_buffer.go:237 ⋮ [config]   file created at: 2025/08/20 22:36:59
I250820 22:36:59.885009 82 util/log/file_sync_buffer.go:237 ⋮ [config]   running on machine: ‹717b1eb95243›
I250820 22:36:59.885019 82 util/log/file_sync_buffer.go:237 ⋮ [config]   binary: CockroachDB CCL v25.2.0 (aarch64-unknown-linux-gnu, built 2025/05/15 21:07:42, go1.23.7 X:nocoverageredesign)
I250820 22:36:59.885024 82 util/log/file_sync_buffer.go:237 ⋮ [config]   arguments: [‹/cockroach/cockroach› ‹start-single-node› ‹--certs-dir=certs› ‹--advertise-addr=127.0.0.1:26257› ‹--insecure› ‹--http-addr=0.0.0.0:8080›]
I250820 22:36:59.885033 82 util/log/file_sync_buffer.go:237 ⋮ [config]   log format (utf8=✓): crdb-v2
I250820 22:36:59.885035 82 util/log/file_sync_buffer.go:237 ⋮ [config]   line format: [IWEF]yymmdd hh:mm:ss.uuuuuu goid [chan@]file:line redactionmark \[tags\] [counter] msg
I250820 22:36:59.882436 82 3@pebble/objstorage/objstorageprovider/remote.go:102 ⋮ [n?,s?,pebble] 1  remote storage configured; creatorID = 1
I250820 22:37:00.359433 82 3@pebble/open.go:1054 ⋮ [n?,s?,pebble] 2  [JOB ‹1›] WAL ‹003453: {(/cockroach/cockroach-data,000)}› stopped reading at offset: (‹/cockroach/cockroach-data/003453.log›: 35285062); replayed 106406 keys in 3989 batches
I250820 22:37:00.359825 99 3@pebble/event.go:1011 ⋮ [n?,s?,pebble] 3  [JOB 2] flushing 8 memtables (37MB) to L0
I250820 22:37:00.370803 99 3@pebble/event.go:1039 ⋮ [n?,s?,pebble] 4  [JOB 2] flushing: sstable created 003456
I250820 22:37:00.446630 99 3@pebble/event.go:1039 ⋮ [n?,s?,pebble] 5  [JOB 2] flushing: sstable created 003457
I250820 22:37:00.489156 99 3@pebble/event.go:1039 ⋮ [n?,s?,pebble] 6  [JOB 2] flushing: sstable created 003458
I250820 22:37:00.535695 99 3@pebble/event.go:1039 ⋮ [n?,s?,pebble] 7  [JOB 2] flushing: sstable created 003459
I250820 22:37:00.547793 99 3@pebble/event.go:1031 ⋮ [n?,s?,pebble] 8  [JOB 2] MANIFEST created 003460
I250820 22:37:00.548058 99 3@pebble/event.go:1015 ⋮ [n?,s?,pebble] 9  [JOB 2] flushed 8 memtables (37MB) to L0 [003456 003457 003458 003459] (354KB), in 0.2s (0.2s total), output rate 1.9MB/s
I250820 22:37:00.551390 82 3@pebble/event.go:1059 ⋮ [n?,s?,pebble] 10  [JOB 1] WAL created 003461
I250820 22:37:00.552819 38 3@pebble/event.go:1063 ⋮ [n?,s?,pebble] 11  [JOB 2] WAL deleted 003453
I250820 22:37:00.557102 137 3@pebble/event.go:999 ⋮ [n?,s?,pebble] 12  [JOB 4] compacting(default) L0 [003449 003457] (140KB) Score=1.99 + L6 [003434 003435 003436 003437 003438] (18MB) Score=1.01; OverlappingRatio: Single 130.49, Multi 0.00
I250820 22:37:00.557264 136 3@pebble/event.go:999 ⋮ [n?,s?,pebble] 13  [JOB 5] compacting(default) L0 [003448 003456] (435KB) Score=2.00 + L6 [003429 003430 003431 003432 003433] (18MB) Score=1.00; OverlappingRatio: Single 43.05, Multi 0.00
I250820 22:37:00.594736 136 3@pebble/event.go:1039 ⋮ [n?,s?,pebble] 14  [JOB 5] compacting: sstable created 003463
I250820 22:37:00.598314 137 3@pebble/event.go:1039 ⋮ [n?,s?,pebble] 15  [JOB 4] compacting: sstable created 003464
I250820 22:37:00.609778 39 3@pebble/event.go:1051 ⋮ [n?,s?,pebble] 16  [JOB 6] all initial table stats loaded
I250820 22:37:01.537639 136 3@pebble/event.go:1039 ⋮ [n?,s?,pebble] 17  [JOB 5] compacting: sstable created 003465
I250820 22:37:01.580226 137 3@pebble/event.go:1039 ⋮ [n?,s?,pebble] 18  [JOB 4] compacting: sstable created 003466
I250820 22:37:02.328467 137 3@pebble/event.go:1039 ⋮ [n?,s?,pebble] 19  [JOB 4] compacting: sstable created 003467
I250820 22:37:02.594243 136 3@pebble/event.go:1039 ⋮ [n?,s?,pebble] 20  [JOB 5] compacting: sstable created 003468
I250820 22:37:03.107880 137 3@pebble/event.go:1039 ⋮ [n?,s?,pebble] 21  [JOB 4] compacting: sstable created 003469
I250820 22:37:03.421675 136 3@pebble/event.go:1039 ⋮ [n?,s?,pebble] 22  [JOB 5] compacting: sstable created 003470
I250820 22:37:03.763045 137 3@pebble/event.go:1039 ⋮ [n?,s?,pebble] 23  [JOB 4] compacting: sstable created 003471
I250820 22:37:04.140625 137 3@pebble/event.go:1003 ⋮ [n?,s?,pebble] 24  [JOB 4] compacted(default) L0 [003449 003457] (140KB) Score=1.99 + L6 [003434 003435 003436 003437 003438] (18MB) Score=1.01 -> L6 [003464 003466 003467 003469 003471] (18MB), in 3.6s (3.6s total), output rate 5.0MB/s
I250820 22:37:04.337159 136 3@pebble/event.go:1039 ⋮ [n?,s?,pebble] 25  [JOB 5] compacting: sstable created 003472
I250820 22:37:04.571987 136 3@pebble/event.go:1003 ⋮ [n?,s?,pebble] 26  [JOB 5] compacted(default) L0 [003448 003456] (435KB) Score=2.00 + L6 [003429 003430 003431 003432 003433] (18MB) Score=1.00 -> L6 [003463 003465 003468 003470 003472] (18MB), in 4.0s (4.0s total), output rate 4.6MB/s
I250820 22:37:04.577488 46 3@pebble/event.go:999 ⋮ [n?,s?,pebble] 27  [JOB 7] compacting(default) L0 [003450 003458] (135KB) Score=2.00 + L6 [003439 003440 003441 003442 003443] (18MB) Score=1.00; OverlappingRatio: Single 133.70, Multi 0.00
I250820 22:37:04.577673 47 3@pebble/event.go:999 ⋮ [n?,s?,pebble] 28  [JOB 8] compacting(default) L0 [003451 003459] (166KB) Score=1.99 + L6 [003444 003445 003446] (10MB) Score=1.00; OverlappingRatio: Single 62.59, Multi 0.00
I250820 22:37:04.578046 38 3@pebble/event.go:1043 ⋮ [n?,s?,pebble] 29  [JOB 5] sstable deleted 003429
I250820 22:37:04.578766 38 3@pebble/event.go:1043 ⋮ [n?,s?,pebble] 30  [JOB 5] sstable deleted 003430
I250820 22:37:04.582590 38 3@pebble/event.go:1043 ⋮ [n?,s?,pebble] 31  [JOB 5] sstable deleted 003431
I250820 22:37:04.589189 38 3@pebble/event.go:1043 ⋮ [n?,s?,pebble] 32  [JOB 5] sstable deleted 003432
I250820 22:37:04.590664 38 3@pebble/event.go:1043 ⋮ [n?,s?,pebble] 33  [JOB 5] sstable deleted 003433
I250820 22:37:04.592899 38 3@pebble/event.go:1043 ⋮ [n?,s?,pebble] 34  [JOB 5] sstable deleted 003434
I250820 22:37:04.593123 46 3@pebble/event.go:1039 ⋮ [n?,s?,pebble] 35  [JOB 7] compacting: sstable created 003473
I250820 22:37:04.593825 38 3@pebble/event.go:1043 ⋮ [n?,s?,pebble] 36  [JOB 5] sstable deleted 003435
I250820 22:37:04.594441 38 3@pebble/event.go:1043 ⋮ [n?,s?,pebble] 37  [JOB 5] sstable deleted 003436
I250820 22:37:04.595367 47 3@pebble/event.go:1039 ⋮ [n?,s?,pebble] 38  [JOB 8] compacting: sstable created 003474
I250820 22:37:04.595440 38 3@pebble/event.go:1043 ⋮ [n?,s?,pebble] 39  [JOB 5] sstable deleted 003437
I250820 22:37:04.598933 38 3@pebble/event.go:1043 ⋮ [n?,s?,pebble] 40  [JOB 5] sstable deleted 003438
I250820 22:37:04.600198 38 3@pebble/event.go:1043 ⋮ [n?,s?,pebble] 41  [JOB 5] sstable deleted 003448
I250820 22:37:04.600888 38 3@pebble/event.go:1043 ⋮ [n?,s?,pebble] 42  [JOB 5] sstable deleted 003449
I250820 22:37:04.601523 38 3@pebble/event.go:1043 ⋮ [n?,s?,pebble] 43  [JOB 5] sstable deleted 003456
I250820 22:37:04.603388 38 3@pebble/event.go:1043 ⋮ [n?,s?,pebble] 44  [JOB 5] sstable deleted 003457
I250820 22:37:04.604024 38 3@pebble/event.go:1035 ⋮ [n?,s?,pebble] 45  [JOB 1] MANIFEST deleted 003380
I250820 22:37:04.627524 82 3@pebble/event.go:1031 ⋮ [n?,s?,pebble] 46  [JOB 1] MANIFEST created 000001
I250820 22:37:04.631408 82 3@pebble/event.go:1059 ⋮ [n?,s?,pebble] 47  [JOB 1] WAL created 000002
I250820 22:37:04.633293 82 3@pebble/event.go:1027 ⋮ [n?,s?,pebble] 48  upgraded to format version: 014
I250820 22:37:04.635769 82 3@pebble/event.go:1027 ⋮ [n?,s?,pebble] 49  upgraded to format version: 015
I250820 22:37:04.637254 82 3@pebble/event.go:1027 ⋮ [n?,s?,pebble] 50  upgraded to format version: 016
I250820 22:37:04.639144 82 3@pebble/event.go:1027 ⋮ [n?,s?,pebble] 51  upgraded to format version: 017
I250820 22:37:04.641411 82 3@pebble/event.go:1027 ⋮ [n?,s?,pebble] 52  upgraded to format version: 018
I250820 22:37:04.644466 82 3@pebble/event.go:1027 ⋮ [n?,s?,pebble] 53  upgraded to format version: 019
I250820 22:37:04.648713 196 3@pebble/event.go:1051 ⋮ [n?,s?,pebble] 54  [JOB 2] all initial table stats loaded
I250820 22:37:05.002061 47 3@pebble/event.go:1039 ⋮ [n1,s1,pebble] 55  [JOB 8] compacting: sstable created 003475
I250820 22:37:05.067499 46 3@pebble/event.go:1039 ⋮ [n1,s1,pebble] 56  [JOB 7] compacting: sstable created 003476
I250820 22:37:05.401509 47 3@pebble/event.go:1039 ⋮ [n1,s1,pebble] 57  [JOB 8] compacting: sstable created 003477
I250820 22:37:05.456594 46 3@pebble/event.go:1039 ⋮ [n1,s1,pebble] 58  [JOB 7] compacting: sstable created 003478
I250820 22:37:05.535421 47 3@pebble/event.go:1003 ⋮ [n1,s1,pebble] 59  [JOB 8] compacted(default) L0 [003451 003459] (166KB) Score=1.99 + L6 [003444 003445 003446] (10MB) Score=1.00 -> L6 [003474 003475 003477] (10MB), in 1.0s (1.0s total), output rate 11MB/s
I250820 22:37:05.668288 46 3@pebble/event.go:1039 ⋮ [n1,s1,pebble] 60  [JOB 7] compacting: sstable created 003479
I250820 22:37:05.879036 46 3@pebble/event.go:1039 ⋮ [n1,s1,pebble] 61  [JOB 7] compacting: sstable created 003480
I250820 22:37:06.019253 46 3@pebble/event.go:1003 ⋮ [n1,s1,pebble] 62  [JOB 7] compacted(default) L0 [003450 003458] (135KB) Score=2.00 + L6 [003439 003440 003441 003442 003443] (18MB) Score=1.00 -> L6 [003473 003476 003478 003479 003480] (18MB), in 1.4s (1.4s total), output rate 12MB/s
I250820 22:37:06.021728 38 3@pebble/event.go:1043 ⋮ [n1,s1,pebble] 63  [JOB 7] sstable deleted 003439
I250820 22:37:06.022814 38 3@pebble/event.go:1043 ⋮ [n1,s1,pebble] 64  [JOB 7] sstable deleted 003440
I250820 22:37:06.023600 38 3@pebble/event.go:1043 ⋮ [n1,s1,pebble] 65  [JOB 7] sstable deleted 003441
I250820 22:37:06.024615 38 3@pebble/event.go:1043 ⋮ [n1,s1,pebble] 66  [JOB 7] sstable deleted 003442
I250820 22:37:06.027328 38 3@pebble/event.go:1043 ⋮ [n1,s1,pebble] 67  [JOB 7] sstable deleted 003443
I250820 22:37:06.030713 38 3@pebble/event.go:1043 ⋮ [n1,s1,pebble] 68  [JOB 7] sstable deleted 003444
I250820 22:37:06.031704 38 3@pebble/event.go:1043 ⋮ [n1,s1,pebble] 69  [JOB 7] sstable deleted 003445
I250820 22:37:06.040667 38 3@pebble/event.go:1043 ⋮ [n1,s1,pebble] 70  [JOB 7] sstable deleted 003446
I250820 22:37:06.050154 38 3@pebble/event.go:1043 ⋮ [n1,s1,pebble] 71  [JOB 7] sstable deleted 003450
I250820 22:37:06.050880 38 3@pebble/event.go:1043 ⋮ [n1,s1,pebble] 72  [JOB 7] sstable deleted 003451
I250820 22:37:06.052492 38 3@pebble/event.go:1043 ⋮ [n1,s1,pebble] 73  [JOB 7] sstable deleted 003458
I250820 22:37:06.053397 38 3@pebble/event.go:1043 ⋮ [n1,s1,pebble] 74  [JOB 7] sstable deleted 003459
I250820 22:37:25.240711 840 3@kv/kvserver/store.go:3801 ⋮ [T1,Vsystem,n1,s1] 75  Pebble metrics:
I250820 22:37:25.240711 840 3@kv/kvserver/store.go:3801 ⋮ [T1,Vsystem,n1,s1] 75 +      |                             |       |       |   ingested   |     moved    |    written   |       |    amp
I250820 22:37:25.240711 840 3@kv/kvserver/store.go:3801 ⋮ [T1,Vsystem,n1,s1] 75 +level | tables  size val-bl vtables | score |   in  | tables  size | tables  size | tables  size |  read |   r   w
I250820 22:37:25.240711 840 3@kv/kvserver/store.go:3801 ⋮ [T1,Vsystem,n1,s1] 75 +------+-----------------------------+-------+-------+--------------+--------------+--------------+-------+---------
I250820 22:37:25.240711 840 3@kv/kvserver/store.go:3801 ⋮ [T1,Vsystem,n1,s1] 75 +    0 |     0     0B     0B       0 |  0.00 |  34MB |     0     0B |     0     0B |     4  354KB |    0B |   0  0.0
I250820 22:37:25.240711 840 3@kv/kvserver/store.go:3801 ⋮ [T1,Vsystem,n1,s1] 75 +    1 |     0     0B     0B       0 |  0.00 |    0B |     0     0B |     0     0B |     0     0B |    0B |   0  0.0
I250820 22:37:25.240711 840 3@kv/kvserver/store.go:3801 ⋮ [T1,Vsystem,n1,s1] 75 +    2 |     0     0B     0B       0 |  0.00 |    0B |     0     0B |     0     0B |     0     0B |    0B |   0  0.0
I250820 22:37:25.240711 840 3@kv/kvserver/store.go:3801 ⋮ [T1,Vsystem,n1,s1] 75 +    3 |     0     0B     0B       0 |  0.00 |    0B |     0     0B |     0     0B |     0     0B |    0B |   0  0.0
I250820 22:37:25.240711 840 3@kv/kvserver/store.go:3801 ⋮ [T1,Vsystem,n1,s1] 75 +    4 |     0     0B     0B       0 |  0.00 |    0B |     0     0B |     0     0B |     0     0B |    0B |   0  0.0
I250820 22:37:25.240711 840 3@kv/kvserver/store.go:3801 ⋮ [T1,Vsystem,n1,s1] 75 +    5 |     0     0B     0B       0 |  0.00 |    0B |     0     0B |     0     0B |     0     0B |    0B |   0  0.0
I250820 22:37:25.240711 840 3@kv/kvserver/store.go:3801 ⋮ [T1,Vsystem,n1,s1] 75 +    6 |    18   64MB  782KB       0 |     - | 877KB |     0     0B |     0     0B |    18   64MB |  65MB |   1 75.2
I250820 22:37:25.240711 840 3@kv/kvserver/store.go:3801 ⋮ [T1,Vsystem,n1,s1] 75 +total |    18   64MB  782KB       0 |     - |  36MB |     0     0B |     0     0B |    22  101MB |  65MB |   1  2.8
I250820 22:37:25.240711 840 3@kv/kvserver/store.go:3801 ⋮ [T1,Vsystem,n1,s1] 75 +-------------------------------------------------------------------------------------------------------------------
I250820 22:37:25.240711 840 3@kv/kvserver/store.go:3801 ⋮ [T1,Vsystem,n1,s1] 75 +WAL: 1 files (2.3MB)  in: 2.3MB  written: 36MB (1451% overhead)
I250820 22:37:25.240711 840 3@kv/kvserver/store.go:3801 ⋮ [T1,Vsystem,n1,s1] 75 +Flushes: 1
I250820 22:37:25.240711 840 3@kv/kvserver/store.go:3801 ⋮ [T1,Vsystem,n1,s1] 75 +Compactions: 4  estimated debt: 0B  in progress: 0 (0B)
I250820 22:37:25.240711 840 3@kv/kvserver/store.go:3801 ⋮ [T1,Vsystem,n1,s1] 75 +             default: 4  delete: 0  elision: 0  move: 0  read: 0  tombstone-density: 0  rewrite: 0  copy: 0  multi-level: 0
I250820 22:37:25.240711 840 3@kv/kvserver/store.go:3801 ⋮ [T1,Vsystem,n1,s1] 75 +MemTables: 1 (64MB)  zombie: 1 (32MB)
I250820 22:37:25.240711 840 3@kv/kvserver/store.go:3801 ⋮ [T1,Vsystem,n1,s1] 75 +Zombie tables: 0 (0B, local: 0B)
I250820 22:37:25.240711 840 3@kv/kvserver/store.go:3801 ⋮ [T1,Vsystem,n1,s1] 75 +Backing tables: 0 (0B)
I250820 22:37:25.240711 840 3@kv/kvserver/store.go:3801 ⋮ [T1,Vsystem,n1,s1] 75 +Virtual tables: 0 (0B)
I250820 22:37:25.240711 840 3@kv/kvserver/store.go:3801 ⋮ [T1,Vsystem,n1,s1] 75 +Local tables size: 64MB
I250820 22:37:25.240711 840 3@kv/kvserver/store.go:3801 ⋮ [T1,Vsystem,n1,s1] 75 +Compression types: snappy: 18
I250820 22:37:25.240711 840 3@kv/kvserver/store.go:3801 ⋮ [T1,Vsystem,n1,s1] 75 +Block cache: 48 entries (1.6MB)  hit rate: 32.2%
I250820 22:37:25.240711 840 3@kv/kvserver/store.go:3801 ⋮ [T1,Vsystem,n1,s1] 75 +Table cache: 2 entries (1.6KB)  hit rate: 99.1%
I250820 22:37:25.240711 840 3@kv/kvserver/store.go:3801 ⋮ [T1,Vsystem,n1,s1] 75 +Snapshots: 0  earliest seq num: 0
I250820 22:37:25.240711 840 3@kv/kvserver/store.go:3801 ⋮ [T1,Vsystem,n1,s1] 75 +Table iters: 0
I250820 22:37:25.240711 840 3@kv/kvserver/store.go:3801 ⋮ [T1,Vsystem,n1,s1] 75 +Filter utility: 67.0%
I250820 22:37:25.240711 840 3@kv/kvserver/store.go:3801 ⋮ [T1,Vsystem,n1,s1] 75 +Ingestions: 0  as flushable: 0 (0B in 0 tables)
I250820 22:37:25.240711 840 3@kv/kvserver/store.go:3801 ⋮ [T1,Vsystem,n1,s1] 75 +Cgo memory usage: 98MB  block cache: 1.7MB (data: 1.6MB, maps: 16KB, entries: 6.6KB)  memtables: 96MB
I250820 22:45:25.317993 788 3@pebble/event.go:1059 ⋮ [n1,s1,pebble] 76  [JOB 9] WAL created 003481
I250820 22:45:25.321051 12085 3@pebble/event.go:1011 ⋮ [n1,s1,pebble] 77  [JOB 10] flushing 1 memtable (63MB) to L0
I250820 22:45:25.322548 12085 3@pebble/event.go:1039 ⋮ [n1,s1,pebble] 78  [JOB 10] flushing: sstable created 003482
I250820 22:45:25.361677 12085 3@pebble/event.go:1039 ⋮ [n1,s1,pebble] 79  [JOB 10] flushing: sstable created 003483
I250820 22:45:25.379614 12085 3@pebble/event.go:1039 ⋮ [n1,s1,pebble] 80  [JOB 10] flushing: sstable created 003484
I250820 22:45:25.395669 12085 3@pebble/event.go:1039 ⋮ [n1,s1,pebble] 81  [JOB 10] flushing: sstable created 003485
I250820 22:45:25.401320 12085 3@pebble/event.go:1015 ⋮ [n1,s1,pebble] 82  [JOB 10] flushed 1 memtable (63MB) to L0 [003482 003483 003484 003485] (588KB), in 0.1s (0.1s total), output rate 7.2MB/s
I250820 22:47:25.259621 840 3@kv/kvserver/store.go:3801 ⋮ [T1,Vsystem,n1,s1] 83  Pebble metrics:
I250820 22:47:25.259621 840 3@kv/kvserver/store.go:3801 ⋮ [T1,Vsystem,n1,s1] 83 +      |                             |       |       |   ingested   |     moved    |    written   |       |    amp
I250820 22:47:25.259621 840 3@kv/kvserver/store.go:3801 ⋮ [T1,Vsystem,n1,s1] 83 +level | tables  size val-bl vtables | score |   in  | tables  size | tables  size | tables  size |  read |   r   w
I250820 22:47:25.259621 840 3@kv/kvserver/store.go:3801 ⋮ [T1,Vsystem,n1,s1] 83 +------+-----------------------------+-------+-------+--------------+--------------+--------------+-------+---------
I250820 22:47:25.259621 840 3@kv/kvserver/store.go:3801 ⋮ [T1,Vsystem,n1,s1] 83 +    0 |     4  588KB  6.5KB       0 |  0.99 |  91MB |     0     0B |     0     0B |     8  942KB |    0B |   1  0.0
I250820 22:47:25.259621 840 3@kv/kvserver/store.go:3801 ⋮ [T1,Vsystem,n1,s1] 83 +    1 |     0     0B     0B       0 |  0.00 |    0B |     0     0B |     0     0B |     0     0B |    0B |   0  0.0
I250820 22:47:25.259621 840 3@kv/kvserver/store.go:3801 ⋮ [T1,Vsystem,n1,s1] 83 +    2 |     0     0B     0B       0 |  0.00 |    0B |     0     0B |     0     0B |     0     0B |    0B |   0  0.0
I250820 22:47:25.259621 840 3@kv/kvserver/store.go:3801 ⋮ [T1,Vsystem,n1,s1] 83 +    3 |     0     0B     0B       0 |  0.00 |    0B |     0     0B |     0     0B |     0     0B |    0B |   0  0.0
I250820 22:47:25.259621 840 3@kv/kvserver/store.go:3801 ⋮ [T1,Vsystem,n1,s1] 83 +    4 |     0     0B     0B       0 |  0.00 |    0B |     0     0B |     0     0B |     0     0B |    0B |   0  0.0
I250820 22:47:25.259621 840 3@kv/kvserver/store.go:3801 ⋮ [T1,Vsystem,n1,s1] 83 +    5 |     0     0B     0B       0 |  0.00 |    0B |     0     0B |     0     0B |     0     0B |    0B |   0  0.0
I250820 22:47:25.259621 840 3@kv/kvserver/store.go:3801 ⋮ [T1,Vsystem,n1,s1] 83 +    6 |    18   64MB  782KB       0 |     - | 877KB |     0     0B |     0     0B |    18   64MB |  65MB |   1 75.2
I250820 22:47:25.259621 840 3@kv/kvserver/store.go:3801 ⋮ [T1,Vsystem,n1,s1] 83 +total |    22   65MB  788KB       0 |     - | 104MB |     0     0B |     0     0B |    26  170MB |  65MB |   2  1.6
I250820 22:47:25.259621 840 3@kv/kvserver/store.go:3801 ⋮ [T1,Vsystem,n1,s1] 83 +-------------------------------------------------------------------------------------------------------------------
I250820 22:47:25.259621 840 3@kv/kvserver/store.go:3801 ⋮ [T1,Vsystem,n1,s1] 83 +WAL: 1 files (14MB)  in: 71MB  written: 104MB (48% overhead)
I250820 22:47:25.259621 840 3@kv/kvserver/store.go:3801 ⋮ [T1,Vsystem,n1,s1] 83 +Flushes: 2
I250820 22:47:25.259621 840 3@kv/kvserver/store.go:3801 ⋮ [T1,Vsystem,n1,s1] 83 +Compactions: 4  estimated debt: 65MB  in progress: 0 (0B)
I250820 22:47:25.259621 840 3@kv/kvserver/store.go:3801 ⋮ [T1,Vsystem,n1,s1] 83 +             default: 4  delete: 0  elision: 0  move: 0  read: 0  tombstone-density: 0  rewrite: 0  copy: 0  multi-level: 0
I250820 22:47:25.259621 840 3@kv/kvserver/store.go:3801 ⋮ [T1,Vsystem,n1,s1] 83 +MemTables: 1 (64MB)  zombie: 1 (64MB)
I250820 22:47:25.259621 840 3@kv/kvserver/store.go:3801 ⋮ [T1,Vsystem,n1,s1] 83 +Zombie tables: 0 (0B, local: 0B)
I250820 22:47:25.259621 840 3@kv/kvserver/store.go:3801 ⋮ [T1,Vsystem,n1,s1] 83 +Backing tables: 0 (0B)
I250820 22:47:25.259621 840 3@kv/kvserver/store.go:3801 ⋮ [T1,Vsystem,n1,s1] 83 +Virtual tables: 0 (0B)
I250820 22:47:25.259621 840 3@kv/kvserver/store.go:3801 ⋮ [T1,Vsystem,n1,s1] 83 +Local tables size: 65MB
I250820 22:47:25.259621 840 3@kv/kvserver/store.go:3801 ⋮ [T1,Vsystem,n1,s1] 83 +Compression types: snappy: 22
I250820 22:47:25.259621 840 3@kv/kvserver/store.go:3801 ⋮ [T1,Vsystem,n1,s1] 83 +Block cache: 0 entries (0B)  hit rate: 53.1%
I250820 22:47:25.259621 840 3@kv/kvserver/store.go:3801 ⋮ [T1,Vsystem,n1,s1] 83 +Table cache: 9 entries (7.3KB)  hit rate: 99.8%
I250820 22:47:25.259621 840 3@kv/kvserver/store.go:3801 ⋮ [T1,Vsystem,n1,s1] 83 +Snapshots: 0  earliest seq num: 0
I250820 22:47:25.259621 840 3@kv/kvserver/store.go:3801 ⋮ [T1,Vsystem,n1,s1] 83 +Table iters: 0
I250820 22:47:25.259621 840 3@kv/kvserver/store.go:3801 ⋮ [T1,Vsystem,n1,s1] 83 +Filter utility: 86.7%
I250820 22:47:25.259621 840 3@kv/kvserver/store.go:3801 ⋮ [T1,Vsystem,n1,s1] 83 +Ingestions: 0  as flushable: 0 (0B in 0 tables)
I250820 22:47:25.259621 840 3@kv/kvserver/store.go:3801 ⋮ [T1,Vsystem,n1,s1] 83 +Cgo memory usage: 128MB  block cache: 25KB (data: 0B, maps: 16KB, entries: 8.8KB)  memtables: 128MB
I250820 22:53:45.381330 787 3@pebble/event.go:1059 ⋮ [n1,s1,pebble] 84  [JOB 12] WAL created 003486 (recycled 003461)
I250820 22:53:45.382860 21217 3@pebble/event.go:1011 ⋮ [n1,s1,pebble] 85  [JOB 13] flushing 1 memtable (64MB) to L0
I250820 22:53:45.385113 21217 3@pebble/event.go:1039 ⋮ [n1,s1,pebble] 86  [JOB 13] flushing: sstable created 003487
I250820 22:53:45.430131 21217 3@pebble/event.go:1039 ⋮ [n1,s1,pebble] 87  [JOB 13] flushing: sstable created 003488
I250820 22:53:45.449169 21217 3@pebble/event.go:1039 ⋮ [n1,s1,pebble] 88  [JOB 13] flushing: sstable created 003489
I250820 22:53:45.462812 21217 3@pebble/event.go:1039 ⋮ [n1,s1,pebble] 89  [JOB 13] flushing: sstable created 003490
I250820 22:53:45.469276 21217 3@pebble/event.go:1015 ⋮ [n1,s1,pebble] 90  [JOB 13] flushed 1 memtable (64MB) to L0 [003487 003488 003489 003490] (597KB), in 0.1s (0.1s total), output rate 6.8MB/s
I250820 22:53:45.469982 21289 3@pebble/event.go:999 ⋮ [n1,s1,pebble] 91  [JOB 15] compacting(default) L0 [003482 003487] (609KB) Score=1.99 + L6 [003463 003465 003468 003470 003472] (18MB) Score=1.01; OverlappingRatio: Single 30.72, Multi 0.00
I250820 22:53:45.470546 21290 3@pebble/event.go:999 ⋮ [n1,s1,pebble] 92  [JOB 16] compacting(default) L0 [003483 003488] (178KB) Score=1.97 + L6 [003464 003466 003467 003469 003471] (18MB) Score=1.02; OverlappingRatio: Single 103.64, Multi 0.00
I250820 22:53:45.472200 21289 3@pebble/event.go:1039 ⋮ [n1,s1,pebble] 93  [JOB 15] compacting: sstable created 003491
I250820 22:53:45.473582 21290 3@pebble/event.go:1039 ⋮ [n1,s1,pebble] 94  [JOB 16] compacting: sstable created 003492
I250820 22:53:45.628351 21289 3@pebble/event.go:1039 ⋮ [n1,s1,pebble] 95  [JOB 15] compacting: sstable created 003493
I250820 22:53:45.649809 21290 3@pebble/event.go:1039 ⋮ [n1,s1,pebble] 96  [JOB 16] compacting: sstable created 003494
I250820 22:53:45.789971 21290 3@pebble/event.go:1039 ⋮ [n1,s1,pebble] 97  [JOB 16] compacting: sstable created 003495
I250820 22:53:45.818198 21289 3@pebble/event.go:1039 ⋮ [n1,s1,pebble] 98  [JOB 15] compacting: sstable created 003496
I250820 22:53:45.929062 21290 3@pebble/event.go:1039 ⋮ [n1,s1,pebble] 99  [JOB 16] compacting: sstable created 003497
I250820 22:53:45.987568 21289 3@pebble/event.go:1039 ⋮ [n1,s1,pebble] 100  [JOB 15] compacting: sstable created 003498
I250820 22:53:46.068718 21290 3@pebble/event.go:1039 ⋮ [n1,s1,pebble] 101  [JOB 16] compacting: sstable created 003499
I250820 22:53:46.112722 21290 3@pebble/event.go:1003 ⋮ [n1,s1,pebble] 102  [JOB 16] compacted(default) L0 [003483 003488] (178KB) Score=1.97 + L6 [003464 003466 003467 003469 003471] (18MB) Score=1.02 -> L6 [003492 003494 003495 003497 003499] (18MB), in 0.6s (0.6s total), output rate 28MB/s
I250820 22:53:46.112844 21297 3@pebble/event.go:999 ⋮ [n1,s1,pebble] 103  [JOB 17] compacting(default) L0 [003484 003489] (170KB) Score=1.96 + L6 [003473 003476 003478 003479 003480] (18MB) Score=1.02; OverlappingRatio: Single 107.76, Multi 0.00
I250820 22:53:46.116276 21297 3@pebble/event.go:1039 ⋮ [n1,s1,pebble] 104  [JOB 17] compacting: sstable created 003500
I250820 22:53:46.135227 21289 3@pebble/event.go:1039 ⋮ [n1,s1,pebble] 105  [JOB 15] compacting: sstable created 003501
I250820 22:53:46.213569 21289 3@pebble/event.go:1003 ⋮ [n1,s1,pebble] 106  [JOB 15] compacted(default) L0 [003482 003487] (609KB) Score=1.99 + L6 [003463 003465 003468 003470 003472] (18MB) Score=1.01 -> L6 [003491 003493 003496 003498 003501] (18MB), in 0.7s (0.7s total), output rate 25MB/s
I250820 22:53:46.214143 21137 3@pebble/event.go:999 ⋮ [n1,s1,pebble] 107  [JOB 18] compacting(default) L0 [003485 003490] (229KB) Score=1.97 + L6 [003474 003475 003477] (10MB) Score=1.02; OverlappingRatio: Single 46.06, Multi 0.00
I250820 22:53:46.215195 38 3@pebble/event.go:1043 ⋮ [n1,s1,pebble] 108  [JOB 15] sstable deleted 003464
I250820 22:53:46.215690 38 3@pebble/event.go:1043 ⋮ [n1,s1,pebble] 109  [JOB 15] sstable deleted 003466
I250820 22:53:46.216027 38 3@pebble/event.go:1043 ⋮ [n1,s1,pebble] 110  [JOB 15] sstable deleted 003467
I250820 22:53:46.216607 38 3@pebble/event.go:1043 ⋮ [n1,s1,pebble] 111  [JOB 15] sstable deleted 003469
I250820 22:53:46.216897 38 3@pebble/event.go:1043 ⋮ [n1,s1,pebble] 112  [JOB 15] sstable deleted 003471
I250820 22:53:46.217207 38 3@pebble/event.go:1043 ⋮ [n1,s1,pebble] 113  [JOB 15] sstable deleted 003483
I250820 22:53:46.217203 21137 3@pebble/event.go:1039 ⋮ [n1,s1,pebble] 114  [JOB 18] compacting: sstable created 003502
I250820 22:53:46.217424 38 3@pebble/event.go:1043 ⋮ [n1,s1,pebble] 115  [JOB 15] sstable deleted 003488
I250820 22:53:46.240881 21297 3@pebble/event.go:1039 ⋮ [n1,s1,pebble] 116  [JOB 17] compacting: sstable created 003503
I250820 22:53:46.326715 21137 3@pebble/event.go:1039 ⋮ [n1,s1,pebble] 117  [JOB 18] compacting: sstable created 003504
I250820 22:53:46.350293 21297 3@pebble/event.go:1039 ⋮ [n1,s1,pebble] 118  [JOB 17] compacting: sstable created 003505
I250820 22:53:46.416269 21137 3@pebble/event.go:1039 ⋮ [n1,s1,pebble] 119  [JOB 18] compacting: sstable created 003506
I250820 22:53:46.441684 21297 3@pebble/event.go:1039 ⋮ [n1,s1,pebble] 120  [JOB 17] compacting: sstable created 003507
I250820 22:53:46.472589 21137 3@pebble/event.go:1003 ⋮ [n1,s1,pebble] 121  [JOB 18] compacted(default) L0 [003485 003490] (229KB) Score=1.97 + L6 [003474 003475 003477] (10MB) Score=1.02 -> L6 [003502 003504 003506] (10MB), in 0.3s (0.3s total), output rate 40MB/s
I250820 22:53:46.511846 21297 3@pebble/event.go:1039 ⋮ [n1,s1,pebble] 122  [JOB 17] compacting: sstable created 003508
I250820 22:53:46.544247 21297 3@pebble/event.go:1003 ⋮ [n1,s1,pebble] 123  [JOB 17] compacted(default) L0 [003484 003489] (170KB) Score=1.96 + L6 [003473 003476 003478 003479 003480] (18MB) Score=1.02 -> L6 [003500 003503 003505 003507 003508] (18MB), in 0.4s (0.4s total), output rate 42MB/s
I250820 22:53:46.545196 38 3@pebble/event.go:1043 ⋮ [n1,s1,pebble] 124  [JOB 17] sstable deleted 003463
I250820 22:53:46.545461 38 3@pebble/event.go:1043 ⋮ [n1,s1,pebble] 125  [JOB 17] sstable deleted 003465
I250820 22:53:46.545735 38 3@pebble/event.go:1043 ⋮ [n1,s1,pebble] 126  [JOB 17] sstable deleted 003468
I250820 22:53:46.546036 38 3@pebble/event.go:1043 ⋮ [n1,s1,pebble] 127  [JOB 17] sstable deleted 003470
I250820 22:53:46.546346 38 3@pebble/event.go:1043 ⋮ [n1,s1,pebble] 128  [JOB 17] sstable deleted 003472
I250820 22:53:46.546732 38 3@pebble/event.go:1043 ⋮ [n1,s1,pebble] 129  [JOB 17] sstable deleted 003473
I250820 22:53:46.546998 38 3@pebble/event.go:1043 ⋮ [n1,s1,pebble] 130  [JOB 17] sstable deleted 003474
I250820 22:53:46.547340 38 3@pebble/event.go:1043 ⋮ [n1,s1,pebble] 131  [JOB 17] sstable deleted 003475
I250820 22:53:46.547604 38 3@pebble/event.go:1043 ⋮ [n1,s1,pebble] 132  [JOB 17] sstable deleted 003476
I250820 22:53:46.547847 38 3@pebble/event.go:1043 ⋮ [n1,s1,pebble] 133  [JOB 17] sstable deleted 003477
I250820 22:53:46.548171 38 3@pebble/event.go:1043 ⋮ [n1,s1,pebble] 134  [JOB 17] sstable deleted 003478
I250820 22:53:46.548505 38 3@pebble/event.go:1043 ⋮ [n1,s1,pebble] 135  [JOB 17] sstable deleted 003479
I250820 22:53:46.548761 38 3@pebble/event.go:1043 ⋮ [n1,s1,pebble] 136  [JOB 17] sstable deleted 003480
I250820 22:53:46.548959 38 3@pebble/event.go:1043 ⋮ [n1,s1,pebble] 137  [JOB 17] sstable deleted 003482
I250820 22:53:46.549204 38 3@pebble/event.go:1043 ⋮ [n1,s1,pebble] 138  [JOB 17] sstable deleted 003484
I250820 22:53:46.549447 38 3@pebble/event.go:1043 ⋮ [n1,s1,pebble] 139  [JOB 17] sstable deleted 003485
I250820 22:53:46.549593 38 3@pebble/event.go:1043 ⋮ [n1,s1,pebble] 140  [JOB 17] sstable deleted 003487
I250820 22:53:46.549729 38 3@pebble/event.go:1043 ⋮ [n1,s1,pebble] 141  [JOB 17] sstable deleted 003489
I250820 22:53:46.549856 38 3@pebble/event.go:1043 ⋮ [n1,s1,pebble] 142  [JOB 17] sstable deleted 003490
