I250731 20:43:08.285192 66 util/log/file_sync_buffer.go:237 ⋮ [config]   file created at: 2025/07/31 20:43:08
I250731 20:43:08.285222 66 util/log/file_sync_buffer.go:237 ⋮ [config]   running on machine: ‹22fd5e7fa53b›
I250731 20:43:08.285241 66 util/log/file_sync_buffer.go:237 ⋮ [config]   binary: CockroachDB CCL v25.2.0 (aarch64-unknown-linux-gnu, built 2025/05/15 21:07:42, go1.23.7 X:nocoverageredesign)
I250731 20:43:08.285250 66 util/log/file_sync_buffer.go:237 ⋮ [config]   arguments: [‹/cockroach/cockroach› ‹start-single-node› ‹--certs-dir=certs› ‹--advertise-addr=127.0.0.1:26257› ‹--insecure› ‹--http-addr=0.0.0.0:8080›]
I250731 20:43:08.285304 66 util/log/file_sync_buffer.go:237 ⋮ [config]   log format (utf8=✓): crdb-v2
I250731 20:43:08.285310 66 util/log/file_sync_buffer.go:237 ⋮ [config]   line format: [IWEF]yymmdd hh:mm:ss.uuuuuu goid [chan@]file:line redactionmark \[tags\] [counter] msg
I250731 20:43:08.279113 66 3@pebble/objstorage/objstorageprovider/remote.go:102 ⋮ [n?,s?,pebble] 1  remote storage configured; creatorID = 1
I250731 20:43:09.038023 66 3@pebble/open.go:1054 ⋮ [n?,s?,pebble] 2  [JOB ‹1›] WAL ‹000763: {(/cockroach/cockroach-data,000)}› stopped reading at offset: (‹/cockroach/cockroach-data/000763.log›: 58568358); replayed 172123 keys in 4724 batches
I250731 20:43:09.038273 83 3@pebble/event.go:1011 ⋮ [n?,s?,pebble] 3  [JOB 2] flushing 9 memtables (62MB) to L0
I250731 20:43:09.050246 83 3@pebble/event.go:1039 ⋮ [n?,s?,pebble] 4  [JOB 2] flushing: sstable created 000774
I250731 20:43:09.302680 83 3@pebble/event.go:1039 ⋮ [n?,s?,pebble] 5  [JOB 2] flushing: sstable created 000775
I250731 20:43:09.324351 83 3@pebble/event.go:1031 ⋮ [n?,s?,pebble] 6  [JOB 2] MANIFEST created 000776
I250731 20:43:09.324533 83 3@pebble/event.go:1015 ⋮ [n?,s?,pebble] 7  [JOB 2] flushed 9 memtables (62MB) to L0 [000774 000775] (565KB), in 0.3s (0.3s total), output rate 2.0MB/s
I250731 20:43:09.331174 99 3@pebble/event.go:999 ⋮ [n?,s?,pebble] 8  [JOB 4] compacting(default) L0 [000774] (425KB) Score=2.88 + L6 [000766 000767 000768 000769 000770] (18MB) Score=0.35; OverlappingRatio: Single 42.35, Multi 0.00
I250731 20:43:09.338117 10 3@pebble/event.go:1063 ⋮ [n?,s?,pebble] 9  [JOB 2] WAL deleted 000743
I250731 20:43:09.345941 66 3@pebble/event.go:1059 ⋮ [n?,s?,pebble] 10  [JOB 1] WAL created 000777
I250731 20:43:09.356162 10 3@pebble/event.go:1063 ⋮ [n?,s?,pebble] 11  [JOB 2] WAL deleted 000753
I250731 20:43:09.363339 10 3@pebble/event.go:1063 ⋮ [n?,s?,pebble] 12  [JOB 2] WAL deleted 000763
I250731 20:43:09.475915 90 3@pebble/event.go:1051 ⋮ [n?,s?,pebble] 13  [JOB 5] all initial table stats loaded
I250731 20:43:09.483787 99 3@pebble/event.go:1039 ⋮ [n?,s?,pebble] 14  [JOB 4] compacting: sstable created 000779
I250731 20:43:10.482731 99 3@pebble/event.go:1039 ⋮ [n?,s?,pebble] 15  [JOB 4] compacting: sstable created 000780
I250731 20:43:11.183763 99 3@pebble/event.go:1039 ⋮ [n?,s?,pebble] 16  [JOB 4] compacting: sstable created 000781
I250731 20:43:11.888332 99 3@pebble/event.go:1039 ⋮ [n?,s?,pebble] 17  [JOB 4] compacting: sstable created 000782
I250731 20:43:12.260086 99 3@pebble/event.go:1039 ⋮ [n?,s?,pebble] 18  [JOB 4] compacting: sstable created 000783
I250731 20:43:12.487623 99 3@pebble/event.go:1003 ⋮ [n?,s?,pebble] 19  [JOB 4] compacted(default) L0 [000774] (425KB) Score=2.88 + L6 [000766 000767 000768 000769 000770] (18MB) Score=0.35 -> L6 [000779 000780 000781 000782 000783] (18MB), in 3.2s (3.2s total), output rate 5.6MB/s
I250731 20:43:12.492094 97 3@pebble/event.go:999 ⋮ [n?,s?,pebble] 20  [JOB 6] compacting(default) L0 [000775] (140KB) Score=2.86 + L6 [000771 000772] (4.6MB) Score=0.35; OverlappingRatio: Single 33.99, Multi 0.00
I250731 20:43:12.500094 10 3@pebble/event.go:1043 ⋮ [n?,s?,pebble] 21  [JOB 4] sstable deleted 000766
I250731 20:43:12.502948 10 3@pebble/event.go:1043 ⋮ [n?,s?,pebble] 22  [JOB 4] sstable deleted 000767
I250731 20:43:12.504194 10 3@pebble/event.go:1043 ⋮ [n?,s?,pebble] 23  [JOB 4] sstable deleted 000768
I250731 20:43:12.505573 10 3@pebble/event.go:1043 ⋮ [n?,s?,pebble] 24  [JOB 4] sstable deleted 000769
I250731 20:43:12.511372 10 3@pebble/event.go:1043 ⋮ [n?,s?,pebble] 25  [JOB 4] sstable deleted 000770
I250731 20:43:12.514549 10 3@pebble/event.go:1043 ⋮ [n?,s?,pebble] 26  [JOB 4] sstable deleted 000774
I250731 20:43:12.517690 10 3@pebble/event.go:1035 ⋮ [n?,s?,pebble] 27  [JOB 1] MANIFEST deleted 000709
I250731 20:43:12.520980 97 3@pebble/event.go:1039 ⋮ [n?,s?,pebble] 28  [JOB 6] compacting: sstable created 000784
I250731 20:43:12.550156 66 3@pebble/event.go:1031 ⋮ [n?,s?,pebble] 29  [JOB 1] MANIFEST created 000001
I250731 20:43:12.554018 66 3@pebble/event.go:1059 ⋮ [n?,s?,pebble] 30  [JOB 1] WAL created 000002
I250731 20:43:12.561522 66 3@pebble/event.go:1027 ⋮ [n?,s?,pebble] 31  upgraded to format version: 014
I250731 20:43:12.563706 66 3@pebble/event.go:1027 ⋮ [n?,s?,pebble] 32  upgraded to format version: 015
I250731 20:43:12.569397 66 3@pebble/event.go:1027 ⋮ [n?,s?,pebble] 33  upgraded to format version: 016
I250731 20:43:12.578393 66 3@pebble/event.go:1027 ⋮ [n?,s?,pebble] 34  upgraded to format version: 017
I250731 20:43:12.579835 66 3@pebble/event.go:1027 ⋮ [n?,s?,pebble] 35  upgraded to format version: 018
I250731 20:43:12.582404 66 3@pebble/event.go:1027 ⋮ [n?,s?,pebble] 36  upgraded to format version: 019
I250731 20:43:12.598838 178 3@pebble/event.go:1051 ⋮ [n?,s?,pebble] 37  [JOB 2] all initial table stats loaded
I250731 20:43:13.073323 97 3@pebble/event.go:1039 ⋮ [n1,s1,pebble] 38  [JOB 6] compacting: sstable created 000785
I250731 20:43:13.149751 97 3@pebble/event.go:1003 ⋮ [n1,s1,pebble] 39  [JOB 6] compacted(default) L0 [000775] (140KB) Score=2.86 + L6 [000771 000772] (4.6MB) Score=0.35 -> L6 [000784 000785] (4.8MB), in 0.7s (0.7s total), output rate 7.2MB/s
I250731 20:43:13.151770 10 3@pebble/event.go:1043 ⋮ [n1,s1,pebble] 40  [JOB 6] sstable deleted 000771
I250731 20:43:13.154069 10 3@pebble/event.go:1043 ⋮ [n1,s1,pebble] 41  [JOB 6] sstable deleted 000772
I250731 20:43:13.154586 10 3@pebble/event.go:1043 ⋮ [n1,s1,pebble] 42  [JOB 6] sstable deleted 000775
I250731 20:43:33.254083 133 3@kv/kvserver/store.go:3801 ⋮ [T1,Vsystem,n1,s1] 43  Pebble metrics:
I250731 20:43:33.254083 133 3@kv/kvserver/store.go:3801 ⋮ [T1,Vsystem,n1,s1] 43 +      |                             |       |       |   ingested   |     moved    |    written   |       |    amp
I250731 20:43:33.254083 133 3@kv/kvserver/store.go:3801 ⋮ [T1,Vsystem,n1,s1] 43 +level | tables  size val-bl vtables | score |   in  | tables  size | tables  size | tables  size |  read |   r   w
I250731 20:43:33.254083 133 3@kv/kvserver/store.go:3801 ⋮ [T1,Vsystem,n1,s1] 43 +------+-----------------------------+-------+-------+--------------+--------------+--------------+-------+---------
I250731 20:43:33.254083 133 3@kv/kvserver/store.go:3801 ⋮ [T1,Vsystem,n1,s1] 43 +    0 |     0     0B     0B       0 |  0.00 |  56MB |     0     0B |     0     0B |     2  565KB |    0B |   0  0.0
I250731 20:43:33.254083 133 3@kv/kvserver/store.go:3801 ⋮ [T1,Vsystem,n1,s1] 43 +    1 |     0     0B     0B       0 |  0.00 |    0B |     0     0B |     0     0B |     0     0B |    0B |   0  0.0
I250731 20:43:33.254083 133 3@kv/kvserver/store.go:3801 ⋮ [T1,Vsystem,n1,s1] 43 +    2 |     0     0B     0B       0 |  0.00 |    0B |     0     0B |     0     0B |     0     0B |    0B |   0  0.0
I250731 20:43:33.254083 133 3@kv/kvserver/store.go:3801 ⋮ [T1,Vsystem,n1,s1] 43 +    3 |     0     0B     0B       0 |  0.00 |    0B |     0     0B |     0     0B |     0     0B |    0B |   0  0.0
I250731 20:43:33.254083 133 3@kv/kvserver/store.go:3801 ⋮ [T1,Vsystem,n1,s1] 43 +    4 |     0     0B     0B       0 |  0.00 |    0B |     0     0B |     0     0B |     0     0B |    0B |   0  0.0
I250731 20:43:33.254083 133 3@kv/kvserver/store.go:3801 ⋮ [T1,Vsystem,n1,s1] 43 +    5 |     0     0B     0B       0 |  0.00 |    0B |     0     0B |     0     0B |     0     0B |    0B |   0  0.0
I250731 20:43:33.254083 133 3@kv/kvserver/store.go:3801 ⋮ [T1,Vsystem,n1,s1] 43 +    6 |     7   22MB  785KB       0 |     - | 565KB |     0     0B |     0     0B |     7   22MB |  23MB |   1 40.8
I250731 20:43:33.254083 133 3@kv/kvserver/store.go:3801 ⋮ [T1,Vsystem,n1,s1] 43 +total |     7   22MB  785KB       0 |     - |  58MB |     0     0B |     0     0B |     9   81MB |  23MB |   1  1.4
I250731 20:43:33.254083 133 3@kv/kvserver/store.go:3801 ⋮ [T1,Vsystem,n1,s1] 43 +-------------------------------------------------------------------------------------------------------------------
I250731 20:43:33.254083 133 3@kv/kvserver/store.go:3801 ⋮ [T1,Vsystem,n1,s1] 43 +WAL: 1 files (2.3MB)  in: 2.3MB  written: 58MB (2452% overhead)
I250731 20:43:33.254083 133 3@kv/kvserver/store.go:3801 ⋮ [T1,Vsystem,n1,s1] 43 +Flushes: 1
I250731 20:43:33.254083 133 3@kv/kvserver/store.go:3801 ⋮ [T1,Vsystem,n1,s1] 43 +Compactions: 2  estimated debt: 0B  in progress: 0 (0B)
I250731 20:43:33.254083 133 3@kv/kvserver/store.go:3801 ⋮ [T1,Vsystem,n1,s1] 43 +             default: 2  delete: 0  elision: 0  move: 0  read: 0  tombstone-density: 0  rewrite: 0  copy: 0  multi-level: 0
I250731 20:43:33.254083 133 3@kv/kvserver/store.go:3801 ⋮ [T1,Vsystem,n1,s1] 43 +MemTables: 1 (64MB)  zombie: 1 (64MB)
I250731 20:43:33.254083 133 3@kv/kvserver/store.go:3801 ⋮ [T1,Vsystem,n1,s1] 43 +Zombie tables: 0 (0B, local: 0B)
I250731 20:43:33.254083 133 3@kv/kvserver/store.go:3801 ⋮ [T1,Vsystem,n1,s1] 43 +Backing tables: 0 (0B)
I250731 20:43:33.254083 133 3@kv/kvserver/store.go:3801 ⋮ [T1,Vsystem,n1,s1] 43 +Virtual tables: 0 (0B)
I250731 20:43:33.254083 133 3@kv/kvserver/store.go:3801 ⋮ [T1,Vsystem,n1,s1] 43 +Local tables size: 22MB
I250731 20:43:33.254083 133 3@kv/kvserver/store.go:3801 ⋮ [T1,Vsystem,n1,s1] 43 +Compression types: snappy: 7
I250731 20:43:33.254083 133 3@kv/kvserver/store.go:3801 ⋮ [T1,Vsystem,n1,s1] 43 +Block cache: 0 entries (0B)  hit rate: 0.0%
I250731 20:43:33.254083 133 3@kv/kvserver/store.go:3801 ⋮ [T1,Vsystem,n1,s1] 43 +Table cache: 4 entries (3.3KB)  hit rate: 99.4%
I250731 20:43:33.254083 133 3@kv/kvserver/store.go:3801 ⋮ [T1,Vsystem,n1,s1] 43 +Snapshots: 0  earliest seq num: 0
I250731 20:43:33.254083 133 3@kv/kvserver/store.go:3801 ⋮ [T1,Vsystem,n1,s1] 43 +Table iters: 0
I250731 20:43:33.254083 133 3@kv/kvserver/store.go:3801 ⋮ [T1,Vsystem,n1,s1] 43 +Filter utility: 0.0%
I250731 20:43:33.254083 133 3@kv/kvserver/store.go:3801 ⋮ [T1,Vsystem,n1,s1] 43 +Ingestions: 0  as flushable: 0 (0B in 0 tables)
I250731 20:43:33.254083 133 3@kv/kvserver/store.go:3801 ⋮ [T1,Vsystem,n1,s1] 43 +Cgo memory usage: 128MB  block cache: 17KB (data: 0B, maps: 16KB, entries: 880B)  memtables: 128MB
I250731 20:51:43.341998 742 3@pebble/event.go:1059 ⋮ [n1,s1,pebble] 44  [JOB 7] WAL created 000786
I250731 20:51:43.343763 10651 3@pebble/event.go:1011 ⋮ [n1,s1,pebble] 45  [JOB 8] flushing 1 memtable (63MB) to L0
I250731 20:51:43.345202 10651 3@pebble/event.go:1039 ⋮ [n1,s1,pebble] 46  [JOB 8] flushing: sstable created 000787
I250731 20:51:43.423449 10651 3@pebble/event.go:1039 ⋮ [n1,s1,pebble] 47  [JOB 8] flushing: sstable created 000788
I250731 20:51:43.425759 10651 3@pebble/event.go:1015 ⋮ [n1,s1,pebble] 48  [JOB 8] flushed 1 memtable (63MB) to L0 [000787 000788] (504KB), in 0.1s (0.1s total), output rate 6.1MB/s
I250731 20:51:43.425934 10723 3@pebble/event.go:999 ⋮ [n1,s1,pebble] 49  [JOB 9] compacting(default) L0 [000787] (488KB) Score=2.85 + L6 [000779 000780 000781 000782 000783] (18MB) Score=0.35; OverlappingRatio: Single 37.22, Multi 0.00
I250731 20:51:43.433506 10723 3@pebble/event.go:1039 ⋮ [n1,s1,pebble] 50  [JOB 9] compacting: sstable created 000789
I250731 20:51:43.556698 10723 3@pebble/event.go:1039 ⋮ [n1,s1,pebble] 51  [JOB 9] compacting: sstable created 000790
I250731 20:51:43.703881 10723 3@pebble/event.go:1039 ⋮ [n1,s1,pebble] 52  [JOB 9] compacting: sstable created 000791
I250731 20:51:43.819100 10723 3@pebble/event.go:1039 ⋮ [n1,s1,pebble] 53  [JOB 9] compacting: sstable created 000792
I250731 20:51:43.906585 10723 3@pebble/event.go:1039 ⋮ [n1,s1,pebble] 54  [JOB 9] compacting: sstable created 000793
I250731 20:51:43.956520 10723 3@pebble/event.go:1003 ⋮ [n1,s1,pebble] 55  [JOB 9] compacted(default) L0 [000787] (488KB) Score=2.85 + L6 [000779 000780 000781 000782 000783] (18MB) Score=0.35 -> L6 [000789 000790 000791 000792 000793] (18MB), in 0.5s (0.5s total), output rate 34MB/s
I250731 20:51:43.957213 10741 3@pebble/event.go:999 ⋮ [n1,s1,pebble] 56  [JOB 11] compacting(default) L0 [000788] (16KB) Score=2.80 + L6 [000784 000785] (4.8MB) Score=0.36; OverlappingRatio: Single 306.01, Multi 0.00
I250731 20:51:43.958234 10 3@pebble/event.go:1043 ⋮ [n1,s1,pebble] 57  [JOB 9] sstable deleted 000779
I250731 20:51:43.958716 10 3@pebble/event.go:1043 ⋮ [n1,s1,pebble] 58  [JOB 9] sstable deleted 000780
I250731 20:51:43.959192 10 3@pebble/event.go:1043 ⋮ [n1,s1,pebble] 59  [JOB 9] sstable deleted 000781
I250731 20:51:43.959372 10741 3@pebble/event.go:1039 ⋮ [n1,s1,pebble] 60  [JOB 11] compacting: sstable created 000794
I250731 20:51:43.959635 10 3@pebble/event.go:1043 ⋮ [n1,s1,pebble] 61  [JOB 9] sstable deleted 000782
I250731 20:51:43.960393 10 3@pebble/event.go:1043 ⋮ [n1,s1,pebble] 62  [JOB 9] sstable deleted 000783
I250731 20:51:43.963882 10 3@pebble/event.go:1043 ⋮ [n1,s1,pebble] 63  [JOB 9] sstable deleted 000787
I250731 20:51:44.040411 10741 3@pebble/event.go:1039 ⋮ [n1,s1,pebble] 64  [JOB 11] compacting: sstable created 000795
I250731 20:51:44.054792 10741 3@pebble/event.go:1003 ⋮ [n1,s1,pebble] 65  [JOB 11] compacted(default) L0 [000788] (16KB) Score=2.80 + L6 [000784 000785] (4.8MB) Score=0.36 -> L6 [000794 000795] (4.8MB), in 0.1s (0.1s total), output rate 49MB/s
I250731 20:51:44.055316 10 3@pebble/event.go:1043 ⋮ [n1,s1,pebble] 66  [JOB 11] sstable deleted 000784
I250731 20:51:44.055488 10 3@pebble/event.go:1043 ⋮ [n1,s1,pebble] 67  [JOB 11] sstable deleted 000785
I250731 20:51:44.055618 10 3@pebble/event.go:1043 ⋮ [n1,s1,pebble] 68  [JOB 11] sstable deleted 000788
