I250821 16:19:05.670174 67 util/log/file_sync_buffer.go:237 ⋮ [config]   file created at: 2025/08/21 16:19:05
I250821 16:19:05.670199 67 util/log/file_sync_buffer.go:237 ⋮ [config]   running on machine: ‹e9007ef65251›
I250821 16:19:05.670213 67 util/log/file_sync_buffer.go:237 ⋮ [config]   binary: CockroachDB CCL v25.2.0 (aarch64-unknown-linux-gnu, built 2025/05/15 21:07:42, go1.23.7 X:nocoverageredesign)
I250821 16:19:05.670222 67 util/log/file_sync_buffer.go:237 ⋮ [config]   arguments: [‹/cockroach/cockroach› ‹start-single-node› ‹--certs-dir=certs› ‹--advertise-addr=127.0.0.1:26257› ‹--insecure› ‹--http-addr=0.0.0.0:8080›]
I250821 16:19:05.670236 67 util/log/file_sync_buffer.go:237 ⋮ [config]   log format (utf8=✓): crdb-v2
I250821 16:19:05.670257 67 util/log/file_sync_buffer.go:237 ⋮ [config]   line format: [IWEF]yymmdd hh:mm:ss.uuuuuu goid [chan@]file:line redactionmark \[tags\] [counter] msg
I250821 16:19:05.667148 67 3@pebble/objstorage/objstorageprovider/remote.go:102 ⋮ [n?,s?,pebble] 1  remote storage configured; creatorID = 1
I250821 16:19:06.245435 67 3@pebble/open.go:1054 ⋮ [n?,s?,pebble] 2  [JOB ‹1›] WAL ‹004044: {(/cockroach/cockroach-data,000)}› stopped reading at offset: (‹/cockroach/cockroach-data/004044.log›: 18776984); replayed 57343 keys in 2628 batches
I250821 16:19:06.246036 13 3@pebble/event.go:1011 ⋮ [n?,s?,pebble] 3  [JOB 2] flushing 7 memtables (20MB) to L0
I250821 16:19:06.261935 13 3@pebble/event.go:1039 ⋮ [n?,s?,pebble] 4  [JOB 2] flushing: sstable created 004049
I250821 16:19:06.557838 13 3@pebble/event.go:1031 ⋮ [n?,s?,pebble] 5  [JOB 2] MANIFEST created 004050
I250821 16:19:06.558808 13 3@pebble/event.go:1015 ⋮ [n?,s?,pebble] 6  [JOB 2] flushed 7 memtables (20MB) to L0 [004049] (249KB), in 0.3s (0.3s total), output rate 831KB/s
I250821 16:19:06.565509 67 3@pebble/event.go:1059 ⋮ [n?,s?,pebble] 7  [JOB 1] WAL created 004051
I250821 16:19:06.565705 81 3@pebble/event.go:1063 ⋮ [n?,s?,pebble] 8  [JOB 2] WAL deleted 004044
I250821 16:19:06.571543 84 3@pebble/event.go:999 ⋮ [n?,s?,pebble] 9  [JOB 4] compacting(default) L0 [004049] (249KB) Score=17.78 + L5 [004046 004047] (3.6MB) Score=0.06; OverlappingRatio: Single 14.82, Multi 0.00
I250821 16:19:06.822996 84 3@pebble/event.go:1039 ⋮ [n?,s?,pebble] 10  [JOB 4] compacting: sstable created 004053
I250821 16:19:06.989126 88 3@pebble/event.go:1051 ⋮ [n?,s?,pebble] 11  [JOB 5] all initial table stats loaded
I250821 16:19:07.748491 84 3@pebble/event.go:1039 ⋮ [n?,s?,pebble] 12  [JOB 4] compacting: sstable created 004054
I250821 16:19:08.378108 84 3@pebble/event.go:1003 ⋮ [n?,s?,pebble] 13  [JOB 4] compacted(default) L0 [004049] (249KB) Score=17.78 + L5 [004046 004047] (3.6MB) Score=0.06 -> L5 [004053 004054] (3.7MB), in 1.8s (1.8s total), output rate 2.0MB/s
I250821 16:19:08.399021 81 3@pebble/event.go:1043 ⋮ [n?,s?,pebble] 14  [JOB 4] sstable deleted 004046
I250821 16:19:08.401405 81 3@pebble/event.go:1043 ⋮ [n?,s?,pebble] 15  [JOB 4] sstable deleted 004047
I250821 16:19:08.443752 81 3@pebble/event.go:1043 ⋮ [n?,s?,pebble] 16  [JOB 4] sstable deleted 004049
I250821 16:19:08.454695 81 3@pebble/event.go:1035 ⋮ [n?,s?,pebble] 17  [JOB 1] MANIFEST deleted 004031
I250821 16:19:08.540404 67 3@pebble/event.go:1031 ⋮ [n?,s?,pebble] 18  [JOB 1] MANIFEST created 000001
I250821 16:19:08.563882 67 3@pebble/event.go:1059 ⋮ [n?,s?,pebble] 19  [JOB 1] WAL created 000002
I250821 16:19:08.567292 67 3@pebble/event.go:1027 ⋮ [n?,s?,pebble] 20  upgraded to format version: 014
I250821 16:19:08.568840 67 3@pebble/event.go:1027 ⋮ [n?,s?,pebble] 21  upgraded to format version: 015
I250821 16:19:08.569974 67 3@pebble/event.go:1027 ⋮ [n?,s?,pebble] 22  upgraded to format version: 016
I250821 16:19:08.572603 67 3@pebble/event.go:1027 ⋮ [n?,s?,pebble] 23  upgraded to format version: 017
I250821 16:19:08.580486 67 3@pebble/event.go:1027 ⋮ [n?,s?,pebble] 24  upgraded to format version: 018
I250821 16:19:08.585958 67 3@pebble/event.go:1027 ⋮ [n?,s?,pebble] 25  upgraded to format version: 019
I250821 16:19:08.592610 93 3@pebble/event.go:1051 ⋮ [n?,s?,pebble] 26  [JOB 2] all initial table stats loaded
I250821 16:19:29.359812 566 3@kv/kvserver/store.go:3801 ⋮ [T1,Vsystem,n1,s1] 27  Pebble metrics:
I250821 16:19:29.359812 566 3@kv/kvserver/store.go:3801 ⋮ [T1,Vsystem,n1,s1] 27 +      |                             |       |       |   ingested   |     moved    |    written   |       |    amp
I250821 16:19:29.359812 566 3@kv/kvserver/store.go:3801 ⋮ [T1,Vsystem,n1,s1] 27 +level | tables  size val-bl vtables | score |   in  | tables  size | tables  size | tables  size |  read |   r   w
I250821 16:19:29.359812 566 3@kv/kvserver/store.go:3801 ⋮ [T1,Vsystem,n1,s1] 27 +------+-----------------------------+-------+-------+--------------+--------------+--------------+-------+---------
I250821 16:19:29.359812 566 3@kv/kvserver/store.go:3801 ⋮ [T1,Vsystem,n1,s1] 27 +    0 |     0     0B     0B       0 |  0.00 |  18MB |     0     0B |     0     0B |     1  249KB |    0B |   0  0.0
I250821 16:19:29.359812 566 3@kv/kvserver/store.go:3801 ⋮ [T1,Vsystem,n1,s1] 27 +    1 |     0     0B     0B       0 |  0.00 |    0B |     0     0B |     0     0B |     0     0B |    0B |   0  0.0
I250821 16:19:29.359812 566 3@kv/kvserver/store.go:3801 ⋮ [T1,Vsystem,n1,s1] 27 +    2 |     0     0B     0B       0 |  0.00 |    0B |     0     0B |     0     0B |     0     0B |    0B |   0  0.0
I250821 16:19:29.359812 566 3@kv/kvserver/store.go:3801 ⋮ [T1,Vsystem,n1,s1] 27 +    3 |     0     0B     0B       0 |  0.00 |    0B |     0     0B |     0     0B |     0     0B |    0B |   0  0.0
I250821 16:19:29.359812 566 3@kv/kvserver/store.go:3801 ⋮ [T1,Vsystem,n1,s1] 27 +    4 |     0     0B     0B       0 |  0.00 |    0B |     0     0B |     0     0B |     0     0B |    0B |   0  0.0
I250821 16:19:29.359812 566 3@kv/kvserver/store.go:3801 ⋮ [T1,Vsystem,n1,s1] 27 +    5 |     2  3.7MB  250KB       0 |  0.12 | 249KB |     0     0B |     0     0B |     2  3.7MB | 3.8MB |   1 15.2
I250821 16:19:29.359812 566 3@kv/kvserver/store.go:3801 ⋮ [T1,Vsystem,n1,s1] 27 +    6 |    14   72MB  498KB       0 |     - |    0B |     0     0B |     0     0B |     0     0B |    0B |   1  0.0
I250821 16:19:29.359812 566 3@kv/kvserver/store.go:3801 ⋮ [T1,Vsystem,n1,s1] 27 +total |    16   75MB  748KB       0 |     - |  20MB |     0     0B |     0     0B |     3   24MB | 3.8MB |   2  1.2
I250821 16:19:29.359812 566 3@kv/kvserver/store.go:3801 ⋮ [T1,Vsystem,n1,s1] 27 +-------------------------------------------------------------------------------------------------------------------
I250821 16:19:29.359812 566 3@kv/kvserver/store.go:3801 ⋮ [T1,Vsystem,n1,s1] 27 +WAL: 1 files (2.3MB)  in: 2.3MB  written: 20MB (791% overhead)
I250821 16:19:29.359812 566 3@kv/kvserver/store.go:3801 ⋮ [T1,Vsystem,n1,s1] 27 +Flushes: 1
I250821 16:19:29.359812 566 3@kv/kvserver/store.go:3801 ⋮ [T1,Vsystem,n1,s1] 27 +Compactions: 1  estimated debt: 0B  in progress: 0 (0B)
I250821 16:19:29.359812 566 3@kv/kvserver/store.go:3801 ⋮ [T1,Vsystem,n1,s1] 27 +             default: 1  delete: 0  elision: 0  move: 0  read: 0  tombstone-density: 0  rewrite: 0  copy: 0  multi-level: 0
I250821 16:19:29.359812 566 3@kv/kvserver/store.go:3801 ⋮ [T1,Vsystem,n1,s1] 27 +MemTables: 1 (32MB)  zombie: 1 (16MB)
I250821 16:19:29.359812 566 3@kv/kvserver/store.go:3801 ⋮ [T1,Vsystem,n1,s1] 27 +Zombie tables: 0 (0B, local: 0B)
I250821 16:19:29.359812 566 3@kv/kvserver/store.go:3801 ⋮ [T1,Vsystem,n1,s1] 27 +Backing tables: 0 (0B)
I250821 16:19:29.359812 566 3@kv/kvserver/store.go:3801 ⋮ [T1,Vsystem,n1,s1] 27 +Virtual tables: 0 (0B)
I250821 16:19:29.359812 566 3@kv/kvserver/store.go:3801 ⋮ [T1,Vsystem,n1,s1] 27 +Local tables size: 75MB
I250821 16:19:29.359812 566 3@kv/kvserver/store.go:3801 ⋮ [T1,Vsystem,n1,s1] 27 +Compression types: snappy: 16
I250821 16:19:29.359812 566 3@kv/kvserver/store.go:3801 ⋮ [T1,Vsystem,n1,s1] 27 +Block cache: 84 entries (2.9MB)  hit rate: 91.7%
I250821 16:19:29.359812 566 3@kv/kvserver/store.go:3801 ⋮ [T1,Vsystem,n1,s1] 27 +Table cache: 16 entries (13KB)  hit rate: 99.5%
I250821 16:19:29.359812 566 3@kv/kvserver/store.go:3801 ⋮ [T1,Vsystem,n1,s1] 27 +Snapshots: 0  earliest seq num: 0
I250821 16:19:29.359812 566 3@kv/kvserver/store.go:3801 ⋮ [T1,Vsystem,n1,s1] 27 +Table iters: 0
I250821 16:19:29.359812 566 3@kv/kvserver/store.go:3801 ⋮ [T1,Vsystem,n1,s1] 27 +Filter utility: 66.3%
I250821 16:19:29.359812 566 3@kv/kvserver/store.go:3801 ⋮ [T1,Vsystem,n1,s1] 27 +Ingestions: 0  as flushable: 0 (0B in 0 tables)
I250821 16:19:29.359812 566 3@kv/kvserver/store.go:3801 ⋮ [T1,Vsystem,n1,s1] 27 +Cgo memory usage: 51MB  block cache: 2.9MB (data: 2.9MB, maps: 18KB, entries: 6.6KB)  memtables: 48MB
I250821 16:23:19.430652 706 3@pebble/event.go:1059 ⋮ [n1,s1,pebble] 28  [JOB 7] WAL created 004055
I250821 16:23:19.432845 6970 3@pebble/event.go:1011 ⋮ [n1,s1,pebble] 29  [JOB 8] flushing 1 memtable (32MB) to L0
I250821 16:23:19.433996 6970 3@pebble/event.go:1039 ⋮ [n1,s1,pebble] 30  [JOB 8] flushing: sstable created 004056
I250821 16:23:19.483601 6970 3@pebble/event.go:1015 ⋮ [n1,s1,pebble] 31  [JOB 8] flushed 1 memtable (32MB) to L0 [004056] (346KB), in 0.1s (0.1s total), output rate 6.7MB/s
I250821 16:23:19.483914 6973 3@pebble/event.go:999 ⋮ [n1,s1,pebble] 32  [JOB 9] compacting(default) L0 [004056] (346KB) Score=17.32 + L5 [004053 004054] (3.7MB) Score=0.12; OverlappingRatio: Single 10.94, Multi 0.00
I250821 16:23:19.485533 6973 3@pebble/event.go:1039 ⋮ [n1,s1,pebble] 33  [JOB 9] compacting: sstable created 004057
I250821 16:23:19.558893 6973 3@pebble/event.go:1039 ⋮ [n1,s1,pebble] 34  [JOB 9] compacting: sstable created 004058
I250821 16:23:19.622990 6973 3@pebble/event.go:1003 ⋮ [n1,s1,pebble] 35  [JOB 9] compacted(default) L0 [004056] (346KB) Score=17.32 + L5 [004053 004054] (3.7MB) Score=0.12 -> L5 [004057 004058] (3.9MB), in 0.1s (0.1s total), output rate 28MB/s
I250821 16:23:19.624522 81 3@pebble/event.go:1043 ⋮ [n1,s1,pebble] 36  [JOB 9] sstable deleted 004053
I250821 16:23:19.624780 81 3@pebble/event.go:1043 ⋮ [n1,s1,pebble] 37  [JOB 9] sstable deleted 004054
I250821 16:23:19.624935 81 3@pebble/event.go:1043 ⋮ [n1,s1,pebble] 38  [JOB 9] sstable deleted 004056
I250821 16:29:29.367506 566 3@kv/kvserver/store.go:3801 ⋮ [T1,Vsystem,n1,s1] 39  Pebble metrics:
I250821 16:29:29.367506 566 3@kv/kvserver/store.go:3801 ⋮ [T1,Vsystem,n1,s1] 39 +      |                             |       |       |   ingested   |     moved    |    written   |       |    amp
I250821 16:29:29.367506 566 3@kv/kvserver/store.go:3801 ⋮ [T1,Vsystem,n1,s1] 39 +level | tables  size val-bl vtables | score |   in  | tables  size | tables  size | tables  size |  read |   r   w
I250821 16:29:29.367506 566 3@kv/kvserver/store.go:3801 ⋮ [T1,Vsystem,n1,s1] 39 +------+-----------------------------+-------+-------+--------------+--------------+--------------+-------+---------
I250821 16:29:29.367506 566 3@kv/kvserver/store.go:3801 ⋮ [T1,Vsystem,n1,s1] 39 +    0 |     0     0B     0B       0 |  0.00 |  46MB |     0     0B |     0     0B |     2  595KB |    0B |   0  0.0
I250821 16:29:29.367506 566 3@kv/kvserver/store.go:3801 ⋮ [T1,Vsystem,n1,s1] 39 +    1 |     0     0B     0B       0 |  0.00 |    0B |     0     0B |     0     0B |     0     0B |    0B |   0  0.0
I250821 16:29:29.367506 566 3@kv/kvserver/store.go:3801 ⋮ [T1,Vsystem,n1,s1] 39 +    2 |     0     0B     0B       0 |  0.00 |    0B |     0     0B |     0     0B |     0     0B |    0B |   0  0.0
I250821 16:29:29.367506 566 3@kv/kvserver/store.go:3801 ⋮ [T1,Vsystem,n1,s1] 39 +    3 |     0     0B     0B       0 |  0.00 |    0B |     0     0B |     0     0B |     0     0B |    0B |   0  0.0
I250821 16:29:29.367506 566 3@kv/kvserver/store.go:3801 ⋮ [T1,Vsystem,n1,s1] 39 +    4 |     0     0B     0B       0 |  0.00 |    0B |     0     0B |     0     0B |     0     0B |    0B |   0  0.0
I250821 16:29:29.367506 566 3@kv/kvserver/store.go:3801 ⋮ [T1,Vsystem,n1,s1] 39 +    5 |     2  3.9MB  255KB       0 |  0.12 | 595KB |     0     0B |     0     0B |     4  7.6MB | 7.9MB |   1 13.0
I250821 16:29:29.367506 566 3@kv/kvserver/store.go:3801 ⋮ [T1,Vsystem,n1,s1] 39 +    6 |    14   72MB  498KB       0 |     - |    0B |     0     0B |     0     0B |     0     0B |    0B |   1  0.0
I250821 16:29:29.367506 566 3@kv/kvserver/store.go:3801 ⋮ [T1,Vsystem,n1,s1] 39 +total |    16   76MB  753KB       0 |     - |  88MB |     0     0B |     0     0B |     6   96MB | 7.9MB |   2  1.1
I250821 16:29:29.367506 566 3@kv/kvserver/store.go:3801 ⋮ [T1,Vsystem,n1,s1] 39 +-------------------------------------------------------------------------------------------------------------------
I250821 16:29:29.367506 566 3@kv/kvserver/store.go:3801 ⋮ [T1,Vsystem,n1,s1] 39 +WAL: 1 files (42MB)  in: 70MB  written: 88MB (26% overhead)
I250821 16:29:29.367506 566 3@kv/kvserver/store.go:3801 ⋮ [T1,Vsystem,n1,s1] 39 +Flushes: 2
I250821 16:29:29.367506 566 3@kv/kvserver/store.go:3801 ⋮ [T1,Vsystem,n1,s1] 39 +Compactions: 2  estimated debt: 0B  in progress: 0 (0B)
I250821 16:29:29.367506 566 3@kv/kvserver/store.go:3801 ⋮ [T1,Vsystem,n1,s1] 39 +             default: 2  delete: 0  elision: 0  move: 0  read: 0  tombstone-density: 0  rewrite: 0  copy: 0  multi-level: 0
I250821 16:29:29.367506 566 3@kv/kvserver/store.go:3801 ⋮ [T1,Vsystem,n1,s1] 39 +MemTables: 1 (64MB)  zombie: 1 (32MB)
I250821 16:29:29.367506 566 3@kv/kvserver/store.go:3801 ⋮ [T1,Vsystem,n1,s1] 39 +Zombie tables: 0 (0B, local: 0B)
I250821 16:29:29.367506 566 3@kv/kvserver/store.go:3801 ⋮ [T1,Vsystem,n1,s1] 39 +Backing tables: 0 (0B)
I250821 16:29:29.367506 566 3@kv/kvserver/store.go:3801 ⋮ [T1,Vsystem,n1,s1] 39 +Virtual tables: 0 (0B)
I250821 16:29:29.367506 566 3@kv/kvserver/store.go:3801 ⋮ [T1,Vsystem,n1,s1] 39 +Local tables size: 76MB
I250821 16:29:29.367506 566 3@kv/kvserver/store.go:3801 ⋮ [T1,Vsystem,n1,s1] 39 +Compression types: snappy: 16
I250821 16:29:29.367506 566 3@kv/kvserver/store.go:3801 ⋮ [T1,Vsystem,n1,s1] 39 +Block cache: 247 entries (8.0MB)  hit rate: 97.4%
I250821 16:29:29.367506 566 3@kv/kvserver/store.go:3801 ⋮ [T1,Vsystem,n1,s1] 39 +Table cache: 16 entries (13KB)  hit rate: 99.9%
I250821 16:29:29.367506 566 3@kv/kvserver/store.go:3801 ⋮ [T1,Vsystem,n1,s1] 39 +Snapshots: 0  earliest seq num: 0
I250821 16:29:29.367506 566 3@kv/kvserver/store.go:3801 ⋮ [T1,Vsystem,n1,s1] 39 +Table iters: 0
I250821 16:29:29.367506 566 3@kv/kvserver/store.go:3801 ⋮ [T1,Vsystem,n1,s1] 39 +Filter utility: 80.5%
I250821 16:29:29.367506 566 3@kv/kvserver/store.go:3801 ⋮ [T1,Vsystem,n1,s1] 39 +Ingestions: 0  as flushable: 0 (0B in 0 tables)
I250821 16:29:29.367506 566 3@kv/kvserver/store.go:3801 ⋮ [T1,Vsystem,n1,s1] 39 +Cgo memory usage: 104MB  block cache: 8.1MB (data: 8.0MB, maps: 27KB, entries: 19KB)  memtables: 96MB
I250821 16:31:49.458919 696 3@pebble/event.go:1059 ⋮ [n1,s1,pebble] 40  [JOB 12] WAL created 004059 (recycled 004051)
I250821 16:31:49.474603 16526 3@pebble/event.go:1011 ⋮ [n1,s1,pebble] 41  [JOB 13] flushing 1 memtable (64MB) to L0
I250821 16:31:49.476031 16526 3@pebble/event.go:1039 ⋮ [n1,s1,pebble] 42  [JOB 13] flushing: sstable created 004060
I250821 16:31:49.544843 16526 3@pebble/event.go:1015 ⋮ [n1,s1,pebble] 43  [JOB 13] flushed 1 memtable (64MB) to L0 [004060] (538KB), in 0.1s (0.1s total), output rate 7.5MB/s
I250821 16:31:49.545071 16662 3@pebble/event.go:999 ⋮ [n1,s1,pebble] 44  [JOB 14] compacting(default) L0 [004060] (538KB) Score=16.56 + L5 [004057 004058] (3.9MB) Score=0.12; OverlappingRatio: Single 7.36, Multi 0.00
I250821 16:31:49.547260 16662 3@pebble/event.go:1039 ⋮ [n1,s1,pebble] 45  [JOB 14] compacting: sstable created 004061
I250821 16:31:49.607932 16662 3@pebble/event.go:1039 ⋮ [n1,s1,pebble] 46  [JOB 14] compacting: sstable created 004062
I250821 16:31:49.670202 16662 3@pebble/event.go:1003 ⋮ [n1,s1,pebble] 47  [JOB 14] compacted(default) L0 [004060] (538KB) Score=16.56 + L5 [004057 004058] (3.9MB) Score=0.12 -> L5 [004061 004062] (4.2MB), in 0.1s (0.1s total), output rate 34MB/s
I250821 16:31:49.672093 81 3@pebble/event.go:1043 ⋮ [n1,s1,pebble] 48  [JOB 14] sstable deleted 004057
I250821 16:31:49.672827 81 3@pebble/event.go:1043 ⋮ [n1,s1,pebble] 49  [JOB 14] sstable deleted 004058
I250821 16:31:49.672999 81 3@pebble/event.go:1043 ⋮ [n1,s1,pebble] 50  [JOB 14] sstable deleted 004060
