I250825 23:08:46.667111 82 util/log/file_sync_buffer.go:237 ⋮ [config]   file created at: 2025/08/25 23:08:46
I250825 23:08:46.667153 82 util/log/file_sync_buffer.go:237 ⋮ [config]   running on machine: ‹00cbb1c4b1c6›
I250825 23:08:46.667177 82 util/log/file_sync_buffer.go:237 ⋮ [config]   binary: CockroachDB CCL v25.2.0 (aarch64-unknown-linux-gnu, built 2025/05/15 21:07:42, go1.23.7 X:nocoverageredesign)
I250825 23:08:46.667186 82 util/log/file_sync_buffer.go:237 ⋮ [config]   arguments: [‹/cockroach/cockroach› ‹start-single-node› ‹--certs-dir=certs› ‹--advertise-addr=127.0.0.1:26257› ‹--insecure› ‹--http-addr=0.0.0.0:8080›]
I250825 23:08:46.667205 82 util/log/file_sync_buffer.go:237 ⋮ [config]   log format (utf8=✓): crdb-v2
I250825 23:08:46.667210 82 util/log/file_sync_buffer.go:237 ⋮ [config]   line format: [IWEF]yymmdd hh:mm:ss.uuuuuu goid [chan@]file:line redactionmark \[tags\] [counter] msg
I250825 23:08:46.645705 82 3@pebble/objstorage/objstorageprovider/remote.go:102 ⋮ [n?,s?,pebble] 1  remote storage configured; creatorID = 1
I250825 23:08:47.184303 82 3@pebble/open.go:1054 ⋮ [n?,s?,pebble] 2  [JOB ‹1›] WAL ‹004815: {(/cockroach/cockroach-data,000)}› stopped reading at offset: (‹/cockroach/cockroach-data/004815.log›: 14198100); replayed 44025 keys in 2376 batches
I250825 23:08:47.190664 97 3@pebble/event.go:1011 ⋮ [n?,s?,pebble] 3  [JOB 2] flushing 7 memtables (15MB) to L0
I250825 23:08:47.200190 97 3@pebble/event.go:1039 ⋮ [n?,s?,pebble] 4  [JOB 2] flushing: sstable created 004821
I250825 23:08:47.375982 97 3@pebble/event.go:1031 ⋮ [n?,s?,pebble] 5  [JOB 2] MANIFEST created 004822
I250825 23:08:47.376116 97 3@pebble/event.go:1015 ⋮ [n?,s?,pebble] 6  [JOB 2] flushed 7 memtables (15MB) to L0 [004821] (234KB), in 0.2s (0.2s total), output rate 1.3MB/s
I250825 23:08:47.380093 82 3@pebble/event.go:1059 ⋮ [n?,s?,pebble] 7  [JOB 1] WAL created 004823
I250825 23:08:47.381001 67 3@pebble/event.go:1063 ⋮ [n?,s?,pebble] 8  [JOB 2] WAL deleted 004815
I250825 23:08:47.395392 103 3@pebble/event.go:999 ⋮ [n?,s?,pebble] 9  [JOB 3] compacting(default) L0 [004821] (234KB) Score=6.85 + L5 [004817 004818 004819] (9.3MB) Score=0.15; OverlappingRatio: Single 40.86, Multi 0.00
I250825 23:08:47.424338 103 3@pebble/event.go:1039 ⋮ [n?,s?,pebble] 10  [JOB 3] compacting: sstable created 004825
I250825 23:08:47.527388 70 3@pebble/event.go:1051 ⋮ [n?,s?,pebble] 11  [JOB 5] all initial table stats loaded
I250825 23:08:49.739030 103 3@pebble/event.go:1039 ⋮ [n?,s?,pebble] 12  [JOB 3] compacting: sstable created 004826
I250825 23:08:50.178819 103 3@pebble/event.go:1039 ⋮ [n?,s?,pebble] 13  [JOB 3] compacting: sstable created 004827
I250825 23:08:50.768566 103 3@pebble/event.go:1003 ⋮ [n?,s?,pebble] 14  [JOB 3] compacted(default) L0 [004821] (234KB) Score=6.85 + L5 [004817 004818 004819] (9.3MB) Score=0.15 -> L5 [004825 004826 004827] (9.5MB), in 3.4s (3.4s total), output rate 2.8MB/s
I250825 23:08:50.775629 67 3@pebble/event.go:1043 ⋮ [n?,s?,pebble] 15  [JOB 3] sstable deleted 004817
I250825 23:08:50.776626 67 3@pebble/event.go:1043 ⋮ [n?,s?,pebble] 16  [JOB 3] sstable deleted 004818
I250825 23:08:50.777771 67 3@pebble/event.go:1043 ⋮ [n?,s?,pebble] 17  [JOB 3] sstable deleted 004819
I250825 23:08:50.781727 67 3@pebble/event.go:1043 ⋮ [n?,s?,pebble] 18  [JOB 3] sstable deleted 004821
I250825 23:08:50.782829 67 3@pebble/event.go:1035 ⋮ [n?,s?,pebble] 19  [JOB 1] MANIFEST deleted 004801
I250825 23:08:50.847293 82 3@pebble/event.go:1031 ⋮ [n?,s?,pebble] 20  [JOB 1] MANIFEST created 000001
I250825 23:08:50.855149 82 3@pebble/event.go:1059 ⋮ [n?,s?,pebble] 21  [JOB 1] WAL created 000002
I250825 23:08:50.859713 82 3@pebble/event.go:1027 ⋮ [n?,s?,pebble] 22  upgraded to format version: 014
I250825 23:08:50.867146 82 3@pebble/event.go:1027 ⋮ [n?,s?,pebble] 23  upgraded to format version: 015
I250825 23:08:50.872078 82 3@pebble/event.go:1027 ⋮ [n?,s?,pebble] 24  upgraded to format version: 016
I250825 23:08:50.875669 82 3@pebble/event.go:1027 ⋮ [n?,s?,pebble] 25  upgraded to format version: 017
I250825 23:08:50.879889 82 3@pebble/event.go:1027 ⋮ [n?,s?,pebble] 26  upgraded to format version: 018
I250825 23:08:50.885515 82 3@pebble/event.go:1027 ⋮ [n?,s?,pebble] 27  upgraded to format version: 019
I250825 23:08:50.891908 148 3@pebble/event.go:1051 ⋮ [n?,s?,pebble] 28  [JOB 2] all initial table stats loaded
I250825 23:09:11.583719 404 3@kv/kvserver/store.go:3801 ⋮ [T1,Vsystem,n1,s1] 29  Pebble metrics:
I250825 23:09:11.583719 404 3@kv/kvserver/store.go:3801 ⋮ [T1,Vsystem,n1,s1] 29 +      |                             |       |       |   ingested   |     moved    |    written   |       |    amp
I250825 23:09:11.583719 404 3@kv/kvserver/store.go:3801 ⋮ [T1,Vsystem,n1,s1] 29 +level | tables  size val-bl vtables | score |   in  | tables  size | tables  size | tables  size |  read |   r   w
I250825 23:09:11.583719 404 3@kv/kvserver/store.go:3801 ⋮ [T1,Vsystem,n1,s1] 29 +------+-----------------------------+-------+-------+--------------+--------------+--------------+-------+---------
I250825 23:09:11.583719 404 3@kv/kvserver/store.go:3801 ⋮ [T1,Vsystem,n1,s1] 29 +    0 |     0     0B     0B       0 |  0.00 |  14MB |     0     0B |     0     0B |     1  234KB |    0B |   0  0.0
I250825 23:09:11.583719 404 3@kv/kvserver/store.go:3801 ⋮ [T1,Vsystem,n1,s1] 29 +    1 |     0     0B     0B       0 |  0.00 |    0B |     0     0B |     0     0B |     0     0B |    0B |   0  0.0
I250825 23:09:11.583719 404 3@kv/kvserver/store.go:3801 ⋮ [T1,Vsystem,n1,s1] 29 +    2 |     0     0B     0B       0 |  0.00 |    0B |     0     0B |     0     0B |     0     0B |    0B |   0  0.0
I250825 23:09:11.583719 404 3@kv/kvserver/store.go:3801 ⋮ [T1,Vsystem,n1,s1] 29 +    3 |     0     0B     0B       0 |  0.00 |    0B |     0     0B |     0     0B |     0     0B |    0B |   0  0.0
I250825 23:09:11.583719 404 3@kv/kvserver/store.go:3801 ⋮ [T1,Vsystem,n1,s1] 29 +    4 |     0     0B     0B       0 |  0.00 |    0B |     0     0B |     0     0B |     0     0B |    0B |   0  0.0
I250825 23:09:11.583719 404 3@kv/kvserver/store.go:3801 ⋮ [T1,Vsystem,n1,s1] 29 +    5 |     3  9.5MB  619KB       0 |  0.27 | 234KB |     0     0B |     0     0B |     3  9.5MB | 9.6MB |   1 41.6
I250825 23:09:11.583719 404 3@kv/kvserver/store.go:3801 ⋮ [T1,Vsystem,n1,s1] 29 +    6 |    12   91MB   72KB       0 |     - |    0B |     0     0B |     0     0B |     0     0B |    0B |   1  0.0
I250825 23:09:11.583719 404 3@kv/kvserver/store.go:3801 ⋮ [T1,Vsystem,n1,s1] 29 +total |    15  101MB  691KB       0 |     - |  16MB |     0     0B |     0     0B |     4   26MB | 9.6MB |   2  1.6
I250825 23:09:11.583719 404 3@kv/kvserver/store.go:3801 ⋮ [T1,Vsystem,n1,s1] 29 +-------------------------------------------------------------------------------------------------------------------
I250825 23:09:11.583719 404 3@kv/kvserver/store.go:3801 ⋮ [T1,Vsystem,n1,s1] 29 +WAL: 1 files (2.3MB)  in: 2.3MB  written: 16MB (590% overhead)
I250825 23:09:11.583719 404 3@kv/kvserver/store.go:3801 ⋮ [T1,Vsystem,n1,s1] 29 +Flushes: 1
I250825 23:09:11.583719 404 3@kv/kvserver/store.go:3801 ⋮ [T1,Vsystem,n1,s1] 29 +Compactions: 1  estimated debt: 0B  in progress: 0 (0B)
I250825 23:09:11.583719 404 3@kv/kvserver/store.go:3801 ⋮ [T1,Vsystem,n1,s1] 29 +             default: 1  delete: 0  elision: 0  move: 0  read: 0  tombstone-density: 0  rewrite: 0  copy: 0  multi-level: 0
I250825 23:09:11.583719 404 3@kv/kvserver/store.go:3801 ⋮ [T1,Vsystem,n1,s1] 29 +MemTables: 1 (32MB)  zombie: 1 (16MB)
I250825 23:09:11.583719 404 3@kv/kvserver/store.go:3801 ⋮ [T1,Vsystem,n1,s1] 29 +Zombie tables: 0 (0B, local: 0B)
I250825 23:09:11.583719 404 3@kv/kvserver/store.go:3801 ⋮ [T1,Vsystem,n1,s1] 29 +Backing tables: 0 (0B)
I250825 23:09:11.583719 404 3@kv/kvserver/store.go:3801 ⋮ [T1,Vsystem,n1,s1] 29 +Virtual tables: 0 (0B)
I250825 23:09:11.583719 404 3@kv/kvserver/store.go:3801 ⋮ [T1,Vsystem,n1,s1] 29 +Local tables size: 101MB
I250825 23:09:11.583719 404 3@kv/kvserver/store.go:3801 ⋮ [T1,Vsystem,n1,s1] 29 +Compression types: snappy: 15
I250825 23:09:11.583719 404 3@kv/kvserver/store.go:3801 ⋮ [T1,Vsystem,n1,s1] 29 +Block cache: 102 entries (3.6MB)  hit rate: 83.6%
I250825 23:09:11.583719 404 3@kv/kvserver/store.go:3801 ⋮ [T1,Vsystem,n1,s1] 29 +Table cache: 14 entries (11KB)  hit rate: 99.6%
I250825 23:09:11.583719 404 3@kv/kvserver/store.go:3801 ⋮ [T1,Vsystem,n1,s1] 29 +Snapshots: 0  earliest seq num: 0
I250825 23:09:11.583719 404 3@kv/kvserver/store.go:3801 ⋮ [T1,Vsystem,n1,s1] 29 +Table iters: 0
I250825 23:09:11.583719 404 3@kv/kvserver/store.go:3801 ⋮ [T1,Vsystem,n1,s1] 29 +Filter utility: 64.0%
I250825 23:09:11.583719 404 3@kv/kvserver/store.go:3801 ⋮ [T1,Vsystem,n1,s1] 29 +Ingestions: 0  as flushable: 0 (0B in 0 tables)
I250825 23:09:11.583719 404 3@kv/kvserver/store.go:3801 ⋮ [T1,Vsystem,n1,s1] 29 +Cgo memory usage: 52MB  block cache: 3.6MB (data: 3.6MB, maps: 18KB, entries: 8.0KB)  memtables: 48MB
I250825 23:13:01.746333 712 3@pebble/event.go:1059 ⋮ [n1,s1,pebble] 30  [JOB 7] WAL created 004828
I250825 23:13:01.761883 7627 3@pebble/event.go:1011 ⋮ [n1,s1,pebble] 31  [JOB 8] flushing 1 memtable (32MB) to L0
I250825 23:13:01.767046 7627 3@pebble/event.go:1039 ⋮ [n1,s1,pebble] 32  [JOB 8] flushing: sstable created 004829
I250825 23:13:02.117477 7627 3@pebble/event.go:1015 ⋮ [n1,s1,pebble] 33  [JOB 8] flushed 1 memtable (32MB) to L0 [004829] (396KB), in 0.3s (0.4s total), output rate 1.2MB/s
I250825 23:13:02.123628 7676 3@pebble/event.go:999 ⋮ [n1,s1,pebble] 34  [JOB 10] compacting(default) L0 [004829] (396KB) Score=6.73 + L5 [004825 004826 004827] (9.5MB) Score=0.27; OverlappingRatio: Single 24.61, Multi 0.00
I250825 23:13:02.238719 7676 3@pebble/event.go:1039 ⋮ [n1,s1,pebble] 35  [JOB 10] compacting: sstable created 004830
I250825 23:13:05.136114 7676 3@pebble/event.go:1039 ⋮ [n1,s1,pebble] 36  [JOB 10] compacting: sstable created 004831
I250825 23:13:05.941788 7676 3@pebble/event.go:1039 ⋮ [n1,s1,pebble] 37  [JOB 10] compacting: sstable created 004832
I250825 23:13:07.805311 7676 3@pebble/event.go:1003 ⋮ [n1,s1,pebble] 38  [JOB 10] compacted(default) L0 [004829] (396KB) Score=6.73 + L5 [004825 004826 004827] (9.5MB) Score=0.27 -> L5 [004830 004831 004832] (9.7MB), in 5.7s (5.7s total), output rate 1.7MB/s
I250825 23:13:07.825734 67 3@pebble/event.go:1043 ⋮ [n1,s1,pebble] 39  [JOB 10] sstable deleted 004825
I250825 23:13:07.829701 67 3@pebble/event.go:1043 ⋮ [n1,s1,pebble] 40  [JOB 10] sstable deleted 004826
I250825 23:13:07.831228 67 3@pebble/event.go:1043 ⋮ [n1,s1,pebble] 41  [JOB 10] sstable deleted 004827
I250825 23:13:07.834627 67 3@pebble/event.go:1043 ⋮ [n1,s1,pebble] 42  [JOB 10] sstable deleted 004829
I250825 23:19:11.551772 404 3@kv/kvserver/store.go:3801 ⋮ [T1,Vsystem,n1,s1] 43  Pebble metrics:
I250825 23:19:11.551772 404 3@kv/kvserver/store.go:3801 ⋮ [T1,Vsystem,n1,s1] 43 +      |                             |       |       |   ingested   |     moved    |    written   |       |    amp
I250825 23:19:11.551772 404 3@kv/kvserver/store.go:3801 ⋮ [T1,Vsystem,n1,s1] 43 +level | tables  size val-bl vtables | score |   in  | tables  size | tables  size | tables  size |  read |   r   w
I250825 23:19:11.551772 404 3@kv/kvserver/store.go:3801 ⋮ [T1,Vsystem,n1,s1] 43 +------+-----------------------------+-------+-------+--------------+--------------+--------------+-------+---------
I250825 23:19:11.551772 404 3@kv/kvserver/store.go:3801 ⋮ [T1,Vsystem,n1,s1] 43 +    0 |     0     0B     0B       0 |  0.00 |  42MB |     0     0B |     0     0B |     2  630KB |    0B |   0  0.0
I250825 23:19:11.551772 404 3@kv/kvserver/store.go:3801 ⋮ [T1,Vsystem,n1,s1] 43 +    1 |     0     0B     0B       0 |  0.00 |    0B |     0     0B |     0     0B |     0     0B |    0B |   0  0.0
I250825 23:19:11.551772 404 3@kv/kvserver/store.go:3801 ⋮ [T1,Vsystem,n1,s1] 43 +    2 |     0     0B     0B       0 |  0.00 |    0B |     0     0B |     0     0B |     0     0B |    0B |   0  0.0
I250825 23:19:11.551772 404 3@kv/kvserver/store.go:3801 ⋮ [T1,Vsystem,n1,s1] 43 +    3 |     0     0B     0B       0 |  0.00 |    0B |     0     0B |     0     0B |     0     0B |    0B |   0  0.0
I250825 23:19:11.551772 404 3@kv/kvserver/store.go:3801 ⋮ [T1,Vsystem,n1,s1] 43 +    4 |     0     0B     0B       0 |  0.00 |    0B |     0     0B |     0     0B |     0     0B |    0B |   0  0.0
I250825 23:19:11.551772 404 3@kv/kvserver/store.go:3801 ⋮ [T1,Vsystem,n1,s1] 43 +    5 |     3  9.7MB  622KB       0 |  0.28 | 630KB |     0     0B |     0     0B |     6   19MB |  20MB |   1 31.2
I250825 23:19:11.551772 404 3@kv/kvserver/store.go:3801 ⋮ [T1,Vsystem,n1,s1] 43 +    6 |    12   91MB   72KB       0 |     - |    0B |     0     0B |     0     0B |     0     0B |    0B |   1  0.0
I250825 23:19:11.551772 404 3@kv/kvserver/store.go:3801 ⋮ [T1,Vsystem,n1,s1] 43 +total |    15  101MB  694KB       0 |     - |  84MB |     0     0B |     0     0B |     8  103MB |  20MB |   2  1.2
I250825 23:19:11.551772 404 3@kv/kvserver/store.go:3801 ⋮ [T1,Vsystem,n1,s1] 43 +-------------------------------------------------------------------------------------------------------------------
I250825 23:19:11.551772 404 3@kv/kvserver/store.go:3801 ⋮ [T1,Vsystem,n1,s1] 43 +WAL: 1 files (41MB)  in: 70MB  written: 84MB (20% overhead)
I250825 23:19:11.551772 404 3@kv/kvserver/store.go:3801 ⋮ [T1,Vsystem,n1,s1] 43 +Flushes: 2
I250825 23:19:11.551772 404 3@kv/kvserver/store.go:3801 ⋮ [T1,Vsystem,n1,s1] 43 +Compactions: 2  estimated debt: 0B  in progress: 0 (0B)
I250825 23:19:11.551772 404 3@kv/kvserver/store.go:3801 ⋮ [T1,Vsystem,n1,s1] 43 +             default: 2  delete: 0  elision: 0  move: 0  read: 0  tombstone-density: 0  rewrite: 0  copy: 0  multi-level: 0
I250825 23:19:11.551772 404 3@kv/kvserver/store.go:3801 ⋮ [T1,Vsystem,n1,s1] 43 +MemTables: 1 (64MB)  zombie: 1 (32MB)
I250825 23:19:11.551772 404 3@kv/kvserver/store.go:3801 ⋮ [T1,Vsystem,n1,s1] 43 +Zombie tables: 0 (0B, local: 0B)
I250825 23:19:11.551772 404 3@kv/kvserver/store.go:3801 ⋮ [T1,Vsystem,n1,s1] 43 +Backing tables: 0 (0B)
I250825 23:19:11.551772 404 3@kv/kvserver/store.go:3801 ⋮ [T1,Vsystem,n1,s1] 43 +Virtual tables: 0 (0B)
I250825 23:19:11.551772 404 3@kv/kvserver/store.go:3801 ⋮ [T1,Vsystem,n1,s1] 43 +Local tables size: 101MB
I250825 23:19:11.551772 404 3@kv/kvserver/store.go:3801 ⋮ [T1,Vsystem,n1,s1] 43 +Compression types: snappy: 15
I250825 23:19:11.551772 404 3@kv/kvserver/store.go:3801 ⋮ [T1,Vsystem,n1,s1] 43 +Block cache: 844 entries (26MB)  hit rate: 94.9%
I250825 23:19:11.551772 404 3@kv/kvserver/store.go:3801 ⋮ [T1,Vsystem,n1,s1] 43 +Table cache: 14 entries (11KB)  hit rate: 99.9%
I250825 23:19:11.551772 404 3@kv/kvserver/store.go:3801 ⋮ [T1,Vsystem,n1,s1] 43 +Snapshots: 0  earliest seq num: 0
I250825 23:19:11.551772 404 3@kv/kvserver/store.go:3801 ⋮ [T1,Vsystem,n1,s1] 43 +Table iters: 0
I250825 23:19:11.551772 404 3@kv/kvserver/store.go:3801 ⋮ [T1,Vsystem,n1,s1] 43 +Filter utility: 75.0%
I250825 23:19:11.551772 404 3@kv/kvserver/store.go:3801 ⋮ [T1,Vsystem,n1,s1] 43 +Ingestions: 0  as flushable: 0 (0B in 0 tables)
I250825 23:19:11.551772 404 3@kv/kvserver/store.go:3801 ⋮ [T1,Vsystem,n1,s1] 43 +Cgo memory usage: 122MB  block cache: 26MB (data: 26MB, maps: 62KB, entries: 66KB)  memtables: 96MB
