I250821 13:35:03.225310 16 util/log/file_sync_buffer.go:237 ⋮ [config]   file created at: 2025/08/21 13:35:03
I250821 13:35:03.225326 16 util/log/file_sync_buffer.go:237 ⋮ [config]   running on machine: ‹a9e8c88f9482›
I250821 13:35:03.225336 16 util/log/file_sync_buffer.go:237 ⋮ [config]   binary: CockroachDB CCL v25.2.0 (aarch64-unknown-linux-gnu, built 2025/05/15 21:07:42, go1.23.7 X:nocoverageredesign)
I250821 13:35:03.225342 16 util/log/file_sync_buffer.go:237 ⋮ [config]   arguments: [‹/cockroach/cockroach› ‹start-single-node› ‹--certs-dir=certs› ‹--advertise-addr=127.0.0.1:26257› ‹--insecure› ‹--http-addr=0.0.0.0:8080›]
I250821 13:35:03.225352 16 util/log/file_sync_buffer.go:237 ⋮ [config]   log format (utf8=✓): crdb-v2
I250821 13:35:03.225354 16 util/log/file_sync_buffer.go:237 ⋮ [config]   line format: [IWEF]yymmdd hh:mm:ss.uuuuuu goid [chan@]file:line redactionmark \[tags\] [counter] msg
I250821 13:35:03.221584 16 3@pebble/objstorage/objstorageprovider/remote.go:102 ⋮ [n?,s?,pebble] 1  remote storage configured; creatorID = 1
I250821 13:35:03.809455 16 3@pebble/open.go:1054 ⋮ [n?,s?,pebble] 2  [JOB ‹1›] WAL ‹003856: {(/cockroach/cockroach-data,000)}› stopped reading at offset: (‹/cockroach/cockroach-data/003856.log›: 26517091); replayed 79422 keys in 2966 batches
I250821 13:35:03.810158 24 3@pebble/event.go:1011 ⋮ [n?,s?,pebble] 3  [JOB 2] flushing 7 memtables (28MB) to L0
I250821 13:35:03.816868 24 3@pebble/event.go:1039 ⋮ [n?,s?,pebble] 4  [JOB 2] flushing: sstable created 003862
I250821 13:35:03.936782 24 3@pebble/event.go:1039 ⋮ [n?,s?,pebble] 5  [JOB 2] flushing: sstable created 003863
I250821 13:35:03.974204 24 3@pebble/event.go:1039 ⋮ [n?,s?,pebble] 6  [JOB 2] flushing: sstable created 003864
I250821 13:35:04.045535 24 3@pebble/event.go:1039 ⋮ [n?,s?,pebble] 7  [JOB 2] flushing: sstable created 003865
I250821 13:35:04.112898 24 3@pebble/event.go:1031 ⋮ [n?,s?,pebble] 8  [JOB 2] MANIFEST created 003866
I250821 13:35:04.113142 24 3@pebble/event.go:1015 ⋮ [n?,s?,pebble] 9  [JOB 2] flushed 7 memtables (28MB) to L0 [003862 003863 003864 003865] (434KB), in 0.3s (0.3s total), output rate 1.5MB/s
I250821 13:35:04.117173 90 3@pebble/event.go:1063 ⋮ [n?,s?,pebble] 10  [JOB 2] WAL deleted 003832
I250821 13:35:04.118103 16 3@pebble/event.go:1059 ⋮ [n?,s?,pebble] 11  [JOB 1] WAL created 003867
I250821 13:35:04.126200 90 3@pebble/event.go:1063 ⋮ [n?,s?,pebble] 12  [JOB 2] WAL deleted 003856
I250821 13:35:04.153790 28 3@pebble/event.go:999 ⋮ [n?,s?,pebble] 13  [JOB 4] compacting(default) L0 [003857 003862] (432KB) Score=1.83 + L6 [003837 003839 003841 003843 003846] (16MB) Score=1.09; OverlappingRatio: Single 38.59, Multi 0.00
I250821 13:35:04.154366 29 3@pebble/event.go:999 ⋮ [n?,s?,pebble] 14  [JOB 5] compacting(default) L0 [003858 003863] (136KB) Score=1.82 + L6 [003838 003840 003842 003844] (16MB) Score=1.10; OverlappingRatio: Single 120.91, Multi 0.00
I250821 13:35:04.154490 112 3@pebble/event.go:999 ⋮ [n?,s?,pebble] 15  [JOB 6] compacting(default) L0 [003859 003864] (159KB) Score=1.81 + L6 [003845 003849 003851 003853 003855] (20MB) Score=1.10; OverlappingRatio: Single 127.50, Multi 0.00
I250821 13:35:04.274473 112 3@pebble/event.go:1039 ⋮ [n?,s?,pebble] 16  [JOB 6] compacting: sstable created 003869
I250821 13:35:04.298749 29 3@pebble/event.go:1039 ⋮ [n?,s?,pebble] 17  [JOB 5] compacting: sstable created 003870
I250821 13:35:04.308431 118 3@pebble/event.go:1051 ⋮ [n?,s?,pebble] 18  [JOB 7] all initial table stats loaded
I250821 13:35:04.308793 28 3@pebble/event.go:1039 ⋮ [n?,s?,pebble] 19  [JOB 4] compacting: sstable created 003871
I250821 13:35:05.926514 28 3@pebble/event.go:1039 ⋮ [n?,s?,pebble] 20  [JOB 4] compacting: sstable created 003872
I250821 13:35:06.052628 112 3@pebble/event.go:1039 ⋮ [n?,s?,pebble] 21  [JOB 6] compacting: sstable created 003873
I250821 13:35:06.353535 29 3@pebble/event.go:1039 ⋮ [n?,s?,pebble] 22  [JOB 5] compacting: sstable created 003874
I250821 13:35:07.072064 112 3@pebble/event.go:1039 ⋮ [n?,s?,pebble] 23  [JOB 6] compacting: sstable created 003875
I250821 13:35:07.613143 28 3@pebble/event.go:1039 ⋮ [n?,s?,pebble] 24  [JOB 4] compacting: sstable created 003876
I250821 13:35:08.036355 29 3@pebble/event.go:1039 ⋮ [n?,s?,pebble] 25  [JOB 5] compacting: sstable created 003877
I250821 13:35:08.315123 112 3@pebble/event.go:1039 ⋮ [n?,s?,pebble] 26  [JOB 6] compacting: sstable created 003878
I250821 13:35:08.685315 28 3@pebble/event.go:1039 ⋮ [n?,s?,pebble] 27  [JOB 4] compacting: sstable created 003879
I250821 13:35:08.790067 29 3@pebble/event.go:1039 ⋮ [n?,s?,pebble] 28  [JOB 5] compacting: sstable created 003880
I250821 13:35:08.819232 112 3@pebble/event.go:1039 ⋮ [n?,s?,pebble] 29  [JOB 6] compacting: sstable created 003881
I250821 13:35:09.313636 28 3@pebble/event.go:1039 ⋮ [n?,s?,pebble] 30  [JOB 4] compacting: sstable created 003882
I250821 13:35:09.358990 112 3@pebble/event.go:1003 ⋮ [n?,s?,pebble] 31  [JOB 6] compacted(default) L0 [003859 003864] (159KB) Score=1.81 + L6 [003845 003849 003851 003853 003855] (20MB) Score=1.10 -> L6 [003869 003873 003875 003878 003881] (20MB), in 5.2s (5.2s total), output rate 3.8MB/s
I250821 13:35:09.362020 28 3@pebble/event.go:1003 ⋮ [n?,s?,pebble] 32  [JOB 4] compacted(default) L0 [003857 003862] (432KB) Score=1.83 + L6 [003837 003839 003841 003843 003846] (16MB) Score=1.09 -> L6 [003871 003872 003876 003879 003882] (16MB), in 5.2s (5.2s total), output rate 3.2MB/s
I250821 13:35:09.374198 29 3@pebble/event.go:1039 ⋮ [n?,s?,pebble] 33  [JOB 5] compacting: sstable created 003883
I250821 13:35:09.381728 29 3@pebble/event.go:1003 ⋮ [n?,s?,pebble] 34  [JOB 5] compacted(default) L0 [003858 003863] (136KB) Score=1.82 + L6 [003838 003840 003842 003844] (16MB) Score=1.10 -> L6 [003870 003874 003877 003880 003883] (16MB), in 5.2s (5.3s total), output rate 3.1MB/s
I250821 13:35:09.384833 180 3@pebble/event.go:999 ⋮ [n?,s?,pebble] 35  [JOB 8] compacting(default) L0 [003860 003865] (200KB) Score=1.82 + L6 [003847 003848 003850 003852 003854] (18MB) Score=1.10; OverlappingRatio: Single 91.50, Multi 0.00
I250821 13:35:09.385609 90 3@pebble/event.go:1043 ⋮ [n?,s?,pebble] 36  [JOB 5] sstable deleted 003837
I250821 13:35:09.386500 90 3@pebble/event.go:1043 ⋮ [n?,s?,pebble] 37  [JOB 5] sstable deleted 003838
I250821 13:35:09.388489 90 3@pebble/event.go:1043 ⋮ [n?,s?,pebble] 38  [JOB 5] sstable deleted 003839
I250821 13:35:09.389388 90 3@pebble/event.go:1043 ⋮ [n?,s?,pebble] 39  [JOB 5] sstable deleted 003840
I250821 13:35:09.389998 90 3@pebble/event.go:1043 ⋮ [n?,s?,pebble] 40  [JOB 5] sstable deleted 003841
I250821 13:35:09.390768 90 3@pebble/event.go:1043 ⋮ [n?,s?,pebble] 41  [JOB 5] sstable deleted 003842
I250821 13:35:09.391520 90 3@pebble/event.go:1043 ⋮ [n?,s?,pebble] 42  [JOB 5] sstable deleted 003843
I250821 13:35:09.392453 90 3@pebble/event.go:1043 ⋮ [n?,s?,pebble] 43  [JOB 5] sstable deleted 003844
I250821 13:35:09.393568 90 3@pebble/event.go:1043 ⋮ [n?,s?,pebble] 44  [JOB 5] sstable deleted 003845
I250821 13:35:09.396773 90 3@pebble/event.go:1043 ⋮ [n?,s?,pebble] 45  [JOB 5] sstable deleted 003846
I250821 13:35:09.397788 180 3@pebble/event.go:1039 ⋮ [n?,s?,pebble] 46  [JOB 8] compacting: sstable created 003884
I250821 13:35:09.398050 90 3@pebble/event.go:1043 ⋮ [n?,s?,pebble] 47  [JOB 5] sstable deleted 003849
I250821 13:35:09.399871 90 3@pebble/event.go:1043 ⋮ [n?,s?,pebble] 48  [JOB 5] sstable deleted 003851
I250821 13:35:09.401277 90 3@pebble/event.go:1043 ⋮ [n?,s?,pebble] 49  [JOB 5] sstable deleted 003853
I250821 13:35:09.402174 90 3@pebble/event.go:1043 ⋮ [n?,s?,pebble] 50  [JOB 5] sstable deleted 003855
I250821 13:35:09.402635 90 3@pebble/event.go:1043 ⋮ [n?,s?,pebble] 51  [JOB 5] sstable deleted 003857
I250821 13:35:09.403264 90 3@pebble/event.go:1043 ⋮ [n?,s?,pebble] 52  [JOB 5] sstable deleted 003858
I250821 13:35:09.403769 90 3@pebble/event.go:1043 ⋮ [n?,s?,pebble] 53  [JOB 5] sstable deleted 003859
I250821 13:35:09.404232 90 3@pebble/event.go:1043 ⋮ [n?,s?,pebble] 54  [JOB 5] sstable deleted 003862
I250821 13:35:09.404834 90 3@pebble/event.go:1043 ⋮ [n?,s?,pebble] 55  [JOB 5] sstable deleted 003863
I250821 13:35:09.405255 90 3@pebble/event.go:1043 ⋮ [n?,s?,pebble] 56  [JOB 5] sstable deleted 003864
I250821 13:35:09.405610 90 3@pebble/event.go:1035 ⋮ [n?,s?,pebble] 57  [JOB 1] MANIFEST deleted 003579
I250821 13:35:09.422278 16 3@pebble/event.go:1031 ⋮ [n?,s?,pebble] 58  [JOB 1] MANIFEST created 000001
I250821 13:35:09.423516 16 3@pebble/event.go:1059 ⋮ [n?,s?,pebble] 59  [JOB 1] WAL created 000002
I250821 13:35:09.424211 16 3@pebble/event.go:1027 ⋮ [n?,s?,pebble] 60  upgraded to format version: 014
I250821 13:35:09.424973 16 3@pebble/event.go:1027 ⋮ [n?,s?,pebble] 61  upgraded to format version: 015
I250821 13:35:09.425608 16 3@pebble/event.go:1027 ⋮ [n?,s?,pebble] 62  upgraded to format version: 016
I250821 13:35:09.426290 16 3@pebble/event.go:1027 ⋮ [n?,s?,pebble] 63  upgraded to format version: 017
I250821 13:35:09.426857 16 3@pebble/event.go:1027 ⋮ [n?,s?,pebble] 64  upgraded to format version: 018
I250821 13:35:09.428412 16 3@pebble/event.go:1027 ⋮ [n?,s?,pebble] 65  upgraded to format version: 019
I250821 13:35:09.431149 232 3@pebble/event.go:1051 ⋮ [n?,s?,pebble] 66  [JOB 2] all initial table stats loaded
I250821 13:35:09.613291 180 3@pebble/event.go:1039 ⋮ [n1,s1,pebble] 67  [JOB 8] compacting: sstable created 003885
I250821 13:35:09.784242 180 3@pebble/event.go:1039 ⋮ [n1,s1,pebble] 68  [JOB 8] compacting: sstable created 003886
I250821 13:35:10.237456 180 3@pebble/event.go:1039 ⋮ [n1,s1,pebble] 69  [JOB 8] compacting: sstable created 003887
I250821 13:35:10.542704 180 3@pebble/event.go:1039 ⋮ [n1,s1,pebble] 70  [JOB 8] compacting: sstable created 003888
I250821 13:35:10.679098 180 3@pebble/event.go:1003 ⋮ [n1,s1,pebble] 71  [JOB 8] compacted(default) L0 [003860 003865] (200KB) Score=1.82 + L6 [003847 003848 003850 003852 003854] (18MB) Score=1.10 -> L6 [003884 003885 003886 003887 003888] (18MB), in 1.3s (1.3s total), output rate 14MB/s
I250821 13:35:10.680481 90 3@pebble/event.go:1043 ⋮ [n1,s1,pebble] 72  [JOB 8] sstable deleted 003847
I250821 13:35:10.681427 90 3@pebble/event.go:1043 ⋮ [n1,s1,pebble] 73  [JOB 8] sstable deleted 003848
I250821 13:35:10.681943 90 3@pebble/event.go:1043 ⋮ [n1,s1,pebble] 74  [JOB 8] sstable deleted 003850
I250821 13:35:10.682509 90 3@pebble/event.go:1043 ⋮ [n1,s1,pebble] 75  [JOB 8] sstable deleted 003852
I250821 13:35:10.683384 90 3@pebble/event.go:1043 ⋮ [n1,s1,pebble] 76  [JOB 8] sstable deleted 003854
I250821 13:35:10.684072 90 3@pebble/event.go:1043 ⋮ [n1,s1,pebble] 77  [JOB 8] sstable deleted 003860
I250821 13:35:10.684945 90 3@pebble/event.go:1043 ⋮ [n1,s1,pebble] 78  [JOB 8] sstable deleted 003865
I250821 13:35:30.001962 124 3@kv/kvserver/store.go:3801 ⋮ [T1,Vsystem,n1,s1] 79  Pebble metrics:
I250821 13:35:30.001962 124 3@kv/kvserver/store.go:3801 ⋮ [T1,Vsystem,n1,s1] 79 +      |                             |       |       |   ingested   |     moved    |    written   |       |    amp
I250821 13:35:30.001962 124 3@kv/kvserver/store.go:3801 ⋮ [T1,Vsystem,n1,s1] 79 +level | tables  size val-bl vtables | score |   in  | tables  size | tables  size | tables  size |  read |   r   w
I250821 13:35:30.001962 124 3@kv/kvserver/store.go:3801 ⋮ [T1,Vsystem,n1,s1] 79 +------+-----------------------------+-------+-------+--------------+--------------+--------------+-------+---------
I250821 13:35:30.001962 124 3@kv/kvserver/store.go:3801 ⋮ [T1,Vsystem,n1,s1] 79 +    0 |     0     0B     0B       0 |  0.00 |  25MB |     0     0B |     0     0B |     4  434KB |    0B |   0  0.0
I250821 13:35:30.001962 124 3@kv/kvserver/store.go:3801 ⋮ [T1,Vsystem,n1,s1] 79 +    1 |     0     0B     0B       0 |  0.00 |    0B |     0     0B |     0     0B |     0     0B |    0B |   0  0.0
I250821 13:35:30.001962 124 3@kv/kvserver/store.go:3801 ⋮ [T1,Vsystem,n1,s1] 79 +    2 |     0     0B     0B       0 |  0.00 |    0B |     0     0B |     0     0B |     0     0B |    0B |   0  0.0
I250821 13:35:30.001962 124 3@kv/kvserver/store.go:3801 ⋮ [T1,Vsystem,n1,s1] 79 +    3 |     0     0B     0B       0 |  0.00 |    0B |     0     0B |     0     0B |     0     0B |    0B |   0  0.0
I250821 13:35:30.001962 124 3@kv/kvserver/store.go:3801 ⋮ [T1,Vsystem,n1,s1] 79 +    4 |     0     0B     0B       0 |  0.00 |    0B |     0     0B |     0     0B |     0     0B |    0B |   0  0.0
I250821 13:35:30.001962 124 3@kv/kvserver/store.go:3801 ⋮ [T1,Vsystem,n1,s1] 79 +    5 |     0     0B     0B       0 |  0.00 |    0B |     0     0B |     0     0B |     0     0B |    0B |   0  0.0
I250821 13:35:30.001962 124 3@kv/kvserver/store.go:3801 ⋮ [T1,Vsystem,n1,s1] 79 +    6 |    20   71MB  492KB       0 |     - | 927KB |     0     0B |     0     0B |    20   71MB |  71MB |   1 78.1
I250821 13:35:30.001962 124 3@kv/kvserver/store.go:3801 ⋮ [T1,Vsystem,n1,s1] 79 +total |    20   71MB  492KB       0 |     - |  28MB |     0     0B |     0     0B |    24   99MB |  71MB |   1  3.6
I250821 13:35:30.001962 124 3@kv/kvserver/store.go:3801 ⋮ [T1,Vsystem,n1,s1] 79 +-------------------------------------------------------------------------------------------------------------------
I250821 13:35:30.001962 124 3@kv/kvserver/store.go:3801 ⋮ [T1,Vsystem,n1,s1] 79 +WAL: 1 files (2.3MB)  in: 2.3MB  written: 28MB (1096% overhead)
I250821 13:35:30.001962 124 3@kv/kvserver/store.go:3801 ⋮ [T1,Vsystem,n1,s1] 79 +Flushes: 1
I250821 13:35:30.001962 124 3@kv/kvserver/store.go:3801 ⋮ [T1,Vsystem,n1,s1] 79 +Compactions: 4  estimated debt: 0B  in progress: 0 (0B)
I250821 13:35:30.001962 124 3@kv/kvserver/store.go:3801 ⋮ [T1,Vsystem,n1,s1] 79 +             default: 4  delete: 0  elision: 0  move: 0  read: 0  tombstone-density: 0  rewrite: 0  copy: 0  multi-level: 0
I250821 13:35:30.001962 124 3@kv/kvserver/store.go:3801 ⋮ [T1,Vsystem,n1,s1] 79 +MemTables: 1 (32MB)  zombie: 1 (16MB)
I250821 13:35:30.001962 124 3@kv/kvserver/store.go:3801 ⋮ [T1,Vsystem,n1,s1] 79 +Zombie tables: 0 (0B, local: 0B)
I250821 13:35:30.001962 124 3@kv/kvserver/store.go:3801 ⋮ [T1,Vsystem,n1,s1] 79 +Backing tables: 0 (0B)
I250821 13:35:30.001962 124 3@kv/kvserver/store.go:3801 ⋮ [T1,Vsystem,n1,s1] 79 +Virtual tables: 0 (0B)
I250821 13:35:30.001962 124 3@kv/kvserver/store.go:3801 ⋮ [T1,Vsystem,n1,s1] 79 +Local tables size: 71MB
I250821 13:35:30.001962 124 3@kv/kvserver/store.go:3801 ⋮ [T1,Vsystem,n1,s1] 79 +Compression types: snappy: 20
I250821 13:35:30.001962 124 3@kv/kvserver/store.go:3801 ⋮ [T1,Vsystem,n1,s1] 79 +Block cache: 34 entries (1.3MB)  hit rate: 30.0%
I250821 13:35:30.001962 124 3@kv/kvserver/store.go:3801 ⋮ [T1,Vsystem,n1,s1] 79 +Table cache: 3 entries (2.4KB)  hit rate: 99.1%
I250821 13:35:30.001962 124 3@kv/kvserver/store.go:3801 ⋮ [T1,Vsystem,n1,s1] 79 +Snapshots: 0  earliest seq num: 0
I250821 13:35:30.001962 124 3@kv/kvserver/store.go:3801 ⋮ [T1,Vsystem,n1,s1] 79 +Table iters: 0
I250821 13:35:30.001962 124 3@kv/kvserver/store.go:3801 ⋮ [T1,Vsystem,n1,s1] 79 +Filter utility: 98.4%
I250821 13:35:30.001962 124 3@kv/kvserver/store.go:3801 ⋮ [T1,Vsystem,n1,s1] 79 +Ingestions: 0  as flushable: 0 (0B in 0 tables)
I250821 13:35:30.001962 124 3@kv/kvserver/store.go:3801 ⋮ [T1,Vsystem,n1,s1] 79 +Cgo memory usage: 50MB  block cache: 1.3MB (data: 1.3MB, maps: 16KB, entries: 5.1KB)  memtables: 48MB
I250821 13:39:20.052102 782 3@pebble/event.go:1059 ⋮ [n1,s1,pebble] 80  [JOB 9] WAL created 003889
I250821 13:39:20.054293 7202 3@pebble/event.go:1011 ⋮ [n1,s1,pebble] 81  [JOB 10] flushing 1 memtable (32MB) to L0
I250821 13:39:20.057769 7202 3@pebble/event.go:1039 ⋮ [n1,s1,pebble] 82  [JOB 10] flushing: sstable created 003890
I250821 13:39:20.078732 7202 3@pebble/event.go:1039 ⋮ [n1,s1,pebble] 83  [JOB 10] flushing: sstable created 003891
I250821 13:39:20.085732 7202 3@pebble/event.go:1039 ⋮ [n1,s1,pebble] 84  [JOB 10] flushing: sstable created 003892
I250821 13:39:20.094559 7202 3@pebble/event.go:1039 ⋮ [n1,s1,pebble] 85  [JOB 10] flushing: sstable created 003893
I250821 13:39:20.099210 7202 3@pebble/event.go:1015 ⋮ [n1,s1,pebble] 86  [JOB 10] flushed 1 memtable (32MB) to L0 [003890 003891 003892 003893] (368KB), in 0.0s (0.0s total), output rate 8.1MB/s
I250821 13:45:29.999568 124 3@kv/kvserver/store.go:3801 ⋮ [T1,Vsystem,n1,s1] 87  Pebble metrics:
I250821 13:45:29.999568 124 3@kv/kvserver/store.go:3801 ⋮ [T1,Vsystem,n1,s1] 87 +      |                             |       |       |   ingested   |     moved    |    written   |       |    amp
I250821 13:45:29.999568 124 3@kv/kvserver/store.go:3801 ⋮ [T1,Vsystem,n1,s1] 87 +level | tables  size val-bl vtables | score |   in  | tables  size | tables  size | tables  size |  read |   r   w
I250821 13:45:29.999568 124 3@kv/kvserver/store.go:3801 ⋮ [T1,Vsystem,n1,s1] 87 +------+-----------------------------+-------+-------+--------------+--------------+--------------+-------+---------
I250821 13:45:29.999568 124 3@kv/kvserver/store.go:3801 ⋮ [T1,Vsystem,n1,s1] 87 +    0 |     4  368KB  3.8KB       0 |  0.91 |  54MB |     0     0B |     0     0B |     8  802KB |    0B |   1  0.0
I250821 13:45:29.999568 124 3@kv/kvserver/store.go:3801 ⋮ [T1,Vsystem,n1,s1] 87 +    1 |     0     0B     0B       0 |  0.00 |    0B |     0     0B |     0     0B |     0     0B |    0B |   0  0.0
I250821 13:45:29.999568 124 3@kv/kvserver/store.go:3801 ⋮ [T1,Vsystem,n1,s1] 87 +    2 |     0     0B     0B       0 |  0.00 |    0B |     0     0B |     0     0B |     0     0B |    0B |   0  0.0
I250821 13:45:29.999568 124 3@kv/kvserver/store.go:3801 ⋮ [T1,Vsystem,n1,s1] 87 +    3 |     0     0B     0B       0 |  0.00 |    0B |     0     0B |     0     0B |     0     0B |    0B |   0  0.0
I250821 13:45:29.999568 124 3@kv/kvserver/store.go:3801 ⋮ [T1,Vsystem,n1,s1] 87 +    4 |     0     0B     0B       0 |  0.00 |    0B |     0     0B |     0     0B |     0     0B |    0B |   0  0.0
I250821 13:45:29.999568 124 3@kv/kvserver/store.go:3801 ⋮ [T1,Vsystem,n1,s1] 87 +    5 |     0     0B     0B       0 |  0.00 |    0B |     0     0B |     0     0B |     0     0B |    0B |   0  0.0
I250821 13:45:29.999568 124 3@kv/kvserver/store.go:3801 ⋮ [T1,Vsystem,n1,s1] 87 +    6 |    20   71MB  492KB       0 |     - | 927KB |     0     0B |     0     0B |    20   71MB |  71MB |   1 78.1
I250821 13:45:29.999568 124 3@kv/kvserver/store.go:3801 ⋮ [T1,Vsystem,n1,s1] 87 +total |    24   71MB  496KB       0 |     - |  96MB |     0     0B |     0     0B |    28  167MB |  71MB |   2  1.7
I250821 13:45:29.999568 124 3@kv/kvserver/store.go:3801 ⋮ [T1,Vsystem,n1,s1] 87 +-------------------------------------------------------------------------------------------------------------------
I250821 13:45:29.999568 124 3@kv/kvserver/store.go:3801 ⋮ [T1,Vsystem,n1,s1] 87 +WAL: 1 files (41MB)  in: 70MB  written: 96MB (36% overhead)
I250821 13:45:29.999568 124 3@kv/kvserver/store.go:3801 ⋮ [T1,Vsystem,n1,s1] 87 +Flushes: 2
I250821 13:45:29.999568 124 3@kv/kvserver/store.go:3801 ⋮ [T1,Vsystem,n1,s1] 87 +Compactions: 4  estimated debt: 71MB  in progress: 0 (0B)
I250821 13:45:29.999568 124 3@kv/kvserver/store.go:3801 ⋮ [T1,Vsystem,n1,s1] 87 +             default: 4  delete: 0  elision: 0  move: 0  read: 0  tombstone-density: 0  rewrite: 0  copy: 0  multi-level: 0
I250821 13:45:29.999568 124 3@kv/kvserver/store.go:3801 ⋮ [T1,Vsystem,n1,s1] 87 +MemTables: 1 (64MB)  zombie: 1 (32MB)
I250821 13:45:29.999568 124 3@kv/kvserver/store.go:3801 ⋮ [T1,Vsystem,n1,s1] 87 +Zombie tables: 0 (0B, local: 0B)
I250821 13:45:29.999568 124 3@kv/kvserver/store.go:3801 ⋮ [T1,Vsystem,n1,s1] 87 +Backing tables: 0 (0B)
I250821 13:45:29.999568 124 3@kv/kvserver/store.go:3801 ⋮ [T1,Vsystem,n1,s1] 87 +Virtual tables: 0 (0B)
I250821 13:45:29.999568 124 3@kv/kvserver/store.go:3801 ⋮ [T1,Vsystem,n1,s1] 87 +Local tables size: 71MB
I250821 13:45:29.999568 124 3@kv/kvserver/store.go:3801 ⋮ [T1,Vsystem,n1,s1] 87 +Compression types: snappy: 24
I250821 13:45:29.999568 124 3@kv/kvserver/store.go:3801 ⋮ [T1,Vsystem,n1,s1] 87 +Block cache: 213 entries (6.9MB)  hit rate: 75.8%
I250821 13:45:29.999568 124 3@kv/kvserver/store.go:3801 ⋮ [T1,Vsystem,n1,s1] 87 +Table cache: 10 entries (8.1KB)  hit rate: 99.8%
I250821 13:45:29.999568 124 3@kv/kvserver/store.go:3801 ⋮ [T1,Vsystem,n1,s1] 87 +Snapshots: 0  earliest seq num: 0
I250821 13:45:29.999568 124 3@kv/kvserver/store.go:3801 ⋮ [T1,Vsystem,n1,s1] 87 +Table iters: 0
I250821 13:45:29.999568 124 3@kv/kvserver/store.go:3801 ⋮ [T1,Vsystem,n1,s1] 87 +Filter utility: 89.5%
I250821 13:45:29.999568 124 3@kv/kvserver/store.go:3801 ⋮ [T1,Vsystem,n1,s1] 87 +Ingestions: 0  as flushable: 0 (0B in 0 tables)
I250821 13:45:29.999568 124 3@kv/kvserver/store.go:3801 ⋮ [T1,Vsystem,n1,s1] 87 +Cgo memory usage: 103MB  block cache: 7.0MB (data: 7.0MB, maps: 21KB, entries: 17KB)  memtables: 96MB
I250821 13:47:50.114610 787 3@pebble/event.go:1059 ⋮ [n1,s1,pebble] 88  [JOB 12] WAL created 003894 (recycled 003867)
I250821 13:47:50.126768 16878 3@pebble/event.go:1011 ⋮ [n1,s1,pebble] 89  [JOB 13] flushing 1 memtable (64MB) to L0
I250821 13:47:50.130322 16878 3@pebble/event.go:1039 ⋮ [n1,s1,pebble] 90  [JOB 13] flushing: sstable created 003895
I250821 13:47:50.158651 16878 3@pebble/event.go:1039 ⋮ [n1,s1,pebble] 91  [JOB 13] flushing: sstable created 003896
I250821 13:47:50.176299 16878 3@pebble/event.go:1039 ⋮ [n1,s1,pebble] 92  [JOB 13] flushing: sstable created 003897
I250821 13:47:50.191317 16878 3@pebble/event.go:1039 ⋮ [n1,s1,pebble] 93  [JOB 13] flushing: sstable created 003898
I250821 13:47:50.200983 16878 3@pebble/event.go:1015 ⋮ [n1,s1,pebble] 94  [JOB 13] flushed 1 memtable (64MB) to L0 [003895 003896 003897 003898] (549KB), in 0.1s (0.1s total), output rate 7.3MB/s
I250821 13:47:50.203186 16893 3@pebble/event.go:999 ⋮ [n1,s1,pebble] 95  [JOB 15] compacting(default) L0 [003892 003891 003893 003890 003897 003896 003898 003895] (918KB) Score=200.00 + L5 [] (0B) Score=0.00; OverlappingRatio: Single 0.00, Multi 0.00
I250821 13:47:50.207663 16893 3@pebble/event.go:1039 ⋮ [n1,s1,pebble] 96  [JOB 15] compacting: sstable created 003899
I250821 13:47:50.224472 16893 3@pebble/event.go:1039 ⋮ [n1,s1,pebble] 97  [JOB 15] compacting: sstable created 003900
I250821 13:47:50.231641 16893 3@pebble/event.go:1003 ⋮ [n1,s1,pebble] 98  [JOB 15] compacted(default) L0 [003892 003891 003893 003890 003897 003896 003898 003895] (918KB) Score=200.00 + L5 [] (0B) Score=0.00 -> L5 [003899 003900] (716KB), in 0.0s (0.0s total), output rate 25MB/s
I250821 13:47:50.234485 90 3@pebble/event.go:1043 ⋮ [n1,s1,pebble] 99  [JOB 15] sstable deleted 003890
I250821 13:47:50.234676 90 3@pebble/event.go:1043 ⋮ [n1,s1,pebble] 100  [JOB 15] sstable deleted 003891
I250821 13:47:50.234961 90 3@pebble/event.go:1043 ⋮ [n1,s1,pebble] 101  [JOB 15] sstable deleted 003892
I250821 13:47:50.235203 90 3@pebble/event.go:1043 ⋮ [n1,s1,pebble] 102  [JOB 15] sstable deleted 003893
I250821 13:47:50.236396 90 3@pebble/event.go:1043 ⋮ [n1,s1,pebble] 103  [JOB 15] sstable deleted 003895
I250821 13:47:50.236788 90 3@pebble/event.go:1043 ⋮ [n1,s1,pebble] 104  [JOB 15] sstable deleted 003896
I250821 13:47:50.238519 90 3@pebble/event.go:1043 ⋮ [n1,s1,pebble] 105  [JOB 15] sstable deleted 003897
I250821 13:47:50.238850 90 3@pebble/event.go:1043 ⋮ [n1,s1,pebble] 106  [JOB 15] sstable deleted 003898
I250821 13:55:30.016864 124 3@kv/kvserver/store.go:3801 ⋮ [T1,Vsystem,n1,s1] 107  Pebble metrics:
I250821 13:55:30.016864 124 3@kv/kvserver/store.go:3801 ⋮ [T1,Vsystem,n1,s1] 107 +      |                             |       |       |   ingested   |     moved    |    written   |       |    amp
I250821 13:55:30.016864 124 3@kv/kvserver/store.go:3801 ⋮ [T1,Vsystem,n1,s1] 107 +level | tables  size val-bl vtables | score |   in  | tables  size | tables  size | tables  size |  read |   r   w
I250821 13:55:30.016864 124 3@kv/kvserver/store.go:3801 ⋮ [T1,Vsystem,n1,s1] 107 +------+-----------------------------+-------+-------+--------------+--------------+--------------+-------+---------
I250821 13:55:30.016864 124 3@kv/kvserver/store.go:3801 ⋮ [T1,Vsystem,n1,s1] 107 +    0 |     0     0B     0B       0 |  0.00 | 112MB |     0     0B |     0     0B |    12  1.3MB |    0B |   0  0.0
I250821 13:55:30.016864 124 3@kv/kvserver/store.go:3801 ⋮ [T1,Vsystem,n1,s1] 107 +    1 |     0     0B     0B       0 |  0.00 |    0B |     0     0B |     0     0B |     0     0B |    0B |   0  0.0
I250821 13:55:30.016864 124 3@kv/kvserver/store.go:3801 ⋮ [T1,Vsystem,n1,s1] 107 +    2 |     0     0B     0B       0 |  0.00 |    0B |     0     0B |     0     0B |     0     0B |    0B |   0  0.0
I250821 13:55:30.016864 124 3@kv/kvserver/store.go:3801 ⋮ [T1,Vsystem,n1,s1] 107 +    3 |     0     0B     0B       0 |  0.00 |    0B |     0     0B |     0     0B |     0     0B |    0B |   0  0.0
I250821 13:55:30.016864 124 3@kv/kvserver/store.go:3801 ⋮ [T1,Vsystem,n1,s1] 107 +    4 |     0     0B     0B       0 |  0.00 |    0B |     0     0B |     0     0B |     0     0B |    0B |   0  0.0
I250821 13:55:30.016864 124 3@kv/kvserver/store.go:3801 ⋮ [T1,Vsystem,n1,s1] 107 +    5 |     2  716KB   13KB       0 |  0.03 | 918KB |     0     0B |     0     0B |     2  716KB | 918KB |   1  0.8
I250821 13:55:30.016864 124 3@kv/kvserver/store.go:3801 ⋮ [T1,Vsystem,n1,s1] 107 +    6 |    20   71MB  492KB       0 |     - | 927KB |     0     0B |     0     0B |    20   71MB |  71MB |   1 78.1
I250821 13:55:30.016864 124 3@kv/kvserver/store.go:3801 ⋮ [T1,Vsystem,n1,s1] 107 +total |    22   71MB  505KB       0 |     - | 164MB |     0     0B |     0     0B |    34  236MB |  72MB |   2  1.4
I250821 13:55:30.016864 124 3@kv/kvserver/store.go:3801 ⋮ [T1,Vsystem,n1,s1] 107 +-------------------------------------------------------------------------------------------------------------------
I250821 13:55:30.016864 124 3@kv/kvserver/store.go:3801 ⋮ [T1,Vsystem,n1,s1] 107 +WAL: 1 files (52MB)  in: 138MB  written: 164MB (19% overhead)
I250821 13:55:30.016864 124 3@kv/kvserver/store.go:3801 ⋮ [T1,Vsystem,n1,s1] 107 +Flushes: 3
I250821 13:55:30.016864 124 3@kv/kvserver/store.go:3801 ⋮ [T1,Vsystem,n1,s1] 107 +Compactions: 5  estimated debt: 0B  in progress: 0 (0B)
I250821 13:55:30.016864 124 3@kv/kvserver/store.go:3801 ⋮ [T1,Vsystem,n1,s1] 107 +             default: 5  delete: 0  elision: 0  move: 0  read: 0  tombstone-density: 0  rewrite: 0  copy: 0  multi-level: 0
I250821 13:55:30.016864 124 3@kv/kvserver/store.go:3801 ⋮ [T1,Vsystem,n1,s1] 107 +MemTables: 1 (64MB)  zombie: 1 (64MB)
I250821 13:55:30.016864 124 3@kv/kvserver/store.go:3801 ⋮ [T1,Vsystem,n1,s1] 107 +Zombie tables: 0 (0B, local: 0B)
I250821 13:55:30.016864 124 3@kv/kvserver/store.go:3801 ⋮ [T1,Vsystem,n1,s1] 107 +Backing tables: 0 (0B)
I250821 13:55:30.016864 124 3@kv/kvserver/store.go:3801 ⋮ [T1,Vsystem,n1,s1] 107 +Virtual tables: 0 (0B)
I250821 13:55:30.016864 124 3@kv/kvserver/store.go:3801 ⋮ [T1,Vsystem,n1,s1] 107 +Local tables size: 71MB
I250821 13:55:30.016864 124 3@kv/kvserver/store.go:3801 ⋮ [T1,Vsystem,n1,s1] 107 +Compression types: snappy: 22
I250821 13:55:30.016864 124 3@kv/kvserver/store.go:3801 ⋮ [T1,Vsystem,n1,s1] 107 +Block cache: 0 entries (0B)  hit rate: 54.3%
I250821 13:55:30.016864 124 3@kv/kvserver/store.go:3801 ⋮ [T1,Vsystem,n1,s1] 107 +Table cache: 16 entries (13KB)  hit rate: 99.9%
I250821 13:55:30.016864 124 3@kv/kvserver/store.go:3801 ⋮ [T1,Vsystem,n1,s1] 107 +Snapshots: 0  earliest seq num: 0
I250821 13:55:30.016864 124 3@kv/kvserver/store.go:3801 ⋮ [T1,Vsystem,n1,s1] 107 +Table iters: 0
I250821 13:55:30.016864 124 3@kv/kvserver/store.go:3801 ⋮ [T1,Vsystem,n1,s1] 107 +Filter utility: 87.5%
I250821 13:55:30.016864 124 3@kv/kvserver/store.go:3801 ⋮ [T1,Vsystem,n1,s1] 107 +Ingestions: 0  as flushable: 0 (0B in 0 tables)
I250821 13:55:30.016864 124 3@kv/kvserver/store.go:3801 ⋮ [T1,Vsystem,n1,s1] 107 +Cgo memory usage: 128MB  block cache: 31KB (data: 0B, maps: 21KB, entries: 11KB)  memtables: 128MB
I250821 13:56:20.161513 805 3@pebble/event.go:1059 ⋮ [n1,s1,pebble] 108  [JOB 17] WAL created 003901 (recycled 003889)
I250821 13:56:20.165421 26616 3@pebble/event.go:1011 ⋮ [n1,s1,pebble] 109  [JOB 18] flushing 1 memtable (64MB) to L0
I250821 13:56:20.169723 26616 3@pebble/event.go:1039 ⋮ [n1,s1,pebble] 110  [JOB 18] flushing: sstable created 003902
I250821 13:56:20.253909 26616 3@pebble/event.go:1015 ⋮ [n1,s1,pebble] 111  [JOB 18] flushed 1 memtable (64MB) to L0 [003902] (552KB), in 0.1s (0.1s total), output rate 6.1MB/s
I250821 13:56:20.254090 26165 3@pebble/event.go:999 ⋮ [n1,s1,pebble] 112  [JOB 19] compacting(default) L0 [003902] (552KB) Score=91.57 + L5 [003899 003900] (716KB) Score=0.03; OverlappingRatio: Single 1.30, Multi 0.00
I250821 13:56:20.257822 26165 3@pebble/event.go:1039 ⋮ [n1,s1,pebble] 113  [JOB 19] compacting: sstable created 003903
I250821 13:56:20.285811 26165 3@pebble/event.go:1039 ⋮ [n1,s1,pebble] 114  [JOB 19] compacting: sstable created 003904
I250821 13:56:20.297121 26165 3@pebble/event.go:1003 ⋮ [n1,s1,pebble] 115  [JOB 19] compacted(default) L0 [003902] (552KB) Score=91.57 + L5 [003899 003900] (716KB) Score=0.03 -> L5 [003903 003904] (1.0MB), in 0.0s (0.0s total), output rate 24MB/s
I250821 13:56:20.297853 90 3@pebble/event.go:1043 ⋮ [n1,s1,pebble] 116  [JOB 19] sstable deleted 003899
I250821 13:56:20.298049 90 3@pebble/event.go:1043 ⋮ [n1,s1,pebble] 117  [JOB 19] sstable deleted 003900
I250821 13:56:20.298198 90 3@pebble/event.go:1043 ⋮ [n1,s1,pebble] 118  [JOB 19] sstable deleted 003902
