I250824 14:57:30.323181 98 util/log/file_sync_buffer.go:237 ⋮ [config]   file created at: 2025/08/24 14:57:30
I250824 14:57:30.323217 98 util/log/file_sync_buffer.go:237 ⋮ [config]   running on machine: ‹a894a956239d›
I250824 14:57:30.323236 98 util/log/file_sync_buffer.go:237 ⋮ [config]   binary: CockroachDB CCL v25.2.0 (aarch64-unknown-linux-gnu, built 2025/05/15 21:07:42, go1.23.7 X:nocoverageredesign)
I250824 14:57:30.323243 98 util/log/file_sync_buffer.go:237 ⋮ [config]   arguments: [‹/cockroach/cockroach› ‹start-single-node› ‹--certs-dir=certs› ‹--advertise-addr=127.0.0.1:26257› ‹--insecure› ‹--http-addr=0.0.0.0:8080›]
I250824 14:57:30.323260 98 util/log/file_sync_buffer.go:237 ⋮ [config]   log format (utf8=✓): crdb-v2
I250824 14:57:30.323265 98 util/log/file_sync_buffer.go:237 ⋮ [config]   line format: [IWEF]yymmdd hh:mm:ss.uuuuuu goid [chan@]file:line redactionmark \[tags\] [counter] msg
I250824 14:57:30.316179 98 3@pebble/objstorage/objstorageprovider/remote.go:102 ⋮ [n?,s?,pebble] 1  remote storage configured; creatorID = 1
I250824 14:57:30.797962 98 3@pebble/open.go:1054 ⋮ [n?,s?,pebble] 2  [JOB ‹1›] WAL ‹004519: {(/cockroach/cockroach-data,000)}› stopped reading at offset: (‹/cockroach/cockroach-data/004519.log›: 15489059); replayed 47797 keys in 2498 batches
I250824 14:57:30.799907 85 3@pebble/event.go:1011 ⋮ [n?,s?,pebble] 3  [JOB 2] flushing 7 memtables (16MB) to L0
I250824 14:57:30.804125 85 3@pebble/event.go:1039 ⋮ [n?,s?,pebble] 4  [JOB 2] flushing: sstable created 004525
I250824 14:57:30.996872 85 3@pebble/event.go:1031 ⋮ [n?,s?,pebble] 5  [JOB 2] MANIFEST created 004526
I250824 14:57:30.997560 85 3@pebble/event.go:1015 ⋮ [n?,s?,pebble] 6  [JOB 2] flushed 7 memtables (16MB) to L0 [004525] (245KB), in 0.2s (0.2s total), output rate 1.5MB/s
I250824 14:57:31.003091 98 3@pebble/event.go:1059 ⋮ [n?,s?,pebble] 7  [JOB 1] WAL created 004527
I250824 14:57:31.004058 10 3@pebble/event.go:1063 ⋮ [n?,s?,pebble] 8  [JOB 2] WAL deleted 004519
I250824 14:57:31.016648 56 3@pebble/event.go:999 ⋮ [n?,s?,pebble] 9  [JOB 4] compacting(default) L0 [004525] (245KB) Score=11.15 + L5 [004521 004522 004523] (5.7MB) Score=0.09; OverlappingRatio: Single 23.98, Multi 0.00
I250824 14:57:31.167139 56 3@pebble/event.go:1039 ⋮ [n?,s?,pebble] 10  [JOB 4] compacting: sstable created 004529
I250824 14:57:31.250349 13 3@pebble/event.go:1051 ⋮ [n?,s?,pebble] 11  [JOB 5] all initial table stats loaded
I250824 14:57:31.993610 56 3@pebble/event.go:1039 ⋮ [n?,s?,pebble] 12  [JOB 4] compacting: sstable created 004530
I250824 14:57:32.262080 56 3@pebble/event.go:1039 ⋮ [n?,s?,pebble] 13  [JOB 4] compacting: sstable created 004531
I250824 14:57:32.550224 56 3@pebble/event.go:1003 ⋮ [n?,s?,pebble] 14  [JOB 4] compacted(default) L0 [004525] (245KB) Score=11.15 + L5 [004521 004522 004523] (5.7MB) Score=0.09 -> L5 [004529 004530 004531] (5.8MB), in 1.5s (1.6s total), output rate 3.8MB/s
I250824 14:57:32.554834 10 3@pebble/event.go:1043 ⋮ [n?,s?,pebble] 15  [JOB 4] sstable deleted 004521
I250824 14:57:32.556934 10 3@pebble/event.go:1043 ⋮ [n?,s?,pebble] 16  [JOB 4] sstable deleted 004522
I250824 14:57:32.568237 10 3@pebble/event.go:1043 ⋮ [n?,s?,pebble] 17  [JOB 4] sstable deleted 004523
I250824 14:57:32.572962 10 3@pebble/event.go:1043 ⋮ [n?,s?,pebble] 18  [JOB 4] sstable deleted 004525
I250824 14:57:32.580363 10 3@pebble/event.go:1035 ⋮ [n?,s?,pebble] 19  [JOB 1] MANIFEST deleted 004508
I250824 14:57:32.724684 98 3@pebble/event.go:1031 ⋮ [n?,s?,pebble] 20  [JOB 1] MANIFEST created 000001
I250824 14:57:32.759332 98 3@pebble/event.go:1059 ⋮ [n?,s?,pebble] 21  [JOB 1] WAL created 000002
I250824 14:57:32.798453 98 3@pebble/event.go:1027 ⋮ [n?,s?,pebble] 22  upgraded to format version: 014
I250824 14:57:32.832639 98 3@pebble/event.go:1027 ⋮ [n?,s?,pebble] 23  upgraded to format version: 015
I250824 14:57:32.843388 98 3@pebble/event.go:1027 ⋮ [n?,s?,pebble] 24  upgraded to format version: 016
I250824 14:57:32.846288 98 3@pebble/event.go:1027 ⋮ [n?,s?,pebble] 25  upgraded to format version: 017
I250824 14:57:32.887476 98 3@pebble/event.go:1027 ⋮ [n?,s?,pebble] 26  upgraded to format version: 018
I250824 14:57:32.893978 98 3@pebble/event.go:1027 ⋮ [n?,s?,pebble] 27  upgraded to format version: 019
I250824 14:57:32.898415 148 3@pebble/event.go:1051 ⋮ [n?,s?,pebble] 28  [JOB 2] all initial table stats loaded
I250824 14:57:53.493683 775 3@kv/kvserver/store.go:3801 ⋮ [T1,Vsystem,n1,s1] 29  Pebble metrics:
I250824 14:57:53.493683 775 3@kv/kvserver/store.go:3801 ⋮ [T1,Vsystem,n1,s1] 29 +      |                             |       |       |   ingested   |     moved    |    written   |       |    amp
I250824 14:57:53.493683 775 3@kv/kvserver/store.go:3801 ⋮ [T1,Vsystem,n1,s1] 29 +level | tables  size val-bl vtables | score |   in  | tables  size | tables  size | tables  size |  read |   r   w
I250824 14:57:53.493683 775 3@kv/kvserver/store.go:3801 ⋮ [T1,Vsystem,n1,s1] 29 +------+-----------------------------+-------+-------+--------------+--------------+--------------+-------+---------
I250824 14:57:53.493683 775 3@kv/kvserver/store.go:3801 ⋮ [T1,Vsystem,n1,s1] 29 +    0 |     0     0B     0B       0 |  0.00 |  15MB |     0     0B |     0     0B |     1  245KB |    0B |   0  0.0
I250824 14:57:53.493683 775 3@kv/kvserver/store.go:3801 ⋮ [T1,Vsystem,n1,s1] 29 +    1 |     0     0B     0B       0 |  0.00 |    0B |     0     0B |     0     0B |     0     0B |    0B |   0  0.0
I250824 14:57:53.493683 775 3@kv/kvserver/store.go:3801 ⋮ [T1,Vsystem,n1,s1] 29 +    2 |     0     0B     0B       0 |  0.00 |    0B |     0     0B |     0     0B |     0     0B |    0B |   0  0.0
I250824 14:57:53.493683 775 3@kv/kvserver/store.go:3801 ⋮ [T1,Vsystem,n1,s1] 29 +    3 |     0     0B     0B       0 |  0.00 |    0B |     0     0B |     0     0B |     0     0B |    0B |   0  0.0
I250824 14:57:53.493683 775 3@kv/kvserver/store.go:3801 ⋮ [T1,Vsystem,n1,s1] 29 +    4 |     0     0B     0B       0 |  0.00 |    0B |     0     0B |     0     0B |     0     0B |    0B |   0  0.0
I250824 14:57:53.493683 775 3@kv/kvserver/store.go:3801 ⋮ [T1,Vsystem,n1,s1] 29 +    5 |     3  5.8MB  206KB       0 |  0.17 | 245KB |     0     0B |     0     0B |     3  5.8MB | 6.0MB |   1 24.4
I250824 14:57:53.493683 775 3@kv/kvserver/store.go:3801 ⋮ [T1,Vsystem,n1,s1] 29 +    6 |    12   86MB   69KB       0 |     - |    0B |     0     0B |     0     0B |     0     0B |    0B |   1  0.0
I250824 14:57:53.493683 775 3@kv/kvserver/store.go:3801 ⋮ [T1,Vsystem,n1,s1] 29 +total |    15   91MB  275KB       0 |     - |  17MB |     0     0B |     0     0B |     4   23MB | 6.0MB |   2  1.4
I250824 14:57:53.493683 775 3@kv/kvserver/store.go:3801 ⋮ [T1,Vsystem,n1,s1] 29 +-------------------------------------------------------------------------------------------------------------------
I250824 14:57:53.493683 775 3@kv/kvserver/store.go:3801 ⋮ [T1,Vsystem,n1,s1] 29 +WAL: 1 files (2.3MB)  in: 2.3MB  written: 17MB (641% overhead)
I250824 14:57:53.493683 775 3@kv/kvserver/store.go:3801 ⋮ [T1,Vsystem,n1,s1] 29 +Flushes: 1
I250824 14:57:53.493683 775 3@kv/kvserver/store.go:3801 ⋮ [T1,Vsystem,n1,s1] 29 +Compactions: 1  estimated debt: 0B  in progress: 0 (0B)
I250824 14:57:53.493683 775 3@kv/kvserver/store.go:3801 ⋮ [T1,Vsystem,n1,s1] 29 +             default: 1  delete: 0  elision: 0  move: 0  read: 0  tombstone-density: 0  rewrite: 0  copy: 0  multi-level: 0
I250824 14:57:53.493683 775 3@kv/kvserver/store.go:3801 ⋮ [T1,Vsystem,n1,s1] 29 +MemTables: 1 (32MB)  zombie: 1 (16MB)
I250824 14:57:53.493683 775 3@kv/kvserver/store.go:3801 ⋮ [T1,Vsystem,n1,s1] 29 +Zombie tables: 0 (0B, local: 0B)
I250824 14:57:53.493683 775 3@kv/kvserver/store.go:3801 ⋮ [T1,Vsystem,n1,s1] 29 +Backing tables: 0 (0B)
I250824 14:57:53.493683 775 3@kv/kvserver/store.go:3801 ⋮ [T1,Vsystem,n1,s1] 29 +Virtual tables: 0 (0B)
I250824 14:57:53.493683 775 3@kv/kvserver/store.go:3801 ⋮ [T1,Vsystem,n1,s1] 29 +Local tables size: 91MB
I250824 14:57:53.493683 775 3@kv/kvserver/store.go:3801 ⋮ [T1,Vsystem,n1,s1] 29 +Compression types: snappy: 15
I250824 14:57:53.493683 775 3@kv/kvserver/store.go:3801 ⋮ [T1,Vsystem,n1,s1] 29 +Block cache: 76 entries (2.8MB)  hit rate: 88.6%
I250824 14:57:53.493683 775 3@kv/kvserver/store.go:3801 ⋮ [T1,Vsystem,n1,s1] 29 +Table cache: 14 entries (11KB)  hit rate: 99.6%
I250824 14:57:53.493683 775 3@kv/kvserver/store.go:3801 ⋮ [T1,Vsystem,n1,s1] 29 +Snapshots: 0  earliest seq num: 0
I250824 14:57:53.493683 775 3@kv/kvserver/store.go:3801 ⋮ [T1,Vsystem,n1,s1] 29 +Table iters: 0
I250824 14:57:53.493683 775 3@kv/kvserver/store.go:3801 ⋮ [T1,Vsystem,n1,s1] 29 +Filter utility: 64.8%
I250824 14:57:53.493683 775 3@kv/kvserver/store.go:3801 ⋮ [T1,Vsystem,n1,s1] 29 +Ingestions: 0  as flushable: 0 (0B in 0 tables)
I250824 14:57:53.493683 775 3@kv/kvserver/store.go:3801 ⋮ [T1,Vsystem,n1,s1] 29 +Cgo memory usage: 51MB  block cache: 2.8MB (data: 2.8MB, maps: 16KB, entries: 5.9KB)  memtables: 48MB
I250824 15:01:43.732912 695 3@pebble/event.go:1059 ⋮ [n1,s1,pebble] 30  [JOB 7] WAL created 004532
I250824 15:01:43.737376 7663 3@pebble/event.go:1011 ⋮ [n1,s1,pebble] 31  [JOB 8] flushing 1 memtable (32MB) to L0
I250824 15:01:43.771910 7663 3@pebble/event.go:1039 ⋮ [n1,s1,pebble] 32  [JOB 8] flushing: sstable created 004533
I250824 15:01:44.285548 7663 3@pebble/event.go:1015 ⋮ [n1,s1,pebble] 33  [JOB 8] flushed 1 memtable (32MB) to L0 [004533] (506KB), in 0.5s (0.5s total), output rate 936KB/s
I250824 15:01:44.299248 7392 3@pebble/event.go:999 ⋮ [n1,s1,pebble] 34  [JOB 10] compacting(default) L0 [004533] (506KB) Score=10.98 + L5 [004529 004530 004531] (5.8MB) Score=0.17; OverlappingRatio: Single 11.81, Multi 0.00
I250824 15:01:44.372552 7392 3@pebble/event.go:1039 ⋮ [n1,s1,pebble] 35  [JOB 10] compacting: sstable created 004534
I250824 15:01:48.390232 7392 3@pebble/event.go:1039 ⋮ [n1,s1,pebble] 36  [JOB 10] compacting: sstable created 004535
I250824 15:01:49.929996 7392 3@pebble/event.go:1039 ⋮ [n1,s1,pebble] 37  [JOB 10] compacting: sstable created 004536
I250824 15:01:50.468120 7392 3@pebble/event.go:1003 ⋮ [n1,s1,pebble] 38  [JOB 10] compacted(default) L0 [004533] (506KB) Score=10.98 + L5 [004529 004530 004531] (5.8MB) Score=0.17 -> L5 [004534 004535 004536] (6.2MB), in 6.1s (6.2s total), output rate 1.0MB/s
I250824 15:01:50.545562 10 3@pebble/event.go:1043 ⋮ [n1,s1,pebble] 39  [JOB 10] sstable deleted 004529
I250824 15:01:50.578586 10 3@pebble/event.go:1043 ⋮ [n1,s1,pebble] 40  [JOB 10] sstable deleted 004530
I250824 15:01:50.609358 10 3@pebble/event.go:1043 ⋮ [n1,s1,pebble] 41  [JOB 10] sstable deleted 004531
I250824 15:01:50.610380 10 3@pebble/event.go:1043 ⋮ [n1,s1,pebble] 42  [JOB 10] sstable deleted 004533
