I250802 09:41:15.453837 73 util/log/file_sync_buffer.go:237 ⋮ [config]   file created at: 2025/08/02 09:41:15
I250802 09:41:15.453877 73 util/log/file_sync_buffer.go:237 ⋮ [config]   running on machine: ‹aa2a3336bcff›
I250802 09:41:15.453894 73 util/log/file_sync_buffer.go:237 ⋮ [config]   binary: CockroachDB CCL v25.2.0 (aarch64-unknown-linux-gnu, built 2025/05/15 21:07:42, go1.23.7 X:nocoverageredesign)
I250802 09:41:15.453902 73 util/log/file_sync_buffer.go:237 ⋮ [config]   arguments: [‹/cockroach/cockroach› ‹start-single-node› ‹--certs-dir=certs› ‹--advertise-addr=127.0.0.1:26257› ‹--insecure› ‹--http-addr=0.0.0.0:8080›]
I250802 09:41:15.453924 73 util/log/file_sync_buffer.go:237 ⋮ [config]   log format (utf8=✓): crdb-v2
I250802 09:41:15.453928 73 util/log/file_sync_buffer.go:237 ⋮ [config]   line format: [IWEF]yymmdd hh:mm:ss.uuuuuu goid [chan@]file:line redactionmark \[tags\] [counter] msg
I250802 09:41:15.432344 73 3@pebble/objstorage/objstorageprovider/remote.go:102 ⋮ [n?,s?,pebble] 1  remote storage configured; creatorID = 1
I250802 09:41:15.857107 73 3@pebble/open.go:1054 ⋮ [n?,s?,pebble] 2  [JOB ‹1›] WAL ‹001923: {(/cockroach/cockroach-data,000)}› stopped reading at offset: (‹/cockroach/cockroach-data/001923.log›: 11827522); replayed 36417 keys in 1991 batches
I250802 09:41:15.857461 87 3@pebble/event.go:1011 ⋮ [n?,s?,pebble] 3  [JOB 2] flushing 6 memtables (12MB) to L0
I250802 09:41:15.859850 87 3@pebble/event.go:1039 ⋮ [n?,s?,pebble] 4  [JOB 2] flushing: sstable created 001938
I250802 09:41:15.928977 87 3@pebble/event.go:1039 ⋮ [n?,s?,pebble] 5  [JOB 2] flushing: sstable created 001939
I250802 09:41:15.977315 87 3@pebble/event.go:1039 ⋮ [n?,s?,pebble] 6  [JOB 2] flushing: sstable created 001940
I250802 09:41:15.986465 87 3@pebble/event.go:1031 ⋮ [n?,s?,pebble] 7  [JOB 2] MANIFEST created 001941
I250802 09:41:15.986676 87 3@pebble/event.go:1015 ⋮ [n?,s?,pebble] 8  [JOB 2] flushed 6 memtables (12MB) to L0 [001938 001939 001940] (216KB), in 0.1s (0.1s total), output rate 1.7MB/s
I250802 09:41:15.990301 73 3@pebble/event.go:1059 ⋮ [n?,s?,pebble] 9  [JOB 1] WAL created 001942
I250802 09:41:15.993189 54 3@pebble/event.go:1063 ⋮ [n?,s?,pebble] 10  [JOB 2] WAL deleted 001923
I250802 09:41:15.995990 103 3@pebble/event.go:999 ⋮ [n?,s?,pebble] 11  [JOB 3] compacting(default) L0 [001938] (155KB) Score=1.69 + L6 [001925 001926 001927 001928 001929] (16MB) Score=0.59; OverlappingRatio: Single 107.26, Multi 0.00
I250802 09:41:16.206179 103 3@pebble/event.go:1039 ⋮ [n?,s?,pebble] 12  [JOB 3] compacting: sstable created 001944
I250802 09:41:16.243276 107 3@pebble/event.go:1051 ⋮ [n?,s?,pebble] 13  [JOB 5] all initial table stats loaded
I250802 09:41:16.785922 103 3@pebble/event.go:1039 ⋮ [n?,s?,pebble] 14  [JOB 3] compacting: sstable created 001945
I250802 09:41:17.660927 103 3@pebble/event.go:1039 ⋮ [n?,s?,pebble] 15  [JOB 3] compacting: sstable created 001946
I250802 09:41:18.464855 103 3@pebble/event.go:1039 ⋮ [n?,s?,pebble] 16  [JOB 3] compacting: sstable created 001947
I250802 09:41:19.009517 103 3@pebble/event.go:1039 ⋮ [n?,s?,pebble] 17  [JOB 3] compacting: sstable created 001948
I250802 09:41:19.038843 103 3@pebble/event.go:1003 ⋮ [n?,s?,pebble] 18  [JOB 3] compacted(default) L0 [001938] (155KB) Score=1.69 + L6 [001925 001926 001927 001928 001929] (16MB) Score=0.59 -> L6 [001944 001945 001946 001947 001948] (16MB), in 3.0s (3.1s total), output rate 5.4MB/s
I250802 09:41:19.042743 57 3@pebble/event.go:999 ⋮ [n?,s?,pebble] 19  [JOB 6] compacting(default) L0 [001939] (58KB) Score=1.69 + L6 [001930 001931 001932 001933] (16MB) Score=0.59; OverlappingRatio: Single 286.75, Multi 0.00
I250802 09:41:19.044662 54 3@pebble/event.go:1043 ⋮ [n?,s?,pebble] 20  [JOB 3] sstable deleted 001925
I250802 09:41:19.047115 54 3@pebble/event.go:1043 ⋮ [n?,s?,pebble] 21  [JOB 3] sstable deleted 001926
I250802 09:41:19.048293 54 3@pebble/event.go:1043 ⋮ [n?,s?,pebble] 22  [JOB 3] sstable deleted 001927
I250802 09:41:19.055522 57 3@pebble/event.go:1039 ⋮ [n?,s?,pebble] 23  [JOB 6] compacting: sstable created 001949
I250802 09:41:19.059574 54 3@pebble/event.go:1043 ⋮ [n?,s?,pebble] 24  [JOB 3] sstable deleted 001928
I250802 09:41:19.062381 54 3@pebble/event.go:1043 ⋮ [n?,s?,pebble] 25  [JOB 3] sstable deleted 001929
I250802 09:41:19.066005 54 3@pebble/event.go:1043 ⋮ [n?,s?,pebble] 26  [JOB 3] sstable deleted 001938
I250802 09:41:19.069142 54 3@pebble/event.go:1035 ⋮ [n?,s?,pebble] 27  [JOB 1] MANIFEST deleted 001886
I250802 09:41:19.080260 73 3@pebble/event.go:1031 ⋮ [n?,s?,pebble] 28  [JOB 1] MANIFEST created 000001
I250802 09:41:19.083979 73 3@pebble/event.go:1059 ⋮ [n?,s?,pebble] 29  [JOB 1] WAL created 000002
I250802 09:41:19.086268 73 3@pebble/event.go:1027 ⋮ [n?,s?,pebble] 30  upgraded to format version: 014
I250802 09:41:19.089711 73 3@pebble/event.go:1027 ⋮ [n?,s?,pebble] 31  upgraded to format version: 015
I250802 09:41:19.091803 73 3@pebble/event.go:1027 ⋮ [n?,s?,pebble] 32  upgraded to format version: 016
I250802 09:41:19.094844 73 3@pebble/event.go:1027 ⋮ [n?,s?,pebble] 33  upgraded to format version: 017
I250802 09:41:19.099936 73 3@pebble/event.go:1027 ⋮ [n?,s?,pebble] 34  upgraded to format version: 018
I250802 09:41:19.106632 73 3@pebble/event.go:1027 ⋮ [n?,s?,pebble] 35  upgraded to format version: 019
I250802 09:41:19.112997 41 3@pebble/event.go:1051 ⋮ [n?,s?,pebble] 36  [JOB 2] all initial table stats loaded
I250802 09:41:19.642306 57 3@pebble/event.go:1039 ⋮ [n1,s1,pebble] 37  [JOB 6] compacting: sstable created 001950
I250802 09:41:20.478117 57 3@pebble/event.go:1039 ⋮ [n1,s1,pebble] 38  [JOB 6] compacting: sstable created 001951
I250802 09:41:20.728960 57 3@pebble/event.go:1039 ⋮ [n1,s1,pebble] 39  [JOB 6] compacting: sstable created 001952
I250802 09:41:20.985701 57 3@pebble/event.go:1039 ⋮ [n1,s1,pebble] 40  [JOB 6] compacting: sstable created 001953
I250802 09:41:20.993284 57 3@pebble/event.go:1003 ⋮ [n1,s1,pebble] 41  [JOB 6] compacted(default) L0 [001939] (58KB) Score=1.69 + L6 [001930 001931 001932 001933] (16MB) Score=0.59 -> L6 [001949 001950 001951 001952 001953] (16MB), in 1.9s (2.0s total), output rate 8.3MB/s
I250802 09:41:20.993811 1756 3@pebble/event.go:999 ⋮ [n1,s1,pebble] 42  [JOB 7] compacting(default) L0 [001940] (3.5KB) Score=1.69 + L6 [001935 001936] (5.2MB) Score=0.59; OverlappingRatio: Single 1538.37, Multi 0.00
I250802 09:41:20.995851 1756 3@pebble/event.go:1039 ⋮ [n1,s1,pebble] 43  [JOB 7] compacting: sstable created 001954
I250802 09:41:20.995981 54 3@pebble/event.go:1043 ⋮ [n1,s1,pebble] 44  [JOB 6] sstable deleted 001930
I250802 09:41:20.997050 54 3@pebble/event.go:1043 ⋮ [n1,s1,pebble] 45  [JOB 6] sstable deleted 001931
I250802 09:41:20.998153 54 3@pebble/event.go:1043 ⋮ [n1,s1,pebble] 46  [JOB 6] sstable deleted 001932
I250802 09:41:20.998953 54 3@pebble/event.go:1043 ⋮ [n1,s1,pebble] 47  [JOB 6] sstable deleted 001933
I250802 09:41:20.999470 54 3@pebble/event.go:1043 ⋮ [n1,s1,pebble] 48  [JOB 6] sstable deleted 001939
I250802 09:41:21.226490 1756 3@pebble/event.go:1039 ⋮ [n1,s1,pebble] 49  [JOB 7] compacting: sstable created 001955
I250802 09:41:21.285574 1756 3@pebble/event.go:1003 ⋮ [n1,s1,pebble] 50  [JOB 7] compacted(default) L0 [001940] (3.5KB) Score=1.69 + L6 [001935 001936] (5.2MB) Score=0.59 -> L6 [001954 001955] (5.3MB), in 0.3s (0.3s total), output rate 18MB/s
I250802 09:41:21.286813 54 3@pebble/event.go:1043 ⋮ [n1,s1,pebble] 51  [JOB 7] sstable deleted 001935
I250802 09:41:21.287408 54 3@pebble/event.go:1043 ⋮ [n1,s1,pebble] 52  [JOB 7] sstable deleted 001936
I250802 09:41:21.287910 54 3@pebble/event.go:1043 ⋮ [n1,s1,pebble] 53  [JOB 7] sstable deleted 001940
I250802 09:41:39.761290 774 3@kv/kvserver/store.go:3801 ⋮ [T1,Vsystem,n1,s1] 54  Pebble metrics:
I250802 09:41:39.761290 774 3@kv/kvserver/store.go:3801 ⋮ [T1,Vsystem,n1,s1] 54 +      |                             |       |       |   ingested   |     moved    |    written   |       |    amp
I250802 09:41:39.761290 774 3@kv/kvserver/store.go:3801 ⋮ [T1,Vsystem,n1,s1] 54 +level | tables  size val-bl vtables | score |   in  | tables  size | tables  size | tables  size |  read |   r   w
I250802 09:41:39.761290 774 3@kv/kvserver/store.go:3801 ⋮ [T1,Vsystem,n1,s1] 54 +------+-----------------------------+-------+-------+--------------+--------------+--------------+-------+---------
I250802 09:41:39.761290 774 3@kv/kvserver/store.go:3801 ⋮ [T1,Vsystem,n1,s1] 54 +    0 |     0     0B     0B       0 |  0.00 |  11MB |     0     0B |     0     0B |     3  216KB |    0B |   0  0.0
I250802 09:41:39.761290 774 3@kv/kvserver/store.go:3801 ⋮ [T1,Vsystem,n1,s1] 54 +    1 |     0     0B     0B       0 |  0.00 |    0B |     0     0B |     0     0B |     0     0B |    0B |   0  0.0
I250802 09:41:39.761290 774 3@kv/kvserver/store.go:3801 ⋮ [T1,Vsystem,n1,s1] 54 +    2 |     0     0B     0B       0 |  0.00 |    0B |     0     0B |     0     0B |     0     0B |    0B |   0  0.0
I250802 09:41:39.761290 774 3@kv/kvserver/store.go:3801 ⋮ [T1,Vsystem,n1,s1] 54 +    3 |     0     0B     0B       0 |  0.00 |    0B |     0     0B |     0     0B |     0     0B |    0B |   0  0.0
I250802 09:41:39.761290 774 3@kv/kvserver/store.go:3801 ⋮ [T1,Vsystem,n1,s1] 54 +    4 |     0     0B     0B       0 |  0.00 |    0B |     0     0B |     0     0B |     0     0B |    0B |   0  0.0
I250802 09:41:39.761290 774 3@kv/kvserver/store.go:3801 ⋮ [T1,Vsystem,n1,s1] 54 +    5 |     0     0B     0B       0 |  0.00 |    0B |     0     0B |     0     0B |     0     0B |    0B |   0  0.0
I250802 09:41:39.761290 774 3@kv/kvserver/store.go:3801 ⋮ [T1,Vsystem,n1,s1] 54 +    6 |    14   38MB  243KB       0 |     - | 216KB |     0     0B |     0     0B |    12   38MB |  38MB |   1  179
I250802 09:41:39.761290 774 3@kv/kvserver/store.go:3801 ⋮ [T1,Vsystem,n1,s1] 54 +total |    14   38MB  243KB       0 |     - |  14MB |     0     0B |     0     0B |    15   52MB |  38MB |   1  3.8
I250802 09:41:39.761290 774 3@kv/kvserver/store.go:3801 ⋮ [T1,Vsystem,n1,s1] 54 +-------------------------------------------------------------------------------------------------------------------
I250802 09:41:39.761290 774 3@kv/kvserver/store.go:3801 ⋮ [T1,Vsystem,n1,s1] 54 +WAL: 1 files (2.3MB)  in: 2.3MB  written: 14MB (497% overhead)
I250802 09:41:39.761290 774 3@kv/kvserver/store.go:3801 ⋮ [T1,Vsystem,n1,s1] 54 +Flushes: 1
I250802 09:41:39.761290 774 3@kv/kvserver/store.go:3801 ⋮ [T1,Vsystem,n1,s1] 54 +Compactions: 3  estimated debt: 0B  in progress: 0 (0B)
I250802 09:41:39.761290 774 3@kv/kvserver/store.go:3801 ⋮ [T1,Vsystem,n1,s1] 54 +             default: 3  delete: 0  elision: 0  move: 0  read: 0  tombstone-density: 0  rewrite: 0  copy: 0  multi-level: 0
I250802 09:41:39.761290 774 3@kv/kvserver/store.go:3801 ⋮ [T1,Vsystem,n1,s1] 54 +MemTables: 1 (16MB)  zombie: 1 (8.0MB)
I250802 09:41:39.761290 774 3@kv/kvserver/store.go:3801 ⋮ [T1,Vsystem,n1,s1] 54 +Zombie tables: 0 (0B, local: 0B)
I250802 09:41:39.761290 774 3@kv/kvserver/store.go:3801 ⋮ [T1,Vsystem,n1,s1] 54 +Backing tables: 0 (0B)
I250802 09:41:39.761290 774 3@kv/kvserver/store.go:3801 ⋮ [T1,Vsystem,n1,s1] 54 +Virtual tables: 0 (0B)
I250802 09:41:39.761290 774 3@kv/kvserver/store.go:3801 ⋮ [T1,Vsystem,n1,s1] 54 +Local tables size: 38MB
I250802 09:41:39.761290 774 3@kv/kvserver/store.go:3801 ⋮ [T1,Vsystem,n1,s1] 54 +Compression types: snappy: 14
I250802 09:41:39.761290 774 3@kv/kvserver/store.go:3801 ⋮ [T1,Vsystem,n1,s1] 54 +Block cache: 38 entries (1.4MB)  hit rate: 41.1%
I250802 09:41:39.761290 774 3@kv/kvserver/store.go:3801 ⋮ [T1,Vsystem,n1,s1] 54 +Table cache: 4 entries (3.3KB)  hit rate: 99.3%
I250802 09:41:39.761290 774 3@kv/kvserver/store.go:3801 ⋮ [T1,Vsystem,n1,s1] 54 +Snapshots: 0  earliest seq num: 0
I250802 09:41:39.761290 774 3@kv/kvserver/store.go:3801 ⋮ [T1,Vsystem,n1,s1] 54 +Table iters: 0
I250802 09:41:39.761290 774 3@kv/kvserver/store.go:3801 ⋮ [T1,Vsystem,n1,s1] 54 +Filter utility: 37.5%
I250802 09:41:39.761290 774 3@kv/kvserver/store.go:3801 ⋮ [T1,Vsystem,n1,s1] 54 +Ingestions: 0  as flushable: 0 (0B in 0 tables)
I250802 09:41:39.761290 774 3@kv/kvserver/store.go:3801 ⋮ [T1,Vsystem,n1,s1] 54 +Cgo memory usage: 26MB  block cache: 1.4MB (data: 1.4MB, maps: 16KB, entries: 4.7KB)  memtables: 24MB
