I250731 16:33:27.080123 1 util/log/file_sync_buffer.go:237 ⋮ [config]   file created at: 2025/07/31 16:33:27
I250731 16:33:27.080147 1 util/log/file_sync_buffer.go:237 ⋮ [config]   running on machine: ‹ebe78a0ae33d›
I250731 16:33:27.080157 1 util/log/file_sync_buffer.go:237 ⋮ [config]   binary: CockroachDB CCL v25.2.0 (aarch64-unknown-linux-gnu, built 2025/05/15 21:07:42, go1.23.7 X:nocoverageredesign)
I250731 16:33:27.080162 1 util/log/file_sync_buffer.go:237 ⋮ [config]   arguments: [‹/cockroach/cockroach› ‹start-single-node› ‹--certs-dir=certs› ‹--advertise-addr=127.0.0.1:26257› ‹--insecure› ‹--http-addr=0.0.0.0:8080›]
I250731 16:33:27.080171 1 util/log/file_sync_buffer.go:237 ⋮ [config]   log format (utf8=✓): crdb-v2
I250731 16:33:27.080175 1 util/log/file_sync_buffer.go:237 ⋮ [config]   line format: [IWEF]yymmdd hh:mm:ss.uuuuuu goid [chan@]file:line redactionmark \[tags\] [counter] msg
W250731 16:33:27.076144 1 1@cli/start.go:1438 ⋮ [n?] 1  ALL SECURITY CONTROLS HAVE BEEN DISABLED!
W250731 16:33:27.076144 1 1@cli/start.go:1438 ⋮ [n?] 1 +
W250731 16:33:27.076144 1 1@cli/start.go:1438 ⋮ [n?] 1 +This mode is intended for non-production testing only.
W250731 16:33:27.076144 1 1@cli/start.go:1438 ⋮ [n?] 1 +
W250731 16:33:27.076144 1 1@cli/start.go:1438 ⋮ [n?] 1 +In this mode:
W250731 16:33:27.076144 1 1@cli/start.go:1438 ⋮ [n?] 1 +- Your cluster is open to any client that can access ‹any of your IP addresses›.
W250731 16:33:27.076144 1 1@cli/start.go:1438 ⋮ [n?] 1 +- Intruders with access to your machine or network can observe client-server traffic.
W250731 16:33:27.076144 1 1@cli/start.go:1438 ⋮ [n?] 1 +- Intruders can log in without password and read or write any data in the cluster.
W250731 16:33:27.076144 1 1@cli/start.go:1438 ⋮ [n?] 1 +- Intruders can consume all your server's resources and cause unavailability.
I250731 16:33:27.082946 1 1@cli/start.go:1448 ⋮ [n?] 2  To start a secure server without mandating TLS for clients,
I250731 16:33:27.082946 1 1@cli/start.go:1448 ⋮ [n?] 2 +consider --accept-sql-without-tls instead. For other options, see:
I250731 16:33:27.082946 1 1@cli/start.go:1448 ⋮ [n?] 2 +
I250731 16:33:27.082946 1 1@cli/start.go:1448 ⋮ [n?] 2 +- https://go.crdb.dev/issue-v/53404/v25.2
I250731 16:33:27.082946 1 1@cli/start.go:1448 ⋮ [n?] 2 +- https://www.cockroachlabs.com/docs/v25.2/secure-a-cluster.html
I250731 16:33:27.083136 1 server/status/recorder.go:856 ⋮ [n?] 3  ‹available memory from cgroups (8.0 EiB) is unsupported, using system memory 8.7 GiB instead: ›
W250731 16:33:27.083168 1 1@cli/start.go:1360 ⋮ [n?] 4  Using the default setting for --cache (128 MiB).
W250731 16:33:27.083168 1 1@cli/start.go:1360 ⋮ [n?] 4 +  A significantly larger value is usually needed for good performance.
W250731 16:33:27.083168 1 1@cli/start.go:1360 ⋮ [n?] 4 +  If you have a dedicated server a reasonable setting is --cache=.25 (2.2 GiB).
I250731 16:33:27.083254 1 server/status/recorder.go:856 ⋮ [n?] 5  ‹available memory from cgroups (8.0 EiB) is unsupported, using system memory 8.7 GiB instead: ›
I250731 16:33:27.083261 1 1@cli/start.go:1477 ⋮ [n?] 6  CockroachDB CCL v25.2.0 (aarch64-unknown-linux-gnu, built 2025/05/15 21:07:42, go1.23.7 X:nocoverageredesign)
I250731 16:33:27.084100 1 server/status/recorder.go:856 ⋮ [n?] 7  ‹available memory from cgroups (8.0 EiB) is unsupported, using system memory 8.7 GiB instead: ›
I250731 16:33:27.084110 1 1@cli/start.go:554 ⋮ [n?] 8  soft memory limit of Go runtime is set to 4.9 GiB
I250731 16:33:27.084119 1 1@cli/start.go:591 ⋮ [n?] 9  GC target percentage of Go runtime is set to 300%
I250731 16:33:27.092381 1 server/status/recorder.go:856 ⋮ [T1,Vsystem,n?] 10  ‹available memory from cgroups (8.0 EiB) is unsupported, using system memory 8.7 GiB instead: ›
I250731 16:33:27.092440 1 server/config.go:674 ⋮ [T1,Vsystem,n?] 11  system total memory: 8.7 GiB
I250731 16:33:27.092459 1 server/config.go:676 ⋮ [T1,Vsystem,n?] 12  server configuration:
I250731 16:33:27.092459 1 server/config.go:676 ⋮ [T1,Vsystem,n?] 12 +max offset             500000000
I250731 16:33:27.092459 1 server/config.go:676 ⋮ [T1,Vsystem,n?] 12 +cache size             128 MiB
I250731 16:33:27.092459 1 server/config.go:676 ⋮ [T1,Vsystem,n?] 12 +SQL memory pool size   2.2 GiB
I250731 16:33:27.092459 1 server/config.go:676 ⋮ [T1,Vsystem,n?] 12 +scan interval          10m0s
I250731 16:33:27.092459 1 server/config.go:676 ⋮ [T1,Vsystem,n?] 12 +scan min idle time     10ms
I250731 16:33:27.092459 1 server/config.go:676 ⋮ [T1,Vsystem,n?] 12 +scan max idle time     1s
I250731 16:33:27.092459 1 server/config.go:676 ⋮ [T1,Vsystem,n?] 12 +event log enabled      true
I250731 16:33:27.092494 1 1@cli/start.go:1338 ⋮ [T1,Vsystem,n?] 13  using local environment variables:
I250731 16:33:27.092494 1 1@cli/start.go:1338 ⋮ [T1,Vsystem,n?] 13 +COCKROACH_CHANNEL=official-docker
I250731 16:33:27.092503 1 1@cli/start.go:1345 ⋮ [T1,Vsystem,n?] 14  process identity: uid 0 euid 0 gid 0 egid 0
I250731 16:33:27.098579 1 1@cli/start.go:1500 ⋮ [T1,Vsystem,n?] 15  GEOS loaded from directory ‹/usr/local/lib/cockroach›
I250731 16:33:27.098632 1 1@cli/start.go:777 ⋮ [T1,Vsystem,n?] 16  starting cockroach node
I250731 16:33:30.602730 74 server/config.go:880 ⋮ [T1,Vsystem,n?] 17  1 storage engine initialized
I250731 16:33:30.602766 74 server/config.go:883 ⋮ [T1,Vsystem,n?] 18  Pebble cache size: 128 MiB
I250731 16:33:30.602780 74 server/config.go:883 ⋮ [T1,Vsystem,n?] 19  store 0: max size 0 B, max open file limit 1043576
I250731 16:33:30.602785 74 server/config.go:883 ⋮ [T1,Vsystem,n?] 20  store 0: /cockroach/cockroach-data: rw encrypted=false fs:{bdev=/run/host_mark/Users fstype=fakeowner mountpoint=/cockroach/cockroach-data mountopts=rw,nosuid,nodev,relatime,fakeowner}
I250731 16:33:30.608509 139 util/cidr/cidr.go:299 ⋮ [T1,Vsystem,n?] 21  CIDR lookup updated with 0 destinations
I250731 16:33:30.690072 74 1@server/clock_monotonicity.go:61 ⋮ [T1,Vsystem,n?] 22  monitoring forward clock jumps based on server.clock.forward_jump_check.enabled
I250731 16:33:30.705303 74 1@server/clock_monotonicity.go:136 ⋮ [T1,Vsystem,n1] 23  Sleeping till wall time 1753979610705157710 to catches up to 1753979611190057877 to ensure monotonicity. Sub: 484.900167ms
I250731 16:33:30.705490 583 1@server/server.go:1802 ⋮ [T1,Vsystem,n1] 24  connecting to gossip network to verify cluster ID "ad7eb413-6f81-429f-8b5f-ee89af2e84c8"
W250731 16:33:31.190673 74 1@cli/start.go:1299 ⋮ [T1,Vsystem,n1] 25  Running a server without --sql-addr, with a combined RPC/SQL listener, is deprecated.
W250731 16:33:31.190673 74 1@cli/start.go:1299 ⋮ [T1,Vsystem,n1] 25 +This feature will be removed in a later version of CockroachDB.
W250731 16:33:31.190802 74 1@gossip/gossip.go:1460 ⋮ [T1,Vsystem,n1] 26  no addresses found; use --join to specify a connected node
I250731 16:33:31.200966 262 kv/kvserver/kvstorage/init.go:250 ⋮ [T1,Vsystem,n1,s1] 27  beginning range descriptor iteration
I250731 16:33:31.201340 262 kv/kvserver/kvstorage/init.go:374 ⋮ [T1,Vsystem,n1,s1] 28  range descriptor iteration done: 55 range descriptors, 0 intents, 0 tombstones; stats: ‹seeked 114 times (58 internal); stepped 0 times (0 internal); blocks: 70KB cached; points: 56 (1.1KB keys, 1.6KB values); separated: 3 (88B, 0B fetched)›
I250731 16:33:31.206498 262 kv/kvserver/kvstorage/init.go:501 ⋮ [T1,Vsystem,n1,s1] 29  loaded replica ID for 55/55 replicas
I250731 16:33:31.206711 262 kv/kvserver/kvstorage/init.go:518 ⋮ [T1,Vsystem,n1,s1] 30  loaded Raft state for 55/55 replicas
I250731 16:33:31.206729 262 kv/kvserver/kvstorage/init.go:545 ⋮ [T1,Vsystem,n1,s1] 31  loaded 55 replicas
I250731 16:33:31.206739 262 kv/kvserver/kvstorage/init.go:576 ⋮ [T1,Vsystem,n1,s1] 32  verified 55/55 replicas
I250731 16:33:31.214437 262 kv/kvserver/store.go:2369 ⋮ [T1,Vsystem,n1,s1] 33  initialized 55/55 replicas
I250731 16:33:31.214760 262 server/node.go:690 ⋮ [T1,Vsystem,n1] 34  initialized store s1 in 23ms (55 replicas)
I250731 16:33:31.215305 583 1@server/server.go:1805 ⋮ [T1,Vsystem,n1] 35  node connected via gossip
I250731 16:33:31.216476 74 kv/kvserver/stores.go:261 ⋮ [T1,Vsystem,n1] 36  read 0 node addresses from persistent storage
I250731 16:33:31.218488 586 kv/kvserver/storeliveness/support_manager.go:285 ⋮ [T1,Vsystem,n1,s1] 37  starting to heartbeat store {NodeID:1 StoreID:1}
I250731 16:33:31.218819 74 server/node.go:801 ⋮ [T1,Vsystem,n1] 38  started with attributes []
I250731 16:33:31.218937 74 server/goroutinedumper/goroutinedumper.go:117 ⋮ [T1,Vsystem,n1] 39  writing goroutine dumps to ‹/cockroach/cockroach-data/logs/goroutine_dump›
I250731 16:33:31.218988 74 server/profiler/heapprofiler.go:72 ⋮ [T1,Vsystem,n1] 40  writing go heap profiles to ‹/cockroach/cockroach-data/logs/heap_profiler› at least every 1h0m0s
I250731 16:33:31.219002 74 server/profiler/memory_monitoring_profiler.go:66 ⋮ [T1,Vsystem,n1] 41  writing memory monitoring dumps to ‹/cockroach/cockroach-data/logs/heap_profiler› at least every 1h0m0s
I250731 16:33:31.219006 74 server/profiler/cgoprofiler.go:66 ⋮ [T1,Vsystem,n1] 42  to enable jmalloc profiling: "export MALLOC_CONF=prof:true" or "ln -s prof:true /etc/malloc.conf"
I250731 16:33:31.219018 74 server/profiler/statsprofiler.go:68 ⋮ [T1,Vsystem,n1] 43  writing memory stats to ‹/cockroach/cockroach-data/logs/heap_profiler› at last every 1h0m0s
I250731 16:33:31.219146 74 server/profiler/activequeryprofiler.go:88 ⋮ [T1,Vsystem,n1] 44  writing go query profiles to ‹/cockroach/cockroach-data/logs/heap_profiler›
I250731 16:33:31.219165 74 server/profiler/cpuprofiler.go:87 ⋮ [T1,Vsystem,n1] 45  writing cpu profile dumps to ‹/cockroach/cockroach-data/logs/pprof_dump›
I250731 16:33:31.219372 74 1@server/server.go:1999 ⋮ [T1,Vsystem,n1] 46  starting http server at ‹[::]:8080› (use: ‹127.0.0.1:8080›)
I250731 16:33:31.219384 74 1@server/server.go:2007 ⋮ [T1,Vsystem,n1] 47  starting grpc/postgres server at ‹[::]:26257›
I250731 16:33:31.219391 74 1@server/server.go:2008 ⋮ [T1,Vsystem,n1] 48  advertising CockroachDB node at ‹127.0.0.1:26257›
I250731 16:33:31.224700 658 kv/kvserver/queue.go:612 ⋮ [T1,Vsystem,n1,s1,r1/1:‹/{Min-System/NodeL…}›,raft] 49  rate limited in MaybeAdd (merge): throttled on async limiting semaphore
I250731 16:33:31.227223 586 kv/kvserver/storeliveness/supporter_state.go:298 ⋮ [T1,Vsystem,n1,s1] 50  provided support for store {NodeID:1 StoreID:1}; old = {Target:{NodeID:1 StoreID:1} Epoch:30 Expiration:1753979578.239701180,0}, new = {Target:{NodeID:1 StoreID:1} Epoch:31 Expiration:1753979614.218533418,0}
I250731 16:33:31.228018 586 kv/kvserver/storeliveness/requester_state.go:425 ⋮ [T1,Vsystem,n1,s1] 51  received support from store {NodeID:1 StoreID:1}; old = {Target:{NodeID:1 StoreID:1} Epoch:31 Expiration:0,0}, new = {Target:{NodeID:1 StoreID:1} Epoch:31 Expiration:1753979614.218533418,0}
I250731 16:33:31.246103 74 1@util/log/event_log.go:39 ⋮ [T1,Vsystem,n1] 52 ={"Timestamp":1753979611246091377,"EventType":"node_restart","NodeID":1,"StartedAt":1753979611190905918,"LastUp":1753979572833866345}
I250731 16:33:31.246283 915 kv/kvclient/rangefeed/rangefeedcache/watcher.go:340 ⋮ [T1,Vsystem,n1] 53  settings-watcher: established range feed cache
I250731 16:33:31.246638 881 kv/kvclient/rangefeed/rangefeedcache/watcher.go:340 ⋮ [T1,Vsystem,n1] 54  spanconfig-subscriber: established range feed cache
I250731 16:33:31.259112 74 sql/sqlliveness/slinstance/slinstance.go:435 ⋮ [T1,Vsystem,n1] 55  starting SQL liveness instance
I250731 16:33:31.277325 1156 sql/sqlliveness/slstorage/slstorage.go:540 ⋮ [T1,Vsystem,n1] 56  inserted sqlliveness session 0101803e8e9f34a6ab41149620be7ef62e4ecd with expiry 1753979651.259742127,0
I250731 16:33:31.277400 1156 sql/sqlliveness/slinstance/slinstance.go:247 ⋮ [T1,Vsystem,n1] 57  created new SQL liveness session 0101803e8e9f34a6ab41149620be7ef62e4ecd
I250731 16:33:31.277479 74 sql/sqlinstance/instancestorage/instancestorage.go:338 ⋮ [T1,Vsystem,n1] 58  assigning instance id to rpc addr ‹127.0.0.1:26257› and sql addr ‹127.0.0.1:26257›
I250731 16:33:31.282922 74 server/server_sql.go:1618 ⋮ [T1,Vsystem,n1] 59  bound sqlinstance: Instance{RegionPrefix: gA==, InstanceID: 1, SQLAddr: ‹127.0.0.1:26257›, RPCAddr: ‹127.0.0.1:26257›, SessionID: 0101803e8e9f34a6ab41149620be7ef62e4ecd, Locality: , BinaryVersion: 25.2}
I250731 16:33:31.287500 862 sql/sqlstats/persistedsqlstats/provider.go:159 ⋮ [T1,Vsystem,n1] 60  starting sql-stats-worker with initial delay: 9m54.040253353s
I250731 16:33:31.283393 74 upgrade/upgrademanager/manager.go:171 ⋮ [T1,Vsystem,n1] 61  running permanent upgrades up to version: 25.2
I250731 16:33:31.290236 859 sql/temporary_schema.go:506 ⋮ [T1,Vsystem,n1] 62  running temporary object cleanup background job
I250731 16:33:31.292016 1179 kv/kvclient/rangefeed/rangefeedcache/watcher.go:340 ⋮ [T1,Vsystem,n1] 63  system-config-cache: established range feed cache
I250731 16:33:31.292339 576 kv/kvserver/replica_rangefeed.go:882 ⋮ [T1,Vsystem,n1,rangefeed=‹lease›,mux_n=1,gen=2,r6/1:‹/Table/{0-4}›,sm=1,sid=1,s1] 64  RangeFeed closed timestamp 1753976854.210121963,0 is behind by 45m57.082215914s (behind=45m57.082215914s target=3s nudge=true cancel=false)
I250731 16:33:31.313129 859 sql/temporary_schema.go:556 ⋮ [T1,Vsystem,n1] 65  found 0 temporary schemas
I250731 16:33:31.313191 859 sql/temporary_schema.go:559 ⋮ [T1,Vsystem,n1] 66  early exiting temporary schema cleaner as no temporary schemas were found
I250731 16:33:31.313201 859 sql/temporary_schema.go:560 ⋮ [T1,Vsystem,n1] 67  completed temporary object cleanup job
I250731 16:33:31.313222 859 sql/temporary_schema.go:641 ⋮ [T1,Vsystem,n1] 68  temporary object cleaner next scheduled to run at 2025-07-31 17:03:31.287399543 +0000 UTC m=+1804.969282419
I250731 16:33:31.318259 74 upgrade/upgrademanager/manager.go:233 ⋮ [T1,Vsystem,n1] 69  detected the last permanent upgrade (v0.0-upgrading-step-004) to have already completed; no permanent upgrades will run
I250731 16:33:31.318293 74 server/server_sql.go:1720 ⋮ [T1,Vsystem,n1] 70  done ensuring all necessary startup migrations have run
I250731 16:33:31.318608 74 server/license/enforcer.go:262 ⋮ [T1,Vsystem,n1] 71  trial license expiry initialized to 1970-01-01 00:00:00 +0000 UTC
I250731 16:33:31.318642 74 server/license/enforcer.go:298 ⋮ [T1,Vsystem,n1] 72  fetched existing cluster init grace period end time: 2025-08-05 14:00:31 +0000 UTC
I250731 16:33:31.318709 74 server/license/enforcer.go:498 ⋮ [T1,Vsystem,n1] 73  enforcer license updated: type is none, grace period ends at "2025-08-05 14:00:31 +0000 UTC", telemetry required: false
I250731 16:33:31.318720 74 server/license/enforcer.go:498 ⋮ [T1,Vsystem,n1] 74  enforcer license updated: type is none, grace period ends at "2025-08-05 14:00:31 +0000 UTC", telemetry required: false
I250731 16:33:31.337605 1437 sql/syntheticprivilegecache/cache.go:202 ⋮ [T1,Vsystem,n1] 75  warmed privileges for virtual tables in 17.166542ms
I250731 16:33:31.355727 1439 jobs/job_scheduler.go:407 ⋮ [T1,Vsystem,n1] 76  waiting 4m0s before scheduled jobs daemon start
I250731 16:33:31.356798 1639 kv/kvclient/rangefeed/rangefeedcache/watcher.go:340 ⋮ [T1,Vsystem,n1] 77  tenant-settings-watcher: established range feed cache
I250731 16:33:31.356995 1641 kv/kvclient/rangefeed/rangefeedcache/watcher.go:340 ⋮ [T1,Vsystem,n1] 78  tenant-entry-watcher: established range feed cache
I250731 16:33:31.357605 1641 multitenant/tenantcapabilities/tenantcapabilitieswatcher/watcher.go:285 ⋮ [T1,Vsystem,n1] 79  received results of a full table scan for tenant capabilities
I250731 16:33:31.363826 74 server/license/enforcer.go:582 ⋮ [T1,Vsystem,n1] 80  disable all license enforcement
I250731 16:33:31.363871 74 1@server/server_sql.go:1971 ⋮ [T1,Vsystem,n1] 81  serving sql connections
I250731 16:33:31.364023 74 1@cli/start.go:1286 ⋮ [T1,Vsystem,n1] 82  node startup completed:
I250731 16:33:31.364023 74 1@cli/start.go:1286 ⋮ [T1,Vsystem,n1] 82 +CockroachDB node starting at 2025-07-31 16:33:31.363898627 +0000 UTC m=+5.045781544 (took 4.4s)
I250731 16:33:31.364023 74 1@cli/start.go:1286 ⋮ [T1,Vsystem,n1] 82 +build:               CCL v25.2.0 @ 2025/05/15 21:07:42 (go1.23.7 X:nocoverageredesign)
I250731 16:33:31.364023 74 1@cli/start.go:1286 ⋮ [T1,Vsystem,n1] 82 +malloc_conf:         prof:false,prof_active:true,background_thread:true,thp:never,metadata_thp:disabled,narenas:48,dirty_decay_ms:2000,muzzy_decay_ms:0
I250731 16:33:31.364023 74 1@cli/start.go:1286 ⋮ [T1,Vsystem,n1] 82 +webui:               ‹http://127.0.0.1:8080›
I250731 16:33:31.364023 74 1@cli/start.go:1286 ⋮ [T1,Vsystem,n1] 82 +sql:                 ‹postgresql://root@127.0.0.1:26257/defaultdb?sslmode=disable›
I250731 16:33:31.364023 74 1@cli/start.go:1286 ⋮ [T1,Vsystem,n1] 82 +sql (JDBC):          ‹jdbc:postgresql://127.0.0.1:26257/defaultdb?sslmode=disable&user=root›
I250731 16:33:31.364023 74 1@cli/start.go:1286 ⋮ [T1,Vsystem,n1] 82 +RPC client flags:    ‹/cockroach/cockroach <client cmd> --host=127.0.0.1:26257 --insecure›
I250731 16:33:31.364023 74 1@cli/start.go:1286 ⋮ [T1,Vsystem,n1] 82 +logs:                ‹/cockroach/cockroach-data/logs›
I250731 16:33:31.364023 74 1@cli/start.go:1286 ⋮ [T1,Vsystem,n1] 82 +temp dir:            ‹/cockroach/cockroach-data/cockroach-temp4090648173›
I250731 16:33:31.364023 74 1@cli/start.go:1286 ⋮ [T1,Vsystem,n1] 82 +external I/O path:   ‹/cockroach/cockroach-data/extern›
I250731 16:33:31.364023 74 1@cli/start.go:1286 ⋮ [T1,Vsystem,n1] 82 +store[0]:            ‹path=/cockroach/cockroach-data›
I250731 16:33:31.364023 74 1@cli/start.go:1286 ⋮ [T1,Vsystem,n1] 82 +clusterID:           ad7eb413-6f81-429f-8b5f-ee89af2e84c8
I250731 16:33:31.364023 74 1@cli/start.go:1286 ⋮ [T1,Vsystem,n1] 82 +status:              restarted pre-existing node
I250731 16:33:31.364023 74 1@cli/start.go:1286 ⋮ [T1,Vsystem,n1] 82 +nodeID:              1
I250731 16:33:31.376523 1637 server/auto_upgrade.go:81 ⋮ [T1,Vsystem,n1] 83  no need to upgrade, cluster already at the newest version
I250731 16:33:32.168688 261 1@gossip/gossip.go:1476 ⋮ [T1,Vsystem,n1] 84  node has connected to cluster via gossip
I250731 16:33:32.169253 261 kv/kvserver/stores.go:280 ⋮ [T1,Vsystem,n1] 85  wrote 0 node addresses to persistent storage
I250731 16:33:33.681559 1440 server/diagnostics/update_checker.go:144 ⋮ [T1,Vsystem,n1] 86  a new version is available: ‹25.2.3›, details: ‹https://www.cockroachlabs.com/docs/releases/v25.2#v25-2-3›
I250731 16:33:59.431156 1177 jobs/adopt.go:105 ⋮ [T1,Vsystem,n1] 87  claimed 6 jobs
I250731 16:33:59.436779 2287 jobs/adopt.go:224 ⋮ [T1,Vsystem,n1,job=103] 88  job 103: resuming execution
I250731 16:33:59.436806 2284 jobs/adopt.go:224 ⋮ [T1,Vsystem,n1,job=1093557394742509569] 89  job 1093557394742509569: resuming execution
I250731 16:33:59.436819 2282 jobs/adopt.go:224 ⋮ [T1,Vsystem,n1,job=104] 90  job 104: resuming execution
I250731 16:33:59.436823 2283 jobs/adopt.go:224 ⋮ [T1,Vsystem,n1,job=105] 91  job 105: resuming execution
I250731 16:33:59.436827 2285 jobs/adopt.go:224 ⋮ [T1,Vsystem,n1,job=100] 92  job 100: resuming execution
I250731 16:33:59.436852 2286 jobs/adopt.go:224 ⋮ [T1,Vsystem,n1,job=101] 93  job 101: resuming execution
I250731 16:33:59.463084 2338 jobs/registry.go:1681 ⋮ [T1,Vsystem,n1,job=105] 94  UPDATE TABLE METADATA CACHE job 105: stepping through state running
I250731 16:33:59.463013 2273 jobs/registry.go:1681 ⋮ [T1,Vsystem,n1,job=103] 96  AUTO UPDATE SQL ACTIVITY job 103: stepping through state running
I250731 16:33:59.463046 2354 jobs/registry.go:1681 ⋮ [T1,Vsystem,n1,job=1093557394742509569] 95  AUTO SPAN CONFIG RECONCILIATION job 1093557394742509569: stepping through state running
I250731 16:33:59.463027 2238 jobs/registry.go:1681 ⋮ [T1,Vsystem,n1,job=101] 97  POLL JOBS STATS job 101: stepping through state running
I250731 16:33:59.464559 2254 jobs/registry.go:1681 ⋮ [T1,Vsystem,n1,job=104] 98  MVCC STATISTICS UPDATE job 104: stepping through state running
I250731 16:33:59.463023 2326 jobs/registry.go:1681 ⋮ [T1,Vsystem,n1,job=100] 99  KEY VISUALIZER job 100: stepping through state running
I250731 16:33:59.475779 2254 sql/mvcc_statistics_update_job.go:63 ⋮ [T1,Vsystem,n1,job=MVCC STATISTICS UPDATE id=104] 100  starting mvcc statistics update job
I250731 16:33:59.475990 2273 sql/sql_activity_update_job.go:88 ⋮ [T1,Vsystem,n1,job=AUTO UPDATE SQL ACTIVITY id=103] 101  starting sql stats activity flush job
I250731 16:33:59.565832 2354 spanconfig/spanconfigsqlwatcher/sqlwatcher.go:241 ⋮ [T1,Vsystem,n1,job=AUTO SPAN CONFIG RECONCILIATION id=1093557394742509569] 102  established range feed over system.descriptors starting at time 1753979639.482885959,0
I250731 16:33:59.565971 2354 spanconfig/spanconfigsqlwatcher/sqlwatcher.go:300 ⋮ [T1,Vsystem,n1,job=AUTO SPAN CONFIG RECONCILIATION id=1093557394742509569] 103  established range feed over system.zones starting at time 1753979639.482885959,0
I250731 16:33:59.566024 2354 spanconfig/spanconfigsqlwatcher/sqlwatcher.go:401 ⋮ [T1,Vsystem,n1,job=AUTO SPAN CONFIG RECONCILIATION id=1093557394742509569] 104  established range feed over system.protected_ts_records starting at time 1753979639.482885959,0
I250731 16:34:31.357857 3074 1@jobs/structured_log.go:49 ⋮ [T1,Vsystem,n1] 105 ={"Timestamp":1753979671357852293,"EventType":"status_change","JobID":1094153900327010305,"JobType":"AUTO CREATE PARTIAL STATS","Description":"state changed to: running","PreviousStatus":"running","NewStatus":"running","RunNum":0}
I250731 16:34:31.359988 3074 sql/distsql_plan_stats.go:209 ⋮ [T1,Vsystem,n1,job=AUTO CREATE PARTIAL STATS id=1094153900327010305,create-stats-distsql] 106  using computed sample size of 10000 for histogram construction
I250731 16:34:31.371247 3074 sql/distsql_plan_stats.go:209 ⋮ [T1,Vsystem,n1,job=AUTO CREATE PARTIAL STATS id=1094153900327010305,create-stats-distsql] 107  using computed sample size of 10000 for histogram construction
I250731 16:34:31.380310 3074 sql/distsql_plan_stats.go:209 ⋮ [T1,Vsystem,n1,job=AUTO CREATE PARTIAL STATS id=1094153900327010305,create-stats-distsql] 108  using computed sample size of 10000 for histogram construction
I250731 16:34:31.390465 3074 sql/distsql_plan_stats.go:209 ⋮ [T1,Vsystem,n1,job=AUTO CREATE PARTIAL STATS id=1094153900327010305,create-stats-distsql] 109  using computed sample size of 10000 for histogram construction
I250731 16:34:31.417880 3074 1@jobs/structured_log.go:49 ⋮ [T1,Vsystem,n1] 110 ={"Timestamp":1753979671417878043,"EventType":"status_change","JobID":1094153900327010305,"JobType":"AUTO CREATE PARTIAL STATS","Description":"state changed to: succeeded","PreviousStatus":"running","NewStatus":"succeeded","RunNum":0}
I250731 16:37:55.544606 1 1@cli/start.go:993 ⋮ [T1,Vsystem,n1] 111  received signal 'terminated'
I250731 16:37:55.548311 1 1@cli/start.go:1034 ⋮ [T1,Vsystem,n1] 112  initiating graceful shutdown of server
I250731 16:37:55.562338 6567 server/drain.go:353 ⋮ [T1,Vsystem,n1,server drain process,call-graceful-drain] 113  all tenant servers stopped
I250731 16:37:55.565129 6567 1@server/drain.go:399 ⋮ [T1,Vsystem,n1,server drain process,call-graceful-drain] 114  waiting for health probes to notice that the node is not ready for new sql connections
I250731 16:37:55.566758 1433 sql/stats/automatic_stats.go:745 ⋮ [T1,Vsystem,n1] 115  draining stats garbage collector
I250731 16:37:55.566590 1432 sql/stats/automatic_stats.go:694 ⋮ [T1,Vsystem,n1] 116  draining auto stats refresher
W250731 16:37:55.566633 1175 jobs/registry.go:1069 ⋮ [T1,Vsystem,n1] 117  canceling all adopted jobs due to graceful drain request
I250731 16:37:55.568861 2273 jobs/registry.go:1681 ⋮ [T1,Vsystem,n1,job=103] 118  AUTO UPDATE SQL ACTIVITY job 103: stepping through state succeeded
I250731 16:37:55.570135 2326 jobs/registry.go:1681 ⋮ [T1,Vsystem,n1,job=100] 119  KEY VISUALIZER job 100: stepping through state succeeded
W250731 16:37:55.573750 2417 kv/kvclient/kvcoord/dist_sender_mux_rangefeed.go:406 ⋮ [T1,Vsystem,n1,job=AUTO SPAN CONFIG RECONCILIATION id=1093557394742509569,rangefeed=‹sql-watcher-descriptor-rangefeed›,mux_n=1,gen=2] 120  error closing mux rangefeed client: context canceled
W250731 16:37:55.573948 2425 kv/kvclient/kvcoord/dist_sender_mux_rangefeed.go:406 ⋮ [T1,Vsystem,n1,job=AUTO SPAN CONFIG RECONCILIATION id=1093557394742509569,rangefeed=‹sql-watcher-protected-ts-records-rangefeed›,mux_n=1,gen=2] 121  error closing mux rangefeed client: context canceled
W250731 16:37:55.573750 2435 kv/kvclient/kvcoord/dist_sender_mux_rangefeed.go:406 ⋮ [T1,Vsystem,n1,job=AUTO SPAN CONFIG RECONCILIATION id=1093557394742509569,rangefeed=‹sql-watcher-zones-rangefeed›,mux_n=1,gen=2] 122  error closing mux rangefeed client: context canceled
I250731 16:37:55.708482 6567 sql/sqlstats/persistedsqlstats/provider.go:122 ⋮ [T1,Vsystem,n1,server drain process,call-graceful-drain] 123  stopping persisted SQL stats tasks
I250731 16:37:55.709000 6567 sql/sqlstats/persistedsqlstats/provider.go:128 ⋮ [T1,Vsystem,n1,server drain process,call-graceful-drain] 124  persisted SQL stats tasks successfully shut down
I250731 16:37:55.709212 6567 sql/stats/automatic_stats.go:516 ⋮ [T1,Vsystem,n1,server drain process,call-graceful-drain] 125  starting to wait for auto-stats tasks to shut down
I250731 16:37:55.709398 6567 sql/stats/automatic_stats.go:519 ⋮ [T1,Vsystem,n1,server drain process,call-graceful-drain] 126  auto-stats tasks successfully shut down
I250731 16:37:55.709658 6567 jobs/registry.go:2060 ⋮ [T1,Vsystem,n1,server drain process,call-graceful-drain] 127  starting to wait for job registry to shut down
I250731 16:37:55.710048 6567 jobs/registry.go:2063 ⋮ [T1,Vsystem,n1,server drain process,call-graceful-drain] 128  job registry tasks successfully shut down
W250731 16:37:55.737315 1156 sql/sqlliveness/slinstance/slinstance.go:331 ⋮ [T1,Vsystem,n1] 129  exiting heartbeat loop
I250731 16:37:55.737584 1156 sql/sqlliveness/slinstance/slinstance.go:316 ⋮ [T1,Vsystem,n1] 130  draining heartbeat loop
I250731 16:37:55.738765 6567 server/drain.go:482 ⋮ [T1,Vsystem,n1,server drain process,call-graceful-drain] 131  SQL server drained successfully; SQL queries cannot execute any more
I250731 16:37:55.738824 6567 server/drain.go:361 ⋮ [T1,Vsystem,n1,server drain process,call-graceful-drain] 132  done draining clients
I250731 16:37:55.740417 6567 1@server/drain.go:312 ⋮ [T1,Vsystem,n1,server drain process,call-graceful-drain] 133  drain remaining: 83
I250731 16:37:55.740580 6567 1@server/drain.go:314 ⋮ [T1,Vsystem,n1,server drain process,call-graceful-drain] 134  drain details: descriptor leases: 82, liveness record: 1
I250731 16:37:55.941898 6567 server/drain.go:353 ⋮ [T1,Vsystem,n1,server drain process,call-graceful-drain] 135  all tenant servers stopped
W250731 16:37:55.942622 6738 sql/sqlstats/persistedsqlstats/flush.go:235 ⋮ [T1,Vsystem,n1,server drain process,call-graceful-drain] 136  failed to flush transaction statistics: upsert-txn-stats: cannot acquire lease when draining
W250731 16:37:55.943043 6737 sql/sqlstats/persistedsqlstats/flush.go:254 ⋮ [T1,Vsystem,n1,server drain process,call-graceful-drain] 137  failed to flush statement statistics: upsert-stmt-stats: cannot acquire lease when draining
I250731 16:37:55.943132 6567 sql/sqlstats/persistedsqlstats/provider.go:122 ⋮ [T1,Vsystem,n1,server drain process,call-graceful-drain] 138  stopping persisted SQL stats tasks
I250731 16:37:55.943184 6567 sql/sqlstats/persistedsqlstats/provider.go:128 ⋮ [T1,Vsystem,n1,server drain process,call-graceful-drain] 139  persisted SQL stats tasks successfully shut down
I250731 16:37:55.943238 6567 sql/stats/automatic_stats.go:516 ⋮ [T1,Vsystem,n1,server drain process,call-graceful-drain] 140  starting to wait for auto-stats tasks to shut down
I250731 16:37:55.943297 6567 sql/stats/automatic_stats.go:519 ⋮ [T1,Vsystem,n1,server drain process,call-graceful-drain] 141  auto-stats tasks successfully shut down
I250731 16:37:55.943371 6567 jobs/registry.go:2060 ⋮ [T1,Vsystem,n1,server drain process,call-graceful-drain] 142  starting to wait for job registry to shut down
I250731 16:37:55.943433 6567 jobs/registry.go:2063 ⋮ [T1,Vsystem,n1,server drain process,call-graceful-drain] 143  job registry tasks successfully shut down
I250731 16:37:55.944009 6567 server/drain.go:482 ⋮ [T1,Vsystem,n1,server drain process,call-graceful-drain] 144  SQL server drained successfully; SQL queries cannot execute any more
I250731 16:37:55.944083 6567 server/drain.go:361 ⋮ [T1,Vsystem,n1,server drain process,call-graceful-drain] 145  done draining clients
I250731 16:37:55.946922 6567 1@server/drain.go:312 ⋮ [T1,Vsystem,n1,server drain process,call-graceful-drain] 146  drain remaining: 0
I250731 16:37:55.946995 6567 1@server/drain.go:564 ⋮ [T1,Vsystem,n1,server drain process,call-graceful-drain] 147  graceful drain complete
W250731 16:37:55.947201 1691 server/structlogging/hot_ranges_log.go:92 ⋮ [T1,Vsystem,n1] 148  hot ranges stats logging scheduler stopped: %!s(<nil>)
W250731 16:37:55.947610 1134 kv/kvclient/kvcoord/dist_sender_mux_rangefeed.go:406 ⋮ [T1,Vsystem,n1,rangefeed=‹spanconfig-subscriber›,mux_n=1,gen=2] 149  error closing mux rangefeed client: context canceled
W250731 16:37:55.947626 1148 kv/kvclient/kvcoord/dist_sender_mux_rangefeed.go:406 ⋮ [T1,Vsystem,n1,rangefeed=‹sql_instances›,mux_n=1,gen=2] 150  error closing mux rangefeed client: context canceled
W250731 16:37:55.947695 1354 kv/kvclient/kvcoord/dist_sender_mux_rangefeed.go:406 ⋮ [T1,Vsystem,n1,rangefeed=‹table-stats-cache›,mux_n=1,gen=2] 151  error closing mux rangefeed client: context canceled
W250731 16:37:55.947714 575 kv/kvclient/kvcoord/dist_sender_mux_rangefeed.go:406 ⋮ [T1,Vsystem,n1,rangefeed=‹lease›,mux_n=1,gen=2] 152  error closing mux rangefeed client: context canceled
I250731 16:37:55.947686 582 server/start_listen.go:112 ⋮ [T1,Vsystem,n1] 153  server shutting down: instructing cmux to stop accepting
W250731 16:37:55.947715 1673 kv/kvclient/kvcoord/dist_sender_mux_rangefeed.go:406 ⋮ [T1,Vsystem,n1,rangefeed=‹tenant-settings-watcher›,mux_n=1,gen=2] 154  error closing mux rangefeed client: context canceled
W250731 16:37:55.947714 1518 kv/kvclient/kvcoord/dist_sender_mux_rangefeed.go:406 ⋮ [T1,Vsystem,n1,rangefeed=‹tenant-boundaries-watcher›,mux_n=1,gen=2] 155  error closing mux rangefeed client: context canceled
W250731 16:37:55.947767 1242 kv/kvclient/kvcoord/dist_sender_mux_rangefeed.go:406 ⋮ [T1,Vsystem,n1,rangefeed=‹settings-watcher›,mux_n=1,gen=2] 156  error closing mux rangefeed client: context canceled
W250731 16:37:55.947780 1492 kv/kvclient/kvcoord/dist_sender_mux_rangefeed.go:406 ⋮ [T1,Vsystem,n1,rangefeed=‹system-config-cache›,mux_n=1,gen=2] 157  error closing mux rangefeed client: context canceled
W250731 16:37:55.947794 1657 kv/kvclient/kvcoord/dist_sender_mux_rangefeed.go:406 ⋮ [T1,Vsystem,n1,rangefeed=‹tenant-entry-watcher›,mux_n=1,gen=2] 158  error closing mux rangefeed client: context canceled
I250731 16:37:55.968574 6567 server/server_controller.go:409 ⋮ [T1,Vsystem,n1] 159  server controller shutting down
I250731 16:37:55.968687 6567 server/server_controller.go:418 ⋮ [T1,Vsystem,n1] 160  waiting for tenant servers to report stopped
I250731 16:37:55.968800 1 1@cli/start.go:1105 ⋮ [T1,Vsystem,n1] 161  server drained and shutdown completed
