I250731 21:10:47.685847 1 util/log/file_sync_buffer.go:237 ⋮ [config]   file created at: 2025/07/31 21:10:47
I250731 21:10:47.685881 1 util/log/file_sync_buffer.go:237 ⋮ [config]   running on machine: ‹e8056eb83a9c›
I250731 21:10:47.685900 1 util/log/file_sync_buffer.go:237 ⋮ [config]   binary: CockroachDB CCL v25.2.0 (aarch64-unknown-linux-gnu, built 2025/05/15 21:07:42, go1.23.7 X:nocoverageredesign)
I250731 21:10:47.685907 1 util/log/file_sync_buffer.go:237 ⋮ [config]   arguments: [‹/cockroach/cockroach› ‹start-single-node› ‹--certs-dir=certs› ‹--advertise-addr=127.0.0.1:26257› ‹--insecure› ‹--http-addr=0.0.0.0:8080›]
I250731 21:10:47.686052 1 util/log/file_sync_buffer.go:237 ⋮ [config]   log format (utf8=✓): crdb-v2
I250731 21:10:47.686070 1 util/log/file_sync_buffer.go:237 ⋮ [config]   line format: [IWEF]yymmdd hh:mm:ss.uuuuuu goid [chan@]file:line redactionmark \[tags\] [counter] msg
W250731 21:10:47.669623 1 1@cli/start.go:1438 ⋮ [n?] 1  ALL SECURITY CONTROLS HAVE BEEN DISABLED!
W250731 21:10:47.669623 1 1@cli/start.go:1438 ⋮ [n?] 1 +
W250731 21:10:47.669623 1 1@cli/start.go:1438 ⋮ [n?] 1 +This mode is intended for non-production testing only.
W250731 21:10:47.669623 1 1@cli/start.go:1438 ⋮ [n?] 1 +
W250731 21:10:47.669623 1 1@cli/start.go:1438 ⋮ [n?] 1 +In this mode:
W250731 21:10:47.669623 1 1@cli/start.go:1438 ⋮ [n?] 1 +- Your cluster is open to any client that can access ‹any of your IP addresses›.
W250731 21:10:47.669623 1 1@cli/start.go:1438 ⋮ [n?] 1 +- Intruders with access to your machine or network can observe client-server traffic.
W250731 21:10:47.669623 1 1@cli/start.go:1438 ⋮ [n?] 1 +- Intruders can log in without password and read or write any data in the cluster.
W250731 21:10:47.669623 1 1@cli/start.go:1438 ⋮ [n?] 1 +- Intruders can consume all your server's resources and cause unavailability.
I250731 21:10:47.707247 1 1@cli/start.go:1448 ⋮ [n?] 2  To start a secure server without mandating TLS for clients,
I250731 21:10:47.707247 1 1@cli/start.go:1448 ⋮ [n?] 2 +consider --accept-sql-without-tls instead. For other options, see:
I250731 21:10:47.707247 1 1@cli/start.go:1448 ⋮ [n?] 2 +
I250731 21:10:47.707247 1 1@cli/start.go:1448 ⋮ [n?] 2 +- https://go.crdb.dev/issue-v/53404/v25.2
I250731 21:10:47.707247 1 1@cli/start.go:1448 ⋮ [n?] 2 +- https://www.cockroachlabs.com/docs/v25.2/secure-a-cluster.html
I250731 21:10:47.707522 1 server/status/recorder.go:856 ⋮ [n?] 3  ‹available memory from cgroups (8.0 EiB) is unsupported, using system memory 8.7 GiB instead: ›
W250731 21:10:47.707602 1 1@cli/start.go:1360 ⋮ [n?] 4  Using the default setting for --cache (128 MiB).
W250731 21:10:47.707602 1 1@cli/start.go:1360 ⋮ [n?] 4 +  A significantly larger value is usually needed for good performance.
W250731 21:10:47.707602 1 1@cli/start.go:1360 ⋮ [n?] 4 +  If you have a dedicated server a reasonable setting is --cache=.25 (2.2 GiB).
I250731 21:10:47.708556 1 server/status/recorder.go:856 ⋮ [n?] 5  ‹available memory from cgroups (8.0 EiB) is unsupported, using system memory 8.7 GiB instead: ›
I250731 21:10:47.708571 1 1@cli/start.go:1477 ⋮ [n?] 6  CockroachDB CCL v25.2.0 (aarch64-unknown-linux-gnu, built 2025/05/15 21:07:42, go1.23.7 X:nocoverageredesign)
I250731 21:10:47.711638 1 server/status/recorder.go:856 ⋮ [n?] 7  ‹available memory from cgroups (8.0 EiB) is unsupported, using system memory 8.7 GiB instead: ›
I250731 21:10:47.711679 1 1@cli/start.go:554 ⋮ [n?] 8  soft memory limit of Go runtime is set to 4.9 GiB
I250731 21:10:47.711705 1 1@cli/start.go:591 ⋮ [n?] 9  GC target percentage of Go runtime is set to 300%
I250731 21:10:47.751938 1 server/status/recorder.go:856 ⋮ [T1,Vsystem,n?] 10  ‹available memory from cgroups (8.0 EiB) is unsupported, using system memory 8.7 GiB instead: ›
I250731 21:10:47.752044 1 server/config.go:674 ⋮ [T1,Vsystem,n?] 11  system total memory: 8.7 GiB
I250731 21:10:47.752102 1 server/config.go:676 ⋮ [T1,Vsystem,n?] 12  server configuration:
I250731 21:10:47.752102 1 server/config.go:676 ⋮ [T1,Vsystem,n?] 12 +max offset             500000000
I250731 21:10:47.752102 1 server/config.go:676 ⋮ [T1,Vsystem,n?] 12 +cache size             128 MiB
I250731 21:10:47.752102 1 server/config.go:676 ⋮ [T1,Vsystem,n?] 12 +SQL memory pool size   2.2 GiB
I250731 21:10:47.752102 1 server/config.go:676 ⋮ [T1,Vsystem,n?] 12 +scan interval          10m0s
I250731 21:10:47.752102 1 server/config.go:676 ⋮ [T1,Vsystem,n?] 12 +scan min idle time     10ms
I250731 21:10:47.752102 1 server/config.go:676 ⋮ [T1,Vsystem,n?] 12 +scan max idle time     1s
I250731 21:10:47.752102 1 server/config.go:676 ⋮ [T1,Vsystem,n?] 12 +event log enabled      true
I250731 21:10:47.753060 1 1@cli/start.go:1338 ⋮ [T1,Vsystem,n?] 13  using local environment variables:
I250731 21:10:47.753060 1 1@cli/start.go:1338 ⋮ [T1,Vsystem,n?] 13 +COCKROACH_CHANNEL=official-docker
I250731 21:10:47.753110 1 1@cli/start.go:1345 ⋮ [T1,Vsystem,n?] 14  process identity: uid 0 euid 0 gid 0 egid 0
I250731 21:10:47.770301 1 1@cli/start.go:1500 ⋮ [T1,Vsystem,n?] 15  GEOS loaded from directory ‹/usr/local/lib/cockroach›
I250731 21:10:47.770357 1 1@cli/start.go:777 ⋮ [T1,Vsystem,n?] 16  starting cockroach node
I250731 21:10:51.670880 25 server/config.go:880 ⋮ [T1,Vsystem,n?] 17  1 storage engine initialized
I250731 21:10:51.670924 25 server/config.go:883 ⋮ [T1,Vsystem,n?] 18  Pebble cache size: 128 MiB
I250731 21:10:51.670934 25 server/config.go:883 ⋮ [T1,Vsystem,n?] 19  store 0: max size 0 B, max open file limit 1043576
I250731 21:10:51.670936 25 server/config.go:883 ⋮ [T1,Vsystem,n?] 20  store 0: /cockroach/cockroach-data: rw encrypted=false fs:{bdev=/run/host_mark/Users fstype=fakeowner mountpoint=/cockroach/cockroach-data mountopts=rw,nosuid,nodev,relatime,fakeowner}
I250731 21:10:51.684826 79 util/cidr/cidr.go:299 ⋮ [T1,Vsystem,n?] 21  CIDR lookup updated with 0 destinations
I250731 21:10:51.832055 25 1@server/clock_monotonicity.go:61 ⋮ [T1,Vsystem,n?] 22  monitoring forward clock jumps based on server.clock.forward_jump_check.enabled
I250731 21:10:51.887330 25 1@server/clock_monotonicity.go:136 ⋮ [T1,Vsystem,n1] 23  Sleeping till wall time 1753996251887326629 to catches up to 1753996252331007921 to ensure monotonicity. Sub: 443.681292ms
I250731 21:10:51.887457 574 1@server/server.go:1802 ⋮ [T1,Vsystem,n1] 24  connecting to gossip network to verify cluster ID "ad7eb413-6f81-429f-8b5f-ee89af2e84c8"
W250731 21:10:52.331836 25 1@cli/start.go:1299 ⋮ [T1,Vsystem,n1] 25  Running a server without --sql-addr, with a combined RPC/SQL listener, is deprecated.
W250731 21:10:52.331836 25 1@cli/start.go:1299 ⋮ [T1,Vsystem,n1] 25 +This feature will be removed in a later version of CockroachDB.
W250731 21:10:52.332047 25 1@gossip/gossip.go:1460 ⋮ [T1,Vsystem,n1] 26  no addresses found; use --join to specify a connected node
I250731 21:10:52.335701 580 kv/kvserver/kvstorage/init.go:250 ⋮ [T1,Vsystem,n1,s1] 27  beginning range descriptor iteration
I250731 21:10:52.336142 580 kv/kvserver/kvstorage/init.go:374 ⋮ [T1,Vsystem,n1,s1] 28  range descriptor iteration done: 55 range descriptors, 0 intents, 0 tombstones; stats: ‹seeked 114 times (58 internal); stepped 0 times (0 internal); blocks: 124KB cached, 12KB not cached (read time: 154.875µs); points: 56 (1.1KB keys, 1.6KB values); separated: 2 (58B, 0B fetched)›
I250731 21:10:52.369132 580 kv/kvserver/kvstorage/init.go:501 ⋮ [T1,Vsystem,n1,s1] 29  loaded replica ID for 55/55 replicas
I250731 21:10:52.369461 580 kv/kvserver/kvstorage/init.go:518 ⋮ [T1,Vsystem,n1,s1] 30  loaded Raft state for 55/55 replicas
I250731 21:10:52.369508 580 kv/kvserver/kvstorage/init.go:545 ⋮ [T1,Vsystem,n1,s1] 31  loaded 55 replicas
I250731 21:10:52.369518 580 kv/kvserver/kvstorage/init.go:576 ⋮ [T1,Vsystem,n1,s1] 32  verified 55/55 replicas
I250731 21:10:52.376151 580 kv/kvserver/store.go:2369 ⋮ [T1,Vsystem,n1,s1] 33  initialized 55/55 replicas
I250731 21:10:52.376382 580 server/node.go:690 ⋮ [T1,Vsystem,n1] 34  initialized store s1 in 43ms (55 replicas)
I250731 21:10:52.376425 25 kv/kvserver/stores.go:261 ⋮ [T1,Vsystem,n1] 35  read 0 node addresses from persistent storage
I250731 21:10:52.378080 574 1@server/server.go:1805 ⋮ [T1,Vsystem,n1] 36  node connected via gossip
I250731 21:10:52.378755 25 server/node.go:801 ⋮ [T1,Vsystem,n1] 37  started with attributes []
I250731 21:10:52.379012 25 server/goroutinedumper/goroutinedumper.go:117 ⋮ [T1,Vsystem,n1] 38  writing goroutine dumps to ‹/cockroach/cockroach-data/logs/goroutine_dump›
I250731 21:10:52.379140 25 server/profiler/heapprofiler.go:72 ⋮ [T1,Vsystem,n1] 39  writing go heap profiles to ‹/cockroach/cockroach-data/logs/heap_profiler› at least every 1h0m0s
I250731 21:10:52.379163 25 server/profiler/memory_monitoring_profiler.go:66 ⋮ [T1,Vsystem,n1] 40  writing memory monitoring dumps to ‹/cockroach/cockroach-data/logs/heap_profiler› at least every 1h0m0s
I250731 21:10:52.379169 25 server/profiler/cgoprofiler.go:66 ⋮ [T1,Vsystem,n1] 41  to enable jmalloc profiling: "export MALLOC_CONF=prof:true" or "ln -s prof:true /etc/malloc.conf"
I250731 21:10:52.379237 25 server/profiler/statsprofiler.go:68 ⋮ [T1,Vsystem,n1] 42  writing memory stats to ‹/cockroach/cockroach-data/logs/heap_profiler› at last every 1h0m0s
I250731 21:10:52.379519 25 server/profiler/activequeryprofiler.go:88 ⋮ [T1,Vsystem,n1] 43  writing go query profiles to ‹/cockroach/cockroach-data/logs/heap_profiler›
I250731 21:10:52.379580 25 server/profiler/cpuprofiler.go:87 ⋮ [T1,Vsystem,n1] 44  writing cpu profile dumps to ‹/cockroach/cockroach-data/logs/pprof_dump›
I250731 21:10:52.379981 25 1@server/server.go:1999 ⋮ [T1,Vsystem,n1] 45  starting http server at ‹[::]:8080› (use: ‹127.0.0.1:8080›)
I250731 21:10:52.380000 25 1@server/server.go:2007 ⋮ [T1,Vsystem,n1] 46  starting grpc/postgres server at ‹[::]:26257›
I250731 21:10:52.380009 25 1@server/server.go:2008 ⋮ [T1,Vsystem,n1] 47  advertising CockroachDB node at ‹127.0.0.1:26257›
I250731 21:10:52.381113 635 kv/kvserver/storeliveness/support_manager.go:285 ⋮ [T1,Vsystem,n1,s1] 48  starting to heartbeat store {NodeID:1 StoreID:1}
I250731 21:10:52.381117 687 kv/kvserver/queue.go:612 ⋮ [T1,Vsystem,n1,s1,r20/1:‹/Table/1{7-8}›,raft] 49  rate limited in MaybeAdd (replicate): throttled on async limiting semaphore
I250731 21:10:52.383739 708 kv/kvserver/queue.go:612 ⋮ [T1,Vsystem,n1,s1,r10/1:‹/Table/{6-7}›,raft] 50  rate limited in MaybeAdd (merge): throttled on async limiting semaphore
I250731 21:10:52.419855 635 kv/kvserver/storeliveness/supporter_state.go:298 ⋮ [T1,Vsystem,n1,s1] 51  provided support for store {NodeID:1 StoreID:1}; old = {Target:{NodeID:1 StoreID:1} Epoch:40 Expiration:1753996169.970559881,0}, new = {Target:{NodeID:1 StoreID:1} Epoch:41 Expiration:1753996255.381506962,0}
I250731 21:10:52.422808 635 kv/kvserver/storeliveness/requester_state.go:425 ⋮ [T1,Vsystem,n1,s1] 52  received support from store {NodeID:1 StoreID:1}; old = {Target:{NodeID:1 StoreID:1} Epoch:41 Expiration:0,0}, new = {Target:{NodeID:1 StoreID:1} Epoch:41 Expiration:1753996255.381506962,0}
I250731 21:10:52.528643 25 1@util/log/event_log.go:39 ⋮ [T1,Vsystem,n1] 53 ={"Timestamp":1753996252528620754,"EventType":"node_restart","NodeID":1,"StartedAt":1753996252332217629,"LastUp":1753996166148672964}
I250731 21:10:52.529090 842 kv/kvclient/rangefeed/rangefeedcache/watcher.go:340 ⋮ [T1,Vsystem,n1] 54  settings-watcher: established range feed cache
I250731 21:10:52.533668 840 kv/kvclient/rangefeed/rangefeedcache/watcher.go:340 ⋮ [T1,Vsystem,n1] 55  spanconfig-subscriber: established range feed cache
I250731 21:10:52.657860 25 sql/sqlliveness/slinstance/slinstance.go:435 ⋮ [T1,Vsystem,n1] 56  starting SQL liveness instance
I250731 21:10:52.681508 1132 kv/kvserver/replica_rangefeed.go:882 ⋮ [T1,Vsystem,n1,rangefeed=‹spanconfig-subscriber›,mux_n=1,gen=2,r50/1:‹/Table/4{7-8}›,sm=1,sid=1,s1] 57  RangeFeed closed timestamp 1753976859.869705091,0 is behind by 5h23m12.81179833s (behind=5h23m12.81179833s target=3s nudge=true cancel=false)
I250731 21:10:52.682774 784 sql/sqlliveness/slstorage/slstorage.go:540 ⋮ [T1,Vsystem,n1] 58  inserted sqlliveness session 010180678c91d1a25745f8a40520c4cd24badb with expiry 1753996292.658142921,0
I250731 21:10:52.682836 784 sql/sqlliveness/slinstance/slinstance.go:247 ⋮ [T1,Vsystem,n1] 59  created new SQL liveness session 010180678c91d1a25745f8a40520c4cd24badb
I250731 21:10:52.682867 25 sql/sqlinstance/instancestorage/instancestorage.go:338 ⋮ [T1,Vsystem,n1] 60  assigning instance id to rpc addr ‹127.0.0.1:26257› and sql addr ‹127.0.0.1:26257›
I250731 21:10:52.705708 25 server/server_sql.go:1618 ⋮ [T1,Vsystem,n1] 61  bound sqlinstance: Instance{RegionPrefix: gA==, InstanceID: 1, SQLAddr: ‹127.0.0.1:26257›, RPCAddr: ‹127.0.0.1:26257›, SessionID: 010180678c91d1a25745f8a40520c4cd24badb, Locality: , BinaryVersion: 25.2}
I250731 21:10:52.706370 25 upgrade/upgrademanager/manager.go:171 ⋮ [T1,Vsystem,n1] 62  running permanent upgrades up to version: 25.2
I250731 21:10:52.707178 1174 sql/sqlstats/persistedsqlstats/provider.go:159 ⋮ [T1,Vsystem,n1] 63  starting sql-stats-worker with initial delay: 11m29.151106416s
I250731 21:10:52.708727 1187 kv/kvclient/rangefeed/rangefeedcache/watcher.go:340 ⋮ [T1,Vsystem,n1] 64  system-config-cache: established range feed cache
I250731 21:10:52.714072 1171 sql/temporary_schema.go:506 ⋮ [T1,Vsystem,n1] 65  running temporary object cleanup background job
I250731 21:10:52.749862 25 upgrade/upgrademanager/manager.go:233 ⋮ [T1,Vsystem,n1] 66  detected the last permanent upgrade (v0.0-upgrading-step-004) to have already completed; no permanent upgrades will run
I250731 21:10:52.749903 25 server/server_sql.go:1720 ⋮ [T1,Vsystem,n1] 67  done ensuring all necessary startup migrations have run
I250731 21:10:52.760718 25 server/license/enforcer.go:262 ⋮ [T1,Vsystem,n1] 68  trial license expiry initialized to 1970-01-01 00:00:00 +0000 UTC
I250731 21:10:52.766565 25 server/license/enforcer.go:298 ⋮ [T1,Vsystem,n1] 69  fetched existing cluster init grace period end time: 2025-08-05 14:00:31 +0000 UTC
I250731 21:10:52.766756 25 server/license/enforcer.go:498 ⋮ [T1,Vsystem,n1] 70  enforcer license updated: type is none, grace period ends at "2025-08-05 14:00:31 +0000 UTC", telemetry required: false
I250731 21:10:52.766786 25 server/license/enforcer.go:498 ⋮ [T1,Vsystem,n1] 71  enforcer license updated: type is none, grace period ends at "2025-08-05 14:00:31 +0000 UTC", telemetry required: false
I250731 21:10:52.786913 1171 sql/temporary_schema.go:556 ⋮ [T1,Vsystem,n1] 72  found 0 temporary schemas
I250731 21:10:52.786959 1171 sql/temporary_schema.go:559 ⋮ [T1,Vsystem,n1] 73  early exiting temporary schema cleaner as no temporary schemas were found
I250731 21:10:52.786972 1171 sql/temporary_schema.go:560 ⋮ [T1,Vsystem,n1] 74  completed temporary object cleanup job
I250731 21:10:52.786993 1171 sql/temporary_schema.go:641 ⋮ [T1,Vsystem,n1] 75  temporary object cleaner next scheduled to run at 2025-07-31 21:40:52.707144837 +0000 UTC m=+1806.298183129
I250731 21:10:52.830410 1419 sql/syntheticprivilegecache/cache.go:202 ⋮ [T1,Vsystem,n1] 76  warmed privileges for virtual tables in 38.239083ms
I250731 21:10:52.923650 1613 kv/kvclient/rangefeed/rangefeedcache/watcher.go:340 ⋮ [T1,Vsystem,n1] 77  tenant-settings-watcher: established range feed cache
I250731 21:10:52.924034 1605 jobs/job_scheduler.go:407 ⋮ [T1,Vsystem,n1] 78  waiting 3m0s before scheduled jobs daemon start
I250731 21:10:52.924160 1615 kv/kvclient/rangefeed/rangefeedcache/watcher.go:340 ⋮ [T1,Vsystem,n1] 79  tenant-entry-watcher: established range feed cache
I250731 21:10:52.924477 1615 multitenant/tenantcapabilities/tenantcapabilitieswatcher/watcher.go:285 ⋮ [T1,Vsystem,n1] 80  received results of a full table scan for tenant capabilities
I250731 21:10:52.962245 25 server/license/enforcer.go:582 ⋮ [T1,Vsystem,n1] 81  disable all license enforcement
I250731 21:10:52.962275 25 1@server/server_sql.go:1971 ⋮ [T1,Vsystem,n1] 82  serving sql connections
I250731 21:10:52.962380 25 1@cli/start.go:1286 ⋮ [T1,Vsystem,n1] 83  node startup completed:
I250731 21:10:52.962380 25 1@cli/start.go:1286 ⋮ [T1,Vsystem,n1] 83 +CockroachDB node starting at 2025-07-31 21:10:52.962293171 +0000 UTC m=+6.553331671 (took 5.7s)
I250731 21:10:52.962380 25 1@cli/start.go:1286 ⋮ [T1,Vsystem,n1] 83 +build:               CCL v25.2.0 @ 2025/05/15 21:07:42 (go1.23.7 X:nocoverageredesign)
I250731 21:10:52.962380 25 1@cli/start.go:1286 ⋮ [T1,Vsystem,n1] 83 +malloc_conf:         prof:false,prof_active:true,background_thread:true,thp:never,metadata_thp:disabled,narenas:48,dirty_decay_ms:2000,muzzy_decay_ms:0
I250731 21:10:52.962380 25 1@cli/start.go:1286 ⋮ [T1,Vsystem,n1] 83 +webui:               ‹http://127.0.0.1:8080›
I250731 21:10:52.962380 25 1@cli/start.go:1286 ⋮ [T1,Vsystem,n1] 83 +sql:                 ‹postgresql://root@127.0.0.1:26257/defaultdb?sslmode=disable›
I250731 21:10:52.962380 25 1@cli/start.go:1286 ⋮ [T1,Vsystem,n1] 83 +sql (JDBC):          ‹jdbc:postgresql://127.0.0.1:26257/defaultdb?sslmode=disable&user=root›
I250731 21:10:52.962380 25 1@cli/start.go:1286 ⋮ [T1,Vsystem,n1] 83 +RPC client flags:    ‹/cockroach/cockroach <client cmd> --host=127.0.0.1:26257 --insecure›
I250731 21:10:52.962380 25 1@cli/start.go:1286 ⋮ [T1,Vsystem,n1] 83 +logs:                ‹/cockroach/cockroach-data/logs›
I250731 21:10:52.962380 25 1@cli/start.go:1286 ⋮ [T1,Vsystem,n1] 83 +temp dir:            ‹/cockroach/cockroach-data/cockroach-temp959473684›
I250731 21:10:52.962380 25 1@cli/start.go:1286 ⋮ [T1,Vsystem,n1] 83 +external I/O path:   ‹/cockroach/cockroach-data/extern›
I250731 21:10:52.962380 25 1@cli/start.go:1286 ⋮ [T1,Vsystem,n1] 83 +store[0]:            ‹path=/cockroach/cockroach-data›
I250731 21:10:52.962380 25 1@cli/start.go:1286 ⋮ [T1,Vsystem,n1] 83 +clusterID:           ad7eb413-6f81-429f-8b5f-ee89af2e84c8
I250731 21:10:52.962380 25 1@cli/start.go:1286 ⋮ [T1,Vsystem,n1] 83 +status:              restarted pre-existing node
I250731 21:10:52.962380 25 1@cli/start.go:1286 ⋮ [T1,Vsystem,n1] 83 +nodeID:              1
I250731 21:10:52.963044 1611 server/auto_upgrade.go:81 ⋮ [T1,Vsystem,n1] 84  no need to upgrade, cluster already at the newest version
I250731 21:10:53.581543 579 1@gossip/gossip.go:1476 ⋮ [T1,Vsystem,n1] 85  node has connected to cluster via gossip
I250731 21:10:53.585335 579 kv/kvserver/stores.go:280 ⋮ [T1,Vsystem,n1] 86  wrote 0 node addresses to persistent storage
I250731 21:10:54.581255 1606 server/diagnostics/update_checker.go:144 ⋮ [T1,Vsystem,n1] 87  a new version is available: ‹25.2.3›, details: ‹https://www.cockroachlabs.com/docs/releases/v25.2#v25-2-3›
I250731 21:11:27.605653 1185 jobs/adopt.go:105 ⋮ [T1,Vsystem,n1] 88  claimed 6 jobs
I250731 21:11:27.658881 2407 jobs/adopt.go:224 ⋮ [T1,Vsystem,n1,job=100] 89  job 100: resuming execution
I250731 21:11:27.662055 2406 jobs/adopt.go:224 ⋮ [T1,Vsystem,n1,job=1093557394742509569] 90  job 1093557394742509569: resuming execution
I250731 21:11:27.659004 2405 jobs/adopt.go:224 ⋮ [T1,Vsystem,n1,job=105] 91  job 105: resuming execution
I250731 21:11:27.658966 2404 jobs/adopt.go:224 ⋮ [T1,Vsystem,n1,job=104] 92  job 104: resuming execution
I250731 21:11:27.658982 2403 jobs/adopt.go:224 ⋮ [T1,Vsystem,n1,job=103] 93  job 103: resuming execution
I250731 21:11:27.658976 2402 jobs/adopt.go:224 ⋮ [T1,Vsystem,n1,job=101] 94  job 101: resuming execution
I250731 21:11:27.724832 2382 jobs/registry.go:1681 ⋮ [T1,Vsystem,n1,job=104] 95  MVCC STATISTICS UPDATE job 104: stepping through state running
I250731 21:11:27.726253 2419 jobs/registry.go:1681 ⋮ [T1,Vsystem,n1,job=101] 96  POLL JOBS STATS job 101: stepping through state running
I250731 21:11:27.726361 2396 jobs/registry.go:1681 ⋮ [T1,Vsystem,n1,job=100] 97  KEY VISUALIZER job 100: stepping through state running
I250731 21:11:27.728477 1392 jobs/registry.go:1681 ⋮ [T1,Vsystem,n1,job=105] 98  UPDATE TABLE METADATA CACHE job 105: stepping through state running
I250731 21:11:27.729460 2270 jobs/registry.go:1681 ⋮ [T1,Vsystem,n1,job=1093557394742509569] 99  AUTO SPAN CONFIG RECONCILIATION job 1093557394742509569: stepping through state running
I250731 21:11:27.730320 2434 jobs/registry.go:1681 ⋮ [T1,Vsystem,n1,job=103] 100  AUTO UPDATE SQL ACTIVITY job 103: stepping through state running
I250731 21:11:27.734410 2382 sql/mvcc_statistics_update_job.go:63 ⋮ [T1,Vsystem,n1,job=MVCC STATISTICS UPDATE id=104] 101  starting mvcc statistics update job
I250731 21:11:27.735659 2434 sql/sql_activity_update_job.go:88 ⋮ [T1,Vsystem,n1,job=AUTO UPDATE SQL ACTIVITY id=103] 102  starting sql stats activity flush job
I250731 21:11:27.970971 2270 spanconfig/spanconfigsqlwatcher/sqlwatcher.go:241 ⋮ [T1,Vsystem,n1,job=AUTO SPAN CONFIG RECONCILIATION id=1093557394742509569] 103  established range feed over system.descriptors starting at time 1753996287.749407340,0
I250731 21:11:27.973218 2270 spanconfig/spanconfigsqlwatcher/sqlwatcher.go:300 ⋮ [T1,Vsystem,n1,job=AUTO SPAN CONFIG RECONCILIATION id=1093557394742509569] 104  established range feed over system.zones starting at time 1753996287.749407340,0
I250731 21:11:27.973490 2270 spanconfig/spanconfigsqlwatcher/sqlwatcher.go:401 ⋮ [T1,Vsystem,n1,job=AUTO SPAN CONFIG RECONCILIATION id=1093557394742509569] 105  established range feed over system.protected_ts_records starting at time 1753996287.749407340,0
I250731 21:13:52.947823 1605 jobs/job_scheduler.go:171 ⋮ [T1,Vsystem,n1] 106  Starting job for schedule 1093557394989973505 (‹"sql-stats-compaction"›); scheduled to run at 2025-07-31 21:00:00 +0000 UTC; next run scheduled for 2025-07-31 22:00:00 +0000 UTC
I250731 21:13:57.384312 1185 jobs/adopt.go:105 ⋮ [T1,Vsystem,n1] 107  claimed 1 jobs
I250731 21:13:57.390649 5221 jobs/adopt.go:224 ⋮ [T1,Vsystem,n1,job=1094208824765054977] 108  job 1094208824765054977: resuming execution
I250731 21:13:57.396435 5225 jobs/registry.go:1681 ⋮ [T1,Vsystem,n1,job=1094208824765054977] 109  AUTO SQL STATS COMPACTION job 1094208824765054977: stepping through state running
I250731 21:13:57.406045 5225 1@jobs/structured_log.go:49 ⋮ [T1,Vsystem,n1,job=1094208824765054977] 110 ={"Timestamp":1753996437406040423,"EventType":"status_change","JobID":1094208824765054977,"JobType":"AUTO SQL STATS COMPACTION","Description":"state changed to: running","PreviousStatus":"running","NewStatus":"running","RunNum":0}
I250731 21:13:57.406137 5225 sql/compact_sql_stats.go:37 ⋮ [T1,Vsystem,n1,job=AUTO SQL STATS COMPACTION id=1094208824765054977] 111  starting sql stats compaction job
I250731 21:13:57.470469 5225 sql/compact_sql_stats.go:101 ⋮ [T1,Vsystem,n1,job=AUTO SQL STATS COMPACTION id=1094208824765054977] 112  sql stats compaction job terminated with status = succeeded
I250731 21:13:57.472109 5225 jobs/registry.go:1681 ⋮ [T1,Vsystem,n1,job=1094208824765054977] 113  AUTO SQL STATS COMPACTION job 1094208824765054977: stepping through state succeeded
I250731 21:13:57.492735 5225 1@jobs/structured_log.go:49 ⋮ [T1,Vsystem,n1,job=1094208824765054977] 114 ={"Timestamp":1753996437492730173,"EventType":"status_change","JobID":1094208824765054977,"JobType":"AUTO SQL STATS COMPACTION","Description":"state changed to: succeeded","PreviousStatus":"running","NewStatus":"succeeded","RunNum":0}
I250731 21:15:14.961138 1 1@cli/start.go:993 ⋮ [T1,Vsystem,n1] 115  received signal 'terminated'
I250731 21:15:14.967432 1 1@cli/start.go:1034 ⋮ [T1,Vsystem,n1] 116  initiating graceful shutdown of server
I250731 21:15:14.972824 6552 server/drain.go:353 ⋮ [T1,Vsystem,n1,server drain process,call-graceful-drain] 117  all tenant servers stopped
I250731 21:15:14.973383 6552 1@server/drain.go:399 ⋮ [T1,Vsystem,n1,server drain process,call-graceful-drain] 118  waiting for health probes to notice that the node is not ready for new sql connections
W250731 21:15:14.973817 1183 jobs/registry.go:1069 ⋮ [T1,Vsystem,n1] 119  canceling all adopted jobs due to graceful drain request
I250731 21:15:14.973825 1414 sql/stats/automatic_stats.go:694 ⋮ [T1,Vsystem,n1] 120  draining auto stats refresher
W250731 21:15:14.975794 2516 kv/kvclient/kvcoord/dist_sender_mux_rangefeed.go:406 ⋮ [T1,Vsystem,n1,job=AUTO SPAN CONFIG RECONCILIATION id=1093557394742509569,rangefeed=‹sql-watcher-zones-rangefeed›,mux_n=1,gen=2] 121  error closing mux rangefeed client: context canceled
I250731 21:15:14.975954 2434 jobs/registry.go:1681 ⋮ [T1,Vsystem,n1,job=103] 125  AUTO UPDATE SQL ACTIVITY job 103: stepping through state succeeded
W250731 21:15:14.975808 2494 kv/kvclient/kvcoord/dist_sender_mux_rangefeed.go:406 ⋮ [T1,Vsystem,n1,job=AUTO SPAN CONFIG RECONCILIATION id=1093557394742509569,rangefeed=‹sql-watcher-descriptor-rangefeed›,mux_n=1,gen=2] 122  error closing mux rangefeed client: context canceled
I250731 21:15:14.973917 1415 sql/stats/automatic_stats.go:745 ⋮ [T1,Vsystem,n1] 123  draining stats garbage collector
W250731 21:15:14.975948 2449 kv/kvclient/kvcoord/dist_sender_mux_rangefeed.go:406 ⋮ [T1,Vsystem,n1,job=AUTO SPAN CONFIG RECONCILIATION id=1093557394742509569,rangefeed=‹sql-watcher-protected-ts-records-rangefeed›,mux_n=1,gen=2] 124  error closing mux rangefeed client: context canceled
I250731 21:15:14.976002 2396 jobs/registry.go:1681 ⋮ [T1,Vsystem,n1,job=100] 126  KEY VISUALIZER job 100: stepping through state succeeded
I250731 21:15:15.039417 6552 sql/sqlstats/persistedsqlstats/provider.go:122 ⋮ [T1,Vsystem,n1,server drain process,call-graceful-drain] 127  stopping persisted SQL stats tasks
I250731 21:15:15.039867 6552 sql/sqlstats/persistedsqlstats/provider.go:128 ⋮ [T1,Vsystem,n1,server drain process,call-graceful-drain] 128  persisted SQL stats tasks successfully shut down
I250731 21:15:15.039990 6552 sql/stats/automatic_stats.go:516 ⋮ [T1,Vsystem,n1,server drain process,call-graceful-drain] 129  starting to wait for auto-stats tasks to shut down
I250731 21:15:15.040073 6552 sql/stats/automatic_stats.go:519 ⋮ [T1,Vsystem,n1,server drain process,call-graceful-drain] 130  auto-stats tasks successfully shut down
I250731 21:15:15.040232 6552 jobs/registry.go:2060 ⋮ [T1,Vsystem,n1,server drain process,call-graceful-drain] 131  starting to wait for job registry to shut down
I250731 21:15:15.040339 6552 jobs/registry.go:2063 ⋮ [T1,Vsystem,n1,server drain process,call-graceful-drain] 132  job registry tasks successfully shut down
W250731 21:15:15.059742 784 sql/sqlliveness/slinstance/slinstance.go:331 ⋮ [T1,Vsystem,n1] 133  exiting heartbeat loop
I250731 21:15:15.059845 784 sql/sqlliveness/slinstance/slinstance.go:316 ⋮ [T1,Vsystem,n1] 134  draining heartbeat loop
I250731 21:15:15.060469 6552 server/drain.go:482 ⋮ [T1,Vsystem,n1,server drain process,call-graceful-drain] 135  SQL server drained successfully; SQL queries cannot execute any more
I250731 21:15:15.060518 6552 server/drain.go:361 ⋮ [T1,Vsystem,n1,server drain process,call-graceful-drain] 136  done draining clients
I250731 21:15:15.061286 6552 1@server/drain.go:312 ⋮ [T1,Vsystem,n1,server drain process,call-graceful-drain] 137  drain remaining: 83
I250731 21:15:15.061337 6552 1@server/drain.go:314 ⋮ [T1,Vsystem,n1,server drain process,call-graceful-drain] 138  drain details: descriptor leases: 82, liveness record: 1
I250731 21:15:15.263001 6552 server/drain.go:353 ⋮ [T1,Vsystem,n1,server drain process,call-graceful-drain] 139  all tenant servers stopped
W250731 21:15:15.264034 6572 sql/sqlstats/persistedsqlstats/flush.go:235 ⋮ [T1,Vsystem,n1,server drain process,call-graceful-drain] 140  failed to flush transaction statistics: upsert-txn-stats: cannot acquire lease when draining
W250731 21:15:15.264458 6571 sql/sqlstats/persistedsqlstats/flush.go:254 ⋮ [T1,Vsystem,n1,server drain process,call-graceful-drain] 141  failed to flush statement statistics: upsert-stmt-stats: cannot acquire lease when draining
I250731 21:15:15.264525 6552 sql/sqlstats/persistedsqlstats/provider.go:122 ⋮ [T1,Vsystem,n1,server drain process,call-graceful-drain] 142  stopping persisted SQL stats tasks
I250731 21:15:15.264572 6552 sql/sqlstats/persistedsqlstats/provider.go:128 ⋮ [T1,Vsystem,n1,server drain process,call-graceful-drain] 143  persisted SQL stats tasks successfully shut down
I250731 21:15:15.264614 6552 sql/stats/automatic_stats.go:516 ⋮ [T1,Vsystem,n1,server drain process,call-graceful-drain] 144  starting to wait for auto-stats tasks to shut down
I250731 21:15:15.268113 6552 sql/stats/automatic_stats.go:519 ⋮ [T1,Vsystem,n1,server drain process,call-graceful-drain] 145  auto-stats tasks successfully shut down
I250731 21:15:15.268217 6552 jobs/registry.go:2060 ⋮ [T1,Vsystem,n1,server drain process,call-graceful-drain] 146  starting to wait for job registry to shut down
I250731 21:15:15.268265 6552 jobs/registry.go:2063 ⋮ [T1,Vsystem,n1,server drain process,call-graceful-drain] 147  job registry tasks successfully shut down
I250731 21:15:15.269244 6552 server/drain.go:482 ⋮ [T1,Vsystem,n1,server drain process,call-graceful-drain] 148  SQL server drained successfully; SQL queries cannot execute any more
I250731 21:15:15.269365 6552 server/drain.go:361 ⋮ [T1,Vsystem,n1,server drain process,call-graceful-drain] 149  done draining clients
I250731 21:15:15.270054 6552 1@server/drain.go:312 ⋮ [T1,Vsystem,n1,server drain process,call-graceful-drain] 150  drain remaining: 0
I250731 21:15:15.270108 6552 1@server/drain.go:564 ⋮ [T1,Vsystem,n1,server drain process,call-graceful-drain] 151  graceful drain complete
W250731 21:15:15.270540 1423 kv/kvclient/kvcoord/dist_sender_mux_rangefeed.go:406 ⋮ [T1,Vsystem,n1,rangefeed=‹tenant-boundaries-watcher›,mux_n=1,gen=2] 152  error closing mux rangefeed client: context canceled
W250731 21:15:15.270924 1359 kv/kvclient/kvcoord/dist_sender_mux_rangefeed.go:406 ⋮ [T1,Vsystem,n1,rangefeed=‹table-stats-cache›,mux_n=1,gen=2] 161  error closing mux rangefeed client: context canceled
W250731 21:15:15.270557 1150 kv/kvclient/kvcoord/dist_sender_mux_rangefeed.go:406 ⋮ [T1,Vsystem,n1,rangefeed=‹settings-watcher›,mux_n=1,gen=2] 153  error closing mux rangefeed client: context canceled
W250731 21:15:15.270645 1548 server/structlogging/hot_ranges_log.go:92 ⋮ [T1,Vsystem,n1] 154  hot ranges stats logging scheduler stopped: %!s(<nil>)
W250731 21:15:15.270695 1131 kv/kvclient/kvcoord/dist_sender_mux_rangefeed.go:406 ⋮ [T1,Vsystem,n1,rangefeed=‹spanconfig-subscriber›,mux_n=1,gen=2] 155  error closing mux rangefeed client: context canceled
W250731 21:15:15.270793 1432 kv/kvclient/kvcoord/dist_sender_mux_rangefeed.go:406 ⋮ [T1,Vsystem,n1,rangefeed=‹system-config-cache›,mux_n=1,gen=2] 156  error closing mux rangefeed client: context canceled
W250731 21:15:15.270816 1203 kv/kvclient/kvcoord/dist_sender_mux_rangefeed.go:406 ⋮ [T1,Vsystem,n1,rangefeed=‹lease›,mux_n=1,gen=2] 157  error closing mux rangefeed client: context canceled
W250731 21:15:15.270820 1537 kv/kvclient/kvcoord/dist_sender_mux_rangefeed.go:406 ⋮ [T1,Vsystem,n1,rangefeed=‹tenant-entry-watcher›,mux_n=1,gen=2] 158  error closing mux rangefeed client: context canceled
W250731 21:15:15.270816 1668 kv/kvclient/kvcoord/dist_sender_mux_rangefeed.go:406 ⋮ [T1,Vsystem,n1,rangefeed=‹tenant-settings-watcher›,mux_n=1,gen=2] 159  error closing mux rangefeed client: context canceled
I250731 21:15:15.270760 566 server/start_listen.go:112 ⋮ [T1,Vsystem,n1] 160  server shutting down: instructing cmux to stop accepting
W250731 21:15:15.270987 1164 kv/kvclient/kvcoord/dist_sender_mux_rangefeed.go:406 ⋮ [T1,Vsystem,n1,rangefeed=‹sql_instances›,mux_n=1,gen=2] 162  error closing mux rangefeed client: context canceled
I250731 21:15:15.287630 6552 server/server_controller.go:409 ⋮ [T1,Vsystem,n1] 163  server controller shutting down
I250731 21:15:15.287879 6552 server/server_controller.go:418 ⋮ [T1,Vsystem,n1] 164  waiting for tenant servers to report stopped
I250731 21:15:15.288070 1 1@cli/start.go:1105 ⋮ [T1,Vsystem,n1] 165  server drained and shutdown completed
