I250828 12:58:47.517854 36 util/log/file_sync_buffer.go:237 ⋮ [config]   file created at: 2025/08/28 12:58:47
I250828 12:58:47.517883 36 util/log/file_sync_buffer.go:237 ⋮ [config]   running on machine: ‹9424c2c1bc3a›
I250828 12:58:47.517917 36 util/log/file_sync_buffer.go:237 ⋮ [config]   binary: CockroachDB CCL v25.2.0 (aarch64-unknown-linux-gnu, built 2025/05/15 21:07:42, go1.23.7 X:nocoverageredesign)
I250828 12:58:47.517921 36 util/log/file_sync_buffer.go:237 ⋮ [config]   arguments: [‹/cockroach/cockroach› ‹start-single-node› ‹--certs-dir=certs› ‹--advertise-addr=127.0.0.1:26257› ‹--insecure› ‹--http-addr=0.0.0.0:8080›]
I250828 12:58:47.517937 36 util/log/file_sync_buffer.go:237 ⋮ [config]   log format (utf8=✓): crdb-v2
I250828 12:58:47.517941 36 util/log/file_sync_buffer.go:237 ⋮ [config]   line format: [IWEF]yymmdd hh:mm:ss.uuuuuu goid [chan@]file:line redactionmark \[tags\] [counter] msg
I250828 12:58:47.508136 36 3@pebble/objstorage/objstorageprovider/remote.go:102 ⋮ [n?,s?,pebble] 1  remote storage configured; creatorID = 1
I250828 12:58:47.597399 36 3@pebble/open.go:1054 ⋮ [n?,s?,pebble] 2  [JOB ‹1›] WAL ‹000002: {(/cockroach/cockroach-data,000)}› stopped reading at offset: (‹/cockroach/cockroach-data/000002.log›: 116944); replayed 1083 keys in 107 batches
I250828 12:58:47.614047 36 3@pebble/open.go:1054 ⋮ [n?,s?,pebble] 3  [JOB ‹1›] WAL ‹000004: {(/cockroach/cockroach-data,000)}› stopped reading at offset: (‹/cockroach/cockroach-data/000004.log›: 157455); replayed 1 keys in 1 batches
I250828 12:58:47.627900 36 3@pebble/open.go:1054 ⋮ [n?,s?,pebble] 4  [JOB ‹1›] WAL ‹000005: {(/cockroach/cockroach-data,000)}› stopped reading at offset: (‹/cockroach/cockroach-data/000005.log›: 554201); replayed 20 keys in 13 batches
I250828 12:58:47.686561 36 3@pebble/open.go:1054 ⋮ [n?,s?,pebble] 5  [JOB ‹1›] WAL ‹000006: {(/cockroach/cockroach-data,000)}› stopped reading at offset: (‹/cockroach/cockroach-data/000006.log›: 1428493); replayed 7003 keys in 1629 batches
I250828 12:58:48.195363 36 3@pebble/open.go:1054 ⋮ [n?,s?,pebble] 6  [JOB ‹1›] WAL ‹000007: {(/cockroach/cockroach-data,000)}› stopped reading at offset: (‹/cockroach/cockroach-data/000007.log›: 3448243); replayed 10666 keys in 537 batches
I250828 12:58:48.659559 36 3@pebble/open.go:1054 ⋮ [n?,s?,pebble] 7  [JOB ‹1›] WAL ‹000008: {(/cockroach/cockroach-data,000)}› stopped reading at offset: (‹/cockroach/cockroach-data/000008.log›: 7260439); replayed 31924 keys in 9289 batches
I250828 12:58:49.430854 36 3@pebble/open.go:1054 ⋮ [n?,s?,pebble] 8  [JOB ‹1›] WAL ‹000009: {(/cockroach/cockroach-data,000)}› stopped reading at offset: (‹/cockroach/cockroach-data/000009.log›: 15096912); replayed 47691 keys in 5150 batches
I250828 12:58:49.854185 36 3@pebble/open.go:1054 ⋮ [n?,s?,pebble] 9  [JOB ‹1›] WAL ‹000010: {(/cockroach/cockroach-data,000)}› stopped reading at offset: (‹/cockroach/cockroach-data/000010.log›: 10524872); replayed 37671 keys in 4792 batches
I250828 12:58:49.861264 61 3@pebble/event.go:1011 ⋮ [n?,s?,pebble] 10  [JOB 2] flushing 9 memtables (41MB) to L0
I250828 12:58:49.870894 61 3@pebble/event.go:1039 ⋮ [n?,s?,pebble] 11  [JOB 2] flushing: sstable created 000012
I250828 12:58:50.222296 61 3@pebble/event.go:1031 ⋮ [n?,s?,pebble] 12  [JOB 2] MANIFEST created 000013
I250828 12:58:50.223616 61 3@pebble/event.go:1015 ⋮ [n?,s?,pebble] 13  [JOB 2] flushed 9 memtables (41MB) to L0 [000012] (920KB), in 0.3s (0.4s total), output rate 2.7MB/s
I250828 12:58:50.236847 99 3@pebble/event.go:1063 ⋮ [n?,s?,pebble] 14  [JOB 2] WAL deleted 000002
I250828 12:58:50.234552 115 3@pebble/event.go:999 ⋮ [n?,s?,pebble] 15  [JOB 4] compacting(move) L0 [000012] (920KB) Score=100.00 + L6 [] (0B) Score=0.00; OverlappingRatio: Single 0.00, Multi 0.00
I250828 12:58:50.244510 36 3@pebble/event.go:1059 ⋮ [n?,s?,pebble] 16  [JOB 1] WAL created 000014
I250828 12:58:50.242335 99 3@pebble/event.go:1063 ⋮ [n?,s?,pebble] 17  [JOB 2] WAL deleted 000004
I250828 12:58:50.251530 99 3@pebble/event.go:1063 ⋮ [n?,s?,pebble] 18  [JOB 2] WAL deleted 000005
I250828 12:58:50.270102 99 3@pebble/event.go:1063 ⋮ [n?,s?,pebble] 19  [JOB 2] WAL deleted 000006
I250828 12:58:50.281046 99 3@pebble/event.go:1063 ⋮ [n?,s?,pebble] 20  [JOB 2] WAL deleted 000007
I250828 12:58:50.290522 115 3@pebble/event.go:1003 ⋮ [n?,s?,pebble] 21  [JOB 4] compacted(move) L0 [000012] (920KB) Score=100.00 + L6 [] (0B) Score=0.00 -> L6 [000012] (920KB), in 0.0s (0.1s total), output rate 9.8GB/s
I250828 12:58:50.292358 99 3@pebble/event.go:1063 ⋮ [n?,s?,pebble] 22  [JOB 2] WAL deleted 000008
I250828 12:58:50.296073 99 3@pebble/event.go:1063 ⋮ [n?,s?,pebble] 23  [JOB 2] WAL deleted 000009
I250828 12:58:50.298831 70 3@pebble/event.go:1051 ⋮ [n?,s?,pebble] 24  [JOB 6] all initial table stats loaded
I250828 12:58:50.299096 84 3@pebble/event.go:999 ⋮ [n?,s?,pebble] 25  [JOB 7] compacting(elision-only) L6 [000012] (920KB) Score=0.00 + L6 [] (0B) Score=0.00; OverlappingRatio: Single 0.00, Multi 0.00
I250828 12:58:50.301985 99 3@pebble/event.go:1063 ⋮ [n?,s?,pebble] 26  [JOB 2] WAL deleted 000010
I250828 12:58:50.319954 84 3@pebble/event.go:1039 ⋮ [n?,s?,pebble] 27  [JOB 7] compacting: sstable created 000016
I250828 12:58:50.380321 36 3@pebble/event.go:1031 ⋮ [n?,s?,pebble] 28  [JOB 1] MANIFEST created 000001
I250828 12:58:50.390886 36 3@pebble/event.go:1059 ⋮ [n?,s?,pebble] 29  [JOB 1] WAL created 000002
I250828 12:58:50.394389 36 3@pebble/event.go:1027 ⋮ [n?,s?,pebble] 30  upgraded to format version: 014
I250828 12:58:50.401126 36 3@pebble/event.go:1027 ⋮ [n?,s?,pebble] 31  upgraded to format version: 015
I250828 12:58:50.407397 36 3@pebble/event.go:1027 ⋮ [n?,s?,pebble] 32  upgraded to format version: 016
I250828 12:58:50.410513 36 3@pebble/event.go:1027 ⋮ [n?,s?,pebble] 33  upgraded to format version: 017
I250828 12:58:50.420100 36 3@pebble/event.go:1027 ⋮ [n?,s?,pebble] 34  upgraded to format version: 018
I250828 12:58:50.429271 36 3@pebble/event.go:1027 ⋮ [n?,s?,pebble] 35  upgraded to format version: 019
I250828 12:58:50.450811 138 3@pebble/event.go:1051 ⋮ [n?,s?,pebble] 36  [JOB 2] all initial table stats loaded
I250828 12:58:50.568874 84 3@pebble/event.go:1003 ⋮ [n?,s?,pebble] 37  [JOB 7] compacted(elision-only) L6 [000012] (920KB) Score=0.00 + L6 [] (0B) Score=0.00 -> L6 [000016] (750KB), in 0.3s (0.3s total), output rate 2.7MB/s
I250828 12:58:50.571004 99 3@pebble/event.go:1043 ⋮ [n?,s?,pebble] 38  [JOB 7] sstable deleted 000012
I250828 12:59:11.321639 745 3@kv/kvserver/store.go:3801 ⋮ [T1,Vsystem,n1,s1] 39  Pebble metrics:
I250828 12:59:11.321639 745 3@kv/kvserver/store.go:3801 ⋮ [T1,Vsystem,n1,s1] 39 +      |                             |       |       |   ingested   |     moved    |    written   |       |    amp
I250828 12:59:11.321639 745 3@kv/kvserver/store.go:3801 ⋮ [T1,Vsystem,n1,s1] 39 +level | tables  size val-bl vtables | score |   in  | tables  size | tables  size | tables  size |  read |   r   w
I250828 12:59:11.321639 745 3@kv/kvserver/store.go:3801 ⋮ [T1,Vsystem,n1,s1] 39 +------+-----------------------------+-------+-------+--------------+--------------+--------------+-------+---------
I250828 12:59:11.321639 745 3@kv/kvserver/store.go:3801 ⋮ [T1,Vsystem,n1,s1] 39 +    0 |     0     0B     0B       0 |  0.00 |  37MB |     0     0B |     0     0B |     1  920KB |    0B |   0  0.0
I250828 12:59:11.321639 745 3@kv/kvserver/store.go:3801 ⋮ [T1,Vsystem,n1,s1] 39 +    1 |     0     0B     0B       0 |  0.00 |    0B |     0     0B |     0     0B |     0     0B |    0B |   0  0.0
I250828 12:59:11.321639 745 3@kv/kvserver/store.go:3801 ⋮ [T1,Vsystem,n1,s1] 39 +    2 |     0     0B     0B       0 |  0.00 |    0B |     0     0B |     0     0B |     0     0B |    0B |   0  0.0
I250828 12:59:11.321639 745 3@kv/kvserver/store.go:3801 ⋮ [T1,Vsystem,n1,s1] 39 +    3 |     0     0B     0B       0 |  0.00 |    0B |     0     0B |     0     0B |     0     0B |    0B |   0  0.0
I250828 12:59:11.321639 745 3@kv/kvserver/store.go:3801 ⋮ [T1,Vsystem,n1,s1] 39 +    4 |     0     0B     0B       0 |  0.00 |    0B |     0     0B |     0     0B |     0     0B |    0B |   0  0.0
I250828 12:59:11.321639 745 3@kv/kvserver/store.go:3801 ⋮ [T1,Vsystem,n1,s1] 39 +    5 |     0     0B     0B       0 |  0.00 |    0B |     0     0B |     0     0B |     0     0B |    0B |   0  0.0
I250828 12:59:11.321639 745 3@kv/kvserver/store.go:3801 ⋮ [T1,Vsystem,n1,s1] 39 +    6 |     1  750KB   86KB       0 |     - | 920KB |     0     0B |     1  920KB |     1  750KB | 920KB |   1  0.8
I250828 12:59:11.321639 745 3@kv/kvserver/store.go:3801 ⋮ [T1,Vsystem,n1,s1] 39 +total |     1  750KB   86KB       0 |     - |  39MB |     0     0B |     1  920KB |     2   41MB | 920KB |   1  1.0
I250828 12:59:11.321639 745 3@kv/kvserver/store.go:3801 ⋮ [T1,Vsystem,n1,s1] 39 +-------------------------------------------------------------------------------------------------------------------
I250828 12:59:11.321639 745 3@kv/kvserver/store.go:3801 ⋮ [T1,Vsystem,n1,s1] 39 +WAL: 1 files (2.3MB)  in: 2.3MB  written: 39MB (1581% overhead)
I250828 12:59:11.321639 745 3@kv/kvserver/store.go:3801 ⋮ [T1,Vsystem,n1,s1] 39 +Flushes: 1
I250828 12:59:11.321639 745 3@kv/kvserver/store.go:3801 ⋮ [T1,Vsystem,n1,s1] 39 +Compactions: 2  estimated debt: 0B  in progress: 0 (0B)
I250828 12:59:11.321639 745 3@kv/kvserver/store.go:3801 ⋮ [T1,Vsystem,n1,s1] 39 +             default: 0  delete: 0  elision: 1  move: 1  read: 0  tombstone-density: 0  rewrite: 0  copy: 0  multi-level: 0
I250828 12:59:11.321639 745 3@kv/kvserver/store.go:3801 ⋮ [T1,Vsystem,n1,s1] 39 +MemTables: 1 (64MB)  zombie: 1 (64MB)
I250828 12:59:11.321639 745 3@kv/kvserver/store.go:3801 ⋮ [T1,Vsystem,n1,s1] 39 +Zombie tables: 0 (0B, local: 0B)
I250828 12:59:11.321639 745 3@kv/kvserver/store.go:3801 ⋮ [T1,Vsystem,n1,s1] 39 +Backing tables: 0 (0B)
I250828 12:59:11.321639 745 3@kv/kvserver/store.go:3801 ⋮ [T1,Vsystem,n1,s1] 39 +Virtual tables: 0 (0B)
I250828 12:59:11.321639 745 3@kv/kvserver/store.go:3801 ⋮ [T1,Vsystem,n1,s1] 39 +Local tables size: 750KB
I250828 12:59:11.321639 745 3@kv/kvserver/store.go:3801 ⋮ [T1,Vsystem,n1,s1] 39 +Compression types: snappy: 1
I250828 12:59:11.321639 745 3@kv/kvserver/store.go:3801 ⋮ [T1,Vsystem,n1,s1] 39 +Block cache: 0 entries (0B)  hit rate: 0.0%
I250828 12:59:11.321639 745 3@kv/kvserver/store.go:3801 ⋮ [T1,Vsystem,n1,s1] 39 +Table cache: 1 entries (832B)  hit rate: 99.9%
I250828 12:59:11.321639 745 3@kv/kvserver/store.go:3801 ⋮ [T1,Vsystem,n1,s1] 39 +Snapshots: 0  earliest seq num: 0
I250828 12:59:11.321639 745 3@kv/kvserver/store.go:3801 ⋮ [T1,Vsystem,n1,s1] 39 +Table iters: 0
I250828 12:59:11.321639 745 3@kv/kvserver/store.go:3801 ⋮ [T1,Vsystem,n1,s1] 39 +Filter utility: 0.0%
I250828 12:59:11.321639 745 3@kv/kvserver/store.go:3801 ⋮ [T1,Vsystem,n1,s1] 39 +Ingestions: 0  as flushable: 0 (0B in 0 tables)
I250828 12:59:11.321639 745 3@kv/kvserver/store.go:3801 ⋮ [T1,Vsystem,n1,s1] 39 +Cgo memory usage: 128MB  block cache: 18KB (data: 0B, maps: 16KB, entries: 1.0KB)  memtables: 128MB
I250828 13:04:06.686061 10006 3@pebble/event.go:1059 ⋮ [n1,s1,pebble] 40  [JOB 8] WAL created 000017
I250828 13:04:06.688133 10246 3@pebble/event.go:1011 ⋮ [n1,s1,pebble] 41  [JOB 9] flushing 1 memtable (40MB) to L0
I250828 13:04:06.690428 10246 3@pebble/event.go:1039 ⋮ [n1,s1,pebble] 42  [JOB 9] flushing: sstable created 000018
I250828 13:04:06.764114 10246 3@pebble/event.go:1015 ⋮ [n1,s1,pebble] 43  [JOB 9] flushed 1 memtable (40MB) to L0 [000018] (476KB), in 0.1s (0.1s total), output rate 6.3MB/s
I250828 13:04:06.765662 10260 3@pebble/event.go:999 ⋮ [n1,s1,pebble] 44  [JOB 10] compacting(default) L0 [000018] (476KB) Score=87.39 + L6 [000016] (750KB) Score=0.01; OverlappingRatio: Single 1.57, Multi 0.00
I250828 13:04:06.768983 10260 3@pebble/event.go:1039 ⋮ [n1,s1,pebble] 45  [JOB 10] compacting: sstable created 000019
I250828 13:04:06.806185 10260 3@pebble/event.go:1003 ⋮ [n1,s1,pebble] 46  [JOB 10] compacted(default) L0 [000018] (476KB) Score=87.39 + L6 [000016] (750KB) Score=0.01 -> L6 [000019] (994KB), in 0.0s (0.0s total), output rate 24MB/s
I250828 13:04:06.808807 99 3@pebble/event.go:1043 ⋮ [n1,s1,pebble] 47  [JOB 10] sstable deleted 000016
I250828 13:04:06.809105 99 3@pebble/event.go:1043 ⋮ [n1,s1,pebble] 48  [JOB 10] sstable deleted 000018
I250828 13:04:36.746267 10731 3@pebble/event.go:1059 ⋮ [n1,s1,pebble] 49  [JOB 12] WAL created 000020 (recycled 000014)
I250828 13:04:36.747160 11014 3@pebble/event.go:1011 ⋮ [n1,s1,pebble] 50  [JOB 13] flushing 1 memtable (3.7MB) to L0
I250828 13:04:36.748412 11014 3@pebble/event.go:1039 ⋮ [n1,s1,pebble] 51  [JOB 13] flushing: sstable created 000021
I250828 13:04:36.761822 11014 3@pebble/event.go:1015 ⋮ [n1,s1,pebble] 52  [JOB 13] flushed 1 memtable (3.7MB) to L0 [000021] (147KB), in 0.0s (0.0s total), output rate 10MB/s
I250828 13:04:36.762635 10825 3@pebble/event.go:999 ⋮ [n1,s1,pebble] 53  [JOB 14] compacting(default) L0 [000021] (147KB) Score=65.91 + L6 [000019] (994KB) Score=0.02; OverlappingRatio: Single 6.76, Multi 0.00
I250828 13:04:36.766433 10825 3@pebble/event.go:1039 ⋮ [n1,s1,pebble] 54  [JOB 14] compacting: sstable created 000022
I250828 13:04:36.821595 10825 3@pebble/event.go:1003 ⋮ [n1,s1,pebble] 55  [JOB 14] compacted(default) L0 [000021] (147KB) Score=65.91 + L6 [000019] (994KB) Score=0.02 -> L6 [000022] (983KB), in 0.1s (0.1s total), output rate 16MB/s
I250828 13:04:36.822794 99 3@pebble/event.go:1043 ⋮ [n1,s1,pebble] 56  [JOB 14] sstable deleted 000019
I250828 13:04:36.823464 99 3@pebble/event.go:1043 ⋮ [n1,s1,pebble] 57  [JOB 14] sstable deleted 000021
