I250825 23:34:04.775846 56 util/log/file_sync_buffer.go:237 ⋮ [config]   file created at: 2025/08/25 23:34:04
I250825 23:34:04.775880 56 util/log/file_sync_buffer.go:237 ⋮ [config]   running on machine: ‹3c17978af811›
I250825 23:34:04.775907 56 util/log/file_sync_buffer.go:237 ⋮ [config]   binary: CockroachDB CCL v25.2.0 (aarch64-unknown-linux-gnu, built 2025/05/15 21:07:42, go1.23.7 X:nocoverageredesign)
I250825 23:34:04.775914 56 util/log/file_sync_buffer.go:237 ⋮ [config]   arguments: [‹/cockroach/cockroach› ‹start-single-node› ‹--certs-dir=certs› ‹--advertise-addr=127.0.0.1:26257› ‹--insecure› ‹--http-addr=0.0.0.0:8080›]
I250825 23:34:04.775948 56 util/log/file_sync_buffer.go:237 ⋮ [config]   log format (utf8=✓): crdb-v2
I250825 23:34:04.775954 56 util/log/file_sync_buffer.go:237 ⋮ [config]   line format: [IWEF]yymmdd hh:mm:ss.uuuuuu goid [chan@]file:line redactionmark \[tags\] [counter] msg
I250825 23:34:04.770801 56 3@pebble/objstorage/objstorageprovider/remote.go:102 ⋮ [n?,s?,pebble] 1  remote storage configured; creatorID = 1
I250825 23:34:05.721233 56 3@pebble/open.go:1054 ⋮ [n?,s?,pebble] 2  [JOB ‹1›] WAL ‹004828: {(/cockroach/cockroach-data,000)}› stopped reading at offset: (‹/cockroach/cockroach-data/004828.log›: 55561525); replayed 164196 keys in 5434 batches
I250825 23:34:05.728265 73 3@pebble/event.go:1011 ⋮ [n?,s?,pebble] 3  [JOB 2] flushing 8 memtables (58MB) to L0
I250825 23:34:05.736455 73 3@pebble/event.go:1039 ⋮ [n?,s?,pebble] 4  [JOB 2] flushing: sstable created 004834
I250825 23:34:06.198569 73 3@pebble/event.go:1031 ⋮ [n?,s?,pebble] 5  [JOB 2] MANIFEST created 004835
I250825 23:34:06.198736 73 3@pebble/event.go:1015 ⋮ [n?,s?,pebble] 6  [JOB 2] flushed 8 memtables (58MB) to L0 [004834] (595KB), in 0.4s (0.5s total), output rate 1.4MB/s
I250825 23:34:06.216896 87 3@pebble/event.go:1063 ⋮ [n?,s?,pebble] 7  [JOB 2] WAL deleted 004823
I250825 23:34:06.217781 56 3@pebble/event.go:1059 ⋮ [n?,s?,pebble] 8  [JOB 1] WAL created 004836
I250825 23:34:06.224311 87 3@pebble/event.go:1063 ⋮ [n?,s?,pebble] 9  [JOB 2] WAL deleted 004828
I250825 23:34:06.268718 36 3@pebble/event.go:999 ⋮ [n?,s?,pebble] 10  [JOB 4] compacting(default) L0 [004834] (595KB) Score=6.60 + L5 [004830 004831 004832] (9.7MB) Score=0.15; OverlappingRatio: Single 16.70, Multi 0.00
I250825 23:34:06.305736 36 3@pebble/event.go:1039 ⋮ [n?,s?,pebble] 11  [JOB 4] compacting: sstable created 004838
I250825 23:34:06.334206 40 3@pebble/event.go:1051 ⋮ [n?,s?,pebble] 12  [JOB 5] all initial table stats loaded
I250825 23:34:07.652864 36 3@pebble/event.go:1039 ⋮ [n?,s?,pebble] 13  [JOB 4] compacting: sstable created 004839
I250825 23:34:07.943872 36 3@pebble/event.go:1039 ⋮ [n?,s?,pebble] 14  [JOB 4] compacting: sstable created 004840
I250825 23:34:08.554971 36 3@pebble/event.go:1039 ⋮ [n?,s?,pebble] 15  [JOB 4] compacting: sstable created 004841
I250825 23:34:08.616759 36 3@pebble/event.go:1003 ⋮ [n?,s?,pebble] 16  [JOB 4] compacted(default) L0 [004834] (595KB) Score=6.60 + L5 [004830 004831 004832] (9.7MB) Score=0.15 -> L5 [004838 004839 004840 004841] (10MB), in 2.3s (2.4s total), output rate 4.3MB/s
I250825 23:34:08.622244 87 3@pebble/event.go:1043 ⋮ [n?,s?,pebble] 17  [JOB 4] sstable deleted 004830
I250825 23:34:08.624424 87 3@pebble/event.go:1043 ⋮ [n?,s?,pebble] 18  [JOB 4] sstable deleted 004831
I250825 23:34:08.629635 87 3@pebble/event.go:1043 ⋮ [n?,s?,pebble] 19  [JOB 4] sstable deleted 004832
I250825 23:34:08.630149 87 3@pebble/event.go:1043 ⋮ [n?,s?,pebble] 20  [JOB 4] sstable deleted 004834
I250825 23:34:08.631587 87 3@pebble/event.go:1035 ⋮ [n?,s?,pebble] 21  [JOB 1] MANIFEST deleted 004814
I250825 23:34:08.690012 56 3@pebble/event.go:1031 ⋮ [n?,s?,pebble] 22  [JOB 1] MANIFEST created 000001
I250825 23:34:08.696698 56 3@pebble/event.go:1059 ⋮ [n?,s?,pebble] 23  [JOB 1] WAL created 000002
I250825 23:34:08.697555 56 3@pebble/event.go:1027 ⋮ [n?,s?,pebble] 24  upgraded to format version: 014
I250825 23:34:08.700791 56 3@pebble/event.go:1027 ⋮ [n?,s?,pebble] 25  upgraded to format version: 015
I250825 23:34:08.704239 56 3@pebble/event.go:1027 ⋮ [n?,s?,pebble] 26  upgraded to format version: 016
I250825 23:34:08.706153 56 3@pebble/event.go:1027 ⋮ [n?,s?,pebble] 27  upgraded to format version: 017
I250825 23:34:08.708036 56 3@pebble/event.go:1027 ⋮ [n?,s?,pebble] 28  upgraded to format version: 018
I250825 23:34:08.711677 56 3@pebble/event.go:1027 ⋮ [n?,s?,pebble] 29  upgraded to format version: 019
I250825 23:34:08.717235 154 3@pebble/event.go:1051 ⋮ [n?,s?,pebble] 30  [JOB 2] all initial table stats loaded
I250825 23:34:29.305854 595 3@kv/kvserver/store.go:3801 ⋮ [T1,Vsystem,n1,s1] 31  Pebble metrics:
I250825 23:34:29.305854 595 3@kv/kvserver/store.go:3801 ⋮ [T1,Vsystem,n1,s1] 31 +      |                             |       |       |   ingested   |     moved    |    written   |       |    amp
I250825 23:34:29.305854 595 3@kv/kvserver/store.go:3801 ⋮ [T1,Vsystem,n1,s1] 31 +level | tables  size val-bl vtables | score |   in  | tables  size | tables  size | tables  size |  read |   r   w
I250825 23:34:29.305854 595 3@kv/kvserver/store.go:3801 ⋮ [T1,Vsystem,n1,s1] 31 +------+-----------------------------+-------+-------+--------------+--------------+--------------+-------+---------
I250825 23:34:29.305854 595 3@kv/kvserver/store.go:3801 ⋮ [T1,Vsystem,n1,s1] 31 +    0 |     0     0B     0B       0 |  0.00 |  53MB |     0     0B |     0     0B |     1  595KB |    0B |   0  0.0
I250825 23:34:29.305854 595 3@kv/kvserver/store.go:3801 ⋮ [T1,Vsystem,n1,s1] 31 +    1 |     0     0B     0B       0 |  0.00 |    0B |     0     0B |     0     0B |     0     0B |    0B |   0  0.0
I250825 23:34:29.305854 595 3@kv/kvserver/store.go:3801 ⋮ [T1,Vsystem,n1,s1] 31 +    2 |     0     0B     0B       0 |  0.00 |    0B |     0     0B |     0     0B |     0     0B |    0B |   0  0.0
I250825 23:34:29.305854 595 3@kv/kvserver/store.go:3801 ⋮ [T1,Vsystem,n1,s1] 31 +    3 |     0     0B     0B       0 |  0.00 |    0B |     0     0B |     0     0B |     0     0B |    0B |   0  0.0
I250825 23:34:29.305854 595 3@kv/kvserver/store.go:3801 ⋮ [T1,Vsystem,n1,s1] 31 +    4 |     0     0B     0B       0 |  0.00 |    0B |     0     0B |     0     0B |     0     0B |    0B |   0  0.0
I250825 23:34:29.305854 595 3@kv/kvserver/store.go:3801 ⋮ [T1,Vsystem,n1,s1] 31 +    5 |     4   10MB  639KB       0 |  0.29 | 595KB |     0     0B |     0     0B |     4   10MB |  10MB |   1 17.5
I250825 23:34:29.305854 595 3@kv/kvserver/store.go:3801 ⋮ [T1,Vsystem,n1,s1] 31 +    6 |    12   91MB   72KB       0 |     - |    0B |     0     0B |     0     0B |     0     0B |    0B |   1  0.0
I250825 23:34:29.305854 595 3@kv/kvserver/store.go:3801 ⋮ [T1,Vsystem,n1,s1] 31 +total |    16  101MB  711KB       0 |     - |  55MB |     0     0B |     0     0B |     5   66MB |  10MB |   2  1.2
I250825 23:34:29.305854 595 3@kv/kvserver/store.go:3801 ⋮ [T1,Vsystem,n1,s1] 31 +-------------------------------------------------------------------------------------------------------------------
I250825 23:34:29.305854 595 3@kv/kvserver/store.go:3801 ⋮ [T1,Vsystem,n1,s1] 31 +WAL: 1 files (2.3MB)  in: 2.3MB  written: 55MB (2297% overhead)
I250825 23:34:29.305854 595 3@kv/kvserver/store.go:3801 ⋮ [T1,Vsystem,n1,s1] 31 +Flushes: 1
I250825 23:34:29.305854 595 3@kv/kvserver/store.go:3801 ⋮ [T1,Vsystem,n1,s1] 31 +Compactions: 1  estimated debt: 0B  in progress: 0 (0B)
I250825 23:34:29.305854 595 3@kv/kvserver/store.go:3801 ⋮ [T1,Vsystem,n1,s1] 31 +             default: 1  delete: 0  elision: 0  move: 0  read: 0  tombstone-density: 0  rewrite: 0  copy: 0  multi-level: 0
I250825 23:34:29.305854 595 3@kv/kvserver/store.go:3801 ⋮ [T1,Vsystem,n1,s1] 31 +MemTables: 1 (64MB)  zombie: 1 (32MB)
I250825 23:34:29.305854 595 3@kv/kvserver/store.go:3801 ⋮ [T1,Vsystem,n1,s1] 31 +Zombie tables: 0 (0B, local: 0B)
I250825 23:34:29.305854 595 3@kv/kvserver/store.go:3801 ⋮ [T1,Vsystem,n1,s1] 31 +Backing tables: 0 (0B)
I250825 23:34:29.305854 595 3@kv/kvserver/store.go:3801 ⋮ [T1,Vsystem,n1,s1] 31 +Virtual tables: 0 (0B)
I250825 23:34:29.305854 595 3@kv/kvserver/store.go:3801 ⋮ [T1,Vsystem,n1,s1] 31 +Local tables size: 101MB
I250825 23:34:29.305854 595 3@kv/kvserver/store.go:3801 ⋮ [T1,Vsystem,n1,s1] 31 +Compression types: snappy: 16
I250825 23:34:29.305854 595 3@kv/kvserver/store.go:3801 ⋮ [T1,Vsystem,n1,s1] 31 +Block cache: 106 entries (3.8MB)  hit rate: 83.0%
I250825 23:34:29.305854 595 3@kv/kvserver/store.go:3801 ⋮ [T1,Vsystem,n1,s1] 31 +Table cache: 15 entries (12KB)  hit rate: 99.5%
I250825 23:34:29.305854 595 3@kv/kvserver/store.go:3801 ⋮ [T1,Vsystem,n1,s1] 31 +Snapshots: 0  earliest seq num: 0
I250825 23:34:29.305854 595 3@kv/kvserver/store.go:3801 ⋮ [T1,Vsystem,n1,s1] 31 +Table iters: 0
I250825 23:34:29.305854 595 3@kv/kvserver/store.go:3801 ⋮ [T1,Vsystem,n1,s1] 31 +Filter utility: 64.1%
I250825 23:34:29.305854 595 3@kv/kvserver/store.go:3801 ⋮ [T1,Vsystem,n1,s1] 31 +Ingestions: 0  as flushable: 0 (0B in 0 tables)
I250825 23:34:29.305854 595 3@kv/kvserver/store.go:3801 ⋮ [T1,Vsystem,n1,s1] 31 +Cgo memory usage: 100MB  block cache: 3.8MB (data: 3.8MB, maps: 19KB, entries: 8.3KB)  memtables: 96MB
