I250822 08:46:50.187509 69 util/log/file_sync_buffer.go:237 ⋮ [config]   file created at: 2025/08/22 08:46:50
I250822 08:46:50.187544 69 util/log/file_sync_buffer.go:237 ⋮ [config]   running on machine: ‹393847c56a2b›
I250822 08:46:50.187560 69 util/log/file_sync_buffer.go:237 ⋮ [config]   binary: CockroachDB CCL v25.2.0 (aarch64-unknown-linux-gnu, built 2025/05/15 21:07:42, go1.23.7 X:nocoverageredesign)
I250822 08:46:50.187568 69 util/log/file_sync_buffer.go:237 ⋮ [config]   arguments: [‹/cockroach/cockroach› ‹start-single-node› ‹--certs-dir=certs› ‹--advertise-addr=127.0.0.1:26257› ‹--insecure› ‹--http-addr=0.0.0.0:8080›]
I250822 08:46:50.187610 69 util/log/file_sync_buffer.go:237 ⋮ [config]   log format (utf8=✓): crdb-v2
I250822 08:46:50.187615 69 util/log/file_sync_buffer.go:237 ⋮ [config]   line format: [IWEF]yymmdd hh:mm:ss.uuuuuu goid [chan@]file:line redactionmark \[tags\] [counter] msg
I250822 08:46:50.182616 69 3@pebble/objstorage/objstorageprovider/remote.go:102 ⋮ [n?,s?,pebble] 1  remote storage configured; creatorID = 1
I250822 08:46:50.282650 69 3@pebble/open.go:1054 ⋮ [n?,s?,pebble] 2  [JOB ‹1›] WAL ‹004115: {(/cockroach/cockroach-data,000)}› stopped reading at offset: (‹/cockroach/cockroach-data/004115.log›: 13259103); replayed 41158 keys in 1165 batches
I250822 08:46:50.285251 86 3@pebble/event.go:1011 ⋮ [n?,s?,pebble] 3  [JOB 2] flushing 7 memtables (14MB) to L0
I250822 08:46:50.290705 86 3@pebble/event.go:1039 ⋮ [n?,s?,pebble] 4  [JOB 2] flushing: sstable created 004120
I250822 08:46:50.377519 86 3@pebble/event.go:1031 ⋮ [n?,s?,pebble] 5  [JOB 2] MANIFEST created 004121
I250822 08:46:50.377637 86 3@pebble/event.go:1015 ⋮ [n?,s?,pebble] 6  [JOB 2] flushed 7 memtables (14MB) to L0 [004120] (200KB), in 0.1s (0.1s total), output rate 2.3MB/s
I250822 08:46:50.380466 84 3@pebble/event.go:1063 ⋮ [n?,s?,pebble] 7  [JOB 2] WAL deleted 004109
I250822 08:46:50.380673 69 3@pebble/event.go:1059 ⋮ [n?,s?,pebble] 8  [JOB 1] WAL created 004122
I250822 08:46:50.381110 84 3@pebble/event.go:1063 ⋮ [n?,s?,pebble] 9  [JOB 2] WAL deleted 004113
I250822 08:46:50.382057 84 3@pebble/event.go:1063 ⋮ [n?,s?,pebble] 10  [JOB 2] WAL deleted 004114
I250822 08:46:50.383136 84 3@pebble/event.go:1063 ⋮ [n?,s?,pebble] 11  [JOB 2] WAL deleted 004115
I250822 08:46:50.388449 100 3@pebble/event.go:999 ⋮ [n?,s?,pebble] 12  [JOB 3] compacting(default) L0 [004120] (200KB) Score=11.36 + L5 [004117 004118] (5.6MB) Score=0.09; OverlappingRatio: Single 28.91, Multi 0.00
I250822 08:46:50.415445 100 3@pebble/event.go:1039 ⋮ [n?,s?,pebble] 13  [JOB 3] compacting: sstable created 004124
I250822 08:46:50.707460 100 3@pebble/event.go:1039 ⋮ [n?,s?,pebble] 14  [JOB 3] compacting: sstable created 004125
I250822 08:46:51.113635 100 3@pebble/event.go:1003 ⋮ [n?,s?,pebble] 15  [JOB 3] compacted(default) L0 [004120] (200KB) Score=11.36 + L5 [004117 004118] (5.6MB) Score=0.09 -> L5 [004124 004125] (5.7MB), in 0.7s (0.7s total), output rate 7.8MB/s
I250822 08:46:51.118326 84 3@pebble/event.go:1043 ⋮ [n?,s?,pebble] 16  [JOB 3] sstable deleted 004117
I250822 08:46:51.120520 84 3@pebble/event.go:1043 ⋮ [n?,s?,pebble] 17  [JOB 3] sstable deleted 004118
I250822 08:46:51.121047 84 3@pebble/event.go:1043 ⋮ [n?,s?,pebble] 18  [JOB 3] sstable deleted 004120
I250822 08:46:51.121552 84 3@pebble/event.go:1035 ⋮ [n?,s?,pebble] 19  [JOB 1] MANIFEST deleted 004097
I250822 08:46:51.139469 103 3@pebble/event.go:1051 ⋮ [n?,s?,pebble] 20  [JOB 5] all initial table stats loaded
I250822 08:46:51.154699 69 3@pebble/event.go:1031 ⋮ [n?,s?,pebble] 21  [JOB 1] MANIFEST created 000001
I250822 08:46:51.157652 69 3@pebble/event.go:1059 ⋮ [n?,s?,pebble] 22  [JOB 1] WAL created 000002
I250822 08:46:51.159479 69 3@pebble/event.go:1027 ⋮ [n?,s?,pebble] 23  upgraded to format version: 014
I250822 08:46:51.161160 69 3@pebble/event.go:1027 ⋮ [n?,s?,pebble] 24  upgraded to format version: 015
I250822 08:46:51.162790 69 3@pebble/event.go:1027 ⋮ [n?,s?,pebble] 25  upgraded to format version: 016
I250822 08:46:51.167986 69 3@pebble/event.go:1027 ⋮ [n?,s?,pebble] 26  upgraded to format version: 017
I250822 08:46:51.170223 69 3@pebble/event.go:1027 ⋮ [n?,s?,pebble] 27  upgraded to format version: 018
I250822 08:46:51.171580 69 3@pebble/event.go:1027 ⋮ [n?,s?,pebble] 28  upgraded to format version: 019
I250822 08:46:51.179518 147 3@pebble/event.go:1051 ⋮ [n?,s?,pebble] 29  [JOB 2] all initial table stats loaded
I250822 08:47:11.813323 751 3@kv/kvserver/store.go:3801 ⋮ [T1,Vsystem,n1,s1] 30  Pebble metrics:
I250822 08:47:11.813323 751 3@kv/kvserver/store.go:3801 ⋮ [T1,Vsystem,n1,s1] 30 +      |                             |       |       |   ingested   |     moved    |    written   |       |    amp
I250822 08:47:11.813323 751 3@kv/kvserver/store.go:3801 ⋮ [T1,Vsystem,n1,s1] 30 +level | tables  size val-bl vtables | score |   in  | tables  size | tables  size | tables  size |  read |   r   w
I250822 08:47:11.813323 751 3@kv/kvserver/store.go:3801 ⋮ [T1,Vsystem,n1,s1] 30 +------+-----------------------------+-------+-------+--------------+--------------+--------------+-------+---------
I250822 08:47:11.813323 751 3@kv/kvserver/store.go:3801 ⋮ [T1,Vsystem,n1,s1] 30 +    0 |     0     0B     0B       0 |  0.00 |  13MB |     0     0B |     0     0B |     1  200KB |    0B |   0  0.0
I250822 08:47:11.813323 751 3@kv/kvserver/store.go:3801 ⋮ [T1,Vsystem,n1,s1] 30 +    1 |     0     0B     0B       0 |  0.00 |    0B |     0     0B |     0     0B |     0     0B |    0B |   0  0.0
I250822 08:47:11.813323 751 3@kv/kvserver/store.go:3801 ⋮ [T1,Vsystem,n1,s1] 30 +    2 |     0     0B     0B       0 |  0.00 |    0B |     0     0B |     0     0B |     0     0B |    0B |   0  0.0
I250822 08:47:11.813323 751 3@kv/kvserver/store.go:3801 ⋮ [T1,Vsystem,n1,s1] 30 +    3 |     0     0B     0B       0 |  0.00 |    0B |     0     0B |     0     0B |     0     0B |    0B |   0  0.0
I250822 08:47:11.813323 751 3@kv/kvserver/store.go:3801 ⋮ [T1,Vsystem,n1,s1] 30 +    4 |     0     0B     0B       0 |  0.00 |    0B |     0     0B |     0     0B |     0     0B |    0B |   0  0.0
I250822 08:47:11.813323 751 3@kv/kvserver/store.go:3801 ⋮ [T1,Vsystem,n1,s1] 30 +    5 |     2  5.7MB  314KB       0 |  0.19 | 200KB |     0     0B |     0     0B |     2  5.7MB | 5.8MB |   1 29.1
I250822 08:47:11.813323 751 3@kv/kvserver/store.go:3801 ⋮ [T1,Vsystem,n1,s1] 30 +    6 |    14   72MB  498KB       0 |     - |    0B |     0     0B |     0     0B |     0     0B |    0B |   1  0.0
I250822 08:47:11.813323 751 3@kv/kvserver/store.go:3801 ⋮ [T1,Vsystem,n1,s1] 30 +total |    16   77MB  812KB       0 |     - |  16MB |     0     0B |     0     0B |     3   21MB | 5.8MB |   2  1.4
I250822 08:47:11.813323 751 3@kv/kvserver/store.go:3801 ⋮ [T1,Vsystem,n1,s1] 30 +-------------------------------------------------------------------------------------------------------------------
I250822 08:47:11.813323 751 3@kv/kvserver/store.go:3801 ⋮ [T1,Vsystem,n1,s1] 30 +WAL: 1 files (2.8MB)  in: 2.8MB  written: 16MB (452% overhead)
I250822 08:47:11.813323 751 3@kv/kvserver/store.go:3801 ⋮ [T1,Vsystem,n1,s1] 30 +Flushes: 1
I250822 08:47:11.813323 751 3@kv/kvserver/store.go:3801 ⋮ [T1,Vsystem,n1,s1] 30 +Compactions: 1  estimated debt: 0B  in progress: 0 (0B)
I250822 08:47:11.813323 751 3@kv/kvserver/store.go:3801 ⋮ [T1,Vsystem,n1,s1] 30 +             default: 1  delete: 0  elision: 0  move: 0  read: 0  tombstone-density: 0  rewrite: 0  copy: 0  multi-level: 0
I250822 08:47:11.813323 751 3@kv/kvserver/store.go:3801 ⋮ [T1,Vsystem,n1,s1] 30 +MemTables: 1 (32MB)  zombie: 1 (16MB)
I250822 08:47:11.813323 751 3@kv/kvserver/store.go:3801 ⋮ [T1,Vsystem,n1,s1] 30 +Zombie tables: 0 (0B, local: 0B)
I250822 08:47:11.813323 751 3@kv/kvserver/store.go:3801 ⋮ [T1,Vsystem,n1,s1] 30 +Backing tables: 0 (0B)
I250822 08:47:11.813323 751 3@kv/kvserver/store.go:3801 ⋮ [T1,Vsystem,n1,s1] 30 +Virtual tables: 0 (0B)
I250822 08:47:11.813323 751 3@kv/kvserver/store.go:3801 ⋮ [T1,Vsystem,n1,s1] 30 +Local tables size: 77MB
I250822 08:47:11.813323 751 3@kv/kvserver/store.go:3801 ⋮ [T1,Vsystem,n1,s1] 30 +Compression types: snappy: 16
I250822 08:47:11.813323 751 3@kv/kvserver/store.go:3801 ⋮ [T1,Vsystem,n1,s1] 30 +Block cache: 3.9K entries (80MB)  hit rate: 61.8%
I250822 08:47:11.813323 751 3@kv/kvserver/store.go:3801 ⋮ [T1,Vsystem,n1,s1] 30 +Table cache: 16 entries (13KB)  hit rate: 99.6%
I250822 08:47:11.813323 751 3@kv/kvserver/store.go:3801 ⋮ [T1,Vsystem,n1,s1] 30 +Snapshots: 1  earliest seq num: 51624051
I250822 08:47:11.813323 751 3@kv/kvserver/store.go:3801 ⋮ [T1,Vsystem,n1,s1] 30 +Table iters: 4
I250822 08:47:11.813323 751 3@kv/kvserver/store.go:3801 ⋮ [T1,Vsystem,n1,s1] 30 +Filter utility: 66.3%
I250822 08:47:11.813323 751 3@kv/kvserver/store.go:3801 ⋮ [T1,Vsystem,n1,s1] 30 +Ingestions: 0  as flushable: 0 (0B in 0 tables)
I250822 08:47:11.813323 751 3@kv/kvserver/store.go:3801 ⋮ [T1,Vsystem,n1,s1] 30 +Cgo memory usage: 129MB  block cache: 81MB (data: 80MB, maps: 276KB, entries: 302KB)  memtables: 48MB
I250822 08:47:19.806949 2626 3@pebble/event.go:999 ⋮ [n1,s1,pebble] 31  [JOB 6] compacting(read) L5 [004125] (3.2MB) Score=0.00 + L6 [003873 003875 003878 003881 003884 003885 003886 003887 003888] (34MB) Score=0.00; OverlappingRatio: Single 0.00, Multi 0.00
I250822 08:47:19.808613 2626 3@pebble/event.go:1039 ⋮ [n1,s1,pebble] 32  [JOB 6] compacting: sstable created 004126
I250822 08:47:19.998720 2626 3@pebble/event.go:1039 ⋮ [n1,s1,pebble] 33  [JOB 6] compacting: sstable created 004127
I250822 08:47:20.186085 2626 3@pebble/event.go:1039 ⋮ [n1,s1,pebble] 34  [JOB 6] compacting: sstable created 004128
I250822 08:47:20.295359 2626 3@pebble/event.go:1039 ⋮ [n1,s1,pebble] 35  [JOB 6] compacting: sstable created 004129
I250822 08:47:20.481989 2626 3@pebble/event.go:1039 ⋮ [n1,s1,pebble] 36  [JOB 6] compacting: sstable created 004130
I250822 08:47:20.572685 2626 3@pebble/event.go:1003 ⋮ [n1,s1,pebble] 37  [JOB 6] compacted(read) L5 [004125] (3.2MB) Score=0.00 + L6 [003873 003875 003878 003881 003884 003885 003886 003887 003888] (34MB) Score=0.00 -> L6 [004126 004127 004128 004129 004130] (37MB), in 0.8s (0.8s total), output rate 48MB/s
I250822 08:47:20.575749 84 3@pebble/event.go:1043 ⋮ [n1,s1,pebble] 38  [JOB 6] sstable deleted 003873
I250822 08:47:20.576035 84 3@pebble/event.go:1043 ⋮ [n1,s1,pebble] 39  [JOB 6] sstable deleted 003875
I250822 08:47:20.576309 84 3@pebble/event.go:1043 ⋮ [n1,s1,pebble] 40  [JOB 6] sstable deleted 003878
I250822 08:47:20.576513 84 3@pebble/event.go:1043 ⋮ [n1,s1,pebble] 41  [JOB 6] sstable deleted 003881
I250822 08:47:20.576635 84 3@pebble/event.go:1043 ⋮ [n1,s1,pebble] 42  [JOB 6] sstable deleted 003884
I250822 08:47:20.576775 84 3@pebble/event.go:1043 ⋮ [n1,s1,pebble] 43  [JOB 6] sstable deleted 003885
I250822 08:47:20.576970 84 3@pebble/event.go:1043 ⋮ [n1,s1,pebble] 44  [JOB 6] sstable deleted 003886
I250822 08:47:20.577229 84 3@pebble/event.go:1043 ⋮ [n1,s1,pebble] 45  [JOB 6] sstable deleted 003887
I250822 08:47:20.577487 84 3@pebble/event.go:1043 ⋮ [n1,s1,pebble] 46  [JOB 6] sstable deleted 003888
I250822 08:47:20.577677 84 3@pebble/event.go:1043 ⋮ [n1,s1,pebble] 47  [JOB 6] sstable deleted 004125
I250822 08:50:41.950781 716 3@pebble/event.go:1059 ⋮ [n1,s1,pebble] 48  [JOB 7] WAL created 004131
I250822 08:50:41.952716 7780 3@pebble/event.go:1011 ⋮ [n1,s1,pebble] 49  [JOB 8] flushing 1 memtable (32MB) to L0
I250822 08:50:41.956656 7780 3@pebble/event.go:1039 ⋮ [n1,s1,pebble] 50  [JOB 8] flushing: sstable created 004132
I250822 08:50:42.118241 7780 3@pebble/event.go:1015 ⋮ [n1,s1,pebble] 51  [JOB 8] flushed 1 memtable (32MB) to L0 [004132] (741KB), in 0.2s (0.2s total), output rate 4.4MB/s
I250822 08:50:42.118681 7642 3@pebble/event.go:999 ⋮ [n1,s1,pebble] 52  [JOB 9] compacting(default) L0 [004132] (741KB) Score=25.75 + L5 [004124] (2.5MB) Score=0.14; OverlappingRatio: Single 3.43, Multi 0.00
I250822 08:50:42.124825 7642 3@pebble/event.go:1039 ⋮ [n1,s1,pebble] 53  [JOB 9] compacting: sstable created 004133
I250822 08:50:42.367246 7642 3@pebble/event.go:1039 ⋮ [n1,s1,pebble] 54  [JOB 9] compacting: sstable created 004134
I250822 08:50:42.375091 7642 3@pebble/event.go:1003 ⋮ [n1,s1,pebble] 55  [JOB 9] compacted(default) L0 [004132] (741KB) Score=25.75 + L5 [004124] (2.5MB) Score=0.14 -> L5 [004133 004134] (3.1MB), in 0.3s (0.3s total), output rate 12MB/s
I250822 08:50:42.376484 84 3@pebble/event.go:1043 ⋮ [n1,s1,pebble] 56  [JOB 9] sstable deleted 004124
I250822 08:50:42.376778 84 3@pebble/event.go:1043 ⋮ [n1,s1,pebble] 57  [JOB 9] sstable deleted 004132
I250822 08:57:11.862744 751 3@kv/kvserver/store.go:3801 ⋮ [T1,Vsystem,n1,s1] 58  Pebble metrics:
I250822 08:57:11.862744 751 3@kv/kvserver/store.go:3801 ⋮ [T1,Vsystem,n1,s1] 58 +      |                             |       |       |   ingested   |     moved    |    written   |       |    amp
I250822 08:57:11.862744 751 3@kv/kvserver/store.go:3801 ⋮ [T1,Vsystem,n1,s1] 58 +level | tables  size val-bl vtables | score |   in  | tables  size | tables  size | tables  size |  read |   r   w
I250822 08:57:11.862744 751 3@kv/kvserver/store.go:3801 ⋮ [T1,Vsystem,n1,s1] 58 +------+-----------------------------+-------+-------+--------------+--------------+--------------+-------+---------
I250822 08:57:11.862744 751 3@kv/kvserver/store.go:3801 ⋮ [T1,Vsystem,n1,s1] 58 +    0 |     0     0B     0B       0 |  0.00 |  41MB |     0     0B |     0     0B |     2  941KB |    0B |   0  0.0
I250822 08:57:11.862744 751 3@kv/kvserver/store.go:3801 ⋮ [T1,Vsystem,n1,s1] 58 +    1 |     0     0B     0B       0 |  0.00 |    0B |     0     0B |     0     0B |     0     0B |    0B |   0  0.0
I250822 08:57:11.862744 751 3@kv/kvserver/store.go:3801 ⋮ [T1,Vsystem,n1,s1] 58 +    2 |     0     0B     0B       0 |  0.00 |    0B |     0     0B |     0     0B |     0     0B |    0B |   0  0.0
I250822 08:57:11.862744 751 3@kv/kvserver/store.go:3801 ⋮ [T1,Vsystem,n1,s1] 58 +    3 |     0     0B     0B       0 |  0.00 |    0B |     0     0B |     0     0B |     0     0B |    0B |   0  0.0
I250822 08:57:11.862744 751 3@kv/kvserver/store.go:3801 ⋮ [T1,Vsystem,n1,s1] 58 +    4 |     0     0B     0B       0 |  0.00 |    0B |     0     0B |     0     0B |     0     0B |    0B |   0  0.0
I250822 08:57:11.862744 751 3@kv/kvserver/store.go:3801 ⋮ [T1,Vsystem,n1,s1] 58 +    5 |     2  3.1MB   11KB       0 |  0.18 | 941KB |     0     0B |     0     0B |     4  8.8MB | 9.0MB |   1  9.6
I250822 08:57:11.862744 751 3@kv/kvserver/store.go:3801 ⋮ [T1,Vsystem,n1,s1] 58 +    6 |    10   75MB  841KB       0 |     - | 3.2MB |     0     0B |     0     0B |     5   37MB |  37MB |   1 11.6
I250822 08:57:11.862744 751 3@kv/kvserver/store.go:3801 ⋮ [T1,Vsystem,n1,s1] 58 +total |    12   78MB  852KB       0 |     - |  84MB |     0     0B |     0     0B |    11  131MB |  46MB |   2  1.6
I250822 08:57:11.862744 751 3@kv/kvserver/store.go:3801 ⋮ [T1,Vsystem,n1,s1] 58 +-------------------------------------------------------------------------------------------------------------------
I250822 08:57:11.862744 751 3@kv/kvserver/store.go:3801 ⋮ [T1,Vsystem,n1,s1] 58 +WAL: 1 files (43MB)  in: 71MB  written: 84MB (18% overhead)
I250822 08:57:11.862744 751 3@kv/kvserver/store.go:3801 ⋮ [T1,Vsystem,n1,s1] 58 +Flushes: 2
I250822 08:57:11.862744 751 3@kv/kvserver/store.go:3801 ⋮ [T1,Vsystem,n1,s1] 58 +Compactions: 3  estimated debt: 0B  in progress: 0 (0B)
I250822 08:57:11.862744 751 3@kv/kvserver/store.go:3801 ⋮ [T1,Vsystem,n1,s1] 58 +             default: 2  delete: 0  elision: 0  move: 0  read: 1  tombstone-density: 0  rewrite: 0  copy: 0  multi-level: 0
I250822 08:57:11.862744 751 3@kv/kvserver/store.go:3801 ⋮ [T1,Vsystem,n1,s1] 58 +MemTables: 1 (64MB)  zombie: 1 (32MB)
I250822 08:57:11.862744 751 3@kv/kvserver/store.go:3801 ⋮ [T1,Vsystem,n1,s1] 58 +Zombie tables: 0 (0B, local: 0B)
I250822 08:57:11.862744 751 3@kv/kvserver/store.go:3801 ⋮ [T1,Vsystem,n1,s1] 58 +Backing tables: 0 (0B)
I250822 08:57:11.862744 751 3@kv/kvserver/store.go:3801 ⋮ [T1,Vsystem,n1,s1] 58 +Virtual tables: 0 (0B)
I250822 08:57:11.862744 751 3@kv/kvserver/store.go:3801 ⋮ [T1,Vsystem,n1,s1] 58 +Local tables size: 78MB
I250822 08:57:11.862744 751 3@kv/kvserver/store.go:3801 ⋮ [T1,Vsystem,n1,s1] 58 +Compression types: snappy: 12
I250822 08:57:11.862744 751 3@kv/kvserver/store.go:3801 ⋮ [T1,Vsystem,n1,s1] 58 +Block cache: 995 entries (24MB)  hit rate: 80.8%
I250822 08:57:11.862744 751 3@kv/kvserver/store.go:3801 ⋮ [T1,Vsystem,n1,s1] 58 +Table cache: 9 entries (7.3KB)  hit rate: 99.9%
I250822 08:57:11.862744 751 3@kv/kvserver/store.go:3801 ⋮ [T1,Vsystem,n1,s1] 58 +Snapshots: 0  earliest seq num: 0
I250822 08:57:11.862744 751 3@kv/kvserver/store.go:3801 ⋮ [T1,Vsystem,n1,s1] 58 +Table iters: 0
I250822 08:57:11.862744 751 3@kv/kvserver/store.go:3801 ⋮ [T1,Vsystem,n1,s1] 58 +Filter utility: 78.3%
I250822 08:57:11.862744 751 3@kv/kvserver/store.go:3801 ⋮ [T1,Vsystem,n1,s1] 58 +Ingestions: 0  as flushable: 0 (0B in 0 tables)
I250822 08:57:11.862744 751 3@kv/kvserver/store.go:3801 ⋮ [T1,Vsystem,n1,s1] 58 +Cgo memory usage: 121MB  block cache: 24MB (data: 24MB, maps: 276KB, entries: 78KB)  memtables: 96MB
I250822 08:59:02.059877 710 3@pebble/event.go:1059 ⋮ [n1,s1,pebble] 59  [JOB 11] WAL created 004135 (recycled 004122)
I250822 08:59:02.115382 16958 3@pebble/event.go:1011 ⋮ [n1,s1,pebble] 60  [JOB 12] flushing 1 memtable (64MB) to L0
I250822 08:59:02.129376 16958 3@pebble/event.go:1039 ⋮ [n1,s1,pebble] 61  [JOB 12] flushing: sstable created 004136
I250822 08:59:02.597859 16958 3@pebble/event.go:1015 ⋮ [n1,s1,pebble] 62  [JOB 12] flushed 1 memtable (64MB) to L0 [004136] (653KB), in 0.5s (0.5s total), output rate 1.3MB/s
I250822 08:59:02.598557 17127 3@pebble/event.go:999 ⋮ [n1,s1,pebble] 63  [JOB 13] compacting(default) L0 [004136] (653KB) Score=20.45 + L5 [004133 004134] (3.1MB) Score=0.18; OverlappingRatio: Single 4.91, Multi 0.00
I250822 08:59:02.689439 17127 3@pebble/event.go:1039 ⋮ [n1,s1,pebble] 64  [JOB 13] compacting: sstable created 004137
I250822 08:59:03.438846 17127 3@pebble/event.go:1039 ⋮ [n1,s1,pebble] 65  [JOB 13] compacting: sstable created 004138
I250822 08:59:03.466923 17127 3@pebble/event.go:1003 ⋮ [n1,s1,pebble] 66  [JOB 13] compacted(default) L0 [004136] (653KB) Score=20.45 + L5 [004133 004134] (3.1MB) Score=0.18 -> L5 [004137 004138] (3.5MB), in 0.9s (0.9s total), output rate 4.0MB/s
I250822 08:59:03.468478 84 3@pebble/event.go:1043 ⋮ [n1,s1,pebble] 67  [JOB 13] sstable deleted 004133
I250822 08:59:03.469007 84 3@pebble/event.go:1043 ⋮ [n1,s1,pebble] 68  [JOB 13] sstable deleted 004134
I250822 08:59:03.469543 84 3@pebble/event.go:1043 ⋮ [n1,s1,pebble] 69  [JOB 13] sstable deleted 004136
I250822 09:07:11.874640 751 3@kv/kvserver/store.go:3801 ⋮ [T1,Vsystem,n1,s1] 70  Pebble metrics:
I250822 09:07:11.874640 751 3@kv/kvserver/store.go:3801 ⋮ [T1,Vsystem,n1,s1] 70 +      |                             |       |       |   ingested   |     moved    |    written   |       |    amp
I250822 09:07:11.874640 751 3@kv/kvserver/store.go:3801 ⋮ [T1,Vsystem,n1,s1] 70 +level | tables  size val-bl vtables | score |   in  | tables  size | tables  size | tables  size |  read |   r   w
I250822 09:07:11.874640 751 3@kv/kvserver/store.go:3801 ⋮ [T1,Vsystem,n1,s1] 70 +------+-----------------------------+-------+-------+--------------+--------------+--------------+-------+---------
I250822 09:07:11.874640 751 3@kv/kvserver/store.go:3801 ⋮ [T1,Vsystem,n1,s1] 70 +    0 |     0     0B     0B       0 |  0.00 |  99MB |     0     0B |     0     0B |     3  1.6MB |    0B |   0  0.0
I250822 09:07:11.874640 751 3@kv/kvserver/store.go:3801 ⋮ [T1,Vsystem,n1,s1] 70 +    1 |     0     0B     0B       0 |  0.00 |    0B |     0     0B |     0     0B |     0     0B |    0B |   0  0.0
I250822 09:07:11.874640 751 3@kv/kvserver/store.go:3801 ⋮ [T1,Vsystem,n1,s1] 70 +    2 |     0     0B     0B       0 |  0.00 |    0B |     0     0B |     0     0B |     0     0B |    0B |   0  0.0
I250822 09:07:11.874640 751 3@kv/kvserver/store.go:3801 ⋮ [T1,Vsystem,n1,s1] 70 +    3 |     0     0B     0B       0 |  0.00 |    0B |     0     0B |     0     0B |     0     0B |    0B |   0  0.0
I250822 09:07:11.874640 751 3@kv/kvserver/store.go:3801 ⋮ [T1,Vsystem,n1,s1] 70 +    4 |     0     0B     0B       0 |  0.00 |    0B |     0     0B |     0     0B |     0     0B |    0B |   0  0.0
I250822 09:07:11.874640 751 3@kv/kvserver/store.go:3801 ⋮ [T1,Vsystem,n1,s1] 70 +    5 |     2  3.5MB   19KB       0 |  0.19 | 1.6MB |     0     0B |     0     0B |     6   12MB |  13MB |   1  7.9
I250822 09:07:11.874640 751 3@kv/kvserver/store.go:3801 ⋮ [T1,Vsystem,n1,s1] 70 +    6 |    10   75MB  841KB       0 |     - | 3.2MB |     0     0B |     0     0B |     5   37MB |  37MB |   1 11.6
I250822 09:07:11.874640 751 3@kv/kvserver/store.go:3801 ⋮ [T1,Vsystem,n1,s1] 70 +total |    12   78MB  860KB       0 |     - | 154MB |     0     0B |     0     0B |    14  204MB |  50MB |   2  1.3
I250822 09:07:11.874640 751 3@kv/kvserver/store.go:3801 ⋮ [T1,Vsystem,n1,s1] 70 +-------------------------------------------------------------------------------------------------------------------
I250822 09:07:11.874640 751 3@kv/kvserver/store.go:3801 ⋮ [T1,Vsystem,n1,s1] 70 +WAL: 1 files (55MB)  in: 141MB  written: 154MB (9% overhead)
I250822 09:07:11.874640 751 3@kv/kvserver/store.go:3801 ⋮ [T1,Vsystem,n1,s1] 70 +Flushes: 3
I250822 09:07:11.874640 751 3@kv/kvserver/store.go:3801 ⋮ [T1,Vsystem,n1,s1] 70 +Compactions: 4  estimated debt: 0B  in progress: 0 (0B)
I250822 09:07:11.874640 751 3@kv/kvserver/store.go:3801 ⋮ [T1,Vsystem,n1,s1] 70 +             default: 3  delete: 0  elision: 0  move: 0  read: 1  tombstone-density: 0  rewrite: 0  copy: 0  multi-level: 0
I250822 09:07:11.874640 751 3@kv/kvserver/store.go:3801 ⋮ [T1,Vsystem,n1,s1] 70 +MemTables: 1 (64MB)  zombie: 1 (64MB)
I250822 09:07:11.874640 751 3@kv/kvserver/store.go:3801 ⋮ [T1,Vsystem,n1,s1] 70 +Zombie tables: 0 (0B, local: 0B)
I250822 09:07:11.874640 751 3@kv/kvserver/store.go:3801 ⋮ [T1,Vsystem,n1,s1] 70 +Backing tables: 0 (0B)
I250822 09:07:11.874640 751 3@kv/kvserver/store.go:3801 ⋮ [T1,Vsystem,n1,s1] 70 +Virtual tables: 0 (0B)
I250822 09:07:11.874640 751 3@kv/kvserver/store.go:3801 ⋮ [T1,Vsystem,n1,s1] 70 +Local tables size: 78MB
I250822 09:07:11.874640 751 3@kv/kvserver/store.go:3801 ⋮ [T1,Vsystem,n1,s1] 70 +Compression types: snappy: 12
I250822 09:07:11.874640 751 3@kv/kvserver/store.go:3801 ⋮ [T1,Vsystem,n1,s1] 70 +Block cache: 0 entries (0B)  hit rate: 60.4%
I250822 09:07:11.874640 751 3@kv/kvserver/store.go:3801 ⋮ [T1,Vsystem,n1,s1] 70 +Table cache: 12 entries (9.8KB)  hit rate: 99.9%
I250822 09:07:11.874640 751 3@kv/kvserver/store.go:3801 ⋮ [T1,Vsystem,n1,s1] 70 +Snapshots: 0  earliest seq num: 0
I250822 09:07:11.874640 751 3@kv/kvserver/store.go:3801 ⋮ [T1,Vsystem,n1,s1] 70 +Table iters: 0
I250822 09:07:11.874640 751 3@kv/kvserver/store.go:3801 ⋮ [T1,Vsystem,n1,s1] 70 +Filter utility: 78.8%
I250822 09:07:11.874640 751 3@kv/kvserver/store.go:3801 ⋮ [T1,Vsystem,n1,s1] 70 +Ingestions: 0  as flushable: 0 (0B in 0 tables)
I250822 09:07:11.874640 751 3@kv/kvserver/store.go:3801 ⋮ [T1,Vsystem,n1,s1] 70 +Cgo memory usage: 128MB  block cache: 287KB (data: 0B, maps: 276KB, entries: 11KB)  memtables: 128MB
I250822 09:07:32.094495 721 3@pebble/event.go:1059 ⋮ [n1,s1,pebble] 71  [JOB 16] WAL created 004139 (recycled 004131)
I250822 09:07:32.100895 26814 3@pebble/event.go:1011 ⋮ [n1,s1,pebble] 72  [JOB 17] flushing 1 memtable (64MB) to L0
I250822 09:07:32.113221 26814 3@pebble/event.go:1039 ⋮ [n1,s1,pebble] 73  [JOB 17] flushing: sstable created 004140
I250822 09:07:32.398632 26814 3@pebble/event.go:1015 ⋮ [n1,s1,pebble] 74  [JOB 17] flushed 1 memtable (64MB) to L0 [004140] (614KB), in 0.3s (0.3s total), output rate 2.1MB/s
I250822 09:07:32.401167 26863 3@pebble/event.go:999 ⋮ [n1,s1,pebble] 75  [JOB 19] compacting(default) L0 [004140] (614KB) Score=18.46 + L5 [004137 004138] (3.5MB) Score=0.19; OverlappingRatio: Single 5.78, Multi 0.00
I250822 09:07:32.410088 26863 3@pebble/event.go:1039 ⋮ [n1,s1,pebble] 76  [JOB 19] compacting: sstable created 004141
I250822 09:07:32.816330 26863 3@pebble/event.go:1039 ⋮ [n1,s1,pebble] 77  [JOB 19] compacting: sstable created 004142
I250822 09:07:32.914901 26863 3@pebble/event.go:1039 ⋮ [n1,s1,pebble] 78  [JOB 19] compacting: sstable created 004143
I250822 09:07:32.938440 26863 3@pebble/event.go:1003 ⋮ [n1,s1,pebble] 79  [JOB 19] compacted(default) L0 [004140] (614KB) Score=18.46 + L5 [004137 004138] (3.5MB) Score=0.19 -> L5 [004141 004142 004143] (3.8MB), in 0.5s (0.5s total), output rate 7.1MB/s
I250822 09:07:32.947044 84 3@pebble/event.go:1043 ⋮ [n1,s1,pebble] 80  [JOB 19] sstable deleted 004137
I250822 09:07:32.951993 84 3@pebble/event.go:1043 ⋮ [n1,s1,pebble] 81  [JOB 19] sstable deleted 004138
I250822 09:07:32.955074 84 3@pebble/event.go:1043 ⋮ [n1,s1,pebble] 82  [JOB 19] sstable deleted 004140
