I250729 22:38:36.276671 15 util/log/file_sync_buffer.go:237 ⋮ [config]   file created at: 2025/07/29 22:38:36
I250729 22:38:36.276699 15 util/log/file_sync_buffer.go:237 ⋮ [config]   running on machine: ‹6a3673de247c›
I250729 22:38:36.276709 15 util/log/file_sync_buffer.go:237 ⋮ [config]   binary: CockroachDB CCL v25.2.0 (aarch64-unknown-linux-gnu, built 2025/05/15 21:07:42, go1.23.7 X:nocoverageredesign)
I250729 22:38:36.276714 15 util/log/file_sync_buffer.go:237 ⋮ [config]   arguments: [‹/cockroach/cockroach› ‹start-single-node› ‹--certs-dir=certs› ‹--advertise-addr=127.0.0.1:26257› ‹--insecure› ‹--http-addr=0.0.0.0:8080›]
I250729 22:38:36.276725 15 util/log/file_sync_buffer.go:237 ⋮ [config]   log format (utf8=✓): crdb-v2
I250729 22:38:36.276727 15 util/log/file_sync_buffer.go:237 ⋮ [config]   line format: [IWEF]yymmdd hh:mm:ss.uuuuuu goid [chan@]file:line redactionmark \[tags\] [counter] msg
I250729 22:38:36.274695 15 3@pebble/objstorage/objstorageprovider/remote.go:102 ⋮ [n?,s?,pebble] 1  remote storage configured; creatorID = 1
I250729 22:38:36.869282 15 3@pebble/open.go:1054 ⋮ [n?,s?,pebble] 2  [JOB ‹1›] WAL ‹000504: {(/cockroach/cockroach-data,000)}› stopped reading at offset: (‹/cockroach/cockroach-data/000504.log›: 33617922); replayed 95296 keys in 2845 batches
I250729 22:38:36.869633 52 3@pebble/event.go:1011 ⋮ [n?,s?,pebble] 3  [JOB 2] flushing 8 memtables (35MB) to L0
I250729 22:38:36.870538 52 3@pebble/event.go:1039 ⋮ [n?,s?,pebble] 4  [JOB 2] flushing: sstable created 000512
I250729 22:38:37.011428 52 3@pebble/event.go:1031 ⋮ [n?,s?,pebble] 5  [JOB 2] MANIFEST created 000513
I250729 22:38:37.012205 52 3@pebble/event.go:1015 ⋮ [n?,s?,pebble] 6  [JOB 2] flushed 8 memtables (35MB) to L0 [000512] (553KB), in 0.1s (0.1s total), output rate 4.0MB/s
I250729 22:38:37.016831 99 3@pebble/event.go:999 ⋮ [n?,s?,pebble] 7  [JOB 4] compacting(default) L0 [000512] (553KB) Score=3.27 + L6 [000506 000507 000508 000509 000510] (20MB) Score=0.31; OverlappingRatio: Single 36.19, Multi 0.00
I250729 22:38:37.017167 95 3@pebble/event.go:1063 ⋮ [n?,s?,pebble] 8  [JOB 2] WAL deleted 000496
I250729 22:38:37.020181 95 3@pebble/event.go:1063 ⋮ [n?,s?,pebble] 9  [JOB 2] WAL deleted 000503
I250729 22:38:37.024375 95 3@pebble/event.go:1063 ⋮ [n?,s?,pebble] 10  [JOB 2] WAL deleted 000504
I250729 22:38:37.044180 15 3@pebble/event.go:1059 ⋮ [n?,s?,pebble] 11  [JOB 1] WAL created 000514
I250729 22:38:37.127346 55 3@pebble/event.go:1051 ⋮ [n?,s?,pebble] 12  [JOB 5] all initial table stats loaded
I250729 22:38:37.135438 99 3@pebble/event.go:1039 ⋮ [n?,s?,pebble] 13  [JOB 4] compacting: sstable created 000516
I250729 22:38:37.636434 99 3@pebble/event.go:1039 ⋮ [n?,s?,pebble] 14  [JOB 4] compacting: sstable created 000517
I250729 22:38:38.168359 99 3@pebble/event.go:1039 ⋮ [n?,s?,pebble] 15  [JOB 4] compacting: sstable created 000518
I250729 22:38:38.468773 99 3@pebble/event.go:1039 ⋮ [n?,s?,pebble] 16  [JOB 4] compacting: sstable created 000519
I250729 22:38:38.774031 99 3@pebble/event.go:1039 ⋮ [n?,s?,pebble] 17  [JOB 4] compacting: sstable created 000520
I250729 22:38:39.235066 99 3@pebble/event.go:1003 ⋮ [n?,s?,pebble] 18  [JOB 4] compacted(default) L0 [000512] (553KB) Score=3.27 + L6 [000506 000507 000508 000509 000510] (20MB) Score=0.31 -> L6 [000516 000517 000518 000519 000520] (20MB), in 2.2s (2.2s total), output rate 8.9MB/s
I250729 22:38:39.241963 95 3@pebble/event.go:1043 ⋮ [n?,s?,pebble] 19  [JOB 4] sstable deleted 000506
I250729 22:38:39.243164 95 3@pebble/event.go:1043 ⋮ [n?,s?,pebble] 20  [JOB 4] sstable deleted 000507
I250729 22:38:39.251312 95 3@pebble/event.go:1043 ⋮ [n?,s?,pebble] 21  [JOB 4] sstable deleted 000508
I250729 22:38:39.265899 95 3@pebble/event.go:1043 ⋮ [n?,s?,pebble] 22  [JOB 4] sstable deleted 000509
I250729 22:38:39.278543 95 3@pebble/event.go:1043 ⋮ [n?,s?,pebble] 23  [JOB 4] sstable deleted 000510
I250729 22:38:39.280426 95 3@pebble/event.go:1043 ⋮ [n?,s?,pebble] 24  [JOB 4] sstable deleted 000512
I250729 22:38:39.281403 95 3@pebble/event.go:1035 ⋮ [n?,s?,pebble] 25  [JOB 1] MANIFEST deleted 000485
I250729 22:38:39.295546 15 3@pebble/event.go:1031 ⋮ [n?,s?,pebble] 26  [JOB 1] MANIFEST created 000001
I250729 22:38:39.304689 15 3@pebble/event.go:1059 ⋮ [n?,s?,pebble] 27  [JOB 1] WAL created 000002
I250729 22:38:39.306101 15 3@pebble/event.go:1027 ⋮ [n?,s?,pebble] 28  upgraded to format version: 014
I250729 22:38:39.307215 15 3@pebble/event.go:1027 ⋮ [n?,s?,pebble] 29  upgraded to format version: 015
I250729 22:38:39.308241 15 3@pebble/event.go:1027 ⋮ [n?,s?,pebble] 30  upgraded to format version: 016
I250729 22:38:39.309003 15 3@pebble/event.go:1027 ⋮ [n?,s?,pebble] 31  upgraded to format version: 017
I250729 22:38:39.310803 15 3@pebble/event.go:1027 ⋮ [n?,s?,pebble] 32  upgraded to format version: 018
I250729 22:38:39.321443 15 3@pebble/event.go:1027 ⋮ [n?,s?,pebble] 33  upgraded to format version: 019
I250729 22:38:39.324621 57 3@pebble/event.go:1051 ⋮ [n?,s?,pebble] 34  [JOB 2] all initial table stats loaded
I250729 22:38:59.916287 786 3@kv/kvserver/store.go:3801 ⋮ [T1,Vsystem,n1,s1] 35  Pebble metrics:
I250729 22:38:59.916287 786 3@kv/kvserver/store.go:3801 ⋮ [T1,Vsystem,n1,s1] 35 +      |                             |       |       |   ingested   |     moved    |    written   |       |    amp
I250729 22:38:59.916287 786 3@kv/kvserver/store.go:3801 ⋮ [T1,Vsystem,n1,s1] 35 +level | tables  size val-bl vtables | score |   in  | tables  size | tables  size | tables  size |  read |   r   w
I250729 22:38:59.916287 786 3@kv/kvserver/store.go:3801 ⋮ [T1,Vsystem,n1,s1] 35 +------+-----------------------------+-------+-------+--------------+--------------+--------------+-------+---------
I250729 22:38:59.916287 786 3@kv/kvserver/store.go:3801 ⋮ [T1,Vsystem,n1,s1] 35 +    0 |     0     0B     0B       0 |  0.00 |  32MB |     0     0B |     0     0B |     1  553KB |    0B |   0  0.0
I250729 22:38:59.916287 786 3@kv/kvserver/store.go:3801 ⋮ [T1,Vsystem,n1,s1] 35 +    1 |     0     0B     0B       0 |  0.00 |    0B |     0     0B |     0     0B |     0     0B |    0B |   0  0.0
I250729 22:38:59.916287 786 3@kv/kvserver/store.go:3801 ⋮ [T1,Vsystem,n1,s1] 35 +    2 |     0     0B     0B       0 |  0.00 |    0B |     0     0B |     0     0B |     0     0B |    0B |   0  0.0
I250729 22:38:59.916287 786 3@kv/kvserver/store.go:3801 ⋮ [T1,Vsystem,n1,s1] 35 +    3 |     0     0B     0B       0 |  0.00 |    0B |     0     0B |     0     0B |     0     0B |    0B |   0  0.0
I250729 22:38:59.916287 786 3@kv/kvserver/store.go:3801 ⋮ [T1,Vsystem,n1,s1] 35 +    4 |     0     0B     0B       0 |  0.00 |    0B |     0     0B |     0     0B |     0     0B |    0B |   0  0.0
I250729 22:38:59.916287 786 3@kv/kvserver/store.go:3801 ⋮ [T1,Vsystem,n1,s1] 35 +    5 |     0     0B     0B       0 |  0.00 |    0B |     0     0B |     0     0B |     0     0B |    0B |   0  0.0
I250729 22:38:59.916287 786 3@kv/kvserver/store.go:3801 ⋮ [T1,Vsystem,n1,s1] 35 +    6 |     5   20MB  2.0MB       0 |     - | 553KB |     0     0B |     0     0B |     5   20MB |  20MB |   1 36.7
I250729 22:38:59.916287 786 3@kv/kvserver/store.go:3801 ⋮ [T1,Vsystem,n1,s1] 35 +total |     5   20MB  2.0MB       0 |     - |  34MB |     0     0B |     0     0B |     6   55MB |  20MB |   1  1.6
I250729 22:38:59.916287 786 3@kv/kvserver/store.go:3801 ⋮ [T1,Vsystem,n1,s1] 35 +-------------------------------------------------------------------------------------------------------------------
I250729 22:38:59.916287 786 3@kv/kvserver/store.go:3801 ⋮ [T1,Vsystem,n1,s1] 35 +WAL: 1 files (2.3MB)  in: 2.3MB  written: 34MB (1405% overhead)
I250729 22:38:59.916287 786 3@kv/kvserver/store.go:3801 ⋮ [T1,Vsystem,n1,s1] 35 +Flushes: 1
I250729 22:38:59.916287 786 3@kv/kvserver/store.go:3801 ⋮ [T1,Vsystem,n1,s1] 35 +Compactions: 1  estimated debt: 0B  in progress: 0 (0B)
I250729 22:38:59.916287 786 3@kv/kvserver/store.go:3801 ⋮ [T1,Vsystem,n1,s1] 35 +             default: 1  delete: 0  elision: 0  move: 0  read: 0  tombstone-density: 0  rewrite: 0  copy: 0  multi-level: 0
I250729 22:38:59.916287 786 3@kv/kvserver/store.go:3801 ⋮ [T1,Vsystem,n1,s1] 35 +MemTables: 1 (64MB)  zombie: 1 (32MB)
I250729 22:38:59.916287 786 3@kv/kvserver/store.go:3801 ⋮ [T1,Vsystem,n1,s1] 35 +Zombie tables: 0 (0B, local: 0B)
I250729 22:38:59.916287 786 3@kv/kvserver/store.go:3801 ⋮ [T1,Vsystem,n1,s1] 35 +Backing tables: 0 (0B)
I250729 22:38:59.916287 786 3@kv/kvserver/store.go:3801 ⋮ [T1,Vsystem,n1,s1] 35 +Virtual tables: 0 (0B)
I250729 22:38:59.916287 786 3@kv/kvserver/store.go:3801 ⋮ [T1,Vsystem,n1,s1] 35 +Local tables size: 20MB
I250729 22:38:59.916287 786 3@kv/kvserver/store.go:3801 ⋮ [T1,Vsystem,n1,s1] 35 +Compression types: snappy: 5
I250729 22:38:59.916287 786 3@kv/kvserver/store.go:3801 ⋮ [T1,Vsystem,n1,s1] 35 +Block cache: 59 entries (1.9MB)  hit rate: 53.6%
I250729 22:38:59.916287 786 3@kv/kvserver/store.go:3801 ⋮ [T1,Vsystem,n1,s1] 35 +Table cache: 3 entries (2.4KB)  hit rate: 99.6%
I250729 22:38:59.916287 786 3@kv/kvserver/store.go:3801 ⋮ [T1,Vsystem,n1,s1] 35 +Snapshots: 0  earliest seq num: 0
I250729 22:38:59.916287 786 3@kv/kvserver/store.go:3801 ⋮ [T1,Vsystem,n1,s1] 35 +Table iters: 0
I250729 22:38:59.916287 786 3@kv/kvserver/store.go:3801 ⋮ [T1,Vsystem,n1,s1] 35 +Filter utility: 0.0%
I250729 22:38:59.916287 786 3@kv/kvserver/store.go:3801 ⋮ [T1,Vsystem,n1,s1] 35 +Ingestions: 0  as flushable: 0 (0B in 0 tables)
I250729 22:38:59.916287 786 3@kv/kvserver/store.go:3801 ⋮ [T1,Vsystem,n1,s1] 35 +Cgo memory usage: 98MB  block cache: 1.9MB (data: 1.9MB, maps: 16KB, entries: 4.6KB)  memtables: 96MB
I250729 22:47:10.043951 733 3@pebble/event.go:1059 ⋮ [n1,s1,pebble] 36  [JOB 6] WAL created 000521
I250729 22:47:10.047702 10856 3@pebble/event.go:1011 ⋮ [n1,s1,pebble] 37  [JOB 7] flushing 1 memtable (64MB) to L0
I250729 22:47:10.051192 10856 3@pebble/event.go:1039 ⋮ [n1,s1,pebble] 38  [JOB 7] flushing: sstable created 000522
I250729 22:47:10.110133 10856 3@pebble/event.go:1015 ⋮ [n1,s1,pebble] 39  [JOB 7] flushed 1 memtable (64MB) to L0 [000522] (481KB), in 0.1s (0.1s total), output rate 7.6MB/s
I250729 22:47:10.110296 10860 3@pebble/event.go:999 ⋮ [n1,s1,pebble] 40  [JOB 8] compacting(default) L0 [000522] (481KB) Score=3.23 + L6 [000516 000517 000518 000519 000520] (20MB) Score=0.31; OverlappingRatio: Single 42.19, Multi 0.00
I250729 22:47:10.112610 10860 3@pebble/event.go:1039 ⋮ [n1,s1,pebble] 41  [JOB 8] compacting: sstable created 000523
I250729 22:47:10.251565 10860 3@pebble/event.go:1039 ⋮ [n1,s1,pebble] 42  [JOB 8] compacting: sstable created 000524
I250729 22:47:10.384902 10860 3@pebble/event.go:1039 ⋮ [n1,s1,pebble] 43  [JOB 8] compacting: sstable created 000525
I250729 22:47:10.530326 10860 3@pebble/event.go:1039 ⋮ [n1,s1,pebble] 44  [JOB 8] compacting: sstable created 000526
I250729 22:47:10.640702 10860 3@pebble/event.go:1039 ⋮ [n1,s1,pebble] 45  [JOB 8] compacting: sstable created 000527
I250729 22:47:10.753461 10860 3@pebble/event.go:1039 ⋮ [n1,s1,pebble] 46  [JOB 8] compacting: sstable created 000528
I250729 22:47:10.757070 10860 3@pebble/event.go:1003 ⋮ [n1,s1,pebble] 47  [JOB 8] compacted(default) L0 [000522] (481KB) Score=3.23 + L6 [000516 000517 000518 000519 000520] (20MB) Score=0.31 -> L6 [000523 000524 000525 000526 000527 000528] (20MB), in 0.6s (0.6s total), output rate 32MB/s
I250729 22:47:10.757813 95 3@pebble/event.go:1043 ⋮ [n1,s1,pebble] 48  [JOB 8] sstable deleted 000516
I250729 22:47:10.758196 95 3@pebble/event.go:1043 ⋮ [n1,s1,pebble] 49  [JOB 8] sstable deleted 000517
I250729 22:47:10.758631 95 3@pebble/event.go:1043 ⋮ [n1,s1,pebble] 50  [JOB 8] sstable deleted 000518
I250729 22:47:10.758919 95 3@pebble/event.go:1043 ⋮ [n1,s1,pebble] 51  [JOB 8] sstable deleted 000519
I250729 22:47:10.759333 95 3@pebble/event.go:1043 ⋮ [n1,s1,pebble] 52  [JOB 8] sstable deleted 000520
I250729 22:47:10.759523 95 3@pebble/event.go:1043 ⋮ [n1,s1,pebble] 53  [JOB 8] sstable deleted 000522
