I250825 20:21:31.462065 1 util/log/file_sync_buffer.go:237 ⋮ [config]   file created at: 2025/08/25 20:21:31
I250825 20:21:31.462069 1 util/log/file_sync_buffer.go:237 ⋮ [config]   running on machine: ‹2c78f9a47236›
I250825 20:21:31.462073 1 util/log/file_sync_buffer.go:237 ⋮ [config]   binary: CockroachDB CCL v25.2.0 (aarch64-unknown-linux-gnu, built 2025/05/15 21:07:42, go1.23.7 X:nocoverageredesign)
I250825 20:21:31.462075 1 util/log/file_sync_buffer.go:237 ⋮ [config]   arguments: [‹/cockroach/cockroach› ‹start-single-node› ‹--certs-dir=certs› ‹--advertise-addr=127.0.0.1:26257› ‹--insecure› ‹--http-addr=0.0.0.0:8080›]
I250825 20:21:31.462080 1 util/log/file_sync_buffer.go:237 ⋮ [config]   log format (utf8=✓): crdb-v2
I250825 20:21:31.462081 1 util/log/file_sync_buffer.go:237 ⋮ [config]   line format: [IWEF]yymmdd hh:mm:ss.uuuuuu goid [chan@]file:line redactionmark \[tags\] [counter] msg
W250825 20:21:31.461189 1 1@cli/start.go:1438 ⋮ [n?] 1  ALL SECURITY CONTROLS HAVE BEEN DISABLED!
W250825 20:21:31.461189 1 1@cli/start.go:1438 ⋮ [n?] 1 +
W250825 20:21:31.461189 1 1@cli/start.go:1438 ⋮ [n?] 1 +This mode is intended for non-production testing only.
W250825 20:21:31.461189 1 1@cli/start.go:1438 ⋮ [n?] 1 +
W250825 20:21:31.461189 1 1@cli/start.go:1438 ⋮ [n?] 1 +In this mode:
W250825 20:21:31.461189 1 1@cli/start.go:1438 ⋮ [n?] 1 +- Your cluster is open to any client that can access ‹any of your IP addresses›.
W250825 20:21:31.461189 1 1@cli/start.go:1438 ⋮ [n?] 1 +- Intruders with access to your machine or network can observe client-server traffic.
W250825 20:21:31.461189 1 1@cli/start.go:1438 ⋮ [n?] 1 +- Intruders can log in without password and read or write any data in the cluster.
W250825 20:21:31.461189 1 1@cli/start.go:1438 ⋮ [n?] 1 +- Intruders can consume all your server's resources and cause unavailability.
I250825 20:21:31.462983 1 1@cli/start.go:1448 ⋮ [n?] 2  To start a secure server without mandating TLS for clients,
I250825 20:21:31.462983 1 1@cli/start.go:1448 ⋮ [n?] 2 +consider --accept-sql-without-tls instead. For other options, see:
I250825 20:21:31.462983 1 1@cli/start.go:1448 ⋮ [n?] 2 +
I250825 20:21:31.462983 1 1@cli/start.go:1448 ⋮ [n?] 2 +- https://go.crdb.dev/issue-v/53404/v25.2
I250825 20:21:31.462983 1 1@cli/start.go:1448 ⋮ [n?] 2 +- https://www.cockroachlabs.com/docs/v25.2/secure-a-cluster.html
I250825 20:21:31.463238 1 server/status/recorder.go:856 ⋮ [n?] 3  ‹available memory from cgroups (8.0 EiB) is unsupported, using system memory 12 GiB instead: ›
W250825 20:21:31.463255 1 1@cli/start.go:1360 ⋮ [n?] 4  Using the default setting for --cache (128 MiB).
W250825 20:21:31.463255 1 1@cli/start.go:1360 ⋮ [n?] 4 +  A significantly larger value is usually needed for good performance.
W250825 20:21:31.463255 1 1@cli/start.go:1360 ⋮ [n?] 4 +  If you have a dedicated server a reasonable setting is --cache=.25 (2.9 GiB).
I250825 20:21:31.463681 1 server/status/recorder.go:856 ⋮ [n?] 5  ‹available memory from cgroups (8.0 EiB) is unsupported, using system memory 12 GiB instead: ›
I250825 20:21:31.463690 1 1@cli/start.go:1477 ⋮ [n?] 6  CockroachDB CCL v25.2.0 (aarch64-unknown-linux-gnu, built 2025/05/15 21:07:42, go1.23.7 X:nocoverageredesign)
I250825 20:21:31.463944 1 server/status/recorder.go:856 ⋮ [n?] 7  ‹available memory from cgroups (8.0 EiB) is unsupported, using system memory 12 GiB instead: ›
I250825 20:21:31.463949 1 1@cli/start.go:554 ⋮ [n?] 8  soft memory limit of Go runtime is set to 6.6 GiB
I250825 20:21:31.463957 1 1@cli/start.go:591 ⋮ [n?] 9  GC target percentage of Go runtime is set to 300%
I250825 20:21:31.471757 1 server/status/recorder.go:856 ⋮ [T1,Vsystem,n?] 10  ‹available memory from cgroups (8.0 EiB) is unsupported, using system memory 12 GiB instead: ›
I250825 20:21:31.471771 1 server/config.go:674 ⋮ [T1,Vsystem,n?] 11  system total memory: 12 GiB
I250825 20:21:31.471781 1 server/config.go:676 ⋮ [T1,Vsystem,n?] 12  server configuration:
I250825 20:21:31.471781 1 server/config.go:676 ⋮ [T1,Vsystem,n?] 12 +max offset             500000000
I250825 20:21:31.471781 1 server/config.go:676 ⋮ [T1,Vsystem,n?] 12 +cache size             128 MiB
I250825 20:21:31.471781 1 server/config.go:676 ⋮ [T1,Vsystem,n?] 12 +SQL memory pool size   2.9 GiB
I250825 20:21:31.471781 1 server/config.go:676 ⋮ [T1,Vsystem,n?] 12 +scan interval          10m0s
I250825 20:21:31.471781 1 server/config.go:676 ⋮ [T1,Vsystem,n?] 12 +scan min idle time     10ms
I250825 20:21:31.471781 1 server/config.go:676 ⋮ [T1,Vsystem,n?] 12 +scan max idle time     1s
I250825 20:21:31.471781 1 server/config.go:676 ⋮ [T1,Vsystem,n?] 12 +event log enabled      true
I250825 20:21:31.471809 1 1@cli/start.go:1338 ⋮ [T1,Vsystem,n?] 13  using local environment variables:
I250825 20:21:31.471809 1 1@cli/start.go:1338 ⋮ [T1,Vsystem,n?] 13 +COCKROACH_CHANNEL=official-docker
I250825 20:21:31.471816 1 1@cli/start.go:1345 ⋮ [T1,Vsystem,n?] 14  process identity: uid 0 euid 0 gid 0 egid 0
I250825 20:21:31.480946 1 1@cli/start.go:1500 ⋮ [T1,Vsystem,n?] 15  GEOS loaded from directory ‹/usr/local/lib/cockroach›
I250825 20:21:31.481262 1 1@cli/start.go:777 ⋮ [T1,Vsystem,n?] 16  starting cockroach node
I250825 20:21:31.620846 80 server/config.go:880 ⋮ [T1,Vsystem,n?] 17  1 storage engine initialized
I250825 20:21:31.620867 80 server/config.go:883 ⋮ [T1,Vsystem,n?] 18  Pebble cache size: 128 MiB
I250825 20:21:31.620874 80 server/config.go:883 ⋮ [T1,Vsystem,n?] 19  store 0: max size 0 B, max open file limit 1043576
I250825 20:21:31.620875 80 server/config.go:883 ⋮ [T1,Vsystem,n?] 20  store 0: /cockroach/cockroach-data: rw encrypted=false fs:{bdev=/run/host_mark/Users fstype=fakeowner mountpoint=/cockroach/cockroach-data mountopts=rw,nosuid,nodev,relatime,fakeowner}
I250825 20:21:31.627392 118 util/cidr/cidr.go:299 ⋮ [T1,Vsystem,n?] 21  CIDR lookup updated with 0 destinations
I250825 20:21:31.654157 80 1@server/clock_monotonicity.go:61 ⋮ [T1,Vsystem,n?] 22  monitoring forward clock jumps based on server.clock.forward_jump_check.enabled
I250825 20:21:31.660213 565 1@server/server.go:1802 ⋮ [T1,Vsystem,n1] 23  connecting to gossip network to verify cluster ID "7c4e678d-486f-4806-8e59-dd3b5b489461"
I250825 20:21:31.660217 80 1@server/clock_monotonicity.go:136 ⋮ [T1,Vsystem,n1] 24  Sleeping till wall time 1756153291660216384 to catches up to 1756153292154076177 to ensure monotonicity. Sub: 493.859793ms
W250825 20:21:32.155664 80 1@cli/start.go:1299 ⋮ [T1,Vsystem,n1] 25  Running a server without --sql-addr, with a combined RPC/SQL listener, is deprecated.
W250825 20:21:32.155664 80 1@cli/start.go:1299 ⋮ [T1,Vsystem,n1] 25 +This feature will be removed in a later version of CockroachDB.
W250825 20:21:32.155813 80 1@gossip/gossip.go:1460 ⋮ [T1,Vsystem,n1] 26  no addresses found; use --join to specify a connected node
I250825 20:21:32.165405 613 kv/kvserver/kvstorage/init.go:250 ⋮ [T1,Vsystem,n1,s1] 27  beginning range descriptor iteration
I250825 20:21:32.170021 613 kv/kvserver/kvstorage/init.go:374 ⋮ [T1,Vsystem,n1,s1] 28  range descriptor iteration done: 58 range descriptors, 0 intents, 0 tombstones; stats: ‹seeked 120 times (61 internal); stepped 0 times (0 internal); blocks: 143KB cached, 17KB not cached (read time: 161.083µs); points: 59 (1.2KB keys, 1.8KB values); separated: 6 (343B, 0B fetched)›
I250825 20:21:32.179072 613 kv/kvserver/kvstorage/init.go:501 ⋮ [T1,Vsystem,n1,s1] 29  loaded replica ID for 58/58 replicas
I250825 20:21:32.180061 613 kv/kvserver/kvstorage/init.go:518 ⋮ [T1,Vsystem,n1,s1] 30  loaded Raft state for 58/58 replicas
I250825 20:21:32.180093 613 kv/kvserver/kvstorage/init.go:545 ⋮ [T1,Vsystem,n1,s1] 31  loaded 58 replicas
I250825 20:21:32.180126 613 kv/kvserver/kvstorage/init.go:576 ⋮ [T1,Vsystem,n1,s1] 32  verified 58/58 replicas
I250825 20:21:32.190083 613 kv/kvserver/store.go:2369 ⋮ [T1,Vsystem,n1,s1] 33  initialized 58/58 replicas
I250825 20:21:32.190814 613 server/node.go:690 ⋮ [T1,Vsystem,n1] 34  initialized store s1 in 34ms (58 replicas)
I250825 20:21:32.191047 80 kv/kvserver/stores.go:261 ⋮ [T1,Vsystem,n1] 35  read 0 node addresses from persistent storage
I250825 20:21:32.191137 565 1@server/server.go:1805 ⋮ [T1,Vsystem,n1] 36  node connected via gossip
I250825 20:21:32.193026 80 server/node.go:801 ⋮ [T1,Vsystem,n1] 37  started with attributes []
I250825 20:21:32.193229 80 server/goroutinedumper/goroutinedumper.go:117 ⋮ [T1,Vsystem,n1] 38  writing goroutine dumps to ‹/cockroach/cockroach-data/logs/goroutine_dump›
I250825 20:21:32.196166 80 server/profiler/heapprofiler.go:72 ⋮ [T1,Vsystem,n1] 39  writing go heap profiles to ‹/cockroach/cockroach-data/logs/heap_profiler› at least every 1h0m0s
I250825 20:21:32.196272 80 server/profiler/memory_monitoring_profiler.go:66 ⋮ [T1,Vsystem,n1] 40  writing memory monitoring dumps to ‹/cockroach/cockroach-data/logs/heap_profiler› at least every 1h0m0s
I250825 20:21:32.197065 668 kv/kvserver/storeliveness/support_manager.go:285 ⋮ [T1,Vsystem,n1,s1] 41  starting to heartbeat store {NodeID:1 StoreID:1}
I250825 20:21:32.196308 80 server/profiler/cgoprofiler.go:66 ⋮ [T1,Vsystem,n1] 42  to enable jmalloc profiling: "export MALLOC_CONF=prof:true" or "ln -s prof:true /etc/malloc.conf"
I250825 20:21:32.197201 80 server/profiler/statsprofiler.go:68 ⋮ [T1,Vsystem,n1] 43  writing memory stats to ‹/cockroach/cockroach-data/logs/heap_profiler› at last every 1h0m0s
I250825 20:21:32.197464 80 server/profiler/activequeryprofiler.go:88 ⋮ [T1,Vsystem,n1] 44  writing go query profiles to ‹/cockroach/cockroach-data/logs/heap_profiler›
I250825 20:21:32.197503 80 server/profiler/cpuprofiler.go:87 ⋮ [T1,Vsystem,n1] 45  writing cpu profile dumps to ‹/cockroach/cockroach-data/logs/pprof_dump›
I250825 20:21:32.198094 80 1@server/server.go:1999 ⋮ [T1,Vsystem,n1] 46  starting http server at ‹[::]:8080› (use: ‹127.0.0.1:8080›)
I250825 20:21:32.198136 80 1@server/server.go:2007 ⋮ [T1,Vsystem,n1] 47  starting grpc/postgres server at ‹[::]:26257›
I250825 20:21:32.198163 80 1@server/server.go:2008 ⋮ [T1,Vsystem,n1] 48  advertising CockroachDB node at ‹127.0.0.1:26257›
I250825 20:21:32.201048 668 kv/kvserver/storeliveness/supporter_state.go:298 ⋮ [T1,Vsystem,n1,s1] 49  provided support for store {NodeID:1 StoreID:1}; old = {Target:{NodeID:1 StoreID:1} Epoch:136 Expiration:1756152526.045850462,0}, new = {Target:{NodeID:1 StoreID:1} Epoch:137 Expiration:1756153295.197138135,0}
I250825 20:21:32.201430 668 kv/kvserver/storeliveness/requester_state.go:425 ⋮ [T1,Vsystem,n1,s1] 50  received support from store {NodeID:1 StoreID:1}; old = {Target:{NodeID:1 StoreID:1} Epoch:137 Expiration:0,0}, new = {Target:{NodeID:1 StoreID:1} Epoch:137 Expiration:1756153295.197138135,0}
I250825 20:21:32.219053 80 1@util/log/event_log.go:39 ⋮ [T1,Vsystem,n1] 51 ={"Timestamp":1756153292219044093,"EventType":"node_restart","NodeID":1,"StartedAt":1756153292156037801,"LastUp":1756152521644598045}
I250825 20:21:32.219819 946 kv/kvclient/rangefeed/rangefeedcache/watcher.go:340 ⋮ [T1,Vsystem,n1] 52  settings-watcher: established range feed cache
I250825 20:21:32.219921 15 kv/kvclient/rangefeed/rangefeedcache/watcher.go:340 ⋮ [T1,Vsystem,n1] 53  spanconfig-subscriber: established range feed cache
I250825 20:21:32.232991 80 sql/sqlliveness/slinstance/slinstance.go:435 ⋮ [T1,Vsystem,n1] 54  starting SQL liveness instance
I250825 20:21:32.235167 1125 sql/sqlliveness/slstorage/slstorage.go:540 ⋮ [T1,Vsystem,n1] 55  inserted sqlliveness session 0101805fd69d57d62e4a4d9c45bbe0eecc846b with expiry 1756153332.233208343,0
I250825 20:21:32.235236 1125 sql/sqlliveness/slinstance/slinstance.go:247 ⋮ [T1,Vsystem,n1] 56  created new SQL liveness session 0101805fd69d57d62e4a4d9c45bbe0eecc846b
I250825 20:21:32.235259 80 sql/sqlinstance/instancestorage/instancestorage.go:338 ⋮ [T1,Vsystem,n1] 57  assigning instance id to rpc addr ‹127.0.0.1:26257› and sql addr ‹127.0.0.1:26257›
I250825 20:21:32.236982 80 server/server_sql.go:1618 ⋮ [T1,Vsystem,n1] 58  bound sqlinstance: Instance{RegionPrefix: gA==, InstanceID: 1, SQLAddr: ‹127.0.0.1:26257›, RPCAddr: ‹127.0.0.1:26257›, SessionID: 0101805fd69d57d62e4a4d9c45bbe0eecc846b, Locality: , BinaryVersion: 25.2}
I250825 20:21:32.237229 80 upgrade/upgrademanager/manager.go:171 ⋮ [T1,Vsystem,n1] 59  running permanent upgrades up to version: 25.2
I250825 20:21:32.237984 1237 sql/temporary_schema.go:506 ⋮ [T1,Vsystem,n1] 60  running temporary object cleanup background job
I250825 20:21:32.238100 1240 sql/sqlstats/persistedsqlstats/provider.go:159 ⋮ [T1,Vsystem,n1] 61  starting sql-stats-worker with initial delay: 9m49.441381774s
I250825 20:21:32.238471 1253 kv/kvclient/rangefeed/rangefeedcache/watcher.go:340 ⋮ [T1,Vsystem,n1] 62  system-config-cache: established range feed cache
I250825 20:21:32.238739 1263 kv/kvserver/replica_rangefeed.go:882 ⋮ [T1,Vsystem,n1,rangefeed=‹lease›,mux_n=1,gen=2,r6/1:‹/Table/{0-4}›,sm=1,sid=1,s1] 63  RangeFeed closed timestamp 1756152274.690957918,0 is behind by 16m57.547780467s (behind=16m57.547780467s target=3s nudge=true cancel=false)
I250825 20:21:32.243117 1237 sql/temporary_schema.go:556 ⋮ [T1,Vsystem,n1] 64  found 0 temporary schemas
I250825 20:21:32.243142 1237 sql/temporary_schema.go:559 ⋮ [T1,Vsystem,n1] 65  early exiting temporary schema cleaner as no temporary schemas were found
I250825 20:21:32.243150 1237 sql/temporary_schema.go:560 ⋮ [T1,Vsystem,n1] 66  completed temporary object cleanup job
I250825 20:21:32.243155 1237 sql/temporary_schema.go:641 ⋮ [T1,Vsystem,n1] 67  temporary object cleaner next scheduled to run at 2025-08-25 20:51:32.23797851 +0000 UTC m=+1801.401431043
I250825 20:21:32.260379 80 upgrade/upgrademanager/manager.go:233 ⋮ [T1,Vsystem,n1] 68  detected the last permanent upgrade (v0.0-upgrading-step-004) to have already completed; no permanent upgrades will run
I250825 20:21:32.260412 80 server/server_sql.go:1720 ⋮ [T1,Vsystem,n1] 69  done ensuring all necessary startup migrations have run
I250825 20:21:32.260751 80 server/license/enforcer.go:262 ⋮ [T1,Vsystem,n1] 70  trial license expiry initialized to 1970-01-01 00:00:00 +0000 UTC
I250825 20:21:32.260802 80 server/license/enforcer.go:298 ⋮ [T1,Vsystem,n1] 71  fetched existing cluster init grace period end time: 2025-08-24 14:50:24 +0000 UTC
I250825 20:21:32.260864 80 server/license/enforcer.go:498 ⋮ [T1,Vsystem,n1] 72  enforcer license updated: type is none, grace period ends at "2025-08-24 14:50:24 +0000 UTC", telemetry required: false
I250825 20:21:32.260877 80 server/license/enforcer.go:498 ⋮ [T1,Vsystem,n1] 73  enforcer license updated: type is none, grace period ends at "2025-08-24 14:50:24 +0000 UTC", telemetry required: false
I250825 20:21:32.265915 911 sql/sqlliveness/slstorage/slstorage.go:391 ⋮ [n1,intExec=query-lease-table-dead-sessions] 74  deleted session 01018067f33f7c140147158bd9bf541a2d0d96 which expired at 1756152558.916440710,0
I250825 20:21:32.266434 1425 sql/syntheticprivilegecache/cache.go:202 ⋮ [T1,Vsystem,n1] 75  warmed privileges for virtual tables in 4.392625ms
I250825 20:21:32.277918 1643 kv/kvclient/rangefeed/rangefeedcache/watcher.go:340 ⋮ [T1,Vsystem,n1] 76  tenant-settings-watcher: established range feed cache
I250825 20:21:32.278099 1635 jobs/job_scheduler.go:407 ⋮ [T1,Vsystem,n1] 77  waiting 2m0s before scheduled jobs daemon start
I250825 20:21:32.278141 1645 kv/kvclient/rangefeed/rangefeedcache/watcher.go:340 ⋮ [T1,Vsystem,n1] 78  tenant-entry-watcher: established range feed cache
I250825 20:21:32.279006 1645 multitenant/tenantcapabilities/tenantcapabilitieswatcher/watcher.go:285 ⋮ [T1,Vsystem,n1] 79  received results of a full table scan for tenant capabilities
I250825 20:21:32.284263 1641 server/auto_upgrade.go:81 ⋮ [T1,Vsystem,n1] 80  no need to upgrade, cluster already at the newest version
I250825 20:21:32.284352 80 server/license/enforcer.go:582 ⋮ [T1,Vsystem,n1] 81  disable all license enforcement
I250825 20:21:32.284362 80 1@server/server_sql.go:1971 ⋮ [T1,Vsystem,n1] 82  serving sql connections
I250825 20:21:32.284441 80 1@cli/start.go:1286 ⋮ [T1,Vsystem,n1] 83  node startup completed:
I250825 20:21:32.284441 80 1@cli/start.go:1286 ⋮ [T1,Vsystem,n1] 83 +CockroachDB node starting at 2025-08-25 20:21:32.284372468 +0000 UTC m=+1.447824960 (took 1.0s)
I250825 20:21:32.284441 80 1@cli/start.go:1286 ⋮ [T1,Vsystem,n1] 83 +build:               CCL v25.2.0 @ 2025/05/15 21:07:42 (go1.23.7 X:nocoverageredesign)
I250825 20:21:32.284441 80 1@cli/start.go:1286 ⋮ [T1,Vsystem,n1] 83 +malloc_conf:         prof:false,prof_active:true,background_thread:true,thp:never,metadata_thp:disabled,narenas:48,dirty_decay_ms:2000,muzzy_decay_ms:0
I250825 20:21:32.284441 80 1@cli/start.go:1286 ⋮ [T1,Vsystem,n1] 83 +webui:               ‹http://127.0.0.1:8080›
I250825 20:21:32.284441 80 1@cli/start.go:1286 ⋮ [T1,Vsystem,n1] 83 +sql:                 ‹postgresql://root@127.0.0.1:26257/defaultdb?sslmode=disable›
I250825 20:21:32.284441 80 1@cli/start.go:1286 ⋮ [T1,Vsystem,n1] 83 +sql (JDBC):          ‹jdbc:postgresql://127.0.0.1:26257/defaultdb?sslmode=disable&user=root›
I250825 20:21:32.284441 80 1@cli/start.go:1286 ⋮ [T1,Vsystem,n1] 83 +RPC client flags:    ‹/cockroach/cockroach <client cmd> --host=127.0.0.1:26257 --insecure›
I250825 20:21:32.284441 80 1@cli/start.go:1286 ⋮ [T1,Vsystem,n1] 83 +logs:                ‹/cockroach/cockroach-data/logs›
I250825 20:21:32.284441 80 1@cli/start.go:1286 ⋮ [T1,Vsystem,n1] 83 +temp dir:            ‹/cockroach/cockroach-data/cockroach-temp2464358343›
I250825 20:21:32.284441 80 1@cli/start.go:1286 ⋮ [T1,Vsystem,n1] 83 +external I/O path:   ‹/cockroach/cockroach-data/extern›
I250825 20:21:32.284441 80 1@cli/start.go:1286 ⋮ [T1,Vsystem,n1] 83 +store[0]:            ‹path=/cockroach/cockroach-data›
I250825 20:21:32.284441 80 1@cli/start.go:1286 ⋮ [T1,Vsystem,n1] 83 +clusterID:           7c4e678d-486f-4806-8e59-dd3b5b489461
I250825 20:21:32.284441 80 1@cli/start.go:1286 ⋮ [T1,Vsystem,n1] 83 +status:              restarted pre-existing node
I250825 20:21:32.284441 80 1@cli/start.go:1286 ⋮ [T1,Vsystem,n1] 83 +nodeID:              1
I250825 20:21:32.325348 1519 sql/catalog/lease/lease.go:2467 ⋮ [T1,Vsystem,n1] 84  released orphaned lease: ID=6 ver=1 expiration={0001-01-01 00:00:00 +0000 UTC}
I250825 20:21:32.325728 1517 sql/catalog/lease/lease.go:2467 ⋮ [T1,Vsystem,n1] 85  released orphaned lease: ID=4 ver=1 expiration={0001-01-01 00:00:00 +0000 UTC}
I250825 20:21:32.325775 1518 sql/catalog/lease/lease.go:2467 ⋮ [T1,Vsystem,n1] 86  released orphaned lease: ID=5 ver=1 expiration={0001-01-01 00:00:00 +0000 UTC}
I250825 20:21:32.325816 1515 sql/catalog/lease/lease.go:2467 ⋮ [T1,Vsystem,n1] 87  released orphaned lease: ID=1 ver=1 expiration={0001-01-01 00:00:00 +0000 UTC}
I250825 20:21:32.325868 1516 sql/catalog/lease/lease.go:2467 ⋮ [T1,Vsystem,n1] 88  released orphaned lease: ID=3 ver=1 expiration={0001-01-01 00:00:00 +0000 UTC}
I250825 20:21:32.326029 1732 sql/catalog/lease/lease.go:2467 ⋮ [T1,Vsystem,n1] 89  released orphaned lease: ID=12 ver=1 expiration={0001-01-01 00:00:00 +0000 UTC}
I250825 20:21:32.326039 1521 sql/catalog/lease/lease.go:2467 ⋮ [T1,Vsystem,n1] 90  released orphaned lease: ID=8 ver=1 expiration={0001-01-01 00:00:00 +0000 UTC}
I250825 20:21:32.326043 1730 sql/catalog/lease/lease.go:2467 ⋮ [T1,Vsystem,n1] 91  released orphaned lease: ID=9 ver=1 expiration={0001-01-01 00:00:00 +0000 UTC}
I250825 20:21:32.326045 1520 sql/catalog/lease/lease.go:2467 ⋮ [T1,Vsystem,n1] 92  released orphaned lease: ID=7 ver=1 expiration={0001-01-01 00:00:00 +0000 UTC}
I250825 20:21:32.326069 1731 sql/catalog/lease/lease.go:2467 ⋮ [T1,Vsystem,n1] 93  released orphaned lease: ID=11 ver=1 expiration={0001-01-01 00:00:00 +0000 UTC}
I250825 20:21:32.326376 1683 sql/catalog/lease/lease.go:2467 ⋮ [T1,Vsystem,n1] 94  released orphaned lease: ID=20 ver=1 expiration={0001-01-01 00:00:00 +0000 UTC}
I250825 20:21:32.326431 1626 sql/catalog/lease/lease.go:2467 ⋮ [T1,Vsystem,n1] 95  released orphaned lease: ID=14 ver=1 expiration={0001-01-01 00:00:00 +0000 UTC}
I250825 20:21:32.326473 1628 sql/catalog/lease/lease.go:2467 ⋮ [T1,Vsystem,n1] 96  released orphaned lease: ID=19 ver=1 expiration={0001-01-01 00:00:00 +0000 UTC}
I250825 20:21:32.326512 1627 sql/catalog/lease/lease.go:2467 ⋮ [T1,Vsystem,n1] 97  released orphaned lease: ID=15 ver=1 expiration={0001-01-01 00:00:00 +0000 UTC}
I250825 20:21:32.326549 1733 sql/catalog/lease/lease.go:2467 ⋮ [T1,Vsystem,n1] 98  released orphaned lease: ID=13 ver=1 expiration={0001-01-01 00:00:00 +0000 UTC}
I250825 20:21:32.326702 1633 sql/catalog/lease/lease.go:2467 ⋮ [T1,Vsystem,n1] 99  released orphaned lease: ID=26 ver=1 expiration={0001-01-01 00:00:00 +0000 UTC}
I250825 20:21:32.326741 1629 sql/catalog/lease/lease.go:2467 ⋮ [T1,Vsystem,n1] 100  released orphaned lease: ID=21 ver=1 expiration={0001-01-01 00:00:00 +0000 UTC}
I250825 20:21:32.326776 1630 sql/catalog/lease/lease.go:2467 ⋮ [T1,Vsystem,n1] 101  released orphaned lease: ID=23 ver=1 expiration={0001-01-01 00:00:00 +0000 UTC}
I250825 20:21:32.326811 1631 sql/catalog/lease/lease.go:2467 ⋮ [T1,Vsystem,n1] 102  released orphaned lease: ID=24 ver=1 expiration={0001-01-01 00:00:00 +0000 UTC}
I250825 20:21:32.326846 1632 sql/catalog/lease/lease.go:2467 ⋮ [T1,Vsystem,n1] 103  released orphaned lease: ID=25 ver=1 expiration={0001-01-01 00:00:00 +0000 UTC}
I250825 20:21:32.327029 1750 sql/catalog/lease/lease.go:2467 ⋮ [T1,Vsystem,n1] 104  released orphaned lease: ID=32 ver=1 expiration={0001-01-01 00:00:00 +0000 UTC}
I250825 20:21:32.327049 1747 sql/catalog/lease/lease.go:2467 ⋮ [T1,Vsystem,n1] 105  released orphaned lease: ID=28 ver=1 expiration={0001-01-01 00:00:00 +0000 UTC}
I250825 20:21:32.327052 1746 sql/catalog/lease/lease.go:2467 ⋮ [T1,Vsystem,n1] 106  released orphaned lease: ID=27 ver=1 expiration={0001-01-01 00:00:00 +0000 UTC}
I250825 20:21:32.327053 1748 sql/catalog/lease/lease.go:2467 ⋮ [T1,Vsystem,n1] 107  released orphaned lease: ID=30 ver=1 expiration={0001-01-01 00:00:00 +0000 UTC}
I250825 20:21:32.327063 1749 sql/catalog/lease/lease.go:2467 ⋮ [T1,Vsystem,n1] 108  released orphaned lease: ID=31 ver=1 expiration={0001-01-01 00:00:00 +0000 UTC}
I250825 20:21:32.327177 1751 sql/catalog/lease/lease.go:2467 ⋮ [T1,Vsystem,n1] 109  released orphaned lease: ID=33 ver=1 expiration={0001-01-01 00:00:00 +0000 UTC}
I250825 20:21:32.327235 1665 sql/catalog/lease/lease.go:2467 ⋮ [T1,Vsystem,n1] 110  released orphaned lease: ID=35 ver=1 expiration={0001-01-01 00:00:00 +0000 UTC}
I250825 20:21:32.327274 1763 sql/catalog/lease/lease.go:2467 ⋮ [T1,Vsystem,n1] 111  released orphaned lease: ID=37 ver=1 expiration={0001-01-01 00:00:00 +0000 UTC}
I250825 20:21:32.327325 1664 sql/catalog/lease/lease.go:2467 ⋮ [T1,Vsystem,n1] 112  released orphaned lease: ID=34 ver=1 expiration={0001-01-01 00:00:00 +0000 UTC}
I250825 20:21:32.327362 1762 sql/catalog/lease/lease.go:2467 ⋮ [T1,Vsystem,n1] 113  released orphaned lease: ID=36 ver=1 expiration={0001-01-01 00:00:00 +0000 UTC}
I250825 20:21:32.327428 1765 sql/catalog/lease/lease.go:2467 ⋮ [T1,Vsystem,n1] 114  released orphaned lease: ID=40 ver=1 expiration={0001-01-01 00:00:00 +0000 UTC}
I250825 20:21:32.327468 1764 sql/catalog/lease/lease.go:2467 ⋮ [T1,Vsystem,n1] 115  released orphaned lease: ID=39 ver=1 expiration={0001-01-01 00:00:00 +0000 UTC}
I250825 20:21:32.327512 1766 sql/catalog/lease/lease.go:2467 ⋮ [T1,Vsystem,n1] 116  released orphaned lease: ID=41 ver=1 expiration={0001-01-01 00:00:00 +0000 UTC}
I250825 20:21:32.327559 1768 sql/catalog/lease/lease.go:2467 ⋮ [T1,Vsystem,n1] 117  released orphaned lease: ID=43 ver=1 expiration={0001-01-01 00:00:00 +0000 UTC}
I250825 20:21:32.327594 1767 sql/catalog/lease/lease.go:2467 ⋮ [T1,Vsystem,n1] 118  released orphaned lease: ID=42 ver=1 expiration={0001-01-01 00:00:00 +0000 UTC}
I250825 20:21:32.327641 1770 sql/catalog/lease/lease.go:2467 ⋮ [T1,Vsystem,n1] 119  released orphaned lease: ID=45 ver=1 expiration={0001-01-01 00:00:00 +0000 UTC}
I250825 20:21:32.327674 1769 sql/catalog/lease/lease.go:2467 ⋮ [T1,Vsystem,n1] 120  released orphaned lease: ID=44 ver=1 expiration={0001-01-01 00:00:00 +0000 UTC}
I250825 20:21:32.327719 1772 sql/catalog/lease/lease.go:2467 ⋮ [T1,Vsystem,n1] 121  released orphaned lease: ID=47 ver=1 expiration={0001-01-01 00:00:00 +0000 UTC}
I250825 20:21:32.327752 1771 sql/catalog/lease/lease.go:2467 ⋮ [T1,Vsystem,n1] 122  released orphaned lease: ID=46 ver=1 expiration={0001-01-01 00:00:00 +0000 UTC}
I250825 20:21:32.327797 1773 sql/catalog/lease/lease.go:2467 ⋮ [T1,Vsystem,n1] 123  released orphaned lease: ID=48 ver=1 expiration={0001-01-01 00:00:00 +0000 UTC}
I250825 20:21:32.327842 1775 sql/catalog/lease/lease.go:2467 ⋮ [T1,Vsystem,n1] 124  released orphaned lease: ID=51 ver=1 expiration={0001-01-01 00:00:00 +0000 UTC}
I250825 20:21:32.327884 1774 sql/catalog/lease/lease.go:2467 ⋮ [T1,Vsystem,n1] 125  released orphaned lease: ID=50 ver=1 expiration={0001-01-01 00:00:00 +0000 UTC}
I250825 20:21:32.327928 1777 sql/catalog/lease/lease.go:2467 ⋮ [T1,Vsystem,n1] 126  released orphaned lease: ID=53 ver=1 expiration={0001-01-01 00:00:00 +0000 UTC}
I250825 20:21:32.327961 1776 sql/catalog/lease/lease.go:2467 ⋮ [T1,Vsystem,n1] 127  released orphaned lease: ID=52 ver=1 expiration={0001-01-01 00:00:00 +0000 UTC}
I250825 20:21:32.328009 1779 sql/catalog/lease/lease.go:2467 ⋮ [T1,Vsystem,n1] 128  released orphaned lease: ID=55 ver=1 expiration={0001-01-01 00:00:00 +0000 UTC}
I250825 20:21:32.328041 1778 sql/catalog/lease/lease.go:2467 ⋮ [T1,Vsystem,n1] 129  released orphaned lease: ID=54 ver=1 expiration={0001-01-01 00:00:00 +0000 UTC}
I250825 20:21:32.328076 1781 sql/catalog/lease/lease.go:2467 ⋮ [T1,Vsystem,n1] 130  released orphaned lease: ID=57 ver=1 expiration={0001-01-01 00:00:00 +0000 UTC}
I250825 20:21:32.328113 1780 sql/catalog/lease/lease.go:2467 ⋮ [T1,Vsystem,n1] 131  released orphaned lease: ID=56 ver=1 expiration={0001-01-01 00:00:00 +0000 UTC}
I250825 20:21:32.328176 1783 sql/catalog/lease/lease.go:2467 ⋮ [T1,Vsystem,n1] 132  released orphaned lease: ID=59 ver=1 expiration={0001-01-01 00:00:00 +0000 UTC}
I250825 20:21:32.328255 1782 sql/catalog/lease/lease.go:2467 ⋮ [T1,Vsystem,n1] 133  released orphaned lease: ID=58 ver=1 expiration={0001-01-01 00:00:00 +0000 UTC}
I250825 20:21:32.328425 1686 sql/catalog/lease/lease.go:2467 ⋮ [T1,Vsystem,n1] 134  released orphaned lease: ID=63 ver=1 expiration={0001-01-01 00:00:00 +0000 UTC}
I250825 20:21:32.328466 1684 sql/catalog/lease/lease.go:2467 ⋮ [T1,Vsystem,n1] 135  released orphaned lease: ID=61 ver=1 expiration={0001-01-01 00:00:00 +0000 UTC}
I250825 20:21:32.328636 1689 sql/catalog/lease/lease.go:2467 ⋮ [T1,Vsystem,n1] 136  released orphaned lease: ID=66 ver=1 expiration={0001-01-01 00:00:00 +0000 UTC}
I250825 20:21:32.328684 1685 sql/catalog/lease/lease.go:2467 ⋮ [T1,Vsystem,n1] 137  released orphaned lease: ID=62 ver=1 expiration={0001-01-01 00:00:00 +0000 UTC}
I250825 20:21:32.328728 1784 sql/catalog/lease/lease.go:2467 ⋮ [T1,Vsystem,n1] 138  released orphaned lease: ID=60 ver=1 expiration={0001-01-01 00:00:00 +0000 UTC}
I250825 20:21:32.328766 1687 sql/catalog/lease/lease.go:2467 ⋮ [T1,Vsystem,n1] 139  released orphaned lease: ID=64 ver=1 expiration={0001-01-01 00:00:00 +0000 UTC}
I250825 20:21:32.328802 1688 sql/catalog/lease/lease.go:2467 ⋮ [T1,Vsystem,n1] 140  released orphaned lease: ID=65 ver=1 expiration={0001-01-01 00:00:00 +0000 UTC}
I250825 20:21:32.328959 1694 sql/catalog/lease/lease.go:2467 ⋮ [T1,Vsystem,n1] 141  released orphaned lease: ID=71 ver=1 expiration={0001-01-01 00:00:00 +0000 UTC}
I250825 20:21:32.329002 1690 sql/catalog/lease/lease.go:2467 ⋮ [T1,Vsystem,n1] 142  released orphaned lease: ID=67 ver=1 expiration={0001-01-01 00:00:00 +0000 UTC}
I250825 20:21:32.329038 1692 sql/catalog/lease/lease.go:2467 ⋮ [T1,Vsystem,n1] 143  released orphaned lease: ID=69 ver=1 expiration={0001-01-01 00:00:00 +0000 UTC}
I250825 20:21:32.329041 1693 sql/catalog/lease/lease.go:2467 ⋮ [T1,Vsystem,n1] 144  released orphaned lease: ID=70 ver=1 expiration={0001-01-01 00:00:00 +0000 UTC}
I250825 20:21:32.329044 1691 sql/catalog/lease/lease.go:2467 ⋮ [T1,Vsystem,n1] 145  released orphaned lease: ID=68 ver=1 expiration={0001-01-01 00:00:00 +0000 UTC}
I250825 20:21:32.329290 1753 sql/catalog/lease/lease.go:2467 ⋮ [T1,Vsystem,n1] 146  released orphaned lease: ID=107 ver=1 expiration={0001-01-01 00:00:00 +0000 UTC}
I250825 20:21:32.329358 1695 sql/catalog/lease/lease.go:2467 ⋮ [T1,Vsystem,n1] 147  released orphaned lease: ID=72 ver=1 expiration={0001-01-01 00:00:00 +0000 UTC}
I250825 20:21:32.329407 1696 sql/catalog/lease/lease.go:2467 ⋮ [T1,Vsystem,n1] 148  released orphaned lease: ID=104 ver=1 expiration={0001-01-01 00:00:00 +0000 UTC}
I250825 20:21:32.329449 1752 sql/catalog/lease/lease.go:2467 ⋮ [T1,Vsystem,n1] 149  released orphaned lease: ID=106 ver=15 expiration={0001-01-01 00:00:00 +0000 UTC}
I250825 20:21:32.329488 1754 sql/catalog/lease/lease.go:2467 ⋮ [T1,Vsystem,n1] 150  released orphaned lease: ID=108 ver=2 expiration={0001-01-01 00:00:00 +0000 UTC}
I250825 20:21:32.329619 1738 sql/catalog/lease/lease.go:2467 ⋮ [T1,Vsystem,n1] 151  released orphaned lease: ID=113 ver=7 expiration={0001-01-01 00:00:00 +0000 UTC}
I250825 20:21:32.329663 1734 sql/catalog/lease/lease.go:2467 ⋮ [T1,Vsystem,n1] 152  released orphaned lease: ID=109 ver=2 expiration={0001-01-01 00:00:00 +0000 UTC}
I250825 20:21:32.329702 1735 sql/catalog/lease/lease.go:2467 ⋮ [T1,Vsystem,n1] 153  released orphaned lease: ID=110 ver=1 expiration={0001-01-01 00:00:00 +0000 UTC}
I250825 20:21:32.329738 1736 sql/catalog/lease/lease.go:2467 ⋮ [T1,Vsystem,n1] 154  released orphaned lease: ID=111 ver=3 expiration={0001-01-01 00:00:00 +0000 UTC}
I250825 20:21:32.329773 1737 sql/catalog/lease/lease.go:2467 ⋮ [T1,Vsystem,n1] 155  released orphaned lease: ID=112 ver=1 expiration={0001-01-01 00:00:00 +0000 UTC}
I250825 20:21:32.329942 1743 sql/catalog/lease/lease.go:2467 ⋮ [T1,Vsystem,n1] 156  released orphaned lease: ID=118 ver=1 expiration={0001-01-01 00:00:00 +0000 UTC}
I250825 20:21:32.329982 1739 sql/catalog/lease/lease.go:2467 ⋮ [T1,Vsystem,n1] 157  released orphaned lease: ID=114 ver=1 expiration={0001-01-01 00:00:00 +0000 UTC}
I250825 20:21:32.330018 1740 sql/catalog/lease/lease.go:2467 ⋮ [T1,Vsystem,n1] 158  released orphaned lease: ID=115 ver=7 expiration={0001-01-01 00:00:00 +0000 UTC}
I250825 20:21:32.330053 1741 sql/catalog/lease/lease.go:2467 ⋮ [T1,Vsystem,n1] 159  released orphaned lease: ID=116 ver=1 expiration={0001-01-01 00:00:00 +0000 UTC}
I250825 20:21:32.330072 1742 sql/catalog/lease/lease.go:2467 ⋮ [T1,Vsystem,n1] 160  released orphaned lease: ID=117 ver=3 expiration={0001-01-01 00:00:00 +0000 UTC}
I250825 20:21:32.330182 1745 sql/catalog/lease/lease.go:2467 ⋮ [T1,Vsystem,n1] 161  released orphaned lease: ID=122 ver=2 expiration={0001-01-01 00:00:00 +0000 UTC}
I250825 20:21:32.330190 1795 sql/catalog/lease/lease.go:2467 ⋮ [T1,Vsystem,n1] 162  released orphaned lease: ID=124 ver=3 expiration={0001-01-01 00:00:00 +0000 UTC}
I250825 20:21:32.330201 1744 sql/catalog/lease/lease.go:2467 ⋮ [T1,Vsystem,n1] 163  released orphaned lease: ID=119 ver=2 expiration={0001-01-01 00:00:00 +0000 UTC}
I250825 20:21:32.330215 1794 sql/catalog/lease/lease.go:2467 ⋮ [T1,Vsystem,n1] 164  released orphaned lease: ID=123 ver=1 expiration={0001-01-01 00:00:00 +0000 UTC}
I250825 20:21:32.330297 1697 sql/catalog/lease/lease.go:2467 ⋮ [T1,Vsystem,n1] 165  released orphaned lease: ID=125 ver=3 expiration={0001-01-01 00:00:00 +0000 UTC}
I250825 20:21:32.330470 1756 sql/catalog/lease/lease.go:2467 ⋮ [T1,Vsystem,n1] 166  released orphaned lease: ID=130 ver=2 expiration={0001-01-01 00:00:00 +0000 UTC}
I250825 20:21:32.330516 1720 sql/catalog/lease/lease.go:2467 ⋮ [T1,Vsystem,n1] 167  released orphaned lease: ID=126 ver=2 expiration={0001-01-01 00:00:00 +0000 UTC}
I250825 20:21:32.330552 1810 sql/catalog/lease/lease.go:2467 ⋮ [T1,Vsystem,n1] 168  released orphaned lease: ID=127 ver=3 expiration={0001-01-01 00:00:00 +0000 UTC}
I250825 20:21:32.330586 1785 sql/catalog/lease/lease.go:2467 ⋮ [T1,Vsystem,n1] 169  released orphaned lease: ID=128 ver=2 expiration={0001-01-01 00:00:00 +0000 UTC}
I250825 20:21:32.330620 1755 sql/catalog/lease/lease.go:2467 ⋮ [T1,Vsystem,n1] 170  released orphaned lease: ID=129 ver=3 expiration={0001-01-01 00:00:00 +0000 UTC}
I250825 20:21:32.330748 1800 sql/catalog/lease/lease.go:2467 ⋮ [T1,Vsystem,n1] 171  released orphaned lease: ID=136 ver=1 expiration={0001-01-01 00:00:00 +0000 UTC}
I250825 20:21:32.330756 1796 sql/catalog/lease/lease.go:2467 ⋮ [T1,Vsystem,n1] 172  released orphaned lease: ID=131 ver=2 expiration={0001-01-01 00:00:00 +0000 UTC}
I250825 20:21:32.330761 1797 sql/catalog/lease/lease.go:2467 ⋮ [T1,Vsystem,n1] 173  released orphaned lease: ID=132 ver=2 expiration={0001-01-01 00:00:00 +0000 UTC}
I250825 20:21:32.330766 1798 sql/catalog/lease/lease.go:2467 ⋮ [T1,Vsystem,n1] 174  released orphaned lease: ID=133 ver=3 expiration={0001-01-01 00:00:00 +0000 UTC}
I250825 20:21:32.330771 1799 sql/catalog/lease/lease.go:2467 ⋮ [T1,Vsystem,n1] 175  released orphaned lease: ID=134 ver=1 expiration={0001-01-01 00:00:00 +0000 UTC}
I250825 20:21:33.306132 612 1@gossip/gossip.go:1476 ⋮ [T1,Vsystem,n1] 176  node has connected to cluster via gossip
I250825 20:21:33.306682 612 kv/kvserver/stores.go:280 ⋮ [T1,Vsystem,n1] 177  wrote 0 node addresses to persistent storage
I250825 20:21:33.771640 1636 server/diagnostics/update_checker.go:144 ⋮ [T1,Vsystem,n1] 178  a new version is available: ‹25.3.0›, details: ‹https://www.cockroachlabs.com/docs/releases/v25.3#v25-3-0›
I250825 20:21:39.206503 1948 kv/kvserver/mvcc_gc_queue.go:796 ⋮ [T1,Vsystem,n1,mvccGC,s1,r86/1:‹/{Table/134-Max}›] 179  GC still needed following GC, recomputing MVCC stats
I250825 20:21:39.207264 1948 kv/kvserver/mvcc_gc_queue.go:797 ⋮ [T1,Vsystem,n1,mvccGC,s1,r86/1:‹/{Table/134-Max}›] 180  old score ‹queue=true with 0.00/fuzz(0.95)=0.00=valScaleScore(0.00)*deadFrac(0.00)+intentScore(0.00)›
I250825 20:21:39.207264 1948 kv/kvserver/mvcc_gc_queue.go:797 ⋮ [T1,Vsystem,n1,mvccGC,s1,r86/1:‹/{Table/134-Max}›] 180 +‹likely last GC: 13m36.167288417s ago, 0 B non-live, curr. age 0 B*s, min exp. reduction: 0 B*s›
I250825 20:21:39.207264 1948 kv/kvserver/mvcc_gc_queue.go:797 ⋮ [T1,Vsystem,n1,mvccGC,s1,r86/1:‹/{Table/134-Max}›] 180 +‹hint: {0,0 1755445834.582834013,0 1755445834.587412388,0}›
I250825 20:21:39.207341 1948 kv/kvserver/mvcc_gc_queue.go:798 ⋮ [T1,Vsystem,n1,mvccGC,s1,r86/1:‹/{Table/134-Max}›] 181  new score ‹queue=true with 0.00/fuzz(0.95)=0.00=valScaleScore(0.00)*deadFrac(0.00)+intentScore(0.00)›
I250825 20:21:39.207341 1948 kv/kvserver/mvcc_gc_queue.go:798 ⋮ [T1,Vsystem,n1,mvccGC,s1,r86/1:‹/{Table/134-Max}›] 181 +‹likely last GC: 13m40.247493001s ago, 0 B non-live, curr. age 0 B*s, min exp. reduction: 0 B*s›
I250825 20:21:39.207341 1948 kv/kvserver/mvcc_gc_queue.go:798 ⋮ [T1,Vsystem,n1,mvccGC,s1,r86/1:‹/{Table/134-Max}›] 181 +‹hint: {0,0 1755445834.582834013,0 1755445834.587412388,0}›
I250825 20:22:06.071995 1251 jobs/adopt.go:105 ⋮ [T1,Vsystem,n1] 182  claimed 7 jobs
I250825 20:22:06.080990 1184 jobs/adopt.go:224 ⋮ [T1,Vsystem,n1,job=1098946398292541441] 184  job 1098946398292541441: resuming execution
I250825 20:22:06.081051 1183 jobs/adopt.go:224 ⋮ [T1,Vsystem,n1,job=1098958321112612865] 183  job 1098958321112612865: resuming execution
I250825 20:22:06.080988 1180 jobs/adopt.go:224 ⋮ [T1,Vsystem,n1,job=103] 185  job 103: resuming execution
I250825 20:22:06.080995 1182 jobs/adopt.go:224 ⋮ [T1,Vsystem,n1,job=105] 186  job 105: resuming execution
I250825 20:22:06.081007 1178 jobs/adopt.go:224 ⋮ [T1,Vsystem,n1,job=100] 187  job 100: resuming execution
I250825 20:22:06.081014 1179 jobs/adopt.go:224 ⋮ [T1,Vsystem,n1,job=101] 188  job 101: resuming execution
I250825 20:22:06.081009 1181 jobs/adopt.go:224 ⋮ [T1,Vsystem,n1,job=104] 189  job 104: resuming execution
I250825 20:22:06.092376 2429 jobs/registry.go:1681 ⋮ [T1,Vsystem,n1,job=103] 190  AUTO UPDATE SQL ACTIVITY job 103: stepping through state running
I250825 20:22:06.092420 2299 jobs/registry.go:1681 ⋮ [T1,Vsystem,n1,job=104] 191  MVCC STATISTICS UPDATE job 104: stepping through state running
I250825 20:22:06.092530 2077 jobs/registry.go:1681 ⋮ [T1,Vsystem,n1,job=105] 192  UPDATE TABLE METADATA CACHE job 105: stepping through state running
I250825 20:22:06.092560 2441 jobs/registry.go:1681 ⋮ [T1,Vsystem,n1,job=100] 193  KEY VISUALIZER job 100: stepping through state running
I250825 20:22:06.092611 2397 jobs/registry.go:1681 ⋮ [T1,Vsystem,n1,job=101] 194  POLL JOBS STATS job 101: stepping through state running
I250825 20:22:06.092672 2454 jobs/registry.go:1681 ⋮ [T1,Vsystem,n1,job=1098946398292541441] 195  AUTO SPAN CONFIG RECONCILIATION job 1098946398292541441: stepping through state running
I250825 20:22:06.096498 2413 jobs/registry.go:1681 ⋮ [T1,Vsystem,n1,job=1098958321112612865] 196  CHANGEFEED job 1098958321112612865: stepping through state running
I250825 20:22:06.096581 2429 sql/sql_activity_update_job.go:88 ⋮ [T1,Vsystem,n1,job=AUTO UPDATE SQL ACTIVITY id=103] 197  starting sql stats activity flush job
I250825 20:22:06.096652 2299 sql/mvcc_statistics_update_job.go:63 ⋮ [T1,Vsystem,n1,job=MVCC STATISTICS UPDATE id=104] 198  starting mvcc statistics update job
I250825 20:22:06.099096 2417 ccl/changefeedccl/changefeed_dist.go:414 ⋮ [T1,Vsystem,n1,job=CHANGEFEED id=1098958321112612865] 199  using bulk oracle for DistSQL planning
I250825 20:22:06.099995 2417 ccl/changefeedccl/changefeed_dist.go:577 ⋮ [T1,Vsystem,n1,job=CHANGEFEED id=1098958321112612865] 200  changefeed plan diagram: ‹https://cockroachdb.github.io/distsqlplan/decode.html#eJyUkd-rmzAUx9_3V8h5jmiiXjVPHbsM-rDdsV3YQ5GRJkcbZo1LIt0Q__eh7kdbaKGP54ef78eTEdyPFjjIg-garBEVD2hcFmVWJIxSyp4oK54yINAZhR_FER3wHVCoCPTWSHTO2Lk1Lgtb9RN4TEB3_eDndkVAGovAR_Datwgc3i1Rb5vGYiO8sVEMBBR6oduF_VV4eUAX7GjFg-hV7FuMaJJEIw3ZBNVEwAz-P9550SBweuazfQYeT-RRpffWdF6jjeil0MvgebBhZJOQTXpTgF0J0EcEPqPrTefwIvhWUnyVFNKpIoCqwfUhnBmsxE_WyGV3LV8W0NJQ6Pw6pWux7f6OnLcojv_ud06id0nsHqkiULfm9E0r4JAzmeYiZ2HM6jxMMSvDco9JqLDOMNnnNStSmD8QjZtP9OVgTgv29Vc__2AtWocEPojv-Iwe7VF32nkt_0ym6c3vAAAA__82--nC›
I250825 20:22:06.103186 2487 ccl/changefeedccl/sink_kafka_v2.go:246 ⋮ [-] 201  updating kafka metadata for topics: [‹users_changes›]
I250825 20:22:06.120053 2493 github.com/twmb/franz-go/pkg/kgo/logger.go:123 ⋮ [T1,Vsystem,n1,job=1098958321112612865,change-aggregator] 202  kafka(kgo): WARN unable to open connection to broker ‹addr›=‹broker_kafka:9092› ‹broker›=‹seed_0› ‹err›=dial tcp: ‹lookup broker_kafka on 127.0.0.11:53: no such host›
I250825 20:22:06.120769 2487 ccl/changefeedccl/sink_kafka_v2.go:246 ⋮ [-] 203  updating kafka metadata for topics: [‹users_changes›]
I250825 20:22:06.125194 2564 github.com/twmb/franz-go/pkg/kgo/logger.go:123 ⋮ [T1,Vsystem,n1,job=1098958321112612865,change-frontier] 204  kafka(kgo): WARN unable to open connection to broker ‹addr›=‹broker_kafka:9092› ‹broker›=‹seed_0› ‹err›=dial tcp: ‹lookup broker_kafka on 127.0.0.11:53: no such host›
W250825 20:22:06.125407 2413 ccl/changefeedccl/changefeed_stmt.go:1476 ⋮ [T1,Vsystem,n1,job=CHANGEFEED id=1098958321112612865] 205  Changefeed job 1098958321112612865 encountered transient error: ‹unable to dial›: dial tcp: ‹lookup broker_kafka on 127.0.0.11:53: no such host› (attempt 1)
I250825 20:22:06.141978 2454 spanconfig/spanconfigsqlwatcher/sqlwatcher.go:241 ⋮ [T1,Vsystem,n1,job=AUTO SPAN CONFIG RECONCILIATION id=1098946398292541441] 206  established range feed over system.descriptors starting at time 1756153326.103189137,0
I250825 20:22:06.142478 2454 spanconfig/spanconfigsqlwatcher/sqlwatcher.go:300 ⋮ [T1,Vsystem,n1,job=AUTO SPAN CONFIG RECONCILIATION id=1098946398292541441] 207  established range feed over system.zones starting at time 1756153326.103189137,0
I250825 20:22:06.142518 2454 spanconfig/spanconfigsqlwatcher/sqlwatcher.go:401 ⋮ [T1,Vsystem,n1,job=AUTO SPAN CONFIG RECONCILIATION id=1098946398292541441] 208  established range feed over system.protected_ts_records starting at time 1756153326.103189137,0
I250825 20:22:10.453748 2716 ccl/changefeedccl/changefeed_dist.go:414 ⋮ [T1,Vsystem,n1,job=CHANGEFEED id=1098958321112612865] 209  using bulk oracle for DistSQL planning
I250825 20:22:10.454199 2716 ccl/changefeedccl/changefeed_dist.go:577 ⋮ [T1,Vsystem,n1,job=CHANGEFEED id=1098958321112612865] 210  changefeed plan diagram: ‹https://cockroachdb.github.io/distsqlplan/decode.html#eJyUkU1r3DAQhu_9FcucZazR2stapy0NhT20KW2gh2CKVhp5Rb2WK8mkxfi_F9v9SAIJ7HE-_LyPRyPEHy1I0GfVNWSJjNwgr_ZVud8KRBQ7FPtdCQw6b-ijulAEeQ8INYM-eE0x-jC3xmXhaH6C5Axc1w9pbtcMtA8EcoTkUksg4d0S9bZpAjUq-ZBzYGAoKdcu7K8q6TPFzT3WcpPfqVNLOW63-YiZmKCeGPgh_cfHpBoCiY98jjcg-cSuVXoffJcchRyfCt0OSW4Ogh227FC8KCCeCeA1Ap8p9r6L9CT4pST-LCnDqWZApqH1IaIfgqZPwetldy1vF9DSMBTTOsW1OHZ_RzEFUpd_93tMwldJ4jVSzcC2_uGbMyChsmanqrLMDFqbFaqg7KRNkfGq4CQst-KkYP5ANXE-0Zezf1iwd7_6-QetaiMx-KC-0w0lChfXuZic_jOZpje_AwAA__9yGOpt›
I250825 20:22:10.454818 2724 ccl/changefeedccl/sink_kafka_v2.go:246 ⋮ [-] 211  updating kafka metadata for topics: [‹users_changes›]
I250825 20:22:10.464920 2730 github.com/twmb/franz-go/pkg/kgo/logger.go:123 ⋮ [T1,Vsystem,n1,job=1098958321112612865,change-aggregator] 212  kafka(kgo): WARN unable to open connection to broker ‹addr›=‹broker_kafka:9092› ‹broker›=‹seed_0› ‹err›=dial tcp: ‹lookup broker_kafka on 127.0.0.11:53: no such host›
I250825 20:22:10.465471 2724 ccl/changefeedccl/sink_kafka_v2.go:246 ⋮ [-] 213  updating kafka metadata for topics: [‹users_changes›]
I250825 20:22:10.471522 2754 github.com/twmb/franz-go/pkg/kgo/logger.go:123 ⋮ [T1,Vsystem,n1,job=1098958321112612865,change-frontier] 214  kafka(kgo): WARN unable to open connection to broker ‹addr›=‹broker_kafka:9092› ‹broker›=‹seed_0› ‹err›=dial tcp: ‹lookup broker_kafka on 127.0.0.11:53: no such host›
W250825 20:22:10.471964 2413 ccl/changefeedccl/changefeed_stmt.go:1476 ⋮ [T1,Vsystem,n1,job=CHANGEFEED id=1098958321112612865] 215  Changefeed job 1098958321112612865 encountered transient error: ‹unable to dial›: dial tcp: ‹lookup broker_kafka on 127.0.0.11:53: no such host› (attempt 2)
I250825 20:22:20.208773 2785 ccl/changefeedccl/changefeed_dist.go:414 ⋮ [T1,Vsystem,n1,job=CHANGEFEED id=1098958321112612865] 216  using bulk oracle for DistSQL planning
I250825 20:22:20.209457 2785 ccl/changefeedccl/changefeed_dist.go:577 ⋮ [T1,Vsystem,n1,job=CHANGEFEED id=1098958321112612865] 217  changefeed plan diagram: ‹https://cockroachdb.github.io/distsqlplan/decode.html#eJyUkd-rmzAUx9_3V8h5jmji1WmeOnYZ9GG7YyvsociIydGGWeOSSDfE_32o225baKGP54ef78eTEdzPFjjIg-garBEVD2hc5EWaJ4xSyjLK8iwFAp1R-Ekc0QHfA4WSQG-NROeMnVvjsrBVv4DHBHTXD35ulwSksQh8BK99i8Dh_RL1rmksNsIbG8VAQKEXul3Y34SXB3TBnpY8iHaiajGiSRKNNGQTlBMBM_hXvPOiQeD0zGf7DDyeyKNKH6zpvEYb0Uuhl8HzYMPIJiGbp5sC7EqAPiLwBV1vOocXwbeS4qukkE4lAVQNrg_hzGAlfrZGLrtr-bKAloZC59cpXYtt92_kvEVx_H-_cxK9S2L3SCWBujWn71oBh7TKCpWkaZgwmYVPeVGH1VvMwrqSWZHHKilqBfMHonHzib4ezGnB7n738w_WonVI4KP4gc_o0R51p53X8u9kmt78CQAA__85g-nP›
I250825 20:22:20.210064 2924 ccl/changefeedccl/sink_kafka_v2.go:246 ⋮ [-] 218  updating kafka metadata for topics: [‹users_changes›]
I250825 20:22:20.222215 2962 github.com/twmb/franz-go/pkg/kgo/logger.go:123 ⋮ [T1,Vsystem,n1,job=1098958321112612865,change-aggregator] 219  kafka(kgo): WARN unable to open connection to broker ‹addr›=‹broker_kafka:9092› ‹broker›=‹seed_0› ‹err›=dial tcp: ‹lookup broker_kafka on 127.0.0.11:53: no such host›
I250825 20:22:20.222586 2924 ccl/changefeedccl/sink_kafka_v2.go:246 ⋮ [-] 220  updating kafka metadata for topics: [‹users_changes›]
I250825 20:22:20.226486 2364 github.com/twmb/franz-go/pkg/kgo/logger.go:123 ⋮ [T1,Vsystem,n1,job=1098958321112612865,change-frontier] 221  kafka(kgo): WARN unable to open connection to broker ‹addr›=‹broker_kafka:9092› ‹broker›=‹seed_0› ‹err›=dial tcp: ‹lookup broker_kafka on 127.0.0.11:53: no such host›
W250825 20:22:20.226725 2413 ccl/changefeedccl/changefeed_stmt.go:1476 ⋮ [T1,Vsystem,n1,job=CHANGEFEED id=1098958321112612865] 222  Changefeed job 1098958321112612865 encountered transient error: ‹unable to dial›: dial tcp: ‹lookup broker_kafka on 127.0.0.11:53: no such host› (attempt 3)
I250825 20:22:40.819625 3784 ccl/changefeedccl/changefeed_dist.go:414 ⋮ [T1,Vsystem,n1,job=CHANGEFEED id=1098958321112612865] 223  using bulk oracle for DistSQL planning
I250825 20:22:40.821140 3784 ccl/changefeedccl/changefeed_dist.go:577 ⋮ [T1,Vsystem,n1,job=CHANGEFEED id=1098958321112612865] 224  changefeed plan diagram: ‹https://cockroachdb.github.io/distsqlplan/decode.html#eJyUkVsLmzAUx9_3KeQ8RzTxgs1Tx8qgD1vHVthDkZEmRxtmjUsi3RC_-1B3aQst9PFc_P1_ngzgfjTAQZ5EW2OFqHhA41WxyoqEUUpZTlmRZ0CgNQo_ijM64AegUBLorJHonLFTa5gXtuon8JiAbrveT-2SgDQWgQ_gtW8QOLybo97WtcVaeGOjGAgo9EI3M_ur8PKELjjQkgfRXhwbjGiSRAMN2QjlSMD0_j_eeVEjcHrls90Aj0fyqtJ7a1qv0Ub0VmjXex6sGVknZJ0-FGB3AvQVgc_oOtM6vAl-lBTfJYV0LAmgqnF5CGd6K_GTNXLeXcrdDJobCp1fpnQptu3fkfMWxfnf_a5J9CmJPSOVBKrGXL5pBRyKTOUqUypkca7C9FhVYSEkC6tVKpOjFDlLGUwfiNpNJ_pyMpcZu__VTT9YicYhgQ_iO27Qoz3rVjuv5Z_JOL75HQAA__9leupA›
I250825 20:22:40.822411 3790 ccl/changefeedccl/sink_kafka_v2.go:246 ⋮ [-] 225  updating kafka metadata for topics: [‹users_changes›]
I250825 20:22:40.836556 3796 github.com/twmb/franz-go/pkg/kgo/logger.go:123 ⋮ [T1,Vsystem,n1,job=1098958321112612865,change-aggregator] 226  kafka(kgo): WARN unable to open connection to broker ‹addr›=‹broker_kafka:9092› ‹broker›=‹seed_0› ‹err›=dial tcp: ‹lookup broker_kafka on 127.0.0.11:53: no such host›
I250825 20:22:40.837185 3790 ccl/changefeedccl/sink_kafka_v2.go:246 ⋮ [-] 227  updating kafka metadata for topics: [‹users_changes›]
I250825 20:22:40.842681 3804 github.com/twmb/franz-go/pkg/kgo/logger.go:123 ⋮ [T1,Vsystem,n1,job=1098958321112612865,change-frontier] 228  kafka(kgo): WARN unable to open connection to broker ‹addr›=‹broker_kafka:9092› ‹broker›=‹seed_0› ‹err›=dial tcp: ‹lookup broker_kafka on 127.0.0.11:53: no such host›
W250825 20:22:40.843357 2413 ccl/changefeedccl/changefeed_stmt.go:1476 ⋮ [T1,Vsystem,n1,job=CHANGEFEED id=1098958321112612865] 229  Changefeed job 1098958321112612865 encountered transient error: ‹unable to dial›: dial tcp: ‹lookup broker_kafka on 127.0.0.11:53: no such host› (attempt 4)
I250825 20:23:09.310716 4241 kv/kvserver/mvcc_gc_queue.go:796 ⋮ [T1,Vsystem,n1,mvccGC,s1,r86/1:‹/{Table/134-Max}›] 230  GC still needed following GC, recomputing MVCC stats
I250825 20:23:09.310814 4241 kv/kvserver/mvcc_gc_queue.go:797 ⋮ [T1,Vsystem,n1,mvccGC,s1,r86/1:‹/{Table/134-Max}›] 231  old score ‹queue=true with 0.00/fuzz(0.95)=0.00=valScaleScore(0.00)*deadFrac(0.00)+intentScore(0.00)›
I250825 20:23:09.310814 4241 kv/kvserver/mvcc_gc_queue.go:797 ⋮ [T1,Vsystem,n1,mvccGC,s1,r86/1:‹/{Table/134-Max}›] 231 +‹likely last GC: 1m25.869162416s ago, 0 B non-live, curr. age 0 B*s, min exp. reduction: 0 B*s›
I250825 20:23:09.310814 4241 kv/kvserver/mvcc_gc_queue.go:797 ⋮ [T1,Vsystem,n1,mvccGC,s1,r86/1:‹/{Table/134-Max}›] 231 +‹hint: {0,0 1755445834.582834013,0 1755445834.587412388,0}›
I250825 20:23:09.311003 4241 kv/kvserver/mvcc_gc_queue.go:798 ⋮ [T1,Vsystem,n1,mvccGC,s1,r86/1:‹/{Table/134-Max}›] 232  new score ‹queue=true with 0.00/fuzz(0.95)=0.00=valScaleScore(0.00)*deadFrac(0.00)+intentScore(0.00)›
I250825 20:23:09.311003 4241 kv/kvserver/mvcc_gc_queue.go:798 ⋮ [T1,Vsystem,n1,mvccGC,s1,r86/1:‹/{Table/134-Max}›] 232 +‹likely last GC: 1m30.108042959s ago, 0 B non-live, curr. age 0 B*s, min exp. reduction: 0 B*s›
I250825 20:23:09.311003 4241 kv/kvserver/mvcc_gc_queue.go:798 ⋮ [T1,Vsystem,n1,mvccGC,s1,r86/1:‹/{Table/134-Max}›] 232 +‹hint: {0,0 1755445834.582834013,0 1755445834.587412388,0}›
I250825 20:23:15.320301 4356 ccl/changefeedccl/changefeed_dist.go:414 ⋮ [T1,Vsystem,n1,job=CHANGEFEED id=1098958321112612865] 233  using bulk oracle for DistSQL planning
I250825 20:23:15.321910 4356 ccl/changefeedccl/changefeed_dist.go:577 ⋮ [T1,Vsystem,n1,job=CHANGEFEED id=1098958321112612865] 234  changefeed plan diagram: ‹https://cockroachdb.github.io/distsqlplan/decode.html#eJyUkU1r3DAQhu_9FcucZayRs-lapy0NhT20KW2gh2DKrDT2inotV5JJi_F_L7bb5gMSyHE-_LyPRyPEny1oMCfqGq6Zrd6gLHfldlcoRFSXqHaXWxDQecuf6MwR9C0gVAL64A3H6MPcGpeFg_0FWgpwXT-kuV0JMD4w6BGSSy2DhvdL1LumCdxQ8iGXIMByItcu7G-UzInj5hYrvclv6NhyjkWRj5ipCapJgB_SPT4mahg0PvA5XIGWk3it0ofgu-Q45PhY6HpIerNXYl-I_cWzAuqJAL5G4AvH3neRHwU_lySfJGU4VQLYNrw-RPRDMPw5eLPsruX1AloalmNap7gWh-7fKKbAdP5_v4ckfJGkXiJVAurW3313FjTUWFpFRmZMBWUX8i1ltGWZlcfCGnM0heES5g-oifOJvp783YK9-d3PP1hTG1nAR_rBV5w4nF3nYnLm72Sa3vwJAAD__4Y56rs=›
I250825 20:23:15.322905 4362 ccl/changefeedccl/sink_kafka_v2.go:246 ⋮ [-] 235  updating kafka metadata for topics: [‹users_changes›]
I250825 20:23:15.334761 4368 github.com/twmb/franz-go/pkg/kgo/logger.go:123 ⋮ [T1,Vsystem,n1,job=1098958321112612865,change-aggregator] 236  kafka(kgo): WARN unable to open connection to broker ‹addr›=‹broker_kafka:9092› ‹broker›=‹seed_0› ‹err›=dial tcp: ‹lookup broker_kafka on 127.0.0.11:53: no such host›
I250825 20:23:15.335638 4362 ccl/changefeedccl/sink_kafka_v2.go:246 ⋮ [-] 237  updating kafka metadata for topics: [‹users_changes›]
I250825 20:23:15.341294 4415 github.com/twmb/franz-go/pkg/kgo/logger.go:123 ⋮ [T1,Vsystem,n1,job=1098958321112612865,change-frontier] 238  kafka(kgo): WARN unable to open connection to broker ‹addr›=‹broker_kafka:9092› ‹broker›=‹seed_0› ‹err›=dial tcp: ‹lookup broker_kafka on 127.0.0.11:53: no such host›
W250825 20:23:15.341705 2413 ccl/changefeedccl/changefeed_stmt.go:1476 ⋮ [T1,Vsystem,n1,job=CHANGEFEED id=1098958321112612865] 239  Changefeed job 1098958321112612865 encountered transient error: ‹unable to dial›: dial tcp: ‹lookup broker_kafka on 127.0.0.11:53: no such host› (attempt 5)
I250825 20:23:17.737878 1 1@cli/start.go:993 ⋮ [T1,Vsystem,n1] 240  received signal 'terminated'
I250825 20:23:17.738175 1 1@cli/start.go:1034 ⋮ [T1,Vsystem,n1] 241  initiating graceful shutdown of server
I250825 20:23:17.739812 4540 server/drain.go:353 ⋮ [T1,Vsystem,n1,server drain process,call-graceful-drain] 242  all tenant servers stopped
I250825 20:23:17.739879 4540 1@server/drain.go:399 ⋮ [T1,Vsystem,n1,server drain process,call-graceful-drain] 243  waiting for health probes to notice that the node is not ready for new sql connections
I250825 20:23:20.741502 4543 1@server/drain.go:513 ⋮ [T1,Vsystem,n1,server drain process,call-graceful-drain] 244  number of open connections: 0
I250825 20:23:22.739371 4541 1@cli/start.go:1046 ⋮ [T1,Vsystem,n1] 245  366 running tasks
I250825 20:23:27.739394 4541 1@cli/start.go:1046 ⋮ [T1,Vsystem,n1] 246  366 running tasks
I250825 20:23:27.740292 1420 sql/stats/automatic_stats.go:694 ⋮ [T1,Vsystem,n1] 247  draining auto stats refresher
W250825 20:23:27.740271 1249 jobs/registry.go:1069 ⋮ [T1,Vsystem,n1] 248  canceling all adopted jobs due to graceful drain request
I250825 20:23:27.740374 1421 sql/stats/automatic_stats.go:745 ⋮ [T1,Vsystem,n1] 249  draining stats garbage collector
I250825 20:23:27.741230 2429 jobs/registry.go:1681 ⋮ [T1,Vsystem,n1,job=103] 250  AUTO UPDATE SQL ACTIVITY job 103: stepping through state succeeded
I250825 20:23:27.741250 2441 jobs/registry.go:1681 ⋮ [T1,Vsystem,n1,job=100] 251  KEY VISUALIZER job 100: stepping through state succeeded
W250825 20:23:27.743523 2505 kv/kvclient/kvcoord/dist_sender_mux_rangefeed.go:406 ⋮ [T1,Vsystem,n1,job=AUTO SPAN CONFIG RECONCILIATION id=1098946398292541441,rangefeed=‹sql-watcher-zones-rangefeed›,mux_n=1,gen=2] 252  error closing mux rangefeed client: context canceled
W250825 20:23:27.744081 2636 kv/kvclient/kvcoord/dist_sender_mux_rangefeed.go:406 ⋮ [T1,Vsystem,n1,job=AUTO SPAN CONFIG RECONCILIATION id=1098946398292541441,rangefeed=‹sql-watcher-protected-ts-records-rangefeed›,mux_n=1,gen=2] 254  error closing mux rangefeed client: context canceled
W250825 20:23:27.744034 2639 kv/kvclient/kvcoord/dist_sender_mux_rangefeed.go:406 ⋮ [T1,Vsystem,n1,job=AUTO SPAN CONFIG RECONCILIATION id=1098946398292541441,rangefeed=‹sql-watcher-descriptor-rangefeed›,mux_n=1,gen=2] 253  error closing mux rangefeed client: context canceled
W250825 20:23:27.742178 2413 ccl/changefeedccl/changefeed_stmt.go:1335 ⋮ [T1,Vsystem,n1,job=CHANGEFEED id=1098958321112612865] 255  job failed (ran out of retries: context canceled)
