I250820 21:59:37.986506 1 util/log/file_sync_buffer.go:237 ⋮ [config]   file created at: 2025/08/20 21:59:37
I250820 21:59:37.986552 1 util/log/file_sync_buffer.go:237 ⋮ [config]   running on machine: ‹ff2e0955c063›
I250820 21:59:37.986567 1 util/log/file_sync_buffer.go:237 ⋮ [config]   binary: CockroachDB CCL v25.2.0 (aarch64-unknown-linux-gnu, built 2025/05/15 21:07:42, go1.23.7 X:nocoverageredesign)
I250820 21:59:37.986661 1 util/log/file_sync_buffer.go:237 ⋮ [config]   arguments: [‹/cockroach/cockroach› ‹start-single-node› ‹--certs-dir=certs› ‹--advertise-addr=127.0.0.1:26257› ‹--insecure› ‹--http-addr=0.0.0.0:8080›]
I250820 21:59:37.986678 1 util/log/file_sync_buffer.go:237 ⋮ [config]   log format (utf8=✓): crdb-v2
I250820 21:59:37.986682 1 util/log/file_sync_buffer.go:237 ⋮ [config]   line format: [IWEF]yymmdd hh:mm:ss.uuuuuu goid [chan@]file:line redactionmark \[tags\] [counter] msg
W250820 21:59:37.972208 1 1@cli/start.go:1438 ⋮ [n?] 1  ALL SECURITY CONTROLS HAVE BEEN DISABLED!
W250820 21:59:37.972208 1 1@cli/start.go:1438 ⋮ [n?] 1 +
W250820 21:59:37.972208 1 1@cli/start.go:1438 ⋮ [n?] 1 +This mode is intended for non-production testing only.
W250820 21:59:37.972208 1 1@cli/start.go:1438 ⋮ [n?] 1 +
W250820 21:59:37.972208 1 1@cli/start.go:1438 ⋮ [n?] 1 +In this mode:
W250820 21:59:37.972208 1 1@cli/start.go:1438 ⋮ [n?] 1 +- Your cluster is open to any client that can access ‹any of your IP addresses›.
W250820 21:59:37.972208 1 1@cli/start.go:1438 ⋮ [n?] 1 +- Intruders with access to your machine or network can observe client-server traffic.
W250820 21:59:37.972208 1 1@cli/start.go:1438 ⋮ [n?] 1 +- Intruders can log in without password and read or write any data in the cluster.
W250820 21:59:37.972208 1 1@cli/start.go:1438 ⋮ [n?] 1 +- Intruders can consume all your server's resources and cause unavailability.
I250820 21:59:38.001294 1 1@cli/start.go:1448 ⋮ [n?] 2  To start a secure server without mandating TLS for clients,
I250820 21:59:38.001294 1 1@cli/start.go:1448 ⋮ [n?] 2 +consider --accept-sql-without-tls instead. For other options, see:
I250820 21:59:38.001294 1 1@cli/start.go:1448 ⋮ [n?] 2 +
I250820 21:59:38.001294 1 1@cli/start.go:1448 ⋮ [n?] 2 +- https://go.crdb.dev/issue-v/53404/v25.2
I250820 21:59:38.001294 1 1@cli/start.go:1448 ⋮ [n?] 2 +- https://www.cockroachlabs.com/docs/v25.2/secure-a-cluster.html
I250820 21:59:38.001939 1 server/status/recorder.go:856 ⋮ [n?] 3  ‹available memory from cgroups (8.0 EiB) is unsupported, using system memory 8.7 GiB instead: ›
W250820 21:59:38.003431 1 1@cli/start.go:1360 ⋮ [n?] 4  Using the default setting for --cache (128 MiB).
W250820 21:59:38.003431 1 1@cli/start.go:1360 ⋮ [n?] 4 +  A significantly larger value is usually needed for good performance.
W250820 21:59:38.003431 1 1@cli/start.go:1360 ⋮ [n?] 4 +  If you have a dedicated server a reasonable setting is --cache=.25 (2.2 GiB).
I250820 21:59:38.004693 1 server/status/recorder.go:856 ⋮ [n?] 5  ‹available memory from cgroups (8.0 EiB) is unsupported, using system memory 8.7 GiB instead: ›
I250820 21:59:38.004706 1 1@cli/start.go:1477 ⋮ [n?] 6  CockroachDB CCL v25.2.0 (aarch64-unknown-linux-gnu, built 2025/05/15 21:07:42, go1.23.7 X:nocoverageredesign)
I250820 21:59:38.011460 1 server/status/recorder.go:856 ⋮ [n?] 7  ‹available memory from cgroups (8.0 EiB) is unsupported, using system memory 8.7 GiB instead: ›
I250820 21:59:38.011493 1 1@cli/start.go:554 ⋮ [n?] 8  soft memory limit of Go runtime is set to 4.9 GiB
I250820 21:59:38.011507 1 1@cli/start.go:591 ⋮ [n?] 9  GC target percentage of Go runtime is set to 300%
I250820 21:59:38.058928 1 server/status/recorder.go:856 ⋮ [T1,Vsystem,n?] 10  ‹available memory from cgroups (8.0 EiB) is unsupported, using system memory 8.7 GiB instead: ›
I250820 21:59:38.058964 1 server/config.go:674 ⋮ [T1,Vsystem,n?] 11  system total memory: 8.7 GiB
I250820 21:59:38.058981 1 server/config.go:676 ⋮ [T1,Vsystem,n?] 12  server configuration:
I250820 21:59:38.058981 1 server/config.go:676 ⋮ [T1,Vsystem,n?] 12 +max offset             500000000
I250820 21:59:38.058981 1 server/config.go:676 ⋮ [T1,Vsystem,n?] 12 +cache size             128 MiB
I250820 21:59:38.058981 1 server/config.go:676 ⋮ [T1,Vsystem,n?] 12 +SQL memory pool size   2.2 GiB
I250820 21:59:38.058981 1 server/config.go:676 ⋮ [T1,Vsystem,n?] 12 +scan interval          10m0s
I250820 21:59:38.058981 1 server/config.go:676 ⋮ [T1,Vsystem,n?] 12 +scan min idle time     10ms
I250820 21:59:38.058981 1 server/config.go:676 ⋮ [T1,Vsystem,n?] 12 +scan max idle time     1s
I250820 21:59:38.058981 1 server/config.go:676 ⋮ [T1,Vsystem,n?] 12 +event log enabled      true
I250820 21:59:38.059031 1 1@cli/start.go:1338 ⋮ [T1,Vsystem,n?] 13  using local environment variables:
I250820 21:59:38.059031 1 1@cli/start.go:1338 ⋮ [T1,Vsystem,n?] 13 +COCKROACH_CHANNEL=official-docker
I250820 21:59:38.059042 1 1@cli/start.go:1345 ⋮ [T1,Vsystem,n?] 14  process identity: uid 0 euid 0 gid 0 egid 0
I250820 21:59:38.083628 1 1@cli/start.go:1500 ⋮ [T1,Vsystem,n?] 15  GEOS loaded from directory ‹/usr/local/lib/cockroach›
I250820 21:59:38.084304 1 1@cli/start.go:777 ⋮ [T1,Vsystem,n?] 16  starting cockroach node
I250820 21:59:42.723961 38 server/config.go:880 ⋮ [T1,Vsystem,n?] 17  1 storage engine initialized
I250820 21:59:42.724063 38 server/config.go:883 ⋮ [T1,Vsystem,n?] 18  Pebble cache size: 128 MiB
I250820 21:59:42.724083 38 server/config.go:883 ⋮ [T1,Vsystem,n?] 19  store 0: max size 0 B, max open file limit 1043576
I250820 21:59:42.724091 38 server/config.go:883 ⋮ [T1,Vsystem,n?] 20  store 0: /cockroach/cockroach-data: rw encrypted=false fs:{bdev=/run/host_mark/Users fstype=fakeowner mountpoint=/cockroach/cockroach-data mountopts=rw,nosuid,nodev,relatime,fakeowner}
I250820 21:59:42.782261 131 util/cidr/cidr.go:299 ⋮ [T1,Vsystem,n?] 21  CIDR lookup updated with 0 destinations
I250820 21:59:42.960680 38 1@server/clock_monotonicity.go:61 ⋮ [T1,Vsystem,n?] 22  monitoring forward clock jumps based on server.clock.forward_jump_check.enabled
I250820 21:59:43.006424 38 1@server/clock_monotonicity.go:136 ⋮ [T1,Vsystem,n1] 23  Sleeping till wall time 1755727183006414459 to catches up to 1755727183460580376 to ensure monotonicity. Sub: 454.165917ms
I250820 21:59:43.006561 555 1@server/server.go:1802 ⋮ [T1,Vsystem,n1] 24  connecting to gossip network to verify cluster ID "7c4e678d-486f-4806-8e59-dd3b5b489461"
W250820 21:59:43.463328 38 1@cli/start.go:1299 ⋮ [T1,Vsystem,n1] 25  Running a server without --sql-addr, with a combined RPC/SQL listener, is deprecated.
W250820 21:59:43.463328 38 1@cli/start.go:1299 ⋮ [T1,Vsystem,n1] 25 +This feature will be removed in a later version of CockroachDB.
W250820 21:59:43.463876 38 1@gossip/gossip.go:1460 ⋮ [T1,Vsystem,n1] 26  no addresses found; use --join to specify a connected node
I250820 21:59:43.486868 581 kv/kvserver/kvstorage/init.go:250 ⋮ [T1,Vsystem,n1,s1] 27  beginning range descriptor iteration
I250820 21:59:43.490197 581 kv/kvserver/kvstorage/init.go:374 ⋮ [T1,Vsystem,n1,s1] 28  range descriptor iteration done: 58 range descriptors, 0 intents, 0 tombstones; stats: ‹seeked 120 times (61 internal); stepped 0 times (0 internal); blocks: 56KB cached, 13KB not cached (read time: 1.609666ms); points: 59 (1.2KB keys, 1.8KB values); separated: 5 (249B, 0B fetched)›
I250820 21:59:43.544878 581 kv/kvserver/kvstorage/init.go:501 ⋮ [T1,Vsystem,n1,s1] 29  loaded replica ID for 58/58 replicas
I250820 21:59:43.546054 581 kv/kvserver/kvstorage/init.go:518 ⋮ [T1,Vsystem,n1,s1] 30  loaded Raft state for 58/58 replicas
I250820 21:59:43.546087 581 kv/kvserver/kvstorage/init.go:545 ⋮ [T1,Vsystem,n1,s1] 31  loaded 58 replicas
I250820 21:59:43.547775 581 kv/kvserver/kvstorage/init.go:576 ⋮ [T1,Vsystem,n1,s1] 32  verified 58/58 replicas
I250820 21:59:43.580009 581 kv/kvserver/store.go:2369 ⋮ [T1,Vsystem,n1,s1] 33  initialized 58/58 replicas
I250820 21:59:43.580225 581 server/node.go:690 ⋮ [T1,Vsystem,n1] 34  initialized store s1 in 107ms (58 replicas)
I250820 21:59:43.581576 38 kv/kvserver/stores.go:261 ⋮ [T1,Vsystem,n1] 35  read 0 node addresses from persistent storage
I250820 21:59:43.608053 555 1@server/server.go:1805 ⋮ [T1,Vsystem,n1] 36  node connected via gossip
I250820 21:59:43.609925 38 server/node.go:801 ⋮ [T1,Vsystem,n1] 37  started with attributes []
I250820 21:59:43.610506 38 server/goroutinedumper/goroutinedumper.go:117 ⋮ [T1,Vsystem,n1] 38  writing goroutine dumps to ‹/cockroach/cockroach-data/logs/goroutine_dump›
I250820 21:59:43.610660 38 server/profiler/heapprofiler.go:72 ⋮ [T1,Vsystem,n1] 39  writing go heap profiles to ‹/cockroach/cockroach-data/logs/heap_profiler› at least every 1h0m0s
I250820 21:59:43.610708 38 server/profiler/memory_monitoring_profiler.go:66 ⋮ [T1,Vsystem,n1] 40  writing memory monitoring dumps to ‹/cockroach/cockroach-data/logs/heap_profiler› at least every 1h0m0s
I250820 21:59:43.610774 569 kv/kvserver/storeliveness/support_manager.go:285 ⋮ [T1,Vsystem,n1,s1] 41  starting to heartbeat store {NodeID:1 StoreID:1}
I250820 21:59:43.610726 38 server/profiler/cgoprofiler.go:66 ⋮ [T1,Vsystem,n1] 42  to enable jmalloc profiling: "export MALLOC_CONF=prof:true" or "ln -s prof:true /etc/malloc.conf"
I250820 21:59:43.611675 38 server/profiler/statsprofiler.go:68 ⋮ [T1,Vsystem,n1] 43  writing memory stats to ‹/cockroach/cockroach-data/logs/heap_profiler› at last every 1h0m0s
I250820 21:59:43.612096 38 server/profiler/activequeryprofiler.go:88 ⋮ [T1,Vsystem,n1] 44  writing go query profiles to ‹/cockroach/cockroach-data/logs/heap_profiler›
I250820 21:59:43.612175 38 server/profiler/cpuprofiler.go:87 ⋮ [T1,Vsystem,n1] 45  writing cpu profile dumps to ‹/cockroach/cockroach-data/logs/pprof_dump›
I250820 21:59:43.612797 38 1@server/server.go:1999 ⋮ [T1,Vsystem,n1] 46  starting http server at ‹[::]:8080› (use: ‹127.0.0.1:8080›)
I250820 21:59:43.612831 38 1@server/server.go:2007 ⋮ [T1,Vsystem,n1] 47  starting grpc/postgres server at ‹[::]:26257›
I250820 21:59:43.612850 38 1@server/server.go:2008 ⋮ [T1,Vsystem,n1] 48  advertising CockroachDB node at ‹127.0.0.1:26257›
I250820 21:59:43.764416 671 kv/kvserver/queue.go:612 ⋮ [T1,Vsystem,n1,s1,r43/1:‹/Table/4{0-1}›,raft] 49  rate limited in MaybeAdd (replicate): throttled on async limiting semaphore
I250820 21:59:43.765262 569 kv/kvserver/storeliveness/supporter_state.go:298 ⋮ [T1,Vsystem,n1,s1] 50  provided support for store {NodeID:1 StoreID:1}; old = {Target:{NodeID:1 StoreID:1} Epoch:54 Expiration:1755727049.043652006,0}, new = {Target:{NodeID:1 StoreID:1} Epoch:55 Expiration:1755727186.610833542,0}
I250820 21:59:43.771600 729 kv/kvserver/queue.go:612 ⋮ [T1,Vsystem,n1,s1,r47/1:‹/Table/4{4-5}›,raft] 51  rate limited in MaybeAdd (merge): throttled on async limiting semaphore
I250820 21:59:43.772689 648 kv/kvserver/kvserverbase/forced_error.go:87 ⋮ [T1,Vsystem,n1,s1,r2/1:‹/System/NodeLiveness{-Max}›,raft] 52  rejected lease request repl=(n1,s1):1 seq=30 start=1755727183.572105500,0 exp=1755727189.584882334,0 pro=1755727183.584882334,0 acq=Request; current lease repl=(n1,s1):1 seq=29 start=1755725430.563019925,0 exp=1755727052.150022215,0 pro=1755727046.150022215,0 acq=Request; err: cannot replace lease repl=(n1,s1):1 seq=29 start=1755725430.563019925,0 exp=1755727052.150022215,0 pro=1755727046.150022215,0 acq=Request with repl=(n1,s1):1 seq=30 start=1755727183.572105500,0 exp=1755727189.584882334,0 pro=1755727183.584882334,0 acq=Request: ‹proposed under invalid lease›
I250820 21:59:43.776525 569 kv/kvserver/storeliveness/requester_state.go:425 ⋮ [T1,Vsystem,n1,s1] 53  received support from store {NodeID:1 StoreID:1}; old = {Target:{NodeID:1 StoreID:1} Epoch:55 Expiration:0,0}, new = {Target:{NodeID:1 StoreID:1} Epoch:55 Expiration:1755727186.610833542,0}
I250820 21:59:43.933149 38 1@util/log/event_log.go:39 ⋮ [T1,Vsystem,n1] 54 ={"Timestamp":1755727183933137959,"EventType":"node_restart","NodeID":1,"StartedAt":1755727183471386834,"LastUp":1755727044657416339}
I250820 21:59:43.939699 962 kv/kvclient/rangefeed/rangefeedcache/watcher.go:340 ⋮ [T1,Vsystem,n1] 55  spanconfig-subscriber: established range feed cache
I250820 21:59:43.941160 784 kv/kvclient/rangefeed/rangefeedcache/watcher.go:340 ⋮ [T1,Vsystem,n1] 56  settings-watcher: established range feed cache
I250820 21:59:43.995928 38 sql/sqlliveness/slinstance/slinstance.go:435 ⋮ [T1,Vsystem,n1] 57  starting SQL liveness instance
I250820 21:59:44.007884 1253 sql/sqlliveness/slstorage/slstorage.go:540 ⋮ [T1,Vsystem,n1] 58  inserted sqlliveness session 010180584ea4a35e0942e49c9e8d20629aa317 with expiry 1755727223.996217667,0
I250820 21:59:44.008300 1253 sql/sqlliveness/slinstance/slinstance.go:247 ⋮ [T1,Vsystem,n1] 59  created new SQL liveness session 010180584ea4a35e0942e49c9e8d20629aa317
I250820 21:59:44.008324 38 sql/sqlinstance/instancestorage/instancestorage.go:338 ⋮ [T1,Vsystem,n1] 60  assigning instance id to rpc addr ‹127.0.0.1:26257› and sql addr ‹127.0.0.1:26257›
I250820 21:59:44.012577 38 server/server_sql.go:1618 ⋮ [T1,Vsystem,n1] 61  bound sqlinstance: Instance{RegionPrefix: gA==, InstanceID: 1, SQLAddr: ‹127.0.0.1:26257›, RPCAddr: ‹127.0.0.1:26257›, SessionID: 010180584ea4a35e0942e49c9e8d20629aa317, Locality: , BinaryVersion: 25.2}
I250820 21:59:44.014658 38 upgrade/upgrademanager/manager.go:171 ⋮ [T1,Vsystem,n1] 62  running permanent upgrades up to version: 25.2
I250820 21:59:44.022754 1269 sql/sqlstats/persistedsqlstats/provider.go:159 ⋮ [T1,Vsystem,n1] 63  starting sql-stats-worker with initial delay: 9m59.063504586s
I250820 21:59:44.023458 1282 kv/kvclient/rangefeed/rangefeedcache/watcher.go:340 ⋮ [T1,Vsystem,n1] 64  system-config-cache: established range feed cache
I250820 21:59:44.023936 1266 sql/temporary_schema.go:506 ⋮ [T1,Vsystem,n1] 65  running temporary object cleanup background job
I250820 21:59:44.025726 1324 kv/kvserver/replica_rangefeed.go:882 ⋮ [T1,Vsystem,n1,rangefeed=‹lease›,mux_n=1,gen=2,r6/1:‹/Table/{0-4}›,sm=1,sid=1,s1] 66  RangeFeed closed timestamp 1755702066.218012506,0 is behind by 6h58m37.80770937s (behind=6h58m37.80770937s target=3s nudge=true cancel=false)
I250820 21:59:44.045245 1266 sql/temporary_schema.go:556 ⋮ [T1,Vsystem,n1] 67  found 0 temporary schemas
I250820 21:59:44.045274 1266 sql/temporary_schema.go:559 ⋮ [T1,Vsystem,n1] 68  early exiting temporary schema cleaner as no temporary schemas were found
I250820 21:59:44.045279 1266 sql/temporary_schema.go:560 ⋮ [T1,Vsystem,n1] 69  completed temporary object cleanup job
I250820 21:59:44.045303 1266 sql/temporary_schema.go:641 ⋮ [T1,Vsystem,n1] 70  temporary object cleaner next scheduled to run at 2025-08-20 22:29:44.022438792 +0000 UTC m=+1808.519287546
I250820 21:59:44.066928 38 upgrade/upgrademanager/manager.go:233 ⋮ [T1,Vsystem,n1] 71  detected the last permanent upgrade (v0.0-upgrading-step-004) to have already completed; no permanent upgrades will run
I250820 21:59:44.067515 38 server/server_sql.go:1720 ⋮ [T1,Vsystem,n1] 72  done ensuring all necessary startup migrations have run
I250820 21:59:44.070240 38 server/license/enforcer.go:262 ⋮ [T1,Vsystem,n1] 73  trial license expiry initialized to 1970-01-01 00:00:00 +0000 UTC
I250820 21:59:44.072319 38 server/license/enforcer.go:298 ⋮ [T1,Vsystem,n1] 74  fetched existing cluster init grace period end time: 2025-08-24 14:50:24 +0000 UTC
I250820 21:59:44.072484 38 server/license/enforcer.go:498 ⋮ [T1,Vsystem,n1] 75  enforcer license updated: type is none, grace period ends at "2025-08-24 14:50:24 +0000 UTC", telemetry required: false
I250820 21:59:44.072511 38 server/license/enforcer.go:498 ⋮ [T1,Vsystem,n1] 76  enforcer license updated: type is none, grace period ends at "2025-08-24 14:50:24 +0000 UTC", telemetry required: false
I250820 21:59:44.096254 1479 sql/sqlliveness/slstorage/slstorage.go:391 ⋮ [n1,intExec=expire-sessions] 77  deleted session 010180bc86676e5dae43fe95aa07a46eee5a46 which expired at 1755727081.872288713,0
I250820 21:59:44.104084 1514 sql/syntheticprivilegecache/cache.go:202 ⋮ [T1,Vsystem,n1] 78  warmed privileges for virtual tables in 34.464083ms
I250820 21:59:44.122243 1722 kv/kvclient/rangefeed/rangefeedcache/watcher.go:340 ⋮ [T1,Vsystem,n1] 79  tenant-settings-watcher: established range feed cache
I250820 21:59:44.122270 1714 jobs/job_scheduler.go:407 ⋮ [T1,Vsystem,n1] 80  waiting 4m0s before scheduled jobs daemon start
I250820 21:59:44.122594 1726 kv/kvclient/rangefeed/rangefeedcache/watcher.go:340 ⋮ [T1,Vsystem,n1] 81  tenant-entry-watcher: established range feed cache
I250820 21:59:44.122732 1726 multitenant/tenantcapabilities/tenantcapabilitieswatcher/watcher.go:285 ⋮ [T1,Vsystem,n1] 82  received results of a full table scan for tenant capabilities
I250820 21:59:44.130161 38 server/license/enforcer.go:582 ⋮ [T1,Vsystem,n1] 83  disable all license enforcement
I250820 21:59:44.130189 38 1@server/server_sql.go:1971 ⋮ [T1,Vsystem,n1] 84  serving sql connections
I250820 21:59:44.131229 38 1@cli/start.go:1286 ⋮ [T1,Vsystem,n1] 85  node startup completed:
I250820 21:59:44.131229 38 1@cli/start.go:1286 ⋮ [T1,Vsystem,n1] 85 +CockroachDB node starting at 2025-08-20 21:59:44.130417209 +0000 UTC m=+8.627265963 (took 6.4s)
I250820 21:59:44.131229 38 1@cli/start.go:1286 ⋮ [T1,Vsystem,n1] 85 +build:               CCL v25.2.0 @ 2025/05/15 21:07:42 (go1.23.7 X:nocoverageredesign)
I250820 21:59:44.131229 38 1@cli/start.go:1286 ⋮ [T1,Vsystem,n1] 85 +malloc_conf:         prof:false,prof_active:true,background_thread:true,thp:never,metadata_thp:disabled,narenas:48,dirty_decay_ms:2000,muzzy_decay_ms:0
I250820 21:59:44.131229 38 1@cli/start.go:1286 ⋮ [T1,Vsystem,n1] 85 +webui:               ‹http://127.0.0.1:8080›
I250820 21:59:44.131229 38 1@cli/start.go:1286 ⋮ [T1,Vsystem,n1] 85 +sql:                 ‹postgresql://root@127.0.0.1:26257/defaultdb?sslmode=disable›
I250820 21:59:44.131229 38 1@cli/start.go:1286 ⋮ [T1,Vsystem,n1] 85 +sql (JDBC):          ‹jdbc:postgresql://127.0.0.1:26257/defaultdb?sslmode=disable&user=root›
I250820 21:59:44.131229 38 1@cli/start.go:1286 ⋮ [T1,Vsystem,n1] 85 +RPC client flags:    ‹/cockroach/cockroach <client cmd> --host=127.0.0.1:26257 --insecure›
I250820 21:59:44.131229 38 1@cli/start.go:1286 ⋮ [T1,Vsystem,n1] 85 +logs:                ‹/cockroach/cockroach-data/logs›
I250820 21:59:44.131229 38 1@cli/start.go:1286 ⋮ [T1,Vsystem,n1] 85 +temp dir:            ‹/cockroach/cockroach-data/cockroach-temp1009182462›
I250820 21:59:44.131229 38 1@cli/start.go:1286 ⋮ [T1,Vsystem,n1] 85 +external I/O path:   ‹/cockroach/cockroach-data/extern›
I250820 21:59:44.131229 38 1@cli/start.go:1286 ⋮ [T1,Vsystem,n1] 85 +store[0]:            ‹path=/cockroach/cockroach-data›
I250820 21:59:44.131229 38 1@cli/start.go:1286 ⋮ [T1,Vsystem,n1] 85 +clusterID:           7c4e678d-486f-4806-8e59-dd3b5b489461
I250820 21:59:44.131229 38 1@cli/start.go:1286 ⋮ [T1,Vsystem,n1] 85 +status:              restarted pre-existing node
I250820 21:59:44.131229 38 1@cli/start.go:1286 ⋮ [T1,Vsystem,n1] 85 +nodeID:              1
I250820 21:59:44.134928 1720 server/auto_upgrade.go:81 ⋮ [T1,Vsystem,n1] 86  no need to upgrade, cluster already at the newest version
I250820 21:59:44.181772 1776 sql/catalog/lease/lease.go:2467 ⋮ [T1,Vsystem,n1] 87  released orphaned lease: ID=5 ver=1 expiration={0001-01-01 00:00:00 +0000 UTC}
I250820 21:59:44.181914 1774 sql/catalog/lease/lease.go:2467 ⋮ [T1,Vsystem,n1] 88  released orphaned lease: ID=3 ver=1 expiration={0001-01-01 00:00:00 +0000 UTC}
I250820 21:59:44.182017 1777 sql/catalog/lease/lease.go:2467 ⋮ [T1,Vsystem,n1] 89  released orphaned lease: ID=6 ver=1 expiration={0001-01-01 00:00:00 +0000 UTC}
I250820 21:59:44.182247 1775 sql/catalog/lease/lease.go:2467 ⋮ [T1,Vsystem,n1] 90  released orphaned lease: ID=4 ver=1 expiration={0001-01-01 00:00:00 +0000 UTC}
I250820 21:59:44.184321 1782 sql/catalog/lease/lease.go:2467 ⋮ [T1,Vsystem,n1] 91  released orphaned lease: ID=11 ver=1 expiration={0001-01-01 00:00:00 +0000 UTC}
I250820 21:59:44.184585 1773 sql/catalog/lease/lease.go:2467 ⋮ [T1,Vsystem,n1] 92  released orphaned lease: ID=1 ver=1 expiration={0001-01-01 00:00:00 +0000 UTC}
I250820 21:59:44.184687 1781 sql/catalog/lease/lease.go:2467 ⋮ [T1,Vsystem,n1] 93  released orphaned lease: ID=7 ver=1 expiration={0001-01-01 00:00:00 +0000 UTC}
I250820 21:59:44.184775 1504 sql/catalog/lease/lease.go:2467 ⋮ [T1,Vsystem,n1] 94  released orphaned lease: ID=9 ver=1 expiration={0001-01-01 00:00:00 +0000 UTC}
I250820 21:59:44.184859 1603 sql/catalog/lease/lease.go:2467 ⋮ [T1,Vsystem,n1] 95  released orphaned lease: ID=8 ver=1 expiration={0001-01-01 00:00:00 +0000 UTC}
I250820 21:59:44.186188 1797 sql/catalog/lease/lease.go:2467 ⋮ [T1,Vsystem,n1] 96  released orphaned lease: ID=19 ver=1 expiration={0001-01-01 00:00:00 +0000 UTC}
I250820 21:59:44.186302 1794 sql/catalog/lease/lease.go:2467 ⋮ [T1,Vsystem,n1] 97  released orphaned lease: ID=13 ver=1 expiration={0001-01-01 00:00:00 +0000 UTC}
I250820 21:59:44.186446 1795 sql/catalog/lease/lease.go:2467 ⋮ [T1,Vsystem,n1] 98  released orphaned lease: ID=14 ver=1 expiration={0001-01-01 00:00:00 +0000 UTC}
I250820 21:59:44.186656 1796 sql/catalog/lease/lease.go:2467 ⋮ [T1,Vsystem,n1] 99  released orphaned lease: ID=15 ver=1 expiration={0001-01-01 00:00:00 +0000 UTC}
I250820 21:59:44.186745 1505 sql/catalog/lease/lease.go:2467 ⋮ [T1,Vsystem,n1] 100  released orphaned lease: ID=12 ver=1 expiration={0001-01-01 00:00:00 +0000 UTC}
I250820 21:59:44.187783 1811 sql/catalog/lease/lease.go:2467 ⋮ [T1,Vsystem,n1] 101  released orphaned lease: ID=23 ver=1 expiration={0001-01-01 00:00:00 +0000 UTC}
I250820 21:59:44.188184 1810 sql/catalog/lease/lease.go:2467 ⋮ [T1,Vsystem,n1] 102  released orphaned lease: ID=20 ver=1 expiration={0001-01-01 00:00:00 +0000 UTC}
I250820 21:59:44.188380 1739 sql/catalog/lease/lease.go:2467 ⋮ [T1,Vsystem,n1] 103  released orphaned lease: ID=21 ver=1 expiration={0001-01-01 00:00:00 +0000 UTC}
I250820 21:59:44.188448 1528 sql/catalog/lease/lease.go:2467 ⋮ [T1,Vsystem,n1] 104  released orphaned lease: ID=24 ver=1 expiration={0001-01-01 00:00:00 +0000 UTC}
I250820 21:59:44.188519 1783 sql/catalog/lease/lease.go:2467 ⋮ [T1,Vsystem,n1] 105  released orphaned lease: ID=25 ver=1 expiration={0001-01-01 00:00:00 +0000 UTC}
I250820 21:59:44.188519 1599 sql/catalog/lease/lease.go:2467 ⋮ [T1,Vsystem,n1] 106  released orphaned lease: ID=26 ver=1 expiration={0001-01-01 00:00:00 +0000 UTC}
I250820 21:59:44.190056 1785 sql/catalog/lease/lease.go:2467 ⋮ [T1,Vsystem,n1] 107  released orphaned lease: ID=28 ver=1 expiration={0001-01-01 00:00:00 +0000 UTC}
I250820 21:59:44.190228 1784 sql/catalog/lease/lease.go:2467 ⋮ [T1,Vsystem,n1] 108  released orphaned lease: ID=27 ver=1 expiration={0001-01-01 00:00:00 +0000 UTC}
I250820 21:59:44.190580 1787 sql/catalog/lease/lease.go:2467 ⋮ [T1,Vsystem,n1] 109  released orphaned lease: ID=31 ver=1 expiration={0001-01-01 00:00:00 +0000 UTC}
I250820 21:59:44.190902 1786 sql/catalog/lease/lease.go:2467 ⋮ [T1,Vsystem,n1] 110  released orphaned lease: ID=30 ver=1 expiration={0001-01-01 00:00:00 +0000 UTC}
I250820 21:59:44.191561 1812 sql/catalog/lease/lease.go:2467 ⋮ [T1,Vsystem,n1] 111  released orphaned lease: ID=32 ver=1 expiration={0001-01-01 00:00:00 +0000 UTC}
I250820 21:59:44.192171 1600 sql/catalog/lease/lease.go:2467 ⋮ [T1,Vsystem,n1] 112  released orphaned lease: ID=33 ver=1 expiration={0001-01-01 00:00:00 +0000 UTC}
I250820 21:59:44.192304 1601 sql/catalog/lease/lease.go:2467 ⋮ [T1,Vsystem,n1] 113  released orphaned lease: ID=35 ver=1 expiration={0001-01-01 00:00:00 +0000 UTC}
I250820 21:59:44.192380 1740 sql/catalog/lease/lease.go:2467 ⋮ [T1,Vsystem,n1] 114  released orphaned lease: ID=34 ver=1 expiration={0001-01-01 00:00:00 +0000 UTC}
I250820 21:59:44.193796 1826 sql/catalog/lease/lease.go:2467 ⋮ [T1,Vsystem,n1] 115  released orphaned lease: ID=36 ver=1 expiration={0001-01-01 00:00:00 +0000 UTC}
I250820 21:59:44.196064 1532 sql/catalog/lease/lease.go:2467 ⋮ [T1,Vsystem,n1] 116  released orphaned lease: ID=42 ver=1 expiration={0001-01-01 00:00:00 +0000 UTC}
I250820 21:59:44.196122 1530 sql/catalog/lease/lease.go:2467 ⋮ [T1,Vsystem,n1] 117  released orphaned lease: ID=39 ver=1 expiration={0001-01-01 00:00:00 +0000 UTC}
I250820 21:59:44.196218 1531 sql/catalog/lease/lease.go:2467 ⋮ [T1,Vsystem,n1] 118  released orphaned lease: ID=40 ver=1 expiration={0001-01-01 00:00:00 +0000 UTC}
I250820 21:59:44.196357 1529 sql/catalog/lease/lease.go:2467 ⋮ [T1,Vsystem,n1] 119  released orphaned lease: ID=37 ver=1 expiration={0001-01-01 00:00:00 +0000 UTC}
I250820 21:59:44.196357 1827 sql/catalog/lease/lease.go:2467 ⋮ [T1,Vsystem,n1] 120  released orphaned lease: ID=41 ver=1 expiration={0001-01-01 00:00:00 +0000 UTC}
I250820 21:59:44.197394 1790 sql/catalog/lease/lease.go:2467 ⋮ [T1,Vsystem,n1] 121  released orphaned lease: ID=46 ver=1 expiration={0001-01-01 00:00:00 +0000 UTC}
I250820 21:59:44.197433 1789 sql/catalog/lease/lease.go:2467 ⋮ [T1,Vsystem,n1] 122  released orphaned lease: ID=45 ver=1 expiration={0001-01-01 00:00:00 +0000 UTC}
I250820 21:59:44.197464 1798 sql/catalog/lease/lease.go:2467 ⋮ [T1,Vsystem,n1] 123  released orphaned lease: ID=44 ver=1 expiration={0001-01-01 00:00:00 +0000 UTC}
I250820 21:59:44.198107 1788 sql/catalog/lease/lease.go:2467 ⋮ [T1,Vsystem,n1] 124  released orphaned lease: ID=43 ver=1 expiration={0001-01-01 00:00:00 +0000 UTC}
I250820 21:59:44.197892 1791 sql/catalog/lease/lease.go:2467 ⋮ [T1,Vsystem,n1] 125  released orphaned lease: ID=47 ver=1 expiration={0001-01-01 00:00:00 +0000 UTC}
I250820 21:59:44.199315 1533 sql/catalog/lease/lease.go:2467 ⋮ [T1,Vsystem,n1] 126  released orphaned lease: ID=51 ver=1 expiration={0001-01-01 00:00:00 +0000 UTC}
I250820 21:59:44.199413 1814 sql/catalog/lease/lease.go:2467 ⋮ [T1,Vsystem,n1] 127  released orphaned lease: ID=50 ver=1 expiration={0001-01-01 00:00:00 +0000 UTC}
I250820 21:59:44.200154 1813 sql/catalog/lease/lease.go:2467 ⋮ [T1,Vsystem,n1] 128  released orphaned lease: ID=48 ver=1 expiration={0001-01-01 00:00:00 +0000 UTC}
I250820 21:59:44.200244 1792 sql/catalog/lease/lease.go:2467 ⋮ [T1,Vsystem,n1] 129  released orphaned lease: ID=52 ver=1 expiration={0001-01-01 00:00:00 +0000 UTC}
I250820 21:59:44.200533 1793 sql/catalog/lease/lease.go:2467 ⋮ [T1,Vsystem,n1] 130  released orphaned lease: ID=54 ver=1 expiration={0001-01-01 00:00:00 +0000 UTC}
I250820 21:59:44.200568 1799 sql/catalog/lease/lease.go:2467 ⋮ [T1,Vsystem,n1] 131  released orphaned lease: ID=55 ver=1 expiration={0001-01-01 00:00:00 +0000 UTC}
I250820 21:59:44.200667 1815 sql/catalog/lease/lease.go:2467 ⋮ [T1,Vsystem,n1] 132  released orphaned lease: ID=53 ver=1 expiration={0001-01-01 00:00:00 +0000 UTC}
I250820 21:59:44.201115 1828 sql/catalog/lease/lease.go:2467 ⋮ [T1,Vsystem,n1] 133  released orphaned lease: ID=56 ver=1 expiration={0001-01-01 00:00:00 +0000 UTC}
I250820 21:59:44.201143 1534 sql/catalog/lease/lease.go:2467 ⋮ [T1,Vsystem,n1] 134  released orphaned lease: ID=57 ver=1 expiration={0001-01-01 00:00:00 +0000 UTC}
I250820 21:59:44.202360 1829 sql/catalog/lease/lease.go:2467 ⋮ [T1,Vsystem,n1] 135  released orphaned lease: ID=58 ver=1 expiration={0001-01-01 00:00:00 +0000 UTC}
I250820 21:59:44.202510 1535 sql/catalog/lease/lease.go:2467 ⋮ [T1,Vsystem,n1] 136  released orphaned lease: ID=59 ver=1 expiration={0001-01-01 00:00:00 +0000 UTC}
I250820 21:59:44.202568 1536 sql/catalog/lease/lease.go:2467 ⋮ [T1,Vsystem,n1] 137  released orphaned lease: ID=60 ver=1 expiration={0001-01-01 00:00:00 +0000 UTC}
I250820 21:59:44.203238 1537 sql/catalog/lease/lease.go:2467 ⋮ [T1,Vsystem,n1] 138  released orphaned lease: ID=62 ver=1 expiration={0001-01-01 00:00:00 +0000 UTC}
I250820 21:59:44.203378 1741 sql/catalog/lease/lease.go:2467 ⋮ [T1,Vsystem,n1] 139  released orphaned lease: ID=61 ver=1 expiration={0001-01-01 00:00:00 +0000 UTC}
I250820 21:59:44.204249 1830 sql/catalog/lease/lease.go:2467 ⋮ [T1,Vsystem,n1] 140  released orphaned lease: ID=63 ver=1 expiration={0001-01-01 00:00:00 +0000 UTC}
I250820 21:59:44.205392 1831 sql/catalog/lease/lease.go:2467 ⋮ [T1,Vsystem,n1] 141  released orphaned lease: ID=64 ver=1 expiration={0001-01-01 00:00:00 +0000 UTC}
I250820 21:59:44.205835 1842 sql/catalog/lease/lease.go:2467 ⋮ [T1,Vsystem,n1] 142  released orphaned lease: ID=66 ver=1 expiration={0001-01-01 00:00:00 +0000 UTC}
I250820 21:59:44.206287 1832 sql/catalog/lease/lease.go:2467 ⋮ [T1,Vsystem,n1] 143  released orphaned lease: ID=65 ver=1 expiration={0001-01-01 00:00:00 +0000 UTC}
I250820 21:59:44.206397 1800 sql/catalog/lease/lease.go:2467 ⋮ [T1,Vsystem,n1] 144  released orphaned lease: ID=67 ver=1 expiration={0001-01-01 00:00:00 +0000 UTC}
I250820 21:59:44.207357 1843 sql/catalog/lease/lease.go:2467 ⋮ [T1,Vsystem,n1] 145  released orphaned lease: ID=69 ver=1 expiration={0001-01-01 00:00:00 +0000 UTC}
I250820 21:59:44.207825 1801 sql/catalog/lease/lease.go:2467 ⋮ [T1,Vsystem,n1] 146  released orphaned lease: ID=68 ver=1 expiration={0001-01-01 00:00:00 +0000 UTC}
I250820 21:59:44.208829 1858 sql/catalog/lease/lease.go:2467 ⋮ [T1,Vsystem,n1] 147  released orphaned lease: ID=71 ver=1 expiration={0001-01-01 00:00:00 +0000 UTC}
I250820 21:59:44.209614 1859 sql/catalog/lease/lease.go:2467 ⋮ [T1,Vsystem,n1] 148  released orphaned lease: ID=72 ver=1 expiration={0001-01-01 00:00:00 +0000 UTC}
I250820 21:59:44.210485 1833 sql/catalog/lease/lease.go:2467 ⋮ [T1,Vsystem,n1] 149  released orphaned lease: ID=70 ver=1 expiration={0001-01-01 00:00:00 +0000 UTC}
I250820 21:59:44.215794 1699 sql/catalog/lease/lease.go:2467 ⋮ [T1,Vsystem,n1] 150  released orphaned lease: ID=108 ver=2 expiration={0001-01-01 00:00:00 +0000 UTC}
I250820 21:59:44.216465 1604 sql/catalog/lease/lease.go:2467 ⋮ [T1,Vsystem,n1] 151  released orphaned lease: ID=104 ver=1 expiration={0001-01-01 00:00:00 +0000 UTC}
I250820 21:59:44.216558 1802 sql/catalog/lease/lease.go:2467 ⋮ [T1,Vsystem,n1] 152  released orphaned lease: ID=105 ver=1 expiration={0001-01-01 00:00:00 +0000 UTC}
I250820 21:59:44.216167 1860 sql/catalog/lease/lease.go:2467 ⋮ [T1,Vsystem,n1] 153  released orphaned lease: ID=106 ver=15 expiration={0001-01-01 00:00:00 +0000 UTC}
I250820 21:59:44.216984 1861 sql/catalog/lease/lease.go:2467 ⋮ [T1,Vsystem,n1] 154  released orphaned lease: ID=107 ver=1 expiration={0001-01-01 00:00:00 +0000 UTC}
I250820 21:59:44.217517 1700 sql/catalog/lease/lease.go:2467 ⋮ [T1,Vsystem,n1] 155  released orphaned lease: ID=112 ver=1 expiration={0001-01-01 00:00:00 +0000 UTC}
I250820 21:59:44.217741 1605 sql/catalog/lease/lease.go:2467 ⋮ [T1,Vsystem,n1] 156  released orphaned lease: ID=110 ver=1 expiration={0001-01-01 00:00:00 +0000 UTC}
I250820 21:59:44.218309 1742 sql/catalog/lease/lease.go:2467 ⋮ [T1,Vsystem,n1] 157  released orphaned lease: ID=109 ver=2 expiration={0001-01-01 00:00:00 +0000 UTC}
I250820 21:59:44.218525 1862 sql/catalog/lease/lease.go:2467 ⋮ [T1,Vsystem,n1] 158  released orphaned lease: ID=111 ver=3 expiration={0001-01-01 00:00:00 +0000 UTC}
I250820 21:59:44.219785 1816 sql/catalog/lease/lease.go:2467 ⋮ [T1,Vsystem,n1] 159  released orphaned lease: ID=116 ver=1 expiration={0001-01-01 00:00:00 +0000 UTC}
I250820 21:59:44.219803 1607 sql/catalog/lease/lease.go:2467 ⋮ [T1,Vsystem,n1] 160  released orphaned lease: ID=115 ver=7 expiration={0001-01-01 00:00:00 +0000 UTC}
I250820 21:59:44.219868 1606 sql/catalog/lease/lease.go:2467 ⋮ [T1,Vsystem,n1] 161  released orphaned lease: ID=114 ver=1 expiration={0001-01-01 00:00:00 +0000 UTC}
I250820 21:59:44.220110 1817 sql/catalog/lease/lease.go:2467 ⋮ [T1,Vsystem,n1] 162  released orphaned lease: ID=117 ver=3 expiration={0001-01-01 00:00:00 +0000 UTC}
I250820 21:59:44.220196 1803 sql/catalog/lease/lease.go:2467 ⋮ [T1,Vsystem,n1] 163  released orphaned lease: ID=113 ver=7 expiration={0001-01-01 00:00:00 +0000 UTC}
I250820 21:59:44.220717 1821 sql/catalog/lease/lease.go:2467 ⋮ [T1,Vsystem,n1] 164  released orphaned lease: ID=124 ver=3 expiration={0001-01-01 00:00:00 +0000 UTC}
I250820 21:59:44.220739 1608 sql/catalog/lease/lease.go:2467 ⋮ [T1,Vsystem,n1] 165  released orphaned lease: ID=122 ver=2 expiration={0001-01-01 00:00:00 +0000 UTC}
I250820 21:59:44.221108 1820 sql/catalog/lease/lease.go:2467 ⋮ [T1,Vsystem,n1] 166  released orphaned lease: ID=123 ver=1 expiration={0001-01-01 00:00:00 +0000 UTC}
I250820 21:59:44.221138 1819 sql/catalog/lease/lease.go:2467 ⋮ [T1,Vsystem,n1] 167  released orphaned lease: ID=119 ver=2 expiration={0001-01-01 00:00:00 +0000 UTC}
I250820 21:59:44.223917 1805 sql/catalog/lease/lease.go:2467 ⋮ [T1,Vsystem,n1] 168  released orphaned lease: ID=128 ver=2 expiration={0001-01-01 00:00:00 +0000 UTC}
I250820 21:59:44.224162 1804 sql/catalog/lease/lease.go:2467 ⋮ [T1,Vsystem,n1] 169  released orphaned lease: ID=126 ver=2 expiration={0001-01-01 00:00:00 +0000 UTC}
I250820 21:59:44.224308 1609 sql/catalog/lease/lease.go:2467 ⋮ [T1,Vsystem,n1] 170  released orphaned lease: ID=125 ver=3 expiration={0001-01-01 00:00:00 +0000 UTC}
I250820 21:59:44.224410 1818 sql/catalog/lease/lease.go:2467 ⋮ [T1,Vsystem,n1] 171  released orphaned lease: ID=118 ver=1 expiration={0001-01-01 00:00:00 +0000 UTC}
I250820 21:59:44.224418 1610 sql/catalog/lease/lease.go:2467 ⋮ [T1,Vsystem,n1] 172  released orphaned lease: ID=127 ver=3 expiration={0001-01-01 00:00:00 +0000 UTC}
I250820 21:59:44.225430 1822 sql/catalog/lease/lease.go:2467 ⋮ [T1,Vsystem,n1] 173  released orphaned lease: ID=129 ver=3 expiration={0001-01-01 00:00:00 +0000 UTC}
I250820 21:59:44.225559 1611 sql/catalog/lease/lease.go:2467 ⋮ [T1,Vsystem,n1] 174  released orphaned lease: ID=130 ver=2 expiration={0001-01-01 00:00:00 +0000 UTC}
I250820 21:59:44.226809 1743 sql/catalog/lease/lease.go:2467 ⋮ [T1,Vsystem,n1] 175  released orphaned lease: ID=134 ver=1 expiration={0001-01-01 00:00:00 +0000 UTC}
I250820 21:59:44.226867 1845 sql/catalog/lease/lease.go:2467 ⋮ [T1,Vsystem,n1] 176  released orphaned lease: ID=132 ver=2 expiration={0001-01-01 00:00:00 +0000 UTC}
I250820 21:59:44.226890 1844 sql/catalog/lease/lease.go:2467 ⋮ [T1,Vsystem,n1] 177  released orphaned lease: ID=131 ver=2 expiration={0001-01-01 00:00:00 +0000 UTC}
I250820 21:59:44.226928 1846 sql/catalog/lease/lease.go:2467 ⋮ [T1,Vsystem,n1] 178  released orphaned lease: ID=133 ver=3 expiration={0001-01-01 00:00:00 +0000 UTC}
I250820 21:59:44.311224 580 1@gossip/gossip.go:1476 ⋮ [T1,Vsystem,n1] 179  node has connected to cluster via gossip
I250820 21:59:44.311873 580 kv/kvserver/stores.go:280 ⋮ [T1,Vsystem,n1] 180  wrote 0 node addresses to persistent storage
I250820 21:59:45.477675 1715 server/diagnostics/update_checker.go:144 ⋮ [T1,Vsystem,n1] 181  a new version is available: ‹25.3.0›, details: ‹https://www.cockroachlabs.com/docs/releases/v25.3#v25-3-0›
I250820 22:00:15.712144 2360 kv/kvserver/mvcc_gc_queue.go:796 ⋮ [T1,Vsystem,n1,mvccGC,s1,r86/1:‹/{Table/134-Max}›] 182  GC still needed following GC, recomputing MVCC stats
I250820 22:00:15.713083 2360 kv/kvserver/mvcc_gc_queue.go:797 ⋮ [T1,Vsystem,n1,mvccGC,s1,r86/1:‹/{Table/134-Max}›] 183  old score ‹queue=true with 0.00/fuzz(0.95)=0.00=valScaleScore(0.00)*deadFrac(0.04)+intentScore(0.00)›
I250820 22:00:15.713083 2360 kv/kvserver/mvcc_gc_queue.go:797 ⋮ [T1,Vsystem,n1,mvccGC,s1,r86/1:‹/{Table/134-Max}›] 183 +‹likely last GC: 2m56.164164041s ago, 0 B non-live, curr. age 0 B*s, min exp. reduction: 0 B*s›
I250820 22:00:15.713083 2360 kv/kvserver/mvcc_gc_queue.go:797 ⋮ [T1,Vsystem,n1,mvccGC,s1,r86/1:‹/{Table/134-Max}›] 183 +‹hint: {0,0 1755445834.582834013,0 1755445834.587412388,0}›
I250820 22:00:15.713689 2360 kv/kvserver/mvcc_gc_queue.go:798 ⋮ [T1,Vsystem,n1,mvccGC,s1,r86/1:‹/{Table/134-Max}›] 184  new score ‹queue=true with 0.00/fuzz(0.95)=0.00=valScaleScore(0.00)*deadFrac(0.04)+intentScore(0.00)›
I250820 22:00:15.713689 2360 kv/kvserver/mvcc_gc_queue.go:798 ⋮ [T1,Vsystem,n1,mvccGC,s1,r86/1:‹/{Table/134-Max}›] 184 +‹likely last GC: 3m1.198375417s ago, 0 B non-live, curr. age 0 B*s, min exp. reduction: 0 B*s›
I250820 22:00:15.713689 2360 kv/kvserver/mvcc_gc_queue.go:798 ⋮ [T1,Vsystem,n1,mvccGC,s1,r86/1:‹/{Table/134-Max}›] 184 +‹hint: {0,0 1755445834.582834013,0 1755445834.587412388,0}›
I250820 22:00:18.344824 1280 jobs/adopt.go:105 ⋮ [T1,Vsystem,n1] 185  claimed 7 jobs
I250820 22:00:18.361764 2519 jobs/adopt.go:224 ⋮ [T1,Vsystem,n1,job=1098946398292541441] 186  job 1098946398292541441: resuming execution
I250820 22:00:18.361834 2516 jobs/adopt.go:224 ⋮ [T1,Vsystem,n1,job=104] 187  job 104: resuming execution
I250820 22:00:18.361810 2521 jobs/adopt.go:224 ⋮ [T1,Vsystem,n1,job=101] 188  job 101: resuming execution
I250820 22:00:18.361738 2520 jobs/adopt.go:224 ⋮ [T1,Vsystem,n1,job=100] 189  job 100: resuming execution
I250820 22:00:18.361613 2522 jobs/adopt.go:224 ⋮ [T1,Vsystem,n1,job=103] 190  job 103: resuming execution
I250820 22:00:18.361918 2517 jobs/adopt.go:224 ⋮ [T1,Vsystem,n1,job=105] 191  job 105: resuming execution
I250820 22:00:18.361645 2518 jobs/adopt.go:224 ⋮ [T1,Vsystem,n1,job=1098958321112612865] 192  job 1098958321112612865: resuming execution
I250820 22:00:18.485525 2546 jobs/registry.go:1681 ⋮ [T1,Vsystem,n1,job=1098946398292541441] 193  AUTO SPAN CONFIG RECONCILIATION job 1098946398292541441: stepping through state running
I250820 22:00:18.485541 2216 jobs/registry.go:1681 ⋮ [T1,Vsystem,n1,job=104] 194  MVCC STATISTICS UPDATE job 104: stepping through state running
I250820 22:00:18.485535 2530 jobs/registry.go:1681 ⋮ [T1,Vsystem,n1,job=105] 195  UPDATE TABLE METADATA CACHE job 105: stepping through state running
I250820 22:00:18.485567 2185 jobs/registry.go:1681 ⋮ [T1,Vsystem,n1,job=101] 196  POLL JOBS STATS job 101: stepping through state running
I250820 22:00:18.485440 1012 jobs/registry.go:1681 ⋮ [T1,Vsystem,n1,job=100] 198  KEY VISUALIZER job 100: stepping through state running
I250820 22:00:18.486425 2501 jobs/registry.go:1681 ⋮ [T1,Vsystem,n1,job=103] 199  AUTO UPDATE SQL ACTIVITY job 103: stepping through state running
I250820 22:00:18.485925 2367 jobs/registry.go:1681 ⋮ [T1,Vsystem,n1,job=1098958321112612865] 197  CHANGEFEED job 1098958321112612865: stepping through state running
I250820 22:00:18.509570 2216 sql/mvcc_statistics_update_job.go:63 ⋮ [T1,Vsystem,n1,job=MVCC STATISTICS UPDATE id=104] 200  starting mvcc statistics update job
I250820 22:00:18.517195 2501 sql/sql_activity_update_job.go:88 ⋮ [T1,Vsystem,n1,job=AUTO UPDATE SQL ACTIVITY id=103] 201  starting sql stats activity flush job
I250820 22:00:18.524388 2563 ccl/changefeedccl/changefeed_dist.go:414 ⋮ [T1,Vsystem,n1,job=CHANGEFEED id=1098958321112612865] 202  using bulk oracle for DistSQL planning
I250820 22:00:18.534475 2563 ccl/changefeedccl/changefeed_dist.go:577 ⋮ [T1,Vsystem,n1,job=CHANGEFEED id=1098958321112612865] 203  changefeed plan diagram: ‹https://cockroachdb.github.io/distsqlplan/decode.html#eJyUkV_LmzAUh-_3KeRcRzSx7TRXHSuDXmwdW2EXRUZMjjbMGpdEuiF-96Hufd-20EIvzx-f3-NJD-53DRzkUTQVloiKBzTO0myZJoxSylaUpaslEGiMwi_ihA74ASjkBFprJDpn7Njqp4Wt-gM8JqCbtvNjOycgjUXgPXjtawQOH6eoD1VlsRLe2CgGAgq90PXE_iG8PKILDjTnQbQXRY0RTZKopyEbIB8ImM6_4Z0XFQKnFz7bDfB4IM8qfbKm8RptRK-Fdp3nwZqRdULWi7sC7EaAPiPwDV1rGodXwfeS4pukkA45AVQVzg_hTGclfrVGTrtzuZtAU0Oh8_OUzsW2eRk5b1GcXu93SaIPSewRKSdQ1ub8UyvgoApMlwqTMMmy9-FiVWKYFaoME4ZZqmJZSJbC-IGo3Hii70dznrD7v-34g6WoHRL4LH7hBj3ak26081r-nwzDu38BAAD__21m6lo=›
I250820 22:00:18.560073 2569 ccl/changefeedccl/sink_kafka_v2.go:246 ⋮ [-] 204  updating kafka metadata for topics: [‹users_changes›]
I250820 22:00:18.576695 2569 ccl/changefeedccl/sink_kafka_v2.go:246 ⋮ [-] 205  updating kafka metadata for topics: [‹users_changes›]
I250820 22:00:18.577087 2616 ccl/changefeedccl/kvfeed/kv_feed.go:332 ⋮ [T1,Vsystem,n1,job=1098958321112612865,change-aggregator] 206  kv feed run starting
I250820 22:00:18.654554 2546 spanconfig/spanconfigsqlwatcher/sqlwatcher.go:241 ⋮ [T1,Vsystem,n1,job=AUTO SPAN CONFIG RECONCILIATION id=1098946398292541441] 207  established range feed over system.descriptors starting at time 1755727218.525810086,0
I250820 22:00:18.655881 2546 spanconfig/spanconfigsqlwatcher/sqlwatcher.go:300 ⋮ [T1,Vsystem,n1,job=AUTO SPAN CONFIG RECONCILIATION id=1098946398292541441] 208  established range feed over system.zones starting at time 1755727218.525810086,0
I250820 22:00:18.656270 2546 spanconfig/spanconfigsqlwatcher/sqlwatcher.go:401 ⋮ [T1,Vsystem,n1,job=AUTO SPAN CONFIG RECONCILIATION id=1098946398292541441] 209  established range feed over system.protected_ts_records starting at time 1755727218.525810086,0
I250820 22:01:27.787582 4422 kv/kvserver/mvcc_gc_queue.go:796 ⋮ [T1,Vsystem,n1,mvccGC,s1,r86/1:‹/{Table/134-Max}›] 210  GC still needed following GC, recomputing MVCC stats
I250820 22:01:27.787776 4422 kv/kvserver/mvcc_gc_queue.go:797 ⋮ [T1,Vsystem,n1,mvccGC,s1,r86/1:‹/{Table/134-Max}›] 211  old score ‹queue=true with 0.00/fuzz(0.95)=0.00=valScaleScore(0.00)*deadFrac(0.04)+intentScore(0.00)›
I250820 22:01:27.787776 4422 kv/kvserver/mvcc_gc_queue.go:797 ⋮ [T1,Vsystem,n1,mvccGC,s1,r86/1:‹/{Table/134-Max}›] 211 +‹likely last GC: 1m6.842275171s ago, 0 B non-live, curr. age 0 B*s, min exp. reduction: 0 B*s›
I250820 22:01:27.787776 4422 kv/kvserver/mvcc_gc_queue.go:797 ⋮ [T1,Vsystem,n1,mvccGC,s1,r86/1:‹/{Table/134-Max}›] 211 +‹hint: {0,0 1755445834.582834013,0 1755445834.587412388,0}›
I250820 22:01:27.796277 4422 kv/kvserver/mvcc_gc_queue.go:798 ⋮ [T1,Vsystem,n1,mvccGC,s1,r86/1:‹/{Table/134-Max}›] 212  new score ‹queue=true with 0.00/fuzz(0.95)=0.00=valScaleScore(0.00)*deadFrac(0.04)+intentScore(0.00)›
I250820 22:01:27.796277 4422 kv/kvserver/mvcc_gc_queue.go:798 ⋮ [T1,Vsystem,n1,mvccGC,s1,r86/1:‹/{Table/134-Max}›] 212 +‹likely last GC: 1m12.097085423s ago, 0 B non-live, curr. age 0 B*s, min exp. reduction: 0 B*s›
I250820 22:01:27.796277 4422 kv/kvserver/mvcc_gc_queue.go:798 ⋮ [T1,Vsystem,n1,mvccGC,s1,r86/1:‹/{Table/134-Max}›] 212 +‹hint: {0,0 1755445834.582834013,0 1755445834.587412388,0}›
I250820 22:01:50.806645 4734 kv/kvserver/mvcc_gc_queue.go:796 ⋮ [T1,Vsystem,n1,mvccGC,s1,r86/1:‹/{Table/134-Max}›] 213  GC still needed following GC, recomputing MVCC stats
I250820 22:01:50.806801 4734 kv/kvserver/mvcc_gc_queue.go:797 ⋮ [T1,Vsystem,n1,mvccGC,s1,r86/1:‹/{Table/134-Max}›] 214  old score ‹queue=true with 0.00/fuzz(0.95)=0.00=valScaleScore(0.00)*deadFrac(0.04)+intentScore(0.00)›
I250820 22:01:50.806801 4734 kv/kvserver/mvcc_gc_queue.go:797 ⋮ [T1,Vsystem,n1,mvccGC,s1,r86/1:‹/{Table/134-Max}›] 214 +‹likely last GC: 18.745054996s ago, 0 B non-live, curr. age 0 B*s, min exp. reduction: 0 B*s›
I250820 22:01:50.806801 4734 kv/kvserver/mvcc_gc_queue.go:797 ⋮ [T1,Vsystem,n1,mvccGC,s1,r86/1:‹/{Table/134-Max}›] 214 +‹hint: {0,0 1755445834.582834013,0 1755445834.587412388,0}›
I250820 22:01:50.806920 4734 kv/kvserver/mvcc_gc_queue.go:798 ⋮ [T1,Vsystem,n1,mvccGC,s1,r86/1:‹/{Table/134-Max}›] 215  new score ‹queue=true with 0.00/fuzz(0.95)=0.00=valScaleScore(0.00)*deadFrac(0.04)+intentScore(0.00)›
I250820 22:01:50.806920 4734 kv/kvserver/mvcc_gc_queue.go:798 ⋮ [T1,Vsystem,n1,mvccGC,s1,r86/1:‹/{Table/134-Max}›] 215 +‹likely last GC: 23.03239608s ago, 0 B non-live, curr. age 0 B*s, min exp. reduction: 0 B*s›
I250820 22:01:50.806920 4734 kv/kvserver/mvcc_gc_queue.go:798 ⋮ [T1,Vsystem,n1,mvccGC,s1,r86/1:‹/{Table/134-Max}›] 215 +‹hint: {0,0 1755445834.582834013,0 1755445834.587412388,0}›
I250820 22:02:44.249994 5891 1@jobs/structured_log.go:49 ⋮ [T1,Vsystem,n1] 216 ={"Timestamp":1755727364249990876,"EventType":"status_change","JobID":1099880740366647297,"JobType":"AUTO CREATE PARTIAL STATS","Description":"state changed to: running","PreviousStatus":"running","NewStatus":"running","RunNum":0}
I250820 22:02:44.261676 5891 sql/distsql_plan_stats.go:209 ⋮ [T1,Vsystem,n1,job=AUTO CREATE PARTIAL STATS id=1099880740366647297,create-stats-distsql] 217  using computed sample size of 10000 for histogram construction
I250820 22:02:44.294921 5891 1@jobs/structured_log.go:49 ⋮ [T1,Vsystem,n1] 218 ={"Timestamp":1755727364294917584,"EventType":"status_change","JobID":1099880740366647297,"JobType":"AUTO CREATE PARTIAL STATS","Description":"state changed to: succeeded","PreviousStatus":"running","NewStatus":"succeeded","RunNum":0}
I250820 22:03:34.937756 6916 kv/kvserver/mvcc_gc_queue.go:796 ⋮ [T1,Vsystem,n1,mvccGC,s1,r86/1:‹/{Table/134-Max}›] 219  GC still needed following GC, recomputing MVCC stats
I250820 22:03:34.937882 6916 kv/kvserver/mvcc_gc_queue.go:797 ⋮ [T1,Vsystem,n1,mvccGC,s1,r86/1:‹/{Table/134-Max}›] 220  old score ‹queue=true with 0.00/fuzz(0.95)=0.00=valScaleScore(0.00)*deadFrac(0.04)+intentScore(0.00)›
I250820 22:03:34.937882 6916 kv/kvserver/mvcc_gc_queue.go:797 ⋮ [T1,Vsystem,n1,mvccGC,s1,r86/1:‹/{Table/134-Max}›] 220 +‹likely last GC: 1m40.748128756s ago, 0 B non-live, curr. age 0 B*s, min exp. reduction: 0 B*s›
I250820 22:03:34.937882 6916 kv/kvserver/mvcc_gc_queue.go:797 ⋮ [T1,Vsystem,n1,mvccGC,s1,r86/1:‹/{Table/134-Max}›] 220 +‹hint: {0,0 1755445834.582834013,0 1755445834.587412388,0}›
I250820 22:03:34.938067 6916 kv/kvserver/mvcc_gc_queue.go:798 ⋮ [T1,Vsystem,n1,mvccGC,s1,r86/1:‹/{Table/134-Max}›] 221  new score ‹queue=true with 0.00/fuzz(0.95)=0.00=valScaleScore(0.00)*deadFrac(0.04)+intentScore(0.00)›
I250820 22:03:34.938067 6916 kv/kvserver/mvcc_gc_queue.go:798 ⋮ [T1,Vsystem,n1,mvccGC,s1,r86/1:‹/{Table/134-Max}›] 221 +‹likely last GC: 1m44.13493809s ago, 0 B non-live, curr. age 0 B*s, min exp. reduction: 0 B*s›
I250820 22:03:34.938067 6916 kv/kvserver/mvcc_gc_queue.go:798 ⋮ [T1,Vsystem,n1,mvccGC,s1,r86/1:‹/{Table/134-Max}›] 221 +‹hint: {0,0 1755445834.582834013,0 1755445834.587412388,0}›
I250820 22:03:44.281450 1714 jobs/job_scheduler.go:171 ⋮ [T1,Vsystem,n1] 222  Starting job for schedule 1098946398426431489 (‹"sql-stats-compaction"›); scheduled to run at 2025-08-20 22:00:00 +0000 UTC; next run scheduled for 2025-08-20 23:00:00 +0000 UTC
I250820 22:03:49.875021 1280 jobs/adopt.go:105 ⋮ [T1,Vsystem,n1] 223  claimed 1 jobs
I250820 22:03:49.878106 6856 jobs/adopt.go:224 ⋮ [T1,Vsystem,n1,job=1099880937171025921] 224  job 1099880937171025921: resuming execution
I250820 22:03:49.881238 6860 jobs/registry.go:1681 ⋮ [T1,Vsystem,n1,job=1099880937171025921] 225  AUTO SQL STATS COMPACTION job 1099880937171025921: stepping through state running
I250820 22:03:49.886875 6860 1@jobs/structured_log.go:49 ⋮ [T1,Vsystem,n1,job=1099880937171025921] 226 ={"Timestamp":1755727429886848378,"EventType":"status_change","JobID":1099880937171025921,"JobType":"AUTO SQL STATS COMPACTION","Description":"state changed to: running","PreviousStatus":"running","NewStatus":"running","RunNum":0}
I250820 22:03:49.886946 6860 sql/compact_sql_stats.go:37 ⋮ [T1,Vsystem,n1,job=AUTO SQL STATS COMPACTION id=1099880937171025921] 227  starting sql stats compaction job
I250820 22:03:49.972183 6860 sql/compact_sql_stats.go:101 ⋮ [T1,Vsystem,n1,job=AUTO SQL STATS COMPACTION id=1099880937171025921] 228  sql stats compaction job terminated with status = succeeded
I250820 22:03:49.973790 6860 jobs/registry.go:1681 ⋮ [T1,Vsystem,n1,job=1099880937171025921] 229  AUTO SQL STATS COMPACTION job 1099880937171025921: stepping through state succeeded
I250820 22:03:49.981049 6860 1@jobs/structured_log.go:49 ⋮ [T1,Vsystem,n1,job=1099880937171025921] 230 ={"Timestamp":1755727429981047295,"EventType":"status_change","JobID":1099880937171025921,"JobType":"AUTO SQL STATS COMPACTION","Description":"state changed to: succeeded","PreviousStatus":"running","NewStatus":"succeeded","RunNum":0}
I250820 22:04:20.019854 7816 kv/kvserver/mvcc_gc_queue.go:796 ⋮ [T1,Vsystem,n1,mvccGC,s1,r86/1:‹/{Table/134-Max}›] 231  GC still needed following GC, recomputing MVCC stats
I250820 22:04:20.020237 7816 kv/kvserver/mvcc_gc_queue.go:797 ⋮ [T1,Vsystem,n1,mvccGC,s1,r86/1:‹/{Table/134-Max}›] 232  old score ‹queue=true with 0.00/fuzz(0.95)=0.00=valScaleScore(0.00)*deadFrac(0.04)+intentScore(0.00)›
I250820 22:04:20.020237 7816 kv/kvserver/mvcc_gc_queue.go:797 ⋮ [T1,Vsystem,n1,mvccGC,s1,r86/1:‹/{Table/134-Max}›] 232 +‹likely last GC: 41.691993492s ago, 0 B non-live, curr. age 0 B*s, min exp. reduction: 0 B*s›
I250820 22:04:20.020237 7816 kv/kvserver/mvcc_gc_queue.go:797 ⋮ [T1,Vsystem,n1,mvccGC,s1,r86/1:‹/{Table/134-Max}›] 232 +‹hint: {0,0 1755445834.582834013,0 1755445834.587412388,0}›
I250820 22:04:20.020339 7816 kv/kvserver/mvcc_gc_queue.go:798 ⋮ [T1,Vsystem,n1,mvccGC,s1,r86/1:‹/{Table/134-Max}›] 233  new score ‹queue=true with 0.00/fuzz(0.95)=0.00=valScaleScore(0.00)*deadFrac(0.04)+intentScore(0.00)›
I250820 22:04:20.020339 7816 kv/kvserver/mvcc_gc_queue.go:798 ⋮ [T1,Vsystem,n1,mvccGC,s1,r86/1:‹/{Table/134-Max}›] 233 +‹likely last GC: 45.086288951s ago, 0 B non-live, curr. age 0 B*s, min exp. reduction: 0 B*s›
I250820 22:04:20.020339 7816 kv/kvserver/mvcc_gc_queue.go:798 ⋮ [T1,Vsystem,n1,mvccGC,s1,r86/1:‹/{Table/134-Max}›] 233 +‹hint: {0,0 1755445834.582834013,0 1755445834.587412388,0}›
I250820 22:04:49.063184 8349 kv/kvserver/mvcc_gc_queue.go:796 ⋮ [T1,Vsystem,n1,mvccGC,s1,r86/1:‹/{Table/134-Max}›] 234  GC still needed following GC, recomputing MVCC stats
I250820 22:04:49.063247 8349 kv/kvserver/mvcc_gc_queue.go:797 ⋮ [T1,Vsystem,n1,mvccGC,s1,r86/1:‹/{Table/134-Max}›] 235  old score ‹queue=true with 0.00/fuzz(0.95)=0.00=valScaleScore(0.00)*deadFrac(0.04)+intentScore(0.00)›
I250820 22:04:49.063247 8349 kv/kvserver/mvcc_gc_queue.go:797 ⋮ [T1,Vsystem,n1,mvccGC,s1,r86/1:‹/{Table/134-Max}›] 235 +‹likely last GC: 23.591984332s ago, 0 B non-live, curr. age 0 B*s, min exp. reduction: 0 B*s›
I250820 22:04:49.063247 8349 kv/kvserver/mvcc_gc_queue.go:797 ⋮ [T1,Vsystem,n1,mvccGC,s1,r86/1:‹/{Table/134-Max}›] 235 +‹hint: {0,0 1755445834.582834013,0 1755445834.587412388,0}›
I250820 22:04:49.063284 8349 kv/kvserver/mvcc_gc_queue.go:798 ⋮ [T1,Vsystem,n1,mvccGC,s1,r86/1:‹/{Table/134-Max}›] 236  new score ‹queue=true with 0.00/fuzz(0.95)=0.00=valScaleScore(0.00)*deadFrac(0.04)+intentScore(0.00)›
I250820 22:04:49.063284 8349 kv/kvserver/mvcc_gc_queue.go:798 ⋮ [T1,Vsystem,n1,mvccGC,s1,r86/1:‹/{Table/134-Max}›] 236 +‹likely last GC: 29.0517065s ago, 0 B non-live, curr. age 0 B*s, min exp. reduction: 0 B*s›
I250820 22:04:49.063284 8349 kv/kvserver/mvcc_gc_queue.go:798 ⋮ [T1,Vsystem,n1,mvccGC,s1,r86/1:‹/{Table/134-Max}›] 236 +‹hint: {0,0 1755445834.582834013,0 1755445834.587412388,0}›
I250820 22:05:42.148353 9152 kv/kvserver/mvcc_gc_queue.go:796 ⋮ [T1,Vsystem,n1,mvccGC,s1,r86/1:‹/{Table/134-Max}›] 237  GC still needed following GC, recomputing MVCC stats
I250820 22:05:42.148471 9152 kv/kvserver/mvcc_gc_queue.go:797 ⋮ [T1,Vsystem,n1,mvccGC,s1,r86/1:‹/{Table/134-Max}›] 238  old score ‹queue=true with 0.00/fuzz(0.95)=0.00=valScaleScore(0.00)*deadFrac(0.04)+intentScore(0.00)›
I250820 22:05:42.148471 9152 kv/kvserver/mvcc_gc_queue.go:797 ⋮ [T1,Vsystem,n1,mvccGC,s1,r86/1:‹/{Table/134-Max}›] 238 +‹likely last GC: 48.690311552s ago, 0 B non-live, curr. age 0 B*s, min exp. reduction: 0 B*s›
I250820 22:05:42.148471 9152 kv/kvserver/mvcc_gc_queue.go:797 ⋮ [T1,Vsystem,n1,mvccGC,s1,r86/1:‹/{Table/134-Max}›] 238 +‹hint: {0,0 1755445834.582834013,0 1755445834.587412388,0}›
I250820 22:05:42.148541 9152 kv/kvserver/mvcc_gc_queue.go:798 ⋮ [T1,Vsystem,n1,mvccGC,s1,r86/1:‹/{Table/134-Max}›] 239  new score ‹queue=true with 0.00/fuzz(0.95)=0.00=valScaleScore(0.00)*deadFrac(0.04)+intentScore(0.00)›
I250820 22:05:42.148541 9152 kv/kvserver/mvcc_gc_queue.go:798 ⋮ [T1,Vsystem,n1,mvccGC,s1,r86/1:‹/{Table/134-Max}›] 239 +‹likely last GC: 53.087309288s ago, 0 B non-live, curr. age 0 B*s, min exp. reduction: 0 B*s›
I250820 22:05:42.148541 9152 kv/kvserver/mvcc_gc_queue.go:798 ⋮ [T1,Vsystem,n1,mvccGC,s1,r86/1:‹/{Table/134-Max}›] 239 +‹hint: {0,0 1755445834.582834013,0 1755445834.587412388,0}›
I250820 22:06:31.203562 10226 kv/kvserver/mvcc_gc_queue.go:796 ⋮ [T1,Vsystem,n1,mvccGC,s1,r86/1:‹/{Table/134-Max}›] 240  GC still needed following GC, recomputing MVCC stats
I250820 22:06:31.203631 10226 kv/kvserver/mvcc_gc_queue.go:797 ⋮ [T1,Vsystem,n1,mvccGC,s1,r86/1:‹/{Table/134-Max}›] 241  old score ‹queue=true with 0.00/fuzz(0.95)=0.00=valScaleScore(0.00)*deadFrac(0.04)+intentScore(0.00)›
I250820 22:06:31.203631 10226 kv/kvserver/mvcc_gc_queue.go:797 ⋮ [T1,Vsystem,n1,mvccGC,s1,r86/1:‹/{Table/134-Max}›] 241 +‹likely last GC: 43.688491675s ago, 0 B non-live, curr. age 0 B*s, min exp. reduction: 0 B*s›
I250820 22:06:31.203631 10226 kv/kvserver/mvcc_gc_queue.go:797 ⋮ [T1,Vsystem,n1,mvccGC,s1,r86/1:‹/{Table/134-Max}›] 241 +‹hint: {0,0 1755445834.582834013,0 1755445834.587412388,0}›
I250820 22:06:31.203742 10226 kv/kvserver/mvcc_gc_queue.go:798 ⋮ [T1,Vsystem,n1,mvccGC,s1,r86/1:‹/{Table/134-Max}›] 242  new score ‹queue=true with 0.00/fuzz(0.95)=0.00=valScaleScore(0.00)*deadFrac(0.04)+intentScore(0.00)›
I250820 22:06:31.203742 10226 kv/kvserver/mvcc_gc_queue.go:798 ⋮ [T1,Vsystem,n1,mvccGC,s1,r86/1:‹/{Table/134-Max}›] 242 +‹likely last GC: 49.057726592s ago, 0 B non-live, curr. age 0 B*s, min exp. reduction: 0 B*s›
I250820 22:06:31.203742 10226 kv/kvserver/mvcc_gc_queue.go:798 ⋮ [T1,Vsystem,n1,mvccGC,s1,r86/1:‹/{Table/134-Max}›] 242 +‹hint: {0,0 1755445834.582834013,0 1755445834.587412388,0}›
I250820 22:06:44.374712 10467 1@jobs/structured_log.go:49 ⋮ [T1,Vsystem,n1] 243 ={"Timestamp":1755727604374709834,"EventType":"status_change","JobID":1099881527223025665,"JobType":"AUTO CREATE STATS","Description":"state changed to: running","PreviousStatus":"running","NewStatus":"running","RunNum":0}
I250820 22:06:44.376282 10467 sql/distsql_plan_stats.go:209 ⋮ [T1,Vsystem,n1,job=AUTO CREATE STATS id=1099881527223025665,create-stats-distsql] 244  using computed sample size of 10000 for histogram construction
I250820 22:06:44.417358 10467 1@jobs/structured_log.go:49 ⋮ [T1,Vsystem,n1] 245 ={"Timestamp":1755727604417355334,"EventType":"status_change","JobID":1099881527223025665,"JobType":"AUTO CREATE STATS","Description":"state changed to: succeeded","PreviousStatus":"running","NewStatus":"succeeded","RunNum":0}
I250820 22:08:07.312748 12114 kv/kvserver/mvcc_gc_queue.go:796 ⋮ [T1,Vsystem,n1,mvccGC,s1,r86/1:‹/{Table/134-Max}›] 246  GC still needed following GC, recomputing MVCC stats
I250820 22:08:07.312821 12114 kv/kvserver/mvcc_gc_queue.go:797 ⋮ [T1,Vsystem,n1,mvccGC,s1,r86/1:‹/{Table/134-Max}›] 247  old score ‹queue=true with 0.00/fuzz(0.95)=0.00=valScaleScore(0.00)*deadFrac(0.04)+intentScore(0.00)›
I250820 22:08:07.312821 12114 kv/kvserver/mvcc_gc_queue.go:797 ⋮ [T1,Vsystem,n1,mvccGC,s1,r86/1:‹/{Table/134-Max}›] 247 +‹likely last GC: 1m30.603487877s ago, 0 B non-live, curr. age 0 B*s, min exp. reduction: 0 B*s›
I250820 22:08:07.312821 12114 kv/kvserver/mvcc_gc_queue.go:797 ⋮ [T1,Vsystem,n1,mvccGC,s1,r86/1:‹/{Table/134-Max}›] 247 +‹hint: {0,0 1755445834.582834013,0 1755445834.587412388,0}›
I250820 22:08:07.312885 12114 kv/kvserver/mvcc_gc_queue.go:798 ⋮ [T1,Vsystem,n1,mvccGC,s1,r86/1:‹/{Table/134-Max}›] 248  new score ‹queue=true with 0.00/fuzz(0.95)=0.00=valScaleScore(0.00)*deadFrac(0.04)+intentScore(0.00)›
I250820 22:08:07.312885 12114 kv/kvserver/mvcc_gc_queue.go:798 ⋮ [T1,Vsystem,n1,mvccGC,s1,r86/1:‹/{Table/134-Max}›] 248 +‹likely last GC: 1m36.110957544s ago, 0 B non-live, curr. age 0 B*s, min exp. reduction: 0 B*s›
I250820 22:08:07.312885 12114 kv/kvserver/mvcc_gc_queue.go:798 ⋮ [T1,Vsystem,n1,mvccGC,s1,r86/1:‹/{Table/134-Max}›] 248 +‹hint: {0,0 1755445834.582834013,0 1755445834.587412388,0}›
I250820 22:08:23.726064 771 server/status/runtime_jemalloc.go:226 ⋮ [T1,Vsystem,n1] 249  jemalloc arenas purged (took 1.071125ms)
I250820 22:09:20.405679 13467 kv/kvserver/mvcc_gc_queue.go:796 ⋮ [T1,Vsystem,n1,mvccGC,s1,r86/1:‹/{Table/134-Max}›] 250  GC still needed following GC, recomputing MVCC stats
I250820 22:09:20.405980 13467 kv/kvserver/mvcc_gc_queue.go:797 ⋮ [T1,Vsystem,n1,mvccGC,s1,r86/1:‹/{Table/134-Max}›] 251  old score ‹queue=true with 0.00/fuzz(0.95)=0.00=valScaleScore(0.00)*deadFrac(0.04)+intentScore(0.00)›
I250820 22:09:20.405980 13467 kv/kvserver/mvcc_gc_queue.go:797 ⋮ [T1,Vsystem,n1,mvccGC,s1,r86/1:‹/{Table/134-Max}›] 251 +‹likely last GC: 1m9.521549533s ago, 0 B non-live, curr. age 0 B*s, min exp. reduction: 0 B*s›
I250820 22:09:20.405980 13467 kv/kvserver/mvcc_gc_queue.go:797 ⋮ [T1,Vsystem,n1,mvccGC,s1,r86/1:‹/{Table/134-Max}›] 251 +‹hint: {0,0 1755445834.582834013,0 1755445834.587412388,0}›
I250820 22:09:20.406498 13467 kv/kvserver/mvcc_gc_queue.go:798 ⋮ [T1,Vsystem,n1,mvccGC,s1,r86/1:‹/{Table/134-Max}›] 252  new score ‹queue=true with 0.00/fuzz(0.95)=0.00=valScaleScore(0.00)*deadFrac(0.04)+intentScore(0.00)›
I250820 22:09:20.406498 13467 kv/kvserver/mvcc_gc_queue.go:798 ⋮ [T1,Vsystem,n1,mvccGC,s1,r86/1:‹/{Table/134-Max}›] 252 +‹likely last GC: 1m13.095330034s ago, 0 B non-live, curr. age 0 B*s, min exp. reduction: 0 B*s›
I250820 22:09:20.406498 13467 kv/kvserver/mvcc_gc_queue.go:798 ⋮ [T1,Vsystem,n1,mvccGC,s1,r86/1:‹/{Table/134-Max}›] 252 +‹hint: {0,0 1755445834.582834013,0 1755445834.587412388,0}›
I250820 22:09:44.447541 13951 1@jobs/structured_log.go:49 ⋮ [T1,Vsystem,n1] 253 ={"Timestamp":1755727784447535834,"EventType":"status_change","JobID":1099882117293080577,"JobType":"AUTO CREATE PARTIAL STATS","Description":"state changed to: running","PreviousStatus":"running","NewStatus":"running","RunNum":0}
I250820 22:09:44.451017 13951 sql/distsql_plan_stats.go:209 ⋮ [T1,Vsystem,n1,job=AUTO CREATE PARTIAL STATS id=1099882117293080577,create-stats-distsql] 254  using computed sample size of 10000 for histogram construction
I250820 22:09:44.486564 13951 1@jobs/structured_log.go:49 ⋮ [T1,Vsystem,n1] 255 ={"Timestamp":1755727784486559126,"EventType":"status_change","JobID":1099882117293080577,"JobType":"AUTO CREATE PARTIAL STATS","Description":"state changed to: succeeded","PreviousStatus":"running","NewStatus":"succeeded","RunNum":0}
I250820 22:10:02.459051 14323 kv/kvserver/mvcc_gc_queue.go:796 ⋮ [T1,Vsystem,n1,mvccGC,s1,r86/1:‹/{Table/134-Max}›] 256  GC still needed following GC, recomputing MVCC stats
I250820 22:10:02.459189 14323 kv/kvserver/mvcc_gc_queue.go:797 ⋮ [T1,Vsystem,n1,mvccGC,s1,r86/1:‹/{Table/134-Max}›] 257  old score ‹queue=true with 0.00/fuzz(0.95)=0.00=valScaleScore(0.00)*deadFrac(0.04)+intentScore(0.00)›
I250820 22:10:02.459189 14323 kv/kvserver/mvcc_gc_queue.go:797 ⋮ [T1,Vsystem,n1,mvccGC,s1,r86/1:‹/{Table/134-Max}›] 257 +‹likely last GC: 38.500247672s ago, 0 B non-live, curr. age 0 B*s, min exp. reduction: 0 B*s›
I250820 22:10:02.459189 14323 kv/kvserver/mvcc_gc_queue.go:797 ⋮ [T1,Vsystem,n1,mvccGC,s1,r86/1:‹/{Table/134-Max}›] 257 +‹hint: {0,0 1755445834.582834013,0 1755445834.587412388,0}›
I250820 22:10:02.459289 14323 kv/kvserver/mvcc_gc_queue.go:798 ⋮ [T1,Vsystem,n1,mvccGC,s1,r86/1:‹/{Table/134-Max}›] 258  new score ‹queue=true with 0.00/fuzz(0.95)=0.00=valScaleScore(0.00)*deadFrac(0.04)+intentScore(0.00)›
I250820 22:10:02.459289 14323 kv/kvserver/mvcc_gc_queue.go:798 ⋮ [T1,Vsystem,n1,mvccGC,s1,r86/1:‹/{Table/134-Max}›] 258 +‹likely last GC: 42.058266214s ago, 0 B non-live, curr. age 0 B*s, min exp. reduction: 0 B*s›
I250820 22:10:02.459289 14323 kv/kvserver/mvcc_gc_queue.go:798 ⋮ [T1,Vsystem,n1,mvccGC,s1,r86/1:‹/{Table/134-Max}›] 258 +‹hint: {0,0 1755445834.582834013,0 1755445834.587412388,0}›
I250820 22:10:23.732154 771 server/status/runtime_jemalloc.go:226 ⋮ [T1,Vsystem,n1] 259  jemalloc arenas purged (took 296.916µs)
I250820 22:11:10.568173 2501 sql/sql_activity_update_job.go:250 ⋮ [T1,Vsystem,n1,job=AUTO UPDATE SQL ACTIVITY id=103] 260  sql stats activity found no rows at 2025-08-20 22:00:00 +0000 UTC
I250820 22:11:15.540382 15705 kv/kvserver/mvcc_gc_queue.go:796 ⋮ [T1,Vsystem,n1,mvccGC,s1,r86/1:‹/{Table/134-Max}›] 261  GC still needed following GC, recomputing MVCC stats
I250820 22:11:15.540442 15705 kv/kvserver/mvcc_gc_queue.go:797 ⋮ [T1,Vsystem,n1,mvccGC,s1,r86/1:‹/{Table/134-Max}›] 262  old score ‹queue=true with 0.00/fuzz(0.95)=0.00=valScaleScore(0.00)*deadFrac(0.04)+intentScore(0.00)›
I250820 22:11:15.540442 15705 kv/kvserver/mvcc_gc_queue.go:797 ⋮ [T1,Vsystem,n1,mvccGC,s1,r86/1:‹/{Table/134-Max}›] 262 +‹likely last GC: 1m8.314270782s ago, 0 B non-live, curr. age 0 B*s, min exp. reduction: 0 B*s›
I250820 22:11:15.540442 15705 kv/kvserver/mvcc_gc_queue.go:797 ⋮ [T1,Vsystem,n1,mvccGC,s1,r86/1:‹/{Table/134-Max}›] 262 +‹hint: {0,0 1755445834.582834013,0 1755445834.587412388,0}›
I250820 22:11:15.540513 15705 kv/kvserver/mvcc_gc_queue.go:798 ⋮ [T1,Vsystem,n1,mvccGC,s1,r86/1:‹/{Table/134-Max}›] 263  new score ‹queue=true with 0.00/fuzz(0.95)=0.00=valScaleScore(0.00)*deadFrac(0.04)+intentScore(0.00)›
I250820 22:11:15.540513 15705 kv/kvserver/mvcc_gc_queue.go:798 ⋮ [T1,Vsystem,n1,mvccGC,s1,r86/1:‹/{Table/134-Max}›] 263 +‹likely last GC: 1m13.086292033s ago, 0 B non-live, curr. age 0 B*s, min exp. reduction: 0 B*s›
I250820 22:11:15.540513 15705 kv/kvserver/mvcc_gc_queue.go:798 ⋮ [T1,Vsystem,n1,mvccGC,s1,r86/1:‹/{Table/134-Max}›] 263 +‹hint: {0,0 1755445834.582834013,0 1755445834.587412388,0}›
I250820 22:11:44.528783 16183 1@jobs/structured_log.go:49 ⋮ [T1,Vsystem,n1] 264 ={"Timestamp":1755727904528769542,"EventType":"status_change","JobID":1099882510741798913,"JobType":"AUTO CREATE PARTIAL STATS","Description":"state changed to: running","PreviousStatus":"running","NewStatus":"running","RunNum":0}
I250820 22:11:44.532857 16183 sql/distsql_plan_stats.go:209 ⋮ [T1,Vsystem,n1,job=AUTO CREATE PARTIAL STATS id=1099882510741798913,create-stats-distsql] 265  using computed sample size of 10000 for histogram construction
I250820 22:11:44.545167 16183 sql/distsql_plan_stats.go:209 ⋮ [T1,Vsystem,n1,job=AUTO CREATE PARTIAL STATS id=1099882510741798913,create-stats-distsql] 266  using computed sample size of 10000 for histogram construction
I250820 22:11:44.582337 16183 1@jobs/structured_log.go:49 ⋮ [T1,Vsystem,n1] 267 ={"Timestamp":1755727904582334626,"EventType":"status_change","JobID":1099882510741798913,"JobType":"AUTO CREATE PARTIAL STATS","Description":"state changed to: succeeded","PreviousStatus":"running","NewStatus":"succeeded","RunNum":0}
I250820 22:11:50.582525 16467 kv/kvserver/mvcc_gc_queue.go:796 ⋮ [T1,Vsystem,n1,mvccGC,s1,r86/1:‹/{Table/134-Max}›] 268  GC still needed following GC, recomputing MVCC stats
I250820 22:11:50.582697 16467 kv/kvserver/mvcc_gc_queue.go:797 ⋮ [T1,Vsystem,n1,mvccGC,s1,r86/1:‹/{Table/134-Max}›] 269  old score ‹queue=true with 0.00/fuzz(0.95)=0.00=valScaleScore(0.00)*deadFrac(0.04)+intentScore(0.00)›
I250820 22:11:50.582697 16467 kv/kvserver/mvcc_gc_queue.go:797 ⋮ [T1,Vsystem,n1,mvccGC,s1,r86/1:‹/{Table/134-Max}›] 269 +‹likely last GC: 31.266789877s ago, 0 B non-live, curr. age 0 B*s, min exp. reduction: 0 B*s›
I250820 22:11:50.582697 16467 kv/kvserver/mvcc_gc_queue.go:797 ⋮ [T1,Vsystem,n1,mvccGC,s1,r86/1:‹/{Table/134-Max}›] 269 +‹hint: {0,0 1755445834.582834013,0 1755445834.587412388,0}›
I250820 22:11:50.582830 16467 kv/kvserver/mvcc_gc_queue.go:798 ⋮ [T1,Vsystem,n1,mvccGC,s1,r86/1:‹/{Table/134-Max}›] 270  new score ‹queue=true with 0.00/fuzz(0.95)=0.00=valScaleScore(0.00)*deadFrac(0.04)+intentScore(0.00)›
I250820 22:11:50.582830 16467 kv/kvserver/mvcc_gc_queue.go:798 ⋮ [T1,Vsystem,n1,mvccGC,s1,r86/1:‹/{Table/134-Max}›] 270 +‹likely last GC: 35.046648627s ago, 0 B non-live, curr. age 0 B*s, min exp. reduction: 0 B*s›
I250820 22:11:50.582830 16467 kv/kvserver/mvcc_gc_queue.go:798 ⋮ [T1,Vsystem,n1,mvccGC,s1,r86/1:‹/{Table/134-Max}›] 270 +‹hint: {0,0 1755445834.582834013,0 1755445834.587412388,0}›
I250820 22:12:23.747777 771 server/status/runtime_jemalloc.go:226 ⋮ [T1,Vsystem,n1] 271  jemalloc arenas purged (took 300.166µs)
I250820 22:12:35.626628 17054 kv/kvserver/mvcc_gc_queue.go:796 ⋮ [T1,Vsystem,n1,mvccGC,s1,r86/1:‹/{Table/134-Max}›] 272  GC still needed following GC, recomputing MVCC stats
I250820 22:12:35.627630 17054 kv/kvserver/mvcc_gc_queue.go:797 ⋮ [T1,Vsystem,n1,mvccGC,s1,r86/1:‹/{Table/134-Max}›] 273  old score ‹queue=true with 0.00/fuzz(0.95)=0.00=valScaleScore(0.00)*deadFrac(0.04)+intentScore(0.00)›
I250820 22:12:35.627630 17054 kv/kvserver/mvcc_gc_queue.go:797 ⋮ [T1,Vsystem,n1,mvccGC,s1,r86/1:‹/{Table/134-Max}›] 273 +‹likely last GC: 41.297500007s ago, 0 B non-live, curr. age 0 B*s, min exp. reduction: 0 B*s›
I250820 22:12:35.627630 17054 kv/kvserver/mvcc_gc_queue.go:797 ⋮ [T1,Vsystem,n1,mvccGC,s1,r86/1:‹/{Table/134-Max}›] 273 +‹hint: {0,0 1755445834.582834013,0 1755445834.587412388,0}›
I250820 22:12:35.628343 17054 kv/kvserver/mvcc_gc_queue.go:798 ⋮ [T1,Vsystem,n1,mvccGC,s1,r86/1:‹/{Table/134-Max}›] 274  new score ‹queue=true with 0.00/fuzz(0.95)=0.00=valScaleScore(0.00)*deadFrac(0.04)+intentScore(0.00)›
I250820 22:12:35.628343 17054 kv/kvserver/mvcc_gc_queue.go:798 ⋮ [T1,Vsystem,n1,mvccGC,s1,r86/1:‹/{Table/134-Max}›] 274 +‹likely last GC: 45.051146841s ago, 0 B non-live, curr. age 0 B*s, min exp. reduction: 0 B*s›
I250820 22:12:35.628343 17054 kv/kvserver/mvcc_gc_queue.go:798 ⋮ [T1,Vsystem,n1,mvccGC,s1,r86/1:‹/{Table/134-Max}›] 274 +‹hint: {0,0 1755445834.582834013,0 1755445834.587412388,0}›
I250820 22:13:50.696782 18503 kv/kvserver/mvcc_gc_queue.go:796 ⋮ [T1,Vsystem,n1,mvccGC,s1,r86/1:‹/{Table/134-Max}›] 275  GC still needed following GC, recomputing MVCC stats
I250820 22:13:50.696833 18503 kv/kvserver/mvcc_gc_queue.go:797 ⋮ [T1,Vsystem,n1,mvccGC,s1,r86/1:‹/{Table/134-Max}›] 276  old score ‹queue=true with 0.00/fuzz(0.95)=0.00=valScaleScore(0.00)*deadFrac(0.04)+intentScore(0.00)›
I250820 22:13:50.696833 18503 kv/kvserver/mvcc_gc_queue.go:797 ⋮ [T1,Vsystem,n1,mvccGC,s1,r86/1:‹/{Table/134-Max}›] 276 +‹likely last GC: 1m11.298252284s ago, 0 B non-live, curr. age 0 B*s, min exp. reduction: 0 B*s›
I250820 22:13:50.696833 18503 kv/kvserver/mvcc_gc_queue.go:797 ⋮ [T1,Vsystem,n1,mvccGC,s1,r86/1:‹/{Table/134-Max}›] 276 +‹hint: {0,0 1755445834.582834013,0 1755445834.587412388,0}›
I250820 22:13:50.697298 18503 kv/kvserver/mvcc_gc_queue.go:798 ⋮ [T1,Vsystem,n1,mvccGC,s1,r86/1:‹/{Table/134-Max}›] 277  new score ‹queue=true with 0.00/fuzz(0.95)=0.00=valScaleScore(0.00)*deadFrac(0.04)+intentScore(0.00)›
I250820 22:13:50.697298 18503 kv/kvserver/mvcc_gc_queue.go:798 ⋮ [T1,Vsystem,n1,mvccGC,s1,r86/1:‹/{Table/134-Max}›] 277 +‹likely last GC: 1m15.078137242s ago, 0 B non-live, curr. age 0 B*s, min exp. reduction: 0 B*s›
I250820 22:13:50.697298 18503 kv/kvserver/mvcc_gc_queue.go:798 ⋮ [T1,Vsystem,n1,mvccGC,s1,r86/1:‹/{Table/134-Max}›] 277 +‹hint: {0,0 1755445834.582834013,0 1755445834.587412388,0}›
I250820 22:14:23.761449 771 server/status/runtime_jemalloc.go:226 ⋮ [T1,Vsystem,n1] 278  jemalloc arenas purged (took 263.292µs)
I250820 22:15:02.776827 19885 kv/kvserver/mvcc_gc_queue.go:796 ⋮ [T1,Vsystem,n1,mvccGC,s1,r86/1:‹/{Table/134-Max}›] 279  GC still needed following GC, recomputing MVCC stats
I250820 22:15:02.776899 19885 kv/kvserver/mvcc_gc_queue.go:797 ⋮ [T1,Vsystem,n1,mvccGC,s1,r86/1:‹/{Table/134-Max}›] 280  old score ‹queue=true with 0.00/fuzz(0.95)=0.00=valScaleScore(0.00)*deadFrac(0.04)+intentScore(0.00)›
I250820 22:15:02.776899 19885 kv/kvserver/mvcc_gc_queue.go:797 ⋮ [T1,Vsystem,n1,mvccGC,s1,r86/1:‹/{Table/134-Max}›] 280 +‹likely last GC: 1m8.249003672s ago, 0 B non-live, curr. age 0 B*s, min exp. reduction: 0 B*s›
I250820 22:15:02.776899 19885 kv/kvserver/mvcc_gc_queue.go:797 ⋮ [T1,Vsystem,n1,mvccGC,s1,r86/1:‹/{Table/134-Max}›] 280 +‹hint: {0,0 1755445834.582834013,0 1755445834.587412388,0}›
I250820 22:15:02.776973 19885 kv/kvserver/mvcc_gc_queue.go:798 ⋮ [T1,Vsystem,n1,mvccGC,s1,r86/1:‹/{Table/134-Max}›] 281  new score ‹queue=true with 0.00/fuzz(0.95)=0.00=valScaleScore(0.00)*deadFrac(0.04)+intentScore(0.00)›
I250820 22:15:02.776973 19885 kv/kvserver/mvcc_gc_queue.go:798 ⋮ [T1,Vsystem,n1,mvccGC,s1,r86/1:‹/{Table/134-Max}›] 281 +‹likely last GC: 1m12.083875756s ago, 0 B non-live, curr. age 0 B*s, min exp. reduction: 0 B*s›
I250820 22:15:02.776973 19885 kv/kvserver/mvcc_gc_queue.go:798 ⋮ [T1,Vsystem,n1,mvccGC,s1,r86/1:‹/{Table/134-Max}›] 281 +‹hint: {0,0 1755445834.582834013,0 1755445834.587412388,0}›
I250820 22:15:25.807897 20341 kv/kvserver/mvcc_gc_queue.go:796 ⋮ [T1,Vsystem,n1,mvccGC,s1,r86/1:‹/{Table/134-Max}›] 282  GC still needed following GC, recomputing MVCC stats
I250820 22:15:25.807981 20341 kv/kvserver/mvcc_gc_queue.go:797 ⋮ [T1,Vsystem,n1,mvccGC,s1,r86/1:‹/{Table/134-Max}›] 283  old score ‹queue=true with 0.00/fuzz(0.95)=0.00=valScaleScore(0.00)*deadFrac(0.04)+intentScore(0.00)›
I250820 22:15:25.807981 20341 kv/kvserver/mvcc_gc_queue.go:797 ⋮ [T1,Vsystem,n1,mvccGC,s1,r86/1:‹/{Table/134-Max}›] 283 +‹likely last GC: 17.097795037s ago, 0 B non-live, curr. age 0 B*s, min exp. reduction: 0 B*s›
I250820 22:15:25.807981 20341 kv/kvserver/mvcc_gc_queue.go:797 ⋮ [T1,Vsystem,n1,mvccGC,s1,r86/1:‹/{Table/134-Max}›] 283 +‹hint: {0,0 1755445834.582834013,0 1755445834.587412388,0}›
I250820 22:15:25.808060 20341 kv/kvserver/mvcc_gc_queue.go:798 ⋮ [T1,Vsystem,n1,mvccGC,s1,r86/1:‹/{Table/134-Max}›] 284  new score ‹queue=true with 0.00/fuzz(0.95)=0.00=valScaleScore(0.00)*deadFrac(0.04)+intentScore(0.00)›
I250820 22:15:25.808060 20341 kv/kvserver/mvcc_gc_queue.go:798 ⋮ [T1,Vsystem,n1,mvccGC,s1,r86/1:‹/{Table/134-Max}›] 284 +‹likely last GC: 23.034542038s ago, 0 B non-live, curr. age 0 B*s, min exp. reduction: 0 B*s›
I250820 22:15:25.808060 20341 kv/kvserver/mvcc_gc_queue.go:798 ⋮ [T1,Vsystem,n1,mvccGC,s1,r86/1:‹/{Table/134-Max}›] 284 +‹hint: {0,0 1755445834.582834013,0 1755445834.587412388,0}›
I250820 22:15:44.618276 20660 1@jobs/structured_log.go:49 ⋮ [T1,Vsystem,n1] 285 ={"Timestamp":1755728144618273709,"EventType":"status_change","JobID":1099883297496301569,"JobType":"AUTO CREATE PARTIAL STATS","Description":"state changed to: running","PreviousStatus":"running","NewStatus":"running","RunNum":0}
I250820 22:15:44.621007 20660 sql/distsql_plan_stats.go:209 ⋮ [T1,Vsystem,n1,job=AUTO CREATE PARTIAL STATS id=1099883297496301569,create-stats-distsql] 286  using computed sample size of 10000 for histogram construction
I250820 22:15:44.658242 20660 1@jobs/structured_log.go:49 ⋮ [T1,Vsystem,n1] 287 ={"Timestamp":1755728144658236418,"EventType":"status_change","JobID":1099883297496301569,"JobType":"AUTO CREATE PARTIAL STATS","Description":"state changed to: succeeded","PreviousStatus":"running","NewStatus":"succeeded","RunNum":0}
I250820 22:16:23.780668 771 server/status/runtime_jemalloc.go:226 ⋮ [T1,Vsystem,n1] 288  jemalloc arenas purged (took 818.708µs)
I250820 22:16:45.900993 21928 kv/kvserver/mvcc_gc_queue.go:796 ⋮ [T1,Vsystem,n1,mvccGC,s1,r86/1:‹/{Table/134-Max}›] 289  GC still needed following GC, recomputing MVCC stats
I250820 22:16:45.901030 21928 kv/kvserver/mvcc_gc_queue.go:797 ⋮ [T1,Vsystem,n1,mvccGC,s1,r86/1:‹/{Table/134-Max}›] 290  old score ‹queue=true with 0.00/fuzz(0.95)=0.00=valScaleScore(0.00)*deadFrac(0.04)+intentScore(0.00)›
I250820 22:16:45.901030 21928 kv/kvserver/mvcc_gc_queue.go:797 ⋮ [T1,Vsystem,n1,mvccGC,s1,r86/1:‹/{Table/134-Max}›] 290 +‹likely last GC: 1m15.140414494s ago, 0 B non-live, curr. age 0 B*s, min exp. reduction: 0 B*s›
I250820 22:16:45.901030 21928 kv/kvserver/mvcc_gc_queue.go:797 ⋮ [T1,Vsystem,n1,mvccGC,s1,r86/1:‹/{Table/134-Max}›] 290 +‹hint: {0,0 1755445834.582834013,0 1755445834.587412388,0}›
I250820 22:16:45.901073 21928 kv/kvserver/mvcc_gc_queue.go:798 ⋮ [T1,Vsystem,n1,mvccGC,s1,r86/1:‹/{Table/134-Max}›] 291  new score ‹queue=true with 0.00/fuzz(0.95)=0.00=valScaleScore(0.00)*deadFrac(0.04)+intentScore(0.00)›
I250820 22:16:45.901073 21928 kv/kvserver/mvcc_gc_queue.go:798 ⋮ [T1,Vsystem,n1,mvccGC,s1,r86/1:‹/{Table/134-Max}›] 291 +‹likely last GC: 1m20.096178036s ago, 0 B non-live, curr. age 0 B*s, min exp. reduction: 0 B*s›
I250820 22:16:45.901073 21928 kv/kvserver/mvcc_gc_queue.go:798 ⋮ [T1,Vsystem,n1,mvccGC,s1,r86/1:‹/{Table/134-Max}›] 291 +‹hint: {0,0 1755445834.582834013,0 1755445834.587412388,0}›
I250820 22:17:44.694727 23022 1@jobs/structured_log.go:49 ⋮ [T1,Vsystem,n1] 292 ={"Timestamp":1755728264694724209,"EventType":"status_change","JobID":1099883690942464001,"JobType":"AUTO CREATE PARTIAL STATS","Description":"state changed to: running","PreviousStatus":"running","NewStatus":"running","RunNum":0}
I250820 22:17:44.697553 23022 sql/distsql_plan_stats.go:209 ⋮ [T1,Vsystem,n1,job=AUTO CREATE PARTIAL STATS id=1099883690942464001,create-stats-distsql] 293  using computed sample size of 10000 for histogram construction
I250820 22:17:44.733272 23022 1@jobs/structured_log.go:49 ⋮ [T1,Vsystem,n1] 294 ={"Timestamp":1755728264733268084,"EventType":"status_change","JobID":1099883690942464001,"JobType":"AUTO CREATE PARTIAL STATS","Description":"state changed to: succeeded","PreviousStatus":"running","NewStatus":"succeeded","RunNum":0}
I250820 22:17:46.003737 23155 kv/kvserver/mvcc_gc_queue.go:796 ⋮ [T1,Vsystem,n1,mvccGC,s1,r86/1:‹/{Table/134-Max}›] 295  GC still needed following GC, recomputing MVCC stats
I250820 22:17:46.003808 23155 kv/kvserver/mvcc_gc_queue.go:797 ⋮ [T1,Vsystem,n1,mvccGC,s1,r86/1:‹/{Table/134-Max}›] 296  old score ‹queue=true with 0.00/fuzz(0.95)=0.00=valScaleScore(0.00)*deadFrac(0.04)+intentScore(0.00)›
I250820 22:17:46.003808 23155 kv/kvserver/mvcc_gc_queue.go:797 ⋮ [T1,Vsystem,n1,mvccGC,s1,r86/1:‹/{Table/134-Max}›] 296 +‹likely last GC: 55.011605957s ago, 0 B non-live, curr. age 0 B*s, min exp. reduction: 0 B*s›
I250820 22:17:46.003808 23155 kv/kvserver/mvcc_gc_queue.go:797 ⋮ [T1,Vsystem,n1,mvccGC,s1,r86/1:‹/{Table/134-Max}›] 296 +‹hint: {0,0 1755445834.582834013,0 1755445834.587412388,0}›
I250820 22:17:46.003865 23155 kv/kvserver/mvcc_gc_queue.go:798 ⋮ [T1,Vsystem,n1,mvccGC,s1,r86/1:‹/{Table/134-Max}›] 297  new score ‹queue=true with 0.00/fuzz(0.95)=0.00=valScaleScore(0.00)*deadFrac(0.04)+intentScore(0.00)›
I250820 22:17:46.003865 23155 kv/kvserver/mvcc_gc_queue.go:798 ⋮ [T1,Vsystem,n1,mvccGC,s1,r86/1:‹/{Table/134-Max}›] 297 +‹likely last GC: 1m0.105347167s ago, 0 B non-live, curr. age 0 B*s, min exp. reduction: 0 B*s›
I250820 22:17:46.003865 23155 kv/kvserver/mvcc_gc_queue.go:798 ⋮ [T1,Vsystem,n1,mvccGC,s1,r86/1:‹/{Table/134-Max}›] 297 +‹hint: {0,0 1755445834.582834013,0 1755445834.587412388,0}›
I250820 22:18:20.042417 23712 kv/kvserver/mvcc_gc_queue.go:796 ⋮ [T1,Vsystem,n1,mvccGC,s1,r86/1:‹/{Table/134-Max}›] 298  GC still needed following GC, recomputing MVCC stats
I250820 22:18:20.042506 23712 kv/kvserver/mvcc_gc_queue.go:797 ⋮ [T1,Vsystem,n1,mvccGC,s1,r86/1:‹/{Table/134-Max}›] 299  old score ‹queue=true with 0.00/fuzz(0.95)=0.00=valScaleScore(0.00)*deadFrac(0.04)+intentScore(0.00)›
I250820 22:18:20.042506 23712 kv/kvserver/mvcc_gc_queue.go:797 ⋮ [T1,Vsystem,n1,mvccGC,s1,r86/1:‹/{Table/134-Max}›] 299 +‹likely last GC: 27.906596125s ago, 0 B non-live, curr. age 0 B*s, min exp. reduction: 0 B*s›
I250820 22:18:20.042506 23712 kv/kvserver/mvcc_gc_queue.go:797 ⋮ [T1,Vsystem,n1,mvccGC,s1,r86/1:‹/{Table/134-Max}›] 299 +‹hint: {0,0 1755445834.582834013,0 1755445834.587412388,0}›
I250820 22:18:20.042581 23712 kv/kvserver/mvcc_gc_queue.go:798 ⋮ [T1,Vsystem,n1,mvccGC,s1,r86/1:‹/{Table/134-Max}›] 300  new score ‹queue=true with 0.00/fuzz(0.95)=0.00=valScaleScore(0.00)*deadFrac(0.04)+intentScore(0.00)›
I250820 22:18:20.042581 23712 kv/kvserver/mvcc_gc_queue.go:798 ⋮ [T1,Vsystem,n1,mvccGC,s1,r86/1:‹/{Table/134-Max}›] 300 +‹likely last GC: 34.041958043s ago, 0 B non-live, curr. age 0 B*s, min exp. reduction: 0 B*s›
I250820 22:18:20.042581 23712 kv/kvserver/mvcc_gc_queue.go:798 ⋮ [T1,Vsystem,n1,mvccGC,s1,r86/1:‹/{Table/134-Max}›] 300 +‹hint: {0,0 1755445834.582834013,0 1755445834.587412388,0}›
I250820 22:18:23.783153 771 server/status/runtime_jemalloc.go:226 ⋮ [T1,Vsystem,n1] 301  jemalloc arenas purged (took 108.459µs)
I250820 22:18:44.765163 24213 1@jobs/structured_log.go:49 ⋮ [T1,Vsystem,n1] 302 ={"Timestamp":1755728324765158001,"EventType":"status_change","JobID":1099883887787311105,"JobType":"AUTO CREATE PARTIAL STATS","Description":"state changed to: running","PreviousStatus":"running","NewStatus":"running","RunNum":0}
I250820 22:18:44.768513 24213 sql/distsql_plan_stats.go:209 ⋮ [T1,Vsystem,n1,job=AUTO CREATE PARTIAL STATS id=1099883887787311105,create-stats-distsql] 303  using computed sample size of 10000 for histogram construction
I250820 22:18:44.803751 24213 1@jobs/structured_log.go:49 ⋮ [T1,Vsystem,n1] 304 ={"Timestamp":1755728324803746751,"EventType":"status_change","JobID":1099883887787311105,"JobType":"AUTO CREATE PARTIAL STATS","Description":"state changed to: succeeded","PreviousStatus":"running","NewStatus":"succeeded","RunNum":0}
I250820 22:18:44.820264 24217 1@jobs/structured_log.go:49 ⋮ [T1,Vsystem,n1] 305 ={"Timestamp":1755728324820260376,"EventType":"status_change","JobID":1099883888004005889,"JobType":"AUTO CREATE PARTIAL STATS","Description":"state changed to: running","PreviousStatus":"running","NewStatus":"running","RunNum":0}
I250820 22:18:44.822559 24217 sql/distsql_plan_stats.go:209 ⋮ [T1,Vsystem,n1,job=AUTO CREATE PARTIAL STATS id=1099883888004005889,create-stats-distsql] 306  using computed sample size of 10000 for histogram construction
I250820 22:18:44.834388 24217 sql/distsql_plan_stats.go:209 ⋮ [T1,Vsystem,n1,job=AUTO CREATE PARTIAL STATS id=1099883888004005889,create-stats-distsql] 307  using computed sample size of 10000 for histogram construction
I250820 22:18:44.842676 24217 sql/distsql_plan_stats.go:209 ⋮ [T1,Vsystem,n1,job=AUTO CREATE PARTIAL STATS id=1099883888004005889,create-stats-distsql] 308  using computed sample size of 10000 for histogram construction
I250820 22:18:44.853567 24217 sql/distsql_plan_stats.go:209 ⋮ [T1,Vsystem,n1,job=AUTO CREATE PARTIAL STATS id=1099883888004005889,create-stats-distsql] 309  using computed sample size of 10000 for histogram construction
I250820 22:18:44.885126 24217 1@jobs/structured_log.go:49 ⋮ [T1,Vsystem,n1] 310 ={"Timestamp":1755728324885122209,"EventType":"status_change","JobID":1099883888004005889,"JobType":"AUTO CREATE PARTIAL STATS","Description":"state changed to: succeeded","PreviousStatus":"running","NewStatus":"succeeded","RunNum":0}
I250820 22:19:12.111007 24915 kv/kvserver/mvcc_gc_queue.go:796 ⋮ [T1,Vsystem,n1,mvccGC,s1,r86/1:‹/{Table/134-Max}›] 311  GC still needed following GC, recomputing MVCC stats
I250820 22:19:12.111246 24915 kv/kvserver/mvcc_gc_queue.go:797 ⋮ [T1,Vsystem,n1,mvccGC,s1,r86/1:‹/{Table/134-Max}›] 312  old score ‹queue=true with 0.00/fuzz(0.95)=0.00=valScaleScore(0.00)*deadFrac(0.04)+intentScore(0.00)›
I250820 22:19:12.111246 24915 kv/kvserver/mvcc_gc_queue.go:797 ⋮ [T1,Vsystem,n1,mvccGC,s1,r86/1:‹/{Table/134-Max}›] 312 +‹likely last GC: 48.026528344s ago, 0 B non-live, curr. age 0 B*s, min exp. reduction: 0 B*s›
I250820 22:19:12.111246 24915 kv/kvserver/mvcc_gc_queue.go:797 ⋮ [T1,Vsystem,n1,mvccGC,s1,r86/1:‹/{Table/134-Max}›] 312 +‹hint: {0,0 1755445834.582834013,0 1755445834.587412388,0}›
I250820 22:19:12.111384 24915 kv/kvserver/mvcc_gc_queue.go:798 ⋮ [T1,Vsystem,n1,mvccGC,s1,r86/1:‹/{Table/134-Max}›] 313  new score ‹queue=true with 0.00/fuzz(0.95)=0.00=valScaleScore(0.00)*deadFrac(0.04)+intentScore(0.00)›
I250820 22:19:12.111384 24915 kv/kvserver/mvcc_gc_queue.go:798 ⋮ [T1,Vsystem,n1,mvccGC,s1,r86/1:‹/{Table/134-Max}›] 313 +‹likely last GC: 52.071556163s ago, 0 B non-live, curr. age 0 B*s, min exp. reduction: 0 B*s›
I250820 22:19:12.111384 24915 kv/kvserver/mvcc_gc_queue.go:798 ⋮ [T1,Vsystem,n1,mvccGC,s1,r86/1:‹/{Table/134-Max}›] 313 +‹hint: {0,0 1755445834.582834013,0 1755445834.587412388,0}›
I250820 22:19:44.919863 25501 1@jobs/structured_log.go:49 ⋮ [T1,Vsystem,n1] 314 ={"Timestamp":1755728384919859418,"EventType":"status_change","JobID":1099884084906885121,"JobType":"AUTO CREATE PARTIAL STATS","Description":"state changed to: running","PreviousStatus":"running","NewStatus":"running","RunNum":0}
I250820 22:19:44.924024 25501 sql/distsql_plan_stats.go:209 ⋮ [T1,Vsystem,n1,job=AUTO CREATE PARTIAL STATS id=1099884084906885121,create-stats-distsql] 315  using computed sample size of 10000 for histogram construction
I250820 22:19:44.952577 25501 1@jobs/structured_log.go:49 ⋮ [T1,Vsystem,n1] 316 ={"Timestamp":1755728384952573293,"EventType":"status_change","JobID":1099884084906885121,"JobType":"AUTO CREATE PARTIAL STATS","Description":"state changed to: succeeded","PreviousStatus":"running","NewStatus":"succeeded","RunNum":0}
I250820 22:20:23.795842 771 server/status/runtime_jemalloc.go:226 ⋮ [T1,Vsystem,n1] 317  jemalloc arenas purged (took 129.958µs)
I250820 22:20:26.196386 26463 kv/kvserver/mvcc_gc_queue.go:796 ⋮ [T1,Vsystem,n1,mvccGC,s1,r86/1:‹/{Table/134-Max}›] 318  GC still needed following GC, recomputing MVCC stats
I250820 22:20:26.196589 26463 kv/kvserver/mvcc_gc_queue.go:797 ⋮ [T1,Vsystem,n1,mvccGC,s1,r86/1:‹/{Table/134-Max}›] 319  old score ‹queue=true with 0.00/fuzz(0.95)=0.00=valScaleScore(0.00)*deadFrac(0.04)+intentScore(0.00)›
I250820 22:20:26.196589 26463 kv/kvserver/mvcc_gc_queue.go:797 ⋮ [T1,Vsystem,n1,mvccGC,s1,r86/1:‹/{Table/134-Max}›] 319 +‹likely last GC: 1m11.015284548s ago, 0 B non-live, curr. age 0 B*s, min exp. reduction: 0 B*s›
I250820 22:20:26.196589 26463 kv/kvserver/mvcc_gc_queue.go:797 ⋮ [T1,Vsystem,n1,mvccGC,s1,r86/1:‹/{Table/134-Max}›] 319 +‹hint: {0,0 1755445834.582834013,0 1755445834.587412388,0}›
I250820 22:20:26.196675 26463 kv/kvserver/mvcc_gc_queue.go:798 ⋮ [T1,Vsystem,n1,mvccGC,s1,r86/1:‹/{Table/134-Max}›] 320  new score ‹queue=true with 0.00/fuzz(0.95)=0.00=valScaleScore(0.00)*deadFrac(0.04)+intentScore(0.00)›
I250820 22:20:26.196675 26463 kv/kvserver/mvcc_gc_queue.go:798 ⋮ [T1,Vsystem,n1,mvccGC,s1,r86/1:‹/{Table/134-Max}›] 320 +‹likely last GC: 1m14.090512298s ago, 0 B non-live, curr. age 0 B*s, min exp. reduction: 0 B*s›
I250820 22:20:26.196675 26463 kv/kvserver/mvcc_gc_queue.go:798 ⋮ [T1,Vsystem,n1,mvccGC,s1,r86/1:‹/{Table/134-Max}›] 320 +‹hint: {0,0 1755445834.582834013,0 1755445834.587412388,0}›
I250820 22:20:44.995402 26806 1@jobs/structured_log.go:49 ⋮ [T1,Vsystem,n1] 321 ={"Timestamp":1755728444995395168,"EventType":"status_change","JobID":1099884281729089537,"JobType":"AUTO CREATE STATS","Description":"state changed to: running","PreviousStatus":"running","NewStatus":"running","RunNum":0}
I250820 22:20:44.998180 26806 sql/distsql_plan_stats.go:209 ⋮ [T1,Vsystem,n1,job=AUTO CREATE STATS id=1099884281729089537,create-stats-distsql] 322  using computed sample size of 10000 for histogram construction
I250820 22:20:45.174386 26806 1@jobs/structured_log.go:49 ⋮ [T1,Vsystem,n1] 323 ={"Timestamp":1755728445174381251,"EventType":"status_change","JobID":1099884281729089537,"JobType":"AUTO CREATE STATS","Description":"state changed to: succeeded","PreviousStatus":"running","NewStatus":"succeeded","RunNum":0}
I250820 22:21:17.272586 27460 kv/kvserver/mvcc_gc_queue.go:796 ⋮ [T1,Vsystem,n1,mvccGC,s1,r86/1:‹/{Table/134-Max}›] 324  GC still needed following GC, recomputing MVCC stats
I250820 22:21:17.272629 27460 kv/kvserver/mvcc_gc_queue.go:797 ⋮ [T1,Vsystem,n1,mvccGC,s1,r86/1:‹/{Table/134-Max}›] 325  old score ‹queue=true with 0.00/fuzz(0.95)=0.00=valScaleScore(0.00)*deadFrac(0.04)+intentScore(0.00)›
I250820 22:21:17.272629 27460 kv/kvserver/mvcc_gc_queue.go:797 ⋮ [T1,Vsystem,n1,mvccGC,s1,r86/1:‹/{Table/134-Max}›] 325 +‹likely last GC: 47.834312746s ago, 0 B non-live, curr. age 0 B*s, min exp. reduction: 0 B*s›
I250820 22:21:17.272629 27460 kv/kvserver/mvcc_gc_queue.go:797 ⋮ [T1,Vsystem,n1,mvccGC,s1,r86/1:‹/{Table/134-Max}›] 325 +‹hint: {0,0 1755445834.582834013,0 1755445834.587412388,0}›
I250820 22:21:17.272679 27460 kv/kvserver/mvcc_gc_queue.go:798 ⋮ [T1,Vsystem,n1,mvccGC,s1,r86/1:‹/{Table/134-Max}›] 326  new score ‹queue=true with 0.00/fuzz(0.95)=0.00=valScaleScore(0.00)*deadFrac(0.04)+intentScore(0.00)›
I250820 22:21:17.272679 27460 kv/kvserver/mvcc_gc_queue.go:798 ⋮ [T1,Vsystem,n1,mvccGC,s1,r86/1:‹/{Table/134-Max}›] 326 +‹likely last GC: 51.083814371s ago, 0 B non-live, curr. age 0 B*s, min exp. reduction: 0 B*s›
I250820 22:21:17.272679 27460 kv/kvserver/mvcc_gc_queue.go:798 ⋮ [T1,Vsystem,n1,mvccGC,s1,r86/1:‹/{Table/134-Max}›] 326 +‹hint: {0,0 1755445834.582834013,0 1755445834.587412388,0}›
I250820 22:22:23.814444 771 server/status/runtime_jemalloc.go:226 ⋮ [T1,Vsystem,n1] 327  jemalloc arenas purged (took 268.375µs)
I250820 22:22:50.391855 29175 kv/kvserver/mvcc_gc_queue.go:796 ⋮ [T1,Vsystem,n1,mvccGC,s1,r86/1:‹/{Table/134-Max}›] 328  GC still needed following GC, recomputing MVCC stats
I250820 22:22:50.392031 29175 kv/kvserver/mvcc_gc_queue.go:797 ⋮ [T1,Vsystem,n1,mvccGC,s1,r86/1:‹/{Table/134-Max}›] 329  old score ‹queue=true with 0.00/fuzz(0.95)=0.00=valScaleScore(0.00)*deadFrac(0.04)+intentScore(0.00)›
I250820 22:22:50.392031 29175 kv/kvserver/mvcc_gc_queue.go:797 ⋮ [T1,Vsystem,n1,mvccGC,s1,r86/1:‹/{Table/134-Max}›] 329 +‹likely last GC: 1m29.920558751s ago, 0 B non-live, curr. age 0 B*s, min exp. reduction: 0 B*s›
I250820 22:22:50.392031 29175 kv/kvserver/mvcc_gc_queue.go:797 ⋮ [T1,Vsystem,n1,mvccGC,s1,r86/1:‹/{Table/134-Max}›] 329 +‹hint: {0,0 1755445834.582834013,0 1755445834.587412388,0}›
I250820 22:22:50.392113 29175 kv/kvserver/mvcc_gc_queue.go:798 ⋮ [T1,Vsystem,n1,mvccGC,s1,r86/1:‹/{Table/134-Max}›] 330  new score ‹queue=true with 0.00/fuzz(0.95)=0.00=valScaleScore(0.00)*deadFrac(0.04)+intentScore(0.00)›
I250820 22:22:50.392113 29175 kv/kvserver/mvcc_gc_queue.go:798 ⋮ [T1,Vsystem,n1,mvccGC,s1,r86/1:‹/{Table/134-Max}›] 330 +‹likely last GC: 1m33.120857543s ago, 0 B non-live, curr. age 0 B*s, min exp. reduction: 0 B*s›
I250820 22:22:50.392113 29175 kv/kvserver/mvcc_gc_queue.go:798 ⋮ [T1,Vsystem,n1,mvccGC,s1,r86/1:‹/{Table/134-Max}›] 330 +‹hint: {0,0 1755445834.582834013,0 1755445834.587412388,0}›
I250820 22:23:09.421098 29471 kv/kvserver/mvcc_gc_queue.go:796 ⋮ [T1,Vsystem,n1,mvccGC,s1,r86/1:‹/{Table/134-Max}›] 331  GC still needed following GC, recomputing MVCC stats
I250820 22:23:09.421173 29471 kv/kvserver/mvcc_gc_queue.go:797 ⋮ [T1,Vsystem,n1,mvccGC,s1,r86/1:‹/{Table/134-Max}›] 332  old score ‹queue=true with 0.00/fuzz(0.95)=0.00=valScaleScore(0.00)*deadFrac(0.04)+intentScore(0.00)›
I250820 22:23:09.421173 29471 kv/kvserver/mvcc_gc_queue.go:797 ⋮ [T1,Vsystem,n1,mvccGC,s1,r86/1:‹/{Table/134-Max}›] 332 +‹likely last GC: 14.7054528s ago, 0 B non-live, curr. age 0 B*s, min exp. reduction: 0 B*s›
I250820 22:23:09.421173 29471 kv/kvserver/mvcc_gc_queue.go:797 ⋮ [T1,Vsystem,n1,mvccGC,s1,r86/1:‹/{Table/134-Max}›] 332 +‹hint: {0,0 1755445834.582834013,0 1755445834.587412388,0}›
I250820 22:23:09.421262 29471 kv/kvserver/mvcc_gc_queue.go:798 ⋮ [T1,Vsystem,n1,mvccGC,s1,r86/1:‹/{Table/134-Max}›] 333  new score ‹queue=true with 0.00/fuzz(0.95)=0.00=valScaleScore(0.00)*deadFrac(0.04)+intentScore(0.00)›
I250820 22:23:09.421262 29471 kv/kvserver/mvcc_gc_queue.go:798 ⋮ [T1,Vsystem,n1,mvccGC,s1,r86/1:‹/{Table/134-Max}›] 333 +‹likely last GC: 19.03286905s ago, 0 B non-live, curr. age 0 B*s, min exp. reduction: 0 B*s›
I250820 22:23:09.421262 29471 kv/kvserver/mvcc_gc_queue.go:798 ⋮ [T1,Vsystem,n1,mvccGC,s1,r86/1:‹/{Table/134-Max}›] 333 +‹hint: {0,0 1755445834.582834013,0 1755445834.587412388,0}›
I250820 22:23:40.500734 1 1@cli/start.go:993 ⋮ [T1,Vsystem,n1] 334  received signal 'terminated'
I250820 22:23:40.501202 1 1@cli/start.go:1034 ⋮ [T1,Vsystem,n1] 335  initiating graceful shutdown of server
I250820 22:23:40.504296 29937 server/drain.go:353 ⋮ [T1,Vsystem,n1,server drain process,call-graceful-drain] 336  all tenant servers stopped
I250820 22:23:40.504816 29937 1@server/drain.go:399 ⋮ [T1,Vsystem,n1,server drain process,call-graceful-drain] 337  waiting for health probes to notice that the node is not ready for new sql connections
W250820 22:23:40.505216 29937 1@util/log/event_log.go:39 ⋮ [T1,Vsystem,n1,server drain process,call-graceful-drain] 338 ={"Timestamp":1755728620505182138,"EventType":"node_shutdown_connection_timeout","NodeID":1,"Detail":"draining SQL queries after waiting for server.shutdown.connections.timeout","ConnectionsRemaining":1,"TimeoutMillis":0}
I250820 22:23:43.499211 30053 1@server/drain.go:513 ⋮ [T1,Vsystem,n1,server drain process,call-graceful-drain] 339  number of open connections: 1
W250820 22:23:45.206838 29578 sql/stats/automatic_stats.go:1016 ⋮ [T1,Vsystem,n1] 340  failed to create statistics on table 69: create-stats: refusing to start "job-1099884872313208833"; job registry is draining
I250820 22:23:45.492940 30066 1@cli/start.go:1046 ⋮ [T1,Vsystem,n1] 341  372 running tasks
I250820 22:23:46.497477 30053 1@server/drain.go:513 ⋮ [T1,Vsystem,n1,server drain process,call-graceful-drain] 342  number of open connections: 1
I250820 22:23:49.499305 30053 1@server/drain.go:513 ⋮ [T1,Vsystem,n1,server drain process,call-graceful-drain] 343  number of open connections: 1
I250820 22:23:50.493820 30066 1@cli/start.go:1046 ⋮ [T1,Vsystem,n1] 344  371 running tasks
W250820 22:23:50.497137 1278 jobs/registry.go:1069 ⋮ [T1,Vsystem,n1] 345  canceling all adopted jobs due to graceful drain request
I250820 22:23:50.497068 29937 1@sql/pgwire/server.go:731 ⋮ [T1,Vsystem,n1,server drain process,call-graceful-drain] 347  starting draining SQL connections
I250820 22:23:50.497162 1509 sql/stats/automatic_stats.go:694 ⋮ [T1,Vsystem,n1] 346  draining auto stats refresher
I250820 22:23:50.497261 1510 sql/stats/automatic_stats.go:745 ⋮ [T1,Vsystem,n1] 348  draining stats garbage collector
I250820 22:23:50.499762 2501 jobs/registry.go:1681 ⋮ [T1,Vsystem,n1,job=103] 349  AUTO UPDATE SQL ACTIVITY job 103: stepping through state succeeded
I250820 22:23:50.501986 1012 jobs/registry.go:1681 ⋮ [T1,Vsystem,n1,job=100] 350  KEY VISUALIZER job 100: stepping through state succeeded
W250820 22:23:50.506010 2729 kv/kvclient/kvcoord/dist_sender_mux_rangefeed.go:406 ⋮ [T1,Vsystem,n1,job=AUTO SPAN CONFIG RECONCILIATION id=1098946398292541441,rangefeed=‹sql-watcher-zones-rangefeed›,mux_n=1,gen=2] 351  error closing mux rangefeed client: context canceled
W250820 22:23:50.506787 2722 kv/kvclient/kvcoord/dist_sender_mux_rangefeed.go:406 ⋮ [T1,Vsystem,n1,job=AUTO SPAN CONFIG RECONCILIATION id=1098946398292541441,rangefeed=‹sql-watcher-descriptor-rangefeed›,mux_n=1,gen=2] 354  error closing mux rangefeed client: context canceled
W250820 22:23:50.506398 2709 kv/kvclient/kvcoord/dist_sender_mux_rangefeed.go:406 ⋮ [T1,Vsystem,n1,job=1098958321112612865,change-aggregator,mux_n=1,gen=2] 352  error closing mux rangefeed client: context canceled
W250820 22:23:50.506385 2667 kv/kvclient/kvcoord/dist_sender_mux_rangefeed.go:406 ⋮ [T1,Vsystem,n1,job=AUTO SPAN CONFIG RECONCILIATION id=1098946398292541441,rangefeed=‹sql-watcher-protected-ts-records-rangefeed›,mux_n=1,gen=2] 353  error closing mux rangefeed client: context canceled
E250820 22:23:50.510998 2628 ccl/changefeedccl/kvfeed/kv_feed.go:158 ⋮ [T1,Vsystem,n1,job=1098958321112612865,change-aggregator] 355  stopping kv feed due to error: context canceled
I250820 22:23:50.514984 2367 ccl/changefeedccl/changefeed_stmt.go:1466 ⋮ [T1,Vsystem,n1,job=CHANGEFEED id=1098958321112612865] 356  CHANGEFEED 1098958321112612865 shutting down (cause: context canceled)
W250820 22:23:50.515243 2367 ccl/changefeedccl/changefeed_stmt.go:1335 ⋮ [T1,Vsystem,n1,job=CHANGEFEED id=1098958321112612865] 357  job failed (context canceled)
