I250818 16:28:22.010769 1 util/log/file_sync_buffer.go:237 ⋮ [config]   file created at: 2025/08/18 16:28:22
I250818 16:28:22.010792 1 util/log/file_sync_buffer.go:237 ⋮ [config]   running on machine: ‹0d288a7b613c›
I250818 16:28:22.010803 1 util/log/file_sync_buffer.go:237 ⋮ [config]   binary: CockroachDB CCL v25.2.0 (aarch64-unknown-linux-gnu, built 2025/05/15 21:07:42, go1.23.7 X:nocoverageredesign)
I250818 16:28:22.010808 1 util/log/file_sync_buffer.go:237 ⋮ [config]   arguments: [‹/cockroach/cockroach› ‹start-single-node› ‹--certs-dir=certs› ‹--advertise-addr=127.0.0.1:26257› ‹--insecure› ‹--http-addr=0.0.0.0:8080›]
I250818 16:28:22.010819 1 util/log/file_sync_buffer.go:237 ⋮ [config]   log format (utf8=✓): crdb-v2
I250818 16:28:22.010825 1 util/log/file_sync_buffer.go:237 ⋮ [config]   line format: [IWEF]yymmdd hh:mm:ss.uuuuuu goid [chan@]file:line redactionmark \[tags\] [counter] msg
W250818 16:28:22.001701 1 1@cli/start.go:1438 ⋮ [n?] 1  ALL SECURITY CONTROLS HAVE BEEN DISABLED!
W250818 16:28:22.001701 1 1@cli/start.go:1438 ⋮ [n?] 1 +
W250818 16:28:22.001701 1 1@cli/start.go:1438 ⋮ [n?] 1 +This mode is intended for non-production testing only.
W250818 16:28:22.001701 1 1@cli/start.go:1438 ⋮ [n?] 1 +
W250818 16:28:22.001701 1 1@cli/start.go:1438 ⋮ [n?] 1 +In this mode:
W250818 16:28:22.001701 1 1@cli/start.go:1438 ⋮ [n?] 1 +- Your cluster is open to any client that can access ‹any of your IP addresses›.
W250818 16:28:22.001701 1 1@cli/start.go:1438 ⋮ [n?] 1 +- Intruders with access to your machine or network can observe client-server traffic.
W250818 16:28:22.001701 1 1@cli/start.go:1438 ⋮ [n?] 1 +- Intruders can log in without password and read or write any data in the cluster.
W250818 16:28:22.001701 1 1@cli/start.go:1438 ⋮ [n?] 1 +- Intruders can consume all your server's resources and cause unavailability.
I250818 16:28:22.019357 1 1@cli/start.go:1448 ⋮ [n?] 2  To start a secure server without mandating TLS for clients,
I250818 16:28:22.019357 1 1@cli/start.go:1448 ⋮ [n?] 2 +consider --accept-sql-without-tls instead. For other options, see:
I250818 16:28:22.019357 1 1@cli/start.go:1448 ⋮ [n?] 2 +
I250818 16:28:22.019357 1 1@cli/start.go:1448 ⋮ [n?] 2 +- https://go.crdb.dev/issue-v/53404/v25.2
I250818 16:28:22.019357 1 1@cli/start.go:1448 ⋮ [n?] 2 +- https://www.cockroachlabs.com/docs/v25.2/secure-a-cluster.html
I250818 16:28:22.019645 1 server/status/recorder.go:856 ⋮ [n?] 3  ‹available memory from cgroups (8.0 EiB) is unsupported, using system memory 8.7 GiB instead: ›
W250818 16:28:22.019683 1 1@cli/start.go:1360 ⋮ [n?] 4  Using the default setting for --cache (128 MiB).
W250818 16:28:22.019683 1 1@cli/start.go:1360 ⋮ [n?] 4 +  A significantly larger value is usually needed for good performance.
W250818 16:28:22.019683 1 1@cli/start.go:1360 ⋮ [n?] 4 +  If you have a dedicated server a reasonable setting is --cache=.25 (2.2 GiB).
I250818 16:28:22.019878 1 server/status/recorder.go:856 ⋮ [n?] 5  ‹available memory from cgroups (8.0 EiB) is unsupported, using system memory 8.7 GiB instead: ›
I250818 16:28:22.019891 1 1@cli/start.go:1477 ⋮ [n?] 6  CockroachDB CCL v25.2.0 (aarch64-unknown-linux-gnu, built 2025/05/15 21:07:42, go1.23.7 X:nocoverageredesign)
I250818 16:28:22.023021 1 server/status/recorder.go:856 ⋮ [n?] 7  ‹available memory from cgroups (8.0 EiB) is unsupported, using system memory 8.7 GiB instead: ›
I250818 16:28:22.023060 1 1@cli/start.go:554 ⋮ [n?] 8  soft memory limit of Go runtime is set to 4.9 GiB
I250818 16:28:22.023084 1 1@cli/start.go:591 ⋮ [n?] 9  GC target percentage of Go runtime is set to 300%
I250818 16:28:22.064046 1 server/status/recorder.go:856 ⋮ [T1,Vsystem,n?] 10  ‹available memory from cgroups (8.0 EiB) is unsupported, using system memory 8.7 GiB instead: ›
I250818 16:28:22.064111 1 server/config.go:674 ⋮ [T1,Vsystem,n?] 11  system total memory: 8.7 GiB
I250818 16:28:22.064164 1 server/config.go:676 ⋮ [T1,Vsystem,n?] 12  server configuration:
I250818 16:28:22.064164 1 server/config.go:676 ⋮ [T1,Vsystem,n?] 12 +max offset             500000000
I250818 16:28:22.064164 1 server/config.go:676 ⋮ [T1,Vsystem,n?] 12 +cache size             128 MiB
I250818 16:28:22.064164 1 server/config.go:676 ⋮ [T1,Vsystem,n?] 12 +SQL memory pool size   2.2 GiB
I250818 16:28:22.064164 1 server/config.go:676 ⋮ [T1,Vsystem,n?] 12 +scan interval          10m0s
I250818 16:28:22.064164 1 server/config.go:676 ⋮ [T1,Vsystem,n?] 12 +scan min idle time     10ms
I250818 16:28:22.064164 1 server/config.go:676 ⋮ [T1,Vsystem,n?] 12 +scan max idle time     1s
I250818 16:28:22.064164 1 server/config.go:676 ⋮ [T1,Vsystem,n?] 12 +event log enabled      true
I250818 16:28:22.064477 1 1@cli/start.go:1338 ⋮ [T1,Vsystem,n?] 13  using local environment variables:
I250818 16:28:22.064477 1 1@cli/start.go:1338 ⋮ [T1,Vsystem,n?] 13 +COCKROACH_CHANNEL=official-docker
I250818 16:28:22.064555 1 1@cli/start.go:1345 ⋮ [T1,Vsystem,n?] 14  process identity: uid 0 euid 0 gid 0 egid 0
I250818 16:28:22.113296 1 1@cli/start.go:1500 ⋮ [T1,Vsystem,n?] 15  GEOS loaded from directory ‹/usr/local/lib/cockroach›
I250818 16:28:22.113520 1 1@cli/start.go:777 ⋮ [T1,Vsystem,n?] 16  starting cockroach node
I250818 16:28:24.553879 9 server/config.go:880 ⋮ [T1,Vsystem,n?] 17  1 storage engine initialized
I250818 16:28:24.553929 9 server/config.go:883 ⋮ [T1,Vsystem,n?] 18  Pebble cache size: 128 MiB
I250818 16:28:24.553945 9 server/config.go:883 ⋮ [T1,Vsystem,n?] 19  store 0: max size 0 B, max open file limit 1043576
I250818 16:28:24.553952 9 server/config.go:883 ⋮ [T1,Vsystem,n?] 20  store 0: /cockroach/cockroach-data: rw encrypted=false fs:{bdev=/run/host_mark/Users fstype=fakeowner mountpoint=/cockroach/cockroach-data mountopts=rw,nosuid,nodev,relatime,fakeowner}
I250818 16:28:24.558933 130 util/cidr/cidr.go:299 ⋮ [T1,Vsystem,n?] 21  CIDR lookup updated with 0 destinations
I250818 16:28:24.706601 9 1@server/clock_monotonicity.go:61 ⋮ [T1,Vsystem,n?] 22  monitoring forward clock jumps based on server.clock.forward_jump_check.enabled
I250818 16:28:24.723519 9 1@server/clock_monotonicity.go:136 ⋮ [T1,Vsystem,n1] 23  Sleeping till wall time 1755534504723513295 to catches up to 1755534505206574505 to ensure monotonicity. Sub: 483.06121ms
I250818 16:28:24.723667 564 1@server/server.go:1802 ⋮ [T1,Vsystem,n1] 24  connecting to gossip network to verify cluster ID "7c4e678d-486f-4806-8e59-dd3b5b489461"
W250818 16:28:25.210434 9 1@cli/start.go:1299 ⋮ [T1,Vsystem,n1] 25  Running a server without --sql-addr, with a combined RPC/SQL listener, is deprecated.
W250818 16:28:25.210434 9 1@cli/start.go:1299 ⋮ [T1,Vsystem,n1] 25 +This feature will be removed in a later version of CockroachDB.
W250818 16:28:25.210501 9 1@gossip/gossip.go:1460 ⋮ [T1,Vsystem,n1] 26  no addresses found; use --join to specify a connected node
I250818 16:28:25.228873 587 kv/kvserver/kvstorage/init.go:250 ⋮ [T1,Vsystem,n1,s1] 27  beginning range descriptor iteration
I250818 16:28:25.229037 587 kv/kvserver/kvstorage/init.go:374 ⋮ [T1,Vsystem,n1,s1] 28  range descriptor iteration done: 57 range descriptors, 0 intents, 0 tombstones; stats: ‹seeked 118 times (60 internal); stepped 0 times (0 internal); blocks: 71KB cached; points: 58 (1.2KB keys, 1.7KB values); separated: 2 (58B, 0B fetched)›
I250818 16:28:25.235910 587 kv/kvserver/kvstorage/init.go:501 ⋮ [T1,Vsystem,n1,s1] 29  loaded replica ID for 57/57 replicas
I250818 16:28:25.236188 587 kv/kvserver/kvstorage/init.go:518 ⋮ [T1,Vsystem,n1,s1] 30  loaded Raft state for 57/57 replicas
I250818 16:28:25.236207 587 kv/kvserver/kvstorage/init.go:545 ⋮ [T1,Vsystem,n1,s1] 31  loaded 57 replicas
I250818 16:28:25.236224 587 kv/kvserver/kvstorage/init.go:576 ⋮ [T1,Vsystem,n1,s1] 32  verified 57/57 replicas
I250818 16:28:25.253808 587 kv/kvserver/store.go:2369 ⋮ [T1,Vsystem,n1,s1] 33  initialized 57/57 replicas
I250818 16:28:25.253980 587 server/node.go:690 ⋮ [T1,Vsystem,n1] 34  initialized store s1 in 43ms (57 replicas)
I250818 16:28:25.254023 9 kv/kvserver/stores.go:261 ⋮ [T1,Vsystem,n1] 35  read 0 node addresses from persistent storage
I250818 16:28:25.254239 564 1@server/server.go:1805 ⋮ [T1,Vsystem,n1] 36  node connected via gossip
I250818 16:28:25.255171 9 server/node.go:801 ⋮ [T1,Vsystem,n1] 37  started with attributes []
I250818 16:28:25.255246 9 server/goroutinedumper/goroutinedumper.go:117 ⋮ [T1,Vsystem,n1] 38  writing goroutine dumps to ‹/cockroach/cockroach-data/logs/goroutine_dump›
I250818 16:28:25.255322 9 server/profiler/heapprofiler.go:72 ⋮ [T1,Vsystem,n1] 39  writing go heap profiles to ‹/cockroach/cockroach-data/logs/heap_profiler› at least every 1h0m0s
I250818 16:28:25.255341 9 server/profiler/memory_monitoring_profiler.go:66 ⋮ [T1,Vsystem,n1] 40  writing memory monitoring dumps to ‹/cockroach/cockroach-data/logs/heap_profiler› at least every 1h0m0s
I250818 16:28:25.255346 9 server/profiler/cgoprofiler.go:66 ⋮ [T1,Vsystem,n1] 41  to enable jmalloc profiling: "export MALLOC_CONF=prof:true" or "ln -s prof:true /etc/malloc.conf"
I250818 16:28:25.255362 9 server/profiler/statsprofiler.go:68 ⋮ [T1,Vsystem,n1] 42  writing memory stats to ‹/cockroach/cockroach-data/logs/heap_profiler› at last every 1h0m0s
I250818 16:28:25.255506 9 server/profiler/activequeryprofiler.go:88 ⋮ [T1,Vsystem,n1] 43  writing go query profiles to ‹/cockroach/cockroach-data/logs/heap_profiler›
I250818 16:28:25.255527 9 server/profiler/cpuprofiler.go:87 ⋮ [T1,Vsystem,n1] 44  writing cpu profile dumps to ‹/cockroach/cockroach-data/logs/pprof_dump›
I250818 16:28:25.255719 9 1@server/server.go:1999 ⋮ [T1,Vsystem,n1] 45  starting http server at ‹[::]:8080› (use: ‹127.0.0.1:8080›)
I250818 16:28:25.255732 9 1@server/server.go:2007 ⋮ [T1,Vsystem,n1] 46  starting grpc/postgres server at ‹[::]:26257›
I250818 16:28:25.255741 9 1@server/server.go:2008 ⋮ [T1,Vsystem,n1] 47  advertising CockroachDB node at ‹127.0.0.1:26257›
I250818 16:28:25.263350 658 kv/kvserver/storeliveness/support_manager.go:285 ⋮ [T1,Vsystem,n1,s1] 48  starting to heartbeat store {NodeID:1 StoreID:1}
I250818 16:28:25.268972 689 kv/kvserver/queue.go:612 ⋮ [T1,Vsystem,n1,s1,r25/1:‹/Table/2{2-3}›,raft] 49  rate limited in MaybeAdd (replicate): throttled on async limiting semaphore
I250818 16:28:25.276515 658 kv/kvserver/storeliveness/supporter_state.go:298 ⋮ [T1,Vsystem,n1,s1] 50  provided support for store {NodeID:1 StoreID:1}; old = {Target:{NodeID:1 StoreID:1} Epoch:15 Expiration:1755534474.570188335,0}, new = {Target:{NodeID:1 StoreID:1} Epoch:16 Expiration:1755534508.263417170,0}
I250818 16:28:25.280200 658 kv/kvserver/storeliveness/requester_state.go:425 ⋮ [T1,Vsystem,n1,s1] 51  received support from store {NodeID:1 StoreID:1}; old = {Target:{NodeID:1 StoreID:1} Epoch:16 Expiration:0,0}, new = {Target:{NodeID:1 StoreID:1} Epoch:16 Expiration:1755534508.263417170,0}
I250818 16:28:25.304860 9 1@util/log/event_log.go:39 ⋮ [T1,Vsystem,n1] 52 ={"Timestamp":1755534505304850212,"EventType":"node_restart","NodeID":1,"StartedAt":1755534505210604420,"LastUp":1755534469205684293}
I250818 16:28:25.305037 950 kv/kvclient/rangefeed/rangefeedcache/watcher.go:340 ⋮ [T1,Vsystem,n1] 53  settings-watcher: established range feed cache
I250818 16:28:25.305325 948 kv/kvclient/rangefeed/rangefeedcache/watcher.go:340 ⋮ [T1,Vsystem,n1] 54  spanconfig-subscriber: established range feed cache
I250818 16:28:25.315748 9 sql/sqlliveness/slinstance/slinstance.go:435 ⋮ [T1,Vsystem,n1] 55  starting SQL liveness instance
I250818 16:28:25.345101 1192 sql/sqlliveness/slstorage/slstorage.go:540 ⋮ [T1,Vsystem,n1] 56  inserted sqlliveness session 01018015e5822b41f44ac283640636640e2f6a with expiry 1755534545.315827254,0
I250818 16:28:25.345363 1192 sql/sqlliveness/slinstance/slinstance.go:247 ⋮ [T1,Vsystem,n1] 57  created new SQL liveness session 01018015e5822b41f44ac283640636640e2f6a
I250818 16:28:25.345391 9 sql/sqlinstance/instancestorage/instancestorage.go:338 ⋮ [T1,Vsystem,n1] 58  assigning instance id to rpc addr ‹127.0.0.1:26257› and sql addr ‹127.0.0.1:26257›
I250818 16:28:25.348374 9 server/server_sql.go:1618 ⋮ [T1,Vsystem,n1] 59  bound sqlinstance: Instance{RegionPrefix: gA==, InstanceID: 1, SQLAddr: ‹127.0.0.1:26257›, RPCAddr: ‹127.0.0.1:26257›, SessionID: 01018015e5822b41f44ac283640636640e2f6a, Locality: , BinaryVersion: 25.2}
I250818 16:28:25.348886 9 upgrade/upgrademanager/manager.go:171 ⋮ [T1,Vsystem,n1] 60  running permanent upgrades up to version: 25.2
I250818 16:28:25.349221 1224 sql/sqlstats/persistedsqlstats/provider.go:159 ⋮ [T1,Vsystem,n1] 61  starting sql-stats-worker with initial delay: 10m10.093775632s
I250818 16:28:25.351391 1221 sql/temporary_schema.go:506 ⋮ [T1,Vsystem,n1] 62  running temporary object cleanup background job
I250818 16:28:25.351961 1253 kv/kvclient/rangefeed/rangefeedcache/watcher.go:340 ⋮ [T1,Vsystem,n1] 63  system-config-cache: established range feed cache
I250818 16:28:25.352322 124 kv/kvserver/replica_rangefeed.go:882 ⋮ [T1,Vsystem,n1,rangefeed=‹lease›,mux_n=1,gen=2,r6/1:‹/Table/{0-4}›,sm=1,sid=1,s1] 64  RangeFeed closed timestamp 1755528977.994124335,0 is behind by 1h32m7.358196877s (behind=1h32m7.358196877s target=3s nudge=true cancel=false)
I250818 16:28:25.357101 1221 sql/temporary_schema.go:556 ⋮ [T1,Vsystem,n1] 65  found 0 temporary schemas
I250818 16:28:25.357131 1221 sql/temporary_schema.go:559 ⋮ [T1,Vsystem,n1] 66  early exiting temporary schema cleaner as no temporary schemas were found
I250818 16:28:25.357138 1221 sql/temporary_schema.go:560 ⋮ [T1,Vsystem,n1] 67  completed temporary object cleanup job
I250818 16:28:25.357156 1221 sql/temporary_schema.go:641 ⋮ [T1,Vsystem,n1] 68  temporary object cleaner next scheduled to run at 2025-08-18 16:58:25.349174296 +0000 UTC m=+1804.286369170
I250818 16:28:25.400941 9 upgrade/upgrademanager/manager.go:233 ⋮ [T1,Vsystem,n1] 69  detected the last permanent upgrade (v0.0-upgrading-step-004) to have already completed; no permanent upgrades will run
I250818 16:28:25.400973 9 server/server_sql.go:1720 ⋮ [T1,Vsystem,n1] 70  done ensuring all necessary startup migrations have run
I250818 16:28:25.402384 9 server/license/enforcer.go:262 ⋮ [T1,Vsystem,n1] 71  trial license expiry initialized to 1970-01-01 00:00:00 +0000 UTC
I250818 16:28:25.402431 9 server/license/enforcer.go:298 ⋮ [T1,Vsystem,n1] 72  fetched existing cluster init grace period end time: 2025-08-24 14:50:24 +0000 UTC
I250818 16:28:25.402476 9 server/license/enforcer.go:498 ⋮ [T1,Vsystem,n1] 73  enforcer license updated: type is none, grace period ends at "2025-08-24 14:50:24 +0000 UTC", telemetry required: false
I250818 16:28:25.402485 9 server/license/enforcer.go:498 ⋮ [T1,Vsystem,n1] 74  enforcer license updated: type is none, grace period ends at "2025-08-24 14:50:24 +0000 UTC", telemetry required: false
I250818 16:28:25.415977 1559 kv/kvclient/rangefeed/rangefeedcache/watcher.go:340 ⋮ [T1,Vsystem,n1] 75  tenant-settings-watcher: established range feed cache
I250818 16:28:25.416334 1471 jobs/job_scheduler.go:407 ⋮ [T1,Vsystem,n1] 76  waiting 4m0s before scheduled jobs daemon start
I250818 16:28:25.418737 1537 kv/kvclient/rangefeed/rangefeedcache/watcher.go:340 ⋮ [T1,Vsystem,n1] 77  tenant-entry-watcher: established range feed cache
I250818 16:28:25.418861 1537 multitenant/tenantcapabilities/tenantcapabilitieswatcher/watcher.go:285 ⋮ [T1,Vsystem,n1] 78  received results of a full table scan for tenant capabilities
I250818 16:28:25.422681 1469 sql/syntheticprivilegecache/cache.go:202 ⋮ [T1,Vsystem,n1] 79  warmed privileges for virtual tables in 20.132459ms
I250818 16:28:25.427061 9 server/license/enforcer.go:582 ⋮ [T1,Vsystem,n1] 80  disable all license enforcement
I250818 16:28:25.427083 9 1@server/server_sql.go:1971 ⋮ [T1,Vsystem,n1] 81  serving sql connections
I250818 16:28:25.427276 9 1@cli/start.go:1286 ⋮ [T1,Vsystem,n1] 82  node startup completed:
I250818 16:28:25.427276 9 1@cli/start.go:1286 ⋮ [T1,Vsystem,n1] 82 +CockroachDB node starting at 2025-08-18 16:28:25.427099046 +0000 UTC m=+4.364293961 (took 3.6s)
I250818 16:28:25.427276 9 1@cli/start.go:1286 ⋮ [T1,Vsystem,n1] 82 +build:               CCL v25.2.0 @ 2025/05/15 21:07:42 (go1.23.7 X:nocoverageredesign)
I250818 16:28:25.427276 9 1@cli/start.go:1286 ⋮ [T1,Vsystem,n1] 82 +malloc_conf:         prof:false,prof_active:true,background_thread:true,thp:never,metadata_thp:disabled,narenas:48,dirty_decay_ms:2000,muzzy_decay_ms:0
I250818 16:28:25.427276 9 1@cli/start.go:1286 ⋮ [T1,Vsystem,n1] 82 +webui:               ‹http://127.0.0.1:8080›
I250818 16:28:25.427276 9 1@cli/start.go:1286 ⋮ [T1,Vsystem,n1] 82 +sql:                 ‹postgresql://root@127.0.0.1:26257/defaultdb?sslmode=disable›
I250818 16:28:25.427276 9 1@cli/start.go:1286 ⋮ [T1,Vsystem,n1] 82 +sql (JDBC):          ‹jdbc:postgresql://127.0.0.1:26257/defaultdb?sslmode=disable&user=root›
I250818 16:28:25.427276 9 1@cli/start.go:1286 ⋮ [T1,Vsystem,n1] 82 +RPC client flags:    ‹/cockroach/cockroach <client cmd> --host=127.0.0.1:26257 --insecure›
I250818 16:28:25.427276 9 1@cli/start.go:1286 ⋮ [T1,Vsystem,n1] 82 +logs:                ‹/cockroach/cockroach-data/logs›
I250818 16:28:25.427276 9 1@cli/start.go:1286 ⋮ [T1,Vsystem,n1] 82 +temp dir:            ‹/cockroach/cockroach-data/cockroach-temp3366877849›
I250818 16:28:25.427276 9 1@cli/start.go:1286 ⋮ [T1,Vsystem,n1] 82 +external I/O path:   ‹/cockroach/cockroach-data/extern›
I250818 16:28:25.427276 9 1@cli/start.go:1286 ⋮ [T1,Vsystem,n1] 82 +store[0]:            ‹path=/cockroach/cockroach-data›
I250818 16:28:25.427276 9 1@cli/start.go:1286 ⋮ [T1,Vsystem,n1] 82 +clusterID:           7c4e678d-486f-4806-8e59-dd3b5b489461
I250818 16:28:25.427276 9 1@cli/start.go:1286 ⋮ [T1,Vsystem,n1] 82 +status:              restarted pre-existing node
I250818 16:28:25.427276 9 1@cli/start.go:1286 ⋮ [T1,Vsystem,n1] 82 +nodeID:              1
I250818 16:28:25.427661 1557 server/auto_upgrade.go:81 ⋮ [T1,Vsystem,n1] 83  no need to upgrade, cluster already at the newest version
I250818 16:28:25.432389 832 sql/catalog/lease/lease.go:2467 ⋮ [T1,Vsystem,n1] 84  released orphaned lease: ID=4 ver=1 expiration={0001-01-01 00:00:00 +0000 UTC}
I250818 16:28:25.432625 831 sql/catalog/lease/lease.go:2467 ⋮ [T1,Vsystem,n1] 85  released orphaned lease: ID=3 ver=1 expiration={0001-01-01 00:00:00 +0000 UTC}
I250818 16:28:25.432662 830 sql/catalog/lease/lease.go:2467 ⋮ [T1,Vsystem,n1] 86  released orphaned lease: ID=1 ver=1 expiration={0001-01-01 00:00:00 +0000 UTC}
I250818 16:28:25.432679 833 sql/catalog/lease/lease.go:2467 ⋮ [T1,Vsystem,n1] 87  released orphaned lease: ID=5 ver=1 expiration={0001-01-01 00:00:00 +0000 UTC}
I250818 16:28:25.434468 1634 sql/catalog/lease/lease.go:2467 ⋮ [T1,Vsystem,n1] 88  released orphaned lease: ID=6 ver=1 expiration={0001-01-01 00:00:00 +0000 UTC}
I250818 16:28:25.446120 1680 sql/catalog/lease/lease.go:2467 ⋮ [T1,Vsystem,n1] 89  released orphaned lease: ID=12 ver=1 expiration={0001-01-01 00:00:00 +0000 UTC}
I250818 16:28:25.446356 1676 sql/catalog/lease/lease.go:2467 ⋮ [T1,Vsystem,n1] 90  released orphaned lease: ID=7 ver=1 expiration={0001-01-01 00:00:00 +0000 UTC}
I250818 16:28:25.446419 1677 sql/catalog/lease/lease.go:2467 ⋮ [T1,Vsystem,n1] 91  released orphaned lease: ID=8 ver=1 expiration={0001-01-01 00:00:00 +0000 UTC}
I250818 16:28:25.446487 1678 sql/catalog/lease/lease.go:2467 ⋮ [T1,Vsystem,n1] 92  released orphaned lease: ID=9 ver=1 expiration={0001-01-01 00:00:00 +0000 UTC}
I250818 16:28:25.446530 1679 sql/catalog/lease/lease.go:2467 ⋮ [T1,Vsystem,n1] 93  released orphaned lease: ID=11 ver=1 expiration={0001-01-01 00:00:00 +0000 UTC}
I250818 16:28:25.454010 1684 sql/catalog/lease/lease.go:2467 ⋮ [T1,Vsystem,n1] 94  released orphaned lease: ID=14 ver=1 expiration={0001-01-01 00:00:00 +0000 UTC}
I250818 16:28:25.454213 1687 sql/catalog/lease/lease.go:2467 ⋮ [T1,Vsystem,n1] 95  released orphaned lease: ID=20 ver=1 expiration={0001-01-01 00:00:00 +0000 UTC}
I250818 16:28:25.454813 1683 sql/catalog/lease/lease.go:2467 ⋮ [T1,Vsystem,n1] 96  released orphaned lease: ID=13 ver=1 expiration={0001-01-01 00:00:00 +0000 UTC}
I250818 16:28:25.454860 1685 sql/catalog/lease/lease.go:2467 ⋮ [T1,Vsystem,n1] 97  released orphaned lease: ID=15 ver=1 expiration={0001-01-01 00:00:00 +0000 UTC}
I250818 16:28:25.454890 1686 sql/catalog/lease/lease.go:2467 ⋮ [T1,Vsystem,n1] 98  released orphaned lease: ID=19 ver=1 expiration={0001-01-01 00:00:00 +0000 UTC}
I250818 16:28:25.462032 1698 sql/catalog/lease/lease.go:2467 ⋮ [T1,Vsystem,n1] 99  released orphaned lease: ID=25 ver=1 expiration={0001-01-01 00:00:00 +0000 UTC}
I250818 16:28:25.462555 1452 sql/catalog/lease/lease.go:2467 ⋮ [T1,Vsystem,n1] 100  released orphaned lease: ID=23 ver=1 expiration={0001-01-01 00:00:00 +0000 UTC}
I250818 16:28:25.462832 1552 sql/catalog/lease/lease.go:2467 ⋮ [T1,Vsystem,n1] 101  released orphaned lease: ID=21 ver=1 expiration={0001-01-01 00:00:00 +0000 UTC}
I250818 16:28:25.462943 1699 sql/catalog/lease/lease.go:2467 ⋮ [T1,Vsystem,n1] 102  released orphaned lease: ID=26 ver=1 expiration={0001-01-01 00:00:00 +0000 UTC}
I250818 16:28:25.462996 1553 sql/catalog/lease/lease.go:2467 ⋮ [T1,Vsystem,n1] 103  released orphaned lease: ID=24 ver=1 expiration={0001-01-01 00:00:00 +0000 UTC}
I250818 16:28:25.482358 1717 sql/catalog/lease/lease.go:2467 ⋮ [T1,Vsystem,n1] 104  released orphaned lease: ID=32 ver=1 expiration={0001-01-01 00:00:00 +0000 UTC}
I250818 16:28:25.483201 1681 sql/catalog/lease/lease.go:2467 ⋮ [T1,Vsystem,n1] 105  released orphaned lease: ID=27 ver=1 expiration={0001-01-01 00:00:00 +0000 UTC}
I250818 16:28:25.483460 1716 sql/catalog/lease/lease.go:2467 ⋮ [T1,Vsystem,n1] 106  released orphaned lease: ID=31 ver=1 expiration={0001-01-01 00:00:00 +0000 UTC}
I250818 16:28:25.483841 1714 sql/catalog/lease/lease.go:2467 ⋮ [T1,Vsystem,n1] 107  released orphaned lease: ID=28 ver=1 expiration={0001-01-01 00:00:00 +0000 UTC}
I250818 16:28:25.484075 1715 sql/catalog/lease/lease.go:2467 ⋮ [T1,Vsystem,n1] 108  released orphaned lease: ID=30 ver=1 expiration={0001-01-01 00:00:00 +0000 UTC}
I250818 16:28:25.487240 1730 sql/catalog/lease/lease.go:2467 ⋮ [T1,Vsystem,n1] 109  released orphaned lease: ID=34 ver=1 expiration={0001-01-01 00:00:00 +0000 UTC}
I250818 16:28:25.487369 1697 sql/catalog/lease/lease.go:2467 ⋮ [T1,Vsystem,n1] 110  released orphaned lease: ID=35 ver=1 expiration={0001-01-01 00:00:00 +0000 UTC}
I250818 16:28:25.487612 1455 sql/catalog/lease/lease.go:2467 ⋮ [T1,Vsystem,n1] 111  released orphaned lease: ID=33 ver=1 expiration={0001-01-01 00:00:00 +0000 UTC}
I250818 16:28:25.487644 1746 sql/catalog/lease/lease.go:2467 ⋮ [T1,Vsystem,n1] 112  released orphaned lease: ID=36 ver=1 expiration={0001-01-01 00:00:00 +0000 UTC}
I250818 16:28:25.487729 1747 sql/catalog/lease/lease.go:2467 ⋮ [T1,Vsystem,n1] 113  released orphaned lease: ID=37 ver=1 expiration={0001-01-01 00:00:00 +0000 UTC}
I250818 16:28:25.496169 1750 sql/catalog/lease/lease.go:2467 ⋮ [T1,Vsystem,n1] 114  released orphaned lease: ID=43 ver=1 expiration={0001-01-01 00:00:00 +0000 UTC}
I250818 16:28:25.496433 1731 sql/catalog/lease/lease.go:2467 ⋮ [T1,Vsystem,n1] 115  released orphaned lease: ID=39 ver=1 expiration={0001-01-01 00:00:00 +0000 UTC}
I250818 16:28:25.497068 1732 sql/catalog/lease/lease.go:2467 ⋮ [T1,Vsystem,n1] 116  released orphaned lease: ID=42 ver=1 expiration={0001-01-01 00:00:00 +0000 UTC}
I250818 16:28:25.497082 1748 sql/catalog/lease/lease.go:2467 ⋮ [T1,Vsystem,n1] 117  released orphaned lease: ID=40 ver=1 expiration={0001-01-01 00:00:00 +0000 UTC}
I250818 16:28:25.497117 1749 sql/catalog/lease/lease.go:2467 ⋮ [T1,Vsystem,n1] 118  released orphaned lease: ID=41 ver=1 expiration={0001-01-01 00:00:00 +0000 UTC}
I250818 16:28:25.501784 1751 sql/catalog/lease/lease.go:2467 ⋮ [T1,Vsystem,n1] 119  released orphaned lease: ID=45 ver=1 expiration={0001-01-01 00:00:00 +0000 UTC}
I250818 16:28:25.504700 1739 sql/catalog/lease/lease.go:2467 ⋮ [T1,Vsystem,n1] 120  released orphaned lease: ID=47 ver=1 expiration={0001-01-01 00:00:00 +0000 UTC}
I250818 16:28:25.505226 1740 sql/catalog/lease/lease.go:2467 ⋮ [T1,Vsystem,n1] 121  released orphaned lease: ID=48 ver=1 expiration={0001-01-01 00:00:00 +0000 UTC}
I250818 16:28:25.505236 1738 sql/catalog/lease/lease.go:2467 ⋮ [T1,Vsystem,n1] 122  released orphaned lease: ID=46 ver=1 expiration={0001-01-01 00:00:00 +0000 UTC}
I250818 16:28:25.505329 1763 sql/catalog/lease/lease.go:2467 ⋮ [T1,Vsystem,n1] 123  released orphaned lease: ID=44 ver=1 expiration={0001-01-01 00:00:00 +0000 UTC}
I250818 16:28:25.508631 1766 sql/catalog/lease/lease.go:2467 ⋮ [T1,Vsystem,n1] 124  released orphaned lease: ID=50 ver=1 expiration={0001-01-01 00:00:00 +0000 UTC}
I250818 16:28:25.511100 1767 sql/catalog/lease/lease.go:2467 ⋮ [T1,Vsystem,n1] 125  released orphaned lease: ID=52 ver=1 expiration={0001-01-01 00:00:00 +0000 UTC}
I250818 16:28:25.511639 1769 sql/catalog/lease/lease.go:2467 ⋮ [T1,Vsystem,n1] 126  released orphaned lease: ID=54 ver=1 expiration={0001-01-01 00:00:00 +0000 UTC}
I250818 16:28:25.511879 1741 sql/catalog/lease/lease.go:2467 ⋮ [T1,Vsystem,n1] 127  released orphaned lease: ID=51 ver=1 expiration={0001-01-01 00:00:00 +0000 UTC}
I250818 16:28:25.512054 1768 sql/catalog/lease/lease.go:2467 ⋮ [T1,Vsystem,n1] 128  released orphaned lease: ID=53 ver=1 expiration={0001-01-01 00:00:00 +0000 UTC}
I250818 16:28:25.514529 1596 sql/catalog/lease/lease.go:2467 ⋮ [T1,Vsystem,n1] 129  released orphaned lease: ID=55 ver=1 expiration={0001-01-01 00:00:00 +0000 UTC}
I250818 16:28:25.519645 1745 sql/catalog/lease/lease.go:2467 ⋮ [T1,Vsystem,n1] 130  released orphaned lease: ID=59 ver=1 expiration={0001-01-01 00:00:00 +0000 UTC}
I250818 16:28:25.520164 1742 sql/catalog/lease/lease.go:2467 ⋮ [T1,Vsystem,n1] 131  released orphaned lease: ID=56 ver=1 expiration={0001-01-01 00:00:00 +0000 UTC}
I250818 16:28:25.520757 1743 sql/catalog/lease/lease.go:2467 ⋮ [T1,Vsystem,n1] 132  released orphaned lease: ID=57 ver=1 expiration={0001-01-01 00:00:00 +0000 UTC}
I250818 16:28:25.521061 1744 sql/catalog/lease/lease.go:2467 ⋮ [T1,Vsystem,n1] 133  released orphaned lease: ID=58 ver=1 expiration={0001-01-01 00:00:00 +0000 UTC}
I250818 16:28:25.521450 1599 sql/catalog/lease/lease.go:2467 ⋮ [T1,Vsystem,n1] 134  released orphaned lease: ID=60 ver=1 expiration={0001-01-01 00:00:00 +0000 UTC}
I250818 16:28:25.522533 1753 sql/catalog/lease/lease.go:2467 ⋮ [T1,Vsystem,n1] 135  released orphaned lease: ID=62 ver=1 expiration={0001-01-01 00:00:00 +0000 UTC}
I250818 16:28:25.523044 1752 sql/catalog/lease/lease.go:2467 ⋮ [T1,Vsystem,n1] 136  released orphaned lease: ID=61 ver=1 expiration={0001-01-01 00:00:00 +0000 UTC}
I250818 16:28:25.526187 1756 sql/catalog/lease/lease.go:2467 ⋮ [T1,Vsystem,n1] 137  released orphaned lease: ID=65 ver=1 expiration={0001-01-01 00:00:00 +0000 UTC}
I250818 16:28:25.526345 1754 sql/catalog/lease/lease.go:2467 ⋮ [T1,Vsystem,n1] 138  released orphaned lease: ID=63 ver=1 expiration={0001-01-01 00:00:00 +0000 UTC}
I250818 16:28:25.526491 1755 sql/catalog/lease/lease.go:2467 ⋮ [T1,Vsystem,n1] 139  released orphaned lease: ID=64 ver=1 expiration={0001-01-01 00:00:00 +0000 UTC}
I250818 16:28:25.527431 1770 sql/catalog/lease/lease.go:2467 ⋮ [T1,Vsystem,n1] 140  released orphaned lease: ID=70 ver=1 expiration={0001-01-01 00:00:00 +0000 UTC}
I250818 16:28:25.527468 1779 sql/catalog/lease/lease.go:2467 ⋮ [T1,Vsystem,n1] 141  released orphaned lease: ID=67 ver=1 expiration={0001-01-01 00:00:00 +0000 UTC}
I250818 16:28:25.527505 1778 sql/catalog/lease/lease.go:2467 ⋮ [T1,Vsystem,n1] 142  released orphaned lease: ID=66 ver=1 expiration={0001-01-01 00:00:00 +0000 UTC}
I250818 16:28:25.527535 1780 sql/catalog/lease/lease.go:2467 ⋮ [T1,Vsystem,n1] 143  released orphaned lease: ID=68 ver=1 expiration={0001-01-01 00:00:00 +0000 UTC}
I250818 16:28:25.527628 1757 sql/catalog/lease/lease.go:2467 ⋮ [T1,Vsystem,n1] 144  released orphaned lease: ID=69 ver=1 expiration={0001-01-01 00:00:00 +0000 UTC}
I250818 16:28:25.528518 1795 sql/catalog/lease/lease.go:2467 ⋮ [T1,Vsystem,n1] 145  released orphaned lease: ID=72 ver=1 expiration={0001-01-01 00:00:00 +0000 UTC}
I250818 16:28:25.529191 1794 sql/catalog/lease/lease.go:2467 ⋮ [T1,Vsystem,n1] 146  released orphaned lease: ID=71 ver=1 expiration={0001-01-01 00:00:00 +0000 UTC}
I250818 16:28:25.529490 1614 sql/catalog/lease/lease.go:2467 ⋮ [T1,Vsystem,n1] 147  released orphaned lease: ID=104 ver=1 expiration={0001-01-01 00:00:00 +0000 UTC}
I250818 16:28:25.529647 1615 sql/catalog/lease/lease.go:2467 ⋮ [T1,Vsystem,n1] 148  released orphaned lease: ID=107 ver=1 expiration={0001-01-01 00:00:00 +0000 UTC}
I250818 16:28:25.530509 1781 sql/catalog/lease/lease.go:2467 ⋮ [T1,Vsystem,n1] 149  released orphaned lease: ID=106 ver=15 expiration={0001-01-01 00:00:00 +0000 UTC}
I250818 16:28:25.536765 1811 sql/catalog/lease/lease.go:2467 ⋮ [T1,Vsystem,n1] 150  released orphaned lease: ID=111 ver=3 expiration={0001-01-01 00:00:00 +0000 UTC}
I250818 16:28:25.537111 1616 sql/catalog/lease/lease.go:2467 ⋮ [T1,Vsystem,n1] 151  released orphaned lease: ID=108 ver=2 expiration={0001-01-01 00:00:00 +0000 UTC}
I250818 16:28:25.537213 1617 sql/catalog/lease/lease.go:2467 ⋮ [T1,Vsystem,n1] 152  released orphaned lease: ID=109 ver=2 expiration={0001-01-01 00:00:00 +0000 UTC}
I250818 16:28:25.537269 1810 sql/catalog/lease/lease.go:2467 ⋮ [T1,Vsystem,n1] 153  released orphaned lease: ID=110 ver=1 expiration={0001-01-01 00:00:00 +0000 UTC}
I250818 16:28:25.542455 1796 sql/catalog/lease/lease.go:2467 ⋮ [T1,Vsystem,n1] 154  released orphaned lease: ID=112 ver=1 expiration={0001-01-01 00:00:00 +0000 UTC}
I250818 16:28:25.544082 1815 sql/catalog/lease/lease.go:2467 ⋮ [T1,Vsystem,n1] 155  released orphaned lease: ID=116 ver=1 expiration={0001-01-01 00:00:00 +0000 UTC}
I250818 16:28:25.544677 1812 sql/catalog/lease/lease.go:2467 ⋮ [T1,Vsystem,n1] 156  released orphaned lease: ID=113 ver=7 expiration={0001-01-01 00:00:00 +0000 UTC}
I250818 16:28:25.544976 1813 sql/catalog/lease/lease.go:2467 ⋮ [T1,Vsystem,n1] 157  released orphaned lease: ID=114 ver=1 expiration={0001-01-01 00:00:00 +0000 UTC}
I250818 16:28:25.545164 1814 sql/catalog/lease/lease.go:2467 ⋮ [T1,Vsystem,n1] 158  released orphaned lease: ID=115 ver=7 expiration={0001-01-01 00:00:00 +0000 UTC}
I250818 16:28:25.547495 1816 sql/catalog/lease/lease.go:2467 ⋮ [T1,Vsystem,n1] 159  released orphaned lease: ID=117 ver=3 expiration={0001-01-01 00:00:00 +0000 UTC}
I250818 16:28:25.548937 1785 sql/catalog/lease/lease.go:2467 ⋮ [T1,Vsystem,n1] 160  released orphaned lease: ID=123 ver=1 expiration={0001-01-01 00:00:00 +0000 UTC}
I250818 16:28:25.549470 1783 sql/catalog/lease/lease.go:2467 ⋮ [T1,Vsystem,n1] 161  released orphaned lease: ID=119 ver=2 expiration={0001-01-01 00:00:00 +0000 UTC}
I250818 16:28:25.549814 1782 sql/catalog/lease/lease.go:2467 ⋮ [T1,Vsystem,n1] 162  released orphaned lease: ID=118 ver=1 expiration={0001-01-01 00:00:00 +0000 UTC}
I250818 16:28:25.550109 1784 sql/catalog/lease/lease.go:2467 ⋮ [T1,Vsystem,n1] 163  released orphaned lease: ID=122 ver=2 expiration={0001-01-01 00:00:00 +0000 UTC}
I250818 16:28:25.550284 1797 sql/catalog/lease/lease.go:2467 ⋮ [T1,Vsystem,n1] 164  released orphaned lease: ID=124 ver=3 expiration={0001-01-01 00:00:00 +0000 UTC}
I250818 16:28:25.551256 1787 sql/catalog/lease/lease.go:2467 ⋮ [T1,Vsystem,n1] 165  released orphaned lease: ID=128 ver=2 expiration={0001-01-01 00:00:00 +0000 UTC}
I250818 16:28:25.551501 1798 sql/catalog/lease/lease.go:2467 ⋮ [T1,Vsystem,n1] 166  released orphaned lease: ID=126 ver=2 expiration={0001-01-01 00:00:00 +0000 UTC}
I250818 16:28:25.551584 1786 sql/catalog/lease/lease.go:2467 ⋮ [T1,Vsystem,n1] 167  released orphaned lease: ID=125 ver=3 expiration={0001-01-01 00:00:00 +0000 UTC}
I250818 16:28:25.551636 1799 sql/catalog/lease/lease.go:2467 ⋮ [T1,Vsystem,n1] 168  released orphaned lease: ID=127 ver=3 expiration={0001-01-01 00:00:00 +0000 UTC}
I250818 16:28:25.551699 1800 sql/catalog/lease/lease.go:2467 ⋮ [T1,Vsystem,n1] 169  released orphaned lease: ID=129 ver=3 expiration={0001-01-01 00:00:00 +0000 UTC}
I250818 16:28:25.552391 1821 sql/catalog/lease/lease.go:2467 ⋮ [T1,Vsystem,n1] 170  released orphaned lease: ID=134 ver=1 expiration={0001-01-01 00:00:00 +0000 UTC}
I250818 16:28:25.552408 1819 sql/catalog/lease/lease.go:2467 ⋮ [T1,Vsystem,n1] 171  released orphaned lease: ID=132 ver=2 expiration={0001-01-01 00:00:00 +0000 UTC}
I250818 16:28:25.552418 1820 sql/catalog/lease/lease.go:2467 ⋮ [T1,Vsystem,n1] 172  released orphaned lease: ID=133 ver=3 expiration={0001-01-01 00:00:00 +0000 UTC}
I250818 16:28:25.552393 1818 sql/catalog/lease/lease.go:2467 ⋮ [T1,Vsystem,n1] 173  released orphaned lease: ID=131 ver=2 expiration={0001-01-01 00:00:00 +0000 UTC}
I250818 16:28:25.552427 1817 sql/catalog/lease/lease.go:2467 ⋮ [T1,Vsystem,n1] 174  released orphaned lease: ID=130 ver=2 expiration={0001-01-01 00:00:00 +0000 UTC}
I250818 16:28:26.333680 586 1@gossip/gossip.go:1476 ⋮ [T1,Vsystem,n1] 175  node has connected to cluster via gossip
I250818 16:28:26.334015 586 kv/kvserver/stores.go:280 ⋮ [T1,Vsystem,n1] 176  wrote 0 node addresses to persistent storage
I250818 16:28:27.907447 1472 server/diagnostics/update_checker.go:144 ⋮ [T1,Vsystem,n1] 177  a new version is available: ‹25.2.4›, details: ‹https://www.cockroachlabs.com/docs/releases/v25.2#v25-2-4›
I250818 16:28:36.420601 2057 sql/sqlliveness/slstorage/slstorage.go:391 ⋮ [n1,intExec=expire-sessions] 178  deleted session 010180f172f7d0116e4aa487c6671ef82cd48f which expired at 1755534507.535996708,0
I250818 16:28:47.278237 2203 kv/kvserver/mvcc_gc_queue.go:796 ⋮ [T1,Vsystem,n1,mvccGC,s1,r86/1:‹/{Table/134-Max}›] 179  GC still needed following GC, recomputing MVCC stats
I250818 16:28:47.278274 2203 kv/kvserver/mvcc_gc_queue.go:797 ⋮ [T1,Vsystem,n1,mvccGC,s1,r86/1:‹/{Table/134-Max}›] 180  old score ‹queue=true with 0.00/fuzz(0.95)=0.00=valScaleScore(0.00)*deadFrac(0.04)+intentScore(0.00)›
I250818 16:28:47.278274 2203 kv/kvserver/mvcc_gc_queue.go:797 ⋮ [T1,Vsystem,n1,mvccGC,s1,r86/1:‹/{Table/134-Max}›] 180 +‹likely last GC: 1m40.661831368s ago, 0 B non-live, curr. age 0 B*s, min exp. reduction: 0 B*s›
I250818 16:28:47.278274 2203 kv/kvserver/mvcc_gc_queue.go:797 ⋮ [T1,Vsystem,n1,mvccGC,s1,r86/1:‹/{Table/134-Max}›] 180 +‹hint: {0,0 1755445834.582834013,0 1755445834.587412388,0}›
I250818 16:28:47.278321 2203 kv/kvserver/mvcc_gc_queue.go:798 ⋮ [T1,Vsystem,n1,mvccGC,s1,r86/1:‹/{Table/134-Max}›] 181  new score ‹queue=true with 0.00/fuzz(0.95)=0.00=valScaleScore(0.00)*deadFrac(0.04)+intentScore(0.00)›
I250818 16:28:47.278321 2203 kv/kvserver/mvcc_gc_queue.go:798 ⋮ [T1,Vsystem,n1,mvccGC,s1,r86/1:‹/{Table/134-Max}›] 181 +‹likely last GC: 1m44.75028916s ago, 0 B non-live, curr. age 0 B*s, min exp. reduction: 0 B*s›
I250818 16:28:47.278321 2203 kv/kvserver/mvcc_gc_queue.go:798 ⋮ [T1,Vsystem,n1,mvccGC,s1,r86/1:‹/{Table/134-Max}›] 181 +‹hint: {0,0 1755445834.582834013,0 1755445834.587412388,0}›
I250818 16:28:55.927744 1251 jobs/adopt.go:105 ⋮ [T1,Vsystem,n1] 182  claimed 7 jobs
I250818 16:28:55.930904 2305 jobs/adopt.go:224 ⋮ [T1,Vsystem,n1,job=101] 183  job 101: resuming execution
I250818 16:28:55.930922 2299 jobs/adopt.go:224 ⋮ [T1,Vsystem,n1,job=103] 184  job 103: resuming execution
I250818 16:28:55.930916 2301 jobs/adopt.go:224 ⋮ [T1,Vsystem,n1,job=105] 185  job 105: resuming execution
I250818 16:28:55.930943 2303 jobs/adopt.go:224 ⋮ [T1,Vsystem,n1,job=1098946398292541441] 186  job 1098946398292541441: resuming execution
I250818 16:28:55.931101 2302 jobs/adopt.go:224 ⋮ [T1,Vsystem,n1,job=1098958321112612865] 188  job 1098958321112612865: resuming execution
I250818 16:28:55.931101 2304 jobs/adopt.go:224 ⋮ [T1,Vsystem,n1,job=100] 187  job 100: resuming execution
I250818 16:28:55.931181 2300 jobs/adopt.go:224 ⋮ [T1,Vsystem,n1,job=104] 189  job 104: resuming execution
I250818 16:28:55.937846 2391 jobs/registry.go:1681 ⋮ [T1,Vsystem,n1,job=1098946398292541441] 190  AUTO SPAN CONFIG RECONCILIATION job 1098946398292541441: stepping through state running
I250818 16:28:55.937891 2372 jobs/registry.go:1681 ⋮ [T1,Vsystem,n1,job=104] 191  MVCC STATISTICS UPDATE job 104: stepping through state running
I250818 16:28:55.937920 2356 jobs/registry.go:1681 ⋮ [T1,Vsystem,n1,job=103] 192  AUTO UPDATE SQL ACTIVITY job 103: stepping through state running
I250818 16:28:55.938126 2333 jobs/registry.go:1681 ⋮ [T1,Vsystem,n1,job=105] 193  UPDATE TABLE METADATA CACHE job 105: stepping through state running
I250818 16:28:55.938256 2402 jobs/registry.go:1681 ⋮ [T1,Vsystem,n1,job=101] 194  POLL JOBS STATS job 101: stepping through state running
I250818 16:28:55.937857 2331 jobs/registry.go:1681 ⋮ [T1,Vsystem,n1,job=100] 195  KEY VISUALIZER job 100: stepping through state running
I250818 16:28:55.939756 2349 jobs/registry.go:1681 ⋮ [T1,Vsystem,n1,job=1098958321112612865] 196  CHANGEFEED job 1098958321112612865: stepping through state running
I250818 16:28:55.939830 2356 sql/sql_activity_update_job.go:88 ⋮ [T1,Vsystem,n1,job=AUTO UPDATE SQL ACTIVITY id=103] 197  starting sql stats activity flush job
I250818 16:28:55.939842 2372 sql/mvcc_statistics_update_job.go:63 ⋮ [T1,Vsystem,n1,job=MVCC STATISTICS UPDATE id=104] 198  starting mvcc statistics update job
I250818 16:28:55.941692 2353 ccl/changefeedccl/changefeed_dist.go:414 ⋮ [T1,Vsystem,n1,job=CHANGEFEED id=1098958321112612865] 199  using bulk oracle for DistSQL planning
I250818 16:28:55.942654 2353 ccl/changefeedccl/changefeed_dist.go:577 ⋮ [T1,Vsystem,n1,job=CHANGEFEED id=1098958321112612865] 200  changefeed plan diagram: ‹https://cockroachdb.github.io/distsqlplan/decode.html#eJyUkU2PmzAQhu_9FWjORjCGRcSnVF1VyqHdql2phxWqHHsgVgmmttG2Qvz3CuhHEimRcpwPnvdhPIL_0YIAdZBdQzWRFhGmm3LzUGYcEXmBvCwegEFnNX2UR_IgXgChYtA7q8h76-bWuCzs9E8QKQPT9UOY2xUDZR2BGCGY0BIIeLdEvW0aR40M1iUpMNAUpGkX9lcZ1IF89IKViJJnuW8pwSxLRoz5BNXEwA7hP94H2RAIPPHZPYJIJ3av0ntnu2DIJXgu9DQEEW0522Zsm18V4BcCeI_AZ_K97TydBV9LSi-SYpwqBqQbWh_C28Ep-uSsWnbX8mkBLQ1NPqxTXItd93fkgyN5_He_UxLeJPFbpIpB3drXb0aDgCLdZDqXKlb7Io_zOtfxXskyrmUuFVKW81LD_IFs_HyiLwf7umCff_XzD9ay9cTgg_xOjxTIHU1nfDDqz2Sa3vwOAAD__21U6mY=›
I250818 16:28:55.943178 2443 ccl/changefeedccl/sink_kafka_v2.go:246 ⋮ [-] 201  updating kafka metadata for topics: [‹users_changes›]
I250818 16:28:55.946849 2443 ccl/changefeedccl/sink_kafka_v2.go:246 ⋮ [-] 202  updating kafka metadata for topics: [‹users_changes›]
I250818 16:28:55.946987 2396 ccl/changefeedccl/kvfeed/kv_feed.go:332 ⋮ [T1,Vsystem,n1,job=1098958321112612865,change-aggregator] 203  kv feed run starting
I250818 16:28:55.971250 2391 spanconfig/spanconfigsqlwatcher/sqlwatcher.go:241 ⋮ [T1,Vsystem,n1,job=AUTO SPAN CONFIG RECONCILIATION id=1098946398292541441] 204  established range feed over system.descriptors starting at time 1755534535.944384546,0
I250818 16:28:55.971276 2391 spanconfig/spanconfigsqlwatcher/sqlwatcher.go:300 ⋮ [T1,Vsystem,n1,job=AUTO SPAN CONFIG RECONCILIATION id=1098946398292541441] 205  established range feed over system.zones starting at time 1755534535.944384546,0
I250818 16:28:55.971297 2391 spanconfig/spanconfigsqlwatcher/sqlwatcher.go:401 ⋮ [T1,Vsystem,n1,job=AUTO SPAN CONFIG RECONCILIATION id=1098946398292541441] 206  established range feed over system.protected_ts_records starting at time 1755534535.944384546,0
I250818 16:30:13.388274 4483 kv/kvserver/mvcc_gc_queue.go:796 ⋮ [T1,Vsystem,n1,mvccGC,s1,r86/1:‹/{Table/134-Max}›] 207  GC still needed following GC, recomputing MVCC stats
I250818 16:30:13.388484 4483 kv/kvserver/mvcc_gc_queue.go:797 ⋮ [T1,Vsystem,n1,mvccGC,s1,r86/1:‹/{Table/134-Max}›] 208  old score ‹queue=true with 0.00/fuzz(0.95)=0.00=valScaleScore(0.00)*deadFrac(0.04)+intentScore(0.00)›
I250818 16:30:13.388484 4483 kv/kvserver/mvcc_gc_queue.go:797 ⋮ [T1,Vsystem,n1,mvccGC,s1,r86/1:‹/{Table/134-Max}›] 208 +‹likely last GC: 1m22.921226512s ago, 0 B non-live, curr. age 0 B*s, min exp. reduction: 0 B*s›
I250818 16:30:13.388484 4483 kv/kvserver/mvcc_gc_queue.go:797 ⋮ [T1,Vsystem,n1,mvccGC,s1,r86/1:‹/{Table/134-Max}›] 208 +‹hint: {0,0 1755445834.582834013,0 1755445834.587412388,0}›
I250818 16:30:13.388632 4483 kv/kvserver/mvcc_gc_queue.go:798 ⋮ [T1,Vsystem,n1,mvccGC,s1,r86/1:‹/{Table/134-Max}›] 209  new score ‹queue=true with 0.00/fuzz(0.95)=0.00=valScaleScore(0.00)*deadFrac(0.04)+intentScore(0.00)›
I250818 16:30:13.388632 4483 kv/kvserver/mvcc_gc_queue.go:798 ⋮ [T1,Vsystem,n1,mvccGC,s1,r86/1:‹/{Table/134-Max}›] 209 +‹likely last GC: 1m26.111399845s ago, 0 B non-live, curr. age 0 B*s, min exp. reduction: 0 B*s›
I250818 16:30:13.388632 4483 kv/kvserver/mvcc_gc_queue.go:798 ⋮ [T1,Vsystem,n1,mvccGC,s1,r86/1:‹/{Table/134-Max}›] 209 +‹hint: {0,0 1755445834.582834013,0 1755445834.587412388,0}›
I250818 16:30:44.467176 5023 kv/kvserver/mvcc_gc_queue.go:796 ⋮ [T1,Vsystem,n1,mvccGC,s1,r86/1:‹/{Table/134-Max}›] 210  GC still needed following GC, recomputing MVCC stats
I250818 16:30:44.467426 5023 kv/kvserver/mvcc_gc_queue.go:797 ⋮ [T1,Vsystem,n1,mvccGC,s1,r86/1:‹/{Table/134-Max}›] 211  old score ‹queue=true with 0.00/fuzz(0.95)=0.00=valScaleScore(0.00)*deadFrac(0.04)+intentScore(0.00)›
I250818 16:30:44.467426 5023 kv/kvserver/mvcc_gc_queue.go:797 ⋮ [T1,Vsystem,n1,mvccGC,s1,r86/1:‹/{Table/134-Max}›] 211 +‹likely last GC: 26.913430666s ago, 0 B non-live, curr. age 0 B*s, min exp. reduction: 0 B*s›
I250818 16:30:44.467426 5023 kv/kvserver/mvcc_gc_queue.go:797 ⋮ [T1,Vsystem,n1,mvccGC,s1,r86/1:‹/{Table/134-Max}›] 211 +‹hint: {0,0 1755445834.582834013,0 1755445834.587412388,0}›
I250818 16:30:44.467620 5023 kv/kvserver/mvcc_gc_queue.go:798 ⋮ [T1,Vsystem,n1,mvccGC,s1,r86/1:‹/{Table/134-Max}›] 212  new score ‹queue=true with 0.00/fuzz(0.95)=0.00=valScaleScore(0.00)*deadFrac(0.04)+intentScore(0.00)›
I250818 16:30:44.467620 5023 kv/kvserver/mvcc_gc_queue.go:798 ⋮ [T1,Vsystem,n1,mvccGC,s1,r86/1:‹/{Table/134-Max}›] 212 +‹likely last GC: 31.089874292s ago, 0 B non-live, curr. age 0 B*s, min exp. reduction: 0 B*s›
I250818 16:30:44.467620 5023 kv/kvserver/mvcc_gc_queue.go:798 ⋮ [T1,Vsystem,n1,mvccGC,s1,r86/1:‹/{Table/134-Max}›] 212 +‹hint: {0,0 1755445834.582834013,0 1755445834.587412388,0}›
I250818 16:31:11.698194 1 1@cli/start.go:993 ⋮ [T1,Vsystem,n1] 213  received signal 'terminated'
I250818 16:31:11.700986 1 1@cli/start.go:1034 ⋮ [T1,Vsystem,n1] 214  initiating graceful shutdown of server
I250818 16:31:11.708482 5463 server/drain.go:353 ⋮ [T1,Vsystem,n1,server drain process,call-graceful-drain] 215  all tenant servers stopped
I250818 16:31:11.710311 5463 1@server/drain.go:399 ⋮ [T1,Vsystem,n1,server drain process,call-graceful-drain] 216  waiting for health probes to notice that the node is not ready for new sql connections
I250818 16:31:14.712037 5466 1@server/drain.go:513 ⋮ [T1,Vsystem,n1,server drain process,call-graceful-drain] 217  number of open connections: 0
I250818 16:31:16.703013 5464 1@cli/start.go:1046 ⋮ [T1,Vsystem,n1] 218  370 running tasks
I250818 16:31:18.486413 5581 kv/kvserver/mvcc_gc_queue.go:796 ⋮ [T1,Vsystem,n1,mvccGC,s1,r86/1:‹/{Table/134-Max}›] 219  GC still needed following GC, recomputing MVCC stats
I250818 16:31:18.486659 5581 kv/kvserver/mvcc_gc_queue.go:797 ⋮ [T1,Vsystem,n1,mvccGC,s1,r86/1:‹/{Table/134-Max}›] 220  old score ‹queue=true with 0.00/fuzz(0.95)=0.00=valScaleScore(0.00)*deadFrac(0.04)+intentScore(0.00)›
I250818 16:31:18.486659 5581 kv/kvserver/mvcc_gc_queue.go:797 ⋮ [T1,Vsystem,n1,mvccGC,s1,r86/1:‹/{Table/134-Max}›] 220 +‹likely last GC: 28.721812375s ago, 0 B non-live, curr. age 0 B*s, min exp. reduction: 0 B*s›
I250818 16:31:18.486659 5581 kv/kvserver/mvcc_gc_queue.go:797 ⋮ [T1,Vsystem,n1,mvccGC,s1,r86/1:‹/{Table/134-Max}›] 220 +‹hint: {0,0 1755445834.582834013,0 1755445834.587412388,0}›
I250818 16:31:18.486945 5581 kv/kvserver/mvcc_gc_queue.go:798 ⋮ [T1,Vsystem,n1,mvccGC,s1,r86/1:‹/{Table/134-Max}›] 221  new score ‹queue=true with 0.00/fuzz(0.95)=0.00=valScaleScore(0.00)*deadFrac(0.04)+intentScore(0.00)›
I250818 16:31:18.486945 5581 kv/kvserver/mvcc_gc_queue.go:798 ⋮ [T1,Vsystem,n1,mvccGC,s1,r86/1:‹/{Table/134-Max}›] 221 +‹likely last GC: 34.064920779s ago, 0 B non-live, curr. age 0 B*s, min exp. reduction: 0 B*s›
I250818 16:31:18.486945 5581 kv/kvserver/mvcc_gc_queue.go:798 ⋮ [T1,Vsystem,n1,mvccGC,s1,r86/1:‹/{Table/134-Max}›] 221 +‹hint: {0,0 1755445834.582834013,0 1755445834.587412388,0}›
I250818 16:31:21.702055 5464 1@cli/start.go:1046 ⋮ [T1,Vsystem,n1] 222  370 running tasks
