I250801 10:08:45.936438 1 util/log/file_sync_buffer.go:237 ⋮ [config]   file created at: 2025/08/01 10:08:45
I250801 10:08:45.936632 1 util/log/file_sync_buffer.go:237 ⋮ [config]   running on machine: ‹a86591319b51›
I250801 10:08:45.936644 1 util/log/file_sync_buffer.go:237 ⋮ [config]   binary: CockroachDB CCL v25.2.0 (aarch64-unknown-linux-gnu, built 2025/05/15 21:07:42, go1.23.7 X:nocoverageredesign)
I250801 10:08:45.936648 1 util/log/file_sync_buffer.go:237 ⋮ [config]   arguments: [‹/cockroach/cockroach› ‹start-single-node› ‹--certs-dir=certs› ‹--advertise-addr=127.0.0.1:26257› ‹--insecure› ‹--http-addr=0.0.0.0:8080›]
I250801 10:08:45.936658 1 util/log/file_sync_buffer.go:237 ⋮ [config]   log format (utf8=✓): crdb-v2
I250801 10:08:45.936682 1 util/log/file_sync_buffer.go:237 ⋮ [config]   line format: [IWEF]yymmdd hh:mm:ss.uuuuuu goid [chan@]file:line redactionmark \[tags\] [counter] msg
W250801 10:08:45.926630 1 1@cli/start.go:1438 ⋮ [n?] 1  ALL SECURITY CONTROLS HAVE BEEN DISABLED!
W250801 10:08:45.926630 1 1@cli/start.go:1438 ⋮ [n?] 1 +
W250801 10:08:45.926630 1 1@cli/start.go:1438 ⋮ [n?] 1 +This mode is intended for non-production testing only.
W250801 10:08:45.926630 1 1@cli/start.go:1438 ⋮ [n?] 1 +
W250801 10:08:45.926630 1 1@cli/start.go:1438 ⋮ [n?] 1 +In this mode:
W250801 10:08:45.926630 1 1@cli/start.go:1438 ⋮ [n?] 1 +- Your cluster is open to any client that can access ‹any of your IP addresses›.
W250801 10:08:45.926630 1 1@cli/start.go:1438 ⋮ [n?] 1 +- Intruders with access to your machine or network can observe client-server traffic.
W250801 10:08:45.926630 1 1@cli/start.go:1438 ⋮ [n?] 1 +- Intruders can log in without password and read or write any data in the cluster.
W250801 10:08:45.926630 1 1@cli/start.go:1438 ⋮ [n?] 1 +- Intruders can consume all your server's resources and cause unavailability.
I250801 10:08:45.955677 1 1@cli/start.go:1448 ⋮ [n?] 2  To start a secure server without mandating TLS for clients,
I250801 10:08:45.955677 1 1@cli/start.go:1448 ⋮ [n?] 2 +consider --accept-sql-without-tls instead. For other options, see:
I250801 10:08:45.955677 1 1@cli/start.go:1448 ⋮ [n?] 2 +
I250801 10:08:45.955677 1 1@cli/start.go:1448 ⋮ [n?] 2 +- https://go.crdb.dev/issue-v/53404/v25.2
I250801 10:08:45.955677 1 1@cli/start.go:1448 ⋮ [n?] 2 +- https://www.cockroachlabs.com/docs/v25.2/secure-a-cluster.html
I250801 10:08:45.956166 1 server/status/recorder.go:856 ⋮ [n?] 3  ‹available memory from cgroups (8.0 EiB) is unsupported, using system memory 8.7 GiB instead: ›
W250801 10:08:45.956248 1 1@cli/start.go:1360 ⋮ [n?] 4  Using the default setting for --cache (128 MiB).
W250801 10:08:45.956248 1 1@cli/start.go:1360 ⋮ [n?] 4 +  A significantly larger value is usually needed for good performance.
W250801 10:08:45.956248 1 1@cli/start.go:1360 ⋮ [n?] 4 +  If you have a dedicated server a reasonable setting is --cache=.25 (2.2 GiB).
I250801 10:08:45.956537 1 server/status/recorder.go:856 ⋮ [n?] 5  ‹available memory from cgroups (8.0 EiB) is unsupported, using system memory 8.7 GiB instead: ›
I250801 10:08:45.956577 1 1@cli/start.go:1477 ⋮ [n?] 6  CockroachDB CCL v25.2.0 (aarch64-unknown-linux-gnu, built 2025/05/15 21:07:42, go1.23.7 X:nocoverageredesign)
I250801 10:08:45.957522 1 server/status/recorder.go:856 ⋮ [n?] 7  ‹available memory from cgroups (8.0 EiB) is unsupported, using system memory 8.7 GiB instead: ›
I250801 10:08:45.957595 1 1@cli/start.go:554 ⋮ [n?] 8  soft memory limit of Go runtime is set to 4.9 GiB
I250801 10:08:45.957650 1 1@cli/start.go:591 ⋮ [n?] 9  GC target percentage of Go runtime is set to 300%
I250801 10:08:46.020595 1 server/status/recorder.go:856 ⋮ [T1,Vsystem,n?] 10  ‹available memory from cgroups (8.0 EiB) is unsupported, using system memory 8.7 GiB instead: ›
I250801 10:08:46.020686 1 server/config.go:674 ⋮ [T1,Vsystem,n?] 11  system total memory: 8.7 GiB
I250801 10:08:46.020725 1 server/config.go:676 ⋮ [T1,Vsystem,n?] 12  server configuration:
I250801 10:08:46.020725 1 server/config.go:676 ⋮ [T1,Vsystem,n?] 12 +max offset             500000000
I250801 10:08:46.020725 1 server/config.go:676 ⋮ [T1,Vsystem,n?] 12 +cache size             128 MiB
I250801 10:08:46.020725 1 server/config.go:676 ⋮ [T1,Vsystem,n?] 12 +SQL memory pool size   2.2 GiB
I250801 10:08:46.020725 1 server/config.go:676 ⋮ [T1,Vsystem,n?] 12 +scan interval          10m0s
I250801 10:08:46.020725 1 server/config.go:676 ⋮ [T1,Vsystem,n?] 12 +scan min idle time     10ms
I250801 10:08:46.020725 1 server/config.go:676 ⋮ [T1,Vsystem,n?] 12 +scan max idle time     1s
I250801 10:08:46.020725 1 server/config.go:676 ⋮ [T1,Vsystem,n?] 12 +event log enabled      true
I250801 10:08:46.020848 1 1@cli/start.go:1338 ⋮ [T1,Vsystem,n?] 13  using local environment variables:
I250801 10:08:46.020848 1 1@cli/start.go:1338 ⋮ [T1,Vsystem,n?] 13 +COCKROACH_CHANNEL=official-docker
I250801 10:08:46.020892 1 1@cli/start.go:1345 ⋮ [T1,Vsystem,n?] 14  process identity: uid 0 euid 0 gid 0 egid 0
I250801 10:08:46.030409 1 1@cli/start.go:1500 ⋮ [T1,Vsystem,n?] 15  GEOS loaded from directory ‹/usr/local/lib/cockroach›
I250801 10:08:46.030484 1 1@cli/start.go:777 ⋮ [T1,Vsystem,n?] 16  starting cockroach node
I250801 10:08:49.638709 80 server/config.go:880 ⋮ [T1,Vsystem,n?] 17  1 storage engine initialized
I250801 10:08:49.641381 80 server/config.go:883 ⋮ [T1,Vsystem,n?] 18  Pebble cache size: 128 MiB
I250801 10:08:49.641396 80 server/config.go:883 ⋮ [T1,Vsystem,n?] 19  store 0: max size 0 B, max open file limit 1043576
I250801 10:08:49.641400 80 server/config.go:883 ⋮ [T1,Vsystem,n?] 20  store 0: /cockroach/cockroach-data: rw encrypted=false fs:{bdev=/run/host_mark/Users fstype=fakeowner mountpoint=/cockroach/cockroach-data mountopts=rw,nosuid,nodev,relatime,fakeowner}
I250801 10:08:49.645616 123 util/cidr/cidr.go:299 ⋮ [T1,Vsystem,n?] 21  CIDR lookup updated with 0 destinations
I250801 10:08:49.758082 80 1@server/clock_monotonicity.go:61 ⋮ [T1,Vsystem,n?] 22  monitoring forward clock jumps based on server.clock.forward_jump_check.enabled
I250801 10:08:49.774450 80 1@server/clock_monotonicity.go:136 ⋮ [T1,Vsystem,n1] 23  Sleeping till wall time 1754042929774445801 to catches up to 1754042930258067677 to ensure monotonicity. Sub: 483.621876ms
I250801 10:08:49.774553 587 1@server/server.go:1802 ⋮ [T1,Vsystem,n1] 24  connecting to gossip network to verify cluster ID "ad7eb413-6f81-429f-8b5f-ee89af2e84c8"
W250801 10:08:50.258638 80 1@cli/start.go:1299 ⋮ [T1,Vsystem,n1] 25  Running a server without --sql-addr, with a combined RPC/SQL listener, is deprecated.
W250801 10:08:50.258638 80 1@cli/start.go:1299 ⋮ [T1,Vsystem,n1] 25 +This feature will be removed in a later version of CockroachDB.
W250801 10:08:50.258709 80 1@gossip/gossip.go:1460 ⋮ [T1,Vsystem,n1] 26  no addresses found; use --join to specify a connected node
I250801 10:08:50.264846 602 kv/kvserver/kvstorage/init.go:250 ⋮ [T1,Vsystem,n1,s1] 27  beginning range descriptor iteration
I250801 10:08:50.265153 602 kv/kvserver/kvstorage/init.go:374 ⋮ [T1,Vsystem,n1,s1] 28  range descriptor iteration done: 57 range descriptors, 0 intents, 0 tombstones; stats: ‹seeked 118 times (60 internal); stepped 0 times (0 internal); blocks: 67KB cached; points: 58 (1.2KB keys, 1.7KB values); separated: 9 (278B, 0B fetched)›
I250801 10:08:50.270085 602 kv/kvserver/kvstorage/init.go:501 ⋮ [T1,Vsystem,n1,s1] 29  loaded replica ID for 57/57 replicas
I250801 10:08:50.271184 602 kv/kvserver/kvstorage/init.go:518 ⋮ [T1,Vsystem,n1,s1] 30  loaded Raft state for 57/57 replicas
I250801 10:08:50.271410 602 kv/kvserver/kvstorage/init.go:545 ⋮ [T1,Vsystem,n1,s1] 31  loaded 57 replicas
I250801 10:08:50.271422 602 kv/kvserver/kvstorage/init.go:576 ⋮ [T1,Vsystem,n1,s1] 32  verified 57/57 replicas
I250801 10:08:50.299603 602 kv/kvserver/store.go:2369 ⋮ [T1,Vsystem,n1,s1] 33  initialized 57/57 replicas
I250801 10:08:50.300012 602 server/node.go:690 ⋮ [T1,Vsystem,n1] 34  initialized store s1 in 40ms (57 replicas)
I250801 10:08:50.300122 80 kv/kvserver/stores.go:261 ⋮ [T1,Vsystem,n1] 35  read 0 node addresses from persistent storage
I250801 10:08:50.301629 80 server/node.go:801 ⋮ [T1,Vsystem,n1] 36  started with attributes []
I250801 10:08:50.301772 80 server/goroutinedumper/goroutinedumper.go:117 ⋮ [T1,Vsystem,n1] 37  writing goroutine dumps to ‹/cockroach/cockroach-data/logs/goroutine_dump›
I250801 10:08:50.301871 80 server/profiler/heapprofiler.go:72 ⋮ [T1,Vsystem,n1] 38  writing go heap profiles to ‹/cockroach/cockroach-data/logs/heap_profiler› at least every 1h0m0s
I250801 10:08:50.301905 80 server/profiler/memory_monitoring_profiler.go:66 ⋮ [T1,Vsystem,n1] 39  writing memory monitoring dumps to ‹/cockroach/cockroach-data/logs/heap_profiler› at least every 1h0m0s
I250801 10:08:50.301919 80 server/profiler/cgoprofiler.go:66 ⋮ [T1,Vsystem,n1] 40  to enable jmalloc profiling: "export MALLOC_CONF=prof:true" or "ln -s prof:true /etc/malloc.conf"
I250801 10:08:50.301945 80 server/profiler/statsprofiler.go:68 ⋮ [T1,Vsystem,n1] 41  writing memory stats to ‹/cockroach/cockroach-data/logs/heap_profiler› at last every 1h0m0s
I250801 10:08:50.303555 80 server/profiler/activequeryprofiler.go:88 ⋮ [T1,Vsystem,n1] 42  writing go query profiles to ‹/cockroach/cockroach-data/logs/heap_profiler›
I250801 10:08:50.303645 80 server/profiler/cpuprofiler.go:87 ⋮ [T1,Vsystem,n1] 43  writing cpu profile dumps to ‹/cockroach/cockroach-data/logs/pprof_dump›
I250801 10:08:50.305387 80 1@server/server.go:1999 ⋮ [T1,Vsystem,n1] 44  starting http server at ‹[::]:8080› (use: ‹127.0.0.1:8080›)
I250801 10:08:50.305461 80 1@server/server.go:2007 ⋮ [T1,Vsystem,n1] 45  starting grpc/postgres server at ‹[::]:26257›
I250801 10:08:50.305648 80 1@server/server.go:2008 ⋮ [T1,Vsystem,n1] 46  advertising CockroachDB node at ‹127.0.0.1:26257›
I250801 10:08:50.309323 587 1@server/server.go:1805 ⋮ [T1,Vsystem,n1] 47  node connected via gossip
I250801 10:08:50.311685 657 kv/kvserver/storeliveness/support_manager.go:285 ⋮ [T1,Vsystem,n1,s1] 48  starting to heartbeat store {NodeID:1 StoreID:1}
I250801 10:08:50.316838 677 kv/kvserver/queue.go:612 ⋮ [T1,Vsystem,n1,s1,r12/1:‹/Table/{8-9}›,raft] 49  rate limited in MaybeAdd (replicate): throttled on async limiting semaphore
I250801 10:08:50.319540 657 kv/kvserver/storeliveness/supporter_state.go:298 ⋮ [T1,Vsystem,n1,s1] 50  provided support for store {NodeID:1 StoreID:1}; old = {Target:{NodeID:1 StoreID:1} Epoch:68 Expiration:1754042891.106849296,0}, new = {Target:{NodeID:1 StoreID:1} Epoch:69 Expiration:1754042933.311752927,0}
I250801 10:08:50.323182 657 kv/kvserver/storeliveness/requester_state.go:425 ⋮ [T1,Vsystem,n1,s1] 51  received support from store {NodeID:1 StoreID:1}; old = {Target:{NodeID:1 StoreID:1} Epoch:69 Expiration:0,0}, new = {Target:{NodeID:1 StoreID:1} Epoch:69 Expiration:1754042933.311752927,0}
I250801 10:08:50.350590 80 1@util/log/event_log.go:39 ⋮ [T1,Vsystem,n1] 52 ={"Timestamp":1754042930350528093,"EventType":"node_restart","NodeID":1,"StartedAt":1754042930258794677,"LastUp":1754042886738001170}
I250801 10:08:50.350806 950 kv/kvclient/rangefeed/rangefeedcache/watcher.go:340 ⋮ [T1,Vsystem,n1] 53  settings-watcher: established range feed cache
I250801 10:08:50.351057 948 kv/kvclient/rangefeed/rangefeedcache/watcher.go:340 ⋮ [T1,Vsystem,n1] 54  spanconfig-subscriber: established range feed cache
I250801 10:08:50.392699 80 sql/sqlliveness/slinstance/slinstance.go:435 ⋮ [T1,Vsystem,n1] 55  starting SQL liveness instance
I250801 10:08:50.410655 1202 sql/sqlliveness/slstorage/slstorage.go:540 ⋮ [T1,Vsystem,n1] 56  inserted sqlliveness session 010180b2ed8eeab8b04f2584b4d83315660afd with expiry 1754042970.392825635,0
I250801 10:08:50.410719 1202 sql/sqlliveness/slinstance/slinstance.go:247 ⋮ [T1,Vsystem,n1] 57  created new SQL liveness session 010180b2ed8eeab8b04f2584b4d83315660afd
I250801 10:08:50.410740 80 sql/sqlinstance/instancestorage/instancestorage.go:338 ⋮ [T1,Vsystem,n1] 58  assigning instance id to rpc addr ‹127.0.0.1:26257› and sql addr ‹127.0.0.1:26257›
I250801 10:08:50.422365 1239 kv/kvserver/replica_rangefeed.go:882 ⋮ [T1,Vsystem,n1,rangefeed=‹spanconfig-subscriber›,mux_n=1,gen=2,r50/1:‹/Table/4{7-8}›,sm=1,sid=1,s1] 59  RangeFeed closed timestamp 1754042667.580775626,0 is behind by 4m22.841584967s (behind=4m22.841584967s target=3s nudge=true cancel=false)
I250801 10:08:50.423291 80 server/server_sql.go:1618 ⋮ [T1,Vsystem,n1] 60  bound sqlinstance: Instance{RegionPrefix: gA==, InstanceID: 1, SQLAddr: ‹127.0.0.1:26257›, RPCAddr: ‹127.0.0.1:26257›, SessionID: 010180b2ed8eeab8b04f2584b4d83315660afd, Locality: , BinaryVersion: 25.2}
I250801 10:08:50.423846 80 upgrade/upgrademanager/manager.go:171 ⋮ [T1,Vsystem,n1] 61  running permanent upgrades up to version: 25.2
I250801 10:08:50.424567 1223 sql/temporary_schema.go:506 ⋮ [T1,Vsystem,n1] 62  running temporary object cleanup background job
I250801 10:08:50.425229 1226 sql/sqlstats/persistedsqlstats/provider.go:159 ⋮ [T1,Vsystem,n1] 63  starting sql-stats-worker with initial delay: 9m57.262649111s
I250801 10:08:50.425675 1255 kv/kvclient/rangefeed/rangefeedcache/watcher.go:340 ⋮ [T1,Vsystem,n1] 64  system-config-cache: established range feed cache
I250801 10:08:50.436974 1223 sql/temporary_schema.go:556 ⋮ [T1,Vsystem,n1] 65  found 0 temporary schemas
I250801 10:08:50.437002 1223 sql/temporary_schema.go:559 ⋮ [T1,Vsystem,n1] 66  early exiting temporary schema cleaner as no temporary schemas were found
I250801 10:08:50.437008 1223 sql/temporary_schema.go:560 ⋮ [T1,Vsystem,n1] 67  completed temporary object cleanup job
I250801 10:08:50.437030 1223 sql/temporary_schema.go:641 ⋮ [T1,Vsystem,n1] 68  temporary object cleaner next scheduled to run at 2025-08-01 10:38:50.42395901 +0000 UTC m=+1805.670999295
I250801 10:08:50.447244 80 upgrade/upgrademanager/manager.go:233 ⋮ [T1,Vsystem,n1] 69  detected the last permanent upgrade (v0.0-upgrading-step-004) to have already completed; no permanent upgrades will run
I250801 10:08:50.447277 80 server/server_sql.go:1720 ⋮ [T1,Vsystem,n1] 70  done ensuring all necessary startup migrations have run
I250801 10:08:50.447592 80 server/license/enforcer.go:262 ⋮ [T1,Vsystem,n1] 71  trial license expiry initialized to 1970-01-01 00:00:00 +0000 UTC
I250801 10:08:50.447633 80 server/license/enforcer.go:298 ⋮ [T1,Vsystem,n1] 72  fetched existing cluster init grace period end time: 2025-08-05 14:00:31 +0000 UTC
I250801 10:08:50.447676 80 server/license/enforcer.go:498 ⋮ [T1,Vsystem,n1] 73  enforcer license updated: type is none, grace period ends at "2025-08-05 14:00:31 +0000 UTC", telemetry required: false
I250801 10:08:50.447683 80 server/license/enforcer.go:498 ⋮ [T1,Vsystem,n1] 74  enforcer license updated: type is none, grace period ends at "2025-08-05 14:00:31 +0000 UTC", telemetry required: false
I250801 10:08:50.460094 1212 sql/sqlliveness/slstorage/slstorage.go:391 ⋮ [n1,intExec=expire-sessions] 75  deleted session 0101805a5ae1250d944096a6cf5b2bc7278c86 which expired at 1754042927.885636712,0
I250801 10:08:50.467046 1563 kv/kvclient/rangefeed/rangefeedcache/watcher.go:340 ⋮ [T1,Vsystem,n1] 76  tenant-settings-watcher: established range feed cache
I250801 10:08:50.467135 1555 jobs/job_scheduler.go:407 ⋮ [T1,Vsystem,n1] 77  waiting 4m0s before scheduled jobs daemon start
I250801 10:08:50.471547 1526 kv/kvclient/rangefeed/rangefeedcache/watcher.go:340 ⋮ [T1,Vsystem,n1] 78  tenant-entry-watcher: established range feed cache
I250801 10:08:50.472890 1475 sql/syntheticprivilegecache/cache.go:202 ⋮ [T1,Vsystem,n1] 79  warmed privileges for virtual tables in 18.641667ms
I250801 10:08:50.473252 1526 multitenant/tenantcapabilities/tenantcapabilitieswatcher/watcher.go:285 ⋮ [T1,Vsystem,n1] 80  received results of a full table scan for tenant capabilities
I250801 10:08:50.477827 1561 server/auto_upgrade.go:81 ⋮ [T1,Vsystem,n1] 81  no need to upgrade, cluster already at the newest version
I250801 10:08:50.493349 80 server/license/enforcer.go:582 ⋮ [T1,Vsystem,n1] 82  disable all license enforcement
I250801 10:08:50.493377 80 1@server/server_sql.go:1971 ⋮ [T1,Vsystem,n1] 83  serving sql connections
I250801 10:08:50.493477 80 1@cli/start.go:1286 ⋮ [T1,Vsystem,n1] 84  node startup completed:
I250801 10:08:50.493477 80 1@cli/start.go:1286 ⋮ [T1,Vsystem,n1] 84 +CockroachDB node starting at 2025-08-01 10:08:50.493398927 +0000 UTC m=+5.740439212 (took 5.0s)
I250801 10:08:50.493477 80 1@cli/start.go:1286 ⋮ [T1,Vsystem,n1] 84 +build:               CCL v25.2.0 @ 2025/05/15 21:07:42 (go1.23.7 X:nocoverageredesign)
I250801 10:08:50.493477 80 1@cli/start.go:1286 ⋮ [T1,Vsystem,n1] 84 +malloc_conf:         prof:false,prof_active:true,background_thread:true,thp:never,metadata_thp:disabled,narenas:48,dirty_decay_ms:2000,muzzy_decay_ms:0
I250801 10:08:50.493477 80 1@cli/start.go:1286 ⋮ [T1,Vsystem,n1] 84 +webui:               ‹http://127.0.0.1:8080›
I250801 10:08:50.493477 80 1@cli/start.go:1286 ⋮ [T1,Vsystem,n1] 84 +sql:                 ‹postgresql://root@127.0.0.1:26257/defaultdb?sslmode=disable›
I250801 10:08:50.493477 80 1@cli/start.go:1286 ⋮ [T1,Vsystem,n1] 84 +sql (JDBC):          ‹jdbc:postgresql://127.0.0.1:26257/defaultdb?sslmode=disable&user=root›
I250801 10:08:50.493477 80 1@cli/start.go:1286 ⋮ [T1,Vsystem,n1] 84 +RPC client flags:    ‹/cockroach/cockroach <client cmd> --host=127.0.0.1:26257 --insecure›
I250801 10:08:50.493477 80 1@cli/start.go:1286 ⋮ [T1,Vsystem,n1] 84 +logs:                ‹/cockroach/cockroach-data/logs›
I250801 10:08:50.493477 80 1@cli/start.go:1286 ⋮ [T1,Vsystem,n1] 84 +temp dir:            ‹/cockroach/cockroach-data/cockroach-temp347191245›
I250801 10:08:50.493477 80 1@cli/start.go:1286 ⋮ [T1,Vsystem,n1] 84 +external I/O path:   ‹/cockroach/cockroach-data/extern›
I250801 10:08:50.493477 80 1@cli/start.go:1286 ⋮ [T1,Vsystem,n1] 84 +store[0]:            ‹path=/cockroach/cockroach-data›
I250801 10:08:50.493477 80 1@cli/start.go:1286 ⋮ [T1,Vsystem,n1] 84 +clusterID:           ad7eb413-6f81-429f-8b5f-ee89af2e84c8
I250801 10:08:50.493477 80 1@cli/start.go:1286 ⋮ [T1,Vsystem,n1] 84 +status:              restarted pre-existing node
I250801 10:08:50.493477 80 1@cli/start.go:1286 ⋮ [T1,Vsystem,n1] 84 +nodeID:              1
I250801 10:08:50.537056 1737 sql/catalog/lease/lease.go:2467 ⋮ [T1,Vsystem,n1] 85  released orphaned lease: ID=1 ver=1 expiration={0001-01-01 00:00:00 +0000 UTC}
I250801 10:08:50.537261 1741 sql/catalog/lease/lease.go:2467 ⋮ [T1,Vsystem,n1] 86  released orphaned lease: ID=6 ver=1 expiration={0001-01-01 00:00:00 +0000 UTC}
I250801 10:08:50.537382 1739 sql/catalog/lease/lease.go:2467 ⋮ [T1,Vsystem,n1] 87  released orphaned lease: ID=4 ver=1 expiration={0001-01-01 00:00:00 +0000 UTC}
I250801 10:08:50.537420 1740 sql/catalog/lease/lease.go:2467 ⋮ [T1,Vsystem,n1] 88  released orphaned lease: ID=5 ver=1 expiration={0001-01-01 00:00:00 +0000 UTC}
I250801 10:08:50.537522 1738 sql/catalog/lease/lease.go:2467 ⋮ [T1,Vsystem,n1] 89  released orphaned lease: ID=3 ver=1 expiration={0001-01-01 00:00:00 +0000 UTC}
I250801 10:08:50.538601 1762 sql/catalog/lease/lease.go:2467 ⋮ [T1,Vsystem,n1] 90  released orphaned lease: ID=11 ver=1 expiration={0001-01-01 00:00:00 +0000 UTC}
I250801 10:08:50.539251 1696 sql/catalog/lease/lease.go:2467 ⋮ [T1,Vsystem,n1] 91  released orphaned lease: ID=7 ver=1 expiration={0001-01-01 00:00:00 +0000 UTC}
I250801 10:08:50.539588 1747 sql/catalog/lease/lease.go:2467 ⋮ [T1,Vsystem,n1] 92  released orphaned lease: ID=8 ver=1 expiration={0001-01-01 00:00:00 +0000 UTC}
I250801 10:08:50.539855 1697 sql/catalog/lease/lease.go:2467 ⋮ [T1,Vsystem,n1] 93  released orphaned lease: ID=9 ver=1 expiration={0001-01-01 00:00:00 +0000 UTC}
I250801 10:08:50.539984 1661 sql/catalog/lease/lease.go:2467 ⋮ [T1,Vsystem,n1] 94  released orphaned lease: ID=12 ver=1 expiration={0001-01-01 00:00:00 +0000 UTC}
I250801 10:08:50.540791 1316 sql/catalog/lease/lease.go:2467 ⋮ [T1,Vsystem,n1] 95  released orphaned lease: ID=13 ver=1 expiration={0001-01-01 00:00:00 +0000 UTC}
I250801 10:08:50.541535 1763 sql/catalog/lease/lease.go:2467 ⋮ [T1,Vsystem,n1] 96  released orphaned lease: ID=19 ver=1 expiration={0001-01-01 00:00:00 +0000 UTC}
I250801 10:08:50.541655 1764 sql/catalog/lease/lease.go:2467 ⋮ [T1,Vsystem,n1] 97  released orphaned lease: ID=20 ver=1 expiration={0001-01-01 00:00:00 +0000 UTC}
I250801 10:08:50.541733 1748 sql/catalog/lease/lease.go:2467 ⋮ [T1,Vsystem,n1] 98  released orphaned lease: ID=14 ver=1 expiration={0001-01-01 00:00:00 +0000 UTC}
I250801 10:08:50.541965 1539 sql/catalog/lease/lease.go:2467 ⋮ [T1,Vsystem,n1] 99  released orphaned lease: ID=15 ver=1 expiration={0001-01-01 00:00:00 +0000 UTC}
I250801 10:08:50.542437 1541 sql/catalog/lease/lease.go:2467 ⋮ [T1,Vsystem,n1] 100  released orphaned lease: ID=23 ver=1 expiration={0001-01-01 00:00:00 +0000 UTC}
I250801 10:08:50.542545 1540 sql/catalog/lease/lease.go:2467 ⋮ [T1,Vsystem,n1] 101  released orphaned lease: ID=21 ver=1 expiration={0001-01-01 00:00:00 +0000 UTC}
I250801 10:08:50.544003 1765 sql/catalog/lease/lease.go:2467 ⋮ [T1,Vsystem,n1] 102  released orphaned lease: ID=24 ver=1 expiration={0001-01-01 00:00:00 +0000 UTC}
I250801 10:08:50.544255 1542 sql/catalog/lease/lease.go:2467 ⋮ [T1,Vsystem,n1] 103  released orphaned lease: ID=25 ver=1 expiration={0001-01-01 00:00:00 +0000 UTC}
I250801 10:08:50.544682 1766 sql/catalog/lease/lease.go:2467 ⋮ [T1,Vsystem,n1] 104  released orphaned lease: ID=26 ver=1 expiration={0001-01-01 00:00:00 +0000 UTC}
I250801 10:08:50.544789 1662 sql/catalog/lease/lease.go:2467 ⋮ [T1,Vsystem,n1] 105  released orphaned lease: ID=27 ver=1 expiration={0001-01-01 00:00:00 +0000 UTC}
I250801 10:08:50.544892 1663 sql/catalog/lease/lease.go:2467 ⋮ [T1,Vsystem,n1] 106  released orphaned lease: ID=28 ver=1 expiration={0001-01-01 00:00:00 +0000 UTC}
I250801 10:08:50.546536 1749 sql/catalog/lease/lease.go:2467 ⋮ [T1,Vsystem,n1] 107  released orphaned lease: ID=30 ver=1 expiration={0001-01-01 00:00:00 +0000 UTC}
I250801 10:08:50.546573 1751 sql/catalog/lease/lease.go:2467 ⋮ [T1,Vsystem,n1] 108  released orphaned lease: ID=32 ver=1 expiration={0001-01-01 00:00:00 +0000 UTC}
I250801 10:08:50.546609 1750 sql/catalog/lease/lease.go:2467 ⋮ [T1,Vsystem,n1] 109  released orphaned lease: ID=31 ver=1 expiration={0001-01-01 00:00:00 +0000 UTC}
I250801 10:08:50.546687 1317 sql/catalog/lease/lease.go:2467 ⋮ [T1,Vsystem,n1] 110  released orphaned lease: ID=33 ver=1 expiration={0001-01-01 00:00:00 +0000 UTC}
I250801 10:08:50.546777 1318 sql/catalog/lease/lease.go:2467 ⋮ [T1,Vsystem,n1] 111  released orphaned lease: ID=34 ver=1 expiration={0001-01-01 00:00:00 +0000 UTC}
I250801 10:08:50.548598 1624 sql/catalog/lease/lease.go:2467 ⋮ [T1,Vsystem,n1] 112  released orphaned lease: ID=35 ver=1 expiration={0001-01-01 00:00:00 +0000 UTC}
I250801 10:08:50.548710 1752 sql/catalog/lease/lease.go:2467 ⋮ [T1,Vsystem,n1] 113  released orphaned lease: ID=39 ver=1 expiration={0001-01-01 00:00:00 +0000 UTC}
I250801 10:08:50.548831 1753 sql/catalog/lease/lease.go:2467 ⋮ [T1,Vsystem,n1] 114  released orphaned lease: ID=40 ver=1 expiration={0001-01-01 00:00:00 +0000 UTC}
I250801 10:08:50.548845 1543 sql/catalog/lease/lease.go:2467 ⋮ [T1,Vsystem,n1] 115  released orphaned lease: ID=36 ver=1 expiration={0001-01-01 00:00:00 +0000 UTC}
I250801 10:08:50.548918 1544 sql/catalog/lease/lease.go:2467 ⋮ [T1,Vsystem,n1] 116  released orphaned lease: ID=37 ver=1 expiration={0001-01-01 00:00:00 +0000 UTC}
I250801 10:08:50.549662 1625 sql/catalog/lease/lease.go:2467 ⋮ [T1,Vsystem,n1] 117  released orphaned lease: ID=42 ver=1 expiration={0001-01-01 00:00:00 +0000 UTC}
I250801 10:08:50.549899 1319 sql/catalog/lease/lease.go:2467 ⋮ [T1,Vsystem,n1] 118  released orphaned lease: ID=41 ver=1 expiration={0001-01-01 00:00:00 +0000 UTC}
I250801 10:08:50.550873 1322 sql/catalog/lease/lease.go:2467 ⋮ [T1,Vsystem,n1] 119  released orphaned lease: ID=47 ver=1 expiration={0001-01-01 00:00:00 +0000 UTC}
I250801 10:08:50.551150 1320 sql/catalog/lease/lease.go:2467 ⋮ [T1,Vsystem,n1] 120  released orphaned lease: ID=43 ver=1 expiration={0001-01-01 00:00:00 +0000 UTC}
I250801 10:08:50.551267 1626 sql/catalog/lease/lease.go:2467 ⋮ [T1,Vsystem,n1] 121  released orphaned lease: ID=44 ver=1 expiration={0001-01-01 00:00:00 +0000 UTC}
I250801 10:08:50.551386 1321 sql/catalog/lease/lease.go:2467 ⋮ [T1,Vsystem,n1] 122  released orphaned lease: ID=45 ver=1 expiration={0001-01-01 00:00:00 +0000 UTC}
I250801 10:08:50.551439 1545 sql/catalog/lease/lease.go:2467 ⋮ [T1,Vsystem,n1] 123  released orphaned lease: ID=46 ver=1 expiration={0001-01-01 00:00:00 +0000 UTC}
I250801 10:08:50.553587 1631 sql/catalog/lease/lease.go:2467 ⋮ [T1,Vsystem,n1] 124  released orphaned lease: ID=53 ver=1 expiration={0001-01-01 00:00:00 +0000 UTC}
I250801 10:08:50.553560 1628 sql/catalog/lease/lease.go:2467 ⋮ [T1,Vsystem,n1] 125  released orphaned lease: ID=50 ver=1 expiration={0001-01-01 00:00:00 +0000 UTC}
I250801 10:08:50.553783 1629 sql/catalog/lease/lease.go:2467 ⋮ [T1,Vsystem,n1] 126  released orphaned lease: ID=51 ver=1 expiration={0001-01-01 00:00:00 +0000 UTC}
I250801 10:08:50.553985 1630 sql/catalog/lease/lease.go:2467 ⋮ [T1,Vsystem,n1] 127  released orphaned lease: ID=52 ver=1 expiration={0001-01-01 00:00:00 +0000 UTC}
I250801 10:08:50.554328 1627 sql/catalog/lease/lease.go:2467 ⋮ [T1,Vsystem,n1] 128  released orphaned lease: ID=48 ver=1 expiration={0001-01-01 00:00:00 +0000 UTC}
I250801 10:08:50.555885 1546 sql/catalog/lease/lease.go:2467 ⋮ [T1,Vsystem,n1] 129  released orphaned lease: ID=54 ver=1 expiration={0001-01-01 00:00:00 +0000 UTC}
I250801 10:08:50.556410 1548 sql/catalog/lease/lease.go:2467 ⋮ [T1,Vsystem,n1] 130  released orphaned lease: ID=57 ver=1 expiration={0001-01-01 00:00:00 +0000 UTC}
I250801 10:08:50.556606 1547 sql/catalog/lease/lease.go:2467 ⋮ [T1,Vsystem,n1] 131  released orphaned lease: ID=56 ver=1 expiration={0001-01-01 00:00:00 +0000 UTC}
I250801 10:08:50.556759 1755 sql/catalog/lease/lease.go:2467 ⋮ [T1,Vsystem,n1] 132  released orphaned lease: ID=58 ver=1 expiration={0001-01-01 00:00:00 +0000 UTC}
I250801 10:08:50.556824 1754 sql/catalog/lease/lease.go:2467 ⋮ [T1,Vsystem,n1] 133  released orphaned lease: ID=55 ver=1 expiration={0001-01-01 00:00:00 +0000 UTC}
I250801 10:08:50.558400 1769 sql/catalog/lease/lease.go:2467 ⋮ [T1,Vsystem,n1] 134  released orphaned lease: ID=63 ver=1 expiration={0001-01-01 00:00:00 +0000 UTC}
I250801 10:08:50.558639 1756 sql/catalog/lease/lease.go:2467 ⋮ [T1,Vsystem,n1] 135  released orphaned lease: ID=60 ver=1 expiration={0001-01-01 00:00:00 +0000 UTC}
I250801 10:08:50.558729 1767 sql/catalog/lease/lease.go:2467 ⋮ [T1,Vsystem,n1] 136  released orphaned lease: ID=59 ver=1 expiration={0001-01-01 00:00:00 +0000 UTC}
I250801 10:08:50.558386 1757 sql/catalog/lease/lease.go:2467 ⋮ [T1,Vsystem,n1] 137  released orphaned lease: ID=61 ver=1 expiration={0001-01-01 00:00:00 +0000 UTC}
I250801 10:08:50.559553 1768 sql/catalog/lease/lease.go:2467 ⋮ [T1,Vsystem,n1] 138  released orphaned lease: ID=62 ver=1 expiration={0001-01-01 00:00:00 +0000 UTC}
I250801 10:08:50.561157 1549 sql/catalog/lease/lease.go:2467 ⋮ [T1,Vsystem,n1] 139  released orphaned lease: ID=64 ver=1 expiration={0001-01-01 00:00:00 +0000 UTC}
I250801 10:08:50.561239 1770 sql/catalog/lease/lease.go:2467 ⋮ [T1,Vsystem,n1] 140  released orphaned lease: ID=67 ver=1 expiration={0001-01-01 00:00:00 +0000 UTC}
I250801 10:08:50.561416 1758 sql/catalog/lease/lease.go:2467 ⋮ [T1,Vsystem,n1] 141  released orphaned lease: ID=66 ver=1 expiration={0001-01-01 00:00:00 +0000 UTC}
I250801 10:08:50.561502 1551 sql/catalog/lease/lease.go:2467 ⋮ [T1,Vsystem,n1] 142  released orphaned lease: ID=68 ver=1 expiration={0001-01-01 00:00:00 +0000 UTC}
I250801 10:08:50.561609 1550 sql/catalog/lease/lease.go:2467 ⋮ [T1,Vsystem,n1] 143  released orphaned lease: ID=65 ver=1 expiration={0001-01-01 00:00:00 +0000 UTC}
I250801 10:08:50.562493 1632 sql/catalog/lease/lease.go:2467 ⋮ [T1,Vsystem,n1] 144  released orphaned lease: ID=70 ver=1 expiration={0001-01-01 00:00:00 +0000 UTC}
I250801 10:08:50.562987 1771 sql/catalog/lease/lease.go:2467 ⋮ [T1,Vsystem,n1] 145  released orphaned lease: ID=104 ver=1 expiration={0001-01-01 00:00:00 +0000 UTC}
I250801 10:08:50.563289 1553 sql/catalog/lease/lease.go:2467 ⋮ [T1,Vsystem,n1] 146  released orphaned lease: ID=72 ver=1 expiration={0001-01-01 00:00:00 +0000 UTC}
I250801 10:08:50.563583 1759 sql/catalog/lease/lease.go:2467 ⋮ [T1,Vsystem,n1] 147  released orphaned lease: ID=69 ver=1 expiration={0001-01-01 00:00:00 +0000 UTC}
I250801 10:08:50.564891 1552 sql/catalog/lease/lease.go:2467 ⋮ [T1,Vsystem,n1] 148  released orphaned lease: ID=71 ver=1 expiration={0001-01-01 00:00:00 +0000 UTC}
I250801 10:08:50.566858 1633 sql/catalog/lease/lease.go:2467 ⋮ [T1,Vsystem,n1] 149  released orphaned lease: ID=217 ver=2 expiration={0001-01-01 00:00:00 +0000 UTC}
I250801 10:08:50.567605 1773 sql/catalog/lease/lease.go:2467 ⋮ [T1,Vsystem,n1] 150  released orphaned lease: ID=218 ver=2 expiration={0001-01-01 00:00:00 +0000 UTC}
I250801 10:08:50.568021 1772 sql/catalog/lease/lease.go:2467 ⋮ [T1,Vsystem,n1] 151  released orphaned lease: ID=215 ver=6 expiration={0001-01-01 00:00:00 +0000 UTC}
I250801 10:08:50.569085 1323 sql/catalog/lease/lease.go:2467 ⋮ [T1,Vsystem,n1] 152  released orphaned lease: ID=105 ver=1 expiration={0001-01-01 00:00:00 +0000 UTC}
I250801 10:08:50.569404 1760 sql/catalog/lease/lease.go:2467 ⋮ [T1,Vsystem,n1] 153  released orphaned lease: ID=216 ver=1 expiration={0001-01-01 00:00:00 +0000 UTC}
I250801 10:08:50.570309 1774 sql/catalog/lease/lease.go:2467 ⋮ [T1,Vsystem,n1] 154  released orphaned lease: ID=219 ver=1 expiration={0001-01-01 00:00:00 +0000 UTC}
I250801 10:08:50.570769 1778 sql/catalog/lease/lease.go:2467 ⋮ [T1,Vsystem,n1] 155  released orphaned lease: ID=220 ver=3 expiration={0001-01-01 00:00:00 +0000 UTC}
I250801 10:08:50.571082 1704 sql/catalog/lease/lease.go:2467 ⋮ [T1,Vsystem,n1] 156  released orphaned lease: ID=223 ver=1 expiration={0001-01-01 00:00:00 +0000 UTC}
I250801 10:08:50.571355 1761 sql/catalog/lease/lease.go:2467 ⋮ [T1,Vsystem,n1] 157  released orphaned lease: ID=222 ver=4 expiration={0001-01-01 00:00:00 +0000 UTC}
I250801 10:08:50.571503 1705 sql/catalog/lease/lease.go:2467 ⋮ [T1,Vsystem,n1] 158  released orphaned lease: ID=225 ver=1 expiration={0001-01-01 00:00:00 +0000 UTC}
I250801 10:08:50.571563 1779 sql/catalog/lease/lease.go:2467 ⋮ [T1,Vsystem,n1] 159  released orphaned lease: ID=221 ver=1 expiration={0001-01-01 00:00:00 +0000 UTC}
I250801 10:08:50.572615 1781 sql/catalog/lease/lease.go:2467 ⋮ [T1,Vsystem,n1] 160  released orphaned lease: ID=226 ver=3 expiration={0001-01-01 00:00:00 +0000 UTC}
I250801 10:08:50.572901 1780 sql/catalog/lease/lease.go:2467 ⋮ [T1,Vsystem,n1] 161  released orphaned lease: ID=224 ver=4 expiration={0001-01-01 00:00:00 +0000 UTC}
I250801 10:08:50.572987 1794 sql/catalog/lease/lease.go:2467 ⋮ [T1,Vsystem,n1] 162  released orphaned lease: ID=227 ver=1 expiration={0001-01-01 00:00:00 +0000 UTC}
I250801 10:08:50.572999 1795 sql/catalog/lease/lease.go:2467 ⋮ [T1,Vsystem,n1] 163  released orphaned lease: ID=228 ver=2 expiration={0001-01-01 00:00:00 +0000 UTC}
I250801 10:08:50.573015 1796 sql/catalog/lease/lease.go:2467 ⋮ [T1,Vsystem,n1] 164  released orphaned lease: ID=229 ver=3 expiration={0001-01-01 00:00:00 +0000 UTC}
I250801 10:08:50.575724 1665 sql/catalog/lease/lease.go:2467 ⋮ [T1,Vsystem,n1] 165  released orphaned lease: ID=231 ver=2 expiration={0001-01-01 00:00:00 +0000 UTC}
I250801 10:08:50.575759 1664 sql/catalog/lease/lease.go:2467 ⋮ [T1,Vsystem,n1] 166  released orphaned lease: ID=230 ver=1 expiration={0001-01-01 00:00:00 +0000 UTC}
I250801 10:08:51.236790 601 1@gossip/gossip.go:1476 ⋮ [T1,Vsystem,n1] 167  node has connected to cluster via gossip
I250801 10:08:51.237280 601 kv/kvserver/stores.go:280 ⋮ [T1,Vsystem,n1] 168  wrote 0 node addresses to persistent storage
I250801 10:08:51.825810 1556 server/diagnostics/update_checker.go:144 ⋮ [T1,Vsystem,n1] 169  a new version is available: ‹25.2.3›, details: ‹https://www.cockroachlabs.com/docs/releases/v25.2#v25-2-3›
I250801 10:09:23.202423 1253 jobs/adopt.go:105 ⋮ [T1,Vsystem,n1] 170  claimed 10 jobs
I250801 10:09:23.207122 2516 jobs/adopt.go:224 ⋮ [T1,Vsystem,n1,job=1094355495212515329] 172  job 1094355495212515329: resuming execution
I250801 10:09:23.207175 2383 jobs/adopt.go:224 ⋮ [T1,Vsystem,n1,job=1094355495470661633] 171  job 1094355495470661633: resuming execution
I250801 10:09:23.207128 2382 jobs/adopt.go:224 ⋮ [T1,Vsystem,n1,job=1094355494090735617] 173  job 1094355494090735617: resuming execution
I250801 10:09:23.207147 2380 jobs/adopt.go:224 ⋮ [T1,Vsystem,n1,job=1094357441866694657] 174  job 1094357441866694657: resuming execution
I250801 10:09:23.207158 2379 jobs/adopt.go:224 ⋮ [T1,Vsystem,n1,job=1094355869288693761] 175  job 1094355869288693761: resuming execution
I250801 10:09:23.207155 2381 jobs/adopt.go:224 ⋮ [T1,Vsystem,n1,job=1094355493774852097] 176  job 1094355493774852097: resuming execution
I250801 10:09:23.207163 2514 jobs/adopt.go:224 ⋮ [T1,Vsystem,n1,job=1094355494683377665] 177  job 1094355494683377665: resuming execution
I250801 10:09:23.207161 2385 jobs/adopt.go:224 ⋮ [T1,Vsystem,n1,job=1094360134705610753] 178  job 1094360134705610753: resuming execution
I250801 10:09:23.207166 2515 jobs/adopt.go:224 ⋮ [T1,Vsystem,n1,job=1094355494958628865] 179  job 1094355494958628865: resuming execution
I250801 10:09:23.207170 2384 jobs/adopt.go:224 ⋮ [T1,Vsystem,n1,job=1094355495730085889] 180  job 1094355495730085889: resuming execution
I250801 10:09:23.219705 2444 jobs/registry.go:1681 ⋮ [T1,Vsystem,n1,job=1094355494090735617] 181  SCHEMA CHANGE GC job 1094355494090735617: stepping through state running
I250801 10:09:23.220230 2548 jobs/registry.go:1681 ⋮ [T1,Vsystem,n1,job=1094355495730085889] 182  SCHEMA CHANGE GC job 1094355495730085889: stepping through state running
I250801 10:09:23.219709 1999 jobs/registry.go:1681 ⋮ [T1,Vsystem,n1,job=1094355494958628865] 183  SCHEMA CHANGE GC job 1094355494958628865: stepping through state running
I250801 10:09:23.220514 2224 jobs/registry.go:1681 ⋮ [T1,Vsystem,n1,job=1094357441866694657] 184  CHANGEFEED job 1094357441866694657: stepping through state running
I250801 10:09:23.220710 810 jobs/registry.go:1681 ⋮ [T1,Vsystem,n1,job=1094355495470661633] 185  SCHEMA CHANGE GC job 1094355495470661633: stepping through state running
I250801 10:09:23.220972 1937 jobs/registry.go:1681 ⋮ [T1,Vsystem,n1,job=1094355495212515329] 186  SCHEMA CHANGE GC job 1094355495212515329: stepping through state running
I250801 10:09:23.219734 2534 jobs/registry.go:1681 ⋮ [T1,Vsystem,n1,job=1094360134705610753] 187  CHANGEFEED job 1094360134705610753: stepping through state running
I250801 10:09:23.221534 2528 jobs/registry.go:1681 ⋮ [T1,Vsystem,n1,job=1094355869288693761] 188  CHANGEFEED job 1094355869288693761: stepping through state running
I250801 10:09:23.219750 2527 jobs/registry.go:1681 ⋮ [T1,Vsystem,n1,job=1094355494683377665] 189  SCHEMA CHANGE GC job 1094355494683377665: stepping through state running
I250801 10:09:23.219770 2504 jobs/registry.go:1681 ⋮ [T1,Vsystem,n1,job=1094355493774852097] 190  SCHEMA CHANGE GC job 1094355493774852097: stepping through state running
I250801 10:09:23.230754 2612 ccl/changefeedccl/changefeed_dist.go:414 ⋮ [T1,Vsystem,n1,job=CHANGEFEED id=1094357441866694657] 191  using bulk oracle for DistSQL planning
I250801 10:09:23.230895 2554 ccl/changefeedccl/changefeed_dist.go:414 ⋮ [T1,Vsystem,n1,job=CHANGEFEED id=1094355869288693761] 192  using bulk oracle for DistSQL planning
I250801 10:09:23.230870 2596 ccl/changefeedccl/changefeed_dist.go:414 ⋮ [T1,Vsystem,n1,job=CHANGEFEED id=1094360134705610753] 193  using bulk oracle for DistSQL planning
I250801 10:09:23.233875 2612 ccl/changefeedccl/changefeed_dist.go:577 ⋮ [T1,Vsystem,n1,job=CHANGEFEED id=1094357441866694657] 194  changefeed plan diagram: ‹https://cockroachdb.github.io/distsqlplan/decode.html#eJyUkV_LmzAUh-_3KeRcRzQ2VZurjpVBL7aOrbCLIiNLjjbMGpdEuiF-96Hufd-20EIvzx-e35OTHtzvGjjIo2gqLBEVD2i8YotlxhjN0zRdsXSZAYHGKPwsTuiAH4BCQaC1RqJzxo6tflrYqj_AYwK6aTs_tgsC0lgE3oPXvkbg8GGKel9VFivhjY1iIKDQC11P7O_CyyO64EALHkR78bPGKElWUU_DZIBiIGA6_4Z3XlQInF74bDfA44E8q_TRmsZrtBG9Ftp1ngfrhKwXZM3uCiQ3AvQZga_oWtM4vAq-lxTfJIV0KAigqnD-CGc6K_GLNXLancvdBJoaCp2fp3Quts3LyHmL4vR6v0sSfUhKHpEKAmVtzj-0Ag55nsUCZRoyxDhklKVhvkQa5pjRRSZVlrPxDGUtKjee6NvRnCfs_m87PrAUtUMCn8Qv3KBHe9KNdl7L_5NhePcvAAD__1jG6Xo=›
I250801 10:09:23.234017 2554 ccl/changefeedccl/changefeed_dist.go:577 ⋮ [T1,Vsystem,n1,job=CHANGEFEED id=1094355869288693761] 195  changefeed plan diagram: ‹https://cockroachdb.github.io/distsqlplan/decode.html#eJyUkV3LmzAUx-_3KeRcR0yM9dFcdexh0IutYyvsoshIzdGGWeOSSDfE7z7UvbSFFnp5Xvz9f54M4H40IKA8yrbGClGJgNE84atVluZxlqU5f0kZEGiNwo_yhA7EHhgUBDprSnTO2Kk1zAsb9RMEJaDbrvdTuyBQGosgBvDaNwgC3s1Rb-vaYi29sREFAgq91M3M_ip9eUQX7FkhgmgnDw1GcZxHAwvjEYqRgOn9f7zzskYQ7MJn8wqCjuRZpffWtF6jjdi10Lb3IljHZM3JOrkrEN8IsGcEPqPrTOvwKvheEr1JCtlYEEBV4_IQzvS2xE_WlPPuUm5n0NxQ6PwyZUuxaf-OnLcoT__ud0liD0nxI1JBoGrM-ZtWICCVlGOmZEi5SsOkoi9hxhMecsxxlbGcpvwA0weydtOJvhzNecbufnXTD1aycUjgg_yOr-jRnnSrndfln8k4vvkdAAD__1eh6T8=›
I250801 10:09:23.234659 2596 ccl/changefeedccl/changefeed_dist.go:577 ⋮ [T1,Vsystem,n1,job=CHANGEFEED id=1094360134705610753] 196  changefeed plan diagram: ‹https://cockroachdb.github.io/distsqlplan/decode.html#eJyUkV2LnDAUhu_7K-RcR8zxa2qupnQpzEW7pV3oxSIlxqMT6hibRLZF_O9Fbbu7AzMwl-fD5308mcD97ECAOsq-pYaoFgHyIk1yjkm641mOfJclwKA3NX2SJ3IgHgGhZDBYo8g5Y5fWtC4c6l8gOAPdD6Nf2iUDZSyBmMBr3xEIeL9GvWtbS630xkYcGNTkpe5W9jfp1ZFc8IilCKIHWXUUxXERTRjGM5QzAzP6Z7zzsiUQ-MLncAeCz-xWpQ_W9F6TjfC10P3oRbCP2T5h-_SiQHwmgLcIfCE3mN7Rq-BLSfwsKcS5ZEB1S9tDODNaRZ-tUevuVt6voLVRk_PbFLfi0P8bOW9Jnv7f7yUJr5Lia6SSQdOZp--6BgFYKKUyisM8p7dhyrMmrIo8D6sdVilmBXJZwPKBbN1yoq9H87RiH34Pyw82snPE4KP8QXfkyZ50r53X6u9knt_8CQAA__8KRelQ›
I250801 10:09:23.235213 2560 ccl/changefeedccl/sink_kafka_v2.go:246 ⋮ [-] 197  updating kafka metadata for topics: [‹users_changes›]
I250801 10:09:23.235656 2618 ccl/changefeedccl/sink_kafka_v2.go:246 ⋮ [-] 198  updating kafka metadata for topics: [‹users_changes›]
I250801 10:09:23.235235 2645 ccl/changefeedccl/sink_kafka_v2.go:246 ⋮ [-] 199  updating kafka metadata for topics: [‹users_changes›]
I250801 10:09:23.241491 2618 ccl/changefeedccl/sink_kafka_v2.go:246 ⋮ [-] 200  updating kafka metadata for topics: [‹users_changes›]
I250801 10:09:23.241826 2560 ccl/changefeedccl/sink_kafka_v2.go:246 ⋮ [-] 201  updating kafka metadata for topics: [‹users_changes›]
I250801 10:09:23.241891 2807 ccl/changefeedccl/kvfeed/kv_feed.go:332 ⋮ [T1,Vsystem,n1,job=1094357441866694657,change-aggregator] 202  kv feed run starting
I250801 10:09:23.242067 2774 ccl/changefeedccl/kvfeed/kv_feed.go:332 ⋮ [T1,Vsystem,n1,job=1094355869288693761,change-aggregator] 203  kv feed run starting
I250801 10:09:23.242140 2645 ccl/changefeedccl/sink_kafka_v2.go:246 ⋮ [-] 204  updating kafka metadata for topics: [‹users_changes›]
I250801 10:09:23.242321 924 ccl/changefeedccl/kvfeed/kv_feed.go:332 ⋮ [T1,Vsystem,n1,job=1094360134705610753,change-aggregator] 205  kv feed run starting
I250801 10:09:23.249548 2635 github.com/twmb/franz-go/pkg/kgo/logger.go:123 ⋮ [T1,Vsystem,n1,job=1094357441866694657,change-aggregator] 206  kafka(kgo): INFO immediate metadata update triggered ‹why›=‹forced load because we are producing to a topic for the first time›
I250801 10:09:23.249675 2647 github.com/twmb/franz-go/pkg/kgo/logger.go:123 ⋮ [T1,Vsystem,n1,job=1094360134705610753,change-aggregator] 207  kafka(kgo): INFO immediate metadata update triggered ‹why›=‹forced load because we are producing to a topic for the first time›
I250801 10:09:23.249829 2887 github.com/twmb/franz-go/pkg/kgo/logger.go:123 ⋮ [T1,Vsystem,n1,job=1094357441866694657,change-aggregator] 208  kafka(kgo): INFO producing to a new topic for the first time, fetching metadata to learn its partitions ‹topic›=‹users_changes›
I250801 10:09:23.249863 2949 github.com/twmb/franz-go/pkg/kgo/logger.go:123 ⋮ [T1,Vsystem,n1,job=1094360134705610753,change-aggregator] 209  kafka(kgo): INFO producing to a new topic for the first time, fetching metadata to learn its partitions ‹topic›=‹users_changes›
I250801 10:09:23.255156 2887 github.com/twmb/franz-go/pkg/kgo/logger.go:123 ⋮ [T1,Vsystem,n1,job=1094357441866694657,change-aggregator] 211  kafka(kgo): INFO done waiting for metadata for new topic ‹topic›=‹users_changes›
I250801 10:09:23.255182 2647 github.com/twmb/franz-go/pkg/kgo/logger.go:123 ⋮ [T1,Vsystem,n1,job=1094360134705610753,change-aggregator] 212  kafka(kgo): INFO metadata update triggered ‹why›=‹reload trigger due to produce topic still not known›
I250801 10:09:23.255083 2635 github.com/twmb/franz-go/pkg/kgo/logger.go:123 ⋮ [T1,Vsystem,n1,job=1094357441866694657,change-aggregator] 210  kafka(kgo): INFO metadata update triggered ‹why›=‹reload trigger due to produce topic still not known›
I250801 10:09:23.255213 2949 github.com/twmb/franz-go/pkg/kgo/logger.go:123 ⋮ [T1,Vsystem,n1,job=1094360134705610753,change-aggregator] 213  kafka(kgo): INFO done waiting for metadata for new topic ‹topic›=‹users_changes›
I250801 10:09:23.255302 2895 github.com/twmb/franz-go/pkg/kgo/logger.go:123 ⋮ [T1,Vsystem,n1,job=1094360134705610753,change-aggregator] 214  kafka(kgo): INFO skipping producer id initialization because the client was configured to disable idempotent writes
I250801 10:09:23.255460 2923 github.com/twmb/franz-go/pkg/kgo/logger.go:123 ⋮ [T1,Vsystem,n1,job=1094357441866694657,change-aggregator] 215  kafka(kgo): INFO skipping producer id initialization because the client was configured to disable idempotent writes
I250801 10:09:23.258928 2706 github.com/twmb/franz-go/pkg/kgo/logger.go:123 ⋮ [T1,Vsystem,n1,job=1094355869288693761,change-aggregator] 216  kafka(kgo): INFO immediate metadata update triggered ‹why›=‹forced load because we are producing to a topic for the first time›
I250801 10:09:23.259126 2671 github.com/twmb/franz-go/pkg/kgo/logger.go:123 ⋮ [T1,Vsystem,n1,job=1094355869288693761,change-aggregator] 217  kafka(kgo): INFO producing to a new topic for the first time, fetching metadata to learn its partitions ‹topic›=‹users_changes›
I250801 10:09:23.263310 2706 github.com/twmb/franz-go/pkg/kgo/logger.go:123 ⋮ [T1,Vsystem,n1,job=1094355869288693761,change-aggregator] 218  kafka(kgo): INFO metadata update triggered ‹why›=‹reload trigger due to produce topic still not known›
I250801 10:09:23.263453 2671 github.com/twmb/franz-go/pkg/kgo/logger.go:123 ⋮ [T1,Vsystem,n1,job=1094355869288693761,change-aggregator] 219  kafka(kgo): INFO done waiting for metadata for new topic ‹topic›=‹users_changes›
I250801 10:09:23.263505 2927 github.com/twmb/franz-go/pkg/kgo/logger.go:123 ⋮ [T1,Vsystem,n1,job=1094355869288693761,change-aggregator] 220  kafka(kgo): INFO skipping producer id initialization because the client was configured to disable idempotent writes
I250801 10:09:23.265424 810 sql/gcjob/gc_job_utils.go:273 ⋮ [T1,Vsystem,n1,job=SCHEMA CHANGE GC id=1094355495470661633] 221  updated progress status: deleting data, payload: ‹tables:<id:209 status:WAITING_FOR_MVCC_GC > tables:<id:210 status:WAITING_FOR_MVCC_GC > ranges_unsplit_done:true ›
I250801 10:09:23.265424 2527 sql/gcjob/gc_job_utils.go:273 ⋮ [T1,Vsystem,n1,job=SCHEMA CHANGE GC id=1094355494683377665] 222  updated progress status: deleting data, payload: ‹tables:<id:205 status:WAITING_FOR_MVCC_GC > tables:<id:206 status:WAITING_FOR_MVCC_GC > ranges_unsplit_done:true ›
I250801 10:09:23.265948 2444 sql/gcjob/gc_job_utils.go:273 ⋮ [T1,Vsystem,n1,job=SCHEMA CHANGE GC id=1094355494090735617] 223  updated progress status: deleting data, payload: ‹tables:<id:212 status:WAITING_FOR_MVCC_GC > tables:<id:213 status:WAITING_FOR_MVCC_GC > ranges_unsplit_done:true ›
I250801 10:09:23.265604 2548 sql/gcjob/gc_job_utils.go:273 ⋮ [T1,Vsystem,n1,job=SCHEMA CHANGE GC id=1094355495730085889] 224  updated progress status: deleting data, payload: ‹tables:<id:207 status:WAITING_FOR_MVCC_GC > tables:<id:208 status:WAITING_FOR_MVCC_GC > ranges_unsplit_done:true ›
I250801 10:09:23.266301 1999 sql/gcjob/gc_job_utils.go:273 ⋮ [T1,Vsystem,n1,job=SCHEMA CHANGE GC id=1094355494958628865] 225  updated progress status: deleting data, payload: ‹tables:<id:198 status:WAITING_FOR_MVCC_GC > tables:<id:199 status:WAITING_FOR_MVCC_GC > ranges_unsplit_done:true ›
I250801 10:09:23.266368 810 sql/gcjob/table_garbage_collection.go:203 ⋮ [T1,Vsystem,n1,job=SCHEMA CHANGE GC id=1094355495470661633] 226  deleting data for table 209
I250801 10:09:23.266429 2504 sql/gcjob/gc_job_utils.go:273 ⋮ [T1,Vsystem,n1,job=SCHEMA CHANGE GC id=1094355493774852097] 227  updated progress status: deleting data, payload: ‹tables:<id:211 status:WAITING_FOR_MVCC_GC > ranges_unsplit_done:true ›
I250801 10:09:23.266491 2527 sql/gcjob/table_garbage_collection.go:203 ⋮ [T1,Vsystem,n1,job=SCHEMA CHANGE GC id=1094355494683377665] 228  deleting data for table 205
I250801 10:09:23.266369 2548 sql/gcjob/table_garbage_collection.go:203 ⋮ [T1,Vsystem,n1,job=SCHEMA CHANGE GC id=1094355495730085889] 229  deleting data for table 207
I250801 10:09:23.266368 2444 sql/gcjob/table_garbage_collection.go:203 ⋮ [T1,Vsystem,n1,job=SCHEMA CHANGE GC id=1094355494090735617] 230  deleting data for table 212
I250801 10:09:23.265472 1937 sql/gcjob/gc_job_utils.go:273 ⋮ [T1,Vsystem,n1,job=SCHEMA CHANGE GC id=1094355495212515329] 231  updated progress status: deleting data, payload: ‹tables:<id:203 status:WAITING_FOR_MVCC_GC > tables:<id:204 status:WAITING_FOR_MVCC_GC > ranges_unsplit_done:true ›
I250801 10:09:23.267209 2504 sql/gcjob/table_garbage_collection.go:203 ⋮ [T1,Vsystem,n1,job=SCHEMA CHANGE GC id=1094355493774852097] 232  deleting data for table 211
I250801 10:09:23.267311 1937 sql/gcjob/table_garbage_collection.go:203 ⋮ [T1,Vsystem,n1,job=SCHEMA CHANGE GC id=1094355495212515329] 233  deleting data for table 203
I250801 10:09:23.267532 1999 sql/gcjob/table_garbage_collection.go:203 ⋮ [T1,Vsystem,n1,job=SCHEMA CHANGE GC id=1094355494958628865] 234  deleting data for table 198
I250801 10:09:23.272525 810 sql/gcjob/table_garbage_collection.go:203 ⋮ [T1,Vsystem,n1,job=SCHEMA CHANGE GC id=1094355495470661633] 235  deleting data for table 210
I250801 10:09:23.273570 2527 sql/gcjob/table_garbage_collection.go:203 ⋮ [T1,Vsystem,n1,job=SCHEMA CHANGE GC id=1094355494683377665] 236  deleting data for table 206
I250801 10:09:23.274215 2548 sql/gcjob/table_garbage_collection.go:203 ⋮ [T1,Vsystem,n1,job=SCHEMA CHANGE GC id=1094355495730085889] 237  deleting data for table 208
I250801 10:09:23.274676 2444 sql/gcjob/table_garbage_collection.go:203 ⋮ [T1,Vsystem,n1,job=SCHEMA CHANGE GC id=1094355494090735617] 238  deleting data for table 213
I250801 10:09:23.276363 1937 sql/gcjob/table_garbage_collection.go:203 ⋮ [T1,Vsystem,n1,job=SCHEMA CHANGE GC id=1094355495212515329] 239  deleting data for table 204
I250801 10:09:23.278196 1999 sql/gcjob/table_garbage_collection.go:203 ⋮ [T1,Vsystem,n1,job=SCHEMA CHANGE GC id=1094355494958628865] 240  deleting data for table 199
I250801 10:09:23.290949 2504 sql/gcjob/gc_job_utils.go:273 ⋮ [T1,Vsystem,n1,job=SCHEMA CHANGE GC id=1094355493774852097] 241  updated progress status: waiting for MVCC GC, payload: ‹tables:<id:211 status:WAITING_FOR_MVCC_GC > ranges_unsplit_done:true ›
I250801 10:09:23.292824 2527 sql/gcjob/gc_job_utils.go:273 ⋮ [T1,Vsystem,n1,job=SCHEMA CHANGE GC id=1094355494683377665] 242  updated progress status: waiting for MVCC GC, payload: ‹tables:<id:205 status:WAITING_FOR_MVCC_GC > tables:<id:206 status:WAITING_FOR_MVCC_GC > ranges_unsplit_done:true ›
I250801 10:09:23.292910 810 sql/gcjob/gc_job_utils.go:273 ⋮ [T1,Vsystem,n1,job=SCHEMA CHANGE GC id=1094355495470661633] 243  updated progress status: waiting for MVCC GC, payload: ‹tables:<id:209 status:WAITING_FOR_MVCC_GC > tables:<id:210 status:WAITING_FOR_MVCC_GC > ranges_unsplit_done:true ›
I250801 10:09:23.293731 2548 sql/gcjob/gc_job_utils.go:273 ⋮ [T1,Vsystem,n1,job=SCHEMA CHANGE GC id=1094355495730085889] 244  updated progress status: waiting for MVCC GC, payload: ‹tables:<id:207 status:WAITING_FOR_MVCC_GC > tables:<id:208 status:WAITING_FOR_MVCC_GC > ranges_unsplit_done:true ›
I250801 10:09:23.296288 2444 sql/gcjob/gc_job_utils.go:273 ⋮ [T1,Vsystem,n1,job=SCHEMA CHANGE GC id=1094355494090735617] 245  updated progress status: waiting for MVCC GC, payload: ‹tables:<id:212 status:WAITING_FOR_MVCC_GC > tables:<id:213 status:WAITING_FOR_MVCC_GC > ranges_unsplit_done:true ›
I250801 10:09:23.298536 1999 sql/gcjob/gc_job_utils.go:273 ⋮ [T1,Vsystem,n1,job=SCHEMA CHANGE GC id=1094355494958628865] 246  updated progress status: waiting for MVCC GC, payload: ‹tables:<id:198 status:WAITING_FOR_MVCC_GC > tables:<id:199 status:WAITING_FOR_MVCC_GC > ranges_unsplit_done:true ›
I250801 10:09:23.298693 1937 sql/gcjob/gc_job_utils.go:273 ⋮ [T1,Vsystem,n1,job=SCHEMA CHANGE GC id=1094355495212515329] 247  updated progress status: waiting for MVCC GC, payload: ‹tables:<id:203 status:WAITING_FOR_MVCC_GC > tables:<id:204 status:WAITING_FOR_MVCC_GC > ranges_unsplit_done:true ›
E250801 10:09:50.463532 2467 sql/stats/automatic_stats.go:509 ⋮ [T1,Vsystem,n1] 248  failed to get table descriptor for automatic stats on table id: 208: descriptor is being dropped
E250801 10:09:50.480630 2467 sql/stats/automatic_stats.go:509 ⋮ [T1,Vsystem,n1] 249  failed to get table descriptor for automatic stats on table id: 201: descriptor is being dropped
E250801 10:09:50.483644 2467 sql/stats/automatic_stats.go:509 ⋮ [T1,Vsystem,n1] 250  failed to get table descriptor for automatic stats on table id: 205: descriptor is being dropped
E250801 10:09:50.489489 2467 sql/stats/automatic_stats.go:509 ⋮ [T1,Vsystem,n1] 251  failed to get table descriptor for automatic stats on table id: 203: descriptor is being dropped
E250801 10:09:50.490192 2467 sql/stats/automatic_stats.go:509 ⋮ [T1,Vsystem,n1] 252  failed to get table descriptor for automatic stats on table id: 204: descriptor is being dropped
E250801 10:09:50.502686 2467 sql/stats/automatic_stats.go:509 ⋮ [T1,Vsystem,n1] 253  failed to get table descriptor for automatic stats on table id: 198: descriptor is being dropped
E250801 10:09:50.503532 2467 sql/stats/automatic_stats.go:509 ⋮ [T1,Vsystem,n1] 254  failed to get table descriptor for automatic stats on table id: 207: descriptor is being dropped
E250801 10:09:50.505719 2467 sql/stats/automatic_stats.go:509 ⋮ [T1,Vsystem,n1] 255  failed to get table descriptor for automatic stats on table id: 206: descriptor is being dropped
E250801 10:09:50.511271 2467 sql/stats/automatic_stats.go:509 ⋮ [T1,Vsystem,n1] 256  failed to get table descriptor for automatic stats on table id: 202: descriptor is being dropped
E250801 10:09:50.511943 2467 sql/stats/automatic_stats.go:509 ⋮ [T1,Vsystem,n1] 257  failed to get table descriptor for automatic stats on table id: 213: descriptor is being dropped
E250801 10:09:50.521602 2467 sql/stats/automatic_stats.go:509 ⋮ [T1,Vsystem,n1] 258  failed to get table descriptor for automatic stats on table id: 212: descriptor is being dropped
E250801 10:09:50.527439 2467 sql/stats/automatic_stats.go:509 ⋮ [T1,Vsystem,n1] 259  failed to get table descriptor for automatic stats on table id: 210: descriptor is being dropped
E250801 10:09:50.531786 2467 sql/stats/automatic_stats.go:509 ⋮ [T1,Vsystem,n1] 260  failed to get table descriptor for automatic stats on table id: 211: descriptor is being dropped
E250801 10:09:50.535433 2467 sql/stats/automatic_stats.go:509 ⋮ [T1,Vsystem,n1] 261  failed to get table descriptor for automatic stats on table id: 200: descriptor is being dropped
E250801 10:09:50.536188 2467 sql/stats/automatic_stats.go:509 ⋮ [T1,Vsystem,n1] 262  failed to get table descriptor for automatic stats on table id: 199: descriptor is being dropped
E250801 10:09:50.536822 2467 sql/stats/automatic_stats.go:509 ⋮ [T1,Vsystem,n1] 263  failed to get table descriptor for automatic stats on table id: 209: descriptor is being dropped
I250801 10:09:55.459715 1253 jobs/adopt.go:105 ⋮ [T1,Vsystem,n1] 264  claimed 8 jobs
I250801 10:09:55.465157 4321 jobs/adopt.go:224 ⋮ [T1,Vsystem,n1,job=103] 265  job 103: resuming execution
I250801 10:09:55.465492 4317 jobs/adopt.go:224 ⋮ [T1,Vsystem,n1,job=100] 266  job 100: resuming execution
I250801 10:09:55.465548 4319 jobs/adopt.go:224 ⋮ [T1,Vsystem,n1,job=105] 267  job 105: resuming execution
I250801 10:09:55.465607 4315 jobs/adopt.go:224 ⋮ [T1,Vsystem,n1,job=104] 268  job 104: resuming execution
I250801 10:09:55.465642 4314 jobs/adopt.go:224 ⋮ [T1,Vsystem,n1,job=101] 269  job 101: resuming execution
I250801 10:09:55.466571 4318 jobs/adopt.go:224 ⋮ [T1,Vsystem,n1,job=1094355493113135105] 270  job 1094355493113135105: resuming execution
I250801 10:09:55.466813 4316 jobs/adopt.go:224 ⋮ [T1,Vsystem,n1,job=1094355493482135553] 271  job 1094355493482135553: resuming execution
I250801 10:09:55.466889 4320 jobs/adopt.go:224 ⋮ [T1,Vsystem,n1,job=1093557394742509569] 272  job 1093557394742509569: resuming execution
I250801 10:09:55.470527 4248 jobs/registry.go:1681 ⋮ [T1,Vsystem,n1,job=103] 273  AUTO UPDATE SQL ACTIVITY job 103: stepping through state running
I250801 10:09:55.470605 4356 jobs/registry.go:1681 ⋮ [T1,Vsystem,n1,job=1094355493113135105] 274  SCHEMA CHANGE GC job 1094355493113135105: stepping through state running
I250801 10:09:55.470606 4341 jobs/registry.go:1681 ⋮ [T1,Vsystem,n1,job=1093557394742509569] 275  AUTO SPAN CONFIG RECONCILIATION job 1093557394742509569: stepping through state running
I250801 10:09:55.470674 4288 jobs/registry.go:1681 ⋮ [T1,Vsystem,n1,job=1094355493482135553] 276  SCHEMA CHANGE GC job 1094355493482135553: stepping through state running
I250801 10:09:55.470801 4264 jobs/registry.go:1681 ⋮ [T1,Vsystem,n1,job=100] 277  KEY VISUALIZER job 100: stepping through state running
I250801 10:09:55.471146 3223 jobs/registry.go:1681 ⋮ [T1,Vsystem,n1,job=101] 278  POLL JOBS STATS job 101: stepping through state running
I250801 10:09:55.471194 4370 jobs/registry.go:1681 ⋮ [T1,Vsystem,n1,job=105] 279  UPDATE TABLE METADATA CACHE job 105: stepping through state running
I250801 10:09:55.471826 4327 jobs/registry.go:1681 ⋮ [T1,Vsystem,n1,job=104] 280  MVCC STATISTICS UPDATE job 104: stepping through state running
I250801 10:09:55.474216 4327 sql/mvcc_statistics_update_job.go:63 ⋮ [T1,Vsystem,n1,job=MVCC STATISTICS UPDATE id=104] 281  starting mvcc statistics update job
I250801 10:09:55.474432 4248 sql/sql_activity_update_job.go:88 ⋮ [T1,Vsystem,n1,job=AUTO UPDATE SQL ACTIVITY id=103] 282  starting sql stats activity flush job
I250801 10:09:55.486015 4288 sql/gcjob/gc_job_utils.go:273 ⋮ [T1,Vsystem,n1,job=SCHEMA CHANGE GC id=1094355493482135553] 284  updated progress status: deleting data, payload: ‹tables:<id:201 status:WAITING_FOR_MVCC_GC > tables:<id:202 status:WAITING_FOR_MVCC_GC > ranges_unsplit_done:true ›
I250801 10:09:55.485884 4356 sql/gcjob/gc_job_utils.go:273 ⋮ [T1,Vsystem,n1,job=SCHEMA CHANGE GC id=1094355493113135105] 283  updated progress status: deleting data, payload: ‹tables:<id:200 status:WAITING_FOR_MVCC_GC > ranges_unsplit_done:true ›
I250801 10:09:55.486899 4288 sql/gcjob/table_garbage_collection.go:203 ⋮ [T1,Vsystem,n1,job=SCHEMA CHANGE GC id=1094355493482135553] 285  deleting data for table 201
I250801 10:09:55.487034 4356 sql/gcjob/table_garbage_collection.go:203 ⋮ [T1,Vsystem,n1,job=SCHEMA CHANGE GC id=1094355493113135105] 286  deleting data for table 200
I250801 10:09:55.488959 4288 sql/gcjob/table_garbage_collection.go:203 ⋮ [T1,Vsystem,n1,job=SCHEMA CHANGE GC id=1094355493482135553] 287  deleting data for table 202
I250801 10:09:55.496976 4288 sql/gcjob/gc_job_utils.go:273 ⋮ [T1,Vsystem,n1,job=SCHEMA CHANGE GC id=1094355493482135553] 288  updated progress status: waiting for MVCC GC, payload: ‹tables:<id:201 status:WAITING_FOR_MVCC_GC > tables:<id:202 status:WAITING_FOR_MVCC_GC > ranges_unsplit_done:true ›
I250801 10:09:55.497802 4356 sql/gcjob/gc_job_utils.go:273 ⋮ [T1,Vsystem,n1,job=SCHEMA CHANGE GC id=1094355493113135105] 289  updated progress status: waiting for MVCC GC, payload: ‹tables:<id:200 status:WAITING_FOR_MVCC_GC > ranges_unsplit_done:true ›
I250801 10:09:55.512301 4341 spanconfig/spanconfigsqlwatcher/sqlwatcher.go:241 ⋮ [T1,Vsystem,n1,job=AUTO SPAN CONFIG RECONCILIATION id=1093557394742509569] 290  established range feed over system.descriptors starting at time 1754042995.486733846,0
I250801 10:09:55.512326 4341 spanconfig/spanconfigsqlwatcher/sqlwatcher.go:300 ⋮ [T1,Vsystem,n1,job=AUTO SPAN CONFIG RECONCILIATION id=1093557394742509569] 291  established range feed over system.zones starting at time 1754042995.486733846,0
I250801 10:09:55.512363 4341 spanconfig/spanconfigsqlwatcher/sqlwatcher.go:401 ⋮ [T1,Vsystem,n1,job=AUTO SPAN CONFIG RECONCILIATION id=1093557394742509569] 292  established range feed over system.protected_ts_records starting at time 1754042995.486733846,0
I250801 10:10:50.592932 5749 1@jobs/structured_log.go:49 ⋮ [T1,Vsystem,n1] 293 ={"Timestamp":1754043050592927760,"EventType":"status_change","JobID":1094361581333053441,"JobType":"AUTO CREATE PARTIAL STATS","Description":"state changed to: running","PreviousStatus":"running","NewStatus":"running","RunNum":0}
I250801 10:10:50.600727 5749 sql/distsql_plan_stats.go:209 ⋮ [T1,Vsystem,n1,job=AUTO CREATE PARTIAL STATS id=1094361581333053441,create-stats-distsql] 294  using computed sample size of 10000 for histogram construction
I250801 10:10:50.675263 5749 1@jobs/structured_log.go:49 ⋮ [T1,Vsystem,n1] 295 ={"Timestamp":1754043050675257927,"EventType":"status_change","JobID":1094361581333053441,"JobType":"AUTO CREATE PARTIAL STATS","Description":"state changed to: succeeded","PreviousStatus":"running","NewStatus":"succeeded","RunNum":0}
I250801 10:11:50.697759 7159 1@jobs/structured_log.go:49 ⋮ [T1,Vsystem,n1] 296 ={"Timestamp":1754043110697756760,"EventType":"status_change","JobID":1094361778359959553,"JobType":"AUTO CREATE PARTIAL STATS","Description":"state changed to: running","PreviousStatus":"running","NewStatus":"running","RunNum":0}
I250801 10:11:50.699981 7159 sql/distsql_plan_stats.go:209 ⋮ [T1,Vsystem,n1,job=AUTO CREATE PARTIAL STATS id=1094361778359959553,create-stats-distsql] 297  using computed sample size of 10000 for histogram construction
I250801 10:11:50.728376 7159 1@jobs/structured_log.go:49 ⋮ [T1,Vsystem,n1] 298 ={"Timestamp":1754043110728372635,"EventType":"status_change","JobID":1094361778359959553,"JobType":"AUTO CREATE PARTIAL STATS","Description":"state changed to: succeeded","PreviousStatus":"running","NewStatus":"succeeded","RunNum":0}
I250801 10:18:08.433730 4248 sql/sql_activity_update_job.go:250 ⋮ [T1,Vsystem,n1,job=AUTO UPDATE SQL ACTIVITY id=103] 299  sql stats activity found no rows at 2025-08-01 10:00:00 +0000 UTC
I250801 10:18:50.776797 16640 1@jobs/structured_log.go:49 ⋮ [T1,Vsystem,n1] 300 ={"Timestamp":1754043530776794427,"EventType":"status_change","JobID":1094363154864242689,"JobType":"AUTO CREATE PARTIAL STATS","Description":"state changed to: running","PreviousStatus":"running","NewStatus":"running","RunNum":0}
I250801 10:18:50.779518 16640 sql/distsql_plan_stats.go:209 ⋮ [T1,Vsystem,n1,job=AUTO CREATE PARTIAL STATS id=1094363154864242689,create-stats-distsql] 301  using computed sample size of 10000 for histogram construction
I250801 10:18:50.807185 16640 1@jobs/structured_log.go:49 ⋮ [T1,Vsystem,n1] 302 ={"Timestamp":1754043530807183218,"EventType":"status_change","JobID":1094363154864242689,"JobType":"AUTO CREATE PARTIAL STATS","Description":"state changed to: succeeded","PreviousStatus":"running","NewStatus":"succeeded","RunNum":0}
I250801 10:21:30.399317 777 server/status/runtime_jemalloc.go:226 ⋮ [T1,Vsystem,n1] 303  jemalloc arenas purged (took 664.125µs)
I250801 10:23:30.414141 777 server/status/runtime_jemalloc.go:226 ⋮ [T1,Vsystem,n1] 304  jemalloc arenas purged (took 1.315958ms)
I250801 10:25:30.418737 777 server/status/runtime_jemalloc.go:226 ⋮ [T1,Vsystem,n1] 305  jemalloc arenas purged (took 331.792µs)
I250801 10:27:30.440927 777 server/status/runtime_jemalloc.go:226 ⋮ [T1,Vsystem,n1] 306  jemalloc arenas purged (took 1.405833ms)
I250801 10:28:18.799009 1 1@cli/start.go:993 ⋮ [T1,Vsystem,n1] 307  received signal 'terminated'
I250801 10:28:18.800694 1 1@cli/start.go:1034 ⋮ [T1,Vsystem,n1] 308  initiating graceful shutdown of server
I250801 10:28:18.803248 29393 server/drain.go:353 ⋮ [T1,Vsystem,n1,server drain process,call-graceful-drain] 309  all tenant servers stopped
I250801 10:28:18.803474 29393 1@server/drain.go:399 ⋮ [T1,Vsystem,n1,server drain process,call-graceful-drain] 310  waiting for health probes to notice that the node is not ready for new sql connections
I250801 10:28:21.804946 29428 1@server/drain.go:513 ⋮ [T1,Vsystem,n1,server drain process,call-graceful-drain] 311  number of open connections: 0
I250801 10:28:23.804370 29426 1@cli/start.go:1046 ⋮ [T1,Vsystem,n1] 312  389 running tasks
I250801 10:28:28.801939 29426 1@cli/start.go:1046 ⋮ [T1,Vsystem,n1] 313  389 running tasks
W250801 10:28:28.804074 1251 jobs/registry.go:1069 ⋮ [T1,Vsystem,n1] 314  canceling all adopted jobs due to graceful drain request
I250801 10:28:28.804074 1470 sql/stats/automatic_stats.go:694 ⋮ [T1,Vsystem,n1] 315  draining auto stats refresher
I250801 10:28:28.804142 1471 sql/stats/automatic_stats.go:745 ⋮ [T1,Vsystem,n1] 316  draining stats garbage collector
