I250818 18:09:56.074005 54 util/log/file_sync_buffer.go:237 ⋮ [config]   file created at: 2025/08/18 18:09:56
I250818 18:09:56.074031 54 util/log/file_sync_buffer.go:237 ⋮ [config]   running on machine: ‹9c7aa1930515›
I250818 18:09:56.074072 54 util/log/file_sync_buffer.go:237 ⋮ [config]   binary: CockroachDB CCL v25.2.0 (aarch64-unknown-linux-gnu, built 2025/05/15 21:07:42, go1.23.7 X:nocoverageredesign)
I250818 18:09:56.074079 54 util/log/file_sync_buffer.go:237 ⋮ [config]   arguments: [‹/cockroach/cockroach› ‹start-single-node› ‹--certs-dir=certs› ‹--advertise-addr=127.0.0.1:26257› ‹--insecure› ‹--http-addr=0.0.0.0:8080›]
I250818 18:09:56.074091 54 util/log/file_sync_buffer.go:237 ⋮ [config]   log format (utf8=✓): crdb-v2
I250818 18:09:56.074094 54 util/log/file_sync_buffer.go:237 ⋮ [config]   line format: [IWEF]yymmdd hh:mm:ss.uuuuuu goid [chan@]file:line redactionmark \[tags\] [counter] msg
I250818 18:09:56.065658 54 3@pebble/objstorage/objstorageprovider/remote.go:102 ⋮ [n?,s?,pebble] 1  remote storage configured; creatorID = 1
I250818 18:09:56.290527 54 3@pebble/open.go:1054 ⋮ [n?,s?,pebble] 2  [JOB ‹1›] WAL ‹000178: {(/cockroach/cockroach-data,000)}› stopped reading at offset: (‹/cockroach/cockroach-data/000178.log›: 21238883); replayed 64126 keys in 2711 batches
I250818 18:09:56.292937 13 3@pebble/event.go:1011 ⋮ [n?,s?,pebble] 3  [JOB 2] flushing 7 memtables (22MB) to L0
I250818 18:09:56.297133 13 3@pebble/event.go:1039 ⋮ [n?,s?,pebble] 4  [JOB 2] flushing: sstable created 000183
I250818 18:09:56.423274 13 3@pebble/event.go:1031 ⋮ [n?,s?,pebble] 5  [JOB 2] MANIFEST created 000184
I250818 18:09:56.423418 13 3@pebble/event.go:1015 ⋮ [n?,s?,pebble] 6  [JOB 2] flushed 7 memtables (22MB) to L0 [000183] (268KB), in 0.1s (0.1s total), output rate 2.1MB/s
I250818 18:09:56.426502 54 3@pebble/event.go:1059 ⋮ [n?,s?,pebble] 7  [JOB 1] WAL created 000185
I250818 18:09:56.426628 101 3@pebble/event.go:1063 ⋮ [n?,s?,pebble] 8  [JOB 2] WAL deleted 000178
I250818 18:09:56.435291 105 3@pebble/event.go:999 ⋮ [n?,s?,pebble] 9  [JOB 3] compacting(default) L0 [000183] (268KB) Score=8.00 + L6 [000180 000181] (8.0MB) Score=0.13; OverlappingRatio: Single 30.61, Multi 0.00
I250818 18:09:56.440669 106 3@pebble/event.go:1051 ⋮ [n?,s?,pebble] 10  [JOB 5] all initial table stats loaded
I250818 18:09:56.446022 105 3@pebble/event.go:1039 ⋮ [n?,s?,pebble] 11  [JOB 3] compacting: sstable created 000187
I250818 18:09:57.111601 105 3@pebble/event.go:1039 ⋮ [n?,s?,pebble] 12  [JOB 3] compacting: sstable created 000188
I250818 18:09:57.570527 105 3@pebble/event.go:1003 ⋮ [n?,s?,pebble] 13  [JOB 3] compacted(default) L0 [000183] (268KB) Score=8.00 + L6 [000180 000181] (8.0MB) Score=0.13 -> L6 [000187 000188] (8.1MB), in 1.1s (1.1s total), output rate 7.1MB/s
I250818 18:09:57.579326 101 3@pebble/event.go:1043 ⋮ [n?,s?,pebble] 14  [JOB 3] sstable deleted 000180
I250818 18:09:57.581811 101 3@pebble/event.go:1043 ⋮ [n?,s?,pebble] 15  [JOB 3] sstable deleted 000181
I250818 18:09:57.591524 101 3@pebble/event.go:1043 ⋮ [n?,s?,pebble] 16  [JOB 3] sstable deleted 000183
I250818 18:09:57.594537 101 3@pebble/event.go:1035 ⋮ [n?,s?,pebble] 17  [JOB 1] MANIFEST deleted 000170
I250818 18:09:57.640846 54 3@pebble/event.go:1031 ⋮ [n?,s?,pebble] 18  [JOB 1] MANIFEST created 000001
I250818 18:09:57.647206 54 3@pebble/event.go:1059 ⋮ [n?,s?,pebble] 19  [JOB 1] WAL created 000002
I250818 18:09:57.650739 54 3@pebble/event.go:1027 ⋮ [n?,s?,pebble] 20  upgraded to format version: 014
I250818 18:09:57.652632 54 3@pebble/event.go:1027 ⋮ [n?,s?,pebble] 21  upgraded to format version: 015
I250818 18:09:57.657816 54 3@pebble/event.go:1027 ⋮ [n?,s?,pebble] 22  upgraded to format version: 016
I250818 18:09:57.660481 54 3@pebble/event.go:1027 ⋮ [n?,s?,pebble] 23  upgraded to format version: 017
I250818 18:09:57.669185 54 3@pebble/event.go:1027 ⋮ [n?,s?,pebble] 24  upgraded to format version: 018
I250818 18:09:57.670906 54 3@pebble/event.go:1027 ⋮ [n?,s?,pebble] 25  upgraded to format version: 019
I250818 18:09:57.676117 146 3@pebble/event.go:1051 ⋮ [n?,s?,pebble] 26  [JOB 2] all initial table stats loaded
I250818 18:10:18.286142 734 3@kv/kvserver/store.go:3801 ⋮ [T1,Vsystem,n1,s1] 27  Pebble metrics:
I250818 18:10:18.286142 734 3@kv/kvserver/store.go:3801 ⋮ [T1,Vsystem,n1,s1] 27 +      |                             |       |       |   ingested   |     moved    |    written   |       |    amp
I250818 18:10:18.286142 734 3@kv/kvserver/store.go:3801 ⋮ [T1,Vsystem,n1,s1] 27 +level | tables  size val-bl vtables | score |   in  | tables  size | tables  size | tables  size |  read |   r   w
I250818 18:10:18.286142 734 3@kv/kvserver/store.go:3801 ⋮ [T1,Vsystem,n1,s1] 27 +------+-----------------------------+-------+-------+--------------+--------------+--------------+-------+---------
I250818 18:10:18.286142 734 3@kv/kvserver/store.go:3801 ⋮ [T1,Vsystem,n1,s1] 27 +    0 |     0     0B     0B       0 |  0.00 |  20MB |     0     0B |     0     0B |     1  268KB |    0B |   0  0.0
I250818 18:10:18.286142 734 3@kv/kvserver/store.go:3801 ⋮ [T1,Vsystem,n1,s1] 27 +    1 |     0     0B     0B       0 |  0.00 |    0B |     0     0B |     0     0B |     0     0B |    0B |   0  0.0
I250818 18:10:18.286142 734 3@kv/kvserver/store.go:3801 ⋮ [T1,Vsystem,n1,s1] 27 +    2 |     0     0B     0B       0 |  0.00 |    0B |     0     0B |     0     0B |     0     0B |    0B |   0  0.0
I250818 18:10:18.286142 734 3@kv/kvserver/store.go:3801 ⋮ [T1,Vsystem,n1,s1] 27 +    3 |     0     0B     0B       0 |  0.00 |    0B |     0     0B |     0     0B |     0     0B |    0B |   0  0.0
I250818 18:10:18.286142 734 3@kv/kvserver/store.go:3801 ⋮ [T1,Vsystem,n1,s1] 27 +    4 |     0     0B     0B       0 |  0.00 |    0B |     0     0B |     0     0B |     0     0B |    0B |   0  0.0
I250818 18:10:18.286142 734 3@kv/kvserver/store.go:3801 ⋮ [T1,Vsystem,n1,s1] 27 +    5 |     0     0B     0B       0 |  0.00 |    0B |     0     0B |     0     0B |     0     0B |    0B |   0  0.0
I250818 18:10:18.286142 734 3@kv/kvserver/store.go:3801 ⋮ [T1,Vsystem,n1,s1] 27 +    6 |     2  8.1MB  205KB       0 |     - | 268KB |     0     0B |     0     0B |     2  8.1MB | 8.3MB |   1 30.9
I250818 18:10:18.286142 734 3@kv/kvserver/store.go:3801 ⋮ [T1,Vsystem,n1,s1] 27 +total |     2  8.1MB  205KB       0 |     - |  23MB |     0     0B |     0     0B |     3   31MB | 8.3MB |   1  1.4
I250818 18:10:18.286142 734 3@kv/kvserver/store.go:3801 ⋮ [T1,Vsystem,n1,s1] 27 +-------------------------------------------------------------------------------------------------------------------
I250818 18:10:18.286142 734 3@kv/kvserver/store.go:3801 ⋮ [T1,Vsystem,n1,s1] 27 +WAL: 1 files (2.3MB)  in: 2.3MB  written: 23MB (885% overhead)
I250818 18:10:18.286142 734 3@kv/kvserver/store.go:3801 ⋮ [T1,Vsystem,n1,s1] 27 +Flushes: 1
I250818 18:10:18.286142 734 3@kv/kvserver/store.go:3801 ⋮ [T1,Vsystem,n1,s1] 27 +Compactions: 1  estimated debt: 0B  in progress: 0 (0B)
I250818 18:10:18.286142 734 3@kv/kvserver/store.go:3801 ⋮ [T1,Vsystem,n1,s1] 27 +             default: 1  delete: 0  elision: 0  move: 0  read: 0  tombstone-density: 0  rewrite: 0  copy: 0  multi-level: 0
I250818 18:10:18.286142 734 3@kv/kvserver/store.go:3801 ⋮ [T1,Vsystem,n1,s1] 27 +MemTables: 1 (32MB)  zombie: 1 (16MB)
I250818 18:10:18.286142 734 3@kv/kvserver/store.go:3801 ⋮ [T1,Vsystem,n1,s1] 27 +Zombie tables: 0 (0B, local: 0B)
I250818 18:10:18.286142 734 3@kv/kvserver/store.go:3801 ⋮ [T1,Vsystem,n1,s1] 27 +Backing tables: 0 (0B)
I250818 18:10:18.286142 734 3@kv/kvserver/store.go:3801 ⋮ [T1,Vsystem,n1,s1] 27 +Virtual tables: 0 (0B)
I250818 18:10:18.286142 734 3@kv/kvserver/store.go:3801 ⋮ [T1,Vsystem,n1,s1] 27 +Local tables size: 8.1MB
I250818 18:10:18.286142 734 3@kv/kvserver/store.go:3801 ⋮ [T1,Vsystem,n1,s1] 27 +Compression types: snappy: 2
I250818 18:10:18.286142 734 3@kv/kvserver/store.go:3801 ⋮ [T1,Vsystem,n1,s1] 27 +Block cache: 46 entries (1.6MB)  hit rate: 71.0%
I250818 18:10:18.286142 734 3@kv/kvserver/store.go:3801 ⋮ [T1,Vsystem,n1,s1] 27 +Table cache: 2 entries (1.6KB)  hit rate: 99.8%
I250818 18:10:18.286142 734 3@kv/kvserver/store.go:3801 ⋮ [T1,Vsystem,n1,s1] 27 +Snapshots: 0  earliest seq num: 0
I250818 18:10:18.286142 734 3@kv/kvserver/store.go:3801 ⋮ [T1,Vsystem,n1,s1] 27 +Table iters: 0
I250818 18:10:18.286142 734 3@kv/kvserver/store.go:3801 ⋮ [T1,Vsystem,n1,s1] 27 +Filter utility: 0.0%
I250818 18:10:18.286142 734 3@kv/kvserver/store.go:3801 ⋮ [T1,Vsystem,n1,s1] 27 +Ingestions: 0  as flushable: 0 (0B in 0 tables)
I250818 18:10:18.286142 734 3@kv/kvserver/store.go:3801 ⋮ [T1,Vsystem,n1,s1] 27 +Cgo memory usage: 50MB  block cache: 1.6MB (data: 1.6MB, maps: 16KB, entries: 3.6KB)  memtables: 48MB
