I250824 15:43:02.330714 84 util/log/file_sync_buffer.go:237 ⋮ [config]   file created at: 2025/08/24 15:43:02
I250824 15:43:02.330755 84 util/log/file_sync_buffer.go:237 ⋮ [config]   running on machine: ‹6a060ca042ed›
I250824 15:43:02.330772 84 util/log/file_sync_buffer.go:237 ⋮ [config]   binary: CockroachDB CCL v25.2.0 (aarch64-unknown-linux-gnu, built 2025/05/15 21:07:42, go1.23.7 X:nocoverageredesign)
I250824 15:43:02.330779 84 util/log/file_sync_buffer.go:237 ⋮ [config]   arguments: [‹/cockroach/cockroach› ‹start-single-node› ‹--certs-dir=certs› ‹--advertise-addr=127.0.0.1:26257› ‹--insecure› ‹--http-addr=0.0.0.0:8080›]
I250824 15:43:02.330828 84 util/log/file_sync_buffer.go:237 ⋮ [config]   log format (utf8=✓): crdb-v2
I250824 15:43:02.330834 84 util/log/file_sync_buffer.go:237 ⋮ [config]   line format: [IWEF]yymmdd hh:mm:ss.uuuuuu goid [chan@]file:line redactionmark \[tags\] [counter] msg
I250824 15:43:02.317745 84 3@pebble/objstorage/objstorageprovider/remote.go:102 ⋮ [n?,s?,pebble] 1  remote storage configured; creatorID = 1
I250824 15:43:02.686084 84 3@pebble/open.go:1054 ⋮ [n?,s?,pebble] 2  [JOB ‹1›] WAL ‹004550: {(/cockroach/cockroach-data,000)}› stopped reading at offset: (‹/cockroach/cockroach-data/004550.log›: 10184904); replayed 31493 keys in 871 batches
I250824 15:43:02.687318 87 3@pebble/event.go:1011 ⋮ [n?,s?,pebble] 3  [JOB 2] flushing 6 memtables (11MB) to L0
I250824 15:43:02.689152 87 3@pebble/event.go:1039 ⋮ [n?,s?,pebble] 4  [JOB 2] flushing: sstable created 004556
I250824 15:43:02.782348 87 3@pebble/event.go:1031 ⋮ [n?,s?,pebble] 5  [JOB 2] MANIFEST created 004557
I250824 15:43:02.782559 87 3@pebble/event.go:1015 ⋮ [n?,s?,pebble] 6  [JOB 2] flushed 6 memtables (11MB) to L0 [004556] (181KB), in 0.1s (0.1s total), output rate 2.0MB/s
I250824 15:43:02.789373 85 3@pebble/event.go:1063 ⋮ [n?,s?,pebble] 7  [JOB 2] WAL deleted 004545
I250824 15:43:02.792259 84 3@pebble/event.go:1059 ⋮ [n?,s?,pebble] 8  [JOB 1] WAL created 004558
I250824 15:43:02.801458 92 3@pebble/event.go:999 ⋮ [n?,s?,pebble] 9  [JOB 3] compacting(default) L0 [004556] (181KB) Score=9.36 + L5 [004552 004553 004554] (6.8MB) Score=0.11; OverlappingRatio: Single 38.72, Multi 0.00
I250824 15:43:02.803354 85 3@pebble/event.go:1063 ⋮ [n?,s?,pebble] 10  [JOB 2] WAL deleted 004550
I250824 15:43:02.814276 92 3@pebble/event.go:1039 ⋮ [n?,s?,pebble] 11  [JOB 3] compacting: sstable created 004560
I250824 15:43:03.140306 92 3@pebble/event.go:1039 ⋮ [n?,s?,pebble] 12  [JOB 3] compacting: sstable created 004561
I250824 15:43:03.240414 92 3@pebble/event.go:1039 ⋮ [n?,s?,pebble] 13  [JOB 3] compacting: sstable created 004562
I250824 15:43:03.301428 92 3@pebble/event.go:1003 ⋮ [n?,s?,pebble] 14  [JOB 3] compacted(default) L0 [004556] (181KB) Score=9.36 + L5 [004552 004553 004554] (6.8MB) Score=0.11 -> L5 [004560 004561 004562] (6.8MB), in 0.5s (0.5s total), output rate 14MB/s
I250824 15:43:03.305119 85 3@pebble/event.go:1043 ⋮ [n?,s?,pebble] 15  [JOB 3] sstable deleted 004552
I250824 15:43:03.306115 85 3@pebble/event.go:1043 ⋮ [n?,s?,pebble] 16  [JOB 3] sstable deleted 004553
I250824 15:43:03.307690 85 3@pebble/event.go:1043 ⋮ [n?,s?,pebble] 17  [JOB 3] sstable deleted 004554
I250824 15:43:03.309173 85 3@pebble/event.go:1043 ⋮ [n?,s?,pebble] 18  [JOB 3] sstable deleted 004556
I250824 15:43:03.310571 85 3@pebble/event.go:1035 ⋮ [n?,s?,pebble] 19  [JOB 1] MANIFEST deleted 004526
I250824 15:43:03.388329 40 3@pebble/event.go:1051 ⋮ [n?,s?,pebble] 20  [JOB 5] all initial table stats loaded
I250824 15:43:03.416007 84 3@pebble/event.go:1031 ⋮ [n?,s?,pebble] 21  [JOB 1] MANIFEST created 000001
I250824 15:43:03.417303 84 3@pebble/event.go:1059 ⋮ [n?,s?,pebble] 22  [JOB 1] WAL created 000002
I250824 15:43:03.417954 84 3@pebble/event.go:1027 ⋮ [n?,s?,pebble] 23  upgraded to format version: 014
I250824 15:43:03.418996 84 3@pebble/event.go:1027 ⋮ [n?,s?,pebble] 24  upgraded to format version: 015
I250824 15:43:03.421218 84 3@pebble/event.go:1027 ⋮ [n?,s?,pebble] 25  upgraded to format version: 016
I250824 15:43:03.424840 84 3@pebble/event.go:1027 ⋮ [n?,s?,pebble] 26  upgraded to format version: 017
I250824 15:43:03.426209 84 3@pebble/event.go:1027 ⋮ [n?,s?,pebble] 27  upgraded to format version: 018
I250824 15:43:03.427670 84 3@pebble/event.go:1027 ⋮ [n?,s?,pebble] 28  upgraded to format version: 019
I250824 15:43:03.434448 30 3@pebble/event.go:1051 ⋮ [n?,s?,pebble] 29  [JOB 2] all initial table stats loaded
I250824 15:43:24.082907 770 3@kv/kvserver/store.go:3801 ⋮ [T1,Vsystem,n1,s1] 30  Pebble metrics:
I250824 15:43:24.082907 770 3@kv/kvserver/store.go:3801 ⋮ [T1,Vsystem,n1,s1] 30 +      |                             |       |       |   ingested   |     moved    |    written   |       |    amp
I250824 15:43:24.082907 770 3@kv/kvserver/store.go:3801 ⋮ [T1,Vsystem,n1,s1] 30 +level | tables  size val-bl vtables | score |   in  | tables  size | tables  size | tables  size |  read |   r   w
I250824 15:43:24.082907 770 3@kv/kvserver/store.go:3801 ⋮ [T1,Vsystem,n1,s1] 30 +------+-----------------------------+-------+-------+--------------+--------------+--------------+-------+---------
I250824 15:43:24.082907 770 3@kv/kvserver/store.go:3801 ⋮ [T1,Vsystem,n1,s1] 30 +    0 |     0     0B     0B       0 |  0.00 | 9.7MB |     0     0B |     0     0B |     1  181KB |    0B |   0  0.0
I250824 15:43:24.082907 770 3@kv/kvserver/store.go:3801 ⋮ [T1,Vsystem,n1,s1] 30 +    1 |     0     0B     0B       0 |  0.00 |    0B |     0     0B |     0     0B |     0     0B |    0B |   0  0.0
I250824 15:43:24.082907 770 3@kv/kvserver/store.go:3801 ⋮ [T1,Vsystem,n1,s1] 30 +    2 |     0     0B     0B       0 |  0.00 |    0B |     0     0B |     0     0B |     0     0B |    0B |   0  0.0
I250824 15:43:24.082907 770 3@kv/kvserver/store.go:3801 ⋮ [T1,Vsystem,n1,s1] 30 +    3 |     0     0B     0B       0 |  0.00 |    0B |     0     0B |     0     0B |     0     0B |    0B |   0  0.0
I250824 15:43:24.082907 770 3@kv/kvserver/store.go:3801 ⋮ [T1,Vsystem,n1,s1] 30 +    4 |     0     0B     0B       0 |  0.00 |    0B |     0     0B |     0     0B |     0     0B |    0B |   0  0.0
I250824 15:43:24.082907 770 3@kv/kvserver/store.go:3801 ⋮ [T1,Vsystem,n1,s1] 30 +    5 |     3  6.8MB  224KB       0 |  0.21 | 181KB |     0     0B |     0     0B |     3  6.8MB | 7.0MB |   1 38.7
I250824 15:43:24.082907 770 3@kv/kvserver/store.go:3801 ⋮ [T1,Vsystem,n1,s1] 30 +    6 |    12   86MB   69KB       0 |     - |    0B |     0     0B |     0     0B |     0     0B |    0B |   1  0.0
I250824 15:43:24.082907 770 3@kv/kvserver/store.go:3801 ⋮ [T1,Vsystem,n1,s1] 30 +total |    15   92MB  293KB       0 |     - |  12MB |     0     0B |     0     0B |     4   19MB | 7.0MB |   2  1.6
I250824 15:43:24.082907 770 3@kv/kvserver/store.go:3801 ⋮ [T1,Vsystem,n1,s1] 30 +-------------------------------------------------------------------------------------------------------------------
I250824 15:43:24.082907 770 3@kv/kvserver/store.go:3801 ⋮ [T1,Vsystem,n1,s1] 30 +WAL: 1 files (2.3MB)  in: 2.3MB  written: 12MB (420% overhead)
I250824 15:43:24.082907 770 3@kv/kvserver/store.go:3801 ⋮ [T1,Vsystem,n1,s1] 30 +Flushes: 1
I250824 15:43:24.082907 770 3@kv/kvserver/store.go:3801 ⋮ [T1,Vsystem,n1,s1] 30 +Compactions: 1  estimated debt: 0B  in progress: 0 (0B)
I250824 15:43:24.082907 770 3@kv/kvserver/store.go:3801 ⋮ [T1,Vsystem,n1,s1] 30 +             default: 1  delete: 0  elision: 0  move: 0  read: 0  tombstone-density: 0  rewrite: 0  copy: 0  multi-level: 0
I250824 15:43:24.082907 770 3@kv/kvserver/store.go:3801 ⋮ [T1,Vsystem,n1,s1] 30 +MemTables: 1 (16MB)  zombie: 1 (8.0MB)
I250824 15:43:24.082907 770 3@kv/kvserver/store.go:3801 ⋮ [T1,Vsystem,n1,s1] 30 +Zombie tables: 0 (0B, local: 0B)
I250824 15:43:24.082907 770 3@kv/kvserver/store.go:3801 ⋮ [T1,Vsystem,n1,s1] 30 +Backing tables: 0 (0B)
I250824 15:43:24.082907 770 3@kv/kvserver/store.go:3801 ⋮ [T1,Vsystem,n1,s1] 30 +Virtual tables: 0 (0B)
I250824 15:43:24.082907 770 3@kv/kvserver/store.go:3801 ⋮ [T1,Vsystem,n1,s1] 30 +Local tables size: 92MB
I250824 15:43:24.082907 770 3@kv/kvserver/store.go:3801 ⋮ [T1,Vsystem,n1,s1] 30 +Compression types: snappy: 15
I250824 15:43:24.082907 770 3@kv/kvserver/store.go:3801 ⋮ [T1,Vsystem,n1,s1] 30 +Block cache: 79 entries (2.9MB)  hit rate: 87.1%
I250824 15:43:24.082907 770 3@kv/kvserver/store.go:3801 ⋮ [T1,Vsystem,n1,s1] 30 +Table cache: 14 entries (11KB)  hit rate: 99.6%
I250824 15:43:24.082907 770 3@kv/kvserver/store.go:3801 ⋮ [T1,Vsystem,n1,s1] 30 +Snapshots: 0  earliest seq num: 0
I250824 15:43:24.082907 770 3@kv/kvserver/store.go:3801 ⋮ [T1,Vsystem,n1,s1] 30 +Table iters: 0
I250824 15:43:24.082907 770 3@kv/kvserver/store.go:3801 ⋮ [T1,Vsystem,n1,s1] 30 +Filter utility: 64.6%
I250824 15:43:24.082907 770 3@kv/kvserver/store.go:3801 ⋮ [T1,Vsystem,n1,s1] 30 +Ingestions: 0  as flushable: 0 (0B in 0 tables)
I250824 15:43:24.082907 770 3@kv/kvserver/store.go:3801 ⋮ [T1,Vsystem,n1,s1] 30 +Cgo memory usage: 27MB  block cache: 2.9MB (data: 2.9MB, maps: 16KB, entries: 6.2KB)  memtables: 24MB
I250824 15:45:04.243489 705 3@pebble/event.go:1059 ⋮ [n1,s1,pebble] 31  [JOB 6] WAL created 004563
I250824 15:49:14.418323 701 3@pebble/event.go:1059 ⋮ [n1,s1,pebble] 32  [JOB 7] WAL created 004564
I250824 15:49:14.430954 9133 3@pebble/event.go:1011 ⋮ [n1,s1,pebble] 33  [JOB 8] flushing 2 memtables (47MB) to L0
I250824 15:49:14.448154 9133 3@pebble/event.go:1039 ⋮ [n1,s1,pebble] 34  [JOB 8] flushing: sstable created 004565
I250824 15:49:15.010159 9133 3@pebble/event.go:1015 ⋮ [n1,s1,pebble] 35  [JOB 8] flushed 2 memtables (47MB) to L0 [004565] (491KB), in 0.6s (0.6s total), output rate 874KB/s
I250824 15:49:15.069083 8778 3@pebble/event.go:999 ⋮ [n1,s1,pebble] 36  [JOB 10] compacting(default) L0 [004565] (491KB) Score=9.37 + L5 [004560 004561 004562] (6.8MB) Score=0.21; OverlappingRatio: Single 14.25, Multi 0.00
I250824 15:49:15.168811 8778 3@pebble/event.go:1039 ⋮ [n1,s1,pebble] 37  [JOB 10] compacting: sstable created 004566
I250824 15:49:18.508622 8778 3@pebble/event.go:1039 ⋮ [n1,s1,pebble] 38  [JOB 10] compacting: sstable created 004567
I250824 15:49:19.540923 8778 3@pebble/event.go:1039 ⋮ [n1,s1,pebble] 39  [JOB 10] compacting: sstable created 004568
I250824 15:49:20.064785 8778 3@pebble/event.go:1003 ⋮ [n1,s1,pebble] 40  [JOB 10] compacted(default) L0 [004565] (491KB) Score=9.37 + L5 [004560 004561 004562] (6.8MB) Score=0.21 -> L5 [004566 004567 004568] (7.1MB), in 5.0s (5.0s total), output rate 1.4MB/s
I250824 15:49:20.101889 85 3@pebble/event.go:1043 ⋮ [n1,s1,pebble] 41  [JOB 10] sstable deleted 004560
I250824 15:49:20.106076 85 3@pebble/event.go:1043 ⋮ [n1,s1,pebble] 42  [JOB 10] sstable deleted 004561
I250824 15:49:20.107018 85 3@pebble/event.go:1043 ⋮ [n1,s1,pebble] 43  [JOB 10] sstable deleted 004562
I250824 15:49:20.108090 85 3@pebble/event.go:1043 ⋮ [n1,s1,pebble] 44  [JOB 10] sstable deleted 004565
I250824 15:53:24.090774 770 3@kv/kvserver/store.go:3801 ⋮ [T1,Vsystem,n1,s1] 45  Pebble metrics:
I250824 15:53:24.090774 770 3@kv/kvserver/store.go:3801 ⋮ [T1,Vsystem,n1,s1] 45 +      |                             |       |       |   ingested   |     moved    |    written   |       |    amp
I250824 15:53:24.090774 770 3@kv/kvserver/store.go:3801 ⋮ [T1,Vsystem,n1,s1] 45 +level | tables  size val-bl vtables | score |   in  | tables  size | tables  size | tables  size |  read |   r   w
I250824 15:53:24.090774 770 3@kv/kvserver/store.go:3801 ⋮ [T1,Vsystem,n1,s1] 45 +------+-----------------------------+-------+-------+--------------+--------------+--------------+-------+---------
I250824 15:53:24.090774 770 3@kv/kvserver/store.go:3801 ⋮ [T1,Vsystem,n1,s1] 45 +    0 |     0     0B     0B       0 |  0.00 |  52MB |     0     0B |     0     0B |     2  672KB |    0B |   0  0.0
I250824 15:53:24.090774 770 3@kv/kvserver/store.go:3801 ⋮ [T1,Vsystem,n1,s1] 45 +    1 |     0     0B     0B       0 |  0.00 |    0B |     0     0B |     0     0B |     0     0B |    0B |   0  0.0
I250824 15:53:24.090774 770 3@kv/kvserver/store.go:3801 ⋮ [T1,Vsystem,n1,s1] 45 +    2 |     0     0B     0B       0 |  0.00 |    0B |     0     0B |     0     0B |     0     0B |    0B |   0  0.0
I250824 15:53:24.090774 770 3@kv/kvserver/store.go:3801 ⋮ [T1,Vsystem,n1,s1] 45 +    3 |     0     0B     0B       0 |  0.00 |    0B |     0     0B |     0     0B |     0     0B |    0B |   0  0.0
I250824 15:53:24.090774 770 3@kv/kvserver/store.go:3801 ⋮ [T1,Vsystem,n1,s1] 45 +    4 |     0     0B     0B       0 |  0.00 |    0B |     0     0B |     0     0B |     0     0B |    0B |   0  0.0
I250824 15:53:24.090774 770 3@kv/kvserver/store.go:3801 ⋮ [T1,Vsystem,n1,s1] 45 +    5 |     3  7.1MB  225KB       0 |  0.22 | 672KB |     0     0B |     0     0B |     6   14MB |  14MB |   1 21.3
I250824 15:53:24.090774 770 3@kv/kvserver/store.go:3801 ⋮ [T1,Vsystem,n1,s1] 45 +    6 |    12   86MB   69KB       0 |     - |    0B |     0     0B |     0     0B |     0     0B |    0B |   1  0.0
I250824 15:53:24.090774 770 3@kv/kvserver/store.go:3801 ⋮ [T1,Vsystem,n1,s1] 45 +total |    15   93MB  294KB       0 |     - |  79MB |     0     0B |     0     0B |     8   94MB |  14MB |   2  1.2
I250824 15:53:24.090774 770 3@kv/kvserver/store.go:3801 ⋮ [T1,Vsystem,n1,s1] 45 +-------------------------------------------------------------------------------------------------------------------
I250824 15:53:24.090774 770 3@kv/kvserver/store.go:3801 ⋮ [T1,Vsystem,n1,s1] 45 +WAL: 1 files (27MB)  in: 69MB  written: 79MB (14% overhead)
I250824 15:53:24.090774 770 3@kv/kvserver/store.go:3801 ⋮ [T1,Vsystem,n1,s1] 45 +Flushes: 2
I250824 15:53:24.090774 770 3@kv/kvserver/store.go:3801 ⋮ [T1,Vsystem,n1,s1] 45 +Compactions: 2  estimated debt: 0B  in progress: 0 (0B)
I250824 15:53:24.090774 770 3@kv/kvserver/store.go:3801 ⋮ [T1,Vsystem,n1,s1] 45 +             default: 2  delete: 0  elision: 0  move: 0  read: 0  tombstone-density: 0  rewrite: 0  copy: 0  multi-level: 0
I250824 15:53:24.090774 770 3@kv/kvserver/store.go:3801 ⋮ [T1,Vsystem,n1,s1] 45 +MemTables: 1 (64MB)  zombie: 1 (32MB)
I250824 15:53:24.090774 770 3@kv/kvserver/store.go:3801 ⋮ [T1,Vsystem,n1,s1] 45 +Zombie tables: 0 (0B, local: 0B)
I250824 15:53:24.090774 770 3@kv/kvserver/store.go:3801 ⋮ [T1,Vsystem,n1,s1] 45 +Backing tables: 0 (0B)
I250824 15:53:24.090774 770 3@kv/kvserver/store.go:3801 ⋮ [T1,Vsystem,n1,s1] 45 +Virtual tables: 0 (0B)
I250824 15:53:24.090774 770 3@kv/kvserver/store.go:3801 ⋮ [T1,Vsystem,n1,s1] 45 +Local tables size: 93MB
I250824 15:53:24.090774 770 3@kv/kvserver/store.go:3801 ⋮ [T1,Vsystem,n1,s1] 45 +Compression types: snappy: 15
I250824 15:53:24.090774 770 3@kv/kvserver/store.go:3801 ⋮ [T1,Vsystem,n1,s1] 45 +Block cache: 131 entries (4.7MB)  hit rate: 95.9%
I250824 15:53:24.090774 770 3@kv/kvserver/store.go:3801 ⋮ [T1,Vsystem,n1,s1] 45 +Table cache: 14 entries (11KB)  hit rate: 99.9%
I250824 15:53:24.090774 770 3@kv/kvserver/store.go:3801 ⋮ [T1,Vsystem,n1,s1] 45 +Snapshots: 0  earliest seq num: 0
I250824 15:53:24.090774 770 3@kv/kvserver/store.go:3801 ⋮ [T1,Vsystem,n1,s1] 45 +Table iters: 0
I250824 15:53:24.090774 770 3@kv/kvserver/store.go:3801 ⋮ [T1,Vsystem,n1,s1] 45 +Filter utility: 71.2%
I250824 15:53:24.090774 770 3@kv/kvserver/store.go:3801 ⋮ [T1,Vsystem,n1,s1] 45 +Ingestions: 0  as flushable: 0 (0B in 0 tables)
I250824 15:53:24.090774 770 3@kv/kvserver/store.go:3801 ⋮ [T1,Vsystem,n1,s1] 45 +Cgo memory usage: 101MB  block cache: 4.8MB (data: 4.7MB, maps: 20KB, entries: 10KB)  memtables: 96MB
