I250825 20:47:27.903243 79 util/log/file_sync_buffer.go:237 ⋮ [config]   file created at: 2025/08/25 20:47:27
I250825 20:47:27.903252 79 util/log/file_sync_buffer.go:237 ⋮ [config]   running on machine: ‹39d3a8fa056d›
I250825 20:47:27.903261 79 util/log/file_sync_buffer.go:237 ⋮ [config]   binary: CockroachDB CCL v25.2.0 (aarch64-unknown-linux-gnu, built 2025/05/15 21:07:42, go1.23.7 X:nocoverageredesign)
I250825 20:47:27.903266 79 util/log/file_sync_buffer.go:237 ⋮ [config]   arguments: [‹/cockroach/cockroach› ‹start-single-node› ‹--certs-dir=certs› ‹--advertise-addr=127.0.0.1:26257› ‹--insecure› ‹--http-addr=0.0.0.0:8080›]
I250825 20:47:27.903276 79 util/log/file_sync_buffer.go:237 ⋮ [config]   log format (utf8=✓): crdb-v2
I250825 20:47:27.903278 79 util/log/file_sync_buffer.go:237 ⋮ [config]   line format: [IWEF]yymmdd hh:mm:ss.uuuuuu goid [chan@]file:line redactionmark \[tags\] [counter] msg
I250825 20:47:27.902728 79 3@pebble/objstorage/objstorageprovider/remote.go:102 ⋮ [n?,s?,pebble] 1  remote storage configured; creatorID = 1
I250825 20:47:28.007163 79 3@pebble/open.go:1054 ⋮ [n?,s?,pebble] 2  [JOB ‹1›] WAL ‹004704: {(/cockroach/cockroach-data,000)}› stopped reading at offset: (‹/cockroach/cockroach-data/004704.log›: 31832146); replayed 95674 keys in 3852 batches
I250825 20:47:28.007380 42 3@pebble/event.go:1011 ⋮ [n?,s?,pebble] 3  [JOB 2] flushing 8 memtables (34MB) to L0
I250825 20:47:28.007912 42 3@pebble/event.go:1039 ⋮ [n?,s?,pebble] 4  [JOB 2] flushing: sstable created 004710
I250825 20:47:28.049525 42 3@pebble/event.go:1031 ⋮ [n?,s?,pebble] 5  [JOB 2] MANIFEST created 004711
I250825 20:47:28.049622 42 3@pebble/event.go:1015 ⋮ [n?,s?,pebble] 6  [JOB 2] flushed 8 memtables (34MB) to L0 [004710] (324KB), in 0.0s (0.0s total), output rate 7.7MB/s
I250825 20:47:28.050666 79 3@pebble/event.go:1059 ⋮ [n?,s?,pebble] 7  [JOB 1] WAL created 004712
I250825 20:47:28.051473 94 3@pebble/event.go:1063 ⋮ [n?,s?,pebble] 8  [JOB 2] WAL deleted 004704
I250825 20:47:28.052668 98 3@pebble/event.go:999 ⋮ [n?,s?,pebble] 9  [JOB 4] compacting(default) L0 [004710] (324KB) Score=13.46 + L5 [004706 004707 004708] (4.8MB) Score=0.07; OverlappingRatio: Single 15.03, Multi 0.00
I250825 20:47:28.055667 98 3@pebble/event.go:1039 ⋮ [n?,s?,pebble] 10  [JOB 4] compacting: sstable created 004714
I250825 20:47:28.059571 114 3@pebble/event.go:1051 ⋮ [n?,s?,pebble] 11  [JOB 5] all initial table stats loaded
I250825 20:47:28.116299 98 3@pebble/event.go:1039 ⋮ [n?,s?,pebble] 12  [JOB 4] compacting: sstable created 004715
I250825 20:47:28.127473 98 3@pebble/event.go:1039 ⋮ [n?,s?,pebble] 13  [JOB 4] compacting: sstable created 004716
I250825 20:47:28.168664 98 3@pebble/event.go:1003 ⋮ [n?,s?,pebble] 14  [JOB 4] compacted(default) L0 [004710] (324KB) Score=13.46 + L5 [004706 004707 004708] (4.8MB) Score=0.07 -> L5 [004714 004715 004716] (4.9MB), in 0.1s (0.1s total), output rate 42MB/s
I250825 20:47:28.169626 94 3@pebble/event.go:1043 ⋮ [n?,s?,pebble] 15  [JOB 4] sstable deleted 004706
I250825 20:47:28.169918 94 3@pebble/event.go:1043 ⋮ [n?,s?,pebble] 16  [JOB 4] sstable deleted 004707
I250825 20:47:28.170742 94 3@pebble/event.go:1043 ⋮ [n?,s?,pebble] 17  [JOB 4] sstable deleted 004708
I250825 20:47:28.173601 94 3@pebble/event.go:1043 ⋮ [n?,s?,pebble] 18  [JOB 4] sstable deleted 004710
I250825 20:47:28.174733 94 3@pebble/event.go:1035 ⋮ [n?,s?,pebble] 19  [JOB 1] MANIFEST deleted 004688
I250825 20:47:28.179114 79 3@pebble/event.go:1031 ⋮ [n?,s?,pebble] 20  [JOB 1] MANIFEST created 000001
I250825 20:47:28.179639 79 3@pebble/event.go:1059 ⋮ [n?,s?,pebble] 21  [JOB 1] WAL created 000002
I250825 20:47:28.179947 79 3@pebble/event.go:1027 ⋮ [n?,s?,pebble] 22  upgraded to format version: 014
I250825 20:47:28.180354 79 3@pebble/event.go:1027 ⋮ [n?,s?,pebble] 23  upgraded to format version: 015
I250825 20:47:28.180735 79 3@pebble/event.go:1027 ⋮ [n?,s?,pebble] 24  upgraded to format version: 016
I250825 20:47:28.181108 79 3@pebble/event.go:1027 ⋮ [n?,s?,pebble] 25  upgraded to format version: 017
I250825 20:47:28.181438 79 3@pebble/event.go:1027 ⋮ [n?,s?,pebble] 26  upgraded to format version: 018
I250825 20:47:28.181915 79 3@pebble/event.go:1027 ⋮ [n?,s?,pebble] 27  upgraded to format version: 019
I250825 20:47:28.182856 118 3@pebble/event.go:1051 ⋮ [n?,s?,pebble] 28  [JOB 2] all initial table stats loaded
I250825 20:47:48.733031 599 3@kv/kvserver/store.go:3801 ⋮ [T1,Vsystem,n1,s1] 29  Pebble metrics:
I250825 20:47:48.733031 599 3@kv/kvserver/store.go:3801 ⋮ [T1,Vsystem,n1,s1] 29 +      |                             |       |       |   ingested   |     moved    |    written   |       |    amp
I250825 20:47:48.733031 599 3@kv/kvserver/store.go:3801 ⋮ [T1,Vsystem,n1,s1] 29 +level | tables  size val-bl vtables | score |   in  | tables  size | tables  size | tables  size |  read |   r   w
I250825 20:47:48.733031 599 3@kv/kvserver/store.go:3801 ⋮ [T1,Vsystem,n1,s1] 29 +------+-----------------------------+-------+-------+--------------+--------------+--------------+-------+---------
I250825 20:47:48.733031 599 3@kv/kvserver/store.go:3801 ⋮ [T1,Vsystem,n1,s1] 29 +    0 |     0     0B     0B       0 |  0.00 |  30MB |     0     0B |     0     0B |     1  324KB |    0B |   0  0.0
I250825 20:47:48.733031 599 3@kv/kvserver/store.go:3801 ⋮ [T1,Vsystem,n1,s1] 29 +    1 |     0     0B     0B       0 |  0.00 |    0B |     0     0B |     0     0B |     0     0B |    0B |   0  0.0
I250825 20:47:48.733031 599 3@kv/kvserver/store.go:3801 ⋮ [T1,Vsystem,n1,s1] 29 +    2 |     0     0B     0B       0 |  0.00 |    0B |     0     0B |     0     0B |     0     0B |    0B |   0  0.0
I250825 20:47:48.733031 599 3@kv/kvserver/store.go:3801 ⋮ [T1,Vsystem,n1,s1] 29 +    3 |     0     0B     0B       0 |  0.00 |    0B |     0     0B |     0     0B |     0     0B |    0B |   0  0.0
I250825 20:47:48.733031 599 3@kv/kvserver/store.go:3801 ⋮ [T1,Vsystem,n1,s1] 29 +    4 |     0     0B     0B       0 |  0.00 |    0B |     0     0B |     0     0B |     0     0B |    0B |   0  0.0
I250825 20:47:48.733031 599 3@kv/kvserver/store.go:3801 ⋮ [T1,Vsystem,n1,s1] 29 +    5 |     3  4.9MB  218KB       0 |  0.13 | 324KB |     0     0B |     0     0B |     3  4.9MB | 5.1MB |   1 15.5
I250825 20:47:48.733031 599 3@kv/kvserver/store.go:3801 ⋮ [T1,Vsystem,n1,s1] 29 +    6 |    12   91MB   72KB       0 |     - |    0B |     0     0B |     0     0B |     0     0B |    0B |   1  0.0
I250825 20:47:48.733031 599 3@kv/kvserver/store.go:3801 ⋮ [T1,Vsystem,n1,s1] 29 +total |    15   96MB  290KB       0 |     - |  33MB |     0     0B |     0     0B |     4   38MB | 5.1MB |   2  1.2
I250825 20:47:48.733031 599 3@kv/kvserver/store.go:3801 ⋮ [T1,Vsystem,n1,s1] 29 +-------------------------------------------------------------------------------------------------------------------
I250825 20:47:48.733031 599 3@kv/kvserver/store.go:3801 ⋮ [T1,Vsystem,n1,s1] 29 +WAL: 1 files (2.3MB)  in: 2.3MB  written: 33MB (1332% overhead)
I250825 20:47:48.733031 599 3@kv/kvserver/store.go:3801 ⋮ [T1,Vsystem,n1,s1] 29 +Flushes: 1
I250825 20:47:48.733031 599 3@kv/kvserver/store.go:3801 ⋮ [T1,Vsystem,n1,s1] 29 +Compactions: 1  estimated debt: 0B  in progress: 0 (0B)
I250825 20:47:48.733031 599 3@kv/kvserver/store.go:3801 ⋮ [T1,Vsystem,n1,s1] 29 +             default: 1  delete: 0  elision: 0  move: 0  read: 0  tombstone-density: 0  rewrite: 0  copy: 0  multi-level: 0
I250825 20:47:48.733031 599 3@kv/kvserver/store.go:3801 ⋮ [T1,Vsystem,n1,s1] 29 +MemTables: 1 (64MB)  zombie: 1 (32MB)
I250825 20:47:48.733031 599 3@kv/kvserver/store.go:3801 ⋮ [T1,Vsystem,n1,s1] 29 +Zombie tables: 0 (0B, local: 0B)
I250825 20:47:48.733031 599 3@kv/kvserver/store.go:3801 ⋮ [T1,Vsystem,n1,s1] 29 +Backing tables: 0 (0B)
I250825 20:47:48.733031 599 3@kv/kvserver/store.go:3801 ⋮ [T1,Vsystem,n1,s1] 29 +Virtual tables: 0 (0B)
I250825 20:47:48.733031 599 3@kv/kvserver/store.go:3801 ⋮ [T1,Vsystem,n1,s1] 29 +Local tables size: 96MB
I250825 20:47:48.733031 599 3@kv/kvserver/store.go:3801 ⋮ [T1,Vsystem,n1,s1] 29 +Compression types: snappy: 15
I250825 20:47:48.733031 599 3@kv/kvserver/store.go:3801 ⋮ [T1,Vsystem,n1,s1] 29 +Block cache: 92 entries (3.2MB)  hit rate: 90.4%
I250825 20:47:48.733031 599 3@kv/kvserver/store.go:3801 ⋮ [T1,Vsystem,n1,s1] 29 +Table cache: 14 entries (11KB)  hit rate: 99.6%
I250825 20:47:48.733031 599 3@kv/kvserver/store.go:3801 ⋮ [T1,Vsystem,n1,s1] 29 +Snapshots: 0  earliest seq num: 0
I250825 20:47:48.733031 599 3@kv/kvserver/store.go:3801 ⋮ [T1,Vsystem,n1,s1] 29 +Table iters: 0
I250825 20:47:48.733031 599 3@kv/kvserver/store.go:3801 ⋮ [T1,Vsystem,n1,s1] 29 +Filter utility: 63.1%
I250825 20:47:48.733031 599 3@kv/kvserver/store.go:3801 ⋮ [T1,Vsystem,n1,s1] 29 +Ingestions: 0  as flushable: 0 (0B in 0 tables)
I250825 20:47:48.733031 599 3@kv/kvserver/store.go:3801 ⋮ [T1,Vsystem,n1,s1] 29 +Cgo memory usage: 100MB  block cache: 3.3MB (data: 3.2MB, maps: 16KB, entries: 7.2KB)  memtables: 96MB
I250825 20:55:58.796088 745 3@pebble/event.go:1059 ⋮ [n1,s1,pebble] 30  [JOB 7] WAL created 004717
I250825 20:55:58.799657 13051 3@pebble/event.go:1011 ⋮ [n1,s1,pebble] 31  [JOB 8] flushing 1 memtable (64MB) to L0
I250825 20:55:58.800792 13051 3@pebble/event.go:1039 ⋮ [n1,s1,pebble] 32  [JOB 8] flushing: sstable created 004718
I250825 20:55:58.883757 13051 3@pebble/event.go:1015 ⋮ [n1,s1,pebble] 33  [JOB 8] flushed 1 memtable (64MB) to L0 [004718] (505KB), in 0.1s (0.1s total), output rate 5.9MB/s
I250825 20:55:58.883918 12989 3@pebble/event.go:999 ⋮ [n1,s1,pebble] 34  [JOB 9] compacting(default) L0 [004718] (505KB) Score=13.06 + L5 [004714 004715 004716] (4.9MB) Score=0.13; OverlappingRatio: Single 9.94, Multi 0.00
I250825 20:55:58.885895 12989 3@pebble/event.go:1039 ⋮ [n1,s1,pebble] 35  [JOB 9] compacting: sstable created 004719
I250825 20:55:58.976089 12989 3@pebble/event.go:1039 ⋮ [n1,s1,pebble] 36  [JOB 9] compacting: sstable created 004720
I250825 20:55:58.996696 12989 3@pebble/event.go:1039 ⋮ [n1,s1,pebble] 37  [JOB 9] compacting: sstable created 004721
I250825 20:55:59.060847 12989 3@pebble/event.go:1003 ⋮ [n1,s1,pebble] 38  [JOB 9] compacted(default) L0 [004718] (505KB) Score=13.06 + L5 [004714 004715 004716] (4.9MB) Score=0.13 -> L5 [004719 004720 004721] (5.2MB), in 0.2s (0.2s total), output rate 30MB/s
I250825 20:55:59.061800 94 3@pebble/event.go:1043 ⋮ [n1,s1,pebble] 39  [JOB 9] sstable deleted 004714
I250825 20:55:59.061995 94 3@pebble/event.go:1043 ⋮ [n1,s1,pebble] 40  [JOB 9] sstable deleted 004715
I250825 20:55:59.062278 94 3@pebble/event.go:1043 ⋮ [n1,s1,pebble] 41  [JOB 9] sstable deleted 004716
I250825 20:55:59.062419 94 3@pebble/event.go:1043 ⋮ [n1,s1,pebble] 42  [JOB 9] sstable deleted 004718
I250825 20:57:48.740280 599 3@kv/kvserver/store.go:3801 ⋮ [T1,Vsystem,n1,s1] 43  Pebble metrics:
I250825 20:57:48.740280 599 3@kv/kvserver/store.go:3801 ⋮ [T1,Vsystem,n1,s1] 43 +      |                             |       |       |   ingested   |     moved    |    written   |       |    amp
I250825 20:57:48.740280 599 3@kv/kvserver/store.go:3801 ⋮ [T1,Vsystem,n1,s1] 43 +level | tables  size val-bl vtables | score |   in  | tables  size | tables  size | tables  size |  read |   r   w
I250825 20:57:48.740280 599 3@kv/kvserver/store.go:3801 ⋮ [T1,Vsystem,n1,s1] 43 +------+-----------------------------+-------+-------+--------------+--------------+--------------+-------+---------
I250825 20:57:48.740280 599 3@kv/kvserver/store.go:3801 ⋮ [T1,Vsystem,n1,s1] 43 +    0 |     0     0B     0B       0 |  0.00 |  88MB |     0     0B |     0     0B |     2  829KB |    0B |   0  0.0
I250825 20:57:48.740280 599 3@kv/kvserver/store.go:3801 ⋮ [T1,Vsystem,n1,s1] 43 +    1 |     0     0B     0B       0 |  0.00 |    0B |     0     0B |     0     0B |     0     0B |    0B |   0  0.0
I250825 20:57:48.740280 599 3@kv/kvserver/store.go:3801 ⋮ [T1,Vsystem,n1,s1] 43 +    2 |     0     0B     0B       0 |  0.00 |    0B |     0     0B |     0     0B |     0     0B |    0B |   0  0.0
I250825 20:57:48.740280 599 3@kv/kvserver/store.go:3801 ⋮ [T1,Vsystem,n1,s1] 43 +    3 |     0     0B     0B       0 |  0.00 |    0B |     0     0B |     0     0B |     0     0B |    0B |   0  0.0
I250825 20:57:48.740280 599 3@kv/kvserver/store.go:3801 ⋮ [T1,Vsystem,n1,s1] 43 +    4 |     0     0B     0B       0 |  0.00 |    0B |     0     0B |     0     0B |     0     0B |    0B |   0  0.0
I250825 20:57:48.740280 599 3@kv/kvserver/store.go:3801 ⋮ [T1,Vsystem,n1,s1] 43 +    5 |     3  5.2MB  235KB       0 |  0.14 | 829KB |     0     0B |     0     0B |     6   10MB |  10MB |   1 12.5
I250825 20:57:48.740280 599 3@kv/kvserver/store.go:3801 ⋮ [T1,Vsystem,n1,s1] 43 +    6 |    12   91MB   72KB       0 |     - |    0B |     0     0B |     0     0B |     0     0B |    0B |   1  0.0
I250825 20:57:48.740280 599 3@kv/kvserver/store.go:3801 ⋮ [T1,Vsystem,n1,s1] 43 +total |    15   96MB  307KB       0 |     - | 100MB |     0     0B |     0     0B |     8  111MB |  10MB |   2  1.1
I250825 20:57:48.740280 599 3@kv/kvserver/store.go:3801 ⋮ [T1,Vsystem,n1,s1] 43 +-------------------------------------------------------------------------------------------------------------------
I250825 20:57:48.740280 599 3@kv/kvserver/store.go:3801 ⋮ [T1,Vsystem,n1,s1] 43 +WAL: 1 files (12MB)  in: 69MB  written: 100MB (44% overhead)
I250825 20:57:48.740280 599 3@kv/kvserver/store.go:3801 ⋮ [T1,Vsystem,n1,s1] 43 +Flushes: 2
I250825 20:57:48.740280 599 3@kv/kvserver/store.go:3801 ⋮ [T1,Vsystem,n1,s1] 43 +Compactions: 2  estimated debt: 0B  in progress: 0 (0B)
I250825 20:57:48.740280 599 3@kv/kvserver/store.go:3801 ⋮ [T1,Vsystem,n1,s1] 43 +             default: 2  delete: 0  elision: 0  move: 0  read: 0  tombstone-density: 0  rewrite: 0  copy: 0  multi-level: 0
I250825 20:57:48.740280 599 3@kv/kvserver/store.go:3801 ⋮ [T1,Vsystem,n1,s1] 43 +MemTables: 1 (64MB)  zombie: 1 (64MB)
I250825 20:57:48.740280 599 3@kv/kvserver/store.go:3801 ⋮ [T1,Vsystem,n1,s1] 43 +Zombie tables: 0 (0B, local: 0B)
I250825 20:57:48.740280 599 3@kv/kvserver/store.go:3801 ⋮ [T1,Vsystem,n1,s1] 43 +Backing tables: 0 (0B)
I250825 20:57:48.740280 599 3@kv/kvserver/store.go:3801 ⋮ [T1,Vsystem,n1,s1] 43 +Virtual tables: 0 (0B)
I250825 20:57:48.740280 599 3@kv/kvserver/store.go:3801 ⋮ [T1,Vsystem,n1,s1] 43 +Local tables size: 96MB
I250825 20:57:48.740280 599 3@kv/kvserver/store.go:3801 ⋮ [T1,Vsystem,n1,s1] 43 +Compression types: snappy: 15
I250825 20:57:48.740280 599 3@kv/kvserver/store.go:3801 ⋮ [T1,Vsystem,n1,s1] 43 +Block cache: 0 entries (0B)  hit rate: 87.5%
I250825 20:57:48.740280 599 3@kv/kvserver/store.go:3801 ⋮ [T1,Vsystem,n1,s1] 43 +Table cache: 14 entries (11KB)  hit rate: 99.9%
I250825 20:57:48.740280 599 3@kv/kvserver/store.go:3801 ⋮ [T1,Vsystem,n1,s1] 43 +Snapshots: 0  earliest seq num: 0
I250825 20:57:48.740280 599 3@kv/kvserver/store.go:3801 ⋮ [T1,Vsystem,n1,s1] 43 +Table iters: 0
I250825 20:57:48.740280 599 3@kv/kvserver/store.go:3801 ⋮ [T1,Vsystem,n1,s1] 43 +Filter utility: 73.0%
I250825 20:57:48.740280 599 3@kv/kvserver/store.go:3801 ⋮ [T1,Vsystem,n1,s1] 43 +Ingestions: 0  as flushable: 0 (0B in 0 tables)
I250825 20:57:48.740280 599 3@kv/kvserver/store.go:3801 ⋮ [T1,Vsystem,n1,s1] 43 +Cgo memory usage: 128MB  block cache: 35KB (data: 0B, maps: 25KB, entries: 11KB)  memtables: 128MB
I250825 21:04:18.862091 730 3@pebble/event.go:1059 ⋮ [n1,s1,pebble] 44  [JOB 12] WAL created 004722 (recycled 004712)
I250825 21:04:18.863575 22361 3@pebble/event.go:1011 ⋮ [n1,s1,pebble] 45  [JOB 13] flushing 1 memtable (64MB) to L0
I250825 21:04:18.865661 22361 3@pebble/event.go:1039 ⋮ [n1,s1,pebble] 46  [JOB 13] flushing: sstable created 004723
I250825 21:04:18.995710 22361 3@pebble/event.go:1015 ⋮ [n1,s1,pebble] 47  [JOB 13] flushed 1 memtable (64MB) to L0 [004723] (696KB), in 0.1s (0.1s total), output rate 5.2MB/s
I250825 21:04:18.996002 22405 3@pebble/event.go:999 ⋮ [n1,s1,pebble] 48  [JOB 14] compacting(default) L0 [004723] (696KB) Score=12.21 + L5 [004719 004720 004721] (5.2MB) Score=0.14; OverlappingRatio: Single 7.71, Multi 0.00
I250825 21:04:18.998479 22405 3@pebble/event.go:1039 ⋮ [n1,s1,pebble] 49  [JOB 14] compacting: sstable created 004724
I250825 21:04:19.115252 22405 3@pebble/event.go:1039 ⋮ [n1,s1,pebble] 50  [JOB 14] compacting: sstable created 004725
I250825 21:04:19.157934 22405 3@pebble/event.go:1039 ⋮ [n1,s1,pebble] 51  [JOB 14] compacting: sstable created 004726
I250825 21:04:19.354156 22405 3@pebble/event.go:1003 ⋮ [n1,s1,pebble] 52  [JOB 14] compacted(default) L0 [004723] (696KB) Score=12.21 + L5 [004719 004720 004721] (5.2MB) Score=0.14 -> L5 [004724 004725 004726] (5.7MB), in 0.4s (0.4s total), output rate 16MB/s
I250825 21:04:19.355311 94 3@pebble/event.go:1043 ⋮ [n1,s1,pebble] 53  [JOB 14] sstable deleted 004719
I250825 21:04:19.355657 94 3@pebble/event.go:1043 ⋮ [n1,s1,pebble] 54  [JOB 14] sstable deleted 004720
I250825 21:04:19.356010 94 3@pebble/event.go:1043 ⋮ [n1,s1,pebble] 55  [JOB 14] sstable deleted 004721
I250825 21:04:19.356275 94 3@pebble/event.go:1043 ⋮ [n1,s1,pebble] 56  [JOB 14] sstable deleted 004723
I250825 21:07:48.755608 599 3@kv/kvserver/store.go:3801 ⋮ [T1,Vsystem,n1,s1] 57  Pebble metrics:
I250825 21:07:48.755608 599 3@kv/kvserver/store.go:3801 ⋮ [T1,Vsystem,n1,s1] 57 +      |                             |       |       |   ingested   |     moved    |    written   |       |    amp
I250825 21:07:48.755608 599 3@kv/kvserver/store.go:3801 ⋮ [T1,Vsystem,n1,s1] 57 +level | tables  size val-bl vtables | score |   in  | tables  size | tables  size | tables  size |  read |   r   w
I250825 21:07:48.755608 599 3@kv/kvserver/store.go:3801 ⋮ [T1,Vsystem,n1,s1] 57 +------+-----------------------------+-------+-------+--------------+--------------+--------------+-------+---------
I250825 21:07:48.755608 599 3@kv/kvserver/store.go:3801 ⋮ [T1,Vsystem,n1,s1] 57 +    0 |     0     0B     0B       0 |  0.00 | 146MB |     0     0B |     0     0B |     3  1.5MB |    0B |   0  0.0
I250825 21:07:48.755608 599 3@kv/kvserver/store.go:3801 ⋮ [T1,Vsystem,n1,s1] 57 +    1 |     0     0B     0B       0 |  0.00 |    0B |     0     0B |     0     0B |     0     0B |    0B |   0  0.0
I250825 21:07:48.755608 599 3@kv/kvserver/store.go:3801 ⋮ [T1,Vsystem,n1,s1] 57 +    2 |     0     0B     0B       0 |  0.00 |    0B |     0     0B |     0     0B |     0     0B |    0B |   0  0.0
I250825 21:07:48.755608 599 3@kv/kvserver/store.go:3801 ⋮ [T1,Vsystem,n1,s1] 57 +    3 |     0     0B     0B       0 |  0.00 |    0B |     0     0B |     0     0B |     0     0B |    0B |   0  0.0
I250825 21:07:48.755608 599 3@kv/kvserver/store.go:3801 ⋮ [T1,Vsystem,n1,s1] 57 +    4 |     0     0B     0B       0 |  0.00 |    0B |     0     0B |     0     0B |     0     0B |    0B |   0  0.0
I250825 21:07:48.755608 599 3@kv/kvserver/store.go:3801 ⋮ [T1,Vsystem,n1,s1] 57 +    5 |     3  5.7MB  293KB       0 |  0.15 | 1.5MB |     0     0B |     0     0B |     9   16MB |  16MB |   1 10.6
I250825 21:07:48.755608 599 3@kv/kvserver/store.go:3801 ⋮ [T1,Vsystem,n1,s1] 57 +    6 |    12   91MB   72KB       0 |     - |    0B |     0     0B |     0     0B |     0     0B |    0B |   1  0.0
I250825 21:07:48.755608 599 3@kv/kvserver/store.go:3801 ⋮ [T1,Vsystem,n1,s1] 57 +total |    15   97MB  365KB       0 |     - | 170MB |     0     0B |     0     0B |    12  188MB |  16MB |   2  1.1
I250825 21:07:48.755608 599 3@kv/kvserver/store.go:3801 ⋮ [T1,Vsystem,n1,s1] 57 +-------------------------------------------------------------------------------------------------------------------
I250825 21:07:48.755608 599 3@kv/kvserver/store.go:3801 ⋮ [T1,Vsystem,n1,s1] 57 +WAL: 1 files (24MB)  in: 140MB  written: 170MB (22% overhead)
I250825 21:07:48.755608 599 3@kv/kvserver/store.go:3801 ⋮ [T1,Vsystem,n1,s1] 57 +Flushes: 3
I250825 21:07:48.755608 599 3@kv/kvserver/store.go:3801 ⋮ [T1,Vsystem,n1,s1] 57 +Compactions: 3  estimated debt: 0B  in progress: 0 (0B)
I250825 21:07:48.755608 599 3@kv/kvserver/store.go:3801 ⋮ [T1,Vsystem,n1,s1] 57 +             default: 3  delete: 0  elision: 0  move: 0  read: 0  tombstone-density: 0  rewrite: 0  copy: 0  multi-level: 0
I250825 21:07:48.755608 599 3@kv/kvserver/store.go:3801 ⋮ [T1,Vsystem,n1,s1] 57 +MemTables: 1 (64MB)  zombie: 1 (64MB)
I250825 21:07:48.755608 599 3@kv/kvserver/store.go:3801 ⋮ [T1,Vsystem,n1,s1] 57 +Zombie tables: 0 (0B, local: 0B)
I250825 21:07:48.755608 599 3@kv/kvserver/store.go:3801 ⋮ [T1,Vsystem,n1,s1] 57 +Backing tables: 0 (0B)
I250825 21:07:48.755608 599 3@kv/kvserver/store.go:3801 ⋮ [T1,Vsystem,n1,s1] 57 +Virtual tables: 0 (0B)
I250825 21:07:48.755608 599 3@kv/kvserver/store.go:3801 ⋮ [T1,Vsystem,n1,s1] 57 +Local tables size: 97MB
I250825 21:07:48.755608 599 3@kv/kvserver/store.go:3801 ⋮ [T1,Vsystem,n1,s1] 57 +Compression types: snappy: 15
I250825 21:07:48.755608 599 3@kv/kvserver/store.go:3801 ⋮ [T1,Vsystem,n1,s1] 57 +Block cache: 0 entries (0B)  hit rate: 47.4%
I250825 21:07:48.755608 599 3@kv/kvserver/store.go:3801 ⋮ [T1,Vsystem,n1,s1] 57 +Table cache: 14 entries (11KB)  hit rate: 100.0%
I250825 21:07:48.755608 599 3@kv/kvserver/store.go:3801 ⋮ [T1,Vsystem,n1,s1] 57 +Snapshots: 0  earliest seq num: 0
I250825 21:07:48.755608 599 3@kv/kvserver/store.go:3801 ⋮ [T1,Vsystem,n1,s1] 57 +Table iters: 0
I250825 21:07:48.755608 599 3@kv/kvserver/store.go:3801 ⋮ [T1,Vsystem,n1,s1] 57 +Filter utility: 75.9%
I250825 21:07:48.755608 599 3@kv/kvserver/store.go:3801 ⋮ [T1,Vsystem,n1,s1] 57 +Ingestions: 0  as flushable: 0 (0B in 0 tables)
I250825 21:07:48.755608 599 3@kv/kvserver/store.go:3801 ⋮ [T1,Vsystem,n1,s1] 57 +Cgo memory usage: 128MB  block cache: 26KB (data: 0B, maps: 25KB, entries: 720B)  memtables: 128MB
