I250801 11:04:46.141264 1 util/log/file_sync_buffer.go:237 ⋮ [config]   file created at: 2025/08/01 11:04:46
I250801 11:04:46.141334 1 util/log/file_sync_buffer.go:237 ⋮ [config]   running on machine: ‹422a76532efe›
I250801 11:04:46.141350 1 util/log/file_sync_buffer.go:237 ⋮ [config]   binary: CockroachDB CCL v25.2.0 (aarch64-unknown-linux-gnu, built 2025/05/15 21:07:42, go1.23.7 X:nocoverageredesign)
I250801 11:04:46.141357 1 util/log/file_sync_buffer.go:237 ⋮ [config]   arguments: [‹/cockroach/cockroach› ‹start-single-node› ‹--certs-dir=certs› ‹--advertise-addr=127.0.0.1:26257› ‹--insecure› ‹--http-addr=0.0.0.0:8080›]
I250801 11:04:46.141368 1 util/log/file_sync_buffer.go:237 ⋮ [config]   log format (utf8=✓): crdb-v2
I250801 11:04:46.141372 1 util/log/file_sync_buffer.go:237 ⋮ [config]   line format: [IWEF]yymmdd hh:mm:ss.uuuuuu goid [chan@]file:line redactionmark \[tags\] [counter] msg
W250801 11:04:46.128314 1 1@cli/start.go:1438 ⋮ [n?] 1  ALL SECURITY CONTROLS HAVE BEEN DISABLED!
W250801 11:04:46.128314 1 1@cli/start.go:1438 ⋮ [n?] 1 +
W250801 11:04:46.128314 1 1@cli/start.go:1438 ⋮ [n?] 1 +This mode is intended for non-production testing only.
W250801 11:04:46.128314 1 1@cli/start.go:1438 ⋮ [n?] 1 +
W250801 11:04:46.128314 1 1@cli/start.go:1438 ⋮ [n?] 1 +In this mode:
W250801 11:04:46.128314 1 1@cli/start.go:1438 ⋮ [n?] 1 +- Your cluster is open to any client that can access ‹any of your IP addresses›.
W250801 11:04:46.128314 1 1@cli/start.go:1438 ⋮ [n?] 1 +- Intruders with access to your machine or network can observe client-server traffic.
W250801 11:04:46.128314 1 1@cli/start.go:1438 ⋮ [n?] 1 +- Intruders can log in without password and read or write any data in the cluster.
W250801 11:04:46.128314 1 1@cli/start.go:1438 ⋮ [n?] 1 +- Intruders can consume all your server's resources and cause unavailability.
I250801 11:04:46.161176 1 1@cli/start.go:1448 ⋮ [n?] 2  To start a secure server without mandating TLS for clients,
I250801 11:04:46.161176 1 1@cli/start.go:1448 ⋮ [n?] 2 +consider --accept-sql-without-tls instead. For other options, see:
I250801 11:04:46.161176 1 1@cli/start.go:1448 ⋮ [n?] 2 +
I250801 11:04:46.161176 1 1@cli/start.go:1448 ⋮ [n?] 2 +- https://go.crdb.dev/issue-v/53404/v25.2
I250801 11:04:46.161176 1 1@cli/start.go:1448 ⋮ [n?] 2 +- https://www.cockroachlabs.com/docs/v25.2/secure-a-cluster.html
I250801 11:04:46.161744 1 server/status/recorder.go:856 ⋮ [n?] 3  ‹available memory from cgroups (8.0 EiB) is unsupported, using system memory 8.7 GiB instead: ›
W250801 11:04:46.161802 1 1@cli/start.go:1360 ⋮ [n?] 4  Using the default setting for --cache (128 MiB).
W250801 11:04:46.161802 1 1@cli/start.go:1360 ⋮ [n?] 4 +  A significantly larger value is usually needed for good performance.
W250801 11:04:46.161802 1 1@cli/start.go:1360 ⋮ [n?] 4 +  If you have a dedicated server a reasonable setting is --cache=.25 (2.2 GiB).
I250801 11:04:46.165997 1 server/status/recorder.go:856 ⋮ [n?] 5  ‹available memory from cgroups (8.0 EiB) is unsupported, using system memory 8.7 GiB instead: ›
I250801 11:04:46.166032 1 1@cli/start.go:1477 ⋮ [n?] 6  CockroachDB CCL v25.2.0 (aarch64-unknown-linux-gnu, built 2025/05/15 21:07:42, go1.23.7 X:nocoverageredesign)
I250801 11:04:46.169296 1 server/status/recorder.go:856 ⋮ [n?] 7  ‹available memory from cgroups (8.0 EiB) is unsupported, using system memory 8.7 GiB instead: ›
I250801 11:04:46.169345 1 1@cli/start.go:554 ⋮ [n?] 8  soft memory limit of Go runtime is set to 4.9 GiB
I250801 11:04:46.169385 1 1@cli/start.go:591 ⋮ [n?] 9  GC target percentage of Go runtime is set to 300%
I250801 11:04:46.236924 1 server/status/recorder.go:856 ⋮ [T1,Vsystem,n?] 10  ‹available memory from cgroups (8.0 EiB) is unsupported, using system memory 8.7 GiB instead: ›
I250801 11:04:46.236971 1 server/config.go:674 ⋮ [T1,Vsystem,n?] 11  system total memory: 8.7 GiB
I250801 11:04:46.237014 1 server/config.go:676 ⋮ [T1,Vsystem,n?] 12  server configuration:
I250801 11:04:46.237014 1 server/config.go:676 ⋮ [T1,Vsystem,n?] 12 +max offset             500000000
I250801 11:04:46.237014 1 server/config.go:676 ⋮ [T1,Vsystem,n?] 12 +cache size             128 MiB
I250801 11:04:46.237014 1 server/config.go:676 ⋮ [T1,Vsystem,n?] 12 +SQL memory pool size   2.2 GiB
I250801 11:04:46.237014 1 server/config.go:676 ⋮ [T1,Vsystem,n?] 12 +scan interval          10m0s
I250801 11:04:46.237014 1 server/config.go:676 ⋮ [T1,Vsystem,n?] 12 +scan min idle time     10ms
I250801 11:04:46.237014 1 server/config.go:676 ⋮ [T1,Vsystem,n?] 12 +scan max idle time     1s
I250801 11:04:46.237014 1 server/config.go:676 ⋮ [T1,Vsystem,n?] 12 +event log enabled      true
I250801 11:04:46.237113 1 1@cli/start.go:1338 ⋮ [T1,Vsystem,n?] 13  using local environment variables:
I250801 11:04:46.237113 1 1@cli/start.go:1338 ⋮ [T1,Vsystem,n?] 13 +COCKROACH_CHANNEL=official-docker
I250801 11:04:46.237129 1 1@cli/start.go:1345 ⋮ [T1,Vsystem,n?] 14  process identity: uid 0 euid 0 gid 0 egid 0
I250801 11:04:46.244117 1 1@cli/start.go:1500 ⋮ [T1,Vsystem,n?] 15  GEOS loaded from directory ‹/usr/local/lib/cockroach›
I250801 11:04:46.244176 1 1@cli/start.go:777 ⋮ [T1,Vsystem,n?] 16  starting cockroach node
I250801 11:04:50.654953 85 server/config.go:880 ⋮ [T1,Vsystem,n?] 17  1 storage engine initialized
I250801 11:04:50.654999 85 server/config.go:883 ⋮ [T1,Vsystem,n?] 18  Pebble cache size: 128 MiB
I250801 11:04:50.655012 85 server/config.go:883 ⋮ [T1,Vsystem,n?] 19  store 0: max size 0 B, max open file limit 1043576
I250801 11:04:50.655023 85 server/config.go:883 ⋮ [T1,Vsystem,n?] 20  store 0: /cockroach/cockroach-data: rw encrypted=false fs:{bdev=/run/host_mark/Users fstype=fakeowner mountpoint=/cockroach/cockroach-data mountopts=rw,nosuid,nodev,relatime,fakeowner}
I250801 11:04:50.671284 149 util/cidr/cidr.go:299 ⋮ [T1,Vsystem,n?] 21  CIDR lookup updated with 0 destinations
I250801 11:04:50.784894 85 1@server/clock_monotonicity.go:61 ⋮ [T1,Vsystem,n?] 22  monitoring forward clock jumps based on server.clock.forward_jump_check.enabled
I250801 11:04:50.806491 594 1@server/server.go:1802 ⋮ [T1,Vsystem,n1] 23  connecting to gossip network to verify cluster ID "ad7eb413-6f81-429f-8b5f-ee89af2e84c8"
I250801 11:04:50.806995 85 1@server/clock_monotonicity.go:136 ⋮ [T1,Vsystem,n1] 24  Sleeping till wall time 1754046290806991179 to catches up to 1754046291284850388 to ensure monotonicity. Sub: 477.859209ms
W250801 11:04:51.286731 85 1@cli/start.go:1299 ⋮ [T1,Vsystem,n1] 25  Running a server without --sql-addr, with a combined RPC/SQL listener, is deprecated.
W250801 11:04:51.286731 85 1@cli/start.go:1299 ⋮ [T1,Vsystem,n1] 25 +This feature will be removed in a later version of CockroachDB.
W250801 11:04:51.286807 85 1@gossip/gossip.go:1460 ⋮ [T1,Vsystem,n1] 26  no addresses found; use --join to specify a connected node
I250801 11:04:51.293316 611 kv/kvserver/kvstorage/init.go:250 ⋮ [T1,Vsystem,n1,s1] 27  beginning range descriptor iteration
I250801 11:04:51.293614 611 kv/kvserver/kvstorage/init.go:374 ⋮ [T1,Vsystem,n1,s1] 28  range descriptor iteration done: 57 range descriptors, 0 intents, 0 tombstones; stats: ‹seeked 118 times (60 internal); stepped 0 times (0 internal); blocks: 54KB cached; points: 58 (1.2KB keys, 1.7KB values); separated: 9 (278B, 0B fetched)›
I250801 11:04:51.304940 611 kv/kvserver/kvstorage/init.go:501 ⋮ [T1,Vsystem,n1,s1] 29  loaded replica ID for 57/57 replicas
I250801 11:04:51.305458 611 kv/kvserver/kvstorage/init.go:518 ⋮ [T1,Vsystem,n1,s1] 30  loaded Raft state for 57/57 replicas
I250801 11:04:51.305483 611 kv/kvserver/kvstorage/init.go:545 ⋮ [T1,Vsystem,n1,s1] 31  loaded 57 replicas
I250801 11:04:51.305494 611 kv/kvserver/kvstorage/init.go:576 ⋮ [T1,Vsystem,n1,s1] 32  verified 57/57 replicas
I250801 11:04:51.315774 611 kv/kvserver/store.go:2369 ⋮ [T1,Vsystem,n1,s1] 33  initialized 57/57 replicas
I250801 11:04:51.319379 611 server/node.go:690 ⋮ [T1,Vsystem,n1] 34  initialized store s1 in 32ms (57 replicas)
I250801 11:04:51.319400 594 1@server/server.go:1805 ⋮ [T1,Vsystem,n1] 35  node connected via gossip
I250801 11:04:51.319454 85 kv/kvserver/stores.go:261 ⋮ [T1,Vsystem,n1] 36  read 0 node addresses from persistent storage
I250801 11:04:51.320200 85 server/node.go:801 ⋮ [T1,Vsystem,n1] 37  started with attributes []
I250801 11:04:51.320298 85 server/goroutinedumper/goroutinedumper.go:117 ⋮ [T1,Vsystem,n1] 38  writing goroutine dumps to ‹/cockroach/cockroach-data/logs/goroutine_dump›
I250801 11:04:51.320376 85 server/profiler/heapprofiler.go:72 ⋮ [T1,Vsystem,n1] 39  writing go heap profiles to ‹/cockroach/cockroach-data/logs/heap_profiler› at least every 1h0m0s
I250801 11:04:51.320398 85 server/profiler/memory_monitoring_profiler.go:66 ⋮ [T1,Vsystem,n1] 40  writing memory monitoring dumps to ‹/cockroach/cockroach-data/logs/heap_profiler› at least every 1h0m0s
I250801 11:04:51.320407 85 server/profiler/cgoprofiler.go:66 ⋮ [T1,Vsystem,n1] 41  to enable jmalloc profiling: "export MALLOC_CONF=prof:true" or "ln -s prof:true /etc/malloc.conf"
I250801 11:04:51.320937 85 server/profiler/statsprofiler.go:68 ⋮ [T1,Vsystem,n1] 42  writing memory stats to ‹/cockroach/cockroach-data/logs/heap_profiler› at last every 1h0m0s
I250801 11:04:51.321635 666 kv/kvserver/storeliveness/support_manager.go:285 ⋮ [T1,Vsystem,n1,s1] 43  starting to heartbeat store {NodeID:1 StoreID:1}
I250801 11:04:51.321848 85 server/profiler/activequeryprofiler.go:88 ⋮ [T1,Vsystem,n1] 44  writing go query profiles to ‹/cockroach/cockroach-data/logs/heap_profiler›
I250801 11:04:51.322456 85 server/profiler/cpuprofiler.go:87 ⋮ [T1,Vsystem,n1] 45  writing cpu profile dumps to ‹/cockroach/cockroach-data/logs/pprof_dump›
I250801 11:04:51.323870 666 kv/kvserver/storeliveness/supporter_state.go:298 ⋮ [T1,Vsystem,n1,s1] 46  provided support for store {NodeID:1 StoreID:1}; old = {Target:{NodeID:1 StoreID:1} Epoch:71 Expiration:1754046261.402591553,0}, new = {Target:{NodeID:1 StoreID:1} Epoch:72 Expiration:1754046294.321668804,0}
I250801 11:04:51.324327 666 kv/kvserver/storeliveness/requester_state.go:425 ⋮ [T1,Vsystem,n1,s1] 47  received support from store {NodeID:1 StoreID:1}; old = {Target:{NodeID:1 StoreID:1} Epoch:72 Expiration:0,0}, new = {Target:{NodeID:1 StoreID:1} Epoch:72 Expiration:1754046294.321668804,0}
I250801 11:04:51.325249 85 1@server/server.go:1999 ⋮ [T1,Vsystem,n1] 48  starting http server at ‹[::]:8080› (use: ‹127.0.0.1:8080›)
I250801 11:04:51.325269 85 1@server/server.go:2007 ⋮ [T1,Vsystem,n1] 49  starting grpc/postgres server at ‹[::]:26257›
I250801 11:04:51.325281 85 1@server/server.go:2008 ⋮ [T1,Vsystem,n1] 50  advertising CockroachDB node at ‹127.0.0.1:26257›
I250801 11:04:51.346642 85 1@util/log/event_log.go:39 ⋮ [T1,Vsystem,n1] 51 ={"Timestamp":1754046291346623637,"EventType":"node_restart","NodeID":1,"StartedAt":1754046291286895221,"LastUp":1754046258003083969}
I250801 11:04:51.346893 873 kv/kvclient/rangefeed/rangefeedcache/watcher.go:340 ⋮ [T1,Vsystem,n1] 52  settings-watcher: established range feed cache
I250801 11:04:51.347289 871 kv/kvclient/rangefeed/rangefeedcache/watcher.go:340 ⋮ [T1,Vsystem,n1] 53  spanconfig-subscriber: established range feed cache
I250801 11:04:51.356884 85 sql/sqlliveness/slinstance/slinstance.go:435 ⋮ [T1,Vsystem,n1] 54  starting SQL liveness instance
I250801 11:04:51.366741 1191 sql/sqlliveness/slstorage/slstorage.go:540 ⋮ [T1,Vsystem,n1] 55  inserted sqlliveness session 0101804ea73f5d4eb6486888f7177d0515b6a8 with expiry 1754046331.356975929,0
I250801 11:04:51.366800 1191 sql/sqlliveness/slinstance/slinstance.go:247 ⋮ [T1,Vsystem,n1] 56  created new SQL liveness session 0101804ea73f5d4eb6486888f7177d0515b6a8
I250801 11:04:51.366829 85 sql/sqlinstance/instancestorage/instancestorage.go:338 ⋮ [T1,Vsystem,n1] 57  assigning instance id to rpc addr ‹127.0.0.1:26257› and sql addr ‹127.0.0.1:26257›
I250801 11:04:51.368780 85 server/server_sql.go:1618 ⋮ [T1,Vsystem,n1] 58  bound sqlinstance: Instance{RegionPrefix: gA==, InstanceID: 1, SQLAddr: ‹127.0.0.1:26257›, RPCAddr: ‹127.0.0.1:26257›, SessionID: 0101804ea73f5d4eb6486888f7177d0515b6a8, Locality: , BinaryVersion: 25.2}
I250801 11:04:51.369021 85 upgrade/upgrademanager/manager.go:171 ⋮ [T1,Vsystem,n1] 59  running permanent upgrades up to version: 25.2
I250801 11:04:51.369518 894 sql/sqlstats/persistedsqlstats/provider.go:159 ⋮ [T1,Vsystem,n1] 60  starting sql-stats-worker with initial delay: 9m14.545755303s
I250801 11:04:51.370010 891 sql/temporary_schema.go:506 ⋮ [T1,Vsystem,n1] 61  running temporary object cleanup background job
I250801 11:04:51.370374 1243 kv/kvclient/rangefeed/rangefeedcache/watcher.go:340 ⋮ [T1,Vsystem,n1] 62  system-config-cache: established range feed cache
I250801 11:04:51.371384 1270 kv/kvserver/replica_rangefeed.go:882 ⋮ [T1,Vsystem,n1,rangefeed=‹lease›,mux_n=1,gen=2,r6/1:‹/Table/{0-4}›,sm=1,sid=1,s1] 63  RangeFeed closed timestamp 1754041490.044537886,0 is behind by 1h20m1.326843335s (behind=1h20m1.326843335s target=3s nudge=true cancel=false)
I250801 11:04:51.378254 891 sql/temporary_schema.go:556 ⋮ [T1,Vsystem,n1] 64  found 0 temporary schemas
I250801 11:04:51.378281 891 sql/temporary_schema.go:559 ⋮ [T1,Vsystem,n1] 65  early exiting temporary schema cleaner as no temporary schemas were found
I250801 11:04:51.378287 891 sql/temporary_schema.go:560 ⋮ [T1,Vsystem,n1] 66  completed temporary object cleanup job
I250801 11:04:51.378304 891 sql/temporary_schema.go:641 ⋮ [T1,Vsystem,n1] 67  temporary object cleaner next scheduled to run at 2025-08-01 11:34:51.369745513 +0000 UTC m=+1806.367822004
I250801 11:04:51.399016 85 upgrade/upgrademanager/manager.go:233 ⋮ [T1,Vsystem,n1] 68  detected the last permanent upgrade (v0.0-upgrading-step-004) to have already completed; no permanent upgrades will run
I250801 11:04:51.399087 85 server/server_sql.go:1720 ⋮ [T1,Vsystem,n1] 69  done ensuring all necessary startup migrations have run
I250801 11:04:51.399881 85 server/license/enforcer.go:262 ⋮ [T1,Vsystem,n1] 70  trial license expiry initialized to 1970-01-01 00:00:00 +0000 UTC
I250801 11:04:51.399999 85 server/license/enforcer.go:298 ⋮ [T1,Vsystem,n1] 71  fetched existing cluster init grace period end time: 2025-08-05 14:00:31 +0000 UTC
I250801 11:04:51.400162 85 server/license/enforcer.go:498 ⋮ [T1,Vsystem,n1] 72  enforcer license updated: type is none, grace period ends at "2025-08-05 14:00:31 +0000 UTC", telemetry required: false
I250801 11:04:51.400181 85 server/license/enforcer.go:498 ⋮ [T1,Vsystem,n1] 73  enforcer license updated: type is none, grace period ends at "2025-08-05 14:00:31 +0000 UTC", telemetry required: false
I250801 11:04:51.428274 1485 sql/syntheticprivilegecache/cache.go:202 ⋮ [T1,Vsystem,n1] 74  warmed privileges for virtual tables in 26.1925ms
I250801 11:04:51.431079 1457 sql/catalog/lease/lease.go:2467 ⋮ [T1,Vsystem,n1] 75  released orphaned lease: ID=1 ver=1 expiration={0001-01-01 00:00:00 +0000 UTC}
I250801 11:04:51.431296 1557 sql/catalog/lease/lease.go:2467 ⋮ [T1,Vsystem,n1] 76  released orphaned lease: ID=6 ver=1 expiration={0001-01-01 00:00:00 +0000 UTC}
I250801 11:04:51.432098 1539 sql/catalog/lease/lease.go:2467 ⋮ [T1,Vsystem,n1] 77  released orphaned lease: ID=7 ver=1 expiration={0001-01-01 00:00:00 +0000 UTC}
I250801 11:04:51.432334 1554 sql/catalog/lease/lease.go:2467 ⋮ [T1,Vsystem,n1] 78  released orphaned lease: ID=3 ver=1 expiration={0001-01-01 00:00:00 +0000 UTC}
I250801 11:04:51.432488 1556 sql/catalog/lease/lease.go:2467 ⋮ [T1,Vsystem,n1] 79  released orphaned lease: ID=5 ver=1 expiration={0001-01-01 00:00:00 +0000 UTC}
I250801 11:04:51.432648 1555 sql/catalog/lease/lease.go:2467 ⋮ [T1,Vsystem,n1] 80  released orphaned lease: ID=4 ver=1 expiration={0001-01-01 00:00:00 +0000 UTC}
I250801 11:04:51.434541 1540 sql/catalog/lease/lease.go:2467 ⋮ [T1,Vsystem,n1] 81  released orphaned lease: ID=8 ver=1 expiration={0001-01-01 00:00:00 +0000 UTC}
I250801 11:04:51.434642 1541 sql/catalog/lease/lease.go:2467 ⋮ [T1,Vsystem,n1] 82  released orphaned lease: ID=9 ver=1 expiration={0001-01-01 00:00:00 +0000 UTC}
I250801 11:04:51.435186 1542 sql/catalog/lease/lease.go:2467 ⋮ [T1,Vsystem,n1] 83  released orphaned lease: ID=11 ver=1 expiration={0001-01-01 00:00:00 +0000 UTC}
I250801 11:04:51.435527 1422 jobs/job_scheduler.go:407 ⋮ [T1,Vsystem,n1] 84  waiting 2m0s before scheduled jobs daemon start
I250801 11:04:51.435658 1547 kv/kvclient/rangefeed/rangefeedcache/watcher.go:340 ⋮ [T1,Vsystem,n1] 85  tenant-settings-watcher: established range feed cache
I250801 11:04:51.435817 1549 kv/kvclient/rangefeed/rangefeedcache/watcher.go:340 ⋮ [T1,Vsystem,n1] 86  tenant-entry-watcher: established range feed cache
I250801 11:04:51.435958 1549 multitenant/tenantcapabilities/tenantcapabilitieswatcher/watcher.go:285 ⋮ [T1,Vsystem,n1] 87  received results of a full table scan for tenant capabilities
I250801 11:04:51.437824 1563 sql/catalog/lease/lease.go:2467 ⋮ [T1,Vsystem,n1] 88  released orphaned lease: ID=12 ver=1 expiration={0001-01-01 00:00:00 +0000 UTC}
I250801 11:04:51.438120 1564 sql/catalog/lease/lease.go:2467 ⋮ [T1,Vsystem,n1] 89  released orphaned lease: ID=13 ver=1 expiration={0001-01-01 00:00:00 +0000 UTC}
I250801 11:04:51.444587 1487 sql/catalog/lease/lease.go:2467 ⋮ [T1,Vsystem,n1] 90  released orphaned lease: ID=15 ver=1 expiration={0001-01-01 00:00:00 +0000 UTC}
I250801 11:04:51.444704 1565 sql/catalog/lease/lease.go:2467 ⋮ [T1,Vsystem,n1] 91  released orphaned lease: ID=19 ver=1 expiration={0001-01-01 00:00:00 +0000 UTC}
I250801 11:04:51.444827 1624 sql/catalog/lease/lease.go:2467 ⋮ [T1,Vsystem,n1] 92  released orphaned lease: ID=21 ver=1 expiration={0001-01-01 00:00:00 +0000 UTC}
I250801 11:04:51.445262 1584 sql/catalog/lease/lease.go:2467 ⋮ [T1,Vsystem,n1] 93  released orphaned lease: ID=20 ver=1 expiration={0001-01-01 00:00:00 +0000 UTC}
I250801 11:04:51.445594 1546 sql/catalog/lease/lease.go:2467 ⋮ [T1,Vsystem,n1] 94  released orphaned lease: ID=14 ver=1 expiration={0001-01-01 00:00:00 +0000 UTC}
I250801 11:04:51.447399 942 sql/catalog/lease/lease.go:2467 ⋮ [T1,Vsystem,n1] 95  released orphaned lease: ID=23 ver=1 expiration={0001-01-01 00:00:00 +0000 UTC}
I250801 11:04:51.447519 909 sql/catalog/lease/lease.go:2467 ⋮ [T1,Vsystem,n1] 96  released orphaned lease: ID=26 ver=1 expiration={0001-01-01 00:00:00 +0000 UTC}
I250801 11:04:51.447575 910 sql/catalog/lease/lease.go:2467 ⋮ [T1,Vsystem,n1] 97  released orphaned lease: ID=27 ver=1 expiration={0001-01-01 00:00:00 +0000 UTC}
I250801 11:04:51.447743 1672 sql/catalog/lease/lease.go:2467 ⋮ [T1,Vsystem,n1] 98  released orphaned lease: ID=24 ver=1 expiration={0001-01-01 00:00:00 +0000 UTC}
I250801 11:04:51.447758 943 sql/catalog/lease/lease.go:2467 ⋮ [T1,Vsystem,n1] 99  released orphaned lease: ID=25 ver=1 expiration={0001-01-01 00:00:00 +0000 UTC}
I250801 11:04:51.447840 85 server/license/enforcer.go:582 ⋮ [T1,Vsystem,n1] 100  disable all license enforcement
I250801 11:04:51.447867 85 1@server/server_sql.go:1971 ⋮ [T1,Vsystem,n1] 101  serving sql connections
I250801 11:04:51.449649 85 1@cli/start.go:1286 ⋮ [T1,Vsystem,n1] 102  node startup completed:
I250801 11:04:51.449649 85 1@cli/start.go:1286 ⋮ [T1,Vsystem,n1] 102 +CockroachDB node starting at 2025-08-01 11:04:51.449517596 +0000 UTC m=+6.447594046 (took 5.6s)
I250801 11:04:51.449649 85 1@cli/start.go:1286 ⋮ [T1,Vsystem,n1] 102 +build:               CCL v25.2.0 @ 2025/05/15 21:07:42 (go1.23.7 X:nocoverageredesign)
I250801 11:04:51.449649 85 1@cli/start.go:1286 ⋮ [T1,Vsystem,n1] 102 +malloc_conf:         prof:false,prof_active:true,background_thread:true,thp:never,metadata_thp:disabled,narenas:48,dirty_decay_ms:2000,muzzy_decay_ms:0
I250801 11:04:51.449649 85 1@cli/start.go:1286 ⋮ [T1,Vsystem,n1] 102 +webui:               ‹http://127.0.0.1:8080›
I250801 11:04:51.449649 85 1@cli/start.go:1286 ⋮ [T1,Vsystem,n1] 102 +sql:                 ‹postgresql://root@127.0.0.1:26257/defaultdb?sslmode=disable›
I250801 11:04:51.449649 85 1@cli/start.go:1286 ⋮ [T1,Vsystem,n1] 102 +sql (JDBC):          ‹jdbc:postgresql://127.0.0.1:26257/defaultdb?sslmode=disable&user=root›
I250801 11:04:51.449649 85 1@cli/start.go:1286 ⋮ [T1,Vsystem,n1] 102 +RPC client flags:    ‹/cockroach/cockroach <client cmd> --host=127.0.0.1:26257 --insecure›
I250801 11:04:51.449649 85 1@cli/start.go:1286 ⋮ [T1,Vsystem,n1] 102 +logs:                ‹/cockroach/cockroach-data/logs›
I250801 11:04:51.449649 85 1@cli/start.go:1286 ⋮ [T1,Vsystem,n1] 102 +temp dir:            ‹/cockroach/cockroach-data/cockroach-temp1658959453›
I250801 11:04:51.449649 85 1@cli/start.go:1286 ⋮ [T1,Vsystem,n1] 102 +external I/O path:   ‹/cockroach/cockroach-data/extern›
I250801 11:04:51.449649 85 1@cli/start.go:1286 ⋮ [T1,Vsystem,n1] 102 +store[0]:            ‹path=/cockroach/cockroach-data›
I250801 11:04:51.449649 85 1@cli/start.go:1286 ⋮ [T1,Vsystem,n1] 102 +clusterID:           ad7eb413-6f81-429f-8b5f-ee89af2e84c8
I250801 11:04:51.449649 85 1@cli/start.go:1286 ⋮ [T1,Vsystem,n1] 102 +status:              restarted pre-existing node
I250801 11:04:51.449649 85 1@cli/start.go:1286 ⋮ [T1,Vsystem,n1] 102 +nodeID:              1
I250801 11:04:51.454655 1505 sql/catalog/lease/lease.go:2467 ⋮ [T1,Vsystem,n1] 103  released orphaned lease: ID=31 ver=1 expiration={0001-01-01 00:00:00 +0000 UTC}
I250801 11:04:51.454688 1699 sql/catalog/lease/lease.go:2467 ⋮ [T1,Vsystem,n1] 104  released orphaned lease: ID=33 ver=1 expiration={0001-01-01 00:00:00 +0000 UTC}
I250801 11:04:51.454655 1503 sql/catalog/lease/lease.go:2467 ⋮ [T1,Vsystem,n1] 105  released orphaned lease: ID=28 ver=1 expiration={0001-01-01 00:00:00 +0000 UTC}
I250801 11:04:51.454721 1504 sql/catalog/lease/lease.go:2467 ⋮ [T1,Vsystem,n1] 106  released orphaned lease: ID=30 ver=1 expiration={0001-01-01 00:00:00 +0000 UTC}
I250801 11:04:51.454727 1698 sql/catalog/lease/lease.go:2467 ⋮ [T1,Vsystem,n1] 107  released orphaned lease: ID=32 ver=1 expiration={0001-01-01 00:00:00 +0000 UTC}
I250801 11:04:51.454963 1588 server/auto_upgrade.go:81 ⋮ [T1,Vsystem,n1] 108  no need to upgrade, cluster already at the newest version
I250801 11:04:51.457769 1750 sql/catalog/lease/lease.go:2467 ⋮ [T1,Vsystem,n1] 109  released orphaned lease: ID=39 ver=1 expiration={0001-01-01 00:00:00 +0000 UTC}
I250801 11:04:51.457759 1747 sql/catalog/lease/lease.go:2467 ⋮ [T1,Vsystem,n1] 110  released orphaned lease: ID=35 ver=1 expiration={0001-01-01 00:00:00 +0000 UTC}
I250801 11:04:51.458013 1746 sql/catalog/lease/lease.go:2467 ⋮ [T1,Vsystem,n1] 111  released orphaned lease: ID=34 ver=1 expiration={0001-01-01 00:00:00 +0000 UTC}
I250801 11:04:51.458021 1748 sql/catalog/lease/lease.go:2467 ⋮ [T1,Vsystem,n1] 112  released orphaned lease: ID=36 ver=1 expiration={0001-01-01 00:00:00 +0000 UTC}
I250801 11:04:51.458103 1749 sql/catalog/lease/lease.go:2467 ⋮ [T1,Vsystem,n1] 113  released orphaned lease: ID=37 ver=1 expiration={0001-01-01 00:00:00 +0000 UTC}
I250801 11:04:51.459781 1753 sql/catalog/lease/lease.go:2467 ⋮ [T1,Vsystem,n1] 114  released orphaned lease: ID=44 ver=1 expiration={0001-01-01 00:00:00 +0000 UTC}
I250801 11:04:51.459966 1751 sql/catalog/lease/lease.go:2467 ⋮ [T1,Vsystem,n1] 115  released orphaned lease: ID=40 ver=1 expiration={0001-01-01 00:00:00 +0000 UTC}
I250801 11:04:51.460107 1638 sql/catalog/lease/lease.go:2467 ⋮ [T1,Vsystem,n1] 116  released orphaned lease: ID=41 ver=1 expiration={0001-01-01 00:00:00 +0000 UTC}
I250801 11:04:51.460226 1752 sql/catalog/lease/lease.go:2467 ⋮ [T1,Vsystem,n1] 117  released orphaned lease: ID=43 ver=1 expiration={0001-01-01 00:00:00 +0000 UTC}
I250801 11:04:51.460329 1639 sql/catalog/lease/lease.go:2467 ⋮ [T1,Vsystem,n1] 118  released orphaned lease: ID=42 ver=1 expiration={0001-01-01 00:00:00 +0000 UTC}
I250801 11:04:51.462919 1641 sql/catalog/lease/lease.go:2467 ⋮ [T1,Vsystem,n1] 120  released orphaned lease: ID=46 ver=1 expiration={0001-01-01 00:00:00 +0000 UTC}
I250801 11:04:51.462957 1643 sql/catalog/lease/lease.go:2467 ⋮ [T1,Vsystem,n1] 121  released orphaned lease: ID=48 ver=1 expiration={0001-01-01 00:00:00 +0000 UTC}
I250801 11:04:51.462920 1644 sql/catalog/lease/lease.go:2467 ⋮ [T1,Vsystem,n1] 122  released orphaned lease: ID=50 ver=1 expiration={0001-01-01 00:00:00 +0000 UTC}
I250801 11:04:51.462976 1640 sql/catalog/lease/lease.go:2467 ⋮ [T1,Vsystem,n1] 123  released orphaned lease: ID=45 ver=1 expiration={0001-01-01 00:00:00 +0000 UTC}
I250801 11:04:51.462931 1642 sql/catalog/lease/lease.go:2467 ⋮ [T1,Vsystem,n1] 119  released orphaned lease: ID=47 ver=1 expiration={0001-01-01 00:00:00 +0000 UTC}
I250801 11:04:51.464998 1646 sql/catalog/lease/lease.go:2467 ⋮ [T1,Vsystem,n1] 124  released orphaned lease: ID=55 ver=1 expiration={0001-01-01 00:00:00 +0000 UTC}
I250801 11:04:51.465087 1645 sql/catalog/lease/lease.go:2467 ⋮ [T1,Vsystem,n1] 125  released orphaned lease: ID=54 ver=1 expiration={0001-01-01 00:00:00 +0000 UTC}
I250801 11:04:51.465207 1762 sql/catalog/lease/lease.go:2467 ⋮ [T1,Vsystem,n1] 126  released orphaned lease: ID=53 ver=1 expiration={0001-01-01 00:00:00 +0000 UTC}
I250801 11:04:51.465226 1664 sql/catalog/lease/lease.go:2467 ⋮ [T1,Vsystem,n1] 127  released orphaned lease: ID=51 ver=1 expiration={0001-01-01 00:00:00 +0000 UTC}
I250801 11:04:51.465297 1665 sql/catalog/lease/lease.go:2467 ⋮ [T1,Vsystem,n1] 128  released orphaned lease: ID=52 ver=1 expiration={0001-01-01 00:00:00 +0000 UTC}
I250801 11:04:51.466954 1767 sql/catalog/lease/lease.go:2467 ⋮ [T1,Vsystem,n1] 129  released orphaned lease: ID=58 ver=1 expiration={0001-01-01 00:00:00 +0000 UTC}
I250801 11:04:51.467224 1617 sql/catalog/lease/lease.go:2467 ⋮ [T1,Vsystem,n1] 130  released orphaned lease: ID=56 ver=1 expiration={0001-01-01 00:00:00 +0000 UTC}
I250801 11:04:51.467348 1766 sql/catalog/lease/lease.go:2467 ⋮ [T1,Vsystem,n1] 131  released orphaned lease: ID=57 ver=1 expiration={0001-01-01 00:00:00 +0000 UTC}
I250801 11:04:51.467414 1778 sql/catalog/lease/lease.go:2467 ⋮ [T1,Vsystem,n1] 132  released orphaned lease: ID=59 ver=1 expiration={0001-01-01 00:00:00 +0000 UTC}
I250801 11:04:51.467502 1779 sql/catalog/lease/lease.go:2467 ⋮ [T1,Vsystem,n1] 133  released orphaned lease: ID=60 ver=1 expiration={0001-01-01 00:00:00 +0000 UTC}
I250801 11:04:51.468760 1784 sql/catalog/lease/lease.go:2467 ⋮ [T1,Vsystem,n1] 135  released orphaned lease: ID=65 ver=1 expiration={0001-01-01 00:00:00 +0000 UTC}
I250801 11:04:51.468760 1780 sql/catalog/lease/lease.go:2467 ⋮ [T1,Vsystem,n1] 134  released orphaned lease: ID=61 ver=1 expiration={0001-01-01 00:00:00 +0000 UTC}
I250801 11:04:51.468787 1783 sql/catalog/lease/lease.go:2467 ⋮ [T1,Vsystem,n1] 136  released orphaned lease: ID=64 ver=1 expiration={0001-01-01 00:00:00 +0000 UTC}
I250801 11:04:51.468848 1781 sql/catalog/lease/lease.go:2467 ⋮ [T1,Vsystem,n1] 137  released orphaned lease: ID=62 ver=1 expiration={0001-01-01 00:00:00 +0000 UTC}
I250801 11:04:51.468917 1782 sql/catalog/lease/lease.go:2467 ⋮ [T1,Vsystem,n1] 138  released orphaned lease: ID=63 ver=1 expiration={0001-01-01 00:00:00 +0000 UTC}
I250801 11:04:51.472785 1789 sql/catalog/lease/lease.go:2467 ⋮ [T1,Vsystem,n1] 139  released orphaned lease: ID=67 ver=1 expiration={0001-01-01 00:00:00 +0000 UTC}
I250801 11:04:51.472785 1788 sql/catalog/lease/lease.go:2467 ⋮ [T1,Vsystem,n1] 140  released orphaned lease: ID=66 ver=1 expiration={0001-01-01 00:00:00 +0000 UTC}
I250801 11:04:51.472825 1716 sql/catalog/lease/lease.go:2467 ⋮ [T1,Vsystem,n1] 141  released orphaned lease: ID=68 ver=1 expiration={0001-01-01 00:00:00 +0000 UTC}
I250801 11:04:51.472838 1790 sql/catalog/lease/lease.go:2467 ⋮ [T1,Vsystem,n1] 142  released orphaned lease: ID=69 ver=1 expiration={0001-01-01 00:00:00 +0000 UTC}
I250801 11:04:51.472829 1717 sql/catalog/lease/lease.go:2467 ⋮ [T1,Vsystem,n1] 143  released orphaned lease: ID=70 ver=1 expiration={0001-01-01 00:00:00 +0000 UTC}
I250801 11:04:51.473974 1719 sql/catalog/lease/lease.go:2467 ⋮ [T1,Vsystem,n1] 144  released orphaned lease: ID=104 ver=1 expiration={0001-01-01 00:00:00 +0000 UTC}
I250801 11:04:51.474659 1649 sql/catalog/lease/lease.go:2467 ⋮ [T1,Vsystem,n1] 145  released orphaned lease: ID=71 ver=1 expiration={0001-01-01 00:00:00 +0000 UTC}
I250801 11:04:51.476882 1791 sql/catalog/lease/lease.go:2467 ⋮ [T1,Vsystem,n1] 146  released orphaned lease: ID=215 ver=6 expiration={0001-01-01 00:00:00 +0000 UTC}
I250801 11:04:51.477090 1720 sql/catalog/lease/lease.go:2467 ⋮ [T1,Vsystem,n1] 147  released orphaned lease: ID=105 ver=1 expiration={0001-01-01 00:00:00 +0000 UTC}
I250801 11:04:51.477160 1718 sql/catalog/lease/lease.go:2467 ⋮ [T1,Vsystem,n1] 148  released orphaned lease: ID=72 ver=1 expiration={0001-01-01 00:00:00 +0000 UTC}
I250801 11:04:51.478516 1755 sql/catalog/lease/lease.go:2467 ⋮ [T1,Vsystem,n1] 149  released orphaned lease: ID=217 ver=2 expiration={0001-01-01 00:00:00 +0000 UTC}
I250801 11:04:51.478717 1754 sql/catalog/lease/lease.go:2467 ⋮ [T1,Vsystem,n1] 150  released orphaned lease: ID=216 ver=1 expiration={0001-01-01 00:00:00 +0000 UTC}
I250801 11:04:51.478858 1723 sql/catalog/lease/lease.go:2467 ⋮ [T1,Vsystem,n1] 151  released orphaned lease: ID=220 ver=3 expiration={0001-01-01 00:00:00 +0000 UTC}
I250801 11:04:51.478884 1721 sql/catalog/lease/lease.go:2467 ⋮ [T1,Vsystem,n1] 152  released orphaned lease: ID=218 ver=2 expiration={0001-01-01 00:00:00 +0000 UTC}
I250801 11:04:51.479063 1722 sql/catalog/lease/lease.go:2467 ⋮ [T1,Vsystem,n1] 153  released orphaned lease: ID=219 ver=1 expiration={0001-01-01 00:00:00 +0000 UTC}
I250801 11:04:51.482635 1757 sql/catalog/lease/lease.go:2467 ⋮ [T1,Vsystem,n1] 154  released orphaned lease: ID=222 ver=4 expiration={0001-01-01 00:00:00 +0000 UTC}
I250801 11:04:51.482837 1724 sql/catalog/lease/lease.go:2467 ⋮ [T1,Vsystem,n1] 155  released orphaned lease: ID=224 ver=4 expiration={0001-01-01 00:00:00 +0000 UTC}
I250801 11:04:51.482778 1756 sql/catalog/lease/lease.go:2467 ⋮ [T1,Vsystem,n1] 156  released orphaned lease: ID=221 ver=1 expiration={0001-01-01 00:00:00 +0000 UTC}
I250801 11:04:51.482911 1725 sql/catalog/lease/lease.go:2467 ⋮ [T1,Vsystem,n1] 157  released orphaned lease: ID=225 ver=1 expiration={0001-01-01 00:00:00 +0000 UTC}
I250801 11:04:51.483709 1629 sql/catalog/lease/lease.go:2467 ⋮ [T1,Vsystem,n1] 158  released orphaned lease: ID=223 ver=1 expiration={0001-01-01 00:00:00 +0000 UTC}
I250801 11:04:51.484578 1796 sql/catalog/lease/lease.go:2467 ⋮ [T1,Vsystem,n1] 159  released orphaned lease: ID=229 ver=3 expiration={0001-01-01 00:00:00 +0000 UTC}
I250801 11:04:51.484626 1630 sql/catalog/lease/lease.go:2467 ⋮ [T1,Vsystem,n1] 160  released orphaned lease: ID=226 ver=3 expiration={0001-01-01 00:00:00 +0000 UTC}
I250801 11:04:51.484643 1794 sql/catalog/lease/lease.go:2467 ⋮ [T1,Vsystem,n1] 161  released orphaned lease: ID=227 ver=1 expiration={0001-01-01 00:00:00 +0000 UTC}
I250801 11:04:51.485819 1795 sql/catalog/lease/lease.go:2467 ⋮ [T1,Vsystem,n1] 162  released orphaned lease: ID=228 ver=2 expiration={0001-01-01 00:00:00 +0000 UTC}
I250801 11:04:51.485951 1768 sql/catalog/lease/lease.go:2467 ⋮ [T1,Vsystem,n1] 163  released orphaned lease: ID=230 ver=1 expiration={0001-01-01 00:00:00 +0000 UTC}
I250801 11:04:51.485936 1769 sql/catalog/lease/lease.go:2467 ⋮ [T1,Vsystem,n1] 164  released orphaned lease: ID=231 ver=2 expiration={0001-01-01 00:00:00 +0000 UTC}
I250801 11:04:52.165594 610 1@gossip/gossip.go:1476 ⋮ [T1,Vsystem,n1] 165  node has connected to cluster via gossip
I250801 11:04:52.165914 610 kv/kvserver/stores.go:280 ⋮ [T1,Vsystem,n1] 166  wrote 0 node addresses to persistent storage
I250801 11:04:52.822850 1423 server/diagnostics/update_checker.go:144 ⋮ [T1,Vsystem,n1] 167  a new version is available: ‹25.2.3›, details: ‹https://www.cockroachlabs.com/docs/releases/v25.2#v25-2-3›
I250801 11:05:19.871297 1241 jobs/adopt.go:105 ⋮ [T1,Vsystem,n1] 168  claimed 10 jobs
I250801 11:05:19.875150 2441 jobs/adopt.go:224 ⋮ [T1,Vsystem,n1,job=1094372062343659521] 169  job 1094372062343659521: resuming execution
I250801 11:05:19.875440 2434 jobs/adopt.go:224 ⋮ [T1,Vsystem,n1,job=1094355495470661633] 171  job 1094355495470661633: resuming execution
I250801 11:05:19.875383 2436 jobs/adopt.go:224 ⋮ [T1,Vsystem,n1,job=1094357441866694657] 170  job 1094357441866694657: resuming execution
I250801 11:05:19.875403 2401 jobs/adopt.go:224 ⋮ [T1,Vsystem,n1,job=1094355494683377665] 172  job 1094355494683377665: resuming execution
I250801 11:05:19.875468 2438 jobs/adopt.go:224 ⋮ [T1,Vsystem,n1,job=1094355495212515329] 173  job 1094355495212515329: resuming execution
I250801 11:05:19.875626 2439 jobs/adopt.go:224 ⋮ [T1,Vsystem,n1,job=1094355495730085889] 174  job 1094355495730085889: resuming execution
I250801 11:05:19.875839 2437 jobs/adopt.go:224 ⋮ [T1,Vsystem,n1,job=1094355494958628865] 175  job 1094355494958628865: resuming execution
I250801 11:05:19.875818 2435 jobs/adopt.go:224 ⋮ [T1,Vsystem,n1,job=1094355869288693761] 176  job 1094355869288693761: resuming execution
I250801 11:05:19.875980 2400 jobs/adopt.go:224 ⋮ [T1,Vsystem,n1,job=1094355494090735617] 177  job 1094355494090735617: resuming execution
I250801 11:05:19.876058 2440 jobs/adopt.go:224 ⋮ [T1,Vsystem,n1,job=1094360134705610753] 178  job 1094360134705610753: resuming execution
I250801 11:05:19.893939 2504 jobs/registry.go:1681 ⋮ [T1,Vsystem,n1,job=1094357441866694657] 180  CHANGEFEED job 1094357441866694657: stepping through state running
I250801 11:05:19.893805 2150 jobs/registry.go:1681 ⋮ [T1,Vsystem,n1,job=1094355494958628865] 179  SCHEMA CHANGE GC job 1094355494958628865: stepping through state running
I250801 11:05:19.893987 2433 jobs/registry.go:1681 ⋮ [T1,Vsystem,n1,job=1094355495730085889] 182  SCHEMA CHANGE GC job 1094355495730085889: stepping through state running
I250801 11:05:19.893951 2411 jobs/registry.go:1681 ⋮ [T1,Vsystem,n1,job=1094355494683377665] 181  SCHEMA CHANGE GC job 1094355494683377665: stepping through state running
I250801 11:05:19.894158 2452 jobs/registry.go:1681 ⋮ [T1,Vsystem,n1,job=1094372062343659521] 183  AUTO SQL STATS COMPACTION job 1094372062343659521: stepping through state running
I250801 11:05:19.893806 2410 jobs/registry.go:1681 ⋮ [T1,Vsystem,n1,job=1094355495212515329] 184  SCHEMA CHANGE GC job 1094355495212515329: stepping through state running
I250801 11:05:19.894216 2127 jobs/registry.go:1681 ⋮ [T1,Vsystem,n1,job=1094355869288693761] 185  CHANGEFEED job 1094355869288693761: stepping through state running
I250801 11:05:19.893806 2126 jobs/registry.go:1681 ⋮ [T1,Vsystem,n1,job=1094355494090735617] 186  SCHEMA CHANGE GC job 1094355494090735617: stepping through state running
I250801 11:05:19.893815 2469 jobs/registry.go:1681 ⋮ [T1,Vsystem,n1,job=1094360134705610753] 187  CHANGEFEED job 1094360134705610753: stepping through state running
I250801 11:05:19.893837 2432 jobs/registry.go:1681 ⋮ [T1,Vsystem,n1,job=1094355495470661633] 188  SCHEMA CHANGE GC job 1094355495470661633: stepping through state running
I250801 11:05:19.912183 2533 ccl/changefeedccl/changefeed_dist.go:414 ⋮ [T1,Vsystem,n1,job=CHANGEFEED id=1094357441866694657] 189  using bulk oracle for DistSQL planning
I250801 11:05:19.914935 2486 ccl/changefeedccl/changefeed_dist.go:414 ⋮ [T1,Vsystem,n1,job=CHANGEFEED id=1094355869288693761] 190  using bulk oracle for DistSQL planning
I250801 11:05:19.915296 2517 ccl/changefeedccl/changefeed_dist.go:414 ⋮ [T1,Vsystem,n1,job=CHANGEFEED id=1094360134705610753] 191  using bulk oracle for DistSQL planning
I250801 11:05:19.922629 2533 ccl/changefeedccl/changefeed_dist.go:577 ⋮ [T1,Vsystem,n1,job=CHANGEFEED id=1094357441866694657] 192  changefeed plan diagram: ‹https://cockroachdb.github.io/distsqlplan/decode.html#eJyUkd-rmzAUx9_3V8h5jmhiGmueOnYZ9GG7Y7uwh4uM1JzaMGtcEumG-L8PdT_aQgt9PD_8fD-eDOB_NCChOqi2xj2ilhFNC56tcs7pWghRcLHKgUBrNX5UR_QgX4FCSaBztkLvrZtaw7yw1T9BpgRM2_VhapcEKusQ5ADBhAZBwrs56m1dO6xVsC5JgYDGoEwzs7-qUB3QR6-0lFHyonYNJowVyUBjNkI5ErB9-I_3QdUIkp75bJ9ApiN5VOm9s20w6BJ6KfTcBxltGNlkZMNvCrArAfqIwGf0nW09XgTfSkqvkmI6lgRQ17g8hLe9q_CTs9W8u5TPM2huaPRhmdKl2LZ_Rz44VMd_9zsn0bskdo9UEtg39vTNaJCQ7VLUgq7jtSiKmLM8ixUXPM4Fo0WRYyr4CqYPVO2nE3052NOMffnVTT-4V41HAh_Ud3zCgO5oWuODqf5MxvHN7wAAAP__FNzojw==›
I250801 11:05:19.922733 2486 ccl/changefeedccl/changefeed_dist.go:577 ⋮ [T1,Vsystem,n1,job=CHANGEFEED id=1094355869288693761] 193  changefeed plan diagram: ‹https://cockroachdb.github.io/distsqlplan/decode.html#eJyUkd-rmzAUx9_3V8h5jmii9Zo8dewy6MN2x3ZhD0VGNEcbZo1LIt0Q__eh7kdbaKGP54ef78eTEdyPFgRUB9k1WCMqEdCYp8lmk2ec5XnGk6eMAoHOKPwoj-hA7IFCQaC3pkLnjJ1b47KwUz9BxAR01w9-bhcEKmMRxAhe-xZBwLsl6m3TWGykNzaKgYBCL3W7sL9KXx3QBXtaiCB6lWWLEWM8GmnIJigmAmbw__HOywZB0DOf3TOIeCKPKr23pvMabUQvhV4GL4ItI9uEbNObAuxKgD4i8BldbzqHF8G3kuKrpJBOBQFUDa4P4cxgK_xkTbXsruXLAloaCp1fp3Qtdt3fkfMW5fHf_c5J9C6J3SMVBOrWnL5pBQKyUm6ylMeh5FSFaV7mYVkiCxPOsvypTmPFJcwfyMbNJ_pyMKcF-_qrn3-wlq1DAh_kd3xGj_aoO-28rv5MpunN7wAAAP__cpvppw==›
I250801 11:05:19.923292 2517 ccl/changefeedccl/changefeed_dist.go:577 ⋮ [T1,Vsystem,n1,job=CHANGEFEED id=1094360134705610753] 194  changefeed plan diagram: ‹https://cockroachdb.github.io/distsqlplan/decode.html#eJyUkcuK2zAUhvd9CnPWMpbky2CtUjoUsmintANdBFMU6dgRdSxXkkmL8bsX270kgQSyPBd__-ejEfyPFgSog-warBG1iBgts7SgLM2eaF4w-pSnQKCzGj_KI3oQO2BQEeidVei9dXNrXBa2-icISsB0_RDmdkVAWYcgRggmtAgC3i1Rb5vGYSODdQkFAhqDNO3C_iqDOqCPdqwSUfIq9y0mnJfJyGI-QTURsEP4j_dBNgiCnflsn0HQiTyq9N7ZLhh0CbsUehmCiDacbFKyyW4K8CsB9ojAZ_S97TxeBN9KoldJMZsqAqgbXB_C28Ep_OSsWnbX8mUBLQ2NPqxTthbb7u_IB4fy-O9-5yR2l8TvkSoCdWtP34wGAYh6z2mNsSpTHmd5rmOZKRkzioXKc6aLsoT5A9n4-URfDva0YF9_9fMP1rL1SOCD_I7PGNAdTWd8MOrPZJre_A4AAP__R23qBw==›
I250801 11:05:19.925049 2480 ccl/changefeedccl/sink_kafka_v2.go:246 ⋮ [-] 195  updating kafka metadata for topics: [‹users_changes›]
I250801 11:05:19.925046 2309 ccl/changefeedccl/sink_kafka_v2.go:246 ⋮ [-] 196  updating kafka metadata for topics: [‹users_changes›]
I250801 11:05:19.925048 2458 ccl/changefeedccl/sink_kafka_v2.go:246 ⋮ [-] 197  updating kafka metadata for topics: [‹users_changes›]
I250801 11:05:19.936026 2309 ccl/changefeedccl/sink_kafka_v2.go:246 ⋮ [-] 198  updating kafka metadata for topics: [‹users_changes›]
I250801 11:05:19.936583 2458 ccl/changefeedccl/sink_kafka_v2.go:246 ⋮ [-] 199  updating kafka metadata for topics: [‹users_changes›]
I250801 11:05:19.936596 2771 ccl/changefeedccl/kvfeed/kv_feed.go:332 ⋮ [T1,Vsystem,n1,job=1094357441866694657,change-aggregator] 200  kv feed run starting
I250801 11:05:19.936639 2791 ccl/changefeedccl/kvfeed/kv_feed.go:332 ⋮ [T1,Vsystem,n1,job=1094360134705610753,change-aggregator] 201  kv feed run starting
I250801 11:05:19.937094 2480 ccl/changefeedccl/sink_kafka_v2.go:246 ⋮ [-] 202  updating kafka metadata for topics: [‹users_changes›]
I250801 11:05:19.937615 2588 ccl/changefeedccl/kvfeed/kv_feed.go:332 ⋮ [T1,Vsystem,n1,job=1094355869288693761,change-aggregator] 203  kv feed run starting
I250801 11:05:19.948908 2452 1@jobs/structured_log.go:49 ⋮ [T1,Vsystem,n1,job=1094372062343659521] 204 ={"Timestamp":1754046319948838887,"EventType":"status_change","JobID":1094372062343659521,"JobType":"AUTO SQL STATS COMPACTION","Description":"state changed to: running","PreviousStatus":"running","NewStatus":"running","RunNum":0}
I250801 11:05:19.949012 2452 sql/compact_sql_stats.go:37 ⋮ [T1,Vsystem,n1,job=AUTO SQL STATS COMPACTION id=1094372062343659521] 205  starting sql stats compaction job
I250801 11:05:19.950236 2524 github.com/twmb/franz-go/pkg/kgo/logger.go:123 ⋮ [T1,Vsystem,n1,job=1094357441866694657,change-aggregator] 206  kafka(kgo): INFO immediate metadata update triggered ‹why›=‹forced load because we are producing to a topic for the first time›
I250801 11:05:19.950385 2460 github.com/twmb/franz-go/pkg/kgo/logger.go:123 ⋮ [T1,Vsystem,n1,job=1094360134705610753,change-aggregator] 207  kafka(kgo): INFO immediate metadata update triggered ‹why›=‹forced load because we are producing to a topic for the first time›
I250801 11:05:19.950813 2701 github.com/twmb/franz-go/pkg/kgo/logger.go:123 ⋮ [T1,Vsystem,n1,job=1094360134705610753,change-aggregator] 208  kafka(kgo): INFO producing to a new topic for the first time, fetching metadata to learn its partitions ‹topic›=‹users_changes›
I250801 11:05:19.950866 2732 github.com/twmb/franz-go/pkg/kgo/logger.go:123 ⋮ [T1,Vsystem,n1,job=1094357441866694657,change-aggregator] 209  kafka(kgo): INFO producing to a new topic for the first time, fetching metadata to learn its partitions ‹topic›=‹users_changes›
I250801 11:05:19.954930 2877 github.com/twmb/franz-go/pkg/kgo/logger.go:123 ⋮ [T1,Vsystem,n1,job=1094355869288693761,change-aggregator] 210  kafka(kgo): INFO producing to a new topic for the first time, fetching metadata to learn its partitions ‹topic›=‹users_changes›
I250801 11:05:19.954965 2626 github.com/twmb/franz-go/pkg/kgo/logger.go:123 ⋮ [T1,Vsystem,n1,job=1094355869288693761,change-aggregator] 211  kafka(kgo): INFO immediate metadata update triggered ‹why›=‹forced load because we are producing to a topic for the first time›
I250801 11:05:19.957408 2524 github.com/twmb/franz-go/pkg/kgo/logger.go:123 ⋮ [T1,Vsystem,n1,job=1094357441866694657,change-aggregator] 212  kafka(kgo): INFO metadata update triggered ‹why›=‹reload trigger due to produce topic still not known›
I250801 11:05:19.957484 2732 github.com/twmb/franz-go/pkg/kgo/logger.go:123 ⋮ [T1,Vsystem,n1,job=1094357441866694657,change-aggregator] 213  kafka(kgo): INFO done waiting for metadata for new topic ‹topic›=‹users_changes›
I250801 11:05:19.957586 2843 github.com/twmb/franz-go/pkg/kgo/logger.go:123 ⋮ [T1,Vsystem,n1,job=1094357441866694657,change-aggregator] 214  kafka(kgo): INFO skipping producer id initialization because the client was configured to disable idempotent writes
I250801 11:05:19.957858 2460 github.com/twmb/franz-go/pkg/kgo/logger.go:123 ⋮ [T1,Vsystem,n1,job=1094360134705610753,change-aggregator] 215  kafka(kgo): INFO metadata update triggered ‹why›=‹reload trigger due to produce topic still not known›
I250801 11:05:19.957874 2701 github.com/twmb/franz-go/pkg/kgo/logger.go:123 ⋮ [T1,Vsystem,n1,job=1094360134705610753,change-aggregator] 216  kafka(kgo): INFO done waiting for metadata for new topic ‹topic›=‹users_changes›
I250801 11:05:19.957882 2947 github.com/twmb/franz-go/pkg/kgo/logger.go:123 ⋮ [T1,Vsystem,n1,job=1094360134705610753,change-aggregator] 217  kafka(kgo): INFO skipping producer id initialization because the client was configured to disable idempotent writes
I250801 11:05:19.959931 2877 github.com/twmb/franz-go/pkg/kgo/logger.go:123 ⋮ [T1,Vsystem,n1,job=1094355869288693761,change-aggregator] 218  kafka(kgo): INFO done waiting for metadata for new topic ‹topic›=‹users_changes›
I250801 11:05:19.960004 2862 github.com/twmb/franz-go/pkg/kgo/logger.go:123 ⋮ [T1,Vsystem,n1,job=1094355869288693761,change-aggregator] 219  kafka(kgo): INFO skipping producer id initialization because the client was configured to disable idempotent writes
I250801 11:05:19.970260 2126 sql/gcjob/gc_job_utils.go:273 ⋮ [T1,Vsystem,n1,job=SCHEMA CHANGE GC id=1094355494090735617] 220  updated progress status: deleting data, payload: ‹tables:<id:212 status:WAITING_FOR_MVCC_GC > tables:<id:213 status:WAITING_FOR_MVCC_GC > ranges_unsplit_done:true ›
I250801 11:05:19.970806 2150 sql/gcjob/gc_job_utils.go:273 ⋮ [T1,Vsystem,n1,job=SCHEMA CHANGE GC id=1094355494958628865] 221  updated progress status: deleting data, payload: ‹tables:<id:198 status:WAITING_FOR_MVCC_GC > tables:<id:199 status:WAITING_FOR_MVCC_GC > ranges_unsplit_done:true ›
I250801 11:05:19.971042 2411 sql/gcjob/gc_job_utils.go:273 ⋮ [T1,Vsystem,n1,job=SCHEMA CHANGE GC id=1094355494683377665] 222  updated progress status: deleting data, payload: ‹tables:<id:205 status:WAITING_FOR_MVCC_GC > tables:<id:206 status:WAITING_FOR_MVCC_GC > ranges_unsplit_done:true ›
I250801 11:05:19.970598 2432 sql/gcjob/gc_job_utils.go:273 ⋮ [T1,Vsystem,n1,job=SCHEMA CHANGE GC id=1094355495470661633] 223  updated progress status: deleting data, payload: ‹tables:<id:209 status:WAITING_FOR_MVCC_GC > tables:<id:210 status:WAITING_FOR_MVCC_GC > ranges_unsplit_done:true ›
I250801 11:05:19.970655 2410 sql/gcjob/gc_job_utils.go:273 ⋮ [T1,Vsystem,n1,job=SCHEMA CHANGE GC id=1094355495212515329] 224  updated progress status: deleting data, payload: ‹tables:<id:203 status:WAITING_FOR_MVCC_GC > tables:<id:204 status:WAITING_FOR_MVCC_GC > ranges_unsplit_done:true ›
I250801 11:05:19.971691 2433 sql/gcjob/gc_job_utils.go:273 ⋮ [T1,Vsystem,n1,job=SCHEMA CHANGE GC id=1094355495730085889] 225  updated progress status: deleting data, payload: ‹tables:<id:207 status:WAITING_FOR_MVCC_GC > tables:<id:208 status:WAITING_FOR_MVCC_GC > ranges_unsplit_done:true ›
I250801 11:05:19.972357 2432 sql/gcjob/table_garbage_collection.go:203 ⋮ [T1,Vsystem,n1,job=SCHEMA CHANGE GC id=1094355495470661633] 226  deleting data for table 209
I250801 11:05:19.972541 2411 sql/gcjob/table_garbage_collection.go:203 ⋮ [T1,Vsystem,n1,job=SCHEMA CHANGE GC id=1094355494683377665] 227  deleting data for table 205
I250801 11:05:19.972628 2150 sql/gcjob/table_garbage_collection.go:203 ⋮ [T1,Vsystem,n1,job=SCHEMA CHANGE GC id=1094355494958628865] 228  deleting data for table 198
I250801 11:05:19.972359 2126 sql/gcjob/table_garbage_collection.go:203 ⋮ [T1,Vsystem,n1,job=SCHEMA CHANGE GC id=1094355494090735617] 229  deleting data for table 212
I250801 11:05:19.972407 2433 sql/gcjob/table_garbage_collection.go:203 ⋮ [T1,Vsystem,n1,job=SCHEMA CHANGE GC id=1094355495730085889] 230  deleting data for table 207
I250801 11:05:19.972490 2410 sql/gcjob/table_garbage_collection.go:203 ⋮ [T1,Vsystem,n1,job=SCHEMA CHANGE GC id=1094355495212515329] 231  deleting data for table 203
I250801 11:05:19.976606 2126 sql/gcjob/table_garbage_collection.go:203 ⋮ [T1,Vsystem,n1,job=SCHEMA CHANGE GC id=1094355494090735617] 232  deleting data for table 213
I250801 11:05:19.977703 2432 sql/gcjob/table_garbage_collection.go:203 ⋮ [T1,Vsystem,n1,job=SCHEMA CHANGE GC id=1094355495470661633] 233  deleting data for table 210
I250801 11:05:19.978403 2150 sql/gcjob/table_garbage_collection.go:203 ⋮ [T1,Vsystem,n1,job=SCHEMA CHANGE GC id=1094355494958628865] 234  deleting data for table 199
I250801 11:05:19.978656 2411 sql/gcjob/table_garbage_collection.go:203 ⋮ [T1,Vsystem,n1,job=SCHEMA CHANGE GC id=1094355494683377665] 235  deleting data for table 206
I250801 11:05:19.980228 2433 sql/gcjob/table_garbage_collection.go:203 ⋮ [T1,Vsystem,n1,job=SCHEMA CHANGE GC id=1094355495730085889] 236  deleting data for table 208
I250801 11:05:19.980530 2410 sql/gcjob/table_garbage_collection.go:203 ⋮ [T1,Vsystem,n1,job=SCHEMA CHANGE GC id=1094355495212515329] 237  deleting data for table 204
I250801 11:05:20.000795 2410 sql/gcjob/gc_job_utils.go:273 ⋮ [T1,Vsystem,n1,job=SCHEMA CHANGE GC id=1094355495212515329] 238  updated progress status: waiting for MVCC GC, payload: ‹tables:<id:203 status:WAITING_FOR_MVCC_GC > tables:<id:204 status:WAITING_FOR_MVCC_GC > ranges_unsplit_done:true ›
I250801 11:05:20.000880 2432 sql/gcjob/gc_job_utils.go:273 ⋮ [T1,Vsystem,n1,job=SCHEMA CHANGE GC id=1094355495470661633] 239  updated progress status: waiting for MVCC GC, payload: ‹tables:<id:209 status:WAITING_FOR_MVCC_GC > tables:<id:210 status:WAITING_FOR_MVCC_GC > ranges_unsplit_done:true ›
I250801 11:05:20.001160 2411 sql/gcjob/gc_job_utils.go:273 ⋮ [T1,Vsystem,n1,job=SCHEMA CHANGE GC id=1094355494683377665] 240  updated progress status: waiting for MVCC GC, payload: ‹tables:<id:205 status:WAITING_FOR_MVCC_GC > tables:<id:206 status:WAITING_FOR_MVCC_GC > ranges_unsplit_done:true ›
I250801 11:05:20.001537 2433 sql/gcjob/gc_job_utils.go:273 ⋮ [T1,Vsystem,n1,job=SCHEMA CHANGE GC id=1094355495730085889] 241  updated progress status: waiting for MVCC GC, payload: ‹tables:<id:207 status:WAITING_FOR_MVCC_GC > tables:<id:208 status:WAITING_FOR_MVCC_GC > ranges_unsplit_done:true ›
I250801 11:05:20.001734 2150 sql/gcjob/gc_job_utils.go:273 ⋮ [T1,Vsystem,n1,job=SCHEMA CHANGE GC id=1094355494958628865] 242  updated progress status: waiting for MVCC GC, payload: ‹tables:<id:198 status:WAITING_FOR_MVCC_GC > tables:<id:199 status:WAITING_FOR_MVCC_GC > ranges_unsplit_done:true ›
I250801 11:05:20.001970 2126 sql/gcjob/gc_job_utils.go:273 ⋮ [T1,Vsystem,n1,job=SCHEMA CHANGE GC id=1094355494090735617] 243  updated progress status: waiting for MVCC GC, payload: ‹tables:<id:212 status:WAITING_FOR_MVCC_GC > tables:<id:213 status:WAITING_FOR_MVCC_GC > ranges_unsplit_done:true ›
I250801 11:05:20.068043 2452 sql/compact_sql_stats.go:101 ⋮ [T1,Vsystem,n1,job=AUTO SQL STATS COMPACTION id=1094372062343659521] 244  sql stats compaction job terminated with status = succeeded
I250801 11:05:20.069264 2452 jobs/registry.go:1681 ⋮ [T1,Vsystem,n1,job=1094372062343659521] 245  AUTO SQL STATS COMPACTION job 1094372062343659521: stepping through state succeeded
I250801 11:05:20.076085 2452 1@jobs/structured_log.go:49 ⋮ [T1,Vsystem,n1,job=1094372062343659521] 246 ={"Timestamp":1754046320076082095,"EventType":"status_change","JobID":1094372062343659521,"JobType":"AUTO SQL STATS COMPACTION","Description":"state changed to: succeeded","PreviousStatus":"running","NewStatus":"succeeded","RunNum":0}
I250801 11:05:49.404067 1241 jobs/adopt.go:105 ⋮ [T1,Vsystem,n1] 247  claimed 9 jobs
I250801 11:05:49.410561 3891 jobs/adopt.go:224 ⋮ [T1,Vsystem,n1,job=103] 248  job 103: resuming execution
I250801 11:05:49.411675 3678 jobs/adopt.go:224 ⋮ [T1,Vsystem,n1,job=1094355493113135105] 249  job 1094355493113135105: resuming execution
I250801 11:05:49.411846 3675 jobs/adopt.go:224 ⋮ [T1,Vsystem,n1,job=100] 250  job 100: resuming execution
I250801 11:05:49.411861 3676 jobs/adopt.go:224 ⋮ [T1,Vsystem,n1,job=1094355493482135553] 251  job 1094355493482135553: resuming execution
I250801 11:05:49.411945 3680 jobs/adopt.go:224 ⋮ [T1,Vsystem,n1,job=1093557394742509569] 252  job 1093557394742509569: resuming execution
I250801 11:05:49.412008 3681 jobs/adopt.go:224 ⋮ [T1,Vsystem,n1,job=104] 253  job 104: resuming execution
I250801 11:05:49.412097 3890 jobs/adopt.go:224 ⋮ [T1,Vsystem,n1,job=101] 254  job 101: resuming execution
I250801 11:05:49.412151 3677 jobs/adopt.go:224 ⋮ [T1,Vsystem,n1,job=105] 255  job 105: resuming execution
I250801 11:05:49.412285 3679 jobs/adopt.go:224 ⋮ [T1,Vsystem,n1,job=1094355493774852097] 256  job 1094355493774852097: resuming execution
I250801 11:05:49.415108 3834 jobs/registry.go:1681 ⋮ [T1,Vsystem,n1,job=1094355493113135105] 257  SCHEMA CHANGE GC job 1094355493113135105: stepping through state running
I250801 11:05:49.415575 3897 jobs/registry.go:1681 ⋮ [T1,Vsystem,n1,job=100] 258  KEY VISUALIZER job 100: stepping through state running
I250801 11:05:49.415582 3907 jobs/registry.go:1681 ⋮ [T1,Vsystem,n1,job=104] 259  MVCC STATISTICS UPDATE job 104: stepping through state running
I250801 11:05:49.415610 3880 jobs/registry.go:1681 ⋮ [T1,Vsystem,n1,job=1093557394742509569] 260  AUTO SPAN CONFIG RECONCILIATION job 1093557394742509569: stepping through state running
I250801 11:05:49.415837 3051 jobs/registry.go:1681 ⋮ [T1,Vsystem,n1,job=103] 261  AUTO UPDATE SQL ACTIVITY job 103: stepping through state running
I250801 11:05:49.416012 3689 jobs/registry.go:1681 ⋮ [T1,Vsystem,n1,job=101] 262  POLL JOBS STATS job 101: stepping through state running
I250801 11:05:49.416284 3302 jobs/registry.go:1681 ⋮ [T1,Vsystem,n1,job=105] 263  UPDATE TABLE METADATA CACHE job 105: stepping through state running
I250801 11:05:49.416620 2689 jobs/registry.go:1681 ⋮ [T1,Vsystem,n1,job=1094355493774852097] 264  SCHEMA CHANGE GC job 1094355493774852097: stepping through state running
I250801 11:05:49.417219 3845 jobs/registry.go:1681 ⋮ [T1,Vsystem,n1,job=1094355493482135553] 265  SCHEMA CHANGE GC job 1094355493482135553: stepping through state running
I250801 11:05:49.417735 3907 sql/mvcc_statistics_update_job.go:63 ⋮ [T1,Vsystem,n1,job=MVCC STATISTICS UPDATE id=104] 266  starting mvcc statistics update job
I250801 11:05:49.418273 3051 sql/sql_activity_update_job.go:88 ⋮ [T1,Vsystem,n1,job=AUTO UPDATE SQL ACTIVITY id=103] 267  starting sql stats activity flush job
I250801 11:05:49.427399 2689 sql/gcjob/gc_job_utils.go:273 ⋮ [T1,Vsystem,n1,job=SCHEMA CHANGE GC id=1094355493774852097] 268  updated progress status: deleting data, payload: ‹tables:<id:211 status:WAITING_FOR_MVCC_GC > ranges_unsplit_done:true ›
I250801 11:05:49.427658 3845 sql/gcjob/gc_job_utils.go:273 ⋮ [T1,Vsystem,n1,job=SCHEMA CHANGE GC id=1094355493482135553] 269  updated progress status: deleting data, payload: ‹tables:<id:201 status:WAITING_FOR_MVCC_GC > tables:<id:202 status:WAITING_FOR_MVCC_GC > ranges_unsplit_done:true ›
I250801 11:05:49.428382 2689 sql/gcjob/table_garbage_collection.go:203 ⋮ [T1,Vsystem,n1,job=SCHEMA CHANGE GC id=1094355493774852097] 270  deleting data for table 211
I250801 11:05:49.429137 3845 sql/gcjob/table_garbage_collection.go:203 ⋮ [T1,Vsystem,n1,job=SCHEMA CHANGE GC id=1094355493482135553] 271  deleting data for table 201
I250801 11:05:49.430456 3834 sql/gcjob/gc_job_utils.go:273 ⋮ [T1,Vsystem,n1,job=SCHEMA CHANGE GC id=1094355493113135105] 272  updated progress status: deleting data, payload: ‹tables:<id:200 status:WAITING_FOR_MVCC_GC > ranges_unsplit_done:true ›
I250801 11:05:49.430758 3845 sql/gcjob/table_garbage_collection.go:203 ⋮ [T1,Vsystem,n1,job=SCHEMA CHANGE GC id=1094355493482135553] 273  deleting data for table 202
I250801 11:05:49.430867 3834 sql/gcjob/table_garbage_collection.go:203 ⋮ [T1,Vsystem,n1,job=SCHEMA CHANGE GC id=1094355493113135105] 274  deleting data for table 200
I250801 11:05:49.444431 3845 sql/gcjob/gc_job_utils.go:273 ⋮ [T1,Vsystem,n1,job=SCHEMA CHANGE GC id=1094355493482135553] 275  updated progress status: waiting for MVCC GC, payload: ‹tables:<id:201 status:WAITING_FOR_MVCC_GC > tables:<id:202 status:WAITING_FOR_MVCC_GC > ranges_unsplit_done:true ›
I250801 11:05:49.444643 3834 sql/gcjob/gc_job_utils.go:273 ⋮ [T1,Vsystem,n1,job=SCHEMA CHANGE GC id=1094355493113135105] 276  updated progress status: waiting for MVCC GC, payload: ‹tables:<id:200 status:WAITING_FOR_MVCC_GC > ranges_unsplit_done:true ›
I250801 11:05:49.444658 2689 sql/gcjob/gc_job_utils.go:273 ⋮ [T1,Vsystem,n1,job=SCHEMA CHANGE GC id=1094355493774852097] 277  updated progress status: waiting for MVCC GC, payload: ‹tables:<id:211 status:WAITING_FOR_MVCC_GC > ranges_unsplit_done:true ›
I250801 11:05:49.460517 3880 spanconfig/spanconfigsqlwatcher/sqlwatcher.go:241 ⋮ [T1,Vsystem,n1,job=AUTO SPAN CONFIG RECONCILIATION id=1093557394742509569] 278  established range feed over system.descriptors starting at time 1754046349.428638178,0
I250801 11:05:49.460658 3880 spanconfig/spanconfigsqlwatcher/sqlwatcher.go:300 ⋮ [T1,Vsystem,n1,job=AUTO SPAN CONFIG RECONCILIATION id=1093557394742509569] 279  established range feed over system.zones starting at time 1754046349.428638178,0
I250801 11:05:49.460691 3880 spanconfig/spanconfigsqlwatcher/sqlwatcher.go:401 ⋮ [T1,Vsystem,n1,job=AUTO SPAN CONFIG RECONCILIATION id=1093557394742509569] 280  established range feed over system.protected_ts_records starting at time 1754046349.428638178,0
E250801 11:05:51.407385 3211 sql/stats/automatic_stats.go:509 ⋮ [T1,Vsystem,n1] 281  failed to get table descriptor for automatic stats on table id: 208: descriptor is being dropped
E250801 11:05:51.408212 3211 sql/stats/automatic_stats.go:509 ⋮ [T1,Vsystem,n1] 282  failed to get table descriptor for automatic stats on table id: 211: descriptor is being dropped
E250801 11:05:51.418132 3211 sql/stats/automatic_stats.go:509 ⋮ [T1,Vsystem,n1] 283  failed to get table descriptor for automatic stats on table id: 199: descriptor is being dropped
E250801 11:05:51.420313 3211 sql/stats/automatic_stats.go:509 ⋮ [T1,Vsystem,n1] 284  failed to get table descriptor for automatic stats on table id: 204: descriptor is being dropped
E250801 11:05:51.430984 3211 sql/stats/automatic_stats.go:509 ⋮ [T1,Vsystem,n1] 285  failed to get table descriptor for automatic stats on table id: 201: descriptor is being dropped
E250801 11:05:51.435385 3211 sql/stats/automatic_stats.go:509 ⋮ [T1,Vsystem,n1] 286  failed to get table descriptor for automatic stats on table id: 209: descriptor is being dropped
E250801 11:05:51.440201 3211 sql/stats/automatic_stats.go:509 ⋮ [T1,Vsystem,n1] 287  failed to get table descriptor for automatic stats on table id: 203: descriptor is being dropped
E250801 11:05:51.440995 3211 sql/stats/automatic_stats.go:509 ⋮ [T1,Vsystem,n1] 288  failed to get table descriptor for automatic stats on table id: 210: descriptor is being dropped
E250801 11:05:51.441766 3211 sql/stats/automatic_stats.go:509 ⋮ [T1,Vsystem,n1] 289  failed to get table descriptor for automatic stats on table id: 213: descriptor is being dropped
I250801 11:05:51.460653 4331 1@jobs/structured_log.go:49 ⋮ [T1,Vsystem,n1] 290 ={"Timestamp":1754046351460648804,"EventType":"status_change","JobID":1094372397697368065,"JobType":"AUTO CREATE PARTIAL STATS","Description":"state changed to: running","PreviousStatus":"running","NewStatus":"running","RunNum":0}
I250801 11:05:51.463844 4331 sql/distsql_plan_stats.go:209 ⋮ [T1,Vsystem,n1,job=AUTO CREATE PARTIAL STATS id=1094372397697368065,create-stats-distsql] 291  using computed sample size of 10000 for histogram construction
I250801 11:05:51.472970 4331 sql/distsql_plan_stats.go:209 ⋮ [T1,Vsystem,n1,job=AUTO CREATE PARTIAL STATS id=1094372397697368065,create-stats-distsql] 292  using computed sample size of 10000 for histogram construction
I250801 11:05:51.480583 4331 sql/distsql_plan_stats.go:209 ⋮ [T1,Vsystem,n1,job=AUTO CREATE PARTIAL STATS id=1094372397697368065,create-stats-distsql] 293  using computed sample size of 10000 for histogram construction
I250801 11:05:51.487795 4331 sql/distsql_plan_stats.go:209 ⋮ [T1,Vsystem,n1,job=AUTO CREATE PARTIAL STATS id=1094372397697368065,create-stats-distsql] 294  using computed sample size of 10000 for histogram construction
I250801 11:05:51.516003 4331 1@jobs/structured_log.go:49 ⋮ [T1,Vsystem,n1] 295 ={"Timestamp":1754046351515999013,"EventType":"status_change","JobID":1094372397697368065,"JobType":"AUTO CREATE PARTIAL STATS","Description":"state changed to: succeeded","PreviousStatus":"running","NewStatus":"succeeded","RunNum":0}
E250801 11:05:51.527236 3211 sql/stats/automatic_stats.go:509 ⋮ [T1,Vsystem,n1] 296  failed to get table descriptor for automatic stats on table id: 205: descriptor is being dropped
E250801 11:05:51.528158 3211 sql/stats/automatic_stats.go:509 ⋮ [T1,Vsystem,n1] 297  failed to get table descriptor for automatic stats on table id: 212: descriptor is being dropped
E250801 11:05:51.529712 3211 sql/stats/automatic_stats.go:509 ⋮ [T1,Vsystem,n1] 298  failed to get table descriptor for automatic stats on table id: 207: descriptor is being dropped
E250801 11:05:51.532741 3211 sql/stats/automatic_stats.go:509 ⋮ [T1,Vsystem,n1] 299  failed to get table descriptor for automatic stats on table id: 202: descriptor is being dropped
E250801 11:05:51.540676 3211 sql/stats/automatic_stats.go:509 ⋮ [T1,Vsystem,n1] 300  failed to get table descriptor for automatic stats on table id: 200: descriptor is being dropped
E250801 11:05:51.542708 3211 sql/stats/automatic_stats.go:509 ⋮ [T1,Vsystem,n1] 301  failed to get table descriptor for automatic stats on table id: 198: descriptor is being dropped
E250801 11:05:51.543331 3211 sql/stats/automatic_stats.go:509 ⋮ [T1,Vsystem,n1] 302  failed to get table descriptor for automatic stats on table id: 206: descriptor is being dropped
I250801 11:09:51.594289 9999 1@jobs/structured_log.go:49 ⋮ [T1,Vsystem,n1] 303 ={"Timestamp":1754046591594285221,"EventType":"status_change","JobID":1094373184540311553,"JobType":"AUTO CREATE PARTIAL STATS","Description":"state changed to: running","PreviousStatus":"running","NewStatus":"running","RunNum":0}
I250801 11:09:51.597398 9999 sql/distsql_plan_stats.go:209 ⋮ [T1,Vsystem,n1,job=AUTO CREATE PARTIAL STATS id=1094373184540311553,create-stats-distsql] 304  using computed sample size of 10000 for histogram construction
I250801 11:09:51.631930 9999 1@jobs/structured_log.go:49 ⋮ [T1,Vsystem,n1] 305 ={"Timestamp":1754046591631926096,"EventType":"status_change","JobID":1094373184540311553,"JobType":"AUTO CREATE PARTIAL STATS","Description":"state changed to: succeeded","PreviousStatus":"running","NewStatus":"succeeded","RunNum":0}
I250801 11:11:51.656272 12727 1@jobs/structured_log.go:49 ⋮ [T1,Vsystem,n1] 306 ={"Timestamp":1754046711656269638,"EventType":"status_change","JobID":1094373577981493249,"JobType":"AUTO CREATE PARTIAL STATS","Description":"state changed to: running","PreviousStatus":"running","NewStatus":"running","RunNum":0}
I250801 11:11:51.658937 12727 sql/distsql_plan_stats.go:209 ⋮ [T1,Vsystem,n1,job=AUTO CREATE PARTIAL STATS id=1094373577981493249,create-stats-distsql] 307  using computed sample size of 10000 for histogram construction
I250801 11:11:51.686814 12727 1@jobs/structured_log.go:49 ⋮ [T1,Vsystem,n1] 308 ={"Timestamp":1754046711686812554,"EventType":"status_change","JobID":1094373577981493249,"JobType":"AUTO CREATE PARTIAL STATS","Description":"state changed to: succeeded","PreviousStatus":"running","NewStatus":"succeeded","RunNum":0}
I250801 11:13:31.368264 818 server/status/runtime_jemalloc.go:226 ⋮ [T1,Vsystem,n1] 309  jemalloc arenas purged (took 78.333µs)
I250801 11:15:30.814641 1 1@cli/start.go:993 ⋮ [T1,Vsystem,n1] 310  received signal 'terminated'
I250801 11:15:30.816304 1 1@cli/start.go:1034 ⋮ [T1,Vsystem,n1] 311  initiating graceful shutdown of server
I250801 11:15:30.819361 17756 server/drain.go:353 ⋮ [T1,Vsystem,n1,server drain process,call-graceful-drain] 312  all tenant servers stopped
I250801 11:15:30.819510 17756 1@server/drain.go:399 ⋮ [T1,Vsystem,n1,server drain process,call-graceful-drain] 313  waiting for health probes to notice that the node is not ready for new sql connections
I250801 11:15:31.369593 818 server/status/runtime_jemalloc.go:226 ⋮ [T1,Vsystem,n1] 314  jemalloc arenas purged (took 130.541µs)
I250801 11:15:33.086715 3051 sql/sql_activity_update_job.go:250 ⋮ [T1,Vsystem,n1,job=AUTO UPDATE SQL ACTIVITY id=103] 315  sql stats activity found no rows at 2025-08-01 11:00:00 +0000 UTC
I250801 11:15:33.821339 17765 1@server/drain.go:513 ⋮ [T1,Vsystem,n1,server drain process,call-graceful-drain] 316  number of open connections: 0
I250801 11:15:35.818121 17757 1@cli/start.go:1046 ⋮ [T1,Vsystem,n1] 317  389 running tasks
I250801 11:15:40.817922 17757 1@cli/start.go:1046 ⋮ [T1,Vsystem,n1] 318  389 running tasks
W250801 11:15:40.820460 1239 jobs/registry.go:1069 ⋮ [T1,Vsystem,n1] 319  canceling all adopted jobs due to graceful drain request
I250801 11:15:40.820461 1480 sql/stats/automatic_stats.go:694 ⋮ [T1,Vsystem,n1] 320  draining auto stats refresher
I250801 11:15:40.820532 1481 sql/stats/automatic_stats.go:745 ⋮ [T1,Vsystem,n1] 321  draining stats garbage collector
W250801 11:15:40.822579 4115 kv/kvclient/kvcoord/dist_sender_mux_rangefeed.go:406 ⋮ [T1,Vsystem,n1,job=AUTO SPAN CONFIG RECONCILIATION id=1093557394742509569,rangefeed=‹sql-watcher-descriptor-rangefeed›,mux_n=1,gen=2] 322  error closing mux rangefeed client: context canceled
W250801 11:15:40.823907 2816 kv/kvclient/kvcoord/dist_sender_mux_rangefeed.go:406 ⋮ [T1,Vsystem,n1,job=1094360134705610753,change-aggregator,mux_n=1,gen=2] 323  error closing mux rangefeed client: context canceled
E250801 11:15:40.831637 2605 ccl/changefeedccl/kvfeed/kv_feed.go:158 ⋮ [T1,Vsystem,n1,job=1094360134705610753,change-aggregator] 330  stopping kv feed due to error: context canceled
I250801 11:15:40.824273 3051 jobs/registry.go:1681 ⋮ [T1,Vsystem,n1,job=103] 324  AUTO UPDATE SQL ACTIVITY job 103: stepping through state succeeded
W250801 11:15:40.824587 4112 kv/kvclient/kvcoord/dist_sender_mux_rangefeed.go:406 ⋮ [T1,Vsystem,n1,job=AUTO SPAN CONFIG RECONCILIATION id=1093557394742509569,rangefeed=‹sql-watcher-protected-ts-records-rangefeed›,mux_n=1,gen=2] 325  error closing mux rangefeed client: context canceled
W250801 11:15:40.824988 2869 kv/kvclient/kvcoord/dist_sender_mux_rangefeed.go:406 ⋮ [T1,Vsystem,n1,job=1094355869288693761,change-aggregator,mux_n=1,gen=2] 326  error closing mux rangefeed client: context canceled
W250801 11:15:40.825398 4118 kv/kvclient/kvcoord/dist_sender_mux_rangefeed.go:406 ⋮ [T1,Vsystem,n1,job=AUTO SPAN CONFIG RECONCILIATION id=1093557394742509569,rangefeed=‹sql-watcher-zones-rangefeed›,mux_n=1,gen=2] 327  error closing mux rangefeed client: context canceled
W250801 11:15:40.828873 2882 kv/kvclient/kvcoord/dist_sender_mux_rangefeed.go:406 ⋮ [T1,Vsystem,n1,job=1094357441866694657,change-aggregator,mux_n=1,gen=2] 328  error closing mux rangefeed client: context canceled
I250801 11:15:40.830401 3897 jobs/registry.go:1681 ⋮ [T1,Vsystem,n1,job=100] 329  KEY VISUALIZER job 100: stepping through state succeeded
I250801 11:15:40.837723 2469 ccl/changefeedccl/changefeed_stmt.go:1466 ⋮ [T1,Vsystem,n1,job=CHANGEFEED id=1094360134705610753] 333  CHANGEFEED 1094360134705610753 shutting down (cause: context canceled)
W250801 11:15:40.838072 2469 ccl/changefeedccl/changefeed_stmt.go:1335 ⋮ [T1,Vsystem,n1,job=CHANGEFEED id=1094360134705610753] 334  job failed (context canceled)
E250801 11:15:40.837079 2739 ccl/changefeedccl/kvfeed/kv_feed.go:158 ⋮ [T1,Vsystem,n1,job=1094355869288693761,change-aggregator] 331  stopping kv feed due to error: context canceled
I250801 11:15:40.839381 2127 ccl/changefeedccl/changefeed_stmt.go:1466 ⋮ [T1,Vsystem,n1,job=CHANGEFEED id=1094355869288693761] 335  CHANGEFEED 1094355869288693761 shutting down (cause: context canceled)
W250801 11:15:40.839476 2127 ccl/changefeedccl/changefeed_stmt.go:1335 ⋮ [T1,Vsystem,n1,job=CHANGEFEED id=1094355869288693761] 336  job failed (context canceled)
E250801 11:15:40.837209 2633 ccl/changefeedccl/kvfeed/kv_feed.go:158 ⋮ [T1,Vsystem,n1,job=1094357441866694657,change-aggregator] 332  stopping kv feed due to error: context canceled
I250801 11:15:40.840946 2504 ccl/changefeedccl/changefeed_stmt.go:1466 ⋮ [T1,Vsystem,n1,job=CHANGEFEED id=1094357441866694657] 337  CHANGEFEED 1094357441866694657 shutting down (cause: context canceled)
W250801 11:15:40.841067 2504 ccl/changefeedccl/changefeed_stmt.go:1335 ⋮ [T1,Vsystem,n1,job=CHANGEFEED id=1094357441866694657] 338  job failed (context canceled)
I250801 11:15:40.841967 17756 sql/sqlstats/persistedsqlstats/provider.go:122 ⋮ [T1,Vsystem,n1,server drain process,call-graceful-drain] 339  stopping persisted SQL stats tasks
I250801 11:15:40.842284 17756 sql/sqlstats/persistedsqlstats/provider.go:128 ⋮ [T1,Vsystem,n1,server drain process,call-graceful-drain] 340  persisted SQL stats tasks successfully shut down
I250801 11:15:40.842343 17756 sql/stats/automatic_stats.go:516 ⋮ [T1,Vsystem,n1,server drain process,call-graceful-drain] 341  starting to wait for auto-stats tasks to shut down
I250801 11:15:40.842412 17756 sql/stats/automatic_stats.go:519 ⋮ [T1,Vsystem,n1,server drain process,call-graceful-drain] 342  auto-stats tasks successfully shut down
I250801 11:15:40.842464 17756 jobs/registry.go:2060 ⋮ [T1,Vsystem,n1,server drain process,call-graceful-drain] 343  starting to wait for job registry to shut down
I250801 11:15:40.842507 17756 jobs/registry.go:2063 ⋮ [T1,Vsystem,n1,server drain process,call-graceful-drain] 344  job registry tasks successfully shut down
