I250801 01:05:52.115801 82 util/log/file_sync_buffer.go:237 ⋮ [config]   file created at: 2025/08/01 01:05:52
I250801 01:05:52.115819 82 util/log/file_sync_buffer.go:237 ⋮ [config]   running on machine: ‹7a4a39d22f00›
I250801 01:05:52.115829 82 util/log/file_sync_buffer.go:237 ⋮ [config]   binary: CockroachDB CCL v25.2.0 (aarch64-unknown-linux-gnu, built 2025/05/15 21:07:42, go1.23.7 X:nocoverageredesign)
I250801 01:05:52.115834 82 util/log/file_sync_buffer.go:237 ⋮ [config]   arguments: [‹/cockroach/cockroach› ‹start-single-node› ‹--certs-dir=certs› ‹--advertise-addr=127.0.0.1:26257› ‹--insecure› ‹--http-addr=0.0.0.0:8080›]
I250801 01:05:52.115843 82 util/log/file_sync_buffer.go:237 ⋮ [config]   log format (utf8=✓): crdb-v2
I250801 01:05:52.115847 82 util/log/file_sync_buffer.go:237 ⋮ [config]   line format: [IWEF]yymmdd hh:mm:ss.uuuuuu goid [chan@]file:line redactionmark \[tags\] [counter] msg
I250801 01:05:52.112550 82 3@pebble/objstorage/objstorageprovider/remote.go:102 ⋮ [n?,s?,pebble] 1  remote storage configured; creatorID = 1
I250801 01:05:52.199323 82 3@pebble/open.go:1054 ⋮ [n?,s?,pebble] 2  [JOB ‹1›] WAL ‹001022: {(/cockroach/cockroach-data,000)}› stopped reading at offset: (‹/cockroach/cockroach-data/001022.log›: 7781479); replayed 24608 keys in 743 batches
I250801 01:05:52.199598 99 3@pebble/event.go:1011 ⋮ [n?,s?,pebble] 3  [JOB 2] flushing 6 memtables (8.3MB) to L0
I250801 01:05:52.201866 99 3@pebble/event.go:1039 ⋮ [n?,s?,pebble] 4  [JOB 2] flushing: sstable created 001034
I250801 01:05:52.243623 99 3@pebble/event.go:1039 ⋮ [n?,s?,pebble] 5  [JOB 2] flushing: sstable created 001035
I250801 01:05:52.261731 99 3@pebble/event.go:1031 ⋮ [n?,s?,pebble] 6  [JOB 2] MANIFEST created 001036
I250801 01:05:52.261905 99 3@pebble/event.go:1015 ⋮ [n?,s?,pebble] 7  [JOB 2] flushed 6 memtables (8.3MB) to L0 [001034 001035] (172KB), in 0.0s (0.1s total), output rate 3.4MB/s
I250801 01:05:52.269746 97 3@pebble/event.go:1063 ⋮ [n?,s?,pebble] 8  [JOB 2] WAL deleted 001009
I250801 01:05:52.271633 97 3@pebble/event.go:1063 ⋮ [n?,s?,pebble] 9  [JOB 2] WAL deleted 001019
I250801 01:05:52.273745 82 3@pebble/event.go:1059 ⋮ [n?,s?,pebble] 10  [JOB 1] WAL created 001037
I250801 01:05:52.274527 97 3@pebble/event.go:1063 ⋮ [n?,s?,pebble] 11  [JOB 2] WAL deleted 001020
I250801 01:05:52.275522 97 3@pebble/event.go:1063 ⋮ [n?,s?,pebble] 12  [JOB 2] WAL deleted 001021
I250801 01:05:52.278692 97 3@pebble/event.go:1063 ⋮ [n?,s?,pebble] 13  [JOB 2] WAL deleted 001022
I250801 01:05:52.293898 107 3@pebble/event.go:999 ⋮ [n?,s?,pebble] 14  [JOB 3] compacting(default) L0 [001034] (150KB) Score=2.39 + L6 [001025 001026 001027 001028 001029] (17MB) Score=0.42; OverlappingRatio: Single 117.48, Multi 0.00
I250801 01:05:52.361942 110 3@pebble/event.go:1051 ⋮ [n?,s?,pebble] 15  [JOB 5] all initial table stats loaded
I250801 01:05:52.370961 107 3@pebble/event.go:1039 ⋮ [n?,s?,pebble] 16  [JOB 3] compacting: sstable created 001039
I250801 01:05:53.564799 107 3@pebble/event.go:1039 ⋮ [n?,s?,pebble] 17  [JOB 3] compacting: sstable created 001040
I250801 01:05:55.051413 107 3@pebble/event.go:1039 ⋮ [n?,s?,pebble] 18  [JOB 3] compacting: sstable created 001041
I250801 01:05:56.810619 107 3@pebble/event.go:1039 ⋮ [n?,s?,pebble] 19  [JOB 3] compacting: sstable created 001042
I250801 01:05:58.660342 107 3@pebble/event.go:1039 ⋮ [n?,s?,pebble] 20  [JOB 3] compacting: sstable created 001043
I250801 01:05:59.064117 107 3@pebble/event.go:1003 ⋮ [n?,s?,pebble] 21  [JOB 3] compacted(default) L0 [001034] (150KB) Score=2.39 + L6 [001025 001026 001027 001028 001029] (17MB) Score=0.42 -> L6 [001039 001040 001041 001042 001043] (17MB), in 6.8s (6.8s total), output rate 2.5MB/s
I250801 01:05:59.092335 59 3@pebble/event.go:999 ⋮ [n?,s?,pebble] 22  [JOB 6] compacting(default) L0 [001035] (22KB) Score=2.39 + L6 [001030 001031 001032] (9.6MB) Score=0.42; OverlappingRatio: Single 453.21, Multi 0.00
I250801 01:05:59.094616 97 3@pebble/event.go:1043 ⋮ [n?,s?,pebble] 23  [JOB 3] sstable deleted 001025
I250801 01:05:59.100092 97 3@pebble/event.go:1043 ⋮ [n?,s?,pebble] 24  [JOB 3] sstable deleted 001026
I250801 01:05:59.103737 97 3@pebble/event.go:1043 ⋮ [n?,s?,pebble] 25  [JOB 3] sstable deleted 001027
I250801 01:05:59.132216 97 3@pebble/event.go:1043 ⋮ [n?,s?,pebble] 26  [JOB 3] sstable deleted 001028
I250801 01:05:59.138242 97 3@pebble/event.go:1043 ⋮ [n?,s?,pebble] 27  [JOB 3] sstable deleted 001029
I250801 01:05:59.144229 97 3@pebble/event.go:1043 ⋮ [n?,s?,pebble] 28  [JOB 3] sstable deleted 001034
I250801 01:05:59.147298 97 3@pebble/event.go:1035 ⋮ [n?,s?,pebble] 29  [JOB 1] MANIFEST deleted 000983
I250801 01:05:59.175215 59 3@pebble/event.go:1039 ⋮ [n?,s?,pebble] 30  [JOB 6] compacting: sstable created 001044
I250801 01:05:59.275258 82 3@pebble/event.go:1031 ⋮ [n?,s?,pebble] 31  [JOB 1] MANIFEST created 000001
I250801 01:05:59.294769 82 3@pebble/event.go:1059 ⋮ [n?,s?,pebble] 32  [JOB 1] WAL created 000002
I250801 01:05:59.303484 82 3@pebble/event.go:1027 ⋮ [n?,s?,pebble] 33  upgraded to format version: 014
I250801 01:05:59.314220 82 3@pebble/event.go:1027 ⋮ [n?,s?,pebble] 34  upgraded to format version: 015
I250801 01:05:59.324028 82 3@pebble/event.go:1027 ⋮ [n?,s?,pebble] 35  upgraded to format version: 016
I250801 01:05:59.348369 82 3@pebble/event.go:1027 ⋮ [n?,s?,pebble] 36  upgraded to format version: 017
I250801 01:05:59.362632 82 3@pebble/event.go:1027 ⋮ [n?,s?,pebble] 37  upgraded to format version: 018
I250801 01:05:59.368030 82 3@pebble/event.go:1027 ⋮ [n?,s?,pebble] 38  upgraded to format version: 019
I250801 01:05:59.381984 149 3@pebble/event.go:1051 ⋮ [n?,s?,pebble] 39  [JOB 2] all initial table stats loaded
I250801 01:06:00.025270 59 3@pebble/event.go:1039 ⋮ [n1,s1,pebble] 40  [JOB 6] compacting: sstable created 001045
I250801 01:06:00.675013 59 3@pebble/event.go:1039 ⋮ [n1,s1,pebble] 41  [JOB 6] compacting: sstable created 001046
I250801 01:06:00.947083 59 3@pebble/event.go:1003 ⋮ [n1,s1,pebble] 42  [JOB 6] compacted(default) L0 [001035] (22KB) Score=2.39 + L6 [001030 001031 001032] (9.6MB) Score=0.42 -> L6 [001044 001045 001046] (9.5MB), in 1.9s (1.9s total), output rate 5.1MB/s
I250801 01:06:00.950330 97 3@pebble/event.go:1043 ⋮ [n1,s1,pebble] 43  [JOB 6] sstable deleted 001030
I250801 01:06:00.951238 97 3@pebble/event.go:1043 ⋮ [n1,s1,pebble] 44  [JOB 6] sstable deleted 001031
I250801 01:06:00.951770 97 3@pebble/event.go:1043 ⋮ [n1,s1,pebble] 45  [JOB 6] sstable deleted 001032
I250801 01:06:00.952766 97 3@pebble/event.go:1043 ⋮ [n1,s1,pebble] 46  [JOB 6] sstable deleted 001035
I250801 01:06:20.019607 802 3@kv/kvserver/store.go:3801 ⋮ [T1,Vsystem,n1,s1] 47  Pebble metrics:
I250801 01:06:20.019607 802 3@kv/kvserver/store.go:3801 ⋮ [T1,Vsystem,n1,s1] 47 +      |                             |       |       |   ingested   |     moved    |    written   |       |    amp
I250801 01:06:20.019607 802 3@kv/kvserver/store.go:3801 ⋮ [T1,Vsystem,n1,s1] 47 +level | tables  size val-bl vtables | score |   in  | tables  size | tables  size | tables  size |  read |   r   w
I250801 01:06:20.019607 802 3@kv/kvserver/store.go:3801 ⋮ [T1,Vsystem,n1,s1] 47 +------+-----------------------------+-------+-------+--------------+--------------+--------------+-------+---------
I250801 01:06:20.019607 802 3@kv/kvserver/store.go:3801 ⋮ [T1,Vsystem,n1,s1] 47 +    0 |     0     0B     0B       0 |  0.00 | 7.4MB |     0     0B |     0     0B |     2  172KB |    0B |   0  0.0
I250801 01:06:20.019607 802 3@kv/kvserver/store.go:3801 ⋮ [T1,Vsystem,n1,s1] 47 +    1 |     0     0B     0B       0 |  0.00 |    0B |     0     0B |     0     0B |     0     0B |    0B |   0  0.0
I250801 01:06:20.019607 802 3@kv/kvserver/store.go:3801 ⋮ [T1,Vsystem,n1,s1] 47 +    2 |     0     0B     0B       0 |  0.00 |    0B |     0     0B |     0     0B |     0     0B |    0B |   0  0.0
I250801 01:06:20.019607 802 3@kv/kvserver/store.go:3801 ⋮ [T1,Vsystem,n1,s1] 47 +    3 |     0     0B     0B       0 |  0.00 |    0B |     0     0B |     0     0B |     0     0B |    0B |   0  0.0
I250801 01:06:20.019607 802 3@kv/kvserver/store.go:3801 ⋮ [T1,Vsystem,n1,s1] 47 +    4 |     0     0B     0B       0 |  0.00 |    0B |     0     0B |     0     0B |     0     0B |    0B |   0  0.0
I250801 01:06:20.019607 802 3@kv/kvserver/store.go:3801 ⋮ [T1,Vsystem,n1,s1] 47 +    5 |     0     0B     0B       0 |  0.00 |    0B |     0     0B |     0     0B |     0     0B |    0B |   0  0.0
I250801 01:06:20.019607 802 3@kv/kvserver/store.go:3801 ⋮ [T1,Vsystem,n1,s1] 47 +    6 |     8   27MB  554KB       0 |     - | 172KB |     0     0B |     0     0B |     8   27MB |  27MB |   1  159
I250801 01:06:20.019607 802 3@kv/kvserver/store.go:3801 ⋮ [T1,Vsystem,n1,s1] 47 +total |     8   27MB  554KB       0 |     - | 9.8MB |     0     0B |     0     0B |    10   37MB |  27MB |   1  3.7
I250801 01:06:20.019607 802 3@kv/kvserver/store.go:3801 ⋮ [T1,Vsystem,n1,s1] 47 +-------------------------------------------------------------------------------------------------------------------
I250801 01:06:20.019607 802 3@kv/kvserver/store.go:3801 ⋮ [T1,Vsystem,n1,s1] 47 +WAL: 1 files (2.4MB)  in: 2.3MB  written: 9.8MB (317% overhead)
I250801 01:06:20.019607 802 3@kv/kvserver/store.go:3801 ⋮ [T1,Vsystem,n1,s1] 47 +Flushes: 1
I250801 01:06:20.019607 802 3@kv/kvserver/store.go:3801 ⋮ [T1,Vsystem,n1,s1] 47 +Compactions: 2  estimated debt: 0B  in progress: 0 (0B)
I250801 01:06:20.019607 802 3@kv/kvserver/store.go:3801 ⋮ [T1,Vsystem,n1,s1] 47 +             default: 2  delete: 0  elision: 0  move: 0  read: 0  tombstone-density: 0  rewrite: 0  copy: 0  multi-level: 0
I250801 01:06:20.019607 802 3@kv/kvserver/store.go:3801 ⋮ [T1,Vsystem,n1,s1] 47 +MemTables: 1 (16MB)  zombie: 1 (8.0MB)
I250801 01:06:20.019607 802 3@kv/kvserver/store.go:3801 ⋮ [T1,Vsystem,n1,s1] 47 +Zombie tables: 0 (0B, local: 0B)
I250801 01:06:20.019607 802 3@kv/kvserver/store.go:3801 ⋮ [T1,Vsystem,n1,s1] 47 +Backing tables: 0 (0B)
I250801 01:06:20.019607 802 3@kv/kvserver/store.go:3801 ⋮ [T1,Vsystem,n1,s1] 47 +Virtual tables: 0 (0B)
I250801 01:06:20.019607 802 3@kv/kvserver/store.go:3801 ⋮ [T1,Vsystem,n1,s1] 47 +Local tables size: 27MB
I250801 01:06:20.019607 802 3@kv/kvserver/store.go:3801 ⋮ [T1,Vsystem,n1,s1] 47 +Compression types: snappy: 8
I250801 01:06:20.019607 802 3@kv/kvserver/store.go:3801 ⋮ [T1,Vsystem,n1,s1] 47 +Block cache: 35 entries (1.2MB)  hit rate: 52.8%
I250801 01:06:20.019607 802 3@kv/kvserver/store.go:3801 ⋮ [T1,Vsystem,n1,s1] 47 +Table cache: 4 entries (3.3KB)  hit rate: 99.5%
I250801 01:06:20.019607 802 3@kv/kvserver/store.go:3801 ⋮ [T1,Vsystem,n1,s1] 47 +Snapshots: 0  earliest seq num: 0
I250801 01:06:20.019607 802 3@kv/kvserver/store.go:3801 ⋮ [T1,Vsystem,n1,s1] 47 +Table iters: 0
I250801 01:06:20.019607 802 3@kv/kvserver/store.go:3801 ⋮ [T1,Vsystem,n1,s1] 47 +Filter utility: 98.5%
I250801 01:06:20.019607 802 3@kv/kvserver/store.go:3801 ⋮ [T1,Vsystem,n1,s1] 47 +Ingestions: 0  as flushable: 0 (0B in 0 tables)
I250801 01:06:20.019607 802 3@kv/kvserver/store.go:3801 ⋮ [T1,Vsystem,n1,s1] 47 +Cgo memory usage: 26MB  block cache: 1.2MB (data: 1.2MB, maps: 16KB, entries: 4.4KB)  memtables: 24MB
I250801 01:08:00.050856 725 3@pebble/event.go:1059 ⋮ [n1,s1,pebble] 48  [JOB 7] WAL created 001047
