I250818 16:22:04.419397 1 util/log/file_sync_buffer.go:237 ⋮ [config]   file created at: 2025/08/18 16:22:04
I250818 16:22:04.419418 1 util/log/file_sync_buffer.go:237 ⋮ [config]   running on machine: ‹474805e38d40›
I250818 16:22:04.419462 1 util/log/file_sync_buffer.go:237 ⋮ [config]   binary: CockroachDB CCL v25.2.0 (aarch64-unknown-linux-gnu, built 2025/05/15 21:07:42, go1.23.7 X:nocoverageredesign)
I250818 16:22:04.419467 1 util/log/file_sync_buffer.go:237 ⋮ [config]   arguments: [‹/cockroach/cockroach› ‹start-single-node› ‹--certs-dir=certs› ‹--advertise-addr=127.0.0.1:26257› ‹--insecure› ‹--http-addr=0.0.0.0:8080›]
I250818 16:22:04.419475 1 util/log/file_sync_buffer.go:237 ⋮ [config]   log format (utf8=✓): crdb-v2
I250818 16:22:04.419478 1 util/log/file_sync_buffer.go:237 ⋮ [config]   line format: [IWEF]yymmdd hh:mm:ss.uuuuuu goid [chan@]file:line redactionmark \[tags\] [counter] msg
W250818 16:22:04.414108 1 1@cli/start.go:1438 ⋮ [n?] 1  ALL SECURITY CONTROLS HAVE BEEN DISABLED!
W250818 16:22:04.414108 1 1@cli/start.go:1438 ⋮ [n?] 1 +
W250818 16:22:04.414108 1 1@cli/start.go:1438 ⋮ [n?] 1 +This mode is intended for non-production testing only.
W250818 16:22:04.414108 1 1@cli/start.go:1438 ⋮ [n?] 1 +
W250818 16:22:04.414108 1 1@cli/start.go:1438 ⋮ [n?] 1 +In this mode:
W250818 16:22:04.414108 1 1@cli/start.go:1438 ⋮ [n?] 1 +- Your cluster is open to any client that can access ‹any of your IP addresses›.
W250818 16:22:04.414108 1 1@cli/start.go:1438 ⋮ [n?] 1 +- Intruders with access to your machine or network can observe client-server traffic.
W250818 16:22:04.414108 1 1@cli/start.go:1438 ⋮ [n?] 1 +- Intruders can log in without password and read or write any data in the cluster.
W250818 16:22:04.414108 1 1@cli/start.go:1438 ⋮ [n?] 1 +- Intruders can consume all your server's resources and cause unavailability.
I250818 16:22:04.440005 1 1@cli/start.go:1448 ⋮ [n?] 2  To start a secure server without mandating TLS for clients,
I250818 16:22:04.440005 1 1@cli/start.go:1448 ⋮ [n?] 2 +consider --accept-sql-without-tls instead. For other options, see:
I250818 16:22:04.440005 1 1@cli/start.go:1448 ⋮ [n?] 2 +
I250818 16:22:04.440005 1 1@cli/start.go:1448 ⋮ [n?] 2 +- https://go.crdb.dev/issue-v/53404/v25.2
I250818 16:22:04.440005 1 1@cli/start.go:1448 ⋮ [n?] 2 +- https://www.cockroachlabs.com/docs/v25.2/secure-a-cluster.html
I250818 16:22:04.440384 1 server/status/recorder.go:856 ⋮ [n?] 3  ‹available memory from cgroups (8.0 EiB) is unsupported, using system memory 8.7 GiB instead: ›
W250818 16:22:04.440443 1 1@cli/start.go:1360 ⋮ [n?] 4  Using the default setting for --cache (128 MiB).
W250818 16:22:04.440443 1 1@cli/start.go:1360 ⋮ [n?] 4 +  A significantly larger value is usually needed for good performance.
W250818 16:22:04.440443 1 1@cli/start.go:1360 ⋮ [n?] 4 +  If you have a dedicated server a reasonable setting is --cache=.25 (2.2 GiB).
I250818 16:22:04.440620 1 server/status/recorder.go:856 ⋮ [n?] 5  ‹available memory from cgroups (8.0 EiB) is unsupported, using system memory 8.7 GiB instead: ›
I250818 16:22:04.440641 1 1@cli/start.go:1477 ⋮ [n?] 6  CockroachDB CCL v25.2.0 (aarch64-unknown-linux-gnu, built 2025/05/15 21:07:42, go1.23.7 X:nocoverageredesign)
I250818 16:22:04.441202 1 server/status/recorder.go:856 ⋮ [n?] 7  ‹available memory from cgroups (8.0 EiB) is unsupported, using system memory 8.7 GiB instead: ›
I250818 16:22:04.441223 1 1@cli/start.go:554 ⋮ [n?] 8  soft memory limit of Go runtime is set to 4.9 GiB
I250818 16:22:04.441241 1 1@cli/start.go:591 ⋮ [n?] 9  GC target percentage of Go runtime is set to 300%
I250818 16:22:04.524606 1 server/status/recorder.go:856 ⋮ [T1,Vsystem,n?] 10  ‹available memory from cgroups (8.0 EiB) is unsupported, using system memory 8.7 GiB instead: ›
I250818 16:22:04.524655 1 server/config.go:674 ⋮ [T1,Vsystem,n?] 11  system total memory: 8.7 GiB
I250818 16:22:04.524673 1 server/config.go:676 ⋮ [T1,Vsystem,n?] 12  server configuration:
I250818 16:22:04.524673 1 server/config.go:676 ⋮ [T1,Vsystem,n?] 12 +max offset             500000000
I250818 16:22:04.524673 1 server/config.go:676 ⋮ [T1,Vsystem,n?] 12 +cache size             128 MiB
I250818 16:22:04.524673 1 server/config.go:676 ⋮ [T1,Vsystem,n?] 12 +SQL memory pool size   2.2 GiB
I250818 16:22:04.524673 1 server/config.go:676 ⋮ [T1,Vsystem,n?] 12 +scan interval          10m0s
I250818 16:22:04.524673 1 server/config.go:676 ⋮ [T1,Vsystem,n?] 12 +scan min idle time     10ms
I250818 16:22:04.524673 1 server/config.go:676 ⋮ [T1,Vsystem,n?] 12 +scan max idle time     1s
I250818 16:22:04.524673 1 server/config.go:676 ⋮ [T1,Vsystem,n?] 12 +event log enabled      true
I250818 16:22:04.524718 1 1@cli/start.go:1338 ⋮ [T1,Vsystem,n?] 13  using local environment variables:
I250818 16:22:04.524718 1 1@cli/start.go:1338 ⋮ [T1,Vsystem,n?] 13 +COCKROACH_CHANNEL=official-docker
I250818 16:22:04.524728 1 1@cli/start.go:1345 ⋮ [T1,Vsystem,n?] 14  process identity: uid 0 euid 0 gid 0 egid 0
I250818 16:22:04.558807 1 1@cli/start.go:1500 ⋮ [T1,Vsystem,n?] 15  GEOS loaded from directory ‹/usr/local/lib/cockroach›
I250818 16:22:04.558863 1 1@cli/start.go:777 ⋮ [T1,Vsystem,n?] 16  starting cockroach node
I250818 16:22:06.563196 52 server/config.go:880 ⋮ [T1,Vsystem,n?] 17  1 storage engine initialized
I250818 16:22:06.563238 52 server/config.go:883 ⋮ [T1,Vsystem,n?] 18  Pebble cache size: 128 MiB
I250818 16:22:06.563256 52 server/config.go:883 ⋮ [T1,Vsystem,n?] 19  store 0: max size 0 B, max open file limit 1043576
I250818 16:22:06.563260 52 server/config.go:883 ⋮ [T1,Vsystem,n?] 20  store 0: /cockroach/cockroach-data: rw encrypted=false fs:{bdev=/run/host_mark/Users fstype=fakeowner mountpoint=/cockroach/cockroach-data mountopts=rw,nosuid,nodev,relatime,fakeowner}
I250818 16:22:06.568964 114 util/cidr/cidr.go:299 ⋮ [T1,Vsystem,n?] 21  CIDR lookup updated with 0 destinations
I250818 16:22:06.666520 52 1@server/clock_monotonicity.go:61 ⋮ [T1,Vsystem,n?] 22  monitoring forward clock jumps based on server.clock.forward_jump_check.enabled
I250818 16:22:06.679222 52 1@server/clock_monotonicity.go:136 ⋮ [T1,Vsystem,n1] 23  Sleeping till wall time 1755534126679218593 to catches up to 1755534127166503052 to ensure monotonicity. Sub: 487.284459ms
I250818 16:22:06.679319 556 1@server/server.go:1802 ⋮ [T1,Vsystem,n1] 24  connecting to gossip network to verify cluster ID "7c4e678d-486f-4806-8e59-dd3b5b489461"
W250818 16:22:07.167863 52 1@cli/start.go:1299 ⋮ [T1,Vsystem,n1] 25  Running a server without --sql-addr, with a combined RPC/SQL listener, is deprecated.
W250818 16:22:07.167863 52 1@cli/start.go:1299 ⋮ [T1,Vsystem,n1] 25 +This feature will be removed in a later version of CockroachDB.
W250818 16:22:07.167906 52 1@gossip/gossip.go:1460 ⋮ [T1,Vsystem,n1] 26  no addresses found; use --join to specify a connected node
I250818 16:22:07.171743 565 kv/kvserver/kvstorage/init.go:250 ⋮ [T1,Vsystem,n1,s1] 27  beginning range descriptor iteration
I250818 16:22:07.171926 565 kv/kvserver/kvstorage/init.go:374 ⋮ [T1,Vsystem,n1,s1] 28  range descriptor iteration done: 57 range descriptors, 0 intents, 0 tombstones; stats: ‹seeked 118 times (60 internal); stepped 0 times (0 internal); blocks: 64KB cached; points: 58 (1.2KB keys, 1.7KB values); separated: 2 (58B, 0B fetched)›
I250818 16:22:07.174050 565 kv/kvserver/kvstorage/init.go:501 ⋮ [T1,Vsystem,n1,s1] 29  loaded replica ID for 57/57 replicas
I250818 16:22:07.174252 565 kv/kvserver/kvstorage/init.go:518 ⋮ [T1,Vsystem,n1,s1] 30  loaded Raft state for 57/57 replicas
I250818 16:22:07.174267 565 kv/kvserver/kvstorage/init.go:545 ⋮ [T1,Vsystem,n1,s1] 31  loaded 57 replicas
I250818 16:22:07.174282 565 kv/kvserver/kvstorage/init.go:576 ⋮ [T1,Vsystem,n1,s1] 32  verified 57/57 replicas
I250818 16:22:07.180809 565 kv/kvserver/store.go:2369 ⋮ [T1,Vsystem,n1,s1] 33  initialized 57/57 replicas
I250818 16:22:07.180968 565 server/node.go:690 ⋮ [T1,Vsystem,n1] 34  initialized store s1 in 12ms (57 replicas)
I250818 16:22:07.181015 52 kv/kvserver/stores.go:261 ⋮ [T1,Vsystem,n1] 35  read 0 node addresses from persistent storage
I250818 16:22:07.187947 556 1@server/server.go:1805 ⋮ [T1,Vsystem,n1] 36  node connected via gossip
I250818 16:22:07.193463 52 server/node.go:801 ⋮ [T1,Vsystem,n1] 37  started with attributes []
I250818 16:22:07.193763 52 server/goroutinedumper/goroutinedumper.go:117 ⋮ [T1,Vsystem,n1] 38  writing goroutine dumps to ‹/cockroach/cockroach-data/logs/goroutine_dump›
I250818 16:22:07.193832 52 server/profiler/heapprofiler.go:72 ⋮ [T1,Vsystem,n1] 39  writing go heap profiles to ‹/cockroach/cockroach-data/logs/heap_profiler› at least every 1h0m0s
I250818 16:22:07.193864 52 server/profiler/memory_monitoring_profiler.go:66 ⋮ [T1,Vsystem,n1] 40  writing memory monitoring dumps to ‹/cockroach/cockroach-data/logs/heap_profiler› at least every 1h0m0s
I250818 16:22:07.193879 52 server/profiler/cgoprofiler.go:66 ⋮ [T1,Vsystem,n1] 41  to enable jmalloc profiling: "export MALLOC_CONF=prof:true" or "ln -s prof:true /etc/malloc.conf"
I250818 16:22:07.194083 52 server/profiler/statsprofiler.go:68 ⋮ [T1,Vsystem,n1] 42  writing memory stats to ‹/cockroach/cockroach-data/logs/heap_profiler› at last every 1h0m0s
I250818 16:22:07.194300 52 server/profiler/activequeryprofiler.go:88 ⋮ [T1,Vsystem,n1] 43  writing go query profiles to ‹/cockroach/cockroach-data/logs/heap_profiler›
I250818 16:22:07.194333 52 server/profiler/cpuprofiler.go:87 ⋮ [T1,Vsystem,n1] 44  writing cpu profile dumps to ‹/cockroach/cockroach-data/logs/pprof_dump›
I250818 16:22:07.195164 52 1@server/server.go:1999 ⋮ [T1,Vsystem,n1] 45  starting http server at ‹[::]:8080› (use: ‹127.0.0.1:8080›)
I250818 16:22:07.195195 52 1@server/server.go:2007 ⋮ [T1,Vsystem,n1] 46  starting grpc/postgres server at ‹[::]:26257›
I250818 16:22:07.195206 52 1@server/server.go:2008 ⋮ [T1,Vsystem,n1] 47  advertising CockroachDB node at ‹127.0.0.1:26257›
I250818 16:22:07.198392 620 kv/kvserver/storeliveness/support_manager.go:285 ⋮ [T1,Vsystem,n1,s1] 48  starting to heartbeat store {NodeID:1 StoreID:1}
I250818 16:22:07.196032 666 kv/kvserver/queue.go:612 ⋮ [T1,Vsystem,n1,s1,r86/1:‹/{Table/134-Max}›,raft] 49  rate limited in MaybeAdd (replicate): throttled on async limiting semaphore
I250818 16:22:07.209575 620 kv/kvserver/storeliveness/supporter_state.go:298 ⋮ [T1,Vsystem,n1,s1] 50  provided support for store {NodeID:1 StoreID:1}; old = {Target:{NodeID:1 StoreID:1} Epoch:14 Expiration:1755534105.383652595,0}, new = {Target:{NodeID:1 StoreID:1} Epoch:15 Expiration:1755534130.198436176,0}
I250818 16:22:07.211046 620 kv/kvserver/storeliveness/requester_state.go:425 ⋮ [T1,Vsystem,n1,s1] 51  received support from store {NodeID:1 StoreID:1}; old = {Target:{NodeID:1 StoreID:1} Epoch:15 Expiration:0,0}, new = {Target:{NodeID:1 StoreID:1} Epoch:15 Expiration:1755534130.198436176,0}
I250818 16:22:07.280782 52 1@util/log/event_log.go:39 ⋮ [T1,Vsystem,n1] 52 ={"Timestamp":1755534127280760760,"EventType":"node_restart","NodeID":1,"StartedAt":1755534127167988926,"LastUp":1755534100371202428}
I250818 16:22:07.281114 952 kv/kvclient/rangefeed/rangefeedcache/watcher.go:340 ⋮ [T1,Vsystem,n1] 53  settings-watcher: established range feed cache
I250818 16:22:07.281826 950 kv/kvclient/rangefeed/rangefeedcache/watcher.go:340 ⋮ [T1,Vsystem,n1] 54  spanconfig-subscriber: established range feed cache
I250818 16:22:07.302443 52 sql/sqlliveness/slinstance/slinstance.go:435 ⋮ [T1,Vsystem,n1] 55  starting SQL liveness instance
I250818 16:22:07.308758 1181 sql/sqlliveness/slstorage/slstorage.go:540 ⋮ [T1,Vsystem,n1] 56  inserted sqlliveness session 010180f172f7d0116e4aa487c6671ef82cd48f with expiry 1755534167.302587760,0
I250818 16:22:07.308815 1181 sql/sqlliveness/slinstance/slinstance.go:247 ⋮ [T1,Vsystem,n1] 57  created new SQL liveness session 010180f172f7d0116e4aa487c6671ef82cd48f
I250818 16:22:07.308845 52 sql/sqlinstance/instancestorage/instancestorage.go:338 ⋮ [T1,Vsystem,n1] 58  assigning instance id to rpc addr ‹127.0.0.1:26257› and sql addr ‹127.0.0.1:26257›
I250818 16:22:07.311512 52 server/server_sql.go:1618 ⋮ [T1,Vsystem,n1] 59  bound sqlinstance: Instance{RegionPrefix: gA==, InstanceID: 1, SQLAddr: ‹127.0.0.1:26257›, RPCAddr: ‹127.0.0.1:26257›, SessionID: 010180f172f7d0116e4aa487c6671ef82cd48f, Locality: , BinaryVersion: 25.2}
I250818 16:22:07.311990 52 upgrade/upgrademanager/manager.go:171 ⋮ [T1,Vsystem,n1] 60  running permanent upgrades up to version: 25.2
I250818 16:22:07.314546 1204 sql/sqlstats/persistedsqlstats/provider.go:159 ⋮ [T1,Vsystem,n1] 61  starting sql-stats-worker with initial delay: 9m32.678874814s
I250818 16:22:07.315713 1236 kv/kvserver/replica_rangefeed.go:882 ⋮ [T1,Vsystem,n1,rangefeed=‹lease›,mux_n=1,gen=2,r6/1:‹/Table/{0-4}›,sm=1,sid=1,s1] 62  RangeFeed closed timestamp 1755528977.994124335,0 is behind by 1h25m49.321583966s (behind=1h25m49.321583966s target=3s nudge=true cancel=false)
I250818 16:22:07.321981 1217 kv/kvclient/rangefeed/rangefeedcache/watcher.go:340 ⋮ [T1,Vsystem,n1] 63  system-config-cache: established range feed cache
I250818 16:22:07.322850 1201 sql/temporary_schema.go:506 ⋮ [T1,Vsystem,n1] 64  running temporary object cleanup background job
I250818 16:22:07.333974 1201 sql/temporary_schema.go:556 ⋮ [T1,Vsystem,n1] 65  found 0 temporary schemas
I250818 16:22:07.334001 1201 sql/temporary_schema.go:559 ⋮ [T1,Vsystem,n1] 66  early exiting temporary schema cleaner as no temporary schemas were found
I250818 16:22:07.334006 1201 sql/temporary_schema.go:560 ⋮ [T1,Vsystem,n1] 67  completed temporary object cleanup job
I250818 16:22:07.334027 1201 sql/temporary_schema.go:641 ⋮ [T1,Vsystem,n1] 68  temporary object cleaner next scheduled to run at 2025-08-18 16:52:07.31450601 +0000 UTC m=+1803.902011837
I250818 16:22:07.372489 52 upgrade/upgrademanager/manager.go:233 ⋮ [T1,Vsystem,n1] 69  detected the last permanent upgrade (v0.0-upgrading-step-004) to have already completed; no permanent upgrades will run
I250818 16:22:07.372536 52 server/server_sql.go:1720 ⋮ [T1,Vsystem,n1] 70  done ensuring all necessary startup migrations have run
I250818 16:22:07.373066 52 server/license/enforcer.go:262 ⋮ [T1,Vsystem,n1] 71  trial license expiry initialized to 1970-01-01 00:00:00 +0000 UTC
I250818 16:22:07.373112 52 server/license/enforcer.go:298 ⋮ [T1,Vsystem,n1] 72  fetched existing cluster init grace period end time: 2025-08-24 14:50:24 +0000 UTC
I250818 16:22:07.373162 52 server/license/enforcer.go:498 ⋮ [T1,Vsystem,n1] 73  enforcer license updated: type is none, grace period ends at "2025-08-24 14:50:24 +0000 UTC", telemetry required: false
I250818 16:22:07.373176 52 server/license/enforcer.go:498 ⋮ [T1,Vsystem,n1] 74  enforcer license updated: type is none, grace period ends at "2025-08-24 14:50:24 +0000 UTC", telemetry required: false
I250818 16:22:07.397316 1496 sql/syntheticprivilegecache/cache.go:202 ⋮ [T1,Vsystem,n1] 75  warmed privileges for virtual tables in 15.21825ms
I250818 16:22:07.404012 1565 sql/catalog/lease/lease.go:2467 ⋮ [T1,Vsystem,n1] 76  released orphaned lease: ID=1 ver=1 expiration={0001-01-01 00:00:00 +0000 UTC}
I250818 16:22:07.404830 1568 sql/catalog/lease/lease.go:2467 ⋮ [T1,Vsystem,n1] 77  released orphaned lease: ID=5 ver=1 expiration={0001-01-01 00:00:00 +0000 UTC}
I250818 16:22:07.404934 1569 sql/catalog/lease/lease.go:2467 ⋮ [T1,Vsystem,n1] 78  released orphaned lease: ID=6 ver=1 expiration={0001-01-01 00:00:00 +0000 UTC}
I250818 16:22:07.405033 1566 sql/catalog/lease/lease.go:2467 ⋮ [T1,Vsystem,n1] 79  released orphaned lease: ID=3 ver=1 expiration={0001-01-01 00:00:00 +0000 UTC}
I250818 16:22:07.405106 1567 sql/catalog/lease/lease.go:2467 ⋮ [T1,Vsystem,n1] 80  released orphaned lease: ID=4 ver=1 expiration={0001-01-01 00:00:00 +0000 UTC}
I250818 16:22:07.405697 873 sql/catalog/lease/lease.go:2467 ⋮ [T1,Vsystem,n1] 81  released orphaned lease: ID=7 ver=1 expiration={0001-01-01 00:00:00 +0000 UTC}
I250818 16:22:07.406596 774 sql/catalog/lease/lease.go:2467 ⋮ [T1,Vsystem,n1] 82  released orphaned lease: ID=13 ver=1 expiration={0001-01-01 00:00:00 +0000 UTC}
I250818 16:22:07.406714 875 sql/catalog/lease/lease.go:2467 ⋮ [T1,Vsystem,n1] 83  released orphaned lease: ID=11 ver=1 expiration={0001-01-01 00:00:00 +0000 UTC}
I250818 16:22:07.406744 874 sql/catalog/lease/lease.go:2467 ⋮ [T1,Vsystem,n1] 84  released orphaned lease: ID=8 ver=1 expiration={0001-01-01 00:00:00 +0000 UTC}
I250818 16:22:07.406755 1498 jobs/job_scheduler.go:407 ⋮ [T1,Vsystem,n1] 85  waiting 3m0s before scheduled jobs daemon start
I250818 16:22:07.406969 876 sql/catalog/lease/lease.go:2467 ⋮ [T1,Vsystem,n1] 86  released orphaned lease: ID=12 ver=1 expiration={0001-01-01 00:00:00 +0000 UTC}
I250818 16:22:07.406984 1666 kv/kvclient/rangefeed/rangefeedcache/watcher.go:340 ⋮ [T1,Vsystem,n1] 87  tenant-settings-watcher: established range feed cache
I250818 16:22:07.407199 773 sql/catalog/lease/lease.go:2467 ⋮ [T1,Vsystem,n1] 88  released orphaned lease: ID=9 ver=1 expiration={0001-01-01 00:00:00 +0000 UTC}
I250818 16:22:07.408624 1669 kv/kvclient/rangefeed/rangefeedcache/watcher.go:340 ⋮ [T1,Vsystem,n1] 89  tenant-entry-watcher: established range feed cache
I250818 16:22:07.408897 1636 sql/catalog/lease/lease.go:2467 ⋮ [T1,Vsystem,n1] 90  released orphaned lease: ID=14 ver=1 expiration={0001-01-01 00:00:00 +0000 UTC}
I250818 16:22:07.409336 1669 multitenant/tenantcapabilities/tenantcapabilitieswatcher/watcher.go:285 ⋮ [T1,Vsystem,n1] 91  received results of a full table scan for tenant capabilities
I250818 16:22:07.410603 1639 sql/catalog/lease/lease.go:2467 ⋮ [T1,Vsystem,n1] 92  released orphaned lease: ID=20 ver=1 expiration={0001-01-01 00:00:00 +0000 UTC}
I250818 16:22:07.411173 1637 sql/catalog/lease/lease.go:2467 ⋮ [T1,Vsystem,n1] 93  released orphaned lease: ID=15 ver=1 expiration={0001-01-01 00:00:00 +0000 UTC}
I250818 16:22:07.408637 1638 sql/catalog/lease/lease.go:2467 ⋮ [T1,Vsystem,n1] 94  released orphaned lease: ID=19 ver=1 expiration={0001-01-01 00:00:00 +0000 UTC}
I250818 16:22:07.413021 1668 sql/catalog/lease/lease.go:2467 ⋮ [T1,Vsystem,n1] 95  released orphaned lease: ID=21 ver=1 expiration={0001-01-01 00:00:00 +0000 UTC}
I250818 16:22:07.414748 1689 sql/catalog/lease/lease.go:2467 ⋮ [T1,Vsystem,n1] 96  released orphaned lease: ID=24 ver=1 expiration={0001-01-01 00:00:00 +0000 UTC}
I250818 16:22:07.414853 1690 sql/catalog/lease/lease.go:2467 ⋮ [T1,Vsystem,n1] 97  released orphaned lease: ID=25 ver=1 expiration={0001-01-01 00:00:00 +0000 UTC}
I250818 16:22:07.414911 800 sql/catalog/lease/lease.go:2467 ⋮ [T1,Vsystem,n1] 98  released orphaned lease: ID=23 ver=1 expiration={0001-01-01 00:00:00 +0000 UTC}
I250818 16:22:07.415144 1660 sql/catalog/lease/lease.go:2467 ⋮ [T1,Vsystem,n1] 99  released orphaned lease: ID=27 ver=1 expiration={0001-01-01 00:00:00 +0000 UTC}
I250818 16:22:07.416728 1640 sql/catalog/lease/lease.go:2467 ⋮ [T1,Vsystem,n1] 100  released orphaned lease: ID=26 ver=1 expiration={0001-01-01 00:00:00 +0000 UTC}
I250818 16:22:07.416916 52 server/license/enforcer.go:582 ⋮ [T1,Vsystem,n1] 101  disable all license enforcement
I250818 16:22:07.416926 52 1@server/server_sql.go:1971 ⋮ [T1,Vsystem,n1] 102  serving sql connections
I250818 16:22:07.416941 1661 sql/catalog/lease/lease.go:2467 ⋮ [T1,Vsystem,n1] 103  released orphaned lease: ID=28 ver=1 expiration={0001-01-01 00:00:00 +0000 UTC}
I250818 16:22:07.416998 52 1@cli/start.go:1286 ⋮ [T1,Vsystem,n1] 104  node startup completed:
I250818 16:22:07.416998 52 1@cli/start.go:1286 ⋮ [T1,Vsystem,n1] 104 +CockroachDB node starting at 2025-08-18 16:22:07.416944801 +0000 UTC m=+4.004450628 (took 3.2s)
I250818 16:22:07.416998 52 1@cli/start.go:1286 ⋮ [T1,Vsystem,n1] 104 +build:               CCL v25.2.0 @ 2025/05/15 21:07:42 (go1.23.7 X:nocoverageredesign)
I250818 16:22:07.416998 52 1@cli/start.go:1286 ⋮ [T1,Vsystem,n1] 104 +malloc_conf:         prof:false,prof_active:true,background_thread:true,thp:never,metadata_thp:disabled,narenas:48,dirty_decay_ms:2000,muzzy_decay_ms:0
I250818 16:22:07.416998 52 1@cli/start.go:1286 ⋮ [T1,Vsystem,n1] 104 +webui:               ‹http://127.0.0.1:8080›
I250818 16:22:07.416998 52 1@cli/start.go:1286 ⋮ [T1,Vsystem,n1] 104 +sql:                 ‹postgresql://root@127.0.0.1:26257/defaultdb?sslmode=disable›
I250818 16:22:07.416998 52 1@cli/start.go:1286 ⋮ [T1,Vsystem,n1] 104 +sql (JDBC):          ‹jdbc:postgresql://127.0.0.1:26257/defaultdb?sslmode=disable&user=root›
I250818 16:22:07.416998 52 1@cli/start.go:1286 ⋮ [T1,Vsystem,n1] 104 +RPC client flags:    ‹/cockroach/cockroach <client cmd> --host=127.0.0.1:26257 --insecure›
I250818 16:22:07.416998 52 1@cli/start.go:1286 ⋮ [T1,Vsystem,n1] 104 +logs:                ‹/cockroach/cockroach-data/logs›
I250818 16:22:07.416998 52 1@cli/start.go:1286 ⋮ [T1,Vsystem,n1] 104 +temp dir:            ‹/cockroach/cockroach-data/cockroach-temp3795473762›
I250818 16:22:07.416998 52 1@cli/start.go:1286 ⋮ [T1,Vsystem,n1] 104 +external I/O path:   ‹/cockroach/cockroach-data/extern›
I250818 16:22:07.416998 52 1@cli/start.go:1286 ⋮ [T1,Vsystem,n1] 104 +store[0]:            ‹path=/cockroach/cockroach-data›
I250818 16:22:07.416998 52 1@cli/start.go:1286 ⋮ [T1,Vsystem,n1] 104 +clusterID:           7c4e678d-486f-4806-8e59-dd3b5b489461
I250818 16:22:07.416998 52 1@cli/start.go:1286 ⋮ [T1,Vsystem,n1] 104 +status:              restarted pre-existing node
I250818 16:22:07.416998 52 1@cli/start.go:1286 ⋮ [T1,Vsystem,n1] 104 +nodeID:              1
I250818 16:22:07.423869 781 sql/catalog/lease/lease.go:2467 ⋮ [T1,Vsystem,n1] 105  released orphaned lease: ID=32 ver=1 expiration={0001-01-01 00:00:00 +0000 UTC}
I250818 16:22:07.423913 1698 sql/catalog/lease/lease.go:2467 ⋮ [T1,Vsystem,n1] 106  released orphaned lease: ID=31 ver=1 expiration={0001-01-01 00:00:00 +0000 UTC}
I250818 16:22:07.427402 780 sql/catalog/lease/lease.go:2467 ⋮ [T1,Vsystem,n1] 107  released orphaned lease: ID=30 ver=1 expiration={0001-01-01 00:00:00 +0000 UTC}
I250818 16:22:07.427437 1672 sql/catalog/lease/lease.go:2467 ⋮ [T1,Vsystem,n1] 108  released orphaned lease: ID=34 ver=1 expiration={0001-01-01 00:00:00 +0000 UTC}
I250818 16:22:07.439983 1504 server/auto_upgrade.go:81 ⋮ [T1,Vsystem,n1] 109  no need to upgrade, cluster already at the newest version
I250818 16:22:07.440132 1671 sql/catalog/lease/lease.go:2467 ⋮ [T1,Vsystem,n1] 110  released orphaned lease: ID=33 ver=1 expiration={0001-01-01 00:00:00 +0000 UTC}
I250818 16:22:07.440285 1664 sql/catalog/lease/lease.go:2467 ⋮ [T1,Vsystem,n1] 111  released orphaned lease: ID=36 ver=1 expiration={0001-01-01 00:00:00 +0000 UTC}
I250818 16:22:07.440838 1663 sql/catalog/lease/lease.go:2467 ⋮ [T1,Vsystem,n1] 112  released orphaned lease: ID=35 ver=1 expiration={0001-01-01 00:00:00 +0000 UTC}
I250818 16:22:07.441505 1721 sql/catalog/lease/lease.go:2467 ⋮ [T1,Vsystem,n1] 113  released orphaned lease: ID=37 ver=1 expiration={0001-01-01 00:00:00 +0000 UTC}
I250818 16:22:07.444638 1701 sql/catalog/lease/lease.go:2467 ⋮ [T1,Vsystem,n1] 115  released orphaned lease: ID=40 ver=1 expiration={0001-01-01 00:00:00 +0000 UTC}
I250818 16:22:07.442292 1641 sql/catalog/lease/lease.go:2467 ⋮ [T1,Vsystem,n1] 116  released orphaned lease: ID=39 ver=1 expiration={0001-01-01 00:00:00 +0000 UTC}
I250818 16:22:07.443732 1702 sql/catalog/lease/lease.go:2467 ⋮ [T1,Vsystem,n1] 114  released orphaned lease: ID=41 ver=1 expiration={0001-01-01 00:00:00 +0000 UTC}
I250818 16:22:07.452046 1673 sql/catalog/lease/lease.go:2467 ⋮ [T1,Vsystem,n1] 117  released orphaned lease: ID=42 ver=1 expiration={0001-01-01 00:00:00 +0000 UTC}
I250818 16:22:07.452379 1665 sql/catalog/lease/lease.go:2467 ⋮ [T1,Vsystem,n1] 118  released orphaned lease: ID=43 ver=1 expiration={0001-01-01 00:00:00 +0000 UTC}
I250818 16:22:07.456207 1674 sql/catalog/lease/lease.go:2467 ⋮ [T1,Vsystem,n1] 119  released orphaned lease: ID=46 ver=1 expiration={0001-01-01 00:00:00 +0000 UTC}
I250818 16:22:07.456255 1730 sql/catalog/lease/lease.go:2467 ⋮ [T1,Vsystem,n1] 120  released orphaned lease: ID=44 ver=1 expiration={0001-01-01 00:00:00 +0000 UTC}
I250818 16:22:07.456360 1621 sql/catalog/lease/lease.go:2467 ⋮ [T1,Vsystem,n1] 121  released orphaned lease: ID=45 ver=1 expiration={0001-01-01 00:00:00 +0000 UTC}
I250818 16:22:07.457477 1731 sql/catalog/lease/lease.go:2467 ⋮ [T1,Vsystem,n1] 122  released orphaned lease: ID=48 ver=1 expiration={0001-01-01 00:00:00 +0000 UTC}
I250818 16:22:07.457699 1622 sql/catalog/lease/lease.go:2467 ⋮ [T1,Vsystem,n1] 123  released orphaned lease: ID=47 ver=1 expiration={0001-01-01 00:00:00 +0000 UTC}
I250818 16:22:07.458905 1642 sql/catalog/lease/lease.go:2467 ⋮ [T1,Vsystem,n1] 124  released orphaned lease: ID=51 ver=1 expiration={0001-01-01 00:00:00 +0000 UTC}
I250818 16:22:07.459125 1732 sql/catalog/lease/lease.go:2467 ⋮ [T1,Vsystem,n1] 125  released orphaned lease: ID=50 ver=1 expiration={0001-01-01 00:00:00 +0000 UTC}
I250818 16:22:07.459194 1643 sql/catalog/lease/lease.go:2467 ⋮ [T1,Vsystem,n1] 126  released orphaned lease: ID=52 ver=1 expiration={0001-01-01 00:00:00 +0000 UTC}
I250818 16:22:07.461063 1624 sql/catalog/lease/lease.go:2467 ⋮ [T1,Vsystem,n1] 127  released orphaned lease: ID=54 ver=1 expiration={0001-01-01 00:00:00 +0000 UTC}
I250818 16:22:07.461486 1623 sql/catalog/lease/lease.go:2467 ⋮ [T1,Vsystem,n1] 128  released orphaned lease: ID=53 ver=1 expiration={0001-01-01 00:00:00 +0000 UTC}
I250818 16:22:07.461731 1758 sql/catalog/lease/lease.go:2467 ⋮ [T1,Vsystem,n1] 129  released orphaned lease: ID=55 ver=1 expiration={0001-01-01 00:00:00 +0000 UTC}
I250818 16:22:07.462490 1759 sql/catalog/lease/lease.go:2467 ⋮ [T1,Vsystem,n1] 130  released orphaned lease: ID=56 ver=1 expiration={0001-01-01 00:00:00 +0000 UTC}
I250818 16:22:07.462739 1760 sql/catalog/lease/lease.go:2467 ⋮ [T1,Vsystem,n1] 131  released orphaned lease: ID=57 ver=1 expiration={0001-01-01 00:00:00 +0000 UTC}
I250818 16:22:07.463527 1703 sql/catalog/lease/lease.go:2467 ⋮ [T1,Vsystem,n1] 132  released orphaned lease: ID=58 ver=1 expiration={0001-01-01 00:00:00 +0000 UTC}
I250818 16:22:07.463960 1734 sql/catalog/lease/lease.go:2467 ⋮ [T1,Vsystem,n1] 133  released orphaned lease: ID=62 ver=1 expiration={0001-01-01 00:00:00 +0000 UTC}
I250818 16:22:07.464292 1675 sql/catalog/lease/lease.go:2467 ⋮ [T1,Vsystem,n1] 134  released orphaned lease: ID=59 ver=1 expiration={0001-01-01 00:00:00 +0000 UTC}
I250818 16:22:07.464537 1733 sql/catalog/lease/lease.go:2467 ⋮ [T1,Vsystem,n1] 135  released orphaned lease: ID=61 ver=1 expiration={0001-01-01 00:00:00 +0000 UTC}
I250818 16:22:07.464705 1625 sql/catalog/lease/lease.go:2467 ⋮ [T1,Vsystem,n1] 136  released orphaned lease: ID=60 ver=1 expiration={0001-01-01 00:00:00 +0000 UTC}
I250818 16:22:07.466707 1626 sql/catalog/lease/lease.go:2467 ⋮ [T1,Vsystem,n1] 137  released orphaned lease: ID=64 ver=1 expiration={0001-01-01 00:00:00 +0000 UTC}
I250818 16:22:07.466781 1704 sql/catalog/lease/lease.go:2467 ⋮ [T1,Vsystem,n1] 139  released orphaned lease: ID=67 ver=1 expiration={0001-01-01 00:00:00 +0000 UTC}
I250818 16:22:07.466799 1627 sql/catalog/lease/lease.go:2467 ⋮ [T1,Vsystem,n1] 140  released orphaned lease: ID=65 ver=1 expiration={0001-01-01 00:00:00 +0000 UTC}
I250818 16:22:07.466766 1761 sql/catalog/lease/lease.go:2467 ⋮ [T1,Vsystem,n1] 138  released orphaned lease: ID=63 ver=1 expiration={0001-01-01 00:00:00 +0000 UTC}
I250818 16:22:07.466816 1628 sql/catalog/lease/lease.go:2467 ⋮ [T1,Vsystem,n1] 141  released orphaned lease: ID=66 ver=1 expiration={0001-01-01 00:00:00 +0000 UTC}
I250818 16:22:07.469187 1679 sql/catalog/lease/lease.go:2467 ⋮ [T1,Vsystem,n1] 142  released orphaned lease: ID=72 ver=1 expiration={0001-01-01 00:00:00 +0000 UTC}
I250818 16:22:07.469436 1762 sql/catalog/lease/lease.go:2467 ⋮ [T1,Vsystem,n1] 143  released orphaned lease: ID=68 ver=1 expiration={0001-01-01 00:00:00 +0000 UTC}
I250818 16:22:07.469506 1676 sql/catalog/lease/lease.go:2467 ⋮ [T1,Vsystem,n1] 144  released orphaned lease: ID=69 ver=1 expiration={0001-01-01 00:00:00 +0000 UTC}
I250818 16:22:07.469555 1678 sql/catalog/lease/lease.go:2467 ⋮ [T1,Vsystem,n1] 145  released orphaned lease: ID=71 ver=1 expiration={0001-01-01 00:00:00 +0000 UTC}
I250818 16:22:07.469600 1677 sql/catalog/lease/lease.go:2467 ⋮ [T1,Vsystem,n1] 146  released orphaned lease: ID=70 ver=1 expiration={0001-01-01 00:00:00 +0000 UTC}
I250818 16:22:07.471869 1767 sql/catalog/lease/lease.go:2467 ⋮ [T1,Vsystem,n1] 147  released orphaned lease: ID=108 ver=2 expiration={0001-01-01 00:00:00 +0000 UTC}
I250818 16:22:07.471957 1764 sql/catalog/lease/lease.go:2467 ⋮ [T1,Vsystem,n1] 148  released orphaned lease: ID=105 ver=1 expiration={0001-01-01 00:00:00 +0000 UTC}
I250818 16:22:07.472018 1763 sql/catalog/lease/lease.go:2467 ⋮ [T1,Vsystem,n1] 149  released orphaned lease: ID=104 ver=1 expiration={0001-01-01 00:00:00 +0000 UTC}
I250818 16:22:07.472114 1765 sql/catalog/lease/lease.go:2467 ⋮ [T1,Vsystem,n1] 150  released orphaned lease: ID=106 ver=15 expiration={0001-01-01 00:00:00 +0000 UTC}
I250818 16:22:07.472117 1766 sql/catalog/lease/lease.go:2467 ⋮ [T1,Vsystem,n1] 151  released orphaned lease: ID=107 ver=1 expiration={0001-01-01 00:00:00 +0000 UTC}
I250818 16:22:07.477254 1705 sql/catalog/lease/lease.go:2467 ⋮ [T1,Vsystem,n1] 152  released orphaned lease: ID=110 ver=1 expiration={0001-01-01 00:00:00 +0000 UTC}
I250818 16:22:07.477540 1706 sql/catalog/lease/lease.go:2467 ⋮ [T1,Vsystem,n1] 153  released orphaned lease: ID=111 ver=3 expiration={0001-01-01 00:00:00 +0000 UTC}
I250818 16:22:07.477621 1768 sql/catalog/lease/lease.go:2467 ⋮ [T1,Vsystem,n1] 154  released orphaned lease: ID=109 ver=2 expiration={0001-01-01 00:00:00 +0000 UTC}
I250818 16:22:07.477792 1769 sql/catalog/lease/lease.go:2467 ⋮ [T1,Vsystem,n1] 155  released orphaned lease: ID=112 ver=1 expiration={0001-01-01 00:00:00 +0000 UTC}
I250818 16:22:07.478227 1770 sql/catalog/lease/lease.go:2467 ⋮ [T1,Vsystem,n1] 156  released orphaned lease: ID=113 ver=7 expiration={0001-01-01 00:00:00 +0000 UTC}
I250818 16:22:07.479231 1772 sql/catalog/lease/lease.go:2467 ⋮ [T1,Vsystem,n1] 157  released orphaned lease: ID=115 ver=7 expiration={0001-01-01 00:00:00 +0000 UTC}
I250818 16:22:07.479298 1773 sql/catalog/lease/lease.go:2467 ⋮ [T1,Vsystem,n1] 158  released orphaned lease: ID=116 ver=1 expiration={0001-01-01 00:00:00 +0000 UTC}
I250818 16:22:07.479326 1774 sql/catalog/lease/lease.go:2467 ⋮ [T1,Vsystem,n1] 159  released orphaned lease: ID=117 ver=3 expiration={0001-01-01 00:00:00 +0000 UTC}
I250818 16:22:07.479364 1771 sql/catalog/lease/lease.go:2467 ⋮ [T1,Vsystem,n1] 160  released orphaned lease: ID=114 ver=1 expiration={0001-01-01 00:00:00 +0000 UTC}
I250818 16:22:07.480235 1735 sql/catalog/lease/lease.go:2467 ⋮ [T1,Vsystem,n1] 161  released orphaned lease: ID=118 ver=1 expiration={0001-01-01 00:00:00 +0000 UTC}
I250818 16:22:07.480354 1681 sql/catalog/lease/lease.go:2467 ⋮ [T1,Vsystem,n1] 162  released orphaned lease: ID=123 ver=1 expiration={0001-01-01 00:00:00 +0000 UTC}
I250818 16:22:07.480416 1736 sql/catalog/lease/lease.go:2467 ⋮ [T1,Vsystem,n1] 163  released orphaned lease: ID=119 ver=2 expiration={0001-01-01 00:00:00 +0000 UTC}
I250818 16:22:07.480425 1778 sql/catalog/lease/lease.go:2467 ⋮ [T1,Vsystem,n1] 164  released orphaned lease: ID=124 ver=3 expiration={0001-01-01 00:00:00 +0000 UTC}
I250818 16:22:07.480484 1680 sql/catalog/lease/lease.go:2467 ⋮ [T1,Vsystem,n1] 165  released orphaned lease: ID=122 ver=2 expiration={0001-01-01 00:00:00 +0000 UTC}
I250818 16:22:07.484112 1775 sql/catalog/lease/lease.go:2467 ⋮ [T1,Vsystem,n1] 166  released orphaned lease: ID=125 ver=3 expiration={0001-01-01 00:00:00 +0000 UTC}
I250818 16:22:07.485511 1708 sql/catalog/lease/lease.go:2467 ⋮ [T1,Vsystem,n1] 167  released orphaned lease: ID=129 ver=3 expiration={0001-01-01 00:00:00 +0000 UTC}
I250818 16:22:07.487212 1630 sql/catalog/lease/lease.go:2467 ⋮ [T1,Vsystem,n1] 168  released orphaned lease: ID=127 ver=3 expiration={0001-01-01 00:00:00 +0000 UTC}
I250818 16:22:07.487276 1629 sql/catalog/lease/lease.go:2467 ⋮ [T1,Vsystem,n1] 169  released orphaned lease: ID=126 ver=2 expiration={0001-01-01 00:00:00 +0000 UTC}
I250818 16:22:07.487304 1707 sql/catalog/lease/lease.go:2467 ⋮ [T1,Vsystem,n1] 170  released orphaned lease: ID=128 ver=2 expiration={0001-01-01 00:00:00 +0000 UTC}
I250818 16:22:07.493863 1737 sql/catalog/lease/lease.go:2467 ⋮ [T1,Vsystem,n1] 171  released orphaned lease: ID=130 ver=2 expiration={0001-01-01 00:00:00 +0000 UTC}
I250818 16:22:07.493905 1709 sql/catalog/lease/lease.go:2467 ⋮ [T1,Vsystem,n1] 172  released orphaned lease: ID=131 ver=2 expiration={0001-01-01 00:00:00 +0000 UTC}
I250818 16:22:07.495064 1710 sql/catalog/lease/lease.go:2467 ⋮ [T1,Vsystem,n1] 173  released orphaned lease: ID=132 ver=2 expiration={0001-01-01 00:00:00 +0000 UTC}
I250818 16:22:07.495211 1712 sql/catalog/lease/lease.go:2467 ⋮ [T1,Vsystem,n1] 174  released orphaned lease: ID=134 ver=1 expiration={0001-01-01 00:00:00 +0000 UTC}
I250818 16:22:07.495518 1711 sql/catalog/lease/lease.go:2467 ⋮ [T1,Vsystem,n1] 175  released orphaned lease: ID=133 ver=3 expiration={0001-01-01 00:00:00 +0000 UTC}
I250818 16:22:08.217087 564 1@gossip/gossip.go:1476 ⋮ [T1,Vsystem,n1] 176  node has connected to cluster via gossip
I250818 16:22:08.217860 564 kv/kvserver/stores.go:280 ⋮ [T1,Vsystem,n1] 177  wrote 0 node addresses to persistent storage
I250818 16:22:08.952556 1499 server/diagnostics/update_checker.go:144 ⋮ [T1,Vsystem,n1] 178  a new version is available: ‹25.2.4›, details: ‹https://www.cockroachlabs.com/docs/releases/v25.2#v25-2-4›
I250818 16:22:21.192602 2055 kv/kvserver/mvcc_gc_queue.go:796 ⋮ [T1,Vsystem,n1,mvccGC,s1,r86/1:‹/{Table/134-Max}›] 179  GC still needed following GC, recomputing MVCC stats
I250818 16:22:21.192655 2055 kv/kvserver/mvcc_gc_queue.go:797 ⋮ [T1,Vsystem,n1,mvccGC,s1,r86/1:‹/{Table/134-Max}›] 180  old score ‹queue=true with 0.00/fuzz(0.95)=0.00=valScaleScore(0.00)*deadFrac(0.04)+intentScore(0.00)›
I250818 16:22:21.192655 2055 kv/kvserver/mvcc_gc_queue.go:797 ⋮ [T1,Vsystem,n1,mvccGC,s1,r86/1:‹/{Table/134-Max}›] 180 +‹likely last GC: 1m20.722663955s ago, 0 B non-live, curr. age 0 B*s, min exp. reduction: 0 B*s›
I250818 16:22:21.192655 2055 kv/kvserver/mvcc_gc_queue.go:797 ⋮ [T1,Vsystem,n1,mvccGC,s1,r86/1:‹/{Table/134-Max}›] 180 +‹hint: {0,0 1755445834.582834013,0 1755445834.587412388,0}›
I250818 16:22:21.192706 2055 kv/kvserver/mvcc_gc_queue.go:798 ⋮ [T1,Vsystem,n1,mvccGC,s1,r86/1:‹/{Table/134-Max}›] 181  new score ‹queue=true with 0.00/fuzz(0.95)=0.00=valScaleScore(0.00)*deadFrac(0.04)+intentScore(0.00)›
I250818 16:22:21.192706 2055 kv/kvserver/mvcc_gc_queue.go:798 ⋮ [T1,Vsystem,n1,mvccGC,s1,r86/1:‹/{Table/134-Max}›] 181 +‹likely last GC: 1m25.832688331s ago, 0 B non-live, curr. age 0 B*s, min exp. reduction: 0 B*s›
I250818 16:22:21.192706 2055 kv/kvserver/mvcc_gc_queue.go:798 ⋮ [T1,Vsystem,n1,mvccGC,s1,r86/1:‹/{Table/134-Max}›] 181 +‹hint: {0,0 1755445834.582834013,0 1755445834.587412388,0}›
I250818 16:22:27.401849 2194 sql/sqlliveness/slstorage/slstorage.go:391 ⋮ [n1,intExec=expire-sessions] 182  deleted session 010180d0128f4266a74997898fd860afce2f32 which expired at 1755534142.329032012,0
I250818 16:22:33.413383 1215 jobs/adopt.go:105 ⋮ [T1,Vsystem,n1] 183  claimed 5 jobs
I250818 16:22:33.419370 2287 jobs/adopt.go:224 ⋮ [T1,Vsystem,n1,job=104] 184  job 104: resuming execution
I250818 16:22:33.419370 2290 jobs/adopt.go:224 ⋮ [T1,Vsystem,n1,job=101] 185  job 101: resuming execution
I250818 16:22:33.419377 2289 jobs/adopt.go:224 ⋮ [T1,Vsystem,n1,job=100] 186  job 100: resuming execution
I250818 16:22:33.419380 2286 jobs/adopt.go:224 ⋮ [T1,Vsystem,n1,job=103] 187  job 103: resuming execution
I250818 16:22:33.419380 2288 jobs/adopt.go:224 ⋮ [T1,Vsystem,n1,job=105] 188  job 105: resuming execution
I250818 16:22:33.425441 2308 jobs/registry.go:1681 ⋮ [T1,Vsystem,n1,job=101] 189  POLL JOBS STATS job 101: stepping through state running
I250818 16:22:33.425391 2254 jobs/registry.go:1681 ⋮ [T1,Vsystem,n1,job=104] 191  MVCC STATISTICS UPDATE job 104: stepping through state running
I250818 16:22:33.425099 2292 jobs/registry.go:1681 ⋮ [T1,Vsystem,n1,job=103] 190  AUTO UPDATE SQL ACTIVITY job 103: stepping through state running
I250818 16:22:33.426474 2151 jobs/registry.go:1681 ⋮ [T1,Vsystem,n1,job=100] 192  KEY VISUALIZER job 100: stepping through state running
I250818 16:22:33.424880 2177 jobs/registry.go:1681 ⋮ [T1,Vsystem,n1,job=105] 193  UPDATE TABLE METADATA CACHE job 105: stepping through state running
I250818 16:22:33.430205 2254 sql/mvcc_statistics_update_job.go:63 ⋮ [T1,Vsystem,n1,job=MVCC STATISTICS UPDATE id=104] 194  starting mvcc statistics update job
I250818 16:22:33.430214 2292 sql/sql_activity_update_job.go:88 ⋮ [T1,Vsystem,n1,job=AUTO UPDATE SQL ACTIVITY id=103] 195  starting sql stats activity flush job
I250818 16:22:59.072806 1215 jobs/adopt.go:105 ⋮ [T1,Vsystem,n1] 196  claimed 2 jobs
I250818 16:22:59.076827 2730 jobs/adopt.go:224 ⋮ [T1,Vsystem,n1,job=1098946398292541441] 197  job 1098946398292541441: resuming execution
I250818 16:22:59.077147 2729 jobs/adopt.go:224 ⋮ [T1,Vsystem,n1,job=1098958321112612865] 198  job 1098958321112612865: resuming execution
I250818 16:22:59.079816 2734 jobs/registry.go:1681 ⋮ [T1,Vsystem,n1,job=1098946398292541441] 199  AUTO SPAN CONFIG RECONCILIATION job 1098946398292541441: stepping through state running
I250818 16:22:59.079960 2742 jobs/registry.go:1681 ⋮ [T1,Vsystem,n1,job=1098958321112612865] 200  CHANGEFEED job 1098958321112612865: stepping through state running
I250818 16:22:59.086667 2744 ccl/changefeedccl/changefeed_dist.go:414 ⋮ [T1,Vsystem,n1,job=CHANGEFEED id=1098958321112612865] 201  using bulk oracle for DistSQL planning
I250818 16:22:59.091527 2744 ccl/changefeedccl/changefeed_dist.go:577 ⋮ [T1,Vsystem,n1,job=CHANGEFEED id=1098958321112612865] 202  changefeed plan diagram: ‹https://cockroachdb.github.io/distsqlplan/decode.html#eJyUkc-OmzAQh-99CjRnIxgTqONTqq4q5dBu1a7UwwpVXjwQqwRT22hbId69AtruJlIi5Th_-H4f4xH8zxYkVAfVNVQTaRlhuhXbXGQcEXmBXBQ5MOispk_qSB7kIyCUDHpnK_Leurk1Lgt7_QtkysB0_RDmdsmgso5AjhBMaAkkvF-i3jWNo0YF65IUGGgKyrQL-5sK1YF89IiljJIH9dRSglmWjBjzCcqJgR3CC94H1RBIfOWzvwOZTuxWpQ_OdsGQS_BU6H4IMtpxtsvYbnNRgJ8J4C0CX8j3tvN0EnwpKT1LinEqGZBuaH0IbwdX0Wdnq2V3Le8X0NLQ5MM6xbXYd_9GPjhSx__3e03CqyR-jVQyqFv7_N1okCBESvlWpzHWVMSbQtexetJ5_LYWmRaF0JuMw_yBavx8oq8H-7xgH3738w_WqvXE4KP6QXcUyB1NZ3ww1d_JNL35EwAA__8-0OnH›
I250818 16:22:59.092609 2750 ccl/changefeedccl/sink_kafka_v2.go:246 ⋮ [-] 203  updating kafka metadata for topics: [‹users_changes›]
I250818 16:22:59.097736 2750 ccl/changefeedccl/sink_kafka_v2.go:246 ⋮ [-] 204  updating kafka metadata for topics: [‹users_changes›]
I250818 16:22:59.097979 2833 ccl/changefeedccl/kvfeed/kv_feed.go:332 ⋮ [T1,Vsystem,n1,job=1098958321112612865,change-aggregator] 205  kv feed run starting
I250818 16:22:59.124503 2734 spanconfig/spanconfigsqlwatcher/sqlwatcher.go:241 ⋮ [T1,Vsystem,n1,job=AUTO SPAN CONFIG RECONCILIATION id=1098946398292541441] 206  established range feed over system.descriptors starting at time 1755534179.093111214,0
I250818 16:22:59.124560 2734 spanconfig/spanconfigsqlwatcher/sqlwatcher.go:300 ⋮ [T1,Vsystem,n1,job=AUTO SPAN CONFIG RECONCILIATION id=1098946398292541441] 207  established range feed over system.zones starting at time 1755534179.093111214,0
I250818 16:22:59.124594 2734 spanconfig/spanconfigsqlwatcher/sqlwatcher.go:401 ⋮ [T1,Vsystem,n1,job=AUTO SPAN CONFIG RECONCILIATION id=1098946398292541441] 208  established range feed over system.protected_ts_records starting at time 1755534179.093111214,0
I250818 16:23:55.341838 4372 kv/kvserver/mvcc_gc_queue.go:796 ⋮ [T1,Vsystem,n1,mvccGC,s1,r86/1:‹/{Table/134-Max}›] 209  GC still needed following GC, recomputing MVCC stats
I250818 16:23:55.341931 4372 kv/kvserver/mvcc_gc_queue.go:797 ⋮ [T1,Vsystem,n1,mvccGC,s1,r86/1:‹/{Table/134-Max}›] 210  old score ‹queue=true with 0.00/fuzz(0.95)=0.00=valScaleScore(0.00)*deadFrac(0.04)+intentScore(0.00)›
I250818 16:23:55.341931 4372 kv/kvserver/mvcc_gc_queue.go:797 ⋮ [T1,Vsystem,n1,mvccGC,s1,r86/1:‹/{Table/134-Max}›] 210 +‹likely last GC: 1m30.86946471s ago, 0 B non-live, curr. age 0 B*s, min exp. reduction: 0 B*s›
I250818 16:23:55.341931 4372 kv/kvserver/mvcc_gc_queue.go:797 ⋮ [T1,Vsystem,n1,mvccGC,s1,r86/1:‹/{Table/134-Max}›] 210 +‹hint: {0,0 1755445834.582834013,0 1755445834.587412388,0}›
I250818 16:23:55.342027 4372 kv/kvserver/mvcc_gc_queue.go:798 ⋮ [T1,Vsystem,n1,mvccGC,s1,r86/1:‹/{Table/134-Max}›] 211  new score ‹queue=true with 0.00/fuzz(0.95)=0.00=valScaleScore(0.00)*deadFrac(0.04)+intentScore(0.00)›
I250818 16:23:55.342027 4372 kv/kvserver/mvcc_gc_queue.go:798 ⋮ [T1,Vsystem,n1,mvccGC,s1,r86/1:‹/{Table/134-Max}›] 211 +‹likely last GC: 1m34.150751252s ago, 0 B non-live, curr. age 0 B*s, min exp. reduction: 0 B*s›
I250818 16:23:55.342027 4372 kv/kvserver/mvcc_gc_queue.go:798 ⋮ [T1,Vsystem,n1,mvccGC,s1,r86/1:‹/{Table/134-Max}›] 211 +‹hint: {0,0 1755445834.582834013,0 1755445834.587412388,0}›
I250818 16:24:07.490394 4620 1@jobs/structured_log.go:49 ⋮ [T1,Vsystem,n1] 212 ={"Timestamp":1755534247490390385,"EventType":"status_change","JobID":1099247935363317761,"JobType":"AUTO CREATE PARTIAL STATS","Description":"state changed to: running","PreviousStatus":"running","NewStatus":"running","RunNum":0}
I250818 16:24:07.497083 4620 sql/distsql_plan_stats.go:209 ⋮ [T1,Vsystem,n1,job=AUTO CREATE PARTIAL STATS id=1099247935363317761,create-stats-distsql] 213  using computed sample size of 10000 for histogram construction
I250818 16:24:07.524686 4620 1@jobs/structured_log.go:49 ⋮ [T1,Vsystem,n1] 214 ={"Timestamp":1755534247524683551,"EventType":"status_change","JobID":1099247935363317761,"JobType":"AUTO CREATE PARTIAL STATS","Description":"state changed to: succeeded","PreviousStatus":"running","NewStatus":"succeeded","RunNum":0}
I250818 16:24:14.326657 4851 kv/kvserver/mvcc_gc_queue.go:796 ⋮ [T1,Vsystem,n1,mvccGC,s1,r86/1:‹/{Table/134-Max}›] 215  GC still needed following GC, recomputing MVCC stats
I250818 16:24:14.326875 4851 kv/kvserver/mvcc_gc_queue.go:797 ⋮ [T1,Vsystem,n1,mvccGC,s1,r86/1:‹/{Table/134-Max}›] 216  old score ‹queue=true with 0.00/fuzz(0.95)=0.00=valScaleScore(0.00)*deadFrac(0.04)+intentScore(0.00)›
I250818 16:24:14.326875 4851 kv/kvserver/mvcc_gc_queue.go:797 ⋮ [T1,Vsystem,n1,mvccGC,s1,r86/1:‹/{Table/134-Max}›] 216 +‹likely last GC: 14.878004092s ago, 0 B non-live, curr. age 0 B*s, min exp. reduction: 0 B*s›
I250818 16:24:14.326875 4851 kv/kvserver/mvcc_gc_queue.go:797 ⋮ [T1,Vsystem,n1,mvccGC,s1,r86/1:‹/{Table/134-Max}›] 216 +‹hint: {0,0 1755445834.582834013,0 1755445834.587412388,0}›
I250818 16:24:14.326967 4851 kv/kvserver/mvcc_gc_queue.go:798 ⋮ [T1,Vsystem,n1,mvccGC,s1,r86/1:‹/{Table/134-Max}›] 217  new score ‹queue=true with 0.00/fuzz(0.95)=0.00=valScaleScore(0.00)*deadFrac(0.04)+intentScore(0.00)›
I250818 16:24:14.326967 4851 kv/kvserver/mvcc_gc_queue.go:798 ⋮ [T1,Vsystem,n1,mvccGC,s1,r86/1:‹/{Table/134-Max}›] 217 +‹likely last GC: 19.027638926s ago, 0 B non-live, curr. age 0 B*s, min exp. reduction: 0 B*s›
I250818 16:24:14.326967 4851 kv/kvserver/mvcc_gc_queue.go:798 ⋮ [T1,Vsystem,n1,mvccGC,s1,r86/1:‹/{Table/134-Max}›] 217 +‹hint: {0,0 1755445834.582834013,0 1755445834.587412388,0}›
I250818 16:25:07.547966 5751 1@jobs/structured_log.go:49 ⋮ [T1,Vsystem,n1] 218 ={"Timestamp":1755534307547962843,"EventType":"status_change","JobID":1099248132196204545,"JobType":"AUTO CREATE PARTIAL STATS","Description":"state changed to: running","PreviousStatus":"running","NewStatus":"running","RunNum":0}
I250818 16:25:07.549982 5751 sql/distsql_plan_stats.go:209 ⋮ [T1,Vsystem,n1,job=AUTO CREATE PARTIAL STATS id=1099248132196204545,create-stats-distsql] 219  using computed sample size of 10000 for histogram construction
I250818 16:25:07.575906 5751 1@jobs/structured_log.go:49 ⋮ [T1,Vsystem,n1] 220 ={"Timestamp":1755534307575903926,"EventType":"status_change","JobID":1099248132196204545,"JobType":"AUTO CREATE PARTIAL STATS","Description":"state changed to: succeeded","PreviousStatus":"running","NewStatus":"succeeded","RunNum":0}
I250818 16:25:27.421037 6242 kv/kvserver/mvcc_gc_queue.go:796 ⋮ [T1,Vsystem,n1,mvccGC,s1,r86/1:‹/{Table/134-Max}›] 221  GC still needed following GC, recomputing MVCC stats
I250818 16:25:27.421121 6242 kv/kvserver/mvcc_gc_queue.go:797 ⋮ [T1,Vsystem,n1,mvccGC,s1,r86/1:‹/{Table/134-Max}›] 222  old score ‹queue=true with 0.00/fuzz(0.95)=0.00=valScaleScore(0.00)*deadFrac(0.04)+intentScore(0.00)›
I250818 16:25:27.421121 6242 kv/kvserver/mvcc_gc_queue.go:797 ⋮ [T1,Vsystem,n1,mvccGC,s1,r86/1:‹/{Table/134-Max}›] 222 +‹likely last GC: 1m7.923230616s ago, 0 B non-live, curr. age 0 B*s, min exp. reduction: 0 B*s›
I250818 16:25:27.421121 6242 kv/kvserver/mvcc_gc_queue.go:797 ⋮ [T1,Vsystem,n1,mvccGC,s1,r86/1:‹/{Table/134-Max}›] 222 +‹hint: {0,0 1755445834.582834013,0 1755445834.587412388,0}›
I250818 16:25:27.421181 6242 kv/kvserver/mvcc_gc_queue.go:798 ⋮ [T1,Vsystem,n1,mvccGC,s1,r86/1:‹/{Table/134-Max}›] 223  new score ‹queue=true with 0.00/fuzz(0.95)=0.00=valScaleScore(0.00)*deadFrac(0.04)+intentScore(0.00)›
I250818 16:25:27.421181 6242 kv/kvserver/mvcc_gc_queue.go:798 ⋮ [T1,Vsystem,n1,mvccGC,s1,r86/1:‹/{Table/134-Max}›] 223 +‹likely last GC: 1m13.096424201s ago, 0 B non-live, curr. age 0 B*s, min exp. reduction: 0 B*s›
I250818 16:25:27.421181 6242 kv/kvserver/mvcc_gc_queue.go:798 ⋮ [T1,Vsystem,n1,mvccGC,s1,r86/1:‹/{Table/134-Max}›] 223 +‹hint: {0,0 1755445834.582834013,0 1755445834.587412388,0}›
I250818 16:26:07.607963 6953 1@jobs/structured_log.go:49 ⋮ [T1,Vsystem,n1] 224 ={"Timestamp":1755534367607952093,"EventType":"status_change","JobID":1099248328966733825,"JobType":"AUTO CREATE PARTIAL STATS","Description":"state changed to: running","PreviousStatus":"running","NewStatus":"running","RunNum":0}
I250818 16:26:07.614294 6953 sql/distsql_plan_stats.go:209 ⋮ [T1,Vsystem,n1,job=AUTO CREATE PARTIAL STATS id=1099248328966733825,create-stats-distsql] 225  using computed sample size of 10000 for histogram construction
I250818 16:26:07.654820 6953 1@jobs/structured_log.go:49 ⋮ [T1,Vsystem,n1] 226 ={"Timestamp":1755534367654743635,"EventType":"status_change","JobID":1099248328966733825,"JobType":"AUTO CREATE PARTIAL STATS","Description":"state changed to: succeeded","PreviousStatus":"running","NewStatus":"succeeded","RunNum":0}
I250818 16:26:48.516459 7738 kv/kvserver/mvcc_gc_queue.go:796 ⋮ [T1,Vsystem,n1,mvccGC,s1,r86/1:‹/{Table/134-Max}›] 227  GC still needed following GC, recomputing MVCC stats
I250818 16:26:48.516562 7738 kv/kvserver/mvcc_gc_queue.go:797 ⋮ [T1,Vsystem,n1,mvccGC,s1,r86/1:‹/{Table/134-Max}›] 228  old score ‹queue=true with 0.00/fuzz(0.95)=0.00=valScaleScore(0.00)*deadFrac(0.04)+intentScore(0.00)›
I250818 16:26:48.516562 7738 kv/kvserver/mvcc_gc_queue.go:797 ⋮ [T1,Vsystem,n1,mvccGC,s1,r86/1:‹/{Table/134-Max}›] 228 +‹likely last GC: 1m15.878206662s ago, 0 B non-live, curr. age 0 B*s, min exp. reduction: 0 B*s›
I250818 16:26:48.516562 7738 kv/kvserver/mvcc_gc_queue.go:797 ⋮ [T1,Vsystem,n1,mvccGC,s1,r86/1:‹/{Table/134-Max}›] 228 +‹hint: {0,0 1755445834.582834013,0 1755445834.587412388,0}›
I250818 16:26:48.516647 7738 kv/kvserver/mvcc_gc_queue.go:798 ⋮ [T1,Vsystem,n1,mvccGC,s1,r86/1:‹/{Table/134-Max}›] 229  new score ‹queue=true with 0.00/fuzz(0.95)=0.00=valScaleScore(0.00)*deadFrac(0.04)+intentScore(0.00)›
I250818 16:26:48.516647 7738 kv/kvserver/mvcc_gc_queue.go:798 ⋮ [T1,Vsystem,n1,mvccGC,s1,r86/1:‹/{Table/134-Max}›] 229 +‹likely last GC: 1m21.097736496s ago, 0 B non-live, curr. age 0 B*s, min exp. reduction: 0 B*s›
I250818 16:26:48.516647 7738 kv/kvserver/mvcc_gc_queue.go:798 ⋮ [T1,Vsystem,n1,mvccGC,s1,r86/1:‹/{Table/134-Max}›] 229 +‹hint: {0,0 1755445834.582834013,0 1755445834.587412388,0}›
I250818 16:27:02.529157 7928 kv/kvserver/mvcc_gc_queue.go:796 ⋮ [T1,Vsystem,n1,mvccGC,s1,r86/1:‹/{Table/134-Max}›] 230  GC still needed following GC, recomputing MVCC stats
I250818 16:27:02.529250 7928 kv/kvserver/mvcc_gc_queue.go:797 ⋮ [T1,Vsystem,n1,mvccGC,s1,r86/1:‹/{Table/134-Max}›] 231  old score ‹queue=true with 0.00/fuzz(0.95)=0.00=valScaleScore(0.00)*deadFrac(0.04)+intentScore(0.00)›
I250818 16:27:02.529250 7928 kv/kvserver/mvcc_gc_queue.go:797 ⋮ [T1,Vsystem,n1,mvccGC,s1,r86/1:‹/{Table/134-Max}›] 231 +‹likely last GC: 9.678261256s ago, 0 B non-live, curr. age 0 B*s, min exp. reduction: 0 B*s›
I250818 16:27:02.529250 7928 kv/kvserver/mvcc_gc_queue.go:797 ⋮ [T1,Vsystem,n1,mvccGC,s1,r86/1:‹/{Table/134-Max}›] 231 +‹hint: {0,0 1755445834.582834013,0 1755445834.587412388,0}›
I250818 16:27:02.529302 7928 kv/kvserver/mvcc_gc_queue.go:798 ⋮ [T1,Vsystem,n1,mvccGC,s1,r86/1:‹/{Table/134-Max}›] 232  new score ‹queue=true with 0.00/fuzz(0.95)=0.00=valScaleScore(0.00)*deadFrac(0.04)+intentScore(0.00)›
I250818 16:27:02.529302 7928 kv/kvserver/mvcc_gc_queue.go:798 ⋮ [T1,Vsystem,n1,mvccGC,s1,r86/1:‹/{Table/134-Max}›] 232 +‹likely last GC: 14.015360006s ago, 0 B non-live, curr. age 0 B*s, min exp. reduction: 0 B*s›
I250818 16:27:02.529302 7928 kv/kvserver/mvcc_gc_queue.go:798 ⋮ [T1,Vsystem,n1,mvccGC,s1,r86/1:‹/{Table/134-Max}›] 232 +‹hint: {0,0 1755445834.582834013,0 1755445834.587412388,0}›
I250818 16:27:41.866806 1 1@cli/start.go:993 ⋮ [T1,Vsystem,n1] 233  received signal 'terminated'
I250818 16:27:41.869128 1 1@cli/start.go:1034 ⋮ [T1,Vsystem,n1] 234  initiating graceful shutdown of server
I250818 16:27:41.876876 8721 server/drain.go:353 ⋮ [T1,Vsystem,n1,server drain process,call-graceful-drain] 235  all tenant servers stopped
I250818 16:27:41.879874 8721 1@server/drain.go:399 ⋮ [T1,Vsystem,n1,server drain process,call-graceful-drain] 236  waiting for health probes to notice that the node is not ready for new sql connections
I250818 16:27:44.881524 8679 1@server/drain.go:513 ⋮ [T1,Vsystem,n1,server drain process,call-graceful-drain] 237  number of open connections: 0
I250818 16:27:46.875068 8703 1@cli/start.go:1046 ⋮ [T1,Vsystem,n1] 238  370 running tasks
I250818 16:27:51.874062 8703 1@cli/start.go:1046 ⋮ [T1,Vsystem,n1] 239  370 running tasks
