I250729 20:40:53.163900 1 util/log/file_sync_buffer.go:237 ⋮ [config]   file created at: 2025/07/29 20:40:53
I250729 20:40:53.163924 1 util/log/file_sync_buffer.go:237 ⋮ [config]   running on machine: ‹e6e23dae80d5›
I250729 20:40:53.163934 1 util/log/file_sync_buffer.go:237 ⋮ [config]   binary: CockroachDB CCL v25.2.0 (aarch64-unknown-linux-gnu, built 2025/05/15 21:07:42, go1.23.7 X:nocoverageredesign)
I250729 20:40:53.163938 1 util/log/file_sync_buffer.go:237 ⋮ [config]   arguments: [‹/cockroach/cockroach› ‹start-single-node› ‹--certs-dir=certs› ‹--advertise-addr=127.0.0.1:26257› ‹--insecure› ‹--http-addr=0.0.0.0:8080›]
I250729 20:40:53.163948 1 util/log/file_sync_buffer.go:237 ⋮ [config]   log format (utf8=✓): crdb-v2
I250729 20:40:53.163951 1 util/log/file_sync_buffer.go:237 ⋮ [config]   line format: [IWEF]yymmdd hh:mm:ss.uuuuuu goid [chan@]file:line redactionmark \[tags\] [counter] msg
W250729 20:40:53.155488 1 1@cli/start.go:1438 ⋮ [n?] 1  ALL SECURITY CONTROLS HAVE BEEN DISABLED!
W250729 20:40:53.155488 1 1@cli/start.go:1438 ⋮ [n?] 1 +
W250729 20:40:53.155488 1 1@cli/start.go:1438 ⋮ [n?] 1 +This mode is intended for non-production testing only.
W250729 20:40:53.155488 1 1@cli/start.go:1438 ⋮ [n?] 1 +
W250729 20:40:53.155488 1 1@cli/start.go:1438 ⋮ [n?] 1 +In this mode:
W250729 20:40:53.155488 1 1@cli/start.go:1438 ⋮ [n?] 1 +- Your cluster is open to any client that can access ‹any of your IP addresses›.
W250729 20:40:53.155488 1 1@cli/start.go:1438 ⋮ [n?] 1 +- Intruders with access to your machine or network can observe client-server traffic.
W250729 20:40:53.155488 1 1@cli/start.go:1438 ⋮ [n?] 1 +- Intruders can log in without password and read or write any data in the cluster.
W250729 20:40:53.155488 1 1@cli/start.go:1438 ⋮ [n?] 1 +- Intruders can consume all your server's resources and cause unavailability.
I250729 20:40:53.180953 1 1@cli/start.go:1448 ⋮ [n?] 2  To start a secure server without mandating TLS for clients,
I250729 20:40:53.180953 1 1@cli/start.go:1448 ⋮ [n?] 2 +consider --accept-sql-without-tls instead. For other options, see:
I250729 20:40:53.180953 1 1@cli/start.go:1448 ⋮ [n?] 2 +
I250729 20:40:53.180953 1 1@cli/start.go:1448 ⋮ [n?] 2 +- https://go.crdb.dev/issue-v/53404/v25.2
I250729 20:40:53.180953 1 1@cli/start.go:1448 ⋮ [n?] 2 +- https://www.cockroachlabs.com/docs/v25.2/secure-a-cluster.html
I250729 20:40:53.181176 1 server/status/recorder.go:856 ⋮ [n?] 3  ‹available memory from cgroups (8.0 EiB) is unsupported, using system memory 8.7 GiB instead: ›
W250729 20:40:53.181269 1 1@cli/start.go:1360 ⋮ [n?] 4  Using the default setting for --cache (128 MiB).
W250729 20:40:53.181269 1 1@cli/start.go:1360 ⋮ [n?] 4 +  A significantly larger value is usually needed for good performance.
W250729 20:40:53.181269 1 1@cli/start.go:1360 ⋮ [n?] 4 +  If you have a dedicated server a reasonable setting is --cache=.25 (2.2 GiB).
I250729 20:40:53.181475 1 server/status/recorder.go:856 ⋮ [n?] 5  ‹available memory from cgroups (8.0 EiB) is unsupported, using system memory 8.7 GiB instead: ›
I250729 20:40:53.181485 1 1@cli/start.go:1477 ⋮ [n?] 6  CockroachDB CCL v25.2.0 (aarch64-unknown-linux-gnu, built 2025/05/15 21:07:42, go1.23.7 X:nocoverageredesign)
I250729 20:40:53.182260 1 server/status/recorder.go:856 ⋮ [n?] 7  ‹available memory from cgroups (8.0 EiB) is unsupported, using system memory 8.7 GiB instead: ›
I250729 20:40:53.182348 1 1@cli/start.go:554 ⋮ [n?] 8  soft memory limit of Go runtime is set to 4.9 GiB
I250729 20:40:53.182379 1 1@cli/start.go:591 ⋮ [n?] 9  GC target percentage of Go runtime is set to 300%
I250729 20:40:53.282054 1 server/status/recorder.go:856 ⋮ [T1,Vsystem,n?] 10  ‹available memory from cgroups (8.0 EiB) is unsupported, using system memory 8.7 GiB instead: ›
I250729 20:40:53.282126 1 server/config.go:674 ⋮ [T1,Vsystem,n?] 11  system total memory: 8.7 GiB
I250729 20:40:53.282162 1 server/config.go:676 ⋮ [T1,Vsystem,n?] 12  server configuration:
I250729 20:40:53.282162 1 server/config.go:676 ⋮ [T1,Vsystem,n?] 12 +max offset             500000000
I250729 20:40:53.282162 1 server/config.go:676 ⋮ [T1,Vsystem,n?] 12 +cache size             128 MiB
I250729 20:40:53.282162 1 server/config.go:676 ⋮ [T1,Vsystem,n?] 12 +SQL memory pool size   2.2 GiB
I250729 20:40:53.282162 1 server/config.go:676 ⋮ [T1,Vsystem,n?] 12 +scan interval          10m0s
I250729 20:40:53.282162 1 server/config.go:676 ⋮ [T1,Vsystem,n?] 12 +scan min idle time     10ms
I250729 20:40:53.282162 1 server/config.go:676 ⋮ [T1,Vsystem,n?] 12 +scan max idle time     1s
I250729 20:40:53.282162 1 server/config.go:676 ⋮ [T1,Vsystem,n?] 12 +event log enabled      true
I250729 20:40:53.282228 1 1@cli/start.go:1338 ⋮ [T1,Vsystem,n?] 13  using local environment variables:
I250729 20:40:53.282228 1 1@cli/start.go:1338 ⋮ [T1,Vsystem,n?] 13 +COCKROACH_CHANNEL=official-docker
I250729 20:40:53.282245 1 1@cli/start.go:1345 ⋮ [T1,Vsystem,n?] 14  process identity: uid 0 euid 0 gid 0 egid 0
I250729 20:40:53.296675 1 1@cli/start.go:1500 ⋮ [T1,Vsystem,n?] 15  GEOS loaded from directory ‹/usr/local/lib/cockroach›
I250729 20:40:53.296729 1 1@cli/start.go:777 ⋮ [T1,Vsystem,n?] 16  starting cockroach node
I250729 20:40:56.069434 35 server/config.go:880 ⋮ [T1,Vsystem,n?] 17  1 storage engine initialized
I250729 20:40:56.069764 35 server/config.go:883 ⋮ [T1,Vsystem,n?] 18  Pebble cache size: 128 MiB
I250729 20:40:56.069870 35 server/config.go:883 ⋮ [T1,Vsystem,n?] 19  store 0: max size 0 B, max open file limit 1043576
I250729 20:40:56.069873 35 server/config.go:883 ⋮ [T1,Vsystem,n?] 20  store 0: /cockroach/cockroach-data: rw encrypted=false fs:{bdev=/run/host_mark/Users fstype=fakeowner mountpoint=/cockroach/cockroach-data mountopts=rw,nosuid,nodev,relatime,fakeowner}
I250729 20:40:56.073618 118 util/cidr/cidr.go:299 ⋮ [T1,Vsystem,n?] 21  CIDR lookup updated with 0 destinations
I250729 20:40:56.172817 35 1@server/clock_monotonicity.go:61 ⋮ [T1,Vsystem,n?] 22  monitoring forward clock jumps based on server.clock.forward_jump_check.enabled
I250729 20:40:56.185048 35 1@server/clock_monotonicity.go:136 ⋮ [T1,Vsystem,n1] 23  Sleeping till wall time 1753821656185041504 to catches up to 1753821656672787255 to ensure monotonicity. Sub: 487.745751ms
I250729 20:40:56.185109 567 1@server/server.go:1802 ⋮ [T1,Vsystem,n1] 24  connecting to gossip network to verify cluster ID "ad7eb413-6f81-429f-8b5f-ee89af2e84c8"
W250729 20:40:56.673665 35 1@cli/start.go:1299 ⋮ [T1,Vsystem,n1] 25  Running a server without --sql-addr, with a combined RPC/SQL listener, is deprecated.
W250729 20:40:56.673665 35 1@cli/start.go:1299 ⋮ [T1,Vsystem,n1] 25 +This feature will be removed in a later version of CockroachDB.
W250729 20:40:56.673810 35 1@gossip/gossip.go:1460 ⋮ [T1,Vsystem,n1] 26  no addresses found; use --join to specify a connected node
I250729 20:40:56.677355 597 kv/kvserver/kvstorage/init.go:250 ⋮ [T1,Vsystem,n1,s1] 27  beginning range descriptor iteration
I250729 20:40:56.677647 597 kv/kvserver/kvstorage/init.go:374 ⋮ [T1,Vsystem,n1,s1] 28  range descriptor iteration done: 55 range descriptors, 0 intents, 0 tombstones; stats: ‹seeked 114 times (58 internal); stepped 0 times (0 internal); blocks: 81KB cached; points: 56 (1.1KB keys, 1.6KB values); separated: 7 (203B, 0B fetched)›
I250729 20:40:56.681598 597 kv/kvserver/kvstorage/init.go:501 ⋮ [T1,Vsystem,n1,s1] 29  loaded replica ID for 55/55 replicas
I250729 20:40:56.682288 597 kv/kvserver/kvstorage/init.go:518 ⋮ [T1,Vsystem,n1,s1] 30  loaded Raft state for 55/55 replicas
I250729 20:40:56.682330 597 kv/kvserver/kvstorage/init.go:545 ⋮ [T1,Vsystem,n1,s1] 31  loaded 55 replicas
I250729 20:40:56.682348 597 kv/kvserver/kvstorage/init.go:576 ⋮ [T1,Vsystem,n1,s1] 32  verified 55/55 replicas
I250729 20:40:56.694197 597 kv/kvserver/store.go:2369 ⋮ [T1,Vsystem,n1,s1] 33  initialized 55/55 replicas
I250729 20:40:56.696273 567 1@server/server.go:1805 ⋮ [T1,Vsystem,n1] 34  node connected via gossip
I250729 20:40:56.697202 597 server/node.go:690 ⋮ [T1,Vsystem,n1] 35  initialized store s1 in 23ms (55 replicas)
I250729 20:40:56.697277 35 kv/kvserver/stores.go:261 ⋮ [T1,Vsystem,n1] 36  read 0 node addresses from persistent storage
I250729 20:40:56.699506 35 server/node.go:801 ⋮ [T1,Vsystem,n1] 37  started with attributes []
I250729 20:40:56.699654 35 server/goroutinedumper/goroutinedumper.go:117 ⋮ [T1,Vsystem,n1] 38  writing goroutine dumps to ‹/cockroach/cockroach-data/logs/goroutine_dump›
I250729 20:40:56.699743 35 server/profiler/heapprofiler.go:72 ⋮ [T1,Vsystem,n1] 39  writing go heap profiles to ‹/cockroach/cockroach-data/logs/heap_profiler› at least every 1h0m0s
I250729 20:40:56.699761 35 server/profiler/memory_monitoring_profiler.go:66 ⋮ [T1,Vsystem,n1] 40  writing memory monitoring dumps to ‹/cockroach/cockroach-data/logs/heap_profiler› at least every 1h0m0s
I250729 20:40:56.699766 35 server/profiler/cgoprofiler.go:66 ⋮ [T1,Vsystem,n1] 41  to enable jmalloc profiling: "export MALLOC_CONF=prof:true" or "ln -s prof:true /etc/malloc.conf"
I250729 20:40:56.699789 35 server/profiler/statsprofiler.go:68 ⋮ [T1,Vsystem,n1] 42  writing memory stats to ‹/cockroach/cockroach-data/logs/heap_profiler› at last every 1h0m0s
I250729 20:40:56.699980 35 server/profiler/activequeryprofiler.go:88 ⋮ [T1,Vsystem,n1] 43  writing go query profiles to ‹/cockroach/cockroach-data/logs/heap_profiler›
I250729 20:40:56.700013 35 server/profiler/cpuprofiler.go:87 ⋮ [T1,Vsystem,n1] 44  writing cpu profile dumps to ‹/cockroach/cockroach-data/logs/pprof_dump›
I250729 20:40:56.705199 35 1@server/server.go:1999 ⋮ [T1,Vsystem,n1] 45  starting http server at ‹[::]:8080› (use: ‹127.0.0.1:8080›)
I250729 20:40:56.705237 35 1@server/server.go:2007 ⋮ [T1,Vsystem,n1] 46  starting grpc/postgres server at ‹[::]:26257›
I250729 20:40:56.705248 35 1@server/server.go:2008 ⋮ [T1,Vsystem,n1] 47  advertising CockroachDB node at ‹127.0.0.1:26257›
I250729 20:40:56.706533 751 kv/kvserver/queue.go:612 ⋮ [T1,Vsystem,n1,s1,r47/1:‹/Table/4{4-5}›,raft] 48  rate limited in MaybeAdd (replicate): throttled on async limiting semaphore
I250729 20:40:56.706867 652 kv/kvserver/storeliveness/support_manager.go:285 ⋮ [T1,Vsystem,n1,s1] 49  starting to heartbeat store {NodeID:1 StoreID:1}
I250729 20:40:56.712932 727 kv/kvserver/queue.go:612 ⋮ [T1,Vsystem,n1,s1,r46/1:‹/Table/4{3-4}›,raft] 50  rate limited in MaybeAdd (merge): throttled on async limiting semaphore
I250729 20:40:56.721349 652 kv/kvserver/storeliveness/supporter_state.go:298 ⋮ [T1,Vsystem,n1,s1] 51  provided support for store {NodeID:1 StoreID:1}; old = {Target:{NodeID:1 StoreID:1} Epoch:8 Expiration:1753821541.816870296,0}, new = {Target:{NodeID:1 StoreID:1} Epoch:9 Expiration:1753821659.706898420,0}
I250729 20:40:56.721964 652 kv/kvserver/storeliveness/requester_state.go:425 ⋮ [T1,Vsystem,n1,s1] 52  received support from store {NodeID:1 StoreID:1}; old = {Target:{NodeID:1 StoreID:1} Epoch:9 Expiration:0,0}, new = {Target:{NodeID:1 StoreID:1} Epoch:9 Expiration:1753821659.706898420,0}
I250729 20:40:56.767123 35 1@util/log/event_log.go:39 ⋮ [T1,Vsystem,n1] 53 ={"Timestamp":1753821656767105545,"EventType":"node_restart","NodeID":1,"StartedAt":1753821656673941379,"LastUp":1753821539352732755}
I250729 20:40:56.768223 873 kv/kvclient/rangefeed/rangefeedcache/watcher.go:340 ⋮ [T1,Vsystem,n1] 54  settings-watcher: established range feed cache
I250729 20:40:56.768216 871 kv/kvclient/rangefeed/rangefeedcache/watcher.go:340 ⋮ [T1,Vsystem,n1] 55  spanconfig-subscriber: established range feed cache
I250729 20:40:56.795410 35 sql/sqlliveness/slinstance/slinstance.go:435 ⋮ [T1,Vsystem,n1] 56  starting SQL liveness instance
I250729 20:40:56.801642 832 sql/sqlliveness/slstorage/slstorage.go:540 ⋮ [T1,Vsystem,n1] 57  inserted sqlliveness session 010180e3eb1f121f8c4a828177e6e7785e4d2b with expiry 1753821696.795558254,0
I250729 20:40:56.801753 832 sql/sqlliveness/slinstance/slinstance.go:247 ⋮ [T1,Vsystem,n1] 58  created new SQL liveness session 010180e3eb1f121f8c4a828177e6e7785e4d2b
I250729 20:40:56.801877 35 sql/sqlinstance/instancestorage/instancestorage.go:338 ⋮ [T1,Vsystem,n1] 59  assigning instance id to rpc addr ‹127.0.0.1:26257› and sql addr ‹127.0.0.1:26257›
I250729 20:40:56.806068 35 server/server_sql.go:1618 ⋮ [T1,Vsystem,n1] 60  bound sqlinstance: Instance{RegionPrefix: gA==, InstanceID: 1, SQLAddr: ‹127.0.0.1:26257›, RPCAddr: ‹127.0.0.1:26257›, SessionID: 010180e3eb1f121f8c4a828177e6e7785e4d2b, Locality: , BinaryVersion: 25.2}
I250729 20:40:56.807895 1161 sql/sqlstats/persistedsqlstats/provider.go:159 ⋮ [T1,Vsystem,n1] 61  starting sql-stats-worker with initial delay: 9m44.261512521s
I250729 20:40:56.808251 35 upgrade/upgrademanager/manager.go:171 ⋮ [T1,Vsystem,n1] 62  running permanent upgrades up to version: 25.2
I250729 20:40:56.812974 1190 kv/kvclient/rangefeed/rangefeedcache/watcher.go:340 ⋮ [T1,Vsystem,n1] 63  system-config-cache: established range feed cache
I250729 20:40:56.812931 1158 sql/temporary_schema.go:506 ⋮ [T1,Vsystem,n1] 64  running temporary object cleanup background job
I250729 20:40:56.816414 1148 kv/kvserver/replica_rangefeed.go:882 ⋮ [T1,Vsystem,n1,rangefeed=‹lease›,mux_n=1,gen=2,r6/1:‹/Table/{0-4}›,sm=1,sid=1,s1] 65  RangeFeed closed timestamp 1753819088.748083553,0 is behind by 42m48.068325909s (behind=42m48.068325909s target=3s nudge=true cancel=false)
I250729 20:40:56.843929 1158 sql/temporary_schema.go:556 ⋮ [T1,Vsystem,n1] 66  found 0 temporary schemas
I250729 20:40:56.844085 1158 sql/temporary_schema.go:559 ⋮ [T1,Vsystem,n1] 67  early exiting temporary schema cleaner as no temporary schemas were found
I250729 20:40:56.844109 1158 sql/temporary_schema.go:560 ⋮ [T1,Vsystem,n1] 68  completed temporary object cleanup job
I250729 20:40:56.844670 1158 sql/temporary_schema.go:641 ⋮ [T1,Vsystem,n1] 69  temporary object cleaner next scheduled to run at 2025-07-29 21:10:56.80804642 +0000 UTC m=+1804.339742462
I250729 20:40:56.881260 35 upgrade/upgrademanager/manager.go:233 ⋮ [T1,Vsystem,n1] 70  detected the last permanent upgrade (v0.0-upgrading-step-004) to have already completed; no permanent upgrades will run
I250729 20:40:56.881410 35 server/server_sql.go:1720 ⋮ [T1,Vsystem,n1] 71  done ensuring all necessary startup migrations have run
I250729 20:40:56.882959 35 server/license/enforcer.go:262 ⋮ [T1,Vsystem,n1] 72  trial license expiry initialized to 1970-01-01 00:00:00 +0000 UTC
I250729 20:40:56.883101 35 server/license/enforcer.go:298 ⋮ [T1,Vsystem,n1] 73  fetched existing cluster init grace period end time: 2025-08-05 14:00:31 +0000 UTC
I250729 20:40:56.883216 35 server/license/enforcer.go:498 ⋮ [T1,Vsystem,n1] 74  enforcer license updated: type is none, grace period ends at "2025-08-05 14:00:31 +0000 UTC", telemetry required: false
I250729 20:40:56.883244 35 server/license/enforcer.go:498 ⋮ [T1,Vsystem,n1] 75  enforcer license updated: type is none, grace period ends at "2025-08-05 14:00:31 +0000 UTC", telemetry required: false
I250729 20:40:56.936001 1498 kv/kvclient/rangefeed/rangefeedcache/watcher.go:340 ⋮ [T1,Vsystem,n1] 76  tenant-settings-watcher: established range feed cache
I250729 20:40:56.940062 1447 jobs/job_scheduler.go:407 ⋮ [T1,Vsystem,n1] 77  waiting 2m0s before scheduled jobs daemon start
I250729 20:40:56.948460 1445 sql/syntheticprivilegecache/cache.go:202 ⋮ [T1,Vsystem,n1] 78  warmed privileges for virtual tables in 63.823291ms
I250729 20:40:56.969915 1479 kv/kvclient/rangefeed/rangefeedcache/watcher.go:340 ⋮ [T1,Vsystem,n1] 79  tenant-entry-watcher: established range feed cache
I250729 20:40:56.974192 1479 multitenant/tenantcapabilities/tenantcapabilitieswatcher/watcher.go:285 ⋮ [T1,Vsystem,n1] 80  received results of a full table scan for tenant capabilities
I250729 20:40:56.998999 35 server/license/enforcer.go:582 ⋮ [T1,Vsystem,n1] 81  disable all license enforcement
I250729 20:40:56.999046 35 1@server/server_sql.go:1971 ⋮ [T1,Vsystem,n1] 82  serving sql connections
I250729 20:40:56.999275 35 1@cli/start.go:1286 ⋮ [T1,Vsystem,n1] 83  node startup completed:
I250729 20:40:56.999275 35 1@cli/start.go:1286 ⋮ [T1,Vsystem,n1] 83 +CockroachDB node starting at 2025-07-29 20:40:56.999091337 +0000 UTC m=+4.530787420 (took 3.9s)
I250729 20:40:56.999275 35 1@cli/start.go:1286 ⋮ [T1,Vsystem,n1] 83 +build:               CCL v25.2.0 @ 2025/05/15 21:07:42 (go1.23.7 X:nocoverageredesign)
I250729 20:40:56.999275 35 1@cli/start.go:1286 ⋮ [T1,Vsystem,n1] 83 +malloc_conf:         prof:false,prof_active:true,background_thread:true,thp:never,metadata_thp:disabled,narenas:48,dirty_decay_ms:2000,muzzy_decay_ms:0
I250729 20:40:56.999275 35 1@cli/start.go:1286 ⋮ [T1,Vsystem,n1] 83 +webui:               ‹http://127.0.0.1:8080›
I250729 20:40:56.999275 35 1@cli/start.go:1286 ⋮ [T1,Vsystem,n1] 83 +sql:                 ‹postgresql://root@127.0.0.1:26257/defaultdb?sslmode=disable›
I250729 20:40:56.999275 35 1@cli/start.go:1286 ⋮ [T1,Vsystem,n1] 83 +sql (JDBC):          ‹jdbc:postgresql://127.0.0.1:26257/defaultdb?sslmode=disable&user=root›
I250729 20:40:56.999275 35 1@cli/start.go:1286 ⋮ [T1,Vsystem,n1] 83 +RPC client flags:    ‹/cockroach/cockroach <client cmd> --host=127.0.0.1:26257 --insecure›
I250729 20:40:56.999275 35 1@cli/start.go:1286 ⋮ [T1,Vsystem,n1] 83 +logs:                ‹/cockroach/cockroach-data/logs›
I250729 20:40:56.999275 35 1@cli/start.go:1286 ⋮ [T1,Vsystem,n1] 83 +temp dir:            ‹/cockroach/cockroach-data/cockroach-temp985385112›
I250729 20:40:56.999275 35 1@cli/start.go:1286 ⋮ [T1,Vsystem,n1] 83 +external I/O path:   ‹/cockroach/cockroach-data/extern›
I250729 20:40:56.999275 35 1@cli/start.go:1286 ⋮ [T1,Vsystem,n1] 83 +store[0]:            ‹path=/cockroach/cockroach-data›
I250729 20:40:56.999275 35 1@cli/start.go:1286 ⋮ [T1,Vsystem,n1] 83 +clusterID:           ad7eb413-6f81-429f-8b5f-ee89af2e84c8
I250729 20:40:56.999275 35 1@cli/start.go:1286 ⋮ [T1,Vsystem,n1] 83 +status:              restarted pre-existing node
I250729 20:40:56.999275 35 1@cli/start.go:1286 ⋮ [T1,Vsystem,n1] 83 +nodeID:              1
I250729 20:40:57.008166 1453 server/auto_upgrade.go:81 ⋮ [T1,Vsystem,n1] 84  no need to upgrade, cluster already at the newest version
I250729 20:40:57.722820 596 1@gossip/gossip.go:1476 ⋮ [T1,Vsystem,n1] 85  node has connected to cluster via gossip
I250729 20:40:57.723680 596 kv/kvserver/stores.go:280 ⋮ [T1,Vsystem,n1] 86  wrote 0 node addresses to persistent storage
I250729 20:40:59.357435 1448 server/diagnostics/update_checker.go:144 ⋮ [T1,Vsystem,n1] 87  a new version is available: ‹25.2.2›, details: ‹https://www.cockroachlabs.com/docs/releases/v25.2#v25-2-2›
I250729 20:41:31.452672 1188 jobs/adopt.go:105 ⋮ [T1,Vsystem,n1] 88  claimed 10 jobs
I250729 20:41:31.459351 2389 jobs/adopt.go:224 ⋮ [T1,Vsystem,n1,job=1093603905826619393] 89  job 1093603905826619393: resuming execution
I250729 20:41:31.460528 2304 jobs/adopt.go:224 ⋮ [T1,Vsystem,n1,job=1093603906042331137] 90  job 1093603906042331137: resuming execution
I250729 20:41:31.461496 2386 jobs/adopt.go:224 ⋮ [T1,Vsystem,n1,job=1093603907388440577] 91  job 1093603907388440577: resuming execution
I250729 20:41:31.461541 2387 jobs/adopt.go:224 ⋮ [T1,Vsystem,n1,job=1093560487254097921] 92  job 1093560487254097921: resuming execution
I250729 20:41:31.461581 2388 jobs/adopt.go:224 ⋮ [T1,Vsystem,n1,job=1093603905577320449] 93  job 1093603905577320449: resuming execution
I250729 20:41:31.461643 2305 jobs/adopt.go:224 ⋮ [T1,Vsystem,n1,job=1093603906985492481] 94  job 1093603906985492481: resuming execution
I250729 20:41:31.461743 2301 jobs/adopt.go:224 ⋮ [T1,Vsystem,n1,job=1093603906293301249] 95  job 1093603906293301249: resuming execution
I250729 20:41:31.461841 2302 jobs/adopt.go:224 ⋮ [T1,Vsystem,n1,job=1093603906756608001] 96  job 1093603906756608001: resuming execution
I250729 20:41:31.461986 2303 jobs/adopt.go:224 ⋮ [T1,Vsystem,n1,job=1093603907184328705] 97  job 1093603907184328705: resuming execution
I250729 20:41:31.462073 2300 jobs/adopt.go:224 ⋮ [T1,Vsystem,n1,job=1093603907597500417] 98  job 1093603907597500417: resuming execution
I250729 20:41:31.476808 1916 jobs/registry.go:1681 ⋮ [T1,Vsystem,n1,job=1093560487254097921] 99  SCHEMA CHANGE GC job 1093560487254097921: stepping through state running
I250729 20:41:31.476925 2393 jobs/registry.go:1681 ⋮ [T1,Vsystem,n1,job=1093603905577320449] 100  SCHEMA CHANGE GC job 1093603905577320449: stepping through state running
I250729 20:41:31.477059 2419 jobs/registry.go:1681 ⋮ [T1,Vsystem,n1,job=1093603907597500417] 101  SCHEMA CHANGE GC job 1093603907597500417: stepping through state running
I250729 20:41:31.477289 2278 jobs/registry.go:1681 ⋮ [T1,Vsystem,n1,job=1093603907184328705] 102  SCHEMA CHANGE GC job 1093603907184328705: stepping through state running
I250729 20:41:31.477421 2376 jobs/registry.go:1681 ⋮ [T1,Vsystem,n1,job=1093603906042331137] 103  SCHEMA CHANGE GC job 1093603906042331137: stepping through state running
I250729 20:41:31.477525 2342 jobs/registry.go:1681 ⋮ [T1,Vsystem,n1,job=1093603905826619393] 104  SCHEMA CHANGE GC job 1093603905826619393: stepping through state running
I250729 20:41:31.476814 1850 jobs/registry.go:1681 ⋮ [T1,Vsystem,n1,job=1093603906985492481] 105  SCHEMA CHANGE GC job 1093603906985492481: stepping through state running
I250729 20:41:31.477663 2361 jobs/registry.go:1681 ⋮ [T1,Vsystem,n1,job=1093603907388440577] 106  SCHEMA CHANGE GC job 1093603907388440577: stepping through state running
I250729 20:41:31.477723 2156 jobs/registry.go:1681 ⋮ [T1,Vsystem,n1,job=1093603906293301249] 107  SCHEMA CHANGE GC job 1093603906293301249: stepping through state running
I250729 20:41:31.476810 2412 jobs/registry.go:1681 ⋮ [T1,Vsystem,n1,job=1093603906756608001] 108  SCHEMA CHANGE GC job 1093603906756608001: stepping through state running
I250729 20:41:31.512569 2419 sql/gcjob/gc_job_utils.go:273 ⋮ [T1,Vsystem,n1,job=SCHEMA CHANGE GC id=1093603907597500417] 109  updated progress status: deleting data, payload: ‹tables:<id:155 status:WAITING_FOR_MVCC_GC > tables:<id:156 status:WAITING_FOR_MVCC_GC > ranges_unsplit_done:true ›
I250729 20:41:31.512781 1916 sql/gcjob/gc_job_utils.go:273 ⋮ [T1,Vsystem,n1,job=SCHEMA CHANGE GC id=1093560487254097921] 110  updated progress status: deleting data, payload: ‹tables:<id:141 status:WAITING_FOR_MVCC_GC > ranges_unsplit_done:true ›
I250729 20:41:31.512873 2393 sql/gcjob/gc_job_utils.go:273 ⋮ [T1,Vsystem,n1,job=SCHEMA CHANGE GC id=1093603905577320449] 111  updated progress status: deleting data, payload: ‹tables:<id:148 status:WAITING_FOR_MVCC_GC > ranges_unsplit_done:true ›
I250729 20:41:31.513023 2361 sql/gcjob/gc_job_utils.go:273 ⋮ [T1,Vsystem,n1,job=SCHEMA CHANGE GC id=1093603907388440577] 112  updated progress status: deleting data, payload: ‹tables:<id:157 status:WAITING_FOR_MVCC_GC > tables:<id:158 status:WAITING_FOR_MVCC_GC > ranges_unsplit_done:true ›
I250729 20:41:31.513196 1850 sql/gcjob/gc_job_utils.go:273 ⋮ [T1,Vsystem,n1,job=SCHEMA CHANGE GC id=1093603906985492481] 113  updated progress status: deleting data, payload: ‹tables:<id:146 status:WAITING_FOR_MVCC_GC > tables:<id:147 status:WAITING_FOR_MVCC_GC > ranges_unsplit_done:true ›
I250729 20:41:31.513206 2412 sql/gcjob/gc_job_utils.go:273 ⋮ [T1,Vsystem,n1,job=SCHEMA CHANGE GC id=1093603906756608001] 114  updated progress status: deleting data, payload: ‹tables:<id:153 status:WAITING_FOR_MVCC_GC > tables:<id:154 status:WAITING_FOR_MVCC_GC > ranges_unsplit_done:true ›
I250729 20:41:31.513414 2361 sql/gcjob/table_garbage_collection.go:203 ⋮ [T1,Vsystem,n1,job=SCHEMA CHANGE GC id=1093603907388440577] 115  deleting data for table 157
I250729 20:41:31.513592 1850 sql/gcjob/table_garbage_collection.go:203 ⋮ [T1,Vsystem,n1,job=SCHEMA CHANGE GC id=1093603906985492481] 116  deleting data for table 146
I250729 20:41:31.513613 1916 sql/gcjob/table_garbage_collection.go:203 ⋮ [T1,Vsystem,n1,job=SCHEMA CHANGE GC id=1093560487254097921] 117  deleting data for table 141
I250729 20:41:31.513746 2342 sql/gcjob/gc_job_utils.go:273 ⋮ [T1,Vsystem,n1,job=SCHEMA CHANGE GC id=1093603905826619393] 118  updated progress status: deleting data, payload: ‹tables:<id:149 status:WAITING_FOR_MVCC_GC > tables:<id:150 status:WAITING_FOR_MVCC_GC > ranges_unsplit_done:true ›
I250729 20:41:31.513757 2278 sql/gcjob/gc_job_utils.go:273 ⋮ [T1,Vsystem,n1,job=SCHEMA CHANGE GC id=1093603907184328705] 119  updated progress status: deleting data, payload: ‹tables:<id:151 status:WAITING_FOR_MVCC_GC > tables:<id:152 status:WAITING_FOR_MVCC_GC > ranges_unsplit_done:true ›
I250729 20:41:31.513792 2393 sql/gcjob/table_garbage_collection.go:203 ⋮ [T1,Vsystem,n1,job=SCHEMA CHANGE GC id=1093603905577320449] 120  deleting data for table 148
I250729 20:41:31.513823 2156 sql/gcjob/gc_job_utils.go:273 ⋮ [T1,Vsystem,n1,job=SCHEMA CHANGE GC id=1093603906293301249] 121  updated progress status: deleting data, payload: ‹tables:<id:160 status:CLEARED > tables:<id:161 status:WAITING_FOR_MVCC_GC > ranges_unsplit_done:true ›
I250729 20:41:31.513879 2419 sql/gcjob/table_garbage_collection.go:203 ⋮ [T1,Vsystem,n1,job=SCHEMA CHANGE GC id=1093603907597500417] 122  deleting data for table 155
I250729 20:41:31.513939 2412 sql/gcjob/table_garbage_collection.go:203 ⋮ [T1,Vsystem,n1,job=SCHEMA CHANGE GC id=1093603906756608001] 123  deleting data for table 153
I250729 20:41:31.514064 2342 sql/gcjob/table_garbage_collection.go:203 ⋮ [T1,Vsystem,n1,job=SCHEMA CHANGE GC id=1093603905826619393] 124  deleting data for table 149
I250729 20:41:31.514071 2278 sql/gcjob/table_garbage_collection.go:203 ⋮ [T1,Vsystem,n1,job=SCHEMA CHANGE GC id=1093603907184328705] 125  deleting data for table 151
I250729 20:41:31.514077 2376 sql/gcjob/gc_job_utils.go:273 ⋮ [T1,Vsystem,n1,job=SCHEMA CHANGE GC id=1093603906042331137] 126  updated progress status: deleting data, payload: ‹tables:<id:159 status:WAITING_FOR_MVCC_GC > ranges_unsplit_done:true ›
W250729 20:41:31.514209 2156 sql/gcjob/gc_job.go:139 ⋮ [T1,Vsystem,n1,job=SCHEMA CHANGE GC id=1093603906293301249] 127  table descriptor 160 not found while attempting to GC, skipping
I250729 20:41:31.514433 2156 sql/gcjob/table_garbage_collection.go:203 ⋮ [T1,Vsystem,n1,job=SCHEMA CHANGE GC id=1093603906293301249] 128  deleting data for table 161
I250729 20:41:31.514452 2376 sql/gcjob/table_garbage_collection.go:203 ⋮ [T1,Vsystem,n1,job=SCHEMA CHANGE GC id=1093603906042331137] 129  deleting data for table 159
I250729 20:41:31.515057 2361 sql/gcjob/table_garbage_collection.go:203 ⋮ [T1,Vsystem,n1,job=SCHEMA CHANGE GC id=1093603907388440577] 130  deleting data for table 158
I250729 20:41:31.515510 1850 sql/gcjob/table_garbage_collection.go:203 ⋮ [T1,Vsystem,n1,job=SCHEMA CHANGE GC id=1093603906985492481] 131  deleting data for table 147
I250729 20:41:31.518286 2419 sql/gcjob/table_garbage_collection.go:203 ⋮ [T1,Vsystem,n1,job=SCHEMA CHANGE GC id=1093603907597500417] 132  deleting data for table 156
I250729 20:41:31.518742 2412 sql/gcjob/table_garbage_collection.go:203 ⋮ [T1,Vsystem,n1,job=SCHEMA CHANGE GC id=1093603906756608001] 133  deleting data for table 154
I250729 20:41:31.519131 2278 sql/gcjob/table_garbage_collection.go:203 ⋮ [T1,Vsystem,n1,job=SCHEMA CHANGE GC id=1093603907184328705] 134  deleting data for table 152
I250729 20:41:31.519288 2342 sql/gcjob/table_garbage_collection.go:203 ⋮ [T1,Vsystem,n1,job=SCHEMA CHANGE GC id=1093603905826619393] 135  deleting data for table 150
I250729 20:41:31.530199 1850 sql/gcjob/gc_job_utils.go:273 ⋮ [T1,Vsystem,n1,job=SCHEMA CHANGE GC id=1093603906985492481] 136  updated progress status: waiting for MVCC GC, payload: ‹tables:<id:146 status:WAITING_FOR_MVCC_GC > tables:<id:147 status:WAITING_FOR_MVCC_GC > ranges_unsplit_done:true ›
I250729 20:41:31.531546 2412 sql/gcjob/gc_job_utils.go:273 ⋮ [T1,Vsystem,n1,job=SCHEMA CHANGE GC id=1093603906756608001] 137  updated progress status: waiting for MVCC GC, payload: ‹tables:<id:153 status:WAITING_FOR_MVCC_GC > tables:<id:154 status:WAITING_FOR_MVCC_GC > ranges_unsplit_done:true ›
I250729 20:41:31.531869 2376 sql/gcjob/gc_job_utils.go:273 ⋮ [T1,Vsystem,n1,job=SCHEMA CHANGE GC id=1093603906042331137] 138  updated progress status: waiting for MVCC GC, payload: ‹tables:<id:159 status:WAITING_FOR_MVCC_GC > ranges_unsplit_done:true ›
I250729 20:41:31.532601 2278 sql/gcjob/gc_job_utils.go:273 ⋮ [T1,Vsystem,n1,job=SCHEMA CHANGE GC id=1093603907184328705] 139  updated progress status: waiting for MVCC GC, payload: ‹tables:<id:151 status:WAITING_FOR_MVCC_GC > tables:<id:152 status:WAITING_FOR_MVCC_GC > ranges_unsplit_done:true ›
I250729 20:41:31.532606 2393 sql/gcjob/gc_job_utils.go:273 ⋮ [T1,Vsystem,n1,job=SCHEMA CHANGE GC id=1093603905577320449] 140  updated progress status: waiting for MVCC GC, payload: ‹tables:<id:148 status:WAITING_FOR_MVCC_GC > ranges_unsplit_done:true ›
I250729 20:41:31.532620 1916 sql/gcjob/gc_job_utils.go:273 ⋮ [T1,Vsystem,n1,job=SCHEMA CHANGE GC id=1093560487254097921] 141  updated progress status: waiting for MVCC GC, payload: ‹tables:<id:141 status:WAITING_FOR_MVCC_GC > ranges_unsplit_done:true ›
I250729 20:41:31.532779 2156 sql/gcjob/gc_job_utils.go:273 ⋮ [T1,Vsystem,n1,job=SCHEMA CHANGE GC id=1093603906293301249] 142  updated progress status: waiting for MVCC GC, payload: ‹tables:<id:160 status:CLEARED > tables:<id:161 status:WAITING_FOR_MVCC_GC > ranges_unsplit_done:true ›
I250729 20:41:31.533737 2361 sql/gcjob/gc_job_utils.go:273 ⋮ [T1,Vsystem,n1,job=SCHEMA CHANGE GC id=1093603907388440577] 143  updated progress status: waiting for MVCC GC, payload: ‹tables:<id:157 status:WAITING_FOR_MVCC_GC > tables:<id:158 status:WAITING_FOR_MVCC_GC > ranges_unsplit_done:true ›
I250729 20:41:31.533783 2419 sql/gcjob/gc_job_utils.go:273 ⋮ [T1,Vsystem,n1,job=SCHEMA CHANGE GC id=1093603907597500417] 144  updated progress status: waiting for MVCC GC, payload: ‹tables:<id:155 status:WAITING_FOR_MVCC_GC > tables:<id:156 status:WAITING_FOR_MVCC_GC > ranges_unsplit_done:true ›
I250729 20:41:31.534507 2342 sql/gcjob/gc_job_utils.go:273 ⋮ [T1,Vsystem,n1,job=SCHEMA CHANGE GC id=1093603905826619393] 145  updated progress status: waiting for MVCC GC, payload: ‹tables:<id:149 status:WAITING_FOR_MVCC_GC > tables:<id:150 status:WAITING_FOR_MVCC_GC > ranges_unsplit_done:true ›
E250729 20:41:56.900060 2046 sql/stats/automatic_stats.go:509 ⋮ [T1,Vsystem,n1] 146  failed to get table descriptor for automatic stats on table id: 121: descriptor is being dropped
E250729 20:41:56.905268 2046 sql/stats/automatic_stats.go:509 ⋮ [T1,Vsystem,n1] 147  failed to get table descriptor for automatic stats on table id: 155: descriptor is being dropped
E250729 20:41:56.906702 2046 sql/stats/automatic_stats.go:509 ⋮ [T1,Vsystem,n1] 148  failed to get table descriptor for automatic stats on table id: 157: descriptor is being dropped
E250729 20:41:56.915855 2046 sql/stats/automatic_stats.go:509 ⋮ [T1,Vsystem,n1] 149  failed to get table descriptor for automatic stats on table id: 131: descriptor is being dropped
W250729 20:41:56.920836 2046 sql/stats/automatic_stats.go:1016 ⋮ [T1,Vsystem,n1] 150  failed to create statistics on table 131: create-stats: descriptor is being dropped
E250729 20:41:56.921661 2046 sql/stats/automatic_stats.go:509 ⋮ [T1,Vsystem,n1] 151  failed to get table descriptor for automatic stats on table id: 151: descriptor is being dropped
E250729 20:41:56.923245 2046 sql/stats/automatic_stats.go:509 ⋮ [T1,Vsystem,n1] 152  failed to get table descriptor for automatic stats on table id: 152: descriptor is being dropped
E250729 20:41:56.932067 2046 sql/stats/automatic_stats.go:509 ⋮ [T1,Vsystem,n1] 153  failed to get table descriptor for automatic stats on table id: 150: descriptor is being dropped
E250729 20:41:56.948442 2046 sql/stats/automatic_stats.go:509 ⋮ [T1,Vsystem,n1] 154  failed to get table descriptor for automatic stats on table id: 149: descriptor is being dropped
E250729 20:41:56.949699 2046 sql/stats/automatic_stats.go:509 ⋮ [T1,Vsystem,n1] 155  failed to get table descriptor for automatic stats on table id: 153: descriptor is being dropped
E250729 20:41:56.950799 2046 sql/stats/automatic_stats.go:509 ⋮ [T1,Vsystem,n1] 156  failed to get table descriptor for automatic stats on table id: 129: descriptor is being dropped
W250729 20:41:56.952304 2046 sql/stats/automatic_stats.go:1016 ⋮ [T1,Vsystem,n1] 157  failed to create statistics on table 129: create-stats: descriptor is being dropped
E250729 20:41:56.952763 2046 sql/stats/automatic_stats.go:509 ⋮ [T1,Vsystem,n1] 158  failed to get table descriptor for automatic stats on table id: 161: descriptor is being dropped
E250729 20:41:56.956383 2046 sql/stats/automatic_stats.go:509 ⋮ [T1,Vsystem,n1] 159  failed to get table descriptor for automatic stats on table id: 119: descriptor is being dropped
E250729 20:41:56.960447 2046 sql/stats/automatic_stats.go:509 ⋮ [T1,Vsystem,n1] 160  failed to get table descriptor for automatic stats on table id: 139: descriptor is being dropped
E250729 20:41:56.961758 2046 sql/stats/automatic_stats.go:509 ⋮ [T1,Vsystem,n1] 161  failed to get table descriptor for automatic stats on table id: 146: descriptor is being dropped
E250729 20:41:56.962467 2046 sql/stats/automatic_stats.go:509 ⋮ [T1,Vsystem,n1] 162  failed to get table descriptor for automatic stats on table id: 159: descriptor is being dropped
E250729 20:41:56.980004 2046 sql/stats/automatic_stats.go:509 ⋮ [T1,Vsystem,n1] 163  failed to get table descriptor for automatic stats on table id: 147: descriptor is being dropped
E250729 20:41:56.980801 2046 sql/stats/automatic_stats.go:509 ⋮ [T1,Vsystem,n1] 164  failed to get table descriptor for automatic stats on table id: 158: descriptor is being dropped
E250729 20:41:57.004179 2046 sql/stats/automatic_stats.go:509 ⋮ [T1,Vsystem,n1] 165  failed to get table descriptor for automatic stats on table id: 156: descriptor is being dropped
E250729 20:41:57.016323 2046 sql/stats/automatic_stats.go:509 ⋮ [T1,Vsystem,n1] 166  failed to get table descriptor for automatic stats on table id: 148: descriptor is being dropped
E250729 20:41:57.018114 2046 sql/stats/automatic_stats.go:509 ⋮ [T1,Vsystem,n1] 167  failed to get table descriptor for automatic stats on table id: 154: descriptor is being dropped
E250729 20:41:57.025419 2046 sql/stats/automatic_stats.go:509 ⋮ [T1,Vsystem,n1] 168  failed to get table descriptor for automatic stats on table id: 141: descriptor is being dropped
I250729 20:42:00.236982 1188 jobs/adopt.go:105 ⋮ [T1,Vsystem,n1] 169  claimed 10 jobs
I250729 20:42:00.242949 3874 jobs/adopt.go:224 ⋮ [T1,Vsystem,n1,job=104] 170  job 104: resuming execution
I250729 20:42:00.242839 3840 jobs/adopt.go:224 ⋮ [T1,Vsystem,n1,job=1093559274189160449] 171  job 1093559274189160449: resuming execution
I250729 20:42:00.243403 3881 jobs/adopt.go:224 ⋮ [T1,Vsystem,n1,job=101] 172  job 101: resuming execution
I250729 20:42:00.242813 3841 jobs/adopt.go:224 ⋮ [T1,Vsystem,n1,job=100] 173  job 100: resuming execution
I250729 20:42:00.243775 3877 jobs/adopt.go:224 ⋮ [T1,Vsystem,n1,job=1093559273691873281] 174  job 1093559273691873281: resuming execution
I250729 20:42:00.243820 3879 jobs/adopt.go:224 ⋮ [T1,Vsystem,n1,job=1093559115764924417] 176  job 1093559115764924417: resuming execution
I250729 20:42:00.243789 3875 jobs/adopt.go:224 ⋮ [T1,Vsystem,n1,job=105] 175  job 105: resuming execution
I250729 20:42:00.243903 3876 jobs/adopt.go:224 ⋮ [T1,Vsystem,n1,job=1093559115283496961] 177  job 1093559115283496961: resuming execution
I250729 20:42:00.244023 3878 jobs/adopt.go:224 ⋮ [T1,Vsystem,n1,job=103] 178  job 103: resuming execution
I250729 20:42:00.244189 3880 jobs/adopt.go:224 ⋮ [T1,Vsystem,n1,job=1093560486776274945] 179  job 1093560486776274945: resuming execution
I250729 20:42:00.248638 3862 jobs/registry.go:1681 ⋮ [T1,Vsystem,n1,job=101] 181  POLL JOBS STATS job 101: stepping through state running
I250729 20:42:00.248628 3893 jobs/registry.go:1681 ⋮ [T1,Vsystem,n1,job=105] 180  UPDATE TABLE METADATA CACHE job 105: stepping through state running
I250729 20:42:00.248747 3803 jobs/registry.go:1681 ⋮ [T1,Vsystem,n1,job=103] 182  AUTO UPDATE SQL ACTIVITY job 103: stepping through state running
I250729 20:42:00.249828 3072 jobs/registry.go:1681 ⋮ [T1,Vsystem,n1,job=1093559273691873281] 183  SCHEMA CHANGE GC job 1093559273691873281: stepping through state running
I250729 20:42:00.249788 2590 jobs/registry.go:1681 ⋮ [T1,Vsystem,n1,job=104] 184  MVCC STATISTICS UPDATE job 104: stepping through state running
I250729 20:42:00.249732 2829 jobs/registry.go:1681 ⋮ [T1,Vsystem,n1,job=1093559274189160449] 185  SCHEMA CHANGE GC job 1093559274189160449: stepping through state running
I250729 20:42:00.250188 3885 jobs/registry.go:1681 ⋮ [T1,Vsystem,n1,job=100] 186  KEY VISUALIZER job 100: stepping through state running
I250729 20:42:00.250692 3296 jobs/registry.go:1681 ⋮ [T1,Vsystem,n1,job=1093560486776274945] 187  SCHEMA CHANGE GC job 1093560486776274945: stepping through state running
I250729 20:42:00.252707 3906 jobs/registry.go:1681 ⋮ [T1,Vsystem,n1,job=1093559115764924417] 188  SCHEMA CHANGE GC job 1093559115764924417: stepping through state running
I250729 20:42:00.253733 2860 jobs/registry.go:1681 ⋮ [T1,Vsystem,n1,job=1093559115283496961] 189  SCHEMA CHANGE GC job 1093559115283496961: stepping through state running
I250729 20:42:00.258872 3803 sql/sql_activity_update_job.go:88 ⋮ [T1,Vsystem,n1,job=AUTO UPDATE SQL ACTIVITY id=103] 190  starting sql stats activity flush job
I250729 20:42:00.259148 2590 sql/mvcc_statistics_update_job.go:63 ⋮ [T1,Vsystem,n1,job=MVCC STATISTICS UPDATE id=104] 191  starting mvcc statistics update job
I250729 20:42:00.273893 3906 sql/gcjob/gc_job_utils.go:273 ⋮ [T1,Vsystem,n1,job=SCHEMA CHANGE GC id=1093559115764924417] 193  updated progress status: deleting data, payload: ‹tables:<id:121 status:WAITING_FOR_MVCC_GC > ranges_unsplit_done:true ›
I250729 20:42:00.274174 3072 sql/gcjob/gc_job_utils.go:273 ⋮ [T1,Vsystem,n1,job=SCHEMA CHANGE GC id=1093559273691873281] 194  updated progress status: deleting data, payload: ‹tables:<id:129 status:WAITING_FOR_MVCC_GC > ranges_unsplit_done:true ›
I250729 20:42:00.273872 2860 sql/gcjob/gc_job_utils.go:273 ⋮ [T1,Vsystem,n1,job=SCHEMA CHANGE GC id=1093559115283496961] 192  updated progress status: deleting data, payload: ‹tables:<id:119 status:WAITING_FOR_MVCC_GC > ranges_unsplit_done:true ›
I250729 20:42:00.274570 3296 sql/gcjob/gc_job_utils.go:273 ⋮ [T1,Vsystem,n1,job=SCHEMA CHANGE GC id=1093560486776274945] 195  updated progress status: deleting data, payload: ‹tables:<id:139 status:WAITING_FOR_MVCC_GC > ranges_unsplit_done:true ›
I250729 20:42:00.275038 3296 sql/gcjob/table_garbage_collection.go:203 ⋮ [T1,Vsystem,n1,job=SCHEMA CHANGE GC id=1093560486776274945] 196  deleting data for table 139
I250729 20:42:00.275038 3072 sql/gcjob/table_garbage_collection.go:203 ⋮ [T1,Vsystem,n1,job=SCHEMA CHANGE GC id=1093559273691873281] 197  deleting data for table 129
I250729 20:42:00.275084 2829 sql/gcjob/gc_job_utils.go:273 ⋮ [T1,Vsystem,n1,job=SCHEMA CHANGE GC id=1093559274189160449] 198  updated progress status: deleting data, payload: ‹tables:<id:131 status:WAITING_FOR_MVCC_GC > ranges_unsplit_done:true ›
I250729 20:42:00.275168 2860 sql/gcjob/table_garbage_collection.go:203 ⋮ [T1,Vsystem,n1,job=SCHEMA CHANGE GC id=1093559115283496961] 199  deleting data for table 119
I250729 20:42:00.275337 3906 sql/gcjob/table_garbage_collection.go:203 ⋮ [T1,Vsystem,n1,job=SCHEMA CHANGE GC id=1093559115764924417] 200  deleting data for table 121
I250729 20:42:00.275567 2829 sql/gcjob/table_garbage_collection.go:203 ⋮ [T1,Vsystem,n1,job=SCHEMA CHANGE GC id=1093559274189160449] 201  deleting data for table 131
I250729 20:42:00.287915 2860 sql/gcjob/gc_job_utils.go:273 ⋮ [T1,Vsystem,n1,job=SCHEMA CHANGE GC id=1093559115283496961] 202  updated progress status: waiting for MVCC GC, payload: ‹tables:<id:119 status:WAITING_FOR_MVCC_GC > ranges_unsplit_done:true ›
I250729 20:42:00.288237 3296 sql/gcjob/gc_job_utils.go:273 ⋮ [T1,Vsystem,n1,job=SCHEMA CHANGE GC id=1093560486776274945] 203  updated progress status: waiting for MVCC GC, payload: ‹tables:<id:139 status:WAITING_FOR_MVCC_GC > ranges_unsplit_done:true ›
I250729 20:42:00.288289 3906 sql/gcjob/gc_job_utils.go:273 ⋮ [T1,Vsystem,n1,job=SCHEMA CHANGE GC id=1093559115764924417] 204  updated progress status: waiting for MVCC GC, payload: ‹tables:<id:121 status:WAITING_FOR_MVCC_GC > ranges_unsplit_done:true ›
I250729 20:42:00.288612 3072 sql/gcjob/gc_job_utils.go:273 ⋮ [T1,Vsystem,n1,job=SCHEMA CHANGE GC id=1093559273691873281] 205  updated progress status: waiting for MVCC GC, payload: ‹tables:<id:129 status:WAITING_FOR_MVCC_GC > ranges_unsplit_done:true ›
I250729 20:42:00.288886 2829 sql/gcjob/gc_job_utils.go:273 ⋮ [T1,Vsystem,n1,job=SCHEMA CHANGE GC id=1093559274189160449] 206  updated progress status: waiting for MVCC GC, payload: ‹tables:<id:131 status:WAITING_FOR_MVCC_GC > ranges_unsplit_done:true ›
I250729 20:42:26.121110 1188 jobs/adopt.go:105 ⋮ [T1,Vsystem,n1] 207  claimed 1 jobs
I250729 20:42:26.126276 4498 jobs/adopt.go:224 ⋮ [T1,Vsystem,n1,job=1093557394742509569] 208  job 1093557394742509569: resuming execution
I250729 20:42:26.131226 4502 jobs/registry.go:1681 ⋮ [T1,Vsystem,n1,job=1093557394742509569] 209  AUTO SPAN CONFIG RECONCILIATION job 1093557394742509569: stepping through state running
I250729 20:42:26.218516 4502 spanconfig/spanconfigsqlwatcher/sqlwatcher.go:241 ⋮ [T1,Vsystem,n1,job=AUTO SPAN CONFIG RECONCILIATION id=1093557394742509569] 210  established range feed over system.descriptors starting at time 1753821746.159064712,0
I250729 20:42:26.218593 4502 spanconfig/spanconfigsqlwatcher/sqlwatcher.go:300 ⋮ [T1,Vsystem,n1,job=AUTO SPAN CONFIG RECONCILIATION id=1093557394742509569] 211  established range feed over system.zones starting at time 1753821746.159064712,0
I250729 20:42:26.218627 4502 spanconfig/spanconfigsqlwatcher/sqlwatcher.go:401 ⋮ [T1,Vsystem,n1,job=AUTO SPAN CONFIG RECONCILIATION id=1093557394742509569] 212  established range feed over system.protected_ts_records starting at time 1753821746.159064712,0
I250729 20:42:57.103528 4911 1@jobs/structured_log.go:49 ⋮ [T1,Vsystem,n1] 213 ={"Timestamp":1753821777103522129,"EventType":"status_change","JobID":1093636512400605185,"JobType":"AUTO CREATE PARTIAL STATS","Description":"state changed to: running","PreviousStatus":"running","NewStatus":"running","RunNum":0}
I250729 20:42:57.108678 4911 sql/distsql_plan_stats.go:209 ⋮ [T1,Vsystem,n1,job=AUTO CREATE PARTIAL STATS id=1093636512400605185,create-stats-distsql] 214  using computed sample size of 10000 for histogram construction
I250729 20:42:57.132786 4911 1@jobs/structured_log.go:49 ⋮ [T1,Vsystem,n1] 215 ={"Timestamp":1753821777132784296,"EventType":"status_change","JobID":1093636512400605185,"JobType":"AUTO CREATE PARTIAL STATS","Description":"state changed to: succeeded","PreviousStatus":"running","NewStatus":"succeeded","RunNum":0}
I250729 20:42:57.147712 5009 1@jobs/structured_log.go:49 ⋮ [T1,Vsystem,n1] 216 ={"Timestamp":1753821777147710337,"EventType":"status_change","JobID":1093636512595083265,"JobType":"AUTO CREATE PARTIAL STATS","Description":"state changed to: running","PreviousStatus":"running","NewStatus":"running","RunNum":0}
I250729 20:42:57.149500 5009 sql/distsql_plan_stats.go:209 ⋮ [T1,Vsystem,n1,job=AUTO CREATE PARTIAL STATS id=1093636512595083265,create-stats-distsql] 217  using computed sample size of 10000 for histogram construction
I250729 20:42:57.158858 5009 sql/distsql_plan_stats.go:209 ⋮ [T1,Vsystem,n1,job=AUTO CREATE PARTIAL STATS id=1093636512595083265,create-stats-distsql] 218  using computed sample size of 10000 for histogram construction
I250729 20:42:57.166116 5009 sql/distsql_plan_stats.go:209 ⋮ [T1,Vsystem,n1,job=AUTO CREATE PARTIAL STATS id=1093636512595083265,create-stats-distsql] 219  using computed sample size of 10000 for histogram construction
I250729 20:42:57.174892 5009 sql/distsql_plan_stats.go:209 ⋮ [T1,Vsystem,n1,job=AUTO CREATE PARTIAL STATS id=1093636512595083265,create-stats-distsql] 220  using computed sample size of 10000 for histogram construction
I250729 20:42:57.197106 5009 1@jobs/structured_log.go:49 ⋮ [T1,Vsystem,n1] 221 ={"Timestamp":1753821777197103004,"EventType":"status_change","JobID":1093636512595083265,"JobType":"AUTO CREATE PARTIAL STATS","Description":"state changed to: succeeded","PreviousStatus":"running","NewStatus":"succeeded","RunNum":0}
I250729 20:51:31.633418 1 1@cli/start.go:993 ⋮ [T1,Vsystem,n1] 222  received signal 'terminated'
I250729 20:51:31.634640 1 1@cli/start.go:1034 ⋮ [T1,Vsystem,n1] 223  initiating graceful shutdown of server
I250729 20:51:31.636925 13384 server/drain.go:353 ⋮ [T1,Vsystem,n1,server drain process,call-graceful-drain] 224  all tenant servers stopped
I250729 20:51:31.637076 13384 1@server/drain.go:399 ⋮ [T1,Vsystem,n1,server drain process,call-graceful-drain] 225  waiting for health probes to notice that the node is not ready for new sql connections
W250729 20:51:31.637603 1186 jobs/registry.go:1069 ⋮ [T1,Vsystem,n1] 226  canceling all adopted jobs due to graceful drain request
I250729 20:51:31.637774 80 sql/stats/automatic_stats.go:694 ⋮ [T1,Vsystem,n1] 227  draining auto stats refresher
I250729 20:51:31.637811 81 sql/stats/automatic_stats.go:745 ⋮ [T1,Vsystem,n1] 228  draining stats garbage collector
W250729 20:51:31.641108 4557 kv/kvclient/kvcoord/dist_sender_mux_rangefeed.go:406 ⋮ [T1,Vsystem,n1,job=AUTO SPAN CONFIG RECONCILIATION id=1093557394742509569,rangefeed=‹sql-watcher-protected-ts-records-rangefeed›,mux_n=1,gen=2] 229  error closing mux rangefeed client: context canceled
W250729 20:51:31.641132 4561 kv/kvclient/kvcoord/dist_sender_mux_rangefeed.go:406 ⋮ [T1,Vsystem,n1,job=AUTO SPAN CONFIG RECONCILIATION id=1093557394742509569,rangefeed=‹sql-watcher-descriptor-rangefeed›,mux_n=1,gen=2] 230  error closing mux rangefeed client: context canceled
W250729 20:51:31.641254 4519 kv/kvclient/kvcoord/dist_sender_mux_rangefeed.go:406 ⋮ [T1,Vsystem,n1,job=AUTO SPAN CONFIG RECONCILIATION id=1093557394742509569,rangefeed=‹sql-watcher-zones-rangefeed›,mux_n=1,gen=2] 231  error closing mux rangefeed client: context canceled
I250729 20:51:31.641326 3803 jobs/registry.go:1681 ⋮ [T1,Vsystem,n1,job=103] 232  AUTO UPDATE SQL ACTIVITY job 103: stepping through state succeeded
I250729 20:51:31.645230 3885 jobs/registry.go:1681 ⋮ [T1,Vsystem,n1,job=100] 233  KEY VISUALIZER job 100: stepping through state succeeded
I250729 20:51:31.688952 13384 sql/sqlstats/persistedsqlstats/provider.go:122 ⋮ [T1,Vsystem,n1,server drain process,call-graceful-drain] 234  stopping persisted SQL stats tasks
I250729 20:51:31.689250 13384 sql/sqlstats/persistedsqlstats/provider.go:128 ⋮ [T1,Vsystem,n1,server drain process,call-graceful-drain] 235  persisted SQL stats tasks successfully shut down
I250729 20:51:31.689342 13384 sql/stats/automatic_stats.go:516 ⋮ [T1,Vsystem,n1,server drain process,call-graceful-drain] 236  starting to wait for auto-stats tasks to shut down
I250729 20:51:31.689404 13384 sql/stats/automatic_stats.go:519 ⋮ [T1,Vsystem,n1,server drain process,call-graceful-drain] 237  auto-stats tasks successfully shut down
I250729 20:51:31.689471 13384 jobs/registry.go:2060 ⋮ [T1,Vsystem,n1,server drain process,call-graceful-drain] 238  starting to wait for job registry to shut down
I250729 20:51:31.689561 13384 jobs/registry.go:2063 ⋮ [T1,Vsystem,n1,server drain process,call-graceful-drain] 239  job registry tasks successfully shut down
W250729 20:51:31.706324 832 sql/sqlliveness/slinstance/slinstance.go:331 ⋮ [T1,Vsystem,n1] 240  exiting heartbeat loop
I250729 20:51:31.706428 832 sql/sqlliveness/slinstance/slinstance.go:316 ⋮ [T1,Vsystem,n1] 241  draining heartbeat loop
I250729 20:51:31.707215 13384 server/drain.go:482 ⋮ [T1,Vsystem,n1,server drain process,call-graceful-drain] 242  SQL server drained successfully; SQL queries cannot execute any more
I250729 20:51:31.707268 13384 server/drain.go:361 ⋮ [T1,Vsystem,n1,server drain process,call-graceful-drain] 243  done draining clients
I250729 20:51:31.707936 13384 1@server/drain.go:312 ⋮ [T1,Vsystem,n1,server drain process,call-graceful-drain] 244  drain remaining: 83
I250729 20:51:31.707997 13384 1@server/drain.go:314 ⋮ [T1,Vsystem,n1,server drain process,call-graceful-drain] 245  drain details: descriptor leases: 82, liveness record: 1
I250729 20:51:31.910418 13384 server/drain.go:353 ⋮ [T1,Vsystem,n1,server drain process,call-graceful-drain] 246  all tenant servers stopped
W250729 20:51:31.911144 13531 sql/sqlstats/persistedsqlstats/flush.go:235 ⋮ [T1,Vsystem,n1,server drain process,call-graceful-drain] 247  failed to flush transaction statistics: upsert-txn-stats: cannot acquire lease when draining
W250729 20:51:31.911514 13530 sql/sqlstats/persistedsqlstats/flush.go:254 ⋮ [T1,Vsystem,n1,server drain process,call-graceful-drain] 248  failed to flush statement statistics: upsert-stmt-stats: cannot acquire lease when draining
I250729 20:51:31.911619 13384 sql/sqlstats/persistedsqlstats/provider.go:122 ⋮ [T1,Vsystem,n1,server drain process,call-graceful-drain] 249  stopping persisted SQL stats tasks
I250729 20:51:31.911665 13384 sql/sqlstats/persistedsqlstats/provider.go:128 ⋮ [T1,Vsystem,n1,server drain process,call-graceful-drain] 250  persisted SQL stats tasks successfully shut down
I250729 20:51:31.911701 13384 sql/stats/automatic_stats.go:516 ⋮ [T1,Vsystem,n1,server drain process,call-graceful-drain] 251  starting to wait for auto-stats tasks to shut down
I250729 20:51:31.911731 13384 sql/stats/automatic_stats.go:519 ⋮ [T1,Vsystem,n1,server drain process,call-graceful-drain] 252  auto-stats tasks successfully shut down
I250729 20:51:31.911759 13384 jobs/registry.go:2060 ⋮ [T1,Vsystem,n1,server drain process,call-graceful-drain] 253  starting to wait for job registry to shut down
I250729 20:51:31.911788 13384 jobs/registry.go:2063 ⋮ [T1,Vsystem,n1,server drain process,call-graceful-drain] 254  job registry tasks successfully shut down
I250729 20:51:31.912211 13384 server/drain.go:482 ⋮ [T1,Vsystem,n1,server drain process,call-graceful-drain] 255  SQL server drained successfully; SQL queries cannot execute any more
I250729 20:51:31.912245 13384 server/drain.go:361 ⋮ [T1,Vsystem,n1,server drain process,call-graceful-drain] 256  done draining clients
I250729 20:51:31.912738 13384 1@server/drain.go:312 ⋮ [T1,Vsystem,n1,server drain process,call-graceful-drain] 257  drain remaining: 0
I250729 20:51:31.912778 13384 1@server/drain.go:564 ⋮ [T1,Vsystem,n1,server drain process,call-graceful-drain] 258  graceful drain complete
W250729 20:51:31.913190 1596 server/structlogging/hot_ranges_log.go:92 ⋮ [T1,Vsystem,n1] 259  hot ranges stats logging scheduler stopped: %!s(<nil>)
I250729 20:51:31.913255 566 server/start_listen.go:112 ⋮ [T1,Vsystem,n1] 260  server shutting down: instructing cmux to stop accepting
W250729 20:51:31.913587 1201 kv/kvclient/kvcoord/dist_sender_mux_rangefeed.go:406 ⋮ [T1,Vsystem,n1,rangefeed=‹spanconfig-subscriber›,mux_n=1,gen=2] 261  error closing mux rangefeed client: context canceled
W250729 20:51:31.913838 1353 kv/kvclient/kvcoord/dist_sender_mux_rangefeed.go:406 ⋮ [T1,Vsystem,n1,rangefeed=‹table-stats-cache›,mux_n=1,gen=2] 262  error closing mux rangefeed client: context canceled
W250729 20:51:31.913964 1306 kv/kvclient/kvcoord/dist_sender_mux_rangefeed.go:406 ⋮ [T1,Vsystem,n1,rangefeed=‹tenant-entry-watcher›,mux_n=1,gen=2] 263  error closing mux rangefeed client: context canceled
W250729 20:51:31.913898 1221 kv/kvclient/kvcoord/dist_sender_mux_rangefeed.go:406 ⋮ [T1,Vsystem,n1,rangefeed=‹sql_instances›,mux_n=1,gen=2] 264  error closing mux rangefeed client: context canceled
W250729 20:51:31.913984 1502 kv/kvclient/kvcoord/dist_sender_mux_rangefeed.go:406 ⋮ [T1,Vsystem,n1,rangefeed=‹tenant-settings-watcher›,mux_n=1,gen=2] 266  error closing mux rangefeed client: context canceled
W250729 20:51:31.913970 75 kv/kvclient/kvcoord/dist_sender_mux_rangefeed.go:406 ⋮ [T1,Vsystem,n1,rangefeed=‹system-config-cache›,mux_n=1,gen=2] 265  error closing mux rangefeed client: context canceled
W250729 20:51:31.914039 1547 kv/kvclient/kvcoord/dist_sender_mux_rangefeed.go:406 ⋮ [T1,Vsystem,n1,rangefeed=‹tenant-boundaries-watcher›,mux_n=1,gen=2] 267  error closing mux rangefeed client: context canceled
W250729 20:51:31.914098 1147 kv/kvclient/kvcoord/dist_sender_mux_rangefeed.go:406 ⋮ [T1,Vsystem,n1,rangefeed=‹lease›,mux_n=1,gen=2] 268  error closing mux rangefeed client: context canceled
W250729 20:51:31.914103 1341 kv/kvclient/kvcoord/dist_sender_mux_rangefeed.go:406 ⋮ [T1,Vsystem,n1,rangefeed=‹settings-watcher›,mux_n=1,gen=2] 269  error closing mux rangefeed client: context canceled
I250729 20:51:31.928949 13384 server/server_controller.go:409 ⋮ [T1,Vsystem,n1] 270  server controller shutting down
I250729 20:51:31.929020 13384 server/server_controller.go:418 ⋮ [T1,Vsystem,n1] 271  waiting for tenant servers to report stopped
I250729 20:51:31.929120 1 1@cli/start.go:1105 ⋮ [T1,Vsystem,n1] 272  server drained and shutdown completed
