I250729 20:52:29.311760 82 util/log/file_sync_buffer.go:237 ⋮ [config]   file created at: 2025/07/29 20:52:29
I250729 20:52:29.312418 82 util/log/file_sync_buffer.go:237 ⋮ [config]   running on machine: ‹f078aea4d1e1›
I250729 20:52:29.312446 82 util/log/file_sync_buffer.go:237 ⋮ [config]   binary: CockroachDB CCL v25.2.0 (aarch64-unknown-linux-gnu, built 2025/05/15 21:07:42, go1.23.7 X:nocoverageredesign)
I250729 20:52:29.312455 82 util/log/file_sync_buffer.go:237 ⋮ [config]   arguments: [‹/cockroach/cockroach› ‹start-single-node› ‹--certs-dir=certs› ‹--advertise-addr=127.0.0.1:26257› ‹--insecure› ‹--http-addr=0.0.0.0:8080›]
I250729 20:52:29.312473 82 util/log/file_sync_buffer.go:237 ⋮ [config]   log format (utf8=✓): crdb-v2
I250729 20:52:29.312479 82 util/log/file_sync_buffer.go:237 ⋮ [config]   line format: [IWEF]yymmdd hh:mm:ss.uuuuuu goid [chan@]file:line redactionmark \[tags\] [counter] msg
I250729 20:52:29.303430 82 3@pebble/objstorage/objstorageprovider/remote.go:102 ⋮ [n?,s?,pebble] 1  remote storage configured; creatorID = 1
I250729 20:52:30.124312 82 3@pebble/open.go:1054 ⋮ [n?,s?,pebble] 2  [JOB ‹1›] WAL ‹000296: {(/cockroach/cockroach-data,000)}› stopped reading at offset: (‹/cockroach/cockroach-data/000296.log›: 45856229); replayed 135828 keys in 3393 batches
I250729 20:52:30.124581 56 3@pebble/event.go:1011 ⋮ [n?,s?,pebble] 3  [JOB 2] flushing 8 memtables (48MB) to L0
I250729 20:52:30.127366 56 3@pebble/event.go:1039 ⋮ [n?,s?,pebble] 4  [JOB 2] flushing: sstable created 000303
I250729 20:52:30.554976 56 3@pebble/event.go:1031 ⋮ [n?,s?,pebble] 5  [JOB 2] MANIFEST created 000304
I250729 20:52:30.555184 56 3@pebble/event.go:1015 ⋮ [n?,s?,pebble] 6  [JOB 2] flushed 8 memtables (48MB) to L0 [000303] (448KB), in 0.4s (0.4s total), output rate 1.1MB/s
I250729 20:52:30.574738 28 3@pebble/event.go:1063 ⋮ [n?,s?,pebble] 7  [JOB 2] WAL deleted 000290
I250729 20:52:30.588487 82 3@pebble/event.go:1059 ⋮ [n?,s?,pebble] 8  [JOB 1] WAL created 000305
I250729 20:52:30.591354 28 3@pebble/event.go:1063 ⋮ [n?,s?,pebble] 9  [JOB 2] WAL deleted 000296
I250729 20:52:30.660681 59 3@pebble/event.go:999 ⋮ [n?,s?,pebble] 10  [JOB 4] compacting(default) L0 [000303] (448KB) Score=4.10 + L6 [000298 000299 000300 000301] (16MB) Score=0.24; OverlappingRatio: Single 35.65, Multi 0.00
I250729 20:52:30.668038 13 3@pebble/event.go:1051 ⋮ [n?,s?,pebble] 11  [JOB 5] all initial table stats loaded
I250729 20:52:30.675681 59 3@pebble/event.go:1039 ⋮ [n?,s?,pebble] 12  [JOB 4] compacting: sstable created 000307
I250729 20:52:31.627809 59 3@pebble/event.go:1039 ⋮ [n?,s?,pebble] 13  [JOB 4] compacting: sstable created 000308
I250729 20:52:32.096954 59 3@pebble/event.go:1039 ⋮ [n?,s?,pebble] 14  [JOB 4] compacting: sstable created 000309
I250729 20:52:32.478671 59 3@pebble/event.go:1039 ⋮ [n?,s?,pebble] 15  [JOB 4] compacting: sstable created 000310
I250729 20:52:32.702310 59 3@pebble/event.go:1003 ⋮ [n?,s?,pebble] 16  [JOB 4] compacted(default) L0 [000303] (448KB) Score=4.10 + L6 [000298 000299 000300 000301] (16MB) Score=0.24 -> L6 [000307 000308 000309 000310] (15MB), in 2.0s (2.1s total), output rate 7.5MB/s
I250729 20:52:32.707675 28 3@pebble/event.go:1043 ⋮ [n?,s?,pebble] 17  [JOB 4] sstable deleted 000298
I250729 20:52:32.724077 28 3@pebble/event.go:1043 ⋮ [n?,s?,pebble] 18  [JOB 4] sstable deleted 000299
I250729 20:52:32.725984 28 3@pebble/event.go:1043 ⋮ [n?,s?,pebble] 19  [JOB 4] sstable deleted 000300
I250729 20:52:32.727605 28 3@pebble/event.go:1043 ⋮ [n?,s?,pebble] 20  [JOB 4] sstable deleted 000301
I250729 20:52:32.728328 28 3@pebble/event.go:1043 ⋮ [n?,s?,pebble] 21  [JOB 4] sstable deleted 000303
I250729 20:52:32.729163 28 3@pebble/event.go:1035 ⋮ [n?,s?,pebble] 22  [JOB 1] MANIFEST deleted 000250
I250729 20:52:32.736674 82 3@pebble/event.go:1031 ⋮ [n?,s?,pebble] 23  [JOB 1] MANIFEST created 000001
I250729 20:52:32.743716 82 3@pebble/event.go:1059 ⋮ [n?,s?,pebble] 24  [JOB 1] WAL created 000002
I250729 20:52:32.744697 82 3@pebble/event.go:1027 ⋮ [n?,s?,pebble] 25  upgraded to format version: 014
I250729 20:52:32.746308 82 3@pebble/event.go:1027 ⋮ [n?,s?,pebble] 26  upgraded to format version: 015
I250729 20:52:32.747775 82 3@pebble/event.go:1027 ⋮ [n?,s?,pebble] 27  upgraded to format version: 016
I250729 20:52:32.749175 82 3@pebble/event.go:1027 ⋮ [n?,s?,pebble] 28  upgraded to format version: 017
I250729 20:52:32.758062 82 3@pebble/event.go:1027 ⋮ [n?,s?,pebble] 29  upgraded to format version: 018
I250729 20:52:32.759650 82 3@pebble/event.go:1027 ⋮ [n?,s?,pebble] 30  upgraded to format version: 019
I250729 20:52:32.762608 151 3@pebble/event.go:1051 ⋮ [n?,s?,pebble] 31  [JOB 2] all initial table stats loaded
I250729 20:52:53.348174 559 3@kv/kvserver/store.go:3801 ⋮ [T1,Vsystem,n1,s1] 32  Pebble metrics:
I250729 20:52:53.348174 559 3@kv/kvserver/store.go:3801 ⋮ [T1,Vsystem,n1,s1] 32 +      |                             |       |       |   ingested   |     moved    |    written   |       |    amp
I250729 20:52:53.348174 559 3@kv/kvserver/store.go:3801 ⋮ [T1,Vsystem,n1,s1] 32 +level | tables  size val-bl vtables | score |   in  | tables  size | tables  size | tables  size |  read |   r   w
I250729 20:52:53.348174 559 3@kv/kvserver/store.go:3801 ⋮ [T1,Vsystem,n1,s1] 32 +------+-----------------------------+-------+-------+--------------+--------------+--------------+-------+---------
I250729 20:52:53.348174 559 3@kv/kvserver/store.go:3801 ⋮ [T1,Vsystem,n1,s1] 32 +    0 |     0     0B     0B       0 |  0.00 |  44MB |     0     0B |     0     0B |     1  448KB |    0B |   0  0.0
I250729 20:52:53.348174 559 3@kv/kvserver/store.go:3801 ⋮ [T1,Vsystem,n1,s1] 32 +    1 |     0     0B     0B       0 |  0.00 |    0B |     0     0B |     0     0B |     0     0B |    0B |   0  0.0
I250729 20:52:53.348174 559 3@kv/kvserver/store.go:3801 ⋮ [T1,Vsystem,n1,s1] 32 +    2 |     0     0B     0B       0 |  0.00 |    0B |     0     0B |     0     0B |     0     0B |    0B |   0  0.0
I250729 20:52:53.348174 559 3@kv/kvserver/store.go:3801 ⋮ [T1,Vsystem,n1,s1] 32 +    3 |     0     0B     0B       0 |  0.00 |    0B |     0     0B |     0     0B |     0     0B |    0B |   0  0.0
I250729 20:52:53.348174 559 3@kv/kvserver/store.go:3801 ⋮ [T1,Vsystem,n1,s1] 32 +    4 |     0     0B     0B       0 |  0.00 |    0B |     0     0B |     0     0B |     0     0B |    0B |   0  0.0
I250729 20:52:53.348174 559 3@kv/kvserver/store.go:3801 ⋮ [T1,Vsystem,n1,s1] 32 +    5 |     0     0B     0B       0 |  0.00 |    0B |     0     0B |     0     0B |     0     0B |    0B |   0  0.0
I250729 20:52:53.348174 559 3@kv/kvserver/store.go:3801 ⋮ [T1,Vsystem,n1,s1] 32 +    6 |     5   15MB 1015KB       0 |     - | 448KB |     0     0B |     0     0B |     4   15MB |  16MB |   1 34.9
I250729 20:52:53.348174 559 3@kv/kvserver/store.go:3801 ⋮ [T1,Vsystem,n1,s1] 32 +total |     5   15MB 1015KB       0 |     - |  46MB |     0     0B |     0     0B |     5   62MB |  16MB |   1  1.3
I250729 20:52:53.348174 559 3@kv/kvserver/store.go:3801 ⋮ [T1,Vsystem,n1,s1] 32 +-------------------------------------------------------------------------------------------------------------------
I250729 20:52:53.348174 559 3@kv/kvserver/store.go:3801 ⋮ [T1,Vsystem,n1,s1] 32 +WAL: 1 files (2.2MB)  in: 2.2MB  written: 46MB (1960% overhead)
I250729 20:52:53.348174 559 3@kv/kvserver/store.go:3801 ⋮ [T1,Vsystem,n1,s1] 32 +Flushes: 1
I250729 20:52:53.348174 559 3@kv/kvserver/store.go:3801 ⋮ [T1,Vsystem,n1,s1] 32 +Compactions: 1  estimated debt: 0B  in progress: 0 (0B)
I250729 20:52:53.348174 559 3@kv/kvserver/store.go:3801 ⋮ [T1,Vsystem,n1,s1] 32 +             default: 1  delete: 0  elision: 0  move: 0  read: 0  tombstone-density: 0  rewrite: 0  copy: 0  multi-level: 0
I250729 20:52:53.348174 559 3@kv/kvserver/store.go:3801 ⋮ [T1,Vsystem,n1,s1] 32 +MemTables: 1 (64MB)  zombie: 1 (32MB)
I250729 20:52:53.348174 559 3@kv/kvserver/store.go:3801 ⋮ [T1,Vsystem,n1,s1] 32 +Zombie tables: 0 (0B, local: 0B)
I250729 20:52:53.348174 559 3@kv/kvserver/store.go:3801 ⋮ [T1,Vsystem,n1,s1] 32 +Backing tables: 0 (0B)
I250729 20:52:53.348174 559 3@kv/kvserver/store.go:3801 ⋮ [T1,Vsystem,n1,s1] 32 +Virtual tables: 0 (0B)
I250729 20:52:53.348174 559 3@kv/kvserver/store.go:3801 ⋮ [T1,Vsystem,n1,s1] 32 +Local tables size: 15MB
I250729 20:52:53.348174 559 3@kv/kvserver/store.go:3801 ⋮ [T1,Vsystem,n1,s1] 32 +Compression types: snappy: 5
I250729 20:52:53.348174 559 3@kv/kvserver/store.go:3801 ⋮ [T1,Vsystem,n1,s1] 32 +Block cache: 51 entries (1.7MB)  hit rate: 52.9%
I250729 20:52:53.348174 559 3@kv/kvserver/store.go:3801 ⋮ [T1,Vsystem,n1,s1] 32 +Table cache: 4 entries (3.3KB)  hit rate: 99.5%
I250729 20:52:53.348174 559 3@kv/kvserver/store.go:3801 ⋮ [T1,Vsystem,n1,s1] 32 +Snapshots: 0  earliest seq num: 0
I250729 20:52:53.348174 559 3@kv/kvserver/store.go:3801 ⋮ [T1,Vsystem,n1,s1] 32 +Table iters: 0
I250729 20:52:53.348174 559 3@kv/kvserver/store.go:3801 ⋮ [T1,Vsystem,n1,s1] 32 +Filter utility: 0.0%
I250729 20:52:53.348174 559 3@kv/kvserver/store.go:3801 ⋮ [T1,Vsystem,n1,s1] 32 +Ingestions: 0  as flushable: 0 (0B in 0 tables)
I250729 20:52:53.348174 559 3@kv/kvserver/store.go:3801 ⋮ [T1,Vsystem,n1,s1] 32 +Cgo memory usage: 98MB  block cache: 1.7MB (data: 1.7MB, maps: 16KB, entries: 4.1KB)  memtables: 96MB
