I250818 14:50:36.269445 1 util/log/file_sync_buffer.go:237 ⋮ [config]   file created at: 2025/08/18 14:50:36
I250818 14:50:36.269473 1 util/log/file_sync_buffer.go:237 ⋮ [config]   running on machine: ‹0daf92ad6a25›
I250818 14:50:36.269485 1 util/log/file_sync_buffer.go:237 ⋮ [config]   binary: CockroachDB CCL v25.2.0 (aarch64-unknown-linux-gnu, built 2025/05/15 21:07:42, go1.23.7 X:nocoverageredesign)
I250818 14:50:36.269490 1 util/log/file_sync_buffer.go:237 ⋮ [config]   arguments: [‹/cockroach/cockroach› ‹start-single-node› ‹--certs-dir=certs› ‹--advertise-addr=127.0.0.1:26257› ‹--insecure› ‹--http-addr=0.0.0.0:8080›]
I250818 14:50:36.269501 1 util/log/file_sync_buffer.go:237 ⋮ [config]   log format (utf8=✓): crdb-v2
I250818 14:50:36.269505 1 util/log/file_sync_buffer.go:237 ⋮ [config]   line format: [IWEF]yymmdd hh:mm:ss.uuuuuu goid [chan@]file:line redactionmark \[tags\] [counter] msg
W250818 14:50:36.260673 1 1@cli/start.go:1438 ⋮ [n?] 1  ALL SECURITY CONTROLS HAVE BEEN DISABLED!
W250818 14:50:36.260673 1 1@cli/start.go:1438 ⋮ [n?] 1 +
W250818 14:50:36.260673 1 1@cli/start.go:1438 ⋮ [n?] 1 +This mode is intended for non-production testing only.
W250818 14:50:36.260673 1 1@cli/start.go:1438 ⋮ [n?] 1 +
W250818 14:50:36.260673 1 1@cli/start.go:1438 ⋮ [n?] 1 +In this mode:
W250818 14:50:36.260673 1 1@cli/start.go:1438 ⋮ [n?] 1 +- Your cluster is open to any client that can access ‹any of your IP addresses›.
W250818 14:50:36.260673 1 1@cli/start.go:1438 ⋮ [n?] 1 +- Intruders with access to your machine or network can observe client-server traffic.
W250818 14:50:36.260673 1 1@cli/start.go:1438 ⋮ [n?] 1 +- Intruders can log in without password and read or write any data in the cluster.
W250818 14:50:36.260673 1 1@cli/start.go:1438 ⋮ [n?] 1 +- Intruders can consume all your server's resources and cause unavailability.
I250818 14:50:36.273437 1 1@cli/start.go:1448 ⋮ [n?] 2  To start a secure server without mandating TLS for clients,
I250818 14:50:36.273437 1 1@cli/start.go:1448 ⋮ [n?] 2 +consider --accept-sql-without-tls instead. For other options, see:
I250818 14:50:36.273437 1 1@cli/start.go:1448 ⋮ [n?] 2 +
I250818 14:50:36.273437 1 1@cli/start.go:1448 ⋮ [n?] 2 +- https://go.crdb.dev/issue-v/53404/v25.2
I250818 14:50:36.273437 1 1@cli/start.go:1448 ⋮ [n?] 2 +- https://www.cockroachlabs.com/docs/v25.2/secure-a-cluster.html
I250818 14:50:36.273695 1 server/status/recorder.go:856 ⋮ [n?] 3  ‹available memory from cgroups (8.0 EiB) is unsupported, using system memory 8.7 GiB instead: ›
W250818 14:50:36.273709 1 1@cli/start.go:1360 ⋮ [n?] 4  Using the default setting for --cache (128 MiB).
W250818 14:50:36.273709 1 1@cli/start.go:1360 ⋮ [n?] 4 +  A significantly larger value is usually needed for good performance.
W250818 14:50:36.273709 1 1@cli/start.go:1360 ⋮ [n?] 4 +  If you have a dedicated server a reasonable setting is --cache=.25 (2.2 GiB).
I250818 14:50:36.274121 1 server/status/recorder.go:856 ⋮ [n?] 5  ‹available memory from cgroups (8.0 EiB) is unsupported, using system memory 8.7 GiB instead: ›
I250818 14:50:36.274192 1 1@cli/start.go:1477 ⋮ [n?] 6  CockroachDB CCL v25.2.0 (aarch64-unknown-linux-gnu, built 2025/05/15 21:07:42, go1.23.7 X:nocoverageredesign)
I250818 14:50:36.274832 1 server/status/recorder.go:856 ⋮ [n?] 7  ‹available memory from cgroups (8.0 EiB) is unsupported, using system memory 8.7 GiB instead: ›
I250818 14:50:36.274868 1 1@cli/start.go:554 ⋮ [n?] 8  soft memory limit of Go runtime is set to 4.9 GiB
I250818 14:50:36.274893 1 1@cli/start.go:591 ⋮ [n?] 9  GC target percentage of Go runtime is set to 300%
I250818 14:50:36.334328 1 server/status/recorder.go:856 ⋮ [T1,Vsystem,n?] 10  ‹available memory from cgroups (8.0 EiB) is unsupported, using system memory 8.7 GiB instead: ›
I250818 14:50:36.334421 1 server/config.go:674 ⋮ [T1,Vsystem,n?] 11  system total memory: 8.7 GiB
I250818 14:50:36.334443 1 server/config.go:676 ⋮ [T1,Vsystem,n?] 12  server configuration:
I250818 14:50:36.334443 1 server/config.go:676 ⋮ [T1,Vsystem,n?] 12 +max offset             500000000
I250818 14:50:36.334443 1 server/config.go:676 ⋮ [T1,Vsystem,n?] 12 +cache size             128 MiB
I250818 14:50:36.334443 1 server/config.go:676 ⋮ [T1,Vsystem,n?] 12 +SQL memory pool size   2.2 GiB
I250818 14:50:36.334443 1 server/config.go:676 ⋮ [T1,Vsystem,n?] 12 +scan interval          10m0s
I250818 14:50:36.334443 1 server/config.go:676 ⋮ [T1,Vsystem,n?] 12 +scan min idle time     10ms
I250818 14:50:36.334443 1 server/config.go:676 ⋮ [T1,Vsystem,n?] 12 +scan max idle time     1s
I250818 14:50:36.334443 1 server/config.go:676 ⋮ [T1,Vsystem,n?] 12 +event log enabled      true
I250818 14:50:36.334544 1 1@cli/start.go:1338 ⋮ [T1,Vsystem,n?] 13  using local environment variables:
I250818 14:50:36.334544 1 1@cli/start.go:1338 ⋮ [T1,Vsystem,n?] 13 +COCKROACH_CHANNEL=official-docker
I250818 14:50:36.334562 1 1@cli/start.go:1345 ⋮ [T1,Vsystem,n?] 14  process identity: uid 0 euid 0 gid 0 egid 0
I250818 14:50:36.347709 1 1@cli/start.go:1500 ⋮ [T1,Vsystem,n?] 15  GEOS loaded from directory ‹/usr/local/lib/cockroach›
I250818 14:50:36.347875 1 1@cli/start.go:777 ⋮ [T1,Vsystem,n?] 16  starting cockroach node
I250818 14:50:37.852271 56 server/config.go:880 ⋮ [T1,Vsystem,n?] 17  1 storage engine initialized
I250818 14:50:37.852310 56 server/config.go:883 ⋮ [T1,Vsystem,n?] 18  Pebble cache size: 128 MiB
I250818 14:50:37.852325 56 server/config.go:883 ⋮ [T1,Vsystem,n?] 19  store 0: max size 0 B, max open file limit 1043576
I250818 14:50:37.852329 56 server/config.go:883 ⋮ [T1,Vsystem,n?] 20  store 0: /cockroach/cockroach-data: rw encrypted=false fs:{bdev=/run/host_mark/Users fstype=fakeowner mountpoint=/cockroach/cockroach-data mountopts=rw,nosuid,nodev,relatime,fakeowner}
I250818 14:50:37.863812 146 util/cidr/cidr.go:299 ⋮ [T1,Vsystem,n?] 21  CIDR lookup updated with 0 destinations
I250818 14:50:38.023264 56 1@server/clock_monotonicity.go:61 ⋮ [T1,Vsystem,n?] 22  monitoring forward clock jumps based on server.clock.forward_jump_check.enabled
I250818 14:50:38.144558 56 1@server/clock_monotonicity.go:136 ⋮ [T1,Vsystem,n1] 23  Sleeping till wall time 1755528638144554052 to catches up to 1755528638523173678 to ensure monotonicity. Sub: 378.619626ms
I250818 14:50:38.144625 572 1@server/server.go:1802 ⋮ [T1,Vsystem,n1] 24  connecting to gossip network to verify cluster ID "7c4e678d-486f-4806-8e59-dd3b5b489461"
W250818 14:50:38.531791 56 1@cli/start.go:1299 ⋮ [T1,Vsystem,n1] 25  Running a server without --sql-addr, with a combined RPC/SQL listener, is deprecated.
W250818 14:50:38.531791 56 1@cli/start.go:1299 ⋮ [T1,Vsystem,n1] 25 +This feature will be removed in a later version of CockroachDB.
W250818 14:50:38.532077 56 1@gossip/gossip.go:1460 ⋮ [T1,Vsystem,n1] 26  no addresses found; use --join to specify a connected node
I250818 14:50:38.565314 558 kv/kvserver/kvstorage/init.go:250 ⋮ [T1,Vsystem,n1,s1] 27  beginning range descriptor iteration
I250818 14:50:38.590112 558 kv/kvserver/kvstorage/init.go:374 ⋮ [T1,Vsystem,n1,s1] 28  range descriptor iteration done: 57 range descriptors, 0 intents, 0 tombstones; stats: ‹seeked 118 times (60 internal); stepped 0 times (0 internal); blocks: 135KB cached, 15KB not cached (read time: 888.167µs); points: 58 (1.2KB keys, 1.7KB values); separated: 2 (58B, 0B fetched)›
I250818 14:50:38.603867 558 kv/kvserver/kvstorage/init.go:501 ⋮ [T1,Vsystem,n1,s1] 29  loaded replica ID for 57/57 replicas
I250818 14:50:38.604371 558 kv/kvserver/kvstorage/init.go:518 ⋮ [T1,Vsystem,n1,s1] 30  loaded Raft state for 57/57 replicas
I250818 14:50:38.604398 558 kv/kvserver/kvstorage/init.go:545 ⋮ [T1,Vsystem,n1,s1] 31  loaded 57 replicas
I250818 14:50:38.604418 558 kv/kvserver/kvstorage/init.go:576 ⋮ [T1,Vsystem,n1,s1] 32  verified 57/57 replicas
I250818 14:50:38.638640 558 kv/kvserver/store.go:2369 ⋮ [T1,Vsystem,n1,s1] 33  initialized 57/57 replicas
I250818 14:50:38.639744 558 server/node.go:690 ⋮ [T1,Vsystem,n1] 34  initialized store s1 in 106ms (57 replicas)
I250818 14:50:38.639992 56 kv/kvserver/stores.go:261 ⋮ [T1,Vsystem,n1] 35  read 0 node addresses from persistent storage
I250818 14:50:38.644746 572 1@server/server.go:1805 ⋮ [T1,Vsystem,n1] 36  node connected via gossip
I250818 14:50:38.697930 56 server/node.go:801 ⋮ [T1,Vsystem,n1] 37  started with attributes []
I250818 14:50:38.698165 56 server/goroutinedumper/goroutinedumper.go:117 ⋮ [T1,Vsystem,n1] 38  writing goroutine dumps to ‹/cockroach/cockroach-data/logs/goroutine_dump›
I250818 14:50:38.698272 56 server/profiler/heapprofiler.go:72 ⋮ [T1,Vsystem,n1] 39  writing go heap profiles to ‹/cockroach/cockroach-data/logs/heap_profiler› at least every 1h0m0s
I250818 14:50:38.698295 56 server/profiler/memory_monitoring_profiler.go:66 ⋮ [T1,Vsystem,n1] 40  writing memory monitoring dumps to ‹/cockroach/cockroach-data/logs/heap_profiler› at least every 1h0m0s
I250818 14:50:38.698306 56 server/profiler/cgoprofiler.go:66 ⋮ [T1,Vsystem,n1] 41  to enable jmalloc profiling: "export MALLOC_CONF=prof:true" or "ln -s prof:true /etc/malloc.conf"
I250818 14:50:38.698387 56 server/profiler/statsprofiler.go:68 ⋮ [T1,Vsystem,n1] 42  writing memory stats to ‹/cockroach/cockroach-data/logs/heap_profiler› at last every 1h0m0s
I250818 14:50:38.698678 56 server/profiler/activequeryprofiler.go:88 ⋮ [T1,Vsystem,n1] 43  writing go query profiles to ‹/cockroach/cockroach-data/logs/heap_profiler›
I250818 14:50:38.698698 56 server/profiler/cpuprofiler.go:87 ⋮ [T1,Vsystem,n1] 44  writing cpu profile dumps to ‹/cockroach/cockroach-data/logs/pprof_dump›
I250818 14:50:38.703609 56 1@server/server.go:1999 ⋮ [T1,Vsystem,n1] 45  starting http server at ‹[::]:8080› (use: ‹127.0.0.1:8080›)
I250818 14:50:38.703641 56 1@server/server.go:2007 ⋮ [T1,Vsystem,n1] 46  starting grpc/postgres server at ‹[::]:26257›
I250818 14:50:38.703650 56 1@server/server.go:2008 ⋮ [T1,Vsystem,n1] 47  advertising CockroachDB node at ‹127.0.0.1:26257›
I250818 14:50:38.718225 664 kv/kvserver/queue.go:612 ⋮ [T1,Vsystem,n1,s1,r60/1:‹/Table/5{8-9}›,raft] 48  rate limited in MaybeAdd (replicate): throttled on async limiting semaphore
I250818 14:50:38.719387 629 kv/kvserver/storeliveness/support_manager.go:285 ⋮ [T1,Vsystem,n1,s1] 49  starting to heartbeat store {NodeID:1 StoreID:1}
I250818 14:50:38.723732 703 kv/kvserver/queue.go:612 ⋮ [T1,Vsystem,n1,s1,r63/1:‹/Table/6{1-3}›,raft] 50  rate limited in MaybeAdd (merge): throttled on async limiting semaphore
I250818 14:50:38.744227 629 kv/kvserver/storeliveness/supporter_state.go:298 ⋮ [T1,Vsystem,n1,s1] 51  provided support for store {NodeID:1 StoreID:1}; old = {Target:{NodeID:1 StoreID:1} Epoch:5 Expiration:1755528480.247113297,0}, new = {Target:{NodeID:1 StoreID:1} Epoch:6 Expiration:1755528641.719455594,0}
I250818 14:50:38.770338 629 kv/kvserver/storeliveness/requester_state.go:425 ⋮ [T1,Vsystem,n1,s1] 52  received support from store {NodeID:1 StoreID:1}; old = {Target:{NodeID:1 StoreID:1} Epoch:6 Expiration:0,0}, new = {Target:{NodeID:1 StoreID:1} Epoch:6 Expiration:1755528641.719455594,0}
I250818 14:50:38.888959 56 1@util/log/event_log.go:39 ⋮ [T1,Vsystem,n1] 53 ={"Timestamp":1755528638888937011,"EventType":"node_restart","NodeID":1,"StartedAt":1755528638532621219,"LastUp":1755528476137071255}
I250818 14:50:38.938716 417 kv/kvclient/rangefeed/rangefeedcache/watcher.go:340 ⋮ [T1,Vsystem,n1] 54  spanconfig-subscriber: established range feed cache
I250818 14:50:38.938821 931 kv/kvclient/rangefeed/rangefeedcache/watcher.go:340 ⋮ [T1,Vsystem,n1] 55  settings-watcher: established range feed cache
I250818 14:50:39.086124 56 sql/sqlliveness/slinstance/slinstance.go:435 ⋮ [T1,Vsystem,n1] 56  starting SQL liveness instance
I250818 14:50:39.090475 865 kv/kvserver/replica_rangefeed.go:882 ⋮ [T1,Vsystem,n1,rangefeed=‹settings-watcher›,mux_n=1,gen=2,r10/1:‹/Table/{6-7}›,sm=1,sid=1,s1] 57  RangeFeed closed timestamp 1755445861.169431554,0 is behind by 22h59m37.921038748s (behind=22h59m37.921038748s target=3s nudge=true cancel=false)
I250818 14:50:39.129285 1065 sql/sqlliveness/slstorage/slstorage.go:540 ⋮ [T1,Vsystem,n1] 58  inserted sqlliveness session 010180d1e1c7615f7c4d0cb341870007148264 with expiry 1755528679.086250469,0
I250818 14:50:39.131086 1065 sql/sqlliveness/slinstance/slinstance.go:247 ⋮ [T1,Vsystem,n1] 59  created new SQL liveness session 010180d1e1c7615f7c4d0cb341870007148264
I250818 14:50:39.131121 56 sql/sqlinstance/instancestorage/instancestorage.go:338 ⋮ [T1,Vsystem,n1] 60  assigning instance id to rpc addr ‹127.0.0.1:26257› and sql addr ‹127.0.0.1:26257›
I250818 14:50:39.141610 56 server/server_sql.go:1618 ⋮ [T1,Vsystem,n1] 61  bound sqlinstance: Instance{RegionPrefix: gA==, InstanceID: 1, SQLAddr: ‹127.0.0.1:26257›, RPCAddr: ‹127.0.0.1:26257›, SessionID: 010180d1e1c7615f7c4d0cb341870007148264, Locality: , BinaryVersion: 25.2}
I250818 14:50:39.142588 56 upgrade/upgrademanager/manager.go:171 ⋮ [T1,Vsystem,n1] 62  running permanent upgrades up to version: 25.2
I250818 14:50:39.144047 1230 sql/sqlstats/persistedsqlstats/provider.go:159 ⋮ [T1,Vsystem,n1] 63  starting sql-stats-worker with initial delay: 10m13.382429212s
I250818 14:50:39.146876 1243 kv/kvclient/rangefeed/rangefeedcache/watcher.go:340 ⋮ [T1,Vsystem,n1] 64  system-config-cache: established range feed cache
I250818 14:50:39.152946 1227 sql/temporary_schema.go:506 ⋮ [T1,Vsystem,n1] 65  running temporary object cleanup background job
I250818 14:50:39.165377 1227 sql/temporary_schema.go:556 ⋮ [T1,Vsystem,n1] 66  found 0 temporary schemas
I250818 14:50:39.165437 1227 sql/temporary_schema.go:559 ⋮ [T1,Vsystem,n1] 67  early exiting temporary schema cleaner as no temporary schemas were found
I250818 14:50:39.165455 1227 sql/temporary_schema.go:560 ⋮ [T1,Vsystem,n1] 68  completed temporary object cleanup job
I250818 14:50:39.165465 1227 sql/temporary_schema.go:641 ⋮ [T1,Vsystem,n1] 69  temporary object cleaner next scheduled to run at 2025-08-18 15:20:39.144024177 +0000 UTC m=+1803.886587169
I250818 14:50:39.250354 56 upgrade/upgrademanager/manager.go:233 ⋮ [T1,Vsystem,n1] 70  detected the last permanent upgrade (v0.0-upgrading-step-004) to have already completed; no permanent upgrades will run
I250818 14:50:39.250393 56 server/server_sql.go:1720 ⋮ [T1,Vsystem,n1] 71  done ensuring all necessary startup migrations have run
I250818 14:50:39.250690 56 server/license/enforcer.go:262 ⋮ [T1,Vsystem,n1] 72  trial license expiry initialized to 1970-01-01 00:00:00 +0000 UTC
I250818 14:50:39.250740 56 server/license/enforcer.go:298 ⋮ [T1,Vsystem,n1] 73  fetched existing cluster init grace period end time: 2025-08-24 14:50:24 +0000 UTC
I250818 14:50:39.251906 56 server/license/enforcer.go:498 ⋮ [T1,Vsystem,n1] 74  enforcer license updated: type is none, grace period ends at "2025-08-24 14:50:24 +0000 UTC", telemetry required: false
I250818 14:50:39.251971 56 server/license/enforcer.go:498 ⋮ [T1,Vsystem,n1] 75  enforcer license updated: type is none, grace period ends at "2025-08-24 14:50:24 +0000 UTC", telemetry required: false
I250818 14:50:39.287094 1504 kv/kvclient/rangefeed/rangefeedcache/watcher.go:340 ⋮ [T1,Vsystem,n1] 76  tenant-settings-watcher: established range feed cache
I250818 14:50:39.287266 1554 kv/kvclient/rangefeed/rangefeedcache/watcher.go:340 ⋮ [T1,Vsystem,n1] 77  tenant-entry-watcher: established range feed cache
I250818 14:50:39.287403 1554 multitenant/tenantcapabilities/tenantcapabilitieswatcher/watcher.go:285 ⋮ [T1,Vsystem,n1] 78  received results of a full table scan for tenant capabilities
I250818 14:50:39.288324 1496 jobs/job_scheduler.go:407 ⋮ [T1,Vsystem,n1] 79  waiting 2m0s before scheduled jobs daemon start
I250818 14:50:39.401379 160 sql/sqlliveness/slstorage/slstorage.go:391 ⋮ [n1,intExec=query-lease-table-dead-sessions] 80  deleted session 0101804b69784caf754a9aaaf30c1a85362299 which expired at 1755528516.432899796,0
I250818 14:50:39.410209 1494 sql/syntheticprivilegecache/cache.go:202 ⋮ [T1,Vsystem,n1] 81  warmed privileges for virtual tables in 131.319417ms
I250818 14:50:39.414850 1502 server/auto_upgrade.go:81 ⋮ [T1,Vsystem,n1] 82  no need to upgrade, cluster already at the newest version
I250818 14:50:39.421973 56 server/license/enforcer.go:582 ⋮ [T1,Vsystem,n1] 83  disable all license enforcement
I250818 14:50:39.422017 56 1@server/server_sql.go:1971 ⋮ [T1,Vsystem,n1] 84  serving sql connections
I250818 14:50:39.422391 56 1@cli/start.go:1286 ⋮ [T1,Vsystem,n1] 85  node startup completed:
I250818 14:50:39.422391 56 1@cli/start.go:1286 ⋮ [T1,Vsystem,n1] 85 +CockroachDB node starting at 2025-08-18 14:50:39.422047594 +0000 UTC m=+4.164610628 (took 3.2s)
I250818 14:50:39.422391 56 1@cli/start.go:1286 ⋮ [T1,Vsystem,n1] 85 +build:               CCL v25.2.0 @ 2025/05/15 21:07:42 (go1.23.7 X:nocoverageredesign)
I250818 14:50:39.422391 56 1@cli/start.go:1286 ⋮ [T1,Vsystem,n1] 85 +malloc_conf:         prof:false,prof_active:true,background_thread:true,thp:never,metadata_thp:disabled,narenas:48,dirty_decay_ms:2000,muzzy_decay_ms:0
I250818 14:50:39.422391 56 1@cli/start.go:1286 ⋮ [T1,Vsystem,n1] 85 +webui:               ‹http://127.0.0.1:8080›
I250818 14:50:39.422391 56 1@cli/start.go:1286 ⋮ [T1,Vsystem,n1] 85 +sql:                 ‹postgresql://root@127.0.0.1:26257/defaultdb?sslmode=disable›
I250818 14:50:39.422391 56 1@cli/start.go:1286 ⋮ [T1,Vsystem,n1] 85 +sql (JDBC):          ‹jdbc:postgresql://127.0.0.1:26257/defaultdb?sslmode=disable&user=root›
I250818 14:50:39.422391 56 1@cli/start.go:1286 ⋮ [T1,Vsystem,n1] 85 +RPC client flags:    ‹/cockroach/cockroach <client cmd> --host=127.0.0.1:26257 --insecure›
I250818 14:50:39.422391 56 1@cli/start.go:1286 ⋮ [T1,Vsystem,n1] 85 +logs:                ‹/cockroach/cockroach-data/logs›
I250818 14:50:39.422391 56 1@cli/start.go:1286 ⋮ [T1,Vsystem,n1] 85 +temp dir:            ‹/cockroach/cockroach-data/cockroach-temp3761523696›
I250818 14:50:39.422391 56 1@cli/start.go:1286 ⋮ [T1,Vsystem,n1] 85 +external I/O path:   ‹/cockroach/cockroach-data/extern›
I250818 14:50:39.422391 56 1@cli/start.go:1286 ⋮ [T1,Vsystem,n1] 85 +store[0]:            ‹path=/cockroach/cockroach-data›
I250818 14:50:39.422391 56 1@cli/start.go:1286 ⋮ [T1,Vsystem,n1] 85 +clusterID:           7c4e678d-486f-4806-8e59-dd3b5b489461
I250818 14:50:39.422391 56 1@cli/start.go:1286 ⋮ [T1,Vsystem,n1] 85 +status:              restarted pre-existing node
I250818 14:50:39.422391 56 1@cli/start.go:1286 ⋮ [T1,Vsystem,n1] 85 +nodeID:              1
I250818 14:50:39.633478 557 1@gossip/gossip.go:1476 ⋮ [T1,Vsystem,n1] 86  node has connected to cluster via gossip
I250818 14:50:39.672263 557 kv/kvserver/stores.go:280 ⋮ [T1,Vsystem,n1] 87  wrote 0 node addresses to persistent storage
I250818 14:50:39.709678 1361 sql/catalog/lease/lease.go:2467 ⋮ [T1,Vsystem,n1] 88  released orphaned lease: ID=6 ver=1 expiration={0001-01-01 00:00:00 +0000 UTC}
I250818 14:50:39.710317 1358 sql/catalog/lease/lease.go:2467 ⋮ [T1,Vsystem,n1] 89  released orphaned lease: ID=3 ver=1 expiration={0001-01-01 00:00:00 +0000 UTC}
I250818 14:50:39.710667 1359 sql/catalog/lease/lease.go:2467 ⋮ [T1,Vsystem,n1] 90  released orphaned lease: ID=4 ver=1 expiration={0001-01-01 00:00:00 +0000 UTC}
I250818 14:50:39.710824 1357 sql/catalog/lease/lease.go:2467 ⋮ [T1,Vsystem,n1] 91  released orphaned lease: ID=1 ver=1 expiration={0001-01-01 00:00:00 +0000 UTC}
I250818 14:50:39.710950 1360 sql/catalog/lease/lease.go:2467 ⋮ [T1,Vsystem,n1] 92  released orphaned lease: ID=5 ver=1 expiration={0001-01-01 00:00:00 +0000 UTC}
I250818 14:50:39.711332 1548 sql/catalog/lease/lease.go:2467 ⋮ [T1,Vsystem,n1] 93  released orphaned lease: ID=7 ver=1 expiration={0001-01-01 00:00:00 +0000 UTC}
I250818 14:50:39.711958 1549 sql/catalog/lease/lease.go:2467 ⋮ [T1,Vsystem,n1] 94  released orphaned lease: ID=8 ver=1 expiration={0001-01-01 00:00:00 +0000 UTC}
I250818 14:50:39.712071 1550 sql/catalog/lease/lease.go:2467 ⋮ [T1,Vsystem,n1] 95  released orphaned lease: ID=12 ver=1 expiration={0001-01-01 00:00:00 +0000 UTC}
I250818 14:50:39.712308 1730 sql/catalog/lease/lease.go:2467 ⋮ [T1,Vsystem,n1] 96  released orphaned lease: ID=9 ver=1 expiration={0001-01-01 00:00:00 +0000 UTC}
I250818 14:50:39.714432 1706 sql/catalog/lease/lease.go:2467 ⋮ [T1,Vsystem,n1] 97  released orphaned lease: ID=11 ver=1 expiration={0001-01-01 00:00:00 +0000 UTC}
I250818 14:50:39.714904 1606 sql/catalog/lease/lease.go:2467 ⋮ [T1,Vsystem,n1] 98  released orphaned lease: ID=15 ver=1 expiration={0001-01-01 00:00:00 +0000 UTC}
I250818 14:50:39.714971 1580 sql/catalog/lease/lease.go:2467 ⋮ [T1,Vsystem,n1] 99  released orphaned lease: ID=14 ver=1 expiration={0001-01-01 00:00:00 +0000 UTC}
I250818 14:50:39.715509 1581 sql/catalog/lease/lease.go:2467 ⋮ [T1,Vsystem,n1] 100  released orphaned lease: ID=19 ver=1 expiration={0001-01-01 00:00:00 +0000 UTC}
I250818 14:50:39.715660 1723 sql/catalog/lease/lease.go:2467 ⋮ [T1,Vsystem,n1] 101  released orphaned lease: ID=13 ver=1 expiration={0001-01-01 00:00:00 +0000 UTC}
I250818 14:50:39.716517 1607 sql/catalog/lease/lease.go:2467 ⋮ [T1,Vsystem,n1] 102  released orphaned lease: ID=21 ver=1 expiration={0001-01-01 00:00:00 +0000 UTC}
I250818 14:50:39.716736 1642 sql/catalog/lease/lease.go:2467 ⋮ [T1,Vsystem,n1] 103  released orphaned lease: ID=24 ver=1 expiration={0001-01-01 00:00:00 +0000 UTC}
I250818 14:50:39.716963 1724 sql/catalog/lease/lease.go:2467 ⋮ [T1,Vsystem,n1] 104  released orphaned lease: ID=23 ver=1 expiration={0001-01-01 00:00:00 +0000 UTC}
I250818 14:50:39.717067 1582 sql/catalog/lease/lease.go:2467 ⋮ [T1,Vsystem,n1] 105  released orphaned lease: ID=20 ver=1 expiration={0001-01-01 00:00:00 +0000 UTC}
I250818 14:50:39.717091 1725 sql/catalog/lease/lease.go:2467 ⋮ [T1,Vsystem,n1] 106  released orphaned lease: ID=25 ver=1 expiration={0001-01-01 00:00:00 +0000 UTC}
I250818 14:50:39.717212 1726 sql/catalog/lease/lease.go:2467 ⋮ [T1,Vsystem,n1] 107  released orphaned lease: ID=26 ver=1 expiration={0001-01-01 00:00:00 +0000 UTC}
I250818 14:50:39.720408 1727 sql/catalog/lease/lease.go:2467 ⋮ [T1,Vsystem,n1] 108  released orphaned lease: ID=27 ver=1 expiration={0001-01-01 00:00:00 +0000 UTC}
I250818 14:50:39.721265 1553 sql/catalog/lease/lease.go:2467 ⋮ [T1,Vsystem,n1] 109  released orphaned lease: ID=31 ver=1 expiration={0001-01-01 00:00:00 +0000 UTC}
I250818 14:50:39.721387 1746 sql/catalog/lease/lease.go:2467 ⋮ [T1,Vsystem,n1] 110  released orphaned lease: ID=32 ver=1 expiration={0001-01-01 00:00:00 +0000 UTC}
I250818 14:50:39.721411 1552 sql/catalog/lease/lease.go:2467 ⋮ [T1,Vsystem,n1] 111  released orphaned lease: ID=30 ver=1 expiration={0001-01-01 00:00:00 +0000 UTC}
I250818 14:50:39.721429 1551 sql/catalog/lease/lease.go:2467 ⋮ [T1,Vsystem,n1] 112  released orphaned lease: ID=28 ver=1 expiration={0001-01-01 00:00:00 +0000 UTC}
I250818 14:50:39.724050 1747 sql/catalog/lease/lease.go:2467 ⋮ [T1,Vsystem,n1] 113  released orphaned lease: ID=33 ver=1 expiration={0001-01-01 00:00:00 +0000 UTC}
I250818 14:50:39.724368 1610 sql/catalog/lease/lease.go:2467 ⋮ [T1,Vsystem,n1] 114  released orphaned lease: ID=36 ver=1 expiration={0001-01-01 00:00:00 +0000 UTC}
I250818 14:50:39.724448 1609 sql/catalog/lease/lease.go:2467 ⋮ [T1,Vsystem,n1] 115  released orphaned lease: ID=35 ver=1 expiration={0001-01-01 00:00:00 +0000 UTC}
I250818 14:50:39.724628 1608 sql/catalog/lease/lease.go:2467 ⋮ [T1,Vsystem,n1] 116  released orphaned lease: ID=34 ver=1 expiration={0001-01-01 00:00:00 +0000 UTC}
I250818 14:50:39.724799 1611 sql/catalog/lease/lease.go:2467 ⋮ [T1,Vsystem,n1] 117  released orphaned lease: ID=37 ver=1 expiration={0001-01-01 00:00:00 +0000 UTC}
I250818 14:50:39.726143 1750 sql/catalog/lease/lease.go:2467 ⋮ [T1,Vsystem,n1] 118  released orphaned lease: ID=43 ver=1 expiration={0001-01-01 00:00:00 +0000 UTC}
I250818 14:50:39.726630 1643 sql/catalog/lease/lease.go:2467 ⋮ [T1,Vsystem,n1] 119  released orphaned lease: ID=40 ver=1 expiration={0001-01-01 00:00:00 +0000 UTC}
I250818 14:50:39.726949 1748 sql/catalog/lease/lease.go:2467 ⋮ [T1,Vsystem,n1] 120  released orphaned lease: ID=41 ver=1 expiration={0001-01-01 00:00:00 +0000 UTC}
I250818 14:50:39.727175 1749 sql/catalog/lease/lease.go:2467 ⋮ [T1,Vsystem,n1] 121  released orphaned lease: ID=42 ver=1 expiration={0001-01-01 00:00:00 +0000 UTC}
I250818 14:50:39.727364 1583 sql/catalog/lease/lease.go:2467 ⋮ [T1,Vsystem,n1] 122  released orphaned lease: ID=39 ver=1 expiration={0001-01-01 00:00:00 +0000 UTC}
I250818 14:50:39.728391 1648 sql/catalog/lease/lease.go:2467 ⋮ [T1,Vsystem,n1] 123  released orphaned lease: ID=48 ver=1 expiration={0001-01-01 00:00:00 +0000 UTC}
I250818 14:50:39.728906 1644 sql/catalog/lease/lease.go:2467 ⋮ [T1,Vsystem,n1] 124  released orphaned lease: ID=44 ver=1 expiration={0001-01-01 00:00:00 +0000 UTC}
I250818 14:50:39.728914 1646 sql/catalog/lease/lease.go:2467 ⋮ [T1,Vsystem,n1] 125  released orphaned lease: ID=46 ver=1 expiration={0001-01-01 00:00:00 +0000 UTC}
I250818 14:50:39.728945 1645 sql/catalog/lease/lease.go:2467 ⋮ [T1,Vsystem,n1] 126  released orphaned lease: ID=45 ver=1 expiration={0001-01-01 00:00:00 +0000 UTC}
I250818 14:50:39.728960 1647 sql/catalog/lease/lease.go:2467 ⋮ [T1,Vsystem,n1] 127  released orphaned lease: ID=47 ver=1 expiration={0001-01-01 00:00:00 +0000 UTC}
I250818 14:50:39.737998 1584 sql/catalog/lease/lease.go:2467 ⋮ [T1,Vsystem,n1] 128  released orphaned lease: ID=50 ver=1 expiration={0001-01-01 00:00:00 +0000 UTC}
I250818 14:50:39.738899 1585 sql/catalog/lease/lease.go:2467 ⋮ [T1,Vsystem,n1] 129  released orphaned lease: ID=51 ver=1 expiration={0001-01-01 00:00:00 +0000 UTC}
I250818 14:50:39.739027 1764 sql/catalog/lease/lease.go:2467 ⋮ [T1,Vsystem,n1] 130  released orphaned lease: ID=54 ver=1 expiration={0001-01-01 00:00:00 +0000 UTC}
I250818 14:50:39.739142 1763 sql/catalog/lease/lease.go:2467 ⋮ [T1,Vsystem,n1] 131  released orphaned lease: ID=53 ver=1 expiration={0001-01-01 00:00:00 +0000 UTC}
I250818 14:50:39.739222 1762 sql/catalog/lease/lease.go:2467 ⋮ [T1,Vsystem,n1] 132  released orphaned lease: ID=52 ver=1 expiration={0001-01-01 00:00:00 +0000 UTC}
I250818 14:50:39.743650 1768 sql/catalog/lease/lease.go:2467 ⋮ [T1,Vsystem,n1] 133  released orphaned lease: ID=59 ver=1 expiration={0001-01-01 00:00:00 +0000 UTC}
I250818 14:50:39.743807 1766 sql/catalog/lease/lease.go:2467 ⋮ [T1,Vsystem,n1] 134  released orphaned lease: ID=56 ver=1 expiration={0001-01-01 00:00:00 +0000 UTC}
I250818 14:50:39.743999 1765 sql/catalog/lease/lease.go:2467 ⋮ [T1,Vsystem,n1] 135  released orphaned lease: ID=55 ver=1 expiration={0001-01-01 00:00:00 +0000 UTC}
I250818 14:50:39.744199 1767 sql/catalog/lease/lease.go:2467 ⋮ [T1,Vsystem,n1] 136  released orphaned lease: ID=58 ver=1 expiration={0001-01-01 00:00:00 +0000 UTC}
I250818 14:50:39.744302 1751 sql/catalog/lease/lease.go:2467 ⋮ [T1,Vsystem,n1] 137  released orphaned lease: ID=57 ver=1 expiration={0001-01-01 00:00:00 +0000 UTC}
I250818 14:50:39.744961 1769 sql/catalog/lease/lease.go:2467 ⋮ [T1,Vsystem,n1] 138  released orphaned lease: ID=61 ver=1 expiration={0001-01-01 00:00:00 +0000 UTC}
I250818 14:50:39.745183 1770 sql/catalog/lease/lease.go:2467 ⋮ [T1,Vsystem,n1] 139  released orphaned lease: ID=63 ver=1 expiration={0001-01-01 00:00:00 +0000 UTC}
I250818 14:50:39.745235 1752 sql/catalog/lease/lease.go:2467 ⋮ [T1,Vsystem,n1] 140  released orphaned lease: ID=62 ver=1 expiration={0001-01-01 00:00:00 +0000 UTC}
I250818 14:50:39.745719 1772 sql/catalog/lease/lease.go:2467 ⋮ [T1,Vsystem,n1] 141  released orphaned lease: ID=66 ver=1 expiration={0001-01-01 00:00:00 +0000 UTC}
I250818 14:50:39.746019 1612 sql/catalog/lease/lease.go:2467 ⋮ [T1,Vsystem,n1] 142  released orphaned lease: ID=60 ver=1 expiration={0001-01-01 00:00:00 +0000 UTC}
I250818 14:50:39.746395 1753 sql/catalog/lease/lease.go:2467 ⋮ [T1,Vsystem,n1] 143  released orphaned lease: ID=64 ver=1 expiration={0001-01-01 00:00:00 +0000 UTC}
I250818 14:50:39.746685 1773 sql/catalog/lease/lease.go:2467 ⋮ [T1,Vsystem,n1] 144  released orphaned lease: ID=67 ver=1 expiration={0001-01-01 00:00:00 +0000 UTC}
I250818 14:50:39.747027 1771 sql/catalog/lease/lease.go:2467 ⋮ [T1,Vsystem,n1] 145  released orphaned lease: ID=65 ver=1 expiration={0001-01-01 00:00:00 +0000 UTC}
I250818 14:50:39.747211 1649 sql/catalog/lease/lease.go:2467 ⋮ [T1,Vsystem,n1] 146  released orphaned lease: ID=68 ver=1 expiration={0001-01-01 00:00:00 +0000 UTC}
I250818 14:50:39.747607 1613 sql/catalog/lease/lease.go:2467 ⋮ [T1,Vsystem,n1] 147  released orphaned lease: ID=69 ver=1 expiration={0001-01-01 00:00:00 +0000 UTC}
I250818 14:50:39.747973 1778 sql/catalog/lease/lease.go:2467 ⋮ [T1,Vsystem,n1] 148  released orphaned lease: ID=104 ver=1 expiration={0001-01-01 00:00:00 +0000 UTC}
I250818 14:50:39.748199 1728 sql/catalog/lease/lease.go:2467 ⋮ [T1,Vsystem,n1] 149  released orphaned lease: ID=71 ver=1 expiration={0001-01-01 00:00:00 +0000 UTC}
I250818 14:50:39.748237 1729 sql/catalog/lease/lease.go:2467 ⋮ [T1,Vsystem,n1] 150  released orphaned lease: ID=72 ver=1 expiration={0001-01-01 00:00:00 +0000 UTC}
I250818 14:50:39.748363 1614 sql/catalog/lease/lease.go:2467 ⋮ [T1,Vsystem,n1] 151  released orphaned lease: ID=70 ver=1 expiration={0001-01-01 00:00:00 +0000 UTC}
I250818 14:50:39.749802 1794 sql/catalog/lease/lease.go:2467 ⋮ [T1,Vsystem,n1] 152  released orphaned lease: ID=107 ver=1 expiration={0001-01-01 00:00:00 +0000 UTC}
I250818 14:50:39.750285 1754 sql/catalog/lease/lease.go:2467 ⋮ [T1,Vsystem,n1] 153  released orphaned lease: ID=106 ver=15 expiration={0001-01-01 00:00:00 +0000 UTC}
I250818 14:50:39.750615 1795 sql/catalog/lease/lease.go:2467 ⋮ [T1,Vsystem,n1] 154  released orphaned lease: ID=109 ver=2 expiration={0001-01-01 00:00:00 +0000 UTC}
I250818 14:50:39.750732 1755 sql/catalog/lease/lease.go:2467 ⋮ [T1,Vsystem,n1] 155  released orphaned lease: ID=108 ver=2 expiration={0001-01-01 00:00:00 +0000 UTC}
I250818 14:50:39.750888 1779 sql/catalog/lease/lease.go:2467 ⋮ [T1,Vsystem,n1] 156  released orphaned lease: ID=105 ver=1 expiration={0001-01-01 00:00:00 +0000 UTC}
I250818 14:50:39.751985 1615 sql/catalog/lease/lease.go:2467 ⋮ [T1,Vsystem,n1] 157  released orphaned lease: ID=110 ver=1 expiration={0001-01-01 00:00:00 +0000 UTC}
I250818 14:50:39.752263 1616 sql/catalog/lease/lease.go:2467 ⋮ [T1,Vsystem,n1] 158  released orphaned lease: ID=111 ver=3 expiration={0001-01-01 00:00:00 +0000 UTC}
I250818 14:50:39.752937 1756 sql/catalog/lease/lease.go:2467 ⋮ [T1,Vsystem,n1] 159  released orphaned lease: ID=114 ver=1 expiration={0001-01-01 00:00:00 +0000 UTC}
I250818 14:50:39.752941 1780 sql/catalog/lease/lease.go:2467 ⋮ [T1,Vsystem,n1] 160  released orphaned lease: ID=112 ver=1 expiration={0001-01-01 00:00:00 +0000 UTC}
I250818 14:50:39.753326 1796 sql/catalog/lease/lease.go:2467 ⋮ [T1,Vsystem,n1] 161  released orphaned lease: ID=113 ver=7 expiration={0001-01-01 00:00:00 +0000 UTC}
I250818 14:50:39.756334 1708 sql/catalog/lease/lease.go:2467 ⋮ [T1,Vsystem,n1] 162  released orphaned lease: ID=116 ver=1 expiration={0001-01-01 00:00:00 +0000 UTC}
I250818 14:50:39.760531 1707 sql/catalog/lease/lease.go:2467 ⋮ [T1,Vsystem,n1] 163  released orphaned lease: ID=115 ver=7 expiration={0001-01-01 00:00:00 +0000 UTC}
I250818 14:50:39.761335 1757 sql/catalog/lease/lease.go:2467 ⋮ [T1,Vsystem,n1] 164  released orphaned lease: ID=122 ver=2 expiration={0001-01-01 00:00:00 +0000 UTC}
I250818 14:50:39.761859 1709 sql/catalog/lease/lease.go:2467 ⋮ [T1,Vsystem,n1] 165  released orphaned lease: ID=118 ver=1 expiration={0001-01-01 00:00:00 +0000 UTC}
I250818 14:50:39.762018 1774 sql/catalog/lease/lease.go:2467 ⋮ [T1,Vsystem,n1] 166  released orphaned lease: ID=117 ver=3 expiration={0001-01-01 00:00:00 +0000 UTC}
I250818 14:50:39.762398 1710 sql/catalog/lease/lease.go:2467 ⋮ [T1,Vsystem,n1] 167  released orphaned lease: ID=119 ver=2 expiration={0001-01-01 00:00:00 +0000 UTC}
I250818 14:50:39.790192 1760 sql/catalog/lease/lease.go:2467 ⋮ [T1,Vsystem,n1] 168  released orphaned lease: ID=127 ver=3 expiration={0001-01-01 00:00:00 +0000 UTC}
I250818 14:50:39.790500 1617 sql/catalog/lease/lease.go:2467 ⋮ [T1,Vsystem,n1] 169  released orphaned lease: ID=123 ver=1 expiration={0001-01-01 00:00:00 +0000 UTC}
I250818 14:50:39.790590 1758 sql/catalog/lease/lease.go:2467 ⋮ [T1,Vsystem,n1] 170  released orphaned lease: ID=124 ver=3 expiration={0001-01-01 00:00:00 +0000 UTC}
I250818 14:50:39.790644 1759 sql/catalog/lease/lease.go:2467 ⋮ [T1,Vsystem,n1] 171  released orphaned lease: ID=126 ver=2 expiration={0001-01-01 00:00:00 +0000 UTC}
I250818 14:50:39.790692 1775 sql/catalog/lease/lease.go:2467 ⋮ [T1,Vsystem,n1] 172  released orphaned lease: ID=125 ver=3 expiration={0001-01-01 00:00:00 +0000 UTC}
I250818 14:50:39.797385 1813 sql/catalog/lease/lease.go:2467 ⋮ [T1,Vsystem,n1] 173  released orphaned lease: ID=132 ver=2 expiration={0001-01-01 00:00:00 +0000 UTC}
I250818 14:50:39.799577 1810 sql/catalog/lease/lease.go:2467 ⋮ [T1,Vsystem,n1] 174  released orphaned lease: ID=129 ver=3 expiration={0001-01-01 00:00:00 +0000 UTC}
I250818 14:50:39.800718 1761 sql/catalog/lease/lease.go:2467 ⋮ [T1,Vsystem,n1] 175  released orphaned lease: ID=128 ver=2 expiration={0001-01-01 00:00:00 +0000 UTC}
I250818 14:50:39.802997 1811 sql/catalog/lease/lease.go:2467 ⋮ [T1,Vsystem,n1] 176  released orphaned lease: ID=130 ver=2 expiration={0001-01-01 00:00:00 +0000 UTC}
I250818 14:50:39.803053 1812 sql/catalog/lease/lease.go:2467 ⋮ [T1,Vsystem,n1] 177  released orphaned lease: ID=131 ver=2 expiration={0001-01-01 00:00:00 +0000 UTC}
I250818 14:50:39.807599 1711 sql/catalog/lease/lease.go:2467 ⋮ [T1,Vsystem,n1] 178  released orphaned lease: ID=134 ver=1 expiration={0001-01-01 00:00:00 +0000 UTC}
I250818 14:50:39.808241 1814 sql/catalog/lease/lease.go:2467 ⋮ [T1,Vsystem,n1] 179  released orphaned lease: ID=133 ver=3 expiration={0001-01-01 00:00:00 +0000 UTC}
I250818 14:50:40.910209 1497 server/diagnostics/update_checker.go:144 ⋮ [T1,Vsystem,n1] 180  a new version is available: ‹25.2.4›, details: ‹https://www.cockroachlabs.com/docs/releases/v25.2#v25-2-4›
I250818 14:51:02.732789 2031 kv/kvserver/mvcc_gc_queue.go:796 ⋮ [T1,Vsystem,n1,mvccGC,s1,r86/1:‹/{Table/134-Max}›] 181  GC still needed following GC, recomputing MVCC stats
I250818 14:51:02.767314 2031 kv/kvserver/mvcc_gc_queue.go:797 ⋮ [T1,Vsystem,n1,mvccGC,s1,r86/1:‹/{Table/134-Max}›] 182  old score ‹queue=true with 0.00/fuzz(0.95)=0.00=valScaleScore(0.00)*deadFrac(0.04)+intentScore(0.00)›
I250818 14:51:02.767314 2031 kv/kvserver/mvcc_gc_queue.go:797 ⋮ [T1,Vsystem,n1,mvccGC,s1,r86/1:‹/{Table/134-Max}›] 182 +‹likely last GC: 3m58.09844725s ago, 0 B non-live, curr. age 0 B*s, min exp. reduction: 0 B*s›
I250818 14:51:02.767314 2031 kv/kvserver/mvcc_gc_queue.go:797 ⋮ [T1,Vsystem,n1,mvccGC,s1,r86/1:‹/{Table/134-Max}›] 182 +‹hint: {0,0 1755445834.582834013,0 1755445834.587412388,0}›
I250818 14:51:02.767699 2031 kv/kvserver/mvcc_gc_queue.go:798 ⋮ [T1,Vsystem,n1,mvccGC,s1,r86/1:‹/{Table/134-Max}›] 183  new score ‹queue=true with 0.00/fuzz(0.95)=0.00=valScaleScore(0.00)*deadFrac(0.04)+intentScore(0.00)›
I250818 14:51:02.767699 2031 kv/kvserver/mvcc_gc_queue.go:798 ⋮ [T1,Vsystem,n1,mvccGC,s1,r86/1:‹/{Table/134-Max}›] 183 +‹likely last GC: 4m1.201091542s ago, 0 B non-live, curr. age 0 B*s, min exp. reduction: 0 B*s›
I250818 14:51:02.767699 2031 kv/kvserver/mvcc_gc_queue.go:798 ⋮ [T1,Vsystem,n1,mvccGC,s1,r86/1:‹/{Table/134-Max}›] 183 +‹hint: {0,0 1755445834.582834013,0 1755445834.587412388,0}›
I250818 14:51:09.753975 1241 jobs/adopt.go:105 ⋮ [T1,Vsystem,n1] 184  claimed 7 jobs
I250818 14:51:09.757717 2402 jobs/adopt.go:224 ⋮ [T1,Vsystem,n1,job=1098958321112612865] 185  job 1098958321112612865: resuming execution
I250818 14:51:09.757890 2398 jobs/adopt.go:224 ⋮ [T1,Vsystem,n1,job=101] 186  job 101: resuming execution
I250818 14:51:09.757917 2396 jobs/adopt.go:224 ⋮ [T1,Vsystem,n1,job=1098946398292541441] 187  job 1098946398292541441: resuming execution
I250818 14:51:09.757943 2397 jobs/adopt.go:224 ⋮ [T1,Vsystem,n1,job=100] 188  job 100: resuming execution
I250818 14:51:09.759129 2400 jobs/adopt.go:224 ⋮ [T1,Vsystem,n1,job=104] 189  job 104: resuming execution
I250818 14:51:09.759555 2401 jobs/adopt.go:224 ⋮ [T1,Vsystem,n1,job=105] 190  job 105: resuming execution
I250818 14:51:09.759902 2399 jobs/adopt.go:224 ⋮ [T1,Vsystem,n1,job=103] 191  job 103: resuming execution
I250818 14:51:09.766007 2366 jobs/registry.go:1681 ⋮ [T1,Vsystem,n1,job=105] 192  UPDATE TABLE METADATA CACHE job 105: stepping through state running
I250818 14:51:09.766076 2342 jobs/registry.go:1681 ⋮ [T1,Vsystem,n1,job=104] 193  MVCC STATISTICS UPDATE job 104: stepping through state running
I250818 14:51:09.766338 2249 jobs/registry.go:1681 ⋮ [T1,Vsystem,n1,job=100] 194  KEY VISUALIZER job 100: stepping through state running
I250818 14:51:09.766536 2376 jobs/registry.go:1681 ⋮ [T1,Vsystem,n1,job=1098946398292541441] 195  AUTO SPAN CONFIG RECONCILIATION job 1098946398292541441: stepping through state running
I250818 14:51:09.766602 2422 jobs/registry.go:1681 ⋮ [T1,Vsystem,n1,job=1098958321112612865] 196  CHANGEFEED job 1098958321112612865: stepping through state running
I250818 14:51:09.766681 2408 jobs/registry.go:1681 ⋮ [T1,Vsystem,n1,job=103] 197  AUTO UPDATE SQL ACTIVITY job 103: stepping through state running
I250818 14:51:09.766870 2284 jobs/registry.go:1681 ⋮ [T1,Vsystem,n1,job=101] 198  POLL JOBS STATS job 101: stepping through state running
I250818 14:51:09.770580 2342 sql/mvcc_statistics_update_job.go:63 ⋮ [T1,Vsystem,n1,job=MVCC STATISTICS UPDATE id=104] 199  starting mvcc statistics update job
I250818 14:51:09.770577 2408 sql/sql_activity_update_job.go:88 ⋮ [T1,Vsystem,n1,job=AUTO UPDATE SQL ACTIVITY id=103] 200  starting sql stats activity flush job
I250818 14:51:09.772424 2435 ccl/changefeedccl/changefeed_dist.go:414 ⋮ [T1,Vsystem,n1,job=CHANGEFEED id=1098958321112612865] 201  using bulk oracle for DistSQL planning
I250818 14:51:09.773046 2435 ccl/changefeedccl/changefeed_dist.go:577 ⋮ [T1,Vsystem,n1,job=CHANGEFEED id=1098958321112612865] 202  changefeed plan diagram: ‹https://cockroachdb.github.io/distsqlplan/decode.html#eJyUkU2PmzAQhu_9FWjORjDmo8SnVF1VyqHdql2phxWqHDwQqwRT22hbIf57BbTdJFIi5TgfPO_DeAT3swUB1UF2DdVESgQYb4pNViQcEXmOvMgzYNAZRZ_kkRyIZ0AoGfTWVOScsXNrXBZ26heImIHu-sHP7ZJBZSyBGMFr3xIIeL9EvWsaS430xkYxMFDkpW4X9jfpqwO54BlLEURPct9ShEkSjRjyCcqJgRn8K9552RAIPPHZPYCIJ3av0gdrOq_JRngu9Dh4EWw52yZsm14V4BcCeI_AF3K96RydBV9Lii-SQpxKBqQaWh_CmcFW9Nmaatldy8cFtDQUOb9OcS123b-R85bk8f_9Tkl4k8RvkUoGdWtevmsFAlSapHvK6xA3PAlTlctwr7gKs7dFLTOqs0ymMH8gGzef6OvBvCzYp9_9_IO1bB0x-Ch_0AN5skfdaed19XcyTW_-BAAA__9UEOoV›
I250818 14:51:09.779974 2441 ccl/changefeedccl/sink_kafka_v2.go:246 ⋮ [-] 203  updating kafka metadata for topics: [‹users_changes›]
I250818 14:51:09.798506 2441 ccl/changefeedccl/sink_kafka_v2.go:246 ⋮ [-] 204  updating kafka metadata for topics: [‹users_changes›]
I250818 14:51:09.798856 2473 ccl/changefeedccl/kvfeed/kv_feed.go:332 ⋮ [T1,Vsystem,n1,job=1098958321112612865,change-aggregator] 205  kv feed run starting
I250818 14:51:09.819786 2376 spanconfig/spanconfigsqlwatcher/sqlwatcher.go:241 ⋮ [T1,Vsystem,n1,job=AUTO SPAN CONFIG RECONCILIATION id=1098946398292541441] 206  established range feed over system.descriptors starting at time 1755528669.778724261,0
I250818 14:51:09.819905 2376 spanconfig/spanconfigsqlwatcher/sqlwatcher.go:300 ⋮ [T1,Vsystem,n1,job=AUTO SPAN CONFIG RECONCILIATION id=1098946398292541441] 207  established range feed over system.zones starting at time 1755528669.778724261,0
I250818 14:51:09.819979 2376 spanconfig/spanconfigsqlwatcher/sqlwatcher.go:401 ⋮ [T1,Vsystem,n1,job=AUTO SPAN CONFIG RECONCILIATION id=1098946398292541441] 208  established range feed over system.protected_ts_records starting at time 1755528669.778724261,0
I250818 14:51:35.485167 1 1@cli/start.go:993 ⋮ [T1,Vsystem,n1] 209  received signal 'terminated'
I250818 14:51:35.486075 1 1@cli/start.go:1034 ⋮ [T1,Vsystem,n1] 210  initiating graceful shutdown of server
I250818 14:51:35.487564 3073 server/drain.go:353 ⋮ [T1,Vsystem,n1,server drain process,call-graceful-drain] 211  all tenant servers stopped
I250818 14:51:35.487659 3073 1@server/drain.go:399 ⋮ [T1,Vsystem,n1,server drain process,call-graceful-drain] 212  waiting for health probes to notice that the node is not ready for new sql connections
I250818 14:51:38.488595 3092 1@server/drain.go:513 ⋮ [T1,Vsystem,n1,server drain process,call-graceful-drain] 213  number of open connections: 0
I250818 14:51:40.488022 3090 1@cli/start.go:1046 ⋮ [T1,Vsystem,n1] 214  369 running tasks
W250818 14:51:45.488245 1239 jobs/registry.go:1069 ⋮ [T1,Vsystem,n1] 215  canceling all adopted jobs due to graceful drain request
I250818 14:51:45.488545 3090 1@cli/start.go:1046 ⋮ [T1,Vsystem,n1] 217  370 running tasks
I250818 14:51:45.491421 2249 jobs/registry.go:1681 ⋮ [T1,Vsystem,n1,job=100] 219  KEY VISUALIZER job 100: stepping through state succeeded
I250818 14:51:45.488455 913 sql/stats/automatic_stats.go:694 ⋮ [T1,Vsystem,n1] 216  draining auto stats refresher
I250818 14:51:45.488540 1490 sql/stats/automatic_stats.go:745 ⋮ [T1,Vsystem,n1] 218  draining stats garbage collector
W250818 14:51:45.491955 2479 kv/kvclient/kvcoord/dist_sender_mux_rangefeed.go:406 ⋮ [T1,Vsystem,n1,job=AUTO SPAN CONFIG RECONCILIATION id=1098946398292541441,rangefeed=‹sql-watcher-descriptor-rangefeed›,mux_n=1,gen=2] 220  error closing mux rangefeed client: context canceled
W250818 14:51:45.491962 2610 kv/kvclient/kvcoord/dist_sender_mux_rangefeed.go:406 ⋮ [T1,Vsystem,n1,job=AUTO SPAN CONFIG RECONCILIATION id=1098946398292541441,rangefeed=‹sql-watcher-protected-ts-records-rangefeed›,mux_n=1,gen=2] 221  error closing mux rangefeed client: context canceled
W250818 14:51:45.492058 2528 kv/kvclient/kvcoord/dist_sender_mux_rangefeed.go:406 ⋮ [T1,Vsystem,n1,job=AUTO SPAN CONFIG RECONCILIATION id=1098946398292541441,rangefeed=‹sql-watcher-zones-rangefeed›,mux_n=1,gen=2] 222  error closing mux rangefeed client: context canceled
W250818 14:51:45.492143 2568 kv/kvclient/kvcoord/dist_sender_mux_rangefeed.go:406 ⋮ [T1,Vsystem,n1,job=1098958321112612865,change-aggregator,mux_n=1,gen=2] 223  error closing mux rangefeed client: context canceled
I250818 14:51:45.492320 2408 jobs/registry.go:1681 ⋮ [T1,Vsystem,n1,job=103] 224  AUTO UPDATE SQL ACTIVITY job 103: stepping through state succeeded
E250818 14:51:45.496402 2502 ccl/changefeedccl/kvfeed/kv_feed.go:158 ⋮ [T1,Vsystem,n1,job=1098958321112612865,change-aggregator] 225  stopping kv feed due to error: context canceled
I250818 14:51:45.498777 2422 ccl/changefeedccl/changefeed_stmt.go:1466 ⋮ [T1,Vsystem,n1,job=CHANGEFEED id=1098958321112612865] 226  CHANGEFEED 1098958321112612865 shutting down (cause: context canceled)
W250818 14:51:45.499267 2422 ccl/changefeedccl/changefeed_stmt.go:1335 ⋮ [T1,Vsystem,n1,job=CHANGEFEED id=1098958321112612865] 227  job failed (context canceled)
