I250821 19:22:39.667553 83 util/log/file_sync_buffer.go:237 ⋮ [config]   file created at: 2025/08/21 19:22:39
I250821 19:22:39.667637 83 util/log/file_sync_buffer.go:237 ⋮ [config]   running on machine: ‹25f60d871008›
I250821 19:22:39.667659 83 util/log/file_sync_buffer.go:237 ⋮ [config]   binary: CockroachDB CCL v25.2.0 (aarch64-unknown-linux-gnu, built 2025/05/15 21:07:42, go1.23.7 X:nocoverageredesign)
I250821 19:22:39.667698 83 util/log/file_sync_buffer.go:237 ⋮ [config]   arguments: [‹/cockroach/cockroach› ‹start-single-node› ‹--certs-dir=certs› ‹--advertise-addr=127.0.0.1:26257› ‹--insecure› ‹--http-addr=0.0.0.0:8080›]
I250821 19:22:39.667747 83 util/log/file_sync_buffer.go:237 ⋮ [config]   log format (utf8=✓): crdb-v2
I250821 19:22:39.667753 83 util/log/file_sync_buffer.go:237 ⋮ [config]   line format: [IWEF]yymmdd hh:mm:ss.uuuuuu goid [chan@]file:line redactionmark \[tags\] [counter] msg
I250821 19:22:39.653033 83 3@pebble/objstorage/objstorageprovider/remote.go:102 ⋮ [n?,s?,pebble] 1  remote storage configured; creatorID = 1
I250821 19:22:39.958420 83 3@pebble/open.go:1054 ⋮ [n?,s?,pebble] 2  [JOB ‹1›] WAL ‹004091: {(/cockroach/cockroach-data,000)}› stopped reading at offset: (‹/cockroach/cockroach-data/004091.log›: 24076598); replayed 77612 keys in 3553 batches
I250821 19:22:39.960136 10 3@pebble/event.go:1011 ⋮ [n?,s?,pebble] 3  [JOB 2] flushing 7 memtables (26MB) to L0
I250821 19:22:39.966082 10 3@pebble/event.go:1039 ⋮ [n?,s?,pebble] 4  [JOB 2] flushing: sstable created 004096
I250821 19:22:40.187037 10 3@pebble/event.go:1031 ⋮ [n?,s?,pebble] 5  [JOB 2] MANIFEST created 004097
I250821 19:22:40.189112 10 3@pebble/event.go:1015 ⋮ [n?,s?,pebble] 6  [JOB 2] flushed 7 memtables (26MB) to L0 [004096] (400KB), in 0.2s (0.2s total), output rate 1.8MB/s
I250821 19:22:40.194707 81 3@pebble/event.go:1063 ⋮ [n?,s?,pebble] 7  [JOB 2] WAL deleted 004091
I250821 19:22:40.194497 83 3@pebble/event.go:1059 ⋮ [n?,s?,pebble] 8  [JOB 1] WAL created 004098
I250821 19:22:40.207428 16 3@pebble/event.go:999 ⋮ [n?,s?,pebble] 9  [JOB 4] compacting(default) L0 [004096] (400KB) Score=12.81 + L5 [004093 004094] (5.0MB) Score=0.08; OverlappingRatio: Single 12.79, Multi 0.00
I250821 19:22:40.253627 16 3@pebble/event.go:1039 ⋮ [n?,s?,pebble] 10  [JOB 4] compacting: sstable created 004100
I250821 19:22:40.292724 114 3@pebble/event.go:1051 ⋮ [n?,s?,pebble] 11  [JOB 5] all initial table stats loaded
I250821 19:22:40.718717 16 3@pebble/event.go:1039 ⋮ [n?,s?,pebble] 12  [JOB 4] compacting: sstable created 004101
I250821 19:22:41.792976 16 3@pebble/event.go:1003 ⋮ [n?,s?,pebble] 13  [JOB 4] compacted(default) L0 [004096] (400KB) Score=12.81 + L5 [004093 004094] (5.0MB) Score=0.08 -> L5 [004100 004101] (5.2MB), in 1.6s (1.6s total), output rate 3.3MB/s
I250821 19:22:41.795351 81 3@pebble/event.go:1043 ⋮ [n?,s?,pebble] 14  [JOB 4] sstable deleted 004093
I250821 19:22:41.797268 81 3@pebble/event.go:1043 ⋮ [n?,s?,pebble] 15  [JOB 4] sstable deleted 004094
I250821 19:22:41.800526 81 3@pebble/event.go:1043 ⋮ [n?,s?,pebble] 16  [JOB 4] sstable deleted 004096
I250821 19:22:41.801276 81 3@pebble/event.go:1035 ⋮ [n?,s?,pebble] 17  [JOB 1] MANIFEST deleted 004083
I250821 19:22:41.958706 83 3@pebble/event.go:1031 ⋮ [n?,s?,pebble] 18  [JOB 1] MANIFEST created 000001
I250821 19:22:41.978821 83 3@pebble/event.go:1059 ⋮ [n?,s?,pebble] 19  [JOB 1] WAL created 000002
I250821 19:22:41.988438 83 3@pebble/event.go:1027 ⋮ [n?,s?,pebble] 20  upgraded to format version: 014
I250821 19:22:41.996679 83 3@pebble/event.go:1027 ⋮ [n?,s?,pebble] 21  upgraded to format version: 015
I250821 19:22:41.998383 83 3@pebble/event.go:1027 ⋮ [n?,s?,pebble] 22  upgraded to format version: 016
I250821 19:22:42.000111 83 3@pebble/event.go:1027 ⋮ [n?,s?,pebble] 23  upgraded to format version: 017
I250821 19:22:42.002566 83 3@pebble/event.go:1027 ⋮ [n?,s?,pebble] 24  upgraded to format version: 018
I250821 19:22:42.009548 83 3@pebble/event.go:1027 ⋮ [n?,s?,pebble] 25  upgraded to format version: 019
I250821 19:22:42.042813 158 3@pebble/event.go:1051 ⋮ [n?,s?,pebble] 26  [JOB 2] all initial table stats loaded
I250821 19:23:02.797622 781 3@kv/kvserver/store.go:3801 ⋮ [T1,Vsystem,n1,s1] 27  Pebble metrics:
I250821 19:23:02.797622 781 3@kv/kvserver/store.go:3801 ⋮ [T1,Vsystem,n1,s1] 27 +      |                             |       |       |   ingested   |     moved    |    written   |       |    amp
I250821 19:23:02.797622 781 3@kv/kvserver/store.go:3801 ⋮ [T1,Vsystem,n1,s1] 27 +level | tables  size val-bl vtables | score |   in  | tables  size | tables  size | tables  size |  read |   r   w
I250821 19:23:02.797622 781 3@kv/kvserver/store.go:3801 ⋮ [T1,Vsystem,n1,s1] 27 +------+-----------------------------+-------+-------+--------------+--------------+--------------+-------+---------
I250821 19:23:02.797622 781 3@kv/kvserver/store.go:3801 ⋮ [T1,Vsystem,n1,s1] 27 +    0 |     0     0B     0B       0 |  0.00 |  23MB |     0     0B |     0     0B |     1  400KB |    0B |   0  0.0
I250821 19:23:02.797622 781 3@kv/kvserver/store.go:3801 ⋮ [T1,Vsystem,n1,s1] 27 +    1 |     0     0B     0B       0 |  0.00 |    0B |     0     0B |     0     0B |     0     0B |    0B |   0  0.0
I250821 19:23:02.797622 781 3@kv/kvserver/store.go:3801 ⋮ [T1,Vsystem,n1,s1] 27 +    2 |     0     0B     0B       0 |  0.00 |    0B |     0     0B |     0     0B |     0     0B |    0B |   0  0.0
I250821 19:23:02.797622 781 3@kv/kvserver/store.go:3801 ⋮ [T1,Vsystem,n1,s1] 27 +    3 |     0     0B     0B       0 |  0.00 |    0B |     0     0B |     0     0B |     0     0B |    0B |   0  0.0
I250821 19:23:02.797622 781 3@kv/kvserver/store.go:3801 ⋮ [T1,Vsystem,n1,s1] 27 +    4 |     0     0B     0B       0 |  0.00 |    0B |     0     0B |     0     0B |     0     0B |    0B |   0  0.0
I250821 19:23:02.797622 781 3@kv/kvserver/store.go:3801 ⋮ [T1,Vsystem,n1,s1] 27 +    5 |     2  5.2MB  301KB       0 |  0.18 | 400KB |     0     0B |     0     0B |     2  5.2MB | 5.4MB |   1 13.4
I250821 19:23:02.797622 781 3@kv/kvserver/store.go:3801 ⋮ [T1,Vsystem,n1,s1] 27 +    6 |    14   72MB  498KB       0 |     - |    0B |     0     0B |     0     0B |     0     0B |    0B |   1  0.0
I250821 19:23:02.797622 781 3@kv/kvserver/store.go:3801 ⋮ [T1,Vsystem,n1,s1] 27 +total |    16   77MB  799KB       0 |     - |  25MB |     0     0B |     0     0B |     3   31MB | 5.4MB |   2  1.2
I250821 19:23:02.797622 781 3@kv/kvserver/store.go:3801 ⋮ [T1,Vsystem,n1,s1] 27 +-------------------------------------------------------------------------------------------------------------------
I250821 19:23:02.797622 781 3@kv/kvserver/store.go:3801 ⋮ [T1,Vsystem,n1,s1] 27 +WAL: 1 files (2.3MB)  in: 2.3MB  written: 25MB (1006% overhead)
I250821 19:23:02.797622 781 3@kv/kvserver/store.go:3801 ⋮ [T1,Vsystem,n1,s1] 27 +Flushes: 1
I250821 19:23:02.797622 781 3@kv/kvserver/store.go:3801 ⋮ [T1,Vsystem,n1,s1] 27 +Compactions: 1  estimated debt: 0B  in progress: 0 (0B)
I250821 19:23:02.797622 781 3@kv/kvserver/store.go:3801 ⋮ [T1,Vsystem,n1,s1] 27 +             default: 1  delete: 0  elision: 0  move: 0  read: 0  tombstone-density: 0  rewrite: 0  copy: 0  multi-level: 0
I250821 19:23:02.797622 781 3@kv/kvserver/store.go:3801 ⋮ [T1,Vsystem,n1,s1] 27 +MemTables: 1 (32MB)  zombie: 1 (16MB)
I250821 19:23:02.797622 781 3@kv/kvserver/store.go:3801 ⋮ [T1,Vsystem,n1,s1] 27 +Zombie tables: 0 (0B, local: 0B)
I250821 19:23:02.797622 781 3@kv/kvserver/store.go:3801 ⋮ [T1,Vsystem,n1,s1] 27 +Backing tables: 0 (0B)
I250821 19:23:02.797622 781 3@kv/kvserver/store.go:3801 ⋮ [T1,Vsystem,n1,s1] 27 +Virtual tables: 0 (0B)
I250821 19:23:02.797622 781 3@kv/kvserver/store.go:3801 ⋮ [T1,Vsystem,n1,s1] 27 +Local tables size: 77MB
I250821 19:23:02.797622 781 3@kv/kvserver/store.go:3801 ⋮ [T1,Vsystem,n1,s1] 27 +Compression types: snappy: 16
I250821 19:23:02.797622 781 3@kv/kvserver/store.go:3801 ⋮ [T1,Vsystem,n1,s1] 27 +Block cache: 91 entries (3.1MB)  hit rate: 89.2%
I250821 19:23:02.797622 781 3@kv/kvserver/store.go:3801 ⋮ [T1,Vsystem,n1,s1] 27 +Table cache: 16 entries (13KB)  hit rate: 99.5%
I250821 19:23:02.797622 781 3@kv/kvserver/store.go:3801 ⋮ [T1,Vsystem,n1,s1] 27 +Snapshots: 0  earliest seq num: 0
I250821 19:23:02.797622 781 3@kv/kvserver/store.go:3801 ⋮ [T1,Vsystem,n1,s1] 27 +Table iters: 0
I250821 19:23:02.797622 781 3@kv/kvserver/store.go:3801 ⋮ [T1,Vsystem,n1,s1] 27 +Filter utility: 66.0%
I250821 19:23:02.797622 781 3@kv/kvserver/store.go:3801 ⋮ [T1,Vsystem,n1,s1] 27 +Ingestions: 0  as flushable: 0 (0B in 0 tables)
I250821 19:23:02.797622 781 3@kv/kvserver/store.go:3801 ⋮ [T1,Vsystem,n1,s1] 27 +Cgo memory usage: 51MB  block cache: 3.2MB (data: 3.1MB, maps: 18KB, entries: 7.1KB)  memtables: 48MB
I250821 19:26:53.233907 688 3@pebble/event.go:1059 ⋮ [n1,s1,pebble] 28  [JOB 7] WAL created 004102
I250821 19:26:53.263726 7251 3@pebble/event.go:1011 ⋮ [n1,s1,pebble] 29  [JOB 8] flushing 1 memtable (32MB) to L0
I250821 19:26:53.280835 7251 3@pebble/event.go:1039 ⋮ [n1,s1,pebble] 30  [JOB 8] flushing: sstable created 004103
I250821 19:26:53.668035 7251 3@pebble/event.go:1015 ⋮ [n1,s1,pebble] 31  [JOB 8] flushed 1 memtable (32MB) to L0 [004103] (401KB), in 0.4s (0.4s total), output rate 1.0MB/s
I250821 19:26:53.668738 7231 3@pebble/event.go:999 ⋮ [n1,s1,pebble] 32  [JOB 9] compacting(default) L0 [004103] (401KB) Score=12.26 + L5 [004100 004101] (5.2MB) Score=0.18; OverlappingRatio: Single 13.34, Multi 0.00
I250821 19:26:53.678286 7231 3@pebble/event.go:1039 ⋮ [n1,s1,pebble] 33  [JOB 9] compacting: sstable created 004104
I250821 19:26:54.828078 7231 3@pebble/event.go:1039 ⋮ [n1,s1,pebble] 34  [JOB 9] compacting: sstable created 004105
I250821 19:26:57.733096 7231 3@pebble/event.go:1003 ⋮ [n1,s1,pebble] 35  [JOB 9] compacted(default) L0 [004103] (401KB) Score=12.26 + L5 [004100 004101] (5.2MB) Score=0.18 -> L5 [004104 004105] (5.5MB), in 4.1s (4.1s total), output rate 1.3MB/s
I250821 19:26:57.738686 81 3@pebble/event.go:1043 ⋮ [n1,s1,pebble] 36  [JOB 9] sstable deleted 004100
I250821 19:26:57.741616 81 3@pebble/event.go:1043 ⋮ [n1,s1,pebble] 37  [JOB 9] sstable deleted 004101
I250821 19:26:57.742520 81 3@pebble/event.go:1043 ⋮ [n1,s1,pebble] 38  [JOB 9] sstable deleted 004103
