I250821 19:15:57.457557 1 util/log/file_sync_buffer.go:237 ⋮ [config]   file created at: 2025/08/21 19:15:57
I250821 19:15:57.457628 1 util/log/file_sync_buffer.go:237 ⋮ [config]   running on machine: ‹fcb8d049e132›
I250821 19:15:57.457649 1 util/log/file_sync_buffer.go:237 ⋮ [config]   binary: CockroachDB CCL v25.2.0 (aarch64-unknown-linux-gnu, built 2025/05/15 21:07:42, go1.23.7 X:nocoverageredesign)
I250821 19:15:57.457660 1 util/log/file_sync_buffer.go:237 ⋮ [config]   arguments: [‹/cockroach/cockroach› ‹start-single-node› ‹--certs-dir=certs› ‹--advertise-addr=127.0.0.1:26257› ‹--insecure› ‹--http-addr=0.0.0.0:8080›]
I250821 19:15:57.457683 1 util/log/file_sync_buffer.go:237 ⋮ [config]   log format (utf8=✓): crdb-v2
I250821 19:15:57.457688 1 util/log/file_sync_buffer.go:237 ⋮ [config]   line format: [IWEF]yymmdd hh:mm:ss.uuuuuu goid [chan@]file:line redactionmark \[tags\] [counter] msg
W250821 19:15:57.450748 1 1@cli/start.go:1438 ⋮ [n?] 1  ALL SECURITY CONTROLS HAVE BEEN DISABLED!
W250821 19:15:57.450748 1 1@cli/start.go:1438 ⋮ [n?] 1 +
W250821 19:15:57.450748 1 1@cli/start.go:1438 ⋮ [n?] 1 +This mode is intended for non-production testing only.
W250821 19:15:57.450748 1 1@cli/start.go:1438 ⋮ [n?] 1 +
W250821 19:15:57.450748 1 1@cli/start.go:1438 ⋮ [n?] 1 +In this mode:
W250821 19:15:57.450748 1 1@cli/start.go:1438 ⋮ [n?] 1 +- Your cluster is open to any client that can access ‹any of your IP addresses›.
W250821 19:15:57.450748 1 1@cli/start.go:1438 ⋮ [n?] 1 +- Intruders with access to your machine or network can observe client-server traffic.
W250821 19:15:57.450748 1 1@cli/start.go:1438 ⋮ [n?] 1 +- Intruders can log in without password and read or write any data in the cluster.
W250821 19:15:57.450748 1 1@cli/start.go:1438 ⋮ [n?] 1 +- Intruders can consume all your server's resources and cause unavailability.
I250821 19:15:57.470275 1 1@cli/start.go:1448 ⋮ [n?] 2  To start a secure server without mandating TLS for clients,
I250821 19:15:57.470275 1 1@cli/start.go:1448 ⋮ [n?] 2 +consider --accept-sql-without-tls instead. For other options, see:
I250821 19:15:57.470275 1 1@cli/start.go:1448 ⋮ [n?] 2 +
I250821 19:15:57.470275 1 1@cli/start.go:1448 ⋮ [n?] 2 +- https://go.crdb.dev/issue-v/53404/v25.2
I250821 19:15:57.470275 1 1@cli/start.go:1448 ⋮ [n?] 2 +- https://www.cockroachlabs.com/docs/v25.2/secure-a-cluster.html
I250821 19:15:57.470530 1 server/status/recorder.go:856 ⋮ [n?] 3  ‹available memory from cgroups (8.0 EiB) is unsupported, using system memory 12 GiB instead: ›
W250821 19:15:57.470567 1 1@cli/start.go:1360 ⋮ [n?] 4  Using the default setting for --cache (128 MiB).
W250821 19:15:57.470567 1 1@cli/start.go:1360 ⋮ [n?] 4 +  A significantly larger value is usually needed for good performance.
W250821 19:15:57.470567 1 1@cli/start.go:1360 ⋮ [n?] 4 +  If you have a dedicated server a reasonable setting is --cache=.25 (2.9 GiB).
I250821 19:15:57.471121 1 server/status/recorder.go:856 ⋮ [n?] 5  ‹available memory from cgroups (8.0 EiB) is unsupported, using system memory 12 GiB instead: ›
I250821 19:15:57.471143 1 1@cli/start.go:1477 ⋮ [n?] 6  CockroachDB CCL v25.2.0 (aarch64-unknown-linux-gnu, built 2025/05/15 21:07:42, go1.23.7 X:nocoverageredesign)
I250821 19:15:57.473833 1 server/status/recorder.go:856 ⋮ [n?] 7  ‹available memory from cgroups (8.0 EiB) is unsupported, using system memory 12 GiB instead: ›
I250821 19:15:57.473877 1 1@cli/start.go:554 ⋮ [n?] 8  soft memory limit of Go runtime is set to 6.6 GiB
I250821 19:15:57.473893 1 1@cli/start.go:591 ⋮ [n?] 9  GC target percentage of Go runtime is set to 300%
I250821 19:15:57.547635 1 server/status/recorder.go:856 ⋮ [T1,Vsystem,n?] 10  ‹available memory from cgroups (8.0 EiB) is unsupported, using system memory 12 GiB instead: ›
I250821 19:15:57.547780 1 server/config.go:674 ⋮ [T1,Vsystem,n?] 11  system total memory: 12 GiB
I250821 19:15:57.547922 1 server/config.go:676 ⋮ [T1,Vsystem,n?] 12  server configuration:
I250821 19:15:57.547922 1 server/config.go:676 ⋮ [T1,Vsystem,n?] 12 +max offset             500000000
I250821 19:15:57.547922 1 server/config.go:676 ⋮ [T1,Vsystem,n?] 12 +cache size             128 MiB
I250821 19:15:57.547922 1 server/config.go:676 ⋮ [T1,Vsystem,n?] 12 +SQL memory pool size   2.9 GiB
I250821 19:15:57.547922 1 server/config.go:676 ⋮ [T1,Vsystem,n?] 12 +scan interval          10m0s
I250821 19:15:57.547922 1 server/config.go:676 ⋮ [T1,Vsystem,n?] 12 +scan min idle time     10ms
I250821 19:15:57.547922 1 server/config.go:676 ⋮ [T1,Vsystem,n?] 12 +scan max idle time     1s
I250821 19:15:57.547922 1 server/config.go:676 ⋮ [T1,Vsystem,n?] 12 +event log enabled      true
I250821 19:15:57.549243 1 1@cli/start.go:1338 ⋮ [T1,Vsystem,n?] 13  using local environment variables:
I250821 19:15:57.549243 1 1@cli/start.go:1338 ⋮ [T1,Vsystem,n?] 13 +COCKROACH_CHANNEL=official-docker
I250821 19:15:57.549278 1 1@cli/start.go:1345 ⋮ [T1,Vsystem,n?] 14  process identity: uid 0 euid 0 gid 0 egid 0
I250821 19:15:57.618121 1 1@cli/start.go:1500 ⋮ [T1,Vsystem,n?] 15  GEOS loaded from directory ‹/usr/local/lib/cockroach›
I250821 19:15:57.618240 1 1@cli/start.go:777 ⋮ [T1,Vsystem,n?] 16  starting cockroach node
I250821 19:15:59.984216 24 server/config.go:880 ⋮ [T1,Vsystem,n?] 17  1 storage engine initialized
I250821 19:15:59.984269 24 server/config.go:883 ⋮ [T1,Vsystem,n?] 18  Pebble cache size: 128 MiB
I250821 19:15:59.984291 24 server/config.go:883 ⋮ [T1,Vsystem,n?] 19  store 0: max size 0 B, max open file limit 1043576
I250821 19:15:59.984298 24 server/config.go:883 ⋮ [T1,Vsystem,n?] 20  store 0: /cockroach/cockroach-data: rw encrypted=false fs:{bdev=/run/host_mark/Users fstype=fakeowner mountpoint=/cockroach/cockroach-data mountopts=rw,nosuid,nodev,relatime,fakeowner}
I250821 19:16:00.029933 130 util/cidr/cidr.go:299 ⋮ [T1,Vsystem,n?] 21  CIDR lookup updated with 0 destinations
I250821 19:16:00.363173 24 1@server/clock_monotonicity.go:61 ⋮ [T1,Vsystem,n?] 22  monitoring forward clock jumps based on server.clock.forward_jump_check.enabled
I250821 19:16:00.430692 24 1@server/clock_monotonicity.go:136 ⋮ [T1,Vsystem,n1] 24  Sleeping till wall time 1755803760430690505 to catches up to 1755803760863021339 to ensure monotonicity. Sub: 432.330834ms
I250821 19:16:00.430663 583 1@server/server.go:1802 ⋮ [T1,Vsystem,n1] 23  connecting to gossip network to verify cluster ID "7c4e678d-486f-4806-8e59-dd3b5b489461"
W250821 19:16:00.864360 24 1@cli/start.go:1299 ⋮ [T1,Vsystem,n1] 25  Running a server without --sql-addr, with a combined RPC/SQL listener, is deprecated.
W250821 19:16:00.864360 24 1@cli/start.go:1299 ⋮ [T1,Vsystem,n1] 25 +This feature will be removed in a later version of CockroachDB.
W250821 19:16:00.864490 24 1@gossip/gossip.go:1460 ⋮ [T1,Vsystem,n1] 26  no addresses found; use --join to specify a connected node
I250821 19:16:00.892749 604 kv/kvserver/kvstorage/init.go:250 ⋮ [T1,Vsystem,n1,s1] 27  beginning range descriptor iteration
I250821 19:16:00.897168 604 kv/kvserver/kvstorage/init.go:374 ⋮ [T1,Vsystem,n1,s1] 28  range descriptor iteration done: 58 range descriptors, 0 intents, 0 tombstones; stats: ‹seeked 120 times (61 internal); stepped 0 times (0 internal); blocks: 230KB cached, 50KB not cached (read time: 3.628417ms); points: 59 (1.2KB keys, 1.8KB values); separated: 6 (343B, 0B fetched)›
I250821 19:16:00.951432 604 kv/kvserver/kvstorage/init.go:501 ⋮ [T1,Vsystem,n1,s1] 29  loaded replica ID for 58/58 replicas
I250821 19:16:00.963174 604 kv/kvserver/kvstorage/init.go:518 ⋮ [T1,Vsystem,n1,s1] 30  loaded Raft state for 58/58 replicas
I250821 19:16:00.963242 604 kv/kvserver/kvstorage/init.go:545 ⋮ [T1,Vsystem,n1,s1] 31  loaded 58 replicas
I250821 19:16:00.963262 604 kv/kvserver/kvstorage/init.go:576 ⋮ [T1,Vsystem,n1,s1] 32  verified 58/58 replicas
I250821 19:16:00.986279 604 kv/kvserver/store.go:2369 ⋮ [T1,Vsystem,n1,s1] 33  initialized 58/58 replicas
I250821 19:16:00.986481 604 server/node.go:690 ⋮ [T1,Vsystem,n1] 34  initialized store s1 in 121ms (58 replicas)
I250821 19:16:00.986525 24 kv/kvserver/stores.go:261 ⋮ [T1,Vsystem,n1] 35  read 0 node addresses from persistent storage
I250821 19:16:01.000906 583 1@server/server.go:1805 ⋮ [T1,Vsystem,n1] 36  node connected via gossip
I250821 19:16:01.001121 24 server/node.go:801 ⋮ [T1,Vsystem,n1] 37  started with attributes []
I250821 19:16:01.001346 24 server/goroutinedumper/goroutinedumper.go:117 ⋮ [T1,Vsystem,n1] 38  writing goroutine dumps to ‹/cockroach/cockroach-data/logs/goroutine_dump›
I250821 19:16:01.001578 24 server/profiler/heapprofiler.go:72 ⋮ [T1,Vsystem,n1] 39  writing go heap profiles to ‹/cockroach/cockroach-data/logs/heap_profiler› at least every 1h0m0s
I250821 19:16:01.001678 24 server/profiler/memory_monitoring_profiler.go:66 ⋮ [T1,Vsystem,n1] 40  writing memory monitoring dumps to ‹/cockroach/cockroach-data/logs/heap_profiler› at least every 1h0m0s
I250821 19:16:01.001698 24 server/profiler/cgoprofiler.go:66 ⋮ [T1,Vsystem,n1] 41  to enable jmalloc profiling: "export MALLOC_CONF=prof:true" or "ln -s prof:true /etc/malloc.conf"
I250821 19:16:01.001750 24 server/profiler/statsprofiler.go:68 ⋮ [T1,Vsystem,n1] 42  writing memory stats to ‹/cockroach/cockroach-data/logs/heap_profiler› at last every 1h0m0s
I250821 19:16:01.001926 24 server/profiler/activequeryprofiler.go:88 ⋮ [T1,Vsystem,n1] 43  writing go query profiles to ‹/cockroach/cockroach-data/logs/heap_profiler›
I250821 19:16:01.001948 24 server/profiler/cpuprofiler.go:87 ⋮ [T1,Vsystem,n1] 44  writing cpu profile dumps to ‹/cockroach/cockroach-data/logs/pprof_dump›
I250821 19:16:01.002159 714 kv/kvserver/queue.go:612 ⋮ [T1,Vsystem,n1,s1,r38/1:‹/Table/3{5-6}›,raft] 45  rate limited in MaybeAdd (replicate): throttled on async limiting semaphore
I250821 19:16:01.002242 659 kv/kvserver/storeliveness/support_manager.go:285 ⋮ [T1,Vsystem,n1,s1] 46  starting to heartbeat store {NodeID:1 StoreID:1}
I250821 19:16:01.002318 24 1@server/server.go:1999 ⋮ [T1,Vsystem,n1] 47  starting http server at ‹[::]:8080› (use: ‹127.0.0.1:8080›)
I250821 19:16:01.002333 24 1@server/server.go:2007 ⋮ [T1,Vsystem,n1] 48  starting grpc/postgres server at ‹[::]:26257›
I250821 19:16:01.002342 24 1@server/server.go:2008 ⋮ [T1,Vsystem,n1] 49  advertising CockroachDB node at ‹127.0.0.1:26257›
I250821 19:16:01.035215 659 kv/kvserver/storeliveness/supporter_state.go:298 ⋮ [T1,Vsystem,n1,s1] 50  provided support for store {NodeID:1 StoreID:1}; old = {Target:{NodeID:1 StoreID:1} Epoch:89 Expiration:1755795462.501590090,0}, new = {Target:{NodeID:1 StoreID:1} Epoch:90 Expiration:1755803764.002314088,0}
I250821 19:16:01.035845 659 kv/kvserver/storeliveness/requester_state.go:425 ⋮ [T1,Vsystem,n1,s1] 51  received support from store {NodeID:1 StoreID:1}; old = {Target:{NodeID:1 StoreID:1} Epoch:90 Expiration:0,0}, new = {Target:{NodeID:1 StoreID:1} Epoch:90 Expiration:1755803764.002314088,0}
I250821 19:16:01.060861 679 kv/kvserver/kvserverbase/forced_error.go:87 ⋮ [T1,Vsystem,n1,s1,r1/1:‹/{Min-System/NodeL…}›,raft] 52  rejected lease request repl=(n1,s1):1 seq=55 start=1755803760.970894588,0 exp=1755803766.990724380,0 pro=1755803760.990724380,0 acq=Request; current lease repl=(n1,s1):1 seq=55 start=1755803760.970894588,0 exp=1755803766.990724380,0 pro=1755803760.990724380,0 acq=Request; err: cannot replace lease repl=(n1,s1):1 seq=55 start=1755803760.970894588,0 exp=1755803766.990724380,0 pro=1755803760.990724380,0 acq=Request with repl=(n1,s1):1 seq=55 start=1755803760.970894588,0 exp=1755803766.990724380,0 pro=1755803760.990724380,0 acq=Request: ‹proposed under invalid lease›
I250821 19:16:01.123020 24 1@util/log/event_log.go:39 ⋮ [T1,Vsystem,n1] 53 ={"Timestamp":1755803761122991213,"EventType":"node_restart","NodeID":1,"StartedAt":1755803760864647797,"LastUp":1755795459326657007}
I250821 19:16:01.123756 907 kv/kvclient/rangefeed/rangefeedcache/watcher.go:340 ⋮ [T1,Vsystem,n1] 54  settings-watcher: established range feed cache
I250821 19:16:01.124131 905 kv/kvclient/rangefeed/rangefeedcache/watcher.go:340 ⋮ [T1,Vsystem,n1] 55  spanconfig-subscriber: established range feed cache
I250821 19:16:01.206221 24 sql/sqlliveness/slinstance/slinstance.go:435 ⋮ [T1,Vsystem,n1] 56  starting SQL liveness instance
I250821 19:16:01.222396 1190 sql/sqlliveness/slstorage/slstorage.go:540 ⋮ [T1,Vsystem,n1] 57  inserted sqlliveness session 010180785f1b18bbc149da828625f8e044248c with expiry 1755803801.207294755,0
I250821 19:16:01.222511 1190 sql/sqlliveness/slinstance/slinstance.go:247 ⋮ [T1,Vsystem,n1] 58  created new SQL liveness session 010180785f1b18bbc149da828625f8e044248c
I250821 19:16:01.222568 24 sql/sqlinstance/instancestorage/instancestorage.go:338 ⋮ [T1,Vsystem,n1] 59  assigning instance id to rpc addr ‹127.0.0.1:26257› and sql addr ‹127.0.0.1:26257›
I250821 19:16:01.231192 24 server/server_sql.go:1618 ⋮ [T1,Vsystem,n1] 60  bound sqlinstance: Instance{RegionPrefix: gA==, InstanceID: 1, SQLAddr: ‹127.0.0.1:26257›, RPCAddr: ‹127.0.0.1:26257›, SessionID: 010180785f1b18bbc149da828625f8e044248c, Locality: , BinaryVersion: 25.2}
I250821 19:16:01.232627 24 upgrade/upgrademanager/manager.go:171 ⋮ [T1,Vsystem,n1] 61  running permanent upgrades up to version: 25.2
I250821 19:16:01.238613 1214 sql/sqlstats/persistedsqlstats/provider.go:159 ⋮ [T1,Vsystem,n1] 62  starting sql-stats-worker with initial delay: 11m28.19320403s
I250821 19:16:01.245233 894 kv/kvserver/replica_rangefeed.go:882 ⋮ [T1,Vsystem,n1,rangefeed=‹lease›,mux_n=1,gen=2,r6/1:‹/Table/{0-4}›,sm=1,sid=1,s1] 63  RangeFeed closed timestamp 1755788734.019881465,0 is behind by 4h10m27.225345998s (behind=4h10m27.225345998s target=3s nudge=true cancel=false)
I250821 19:16:01.249232 1227 kv/kvclient/rangefeed/rangefeedcache/watcher.go:340 ⋮ [T1,Vsystem,n1] 64  system-config-cache: established range feed cache
I250821 19:16:01.255146 1211 sql/temporary_schema.go:506 ⋮ [T1,Vsystem,n1] 65  running temporary object cleanup background job
I250821 19:16:01.283724 1211 sql/temporary_schema.go:556 ⋮ [T1,Vsystem,n1] 66  found 0 temporary schemas
I250821 19:16:01.283762 1211 sql/temporary_schema.go:559 ⋮ [T1,Vsystem,n1] 67  early exiting temporary schema cleaner as no temporary schemas were found
I250821 19:16:01.283771 1211 sql/temporary_schema.go:560 ⋮ [T1,Vsystem,n1] 68  completed temporary object cleanup job
I250821 19:16:01.283878 1211 sql/temporary_schema.go:641 ⋮ [T1,Vsystem,n1] 69  temporary object cleaner next scheduled to run at 2025-08-21 19:46:01.238521213 +0000 UTC m=+1805.963134712
I250821 19:16:01.385124 24 upgrade/upgrademanager/manager.go:233 ⋮ [T1,Vsystem,n1] 70  detected the last permanent upgrade (v0.0-upgrading-step-004) to have already completed; no permanent upgrades will run
I250821 19:16:01.385179 24 server/server_sql.go:1720 ⋮ [T1,Vsystem,n1] 71  done ensuring all necessary startup migrations have run
I250821 19:16:01.388076 24 server/license/enforcer.go:262 ⋮ [T1,Vsystem,n1] 72  trial license expiry initialized to 1970-01-01 00:00:00 +0000 UTC
I250821 19:16:01.388269 24 server/license/enforcer.go:298 ⋮ [T1,Vsystem,n1] 73  fetched existing cluster init grace period end time: 2025-08-24 14:50:24 +0000 UTC
I250821 19:16:01.388370 24 server/license/enforcer.go:498 ⋮ [T1,Vsystem,n1] 74  enforcer license updated: type is none, grace period ends at "2025-08-24 14:50:24 +0000 UTC", telemetry required: false
I250821 19:16:01.388386 24 server/license/enforcer.go:498 ⋮ [T1,Vsystem,n1] 75  enforcer license updated: type is none, grace period ends at "2025-08-24 14:50:24 +0000 UTC", telemetry required: false
I250821 19:16:01.447115 1493 jobs/job_scheduler.go:407 ⋮ [T1,Vsystem,n1] 76  waiting 4m0s before scheduled jobs daemon start
I250821 19:16:01.454958 1501 kv/kvclient/rangefeed/rangefeedcache/watcher.go:340 ⋮ [T1,Vsystem,n1] 77  tenant-settings-watcher: established range feed cache
I250821 19:16:01.455929 1503 kv/kvclient/rangefeed/rangefeedcache/watcher.go:340 ⋮ [T1,Vsystem,n1] 78  tenant-entry-watcher: established range feed cache
I250821 19:16:01.456054 1491 sql/syntheticprivilegecache/cache.go:202 ⋮ [T1,Vsystem,n1] 79  warmed privileges for virtual tables in 61.178958ms
I250821 19:16:01.456072 1503 multitenant/tenantcapabilities/tenantcapabilitieswatcher/watcher.go:285 ⋮ [T1,Vsystem,n1] 80  received results of a full table scan for tenant capabilities
I250821 19:16:01.462254 1630 sql/sqlliveness/slstorage/slstorage.go:391 ⋮ [n1,intExec=expire-sessions] 81  deleted session 0101802665316b07b7486197752264472255f6 which expired at 1755795496.964632672,0
I250821 19:16:01.475404 24 server/license/enforcer.go:582 ⋮ [T1,Vsystem,n1] 82  disable all license enforcement
I250821 19:16:01.475428 24 1@server/server_sql.go:1971 ⋮ [T1,Vsystem,n1] 83  serving sql connections
I250821 19:16:01.475556 24 1@cli/start.go:1286 ⋮ [T1,Vsystem,n1] 84  node startup completed:
I250821 19:16:01.475556 24 1@cli/start.go:1286 ⋮ [T1,Vsystem,n1] 84 +CockroachDB node starting at 2025-08-21 19:16:01.475457964 +0000 UTC m=+6.200071421 (took 4.3s)
I250821 19:16:01.475556 24 1@cli/start.go:1286 ⋮ [T1,Vsystem,n1] 84 +build:               CCL v25.2.0 @ 2025/05/15 21:07:42 (go1.23.7 X:nocoverageredesign)
I250821 19:16:01.475556 24 1@cli/start.go:1286 ⋮ [T1,Vsystem,n1] 84 +malloc_conf:         prof:false,prof_active:true,background_thread:true,thp:never,metadata_thp:disabled,narenas:48,dirty_decay_ms:2000,muzzy_decay_ms:0
I250821 19:16:01.475556 24 1@cli/start.go:1286 ⋮ [T1,Vsystem,n1] 84 +webui:               ‹http://127.0.0.1:8080›
I250821 19:16:01.475556 24 1@cli/start.go:1286 ⋮ [T1,Vsystem,n1] 84 +sql:                 ‹postgresql://root@127.0.0.1:26257/defaultdb?sslmode=disable›
I250821 19:16:01.475556 24 1@cli/start.go:1286 ⋮ [T1,Vsystem,n1] 84 +sql (JDBC):          ‹jdbc:postgresql://127.0.0.1:26257/defaultdb?sslmode=disable&user=root›
I250821 19:16:01.475556 24 1@cli/start.go:1286 ⋮ [T1,Vsystem,n1] 84 +RPC client flags:    ‹/cockroach/cockroach <client cmd> --host=127.0.0.1:26257 --insecure›
I250821 19:16:01.475556 24 1@cli/start.go:1286 ⋮ [T1,Vsystem,n1] 84 +logs:                ‹/cockroach/cockroach-data/logs›
I250821 19:16:01.475556 24 1@cli/start.go:1286 ⋮ [T1,Vsystem,n1] 84 +temp dir:            ‹/cockroach/cockroach-data/cockroach-temp4268649580›
I250821 19:16:01.475556 24 1@cli/start.go:1286 ⋮ [T1,Vsystem,n1] 84 +external I/O path:   ‹/cockroach/cockroach-data/extern›
I250821 19:16:01.475556 24 1@cli/start.go:1286 ⋮ [T1,Vsystem,n1] 84 +store[0]:            ‹path=/cockroach/cockroach-data›
I250821 19:16:01.475556 24 1@cli/start.go:1286 ⋮ [T1,Vsystem,n1] 84 +clusterID:           7c4e678d-486f-4806-8e59-dd3b5b489461
I250821 19:16:01.475556 24 1@cli/start.go:1286 ⋮ [T1,Vsystem,n1] 84 +status:              restarted pre-existing node
I250821 19:16:01.475556 24 1@cli/start.go:1286 ⋮ [T1,Vsystem,n1] 84 +nodeID:              1
I250821 19:16:01.481563 1499 server/auto_upgrade.go:81 ⋮ [T1,Vsystem,n1] 85  no need to upgrade, cluster already at the newest version
I250821 19:16:01.570077 1721 sql/catalog/lease/lease.go:2467 ⋮ [T1,Vsystem,n1] 86  released orphaned lease: ID=6 ver=1 expiration={0001-01-01 00:00:00 +0000 UTC}
I250821 19:16:01.570125 1719 sql/catalog/lease/lease.go:2467 ⋮ [T1,Vsystem,n1] 87  released orphaned lease: ID=4 ver=1 expiration={0001-01-01 00:00:00 +0000 UTC}
I250821 19:16:01.570110 1720 sql/catalog/lease/lease.go:2467 ⋮ [T1,Vsystem,n1] 88  released orphaned lease: ID=5 ver=1 expiration={0001-01-01 00:00:00 +0000 UTC}
I250821 19:16:01.572053 1717 sql/catalog/lease/lease.go:2467 ⋮ [T1,Vsystem,n1] 89  released orphaned lease: ID=1 ver=1 expiration={0001-01-01 00:00:00 +0000 UTC}
I250821 19:16:01.572152 1718 sql/catalog/lease/lease.go:2467 ⋮ [T1,Vsystem,n1] 90  released orphaned lease: ID=3 ver=1 expiration={0001-01-01 00:00:00 +0000 UTC}
I250821 19:16:01.572396 1746 sql/catalog/lease/lease.go:2467 ⋮ [T1,Vsystem,n1] 91  released orphaned lease: ID=7 ver=1 expiration={0001-01-01 00:00:00 +0000 UTC}
I250821 19:16:01.572466 1748 sql/catalog/lease/lease.go:2467 ⋮ [T1,Vsystem,n1] 92  released orphaned lease: ID=9 ver=1 expiration={0001-01-01 00:00:00 +0000 UTC}
I250821 19:16:01.572518 1747 sql/catalog/lease/lease.go:2467 ⋮ [T1,Vsystem,n1] 93  released orphaned lease: ID=8 ver=1 expiration={0001-01-01 00:00:00 +0000 UTC}
I250821 19:16:01.574305 1734 sql/catalog/lease/lease.go:2467 ⋮ [T1,Vsystem,n1] 94  released orphaned lease: ID=15 ver=1 expiration={0001-01-01 00:00:00 +0000 UTC}
I250821 19:16:01.574527 1731 sql/catalog/lease/lease.go:2467 ⋮ [T1,Vsystem,n1] 95  released orphaned lease: ID=12 ver=1 expiration={0001-01-01 00:00:00 +0000 UTC}
I250821 19:16:01.574612 1722 sql/catalog/lease/lease.go:2467 ⋮ [T1,Vsystem,n1] 96  released orphaned lease: ID=11 ver=1 expiration={0001-01-01 00:00:00 +0000 UTC}
I250821 19:16:01.574700 1732 sql/catalog/lease/lease.go:2467 ⋮ [T1,Vsystem,n1] 97  released orphaned lease: ID=13 ver=1 expiration={0001-01-01 00:00:00 +0000 UTC}
I250821 19:16:01.574774 1733 sql/catalog/lease/lease.go:2467 ⋮ [T1,Vsystem,n1] 98  released orphaned lease: ID=14 ver=1 expiration={0001-01-01 00:00:00 +0000 UTC}
I250821 19:16:01.579693 1708 sql/catalog/lease/lease.go:2467 ⋮ [T1,Vsystem,n1] 99  released orphaned lease: ID=24 ver=1 expiration={0001-01-01 00:00:00 +0000 UTC}
I250821 19:16:01.579867 1705 sql/catalog/lease/lease.go:2467 ⋮ [T1,Vsystem,n1] 100  released orphaned lease: ID=20 ver=1 expiration={0001-01-01 00:00:00 +0000 UTC}
I250821 19:16:01.579960 1704 sql/catalog/lease/lease.go:2467 ⋮ [T1,Vsystem,n1] 101  released orphaned lease: ID=19 ver=1 expiration={0001-01-01 00:00:00 +0000 UTC}
I250821 19:16:01.580466 1706 sql/catalog/lease/lease.go:2467 ⋮ [T1,Vsystem,n1] 102  released orphaned lease: ID=21 ver=1 expiration={0001-01-01 00:00:00 +0000 UTC}
I250821 19:16:01.580758 1707 sql/catalog/lease/lease.go:2467 ⋮ [T1,Vsystem,n1] 103  released orphaned lease: ID=23 ver=1 expiration={0001-01-01 00:00:00 +0000 UTC}
I250821 19:16:01.582002 1749 sql/catalog/lease/lease.go:2467 ⋮ [T1,Vsystem,n1] 104  released orphaned lease: ID=26 ver=1 expiration={0001-01-01 00:00:00 +0000 UTC}
I250821 19:16:01.582976 1709 sql/catalog/lease/lease.go:2467 ⋮ [T1,Vsystem,n1] 105  released orphaned lease: ID=25 ver=1 expiration={0001-01-01 00:00:00 +0000 UTC}
I250821 19:16:01.583711 1723 sql/catalog/lease/lease.go:2467 ⋮ [T1,Vsystem,n1] 106  released orphaned lease: ID=27 ver=1 expiration={0001-01-01 00:00:00 +0000 UTC}
I250821 19:16:01.584004 1724 sql/catalog/lease/lease.go:2467 ⋮ [T1,Vsystem,n1] 107  released orphaned lease: ID=28 ver=1 expiration={0001-01-01 00:00:00 +0000 UTC}
I250821 19:16:01.584397 1725 sql/catalog/lease/lease.go:2467 ⋮ [T1,Vsystem,n1] 108  released orphaned lease: ID=30 ver=1 expiration={0001-01-01 00:00:00 +0000 UTC}
I250821 19:16:01.601327 1735 sql/catalog/lease/lease.go:2467 ⋮ [T1,Vsystem,n1] 109  released orphaned lease: ID=31 ver=1 expiration={0001-01-01 00:00:00 +0000 UTC}
I250821 19:16:01.606503 1713 sql/catalog/lease/lease.go:2467 ⋮ [T1,Vsystem,n1] 110  released orphaned lease: ID=35 ver=1 expiration={0001-01-01 00:00:00 +0000 UTC}
I250821 19:16:01.606725 1712 sql/catalog/lease/lease.go:2467 ⋮ [T1,Vsystem,n1] 111  released orphaned lease: ID=34 ver=1 expiration={0001-01-01 00:00:00 +0000 UTC}
I250821 19:16:01.606725 1711 sql/catalog/lease/lease.go:2467 ⋮ [T1,Vsystem,n1] 112  released orphaned lease: ID=33 ver=1 expiration={0001-01-01 00:00:00 +0000 UTC}
I250821 19:16:01.607024 1710 sql/catalog/lease/lease.go:2467 ⋮ [T1,Vsystem,n1] 113  released orphaned lease: ID=32 ver=1 expiration={0001-01-01 00:00:00 +0000 UTC}
I250821 19:16:01.608461 1762 sql/catalog/lease/lease.go:2467 ⋮ [T1,Vsystem,n1] 114  released orphaned lease: ID=36 ver=1 expiration={0001-01-01 00:00:00 +0000 UTC}
I250821 19:16:01.613145 1727 sql/catalog/lease/lease.go:2467 ⋮ [T1,Vsystem,n1] 115  released orphaned lease: ID=40 ver=1 expiration={0001-01-01 00:00:00 +0000 UTC}
I250821 19:16:01.613315 1726 sql/catalog/lease/lease.go:2467 ⋮ [T1,Vsystem,n1] 116  released orphaned lease: ID=37 ver=1 expiration={0001-01-01 00:00:00 +0000 UTC}
I250821 19:16:01.613457 1728 sql/catalog/lease/lease.go:2467 ⋮ [T1,Vsystem,n1] 117  released orphaned lease: ID=41 ver=1 expiration={0001-01-01 00:00:00 +0000 UTC}
I250821 19:16:01.614920 1667 sql/catalog/lease/lease.go:2467 ⋮ [T1,Vsystem,n1] 118  released orphaned lease: ID=44 ver=1 expiration={0001-01-01 00:00:00 +0000 UTC}
I250821 19:16:01.616963 1778 sql/catalog/lease/lease.go:2467 ⋮ [T1,Vsystem,n1] 119  released orphaned lease: ID=43 ver=1 expiration={0001-01-01 00:00:00 +0000 UTC}
I250821 19:16:01.617739 1313 sql/catalog/lease/lease.go:2467 ⋮ [T1,Vsystem,n1] 120  released orphaned lease: ID=42 ver=1 expiration={0001-01-01 00:00:00 +0000 UTC}
I250821 19:16:01.618718 1312 sql/catalog/lease/lease.go:2467 ⋮ [T1,Vsystem,n1] 121  released orphaned lease: ID=39 ver=1 expiration={0001-01-01 00:00:00 +0000 UTC}
I250821 19:16:01.619976 1750 sql/catalog/lease/lease.go:2467 ⋮ [T1,Vsystem,n1] 122  released orphaned lease: ID=45 ver=1 expiration={0001-01-01 00:00:00 +0000 UTC}
I250821 19:16:01.623564 1668 sql/catalog/lease/lease.go:2467 ⋮ [T1,Vsystem,n1] 123  released orphaned lease: ID=51 ver=1 expiration={0001-01-01 00:00:00 +0000 UTC}
I250821 19:16:01.624940 1763 sql/catalog/lease/lease.go:2467 ⋮ [T1,Vsystem,n1] 124  released orphaned lease: ID=48 ver=1 expiration={0001-01-01 00:00:00 +0000 UTC}
I250821 19:16:01.625337 1779 sql/catalog/lease/lease.go:2467 ⋮ [T1,Vsystem,n1] 125  released orphaned lease: ID=47 ver=1 expiration={0001-01-01 00:00:00 +0000 UTC}
I250821 19:16:01.627952 1729 sql/catalog/lease/lease.go:2467 ⋮ [T1,Vsystem,n1] 126  released orphaned lease: ID=46 ver=1 expiration={0001-01-01 00:00:00 +0000 UTC}
I250821 19:16:01.628246 1736 sql/catalog/lease/lease.go:2467 ⋮ [T1,Vsystem,n1] 127  released orphaned lease: ID=50 ver=1 expiration={0001-01-01 00:00:00 +0000 UTC}
I250821 19:16:01.629349 1737 sql/catalog/lease/lease.go:2467 ⋮ [T1,Vsystem,n1] 128  released orphaned lease: ID=53 ver=1 expiration={0001-01-01 00:00:00 +0000 UTC}
I250821 19:16:01.629877 1738 sql/catalog/lease/lease.go:2467 ⋮ [T1,Vsystem,n1] 129  released orphaned lease: ID=54 ver=1 expiration={0001-01-01 00:00:00 +0000 UTC}
I250821 19:16:01.630130 1751 sql/catalog/lease/lease.go:2467 ⋮ [T1,Vsystem,n1] 130  released orphaned lease: ID=52 ver=1 expiration={0001-01-01 00:00:00 +0000 UTC}
I250821 19:16:01.630129 1795 sql/catalog/lease/lease.go:2467 ⋮ [T1,Vsystem,n1] 131  released orphaned lease: ID=56 ver=1 expiration={0001-01-01 00:00:00 +0000 UTC}
I250821 19:16:01.630213 1794 sql/catalog/lease/lease.go:2467 ⋮ [T1,Vsystem,n1] 132  released orphaned lease: ID=55 ver=1 expiration={0001-01-01 00:00:00 +0000 UTC}
I250821 19:16:01.635997 1752 sql/catalog/lease/lease.go:2467 ⋮ [T1,Vsystem,n1] 133  released orphaned lease: ID=57 ver=1 expiration={0001-01-01 00:00:00 +0000 UTC}
I250821 19:16:01.636310 1669 sql/catalog/lease/lease.go:2467 ⋮ [T1,Vsystem,n1] 134  released orphaned lease: ID=58 ver=1 expiration={0001-01-01 00:00:00 +0000 UTC}
I250821 19:16:01.643895 1753 sql/catalog/lease/lease.go:2467 ⋮ [T1,Vsystem,n1] 136  released orphaned lease: ID=59 ver=1 expiration={0001-01-01 00:00:00 +0000 UTC}
I250821 19:16:01.644395 1739 sql/catalog/lease/lease.go:2467 ⋮ [T1,Vsystem,n1] 137  released orphaned lease: ID=61 ver=1 expiration={0001-01-01 00:00:00 +0000 UTC}
I250821 19:16:01.643149 1796 sql/catalog/lease/lease.go:2467 ⋮ [T1,Vsystem,n1] 135  released orphaned lease: ID=60 ver=1 expiration={0001-01-01 00:00:00 +0000 UTC}
I250821 19:16:01.648480 1764 sql/catalog/lease/lease.go:2467 ⋮ [T1,Vsystem,n1] 138  released orphaned lease: ID=62 ver=1 expiration={0001-01-01 00:00:00 +0000 UTC}
I250821 19:16:01.649108 1754 sql/catalog/lease/lease.go:2467 ⋮ [T1,Vsystem,n1] 139  released orphaned lease: ID=63 ver=1 expiration={0001-01-01 00:00:00 +0000 UTC}
I250821 19:16:01.650070 1766 sql/catalog/lease/lease.go:2467 ⋮ [T1,Vsystem,n1] 140  released orphaned lease: ID=67 ver=1 expiration={0001-01-01 00:00:00 +0000 UTC}
I250821 19:16:01.650479 1765 sql/catalog/lease/lease.go:2467 ⋮ [T1,Vsystem,n1] 141  released orphaned lease: ID=64 ver=1 expiration={0001-01-01 00:00:00 +0000 UTC}
I250821 19:16:01.650784 1740 sql/catalog/lease/lease.go:2467 ⋮ [T1,Vsystem,n1] 142  released orphaned lease: ID=65 ver=1 expiration={0001-01-01 00:00:00 +0000 UTC}
I250821 19:16:01.651021 1755 sql/catalog/lease/lease.go:2467 ⋮ [T1,Vsystem,n1] 143  released orphaned lease: ID=66 ver=1 expiration={0001-01-01 00:00:00 +0000 UTC}
I250821 19:16:01.652021 1768 sql/catalog/lease/lease.go:2467 ⋮ [T1,Vsystem,n1] 144  released orphaned lease: ID=69 ver=1 expiration={0001-01-01 00:00:00 +0000 UTC}
I250821 19:16:01.652062 1771 sql/catalog/lease/lease.go:2467 ⋮ [T1,Vsystem,n1] 145  released orphaned lease: ID=72 ver=1 expiration={0001-01-01 00:00:00 +0000 UTC}
I250821 19:16:01.652321 1767 sql/catalog/lease/lease.go:2467 ⋮ [T1,Vsystem,n1] 146  released orphaned lease: ID=68 ver=1 expiration={0001-01-01 00:00:00 +0000 UTC}
I250821 19:16:01.652588 1769 sql/catalog/lease/lease.go:2467 ⋮ [T1,Vsystem,n1] 147  released orphaned lease: ID=70 ver=1 expiration={0001-01-01 00:00:00 +0000 UTC}
I250821 19:16:01.652934 1770 sql/catalog/lease/lease.go:2467 ⋮ [T1,Vsystem,n1] 148  released orphaned lease: ID=71 ver=1 expiration={0001-01-01 00:00:00 +0000 UTC}
I250821 19:16:01.654711 1757 sql/catalog/lease/lease.go:2467 ⋮ [T1,Vsystem,n1] 149  released orphaned lease: ID=106 ver=15 expiration={0001-01-01 00:00:00 +0000 UTC}
I250821 19:16:01.654914 1758 sql/catalog/lease/lease.go:2467 ⋮ [T1,Vsystem,n1] 150  released orphaned lease: ID=107 ver=1 expiration={0001-01-01 00:00:00 +0000 UTC}
I250821 19:16:01.655044 1797 sql/catalog/lease/lease.go:2467 ⋮ [T1,Vsystem,n1] 151  released orphaned lease: ID=105 ver=1 expiration={0001-01-01 00:00:00 +0000 UTC}
I250821 19:16:01.655646 1756 sql/catalog/lease/lease.go:2467 ⋮ [T1,Vsystem,n1] 152  released orphaned lease: ID=104 ver=1 expiration={0001-01-01 00:00:00 +0000 UTC}
I250821 19:16:01.661358 1761 sql/catalog/lease/lease.go:2467 ⋮ [T1,Vsystem,n1] 153  released orphaned lease: ID=111 ver=3 expiration={0001-01-01 00:00:00 +0000 UTC}
I250821 19:16:01.662008 1759 sql/catalog/lease/lease.go:2467 ⋮ [T1,Vsystem,n1] 154  released orphaned lease: ID=108 ver=2 expiration={0001-01-01 00:00:00 +0000 UTC}
I250821 19:16:01.662468 1760 sql/catalog/lease/lease.go:2467 ⋮ [T1,Vsystem,n1] 155  released orphaned lease: ID=110 ver=1 expiration={0001-01-01 00:00:00 +0000 UTC}
I250821 19:16:01.662827 1772 sql/catalog/lease/lease.go:2467 ⋮ [T1,Vsystem,n1] 156  released orphaned lease: ID=109 ver=2 expiration={0001-01-01 00:00:00 +0000 UTC}
I250821 19:16:01.664960 1773 sql/catalog/lease/lease.go:2467 ⋮ [T1,Vsystem,n1] 157  released orphaned lease: ID=113 ver=7 expiration={0001-01-01 00:00:00 +0000 UTC}
I250821 19:16:01.665720 1798 sql/catalog/lease/lease.go:2467 ⋮ [T1,Vsystem,n1] 158  released orphaned lease: ID=112 ver=1 expiration={0001-01-01 00:00:00 +0000 UTC}
I250821 19:16:01.665873 1774 sql/catalog/lease/lease.go:2467 ⋮ [T1,Vsystem,n1] 159  released orphaned lease: ID=114 ver=1 expiration={0001-01-01 00:00:00 +0000 UTC}
I250821 19:16:01.665916 1775 sql/catalog/lease/lease.go:2467 ⋮ [T1,Vsystem,n1] 160  released orphaned lease: ID=115 ver=7 expiration={0001-01-01 00:00:00 +0000 UTC}
I250821 19:16:01.667712 1776 sql/catalog/lease/lease.go:2467 ⋮ [T1,Vsystem,n1] 161  released orphaned lease: ID=116 ver=1 expiration={0001-01-01 00:00:00 +0000 UTC}
I250821 19:16:01.671789 1802 sql/catalog/lease/lease.go:2467 ⋮ [T1,Vsystem,n1] 162  released orphaned lease: ID=122 ver=2 expiration={0001-01-01 00:00:00 +0000 UTC}
I250821 19:16:01.672641 1670 sql/catalog/lease/lease.go:2467 ⋮ [T1,Vsystem,n1] 163  released orphaned lease: ID=123 ver=1 expiration={0001-01-01 00:00:00 +0000 UTC}
I250821 19:16:01.672891 1800 sql/catalog/lease/lease.go:2467 ⋮ [T1,Vsystem,n1] 164  released orphaned lease: ID=118 ver=1 expiration={0001-01-01 00:00:00 +0000 UTC}
I250821 19:16:01.672969 1801 sql/catalog/lease/lease.go:2467 ⋮ [T1,Vsystem,n1] 165  released orphaned lease: ID=119 ver=2 expiration={0001-01-01 00:00:00 +0000 UTC}
I250821 19:16:01.673103 1799 sql/catalog/lease/lease.go:2467 ⋮ [T1,Vsystem,n1] 166  released orphaned lease: ID=117 ver=3 expiration={0001-01-01 00:00:00 +0000 UTC}
I250821 19:16:01.679072 1811 sql/catalog/lease/lease.go:2467 ⋮ [T1,Vsystem,n1] 167  released orphaned lease: ID=128 ver=2 expiration={0001-01-01 00:00:00 +0000 UTC}
I250821 19:16:01.679349 1671 sql/catalog/lease/lease.go:2467 ⋮ [T1,Vsystem,n1] 168  released orphaned lease: ID=124 ver=3 expiration={0001-01-01 00:00:00 +0000 UTC}
I250821 19:16:01.679433 1672 sql/catalog/lease/lease.go:2467 ⋮ [T1,Vsystem,n1] 169  released orphaned lease: ID=127 ver=3 expiration={0001-01-01 00:00:00 +0000 UTC}
I250821 19:16:01.680913 1810 sql/catalog/lease/lease.go:2467 ⋮ [T1,Vsystem,n1] 170  released orphaned lease: ID=126 ver=2 expiration={0001-01-01 00:00:00 +0000 UTC}
I250821 19:16:01.681028 1805 sql/catalog/lease/lease.go:2467 ⋮ [T1,Vsystem,n1] 171  released orphaned lease: ID=131 ver=2 expiration={0001-01-01 00:00:00 +0000 UTC}
I250821 19:16:01.681224 1777 sql/catalog/lease/lease.go:2467 ⋮ [T1,Vsystem,n1] 172  released orphaned lease: ID=125 ver=3 expiration={0001-01-01 00:00:00 +0000 UTC}
I250821 19:16:01.681273 1803 sql/catalog/lease/lease.go:2467 ⋮ [T1,Vsystem,n1] 173  released orphaned lease: ID=129 ver=3 expiration={0001-01-01 00:00:00 +0000 UTC}
I250821 19:16:01.681287 1804 sql/catalog/lease/lease.go:2467 ⋮ [T1,Vsystem,n1] 174  released orphaned lease: ID=130 ver=2 expiration={0001-01-01 00:00:00 +0000 UTC}
I250821 19:16:01.685508 1812 sql/catalog/lease/lease.go:2467 ⋮ [T1,Vsystem,n1] 175  released orphaned lease: ID=133 ver=3 expiration={0001-01-01 00:00:00 +0000 UTC}
I250821 19:16:01.685548 1673 sql/catalog/lease/lease.go:2467 ⋮ [T1,Vsystem,n1] 176  released orphaned lease: ID=132 ver=2 expiration={0001-01-01 00:00:00 +0000 UTC}
I250821 19:16:01.685882 1674 sql/catalog/lease/lease.go:2467 ⋮ [T1,Vsystem,n1] 177  released orphaned lease: ID=134 ver=1 expiration={0001-01-01 00:00:00 +0000 UTC}
I250821 19:16:01.728912 603 1@gossip/gossip.go:1476 ⋮ [T1,Vsystem,n1] 178  node has connected to cluster via gossip
I250821 19:16:01.729965 603 kv/kvserver/stores.go:280 ⋮ [T1,Vsystem,n1] 179  wrote 0 node addresses to persistent storage
I250821 19:16:02.901819 1494 server/diagnostics/update_checker.go:144 ⋮ [T1,Vsystem,n1] 180  a new version is available: ‹25.3.0›, details: ‹https://www.cockroachlabs.com/docs/releases/v25.3#v25-3-0›
I250821 19:16:28.705570 1225 jobs/adopt.go:105 ⋮ [T1,Vsystem,n1] 181  claimed 7 jobs
I250821 19:16:28.711817 2310 jobs/adopt.go:224 ⋮ [T1,Vsystem,n1,job=1098946398292541441] 182  job 1098946398292541441: resuming execution
I250821 19:16:28.712759 2306 jobs/adopt.go:224 ⋮ [T1,Vsystem,n1,job=103] 183  job 103: resuming execution
I250821 19:16:28.712770 2208 jobs/adopt.go:224 ⋮ [T1,Vsystem,n1,job=100] 184  job 100: resuming execution
I250821 19:16:28.712852 2209 jobs/adopt.go:224 ⋮ [T1,Vsystem,n1,job=101] 185  job 101: resuming execution
I250821 19:16:28.712881 2308 jobs/adopt.go:224 ⋮ [T1,Vsystem,n1,job=105] 186  job 105: resuming execution
I250821 19:16:28.714372 2309 jobs/adopt.go:224 ⋮ [T1,Vsystem,n1,job=1098958321112612865] 187  job 1098958321112612865: resuming execution
I250821 19:16:28.714978 2307 jobs/adopt.go:224 ⋮ [T1,Vsystem,n1,job=104] 188  job 104: resuming execution
I250821 19:16:28.732812 2328 jobs/registry.go:1681 ⋮ [T1,Vsystem,n1,job=1098946398292541441] 189  AUTO SPAN CONFIG RECONCILIATION job 1098946398292541441: stepping through state running
I250821 19:16:28.733028 2030 jobs/registry.go:1681 ⋮ [T1,Vsystem,n1,job=100] 190  KEY VISUALIZER job 100: stepping through state running
I250821 19:16:28.733061 2160 jobs/registry.go:1681 ⋮ [T1,Vsystem,n1,job=105] 191  UPDATE TABLE METADATA CACHE job 105: stepping through state running
I250821 19:16:28.734053 2235 jobs/registry.go:1681 ⋮ [T1,Vsystem,n1,job=1098958321112612865] 192  CHANGEFEED job 1098958321112612865: stepping through state running
I250821 19:16:28.734664 2314 jobs/registry.go:1681 ⋮ [T1,Vsystem,n1,job=101] 193  POLL JOBS STATS job 101: stepping through state running
I250821 19:16:28.735187 2339 jobs/registry.go:1681 ⋮ [T1,Vsystem,n1,job=103] 194  AUTO UPDATE SQL ACTIVITY job 103: stepping through state running
I250821 19:16:28.736877 2303 jobs/registry.go:1681 ⋮ [T1,Vsystem,n1,job=104] 195  MVCC STATISTICS UPDATE job 104: stepping through state running
I250821 19:16:28.741945 2339 sql/sql_activity_update_job.go:88 ⋮ [T1,Vsystem,n1,job=AUTO UPDATE SQL ACTIVITY id=103] 196  starting sql stats activity flush job
I250821 19:16:28.744486 2303 sql/mvcc_statistics_update_job.go:63 ⋮ [T1,Vsystem,n1,job=MVCC STATISTICS UPDATE id=104] 197  starting mvcc statistics update job
I250821 19:16:28.761967 2239 ccl/changefeedccl/changefeed_dist.go:414 ⋮ [T1,Vsystem,n1,job=CHANGEFEED id=1098958321112612865] 198  using bulk oracle for DistSQL planning
I250821 19:16:28.773153 2239 ccl/changefeedccl/changefeed_dist.go:577 ⋮ [T1,Vsystem,n1,job=CHANGEFEED id=1098958321112612865] 199  changefeed plan diagram: ‹https://cockroachdb.github.io/distsqlplan/decode.html#eJyUkkuL2zAQx-_9FGbOMvbIj411SulSyKHd0i70sJiilceOqGO5kkxajL97sd1HEkggx3nw-_881gjuRwsC1F52DdVElQgwLjZFtkk4IvIc-SbPgEFnKvooD-RAvABCyaC3RpFzxs6tcVnYVT9BxAx01w9-bpcMlLEEYgSvfUsg4N0S9bZpLDXSGxvFwKAiL3W7sL9Kr_bkghcsRRA9y9eWIkySaMSQT1BODMzg_-Odlw2BwBOf3SOIeGL3Kr23pvOabITnQk-DF8GWs23CtulVAX4hgPcIfCbXm87RWfC1pPgiKcSpZEBVQ-uPcGawij5Zo5bdtXxaQEujIufXKa7Frvs7ct6SPPy73ykJb5L4LVLJoG7N8ZuuQACP8_gVcx4SEoVp9lCH8oEwLNKs5orSnIr5udWtbNx8oi97c1ywz7_6-QNr2Tpi8EF-p0fyZA-6085r9WcyTW9-BwAA__8klemF›
I250821 19:16:28.779881 799 ccl/changefeedccl/sink_kafka_v2.go:246 ⋮ [-] 200  updating kafka metadata for topics: [‹users_changes›]
I250821 19:16:28.798367 799 ccl/changefeedccl/sink_kafka_v2.go:246 ⋮ [-] 201  updating kafka metadata for topics: [‹users_changes›]
I250821 19:16:28.798748 2372 ccl/changefeedccl/kvfeed/kv_feed.go:332 ⋮ [T1,Vsystem,n1,job=1098958321112612865,change-aggregator] 202  kv feed run starting
I250821 19:16:28.862277 2328 spanconfig/spanconfigsqlwatcher/sqlwatcher.go:241 ⋮ [T1,Vsystem,n1,job=AUTO SPAN CONFIG RECONCILIATION id=1098946398292541441] 203  established range feed over system.descriptors starting at time 1755803788.795322962,0
I250821 19:16:28.862402 2328 spanconfig/spanconfigsqlwatcher/sqlwatcher.go:300 ⋮ [T1,Vsystem,n1,job=AUTO SPAN CONFIG RECONCILIATION id=1098946398292541441] 204  established range feed over system.zones starting at time 1755803788.795322962,0
I250821 19:16:28.862451 2328 spanconfig/spanconfigsqlwatcher/sqlwatcher.go:401 ⋮ [T1,Vsystem,n1,job=AUTO SPAN CONFIG RECONCILIATION id=1098946398292541441] 205  established range feed over system.protected_ts_records starting at time 1755803788.795322962,0
I250821 19:16:36.141665 2754 kv/kvserver/mvcc_gc_queue.go:796 ⋮ [T1,Vsystem,n1,mvccGC,s1,r86/1:‹/{Table/134-Max}›] 206  GC still needed following GC, recomputing MVCC stats
I250821 19:16:36.142858 2754 kv/kvserver/mvcc_gc_queue.go:797 ⋮ [T1,Vsystem,n1,mvccGC,s1,r86/1:‹/{Table/134-Max}›] 207  old score ‹queue=true with 0.00/fuzz(0.95)=0.00=valScaleScore(0.00)*deadFrac(0.04)+intentScore(0.00)›
I250821 19:16:36.142858 2754 kv/kvserver/mvcc_gc_queue.go:797 ⋮ [T1,Vsystem,n1,mvccGC,s1,r86/1:‹/{Table/134-Max}›] 207 +‹likely last GC: 2h19m23.460767625s ago, 0 B non-live, curr. age 0 B*s, min exp. reduction: 0 B*s›
I250821 19:16:36.142858 2754 kv/kvserver/mvcc_gc_queue.go:797 ⋮ [T1,Vsystem,n1,mvccGC,s1,r86/1:‹/{Table/134-Max}›] 207 +‹hint: {0,0 1755445834.582834013,0 1755445834.587412388,0}›
I250821 19:16:36.143108 2754 kv/kvserver/mvcc_gc_queue.go:798 ⋮ [T1,Vsystem,n1,mvccGC,s1,r86/1:‹/{Table/134-Max}›] 208  new score ‹queue=true with 0.00/fuzz(0.95)=0.00=valScaleScore(0.00)*deadFrac(0.04)+intentScore(0.00)›
I250821 19:16:36.143108 2754 kv/kvserver/mvcc_gc_queue.go:798 ⋮ [T1,Vsystem,n1,mvccGC,s1,r86/1:‹/{Table/134-Max}›] 208 +‹likely last GC: 2h19m28.555871001s ago, 0 B non-live, curr. age 0 B*s, min exp. reduction: 0 B*s›
I250821 19:16:36.143108 2754 kv/kvserver/mvcc_gc_queue.go:798 ⋮ [T1,Vsystem,n1,mvccGC,s1,r86/1:‹/{Table/134-Max}›] 208 +‹hint: {0,0 1755445834.582834013,0 1755445834.587412388,0}›
W250821 19:16:36.528887 1527 2@rpc/clock_offset.go:307 ⋮ [T1,Vsystem,n1,rnode=1,raddr=‹127.0.0.1:26257›,class=default,rpc] 209  latency jump (prev avg 0.54ms, current 55.57ms)
I250821 19:17:01.985258 3461 1@jobs/structured_log.go:49 ⋮ [T1,Vsystem,n1] 210 ={"Timestamp":1755803821985250380,"EventType":"status_change","JobID":1100131276975931393,"JobType":"AUTO CREATE STATS","Description":"state changed to: running","PreviousStatus":"running","NewStatus":"running","RunNum":0}
I250821 19:17:01.992014 3461 sql/distsql_plan_stats.go:209 ⋮ [T1,Vsystem,n1,job=AUTO CREATE STATS id=1100131276975931393,create-stats-distsql] 211  using computed sample size of 10000 for histogram construction
I250821 19:17:02.176136 3461 1@jobs/structured_log.go:49 ⋮ [T1,Vsystem,n1] 212 ={"Timestamp":1755803822176131339,"EventType":"status_change","JobID":1100131276975931393,"JobType":"AUTO CREATE STATS","Description":"state changed to: succeeded","PreviousStatus":"running","NewStatus":"succeeded","RunNum":0}
I250821 19:17:38.287826 4406 kv/kvserver/mvcc_gc_queue.go:796 ⋮ [T1,Vsystem,n1,mvccGC,s1,r86/1:‹/{Table/134-Max}›] 213  GC still needed following GC, recomputing MVCC stats
I250821 19:17:38.288717 4406 kv/kvserver/mvcc_gc_queue.go:797 ⋮ [T1,Vsystem,n1,mvccGC,s1,r86/1:‹/{Table/134-Max}›] 214  old score ‹queue=true with 0.00/fuzz(0.95)=0.00=valScaleScore(0.00)*deadFrac(0.04)+intentScore(0.00)›
I250821 19:17:38.288717 4406 kv/kvserver/mvcc_gc_queue.go:797 ⋮ [T1,Vsystem,n1,mvccGC,s1,r86/1:‹/{Table/134-Max}›] 214 +‹likely last GC: 57.741855959s ago, 0 B non-live, curr. age 0 B*s, min exp. reduction: 0 B*s›
I250821 19:17:38.288717 4406 kv/kvserver/mvcc_gc_queue.go:797 ⋮ [T1,Vsystem,n1,mvccGC,s1,r86/1:‹/{Table/134-Max}›] 214 +‹hint: {0,0 1755445834.582834013,0 1755445834.587412388,0}›
I250821 19:17:38.290941 4406 kv/kvserver/mvcc_gc_queue.go:798 ⋮ [T1,Vsystem,n1,mvccGC,s1,r86/1:‹/{Table/134-Max}›] 215  new score ‹queue=true with 0.00/fuzz(0.95)=0.00=valScaleScore(0.00)*deadFrac(0.04)+intentScore(0.00)›
I250821 19:17:38.290941 4406 kv/kvserver/mvcc_gc_queue.go:798 ⋮ [T1,Vsystem,n1,mvccGC,s1,r86/1:‹/{Table/134-Max}›] 215 +‹likely last GC: 1m2.176300293s ago, 0 B non-live, curr. age 0 B*s, min exp. reduction: 0 B*s›
I250821 19:17:38.290941 4406 kv/kvserver/mvcc_gc_queue.go:798 ⋮ [T1,Vsystem,n1,mvccGC,s1,r86/1:‹/{Table/134-Max}›] 215 +‹hint: {0,0 1755445834.582834013,0 1755445834.587412388,0}›
I250821 19:18:02.561658 4830 1@jobs/structured_log.go:49 ⋮ [T1,Vsystem,n1] 216 ={"Timestamp":1755803882561645047,"EventType":"status_change","JobID":1100131475365462017,"JobType":"AUTO CREATE STATS","Description":"state changed to: running","PreviousStatus":"running","NewStatus":"running","RunNum":0}
I250821 19:18:02.589838 4830 sql/distsql_plan_stats.go:209 ⋮ [T1,Vsystem,n1,job=AUTO CREATE STATS id=1100131475365462017,create-stats-distsql] 217  using computed sample size of 10000 for histogram construction
I250821 19:18:03.264009 4830 1@jobs/structured_log.go:49 ⋮ [T1,Vsystem,n1] 218 ={"Timestamp":1755803883264003548,"EventType":"status_change","JobID":1100131475365462017,"JobType":"AUTO CREATE STATS","Description":"state changed to: succeeded","PreviousStatus":"running","NewStatus":"succeeded","RunNum":0}
I250821 19:18:41.400487 5668 kv/kvserver/mvcc_gc_queue.go:796 ⋮ [T1,Vsystem,n1,mvccGC,s1,r86/1:‹/{Table/134-Max}›] 219  GC still needed following GC, recomputing MVCC stats
I250821 19:18:41.400541 5668 kv/kvserver/mvcc_gc_queue.go:797 ⋮ [T1,Vsystem,n1,mvccGC,s1,r86/1:‹/{Table/134-Max}›] 220  old score ‹queue=true with 0.00/fuzz(0.95)=0.00=valScaleScore(0.00)*deadFrac(0.04)+intentScore(0.00)›
I250821 19:18:41.400541 5668 kv/kvserver/mvcc_gc_queue.go:797 ⋮ [T1,Vsystem,n1,mvccGC,s1,r86/1:‹/{Table/134-Max}›] 220 +‹likely last GC: 58.683249667s ago, 0 B non-live, curr. age 0 B*s, min exp. reduction: 0 B*s›
I250821 19:18:41.400541 5668 kv/kvserver/mvcc_gc_queue.go:797 ⋮ [T1,Vsystem,n1,mvccGC,s1,r86/1:‹/{Table/134-Max}›] 220 +‹hint: {0,0 1755445834.582834013,0 1755445834.587412388,0}›
I250821 19:18:41.403392 5668 kv/kvserver/mvcc_gc_queue.go:798 ⋮ [T1,Vsystem,n1,mvccGC,s1,r86/1:‹/{Table/134-Max}›] 221  new score ‹queue=true with 0.00/fuzz(0.95)=0.00=valScaleScore(0.00)*deadFrac(0.04)+intentScore(0.00)›
I250821 19:18:41.403392 5668 kv/kvserver/mvcc_gc_queue.go:798 ⋮ [T1,Vsystem,n1,mvccGC,s1,r86/1:‹/{Table/134-Max}›] 221 +‹likely last GC: 1m3.127241793s ago, 0 B non-live, curr. age 0 B*s, min exp. reduction: 0 B*s›
I250821 19:18:41.403392 5668 kv/kvserver/mvcc_gc_queue.go:798 ⋮ [T1,Vsystem,n1,mvccGC,s1,r86/1:‹/{Table/134-Max}›] 221 +‹hint: {0,0 1755445834.582834013,0 1755445834.587412388,0}›
I250821 19:18:58.484061 5938 kv/kvserver/mvcc_gc_queue.go:796 ⋮ [T1,Vsystem,n1,mvccGC,s1,r86/1:‹/{Table/134-Max}›] 222  GC still needed following GC, recomputing MVCC stats
I250821 19:18:58.486453 5938 kv/kvserver/mvcc_gc_queue.go:797 ⋮ [T1,Vsystem,n1,mvccGC,s1,r86/1:‹/{Table/134-Max}›] 223  old score ‹queue=true with 0.00/fuzz(0.95)=0.00=valScaleScore(0.00)*deadFrac(0.04)+intentScore(0.00)›
I250821 19:18:58.486453 5938 kv/kvserver/mvcc_gc_queue.go:797 ⋮ [T1,Vsystem,n1,mvccGC,s1,r86/1:‹/{Table/134-Max}›] 223 +‹likely last GC: 13.620041452s ago, 0 B non-live, curr. age 0 B*s, min exp. reduction: 0 B*s›
I250821 19:18:58.486453 5938 kv/kvserver/mvcc_gc_queue.go:797 ⋮ [T1,Vsystem,n1,mvccGC,s1,r86/1:‹/{Table/134-Max}›] 223 +‹hint: {0,0 1755445834.582834013,0 1755445834.587412388,0}›
I250821 19:18:58.487886 5938 kv/kvserver/mvcc_gc_queue.go:798 ⋮ [T1,Vsystem,n1,mvccGC,s1,r86/1:‹/{Table/134-Max}›] 224  new score ‹queue=true with 0.00/fuzz(0.95)=0.00=valScaleScore(0.00)*deadFrac(0.04)+intentScore(0.00)›
I250821 19:18:58.487886 5938 kv/kvserver/mvcc_gc_queue.go:798 ⋮ [T1,Vsystem,n1,mvccGC,s1,r86/1:‹/{Table/134-Max}›] 224 +‹likely last GC: 17.088337577s ago, 0 B non-live, curr. age 0 B*s, min exp. reduction: 0 B*s›
I250821 19:18:58.487886 5938 kv/kvserver/mvcc_gc_queue.go:798 ⋮ [T1,Vsystem,n1,mvccGC,s1,r86/1:‹/{Table/134-Max}›] 224 +‹hint: {0,0 1755445834.582834013,0 1755445834.587412388,0}›
I250821 19:19:07.716129 1 1@cli/start.go:993 ⋮ [T1,Vsystem,n1] 225  received signal 'terminated'
I250821 19:19:07.719140 1 1@cli/start.go:1034 ⋮ [T1,Vsystem,n1] 226  initiating graceful shutdown of server
I250821 19:19:07.728390 6130 server/drain.go:353 ⋮ [T1,Vsystem,n1,server drain process,call-graceful-drain] 227  all tenant servers stopped
I250821 19:19:07.731034 6130 1@server/drain.go:399 ⋮ [T1,Vsystem,n1,server drain process,call-graceful-drain] 228  waiting for health probes to notice that the node is not ready for new sql connections
I250821 19:19:10.733721 6133 1@server/drain.go:513 ⋮ [T1,Vsystem,n1,server drain process,call-graceful-drain] 229  number of open connections: 0
I250821 19:19:12.719847 6131 1@cli/start.go:1046 ⋮ [T1,Vsystem,n1] 230  369 running tasks
I250821 19:19:17.721424 6131 1@cli/start.go:1046 ⋮ [T1,Vsystem,n1] 231  369 running tasks
I250821 19:19:17.733156 1118 sql/stats/automatic_stats.go:694 ⋮ [T1,Vsystem,n1] 232  draining auto stats refresher
W250821 19:19:17.732972 1223 jobs/registry.go:1069 ⋮ [T1,Vsystem,n1] 233  canceling all adopted jobs due to graceful drain request
I250821 19:19:17.733802 1119 sql/stats/automatic_stats.go:745 ⋮ [T1,Vsystem,n1] 234  draining stats garbage collector
I250821 19:19:17.737347 2339 jobs/registry.go:1681 ⋮ [T1,Vsystem,n1,job=103] 235  AUTO UPDATE SQL ACTIVITY job 103: stepping through state succeeded
I250821 19:19:17.738264 2030 jobs/registry.go:1681 ⋮ [T1,Vsystem,n1,job=100] 236  KEY VISUALIZER job 100: stepping through state succeeded
W250821 19:19:17.747287 2485 kv/kvclient/kvcoord/dist_sender_mux_rangefeed.go:406 ⋮ [T1,Vsystem,n1,job=1098958321112612865,change-aggregator,mux_n=1,gen=2] 237  error closing mux rangefeed client: context canceled
W250821 19:19:17.747283 2547 kv/kvclient/kvcoord/dist_sender_mux_rangefeed.go:406 ⋮ [T1,Vsystem,n1,job=AUTO SPAN CONFIG RECONCILIATION id=1098946398292541441,rangefeed=‹sql-watcher-protected-ts-records-rangefeed›,mux_n=1,gen=2] 238  error closing mux rangefeed client: context canceled
W250821 19:19:17.747319 2530 kv/kvclient/kvcoord/dist_sender_mux_rangefeed.go:406 ⋮ [T1,Vsystem,n1,job=AUTO SPAN CONFIG RECONCILIATION id=1098946398292541441,rangefeed=‹sql-watcher-zones-rangefeed›,mux_n=1,gen=2] 240  error closing mux rangefeed client: context canceled
W250821 19:19:17.747319 2430 kv/kvclient/kvcoord/dist_sender_mux_rangefeed.go:406 ⋮ [T1,Vsystem,n1,job=AUTO SPAN CONFIG RECONCILIATION id=1098946398292541441,rangefeed=‹sql-watcher-descriptor-rangefeed›,mux_n=1,gen=2] 239  error closing mux rangefeed client: context canceled
E250821 19:19:17.756405 2241 ccl/changefeedccl/kvfeed/kv_feed.go:158 ⋮ [T1,Vsystem,n1,job=1098958321112612865,change-aggregator] 241  stopping kv feed due to error: context canceled
I250821 19:19:17.768431 2235 ccl/changefeedccl/changefeed_stmt.go:1466 ⋮ [T1,Vsystem,n1,job=CHANGEFEED id=1098958321112612865] 242  CHANGEFEED 1098958321112612865 shutting down (cause: context canceled)
