I250820 21:30:25.265966 82 util/log/file_sync_buffer.go:237 ⋮ [config]   file created at: 2025/08/20 21:30:25
I250820 21:30:25.266005 82 util/log/file_sync_buffer.go:237 ⋮ [config]   running on machine: ‹512c0270703c›
I250820 21:30:25.266026 82 util/log/file_sync_buffer.go:237 ⋮ [config]   binary: CockroachDB CCL v25.2.0 (aarch64-unknown-linux-gnu, built 2025/05/15 21:07:42, go1.23.7 X:nocoverageredesign)
I250820 21:30:25.266038 82 util/log/file_sync_buffer.go:237 ⋮ [config]   arguments: [‹/cockroach/cockroach› ‹start-single-node› ‹--certs-dir=certs› ‹--advertise-addr=127.0.0.1:26257› ‹--insecure› ‹--http-addr=0.0.0.0:8080›]
I250820 21:30:25.266063 82 util/log/file_sync_buffer.go:237 ⋮ [config]   log format (utf8=✓): crdb-v2
I250820 21:30:25.266071 82 util/log/file_sync_buffer.go:237 ⋮ [config]   line format: [IWEF]yymmdd hh:mm:ss.uuuuuu goid [chan@]file:line redactionmark \[tags\] [counter] msg
I250820 21:30:25.248856 82 3@pebble/objstorage/objstorageprovider/remote.go:102 ⋮ [n?,s?,pebble] 1  remote storage configured; creatorID = 1
I250820 21:30:25.471205 82 3@pebble/open.go:1054 ⋮ [n?,s?,pebble] 2  [JOB ‹1›] WAL ‹003260: {(/cockroach/cockroach-data,000)}› stopped reading at offset: (‹/cockroach/cockroach-data/003260.log›: 14520000); replayed 44802 keys in 2549 batches
I250820 21:30:25.471760 15 3@pebble/event.go:1011 ⋮ [n?,s?,pebble] 3  [JOB 2] flushing 7 memtables (15MB) to L0
I250820 21:30:25.474777 15 3@pebble/event.go:1039 ⋮ [n?,s?,pebble] 4  [JOB 2] flushing: sstable created 003281
I250820 21:30:25.526929 15 3@pebble/event.go:1039 ⋮ [n?,s?,pebble] 5  [JOB 2] flushing: sstable created 003282
I250820 21:30:25.548423 15 3@pebble/event.go:1039 ⋮ [n?,s?,pebble] 6  [JOB 2] flushing: sstable created 003283
I250820 21:30:25.644849 15 3@pebble/event.go:1039 ⋮ [n?,s?,pebble] 7  [JOB 2] flushing: sstable created 003284
I250820 21:30:25.777985 15 3@pebble/event.go:1031 ⋮ [n?,s?,pebble] 8  [JOB 2] MANIFEST created 003285
I250820 21:30:25.778156 15 3@pebble/event.go:1015 ⋮ [n?,s?,pebble] 9  [JOB 2] flushed 7 memtables (15MB) to L0 [003281 003282 003283 003284] (284KB), in 0.2s (0.3s total), output rate 1.5MB/s
I250820 21:30:25.785424 77 3@pebble/event.go:1063 ⋮ [n?,s?,pebble] 10  [JOB 2] WAL deleted 003260
I250820 21:30:25.785802 82 3@pebble/event.go:1059 ⋮ [n?,s?,pebble] 11  [JOB 1] WAL created 003286
I250820 21:30:25.796044 102 3@pebble/event.go:999 ⋮ [n?,s?,pebble] 12  [JOB 3] compacting(default) L0 [003281] (164KB) Score=1.02 + L6 [003262 003263 003264 003265 003266] (18MB) Score=0.98; OverlappingRatio: Single 110.83, Multi 0.00
I250820 21:30:25.796659 114 3@pebble/event.go:999 ⋮ [n?,s?,pebble] 13  [JOB 4] compacting(default) L0 [003282] (39KB) Score=1.01 + L6 [003267 003268 003269 003270 003271] (18MB) Score=0.99; OverlappingRatio: Single 454.40, Multi 0.00
I250820 21:30:25.847651 114 3@pebble/event.go:1039 ⋮ [n?,s?,pebble] 14  [JOB 4] compacting: sstable created 003288
I250820 21:30:25.868199 102 3@pebble/event.go:1039 ⋮ [n?,s?,pebble] 15  [JOB 3] compacting: sstable created 003289
I250820 21:30:25.883346 115 3@pebble/event.go:1051 ⋮ [n?,s?,pebble] 16  [JOB 6] all initial table stats loaded
I250820 21:30:26.961876 102 3@pebble/event.go:1039 ⋮ [n?,s?,pebble] 17  [JOB 3] compacting: sstable created 003290
I250820 21:30:27.161288 114 3@pebble/event.go:1039 ⋮ [n?,s?,pebble] 18  [JOB 4] compacting: sstable created 003291
I250820 21:30:27.992433 114 3@pebble/event.go:1039 ⋮ [n?,s?,pebble] 19  [JOB 4] compacting: sstable created 003292
I250820 21:30:28.126383 102 3@pebble/event.go:1039 ⋮ [n?,s?,pebble] 20  [JOB 3] compacting: sstable created 003293
I250820 21:30:28.654428 114 3@pebble/event.go:1039 ⋮ [n?,s?,pebble] 21  [JOB 4] compacting: sstable created 003294
I250820 21:30:28.964549 102 3@pebble/event.go:1039 ⋮ [n?,s?,pebble] 22  [JOB 3] compacting: sstable created 003295
I250820 21:30:29.326027 114 3@pebble/event.go:1039 ⋮ [n?,s?,pebble] 23  [JOB 4] compacting: sstable created 003296
I250820 21:30:29.483527 114 3@pebble/event.go:1003 ⋮ [n?,s?,pebble] 24  [JOB 4] compacted(default) L0 [003282] (39KB) Score=1.01 + L6 [003267 003268 003269 003270 003271] (18MB) Score=0.99 -> L6 [003288 003291 003292 003294 003296] (18MB), in 3.7s (3.7s total), output rate 4.8MB/s
I250820 21:30:29.827670 102 3@pebble/event.go:1039 ⋮ [n?,s?,pebble] 25  [JOB 3] compacting: sstable created 003297
I250820 21:30:29.957542 102 3@pebble/event.go:1003 ⋮ [n?,s?,pebble] 26  [JOB 3] compacted(default) L0 [003281] (164KB) Score=1.02 + L6 [003262 003263 003264 003265 003266] (18MB) Score=0.98 -> L6 [003289 003290 003293 003295 003297] (18MB), in 4.2s (4.2s total), output rate 4.3MB/s
I250820 21:30:29.959883 30 3@pebble/event.go:999 ⋮ [n?,s?,pebble] 27  [JOB 7] compacting(default) L0 [003283] (35KB) Score=1.02 + L6 [003272 003273 003274 003275 003276] (17MB) Score=0.98; OverlappingRatio: Single 506.44, Multi 0.00
I250820 21:30:29.960991 77 3@pebble/event.go:1043 ⋮ [n?,s?,pebble] 28  [JOB 3] sstable deleted 003262
I250820 21:30:29.962451 77 3@pebble/event.go:1043 ⋮ [n?,s?,pebble] 29  [JOB 3] sstable deleted 003263
I250820 21:30:29.963273 77 3@pebble/event.go:1043 ⋮ [n?,s?,pebble] 30  [JOB 3] sstable deleted 003264
I250820 21:30:29.964249 77 3@pebble/event.go:1043 ⋮ [n?,s?,pebble] 31  [JOB 3] sstable deleted 003265
I250820 21:30:29.965365 77 3@pebble/event.go:1043 ⋮ [n?,s?,pebble] 32  [JOB 3] sstable deleted 003266
I250820 21:30:29.965477 30 3@pebble/event.go:1039 ⋮ [n?,s?,pebble] 33  [JOB 7] compacting: sstable created 003298
I250820 21:30:29.966694 77 3@pebble/event.go:1043 ⋮ [n?,s?,pebble] 34  [JOB 3] sstable deleted 003267
I250820 21:30:29.967339 77 3@pebble/event.go:1043 ⋮ [n?,s?,pebble] 35  [JOB 3] sstable deleted 003268
I250820 21:30:29.968038 77 3@pebble/event.go:1043 ⋮ [n?,s?,pebble] 36  [JOB 3] sstable deleted 003269
I250820 21:30:29.969440 77 3@pebble/event.go:1043 ⋮ [n?,s?,pebble] 37  [JOB 3] sstable deleted 003270
I250820 21:30:29.970145 77 3@pebble/event.go:1043 ⋮ [n?,s?,pebble] 38  [JOB 3] sstable deleted 003271
I250820 21:30:29.970608 77 3@pebble/event.go:1043 ⋮ [n?,s?,pebble] 39  [JOB 3] sstable deleted 003281
I250820 21:30:29.971023 77 3@pebble/event.go:1043 ⋮ [n?,s?,pebble] 40  [JOB 3] sstable deleted 003282
I250820 21:30:29.971776 77 3@pebble/event.go:1035 ⋮ [n?,s?,pebble] 41  [JOB 1] MANIFEST deleted 003187
I250820 21:30:29.991080 82 3@pebble/event.go:1031 ⋮ [n?,s?,pebble] 42  [JOB 1] MANIFEST created 000001
I250820 21:30:29.995145 82 3@pebble/event.go:1059 ⋮ [n?,s?,pebble] 43  [JOB 1] WAL created 000002
I250820 21:30:29.996994 82 3@pebble/event.go:1027 ⋮ [n?,s?,pebble] 44  upgraded to format version: 014
I250820 21:30:29.998861 82 3@pebble/event.go:1027 ⋮ [n?,s?,pebble] 45  upgraded to format version: 015
I250820 21:30:30.001152 82 3@pebble/event.go:1027 ⋮ [n?,s?,pebble] 46  upgraded to format version: 016
I250820 21:30:30.003583 82 3@pebble/event.go:1027 ⋮ [n?,s?,pebble] 47  upgraded to format version: 017
I250820 21:30:30.007161 82 3@pebble/event.go:1027 ⋮ [n?,s?,pebble] 48  upgraded to format version: 018
I250820 21:30:30.009384 82 3@pebble/event.go:1027 ⋮ [n?,s?,pebble] 49  upgraded to format version: 019
I250820 21:30:30.014087 175 3@pebble/event.go:1051 ⋮ [n?,s?,pebble] 50  [JOB 2] all initial table stats loaded
I250820 21:30:30.287026 30 3@pebble/event.go:1039 ⋮ [n1,s1,pebble] 51  [JOB 7] compacting: sstable created 003299
I250820 21:30:30.955022 30 3@pebble/event.go:1039 ⋮ [n1,s1,pebble] 52  [JOB 7] compacting: sstable created 003300
I250820 21:30:31.442561 30 3@pebble/event.go:1039 ⋮ [n1,s1,pebble] 53  [JOB 7] compacting: sstable created 003301
I250820 21:30:31.671241 30 3@pebble/event.go:1039 ⋮ [n1,s1,pebble] 54  [JOB 7] compacting: sstable created 003302
I250820 21:30:31.753837 30 3@pebble/event.go:1003 ⋮ [n1,s1,pebble] 55  [JOB 7] compacted(default) L0 [003283] (35KB) Score=1.02 + L6 [003272 003273 003274 003275 003276] (17MB) Score=0.98 -> L6 [003298 003299 003300 003301 003302] (17MB), in 1.8s (1.8s total), output rate 9.7MB/s
I250820 21:30:31.755637 1859 3@pebble/event.go:999 ⋮ [n1,s1,pebble] 56  [JOB 8] compacting(default) L0 [003284] (46KB) Score=1.01 + L6 [003277 003278 003279] (10MB) Score=0.99; OverlappingRatio: Single 231.87, Multi 0.00
I250820 21:30:31.756663 77 3@pebble/event.go:1043 ⋮ [n1,s1,pebble] 57  [JOB 7] sstable deleted 003272
I250820 21:30:31.757535 77 3@pebble/event.go:1043 ⋮ [n1,s1,pebble] 58  [JOB 7] sstable deleted 003273
I250820 21:30:31.758439 77 3@pebble/event.go:1043 ⋮ [n1,s1,pebble] 59  [JOB 7] sstable deleted 003274
I250820 21:30:31.759470 77 3@pebble/event.go:1043 ⋮ [n1,s1,pebble] 60  [JOB 7] sstable deleted 003275
I250820 21:30:31.760374 1859 3@pebble/event.go:1039 ⋮ [n1,s1,pebble] 61  [JOB 8] compacting: sstable created 003303
I250820 21:30:31.761084 77 3@pebble/event.go:1043 ⋮ [n1,s1,pebble] 62  [JOB 7] sstable deleted 003276
I250820 21:30:31.761683 77 3@pebble/event.go:1043 ⋮ [n1,s1,pebble] 63  [JOB 7] sstable deleted 003283
I250820 21:30:32.050386 1859 3@pebble/event.go:1039 ⋮ [n1,s1,pebble] 64  [JOB 8] compacting: sstable created 003304
I250820 21:30:32.407490 1859 3@pebble/event.go:1039 ⋮ [n1,s1,pebble] 65  [JOB 8] compacting: sstable created 003305
I250820 21:30:32.625039 1859 3@pebble/event.go:1003 ⋮ [n1,s1,pebble] 66  [JOB 8] compacted(default) L0 [003284] (46KB) Score=1.01 + L6 [003277 003278 003279] (10MB) Score=0.99 -> L6 [003303 003304 003305] (10MB), in 0.9s (0.9s total), output rate 12MB/s
I250820 21:30:32.626692 77 3@pebble/event.go:1043 ⋮ [n1,s1,pebble] 67  [JOB 8] sstable deleted 003277
I250820 21:30:32.627406 77 3@pebble/event.go:1043 ⋮ [n1,s1,pebble] 68  [JOB 8] sstable deleted 003278
I250820 21:30:32.627973 77 3@pebble/event.go:1043 ⋮ [n1,s1,pebble] 69  [JOB 8] sstable deleted 003279
I250820 21:30:32.628603 77 3@pebble/event.go:1043 ⋮ [n1,s1,pebble] 70  [JOB 8] sstable deleted 003284
I250820 21:30:50.586283 408 3@kv/kvserver/store.go:3801 ⋮ [T1,Vsystem,n1,s1] 71  Pebble metrics:
I250820 21:30:50.586283 408 3@kv/kvserver/store.go:3801 ⋮ [T1,Vsystem,n1,s1] 71 +      |                             |       |       |   ingested   |     moved    |    written   |       |    amp
I250820 21:30:50.586283 408 3@kv/kvserver/store.go:3801 ⋮ [T1,Vsystem,n1,s1] 71 +level | tables  size val-bl vtables | score |   in  | tables  size | tables  size | tables  size |  read |   r   w
I250820 21:30:50.586283 408 3@kv/kvserver/store.go:3801 ⋮ [T1,Vsystem,n1,s1] 71 +------+-----------------------------+-------+-------+--------------+--------------+--------------+-------+---------
I250820 21:30:50.586283 408 3@kv/kvserver/store.go:3801 ⋮ [T1,Vsystem,n1,s1] 71 +    0 |     0     0B     0B       0 |  0.00 |  14MB |     0     0B |     0     0B |     4  284KB |    0B |   0  0.0
I250820 21:30:50.586283 408 3@kv/kvserver/store.go:3801 ⋮ [T1,Vsystem,n1,s1] 71 +    1 |     0     0B     0B       0 |  0.00 |    0B |     0     0B |     0     0B |     0     0B |    0B |   0  0.0
I250820 21:30:50.586283 408 3@kv/kvserver/store.go:3801 ⋮ [T1,Vsystem,n1,s1] 71 +    2 |     0     0B     0B       0 |  0.00 |    0B |     0     0B |     0     0B |     0     0B |    0B |   0  0.0
I250820 21:30:50.586283 408 3@kv/kvserver/store.go:3801 ⋮ [T1,Vsystem,n1,s1] 71 +    3 |     0     0B     0B       0 |  0.00 |    0B |     0     0B |     0     0B |     0     0B |    0B |   0  0.0
I250820 21:30:50.586283 408 3@kv/kvserver/store.go:3801 ⋮ [T1,Vsystem,n1,s1] 71 +    4 |     0     0B     0B       0 |  0.00 |    0B |     0     0B |     0     0B |     0     0B |    0B |   0  0.0
I250820 21:30:50.586283 408 3@kv/kvserver/store.go:3801 ⋮ [T1,Vsystem,n1,s1] 71 +    5 |     0     0B     0B       0 |  0.00 |    0B |     0     0B |     0     0B |     0     0B |    0B |   0  0.0
I250820 21:30:50.586283 408 3@kv/kvserver/store.go:3801 ⋮ [T1,Vsystem,n1,s1] 71 +    6 |    18   63MB  1.3MB       0 |     - | 284KB |     0     0B |     0     0B |    18   63MB |  63MB |   1  227
I250820 21:30:50.586283 408 3@kv/kvserver/store.go:3801 ⋮ [T1,Vsystem,n1,s1] 71 +total |    18   63MB  1.3MB       0 |     - |  16MB |     0     0B |     0     0B |    22   80MB |  63MB |   1  4.9
I250820 21:30:50.586283 408 3@kv/kvserver/store.go:3801 ⋮ [T1,Vsystem,n1,s1] 71 +-------------------------------------------------------------------------------------------------------------------
I250820 21:30:50.586283 408 3@kv/kvserver/store.go:3801 ⋮ [T1,Vsystem,n1,s1] 71 +WAL: 1 files (2.3MB)  in: 2.3MB  written: 16MB (601% overhead)
I250820 21:30:50.586283 408 3@kv/kvserver/store.go:3801 ⋮ [T1,Vsystem,n1,s1] 71 +Flushes: 1
I250820 21:30:50.586283 408 3@kv/kvserver/store.go:3801 ⋮ [T1,Vsystem,n1,s1] 71 +Compactions: 4  estimated debt: 0B  in progress: 0 (0B)
I250820 21:30:50.586283 408 3@kv/kvserver/store.go:3801 ⋮ [T1,Vsystem,n1,s1] 71 +             default: 4  delete: 0  elision: 0  move: 0  read: 0  tombstone-density: 0  rewrite: 0  copy: 0  multi-level: 0
I250820 21:30:50.586283 408 3@kv/kvserver/store.go:3801 ⋮ [T1,Vsystem,n1,s1] 71 +MemTables: 1 (32MB)  zombie: 1 (16MB)
I250820 21:30:50.586283 408 3@kv/kvserver/store.go:3801 ⋮ [T1,Vsystem,n1,s1] 71 +Zombie tables: 0 (0B, local: 0B)
I250820 21:30:50.586283 408 3@kv/kvserver/store.go:3801 ⋮ [T1,Vsystem,n1,s1] 71 +Backing tables: 0 (0B)
I250820 21:30:50.586283 408 3@kv/kvserver/store.go:3801 ⋮ [T1,Vsystem,n1,s1] 71 +Virtual tables: 0 (0B)
I250820 21:30:50.586283 408 3@kv/kvserver/store.go:3801 ⋮ [T1,Vsystem,n1,s1] 71 +Local tables size: 63MB
I250820 21:30:50.586283 408 3@kv/kvserver/store.go:3801 ⋮ [T1,Vsystem,n1,s1] 71 +Compression types: snappy: 18
I250820 21:30:50.586283 408 3@kv/kvserver/store.go:3801 ⋮ [T1,Vsystem,n1,s1] 71 +Block cache: 45 entries (1.5MB)  hit rate: 28.9%
I250820 21:30:50.586283 408 3@kv/kvserver/store.go:3801 ⋮ [T1,Vsystem,n1,s1] 71 +Table cache: 4 entries (3.3KB)  hit rate: 99.0%
I250820 21:30:50.586283 408 3@kv/kvserver/store.go:3801 ⋮ [T1,Vsystem,n1,s1] 71 +Snapshots: 0  earliest seq num: 0
I250820 21:30:50.586283 408 3@kv/kvserver/store.go:3801 ⋮ [T1,Vsystem,n1,s1] 71 +Table iters: 0
I250820 21:30:50.586283 408 3@kv/kvserver/store.go:3801 ⋮ [T1,Vsystem,n1,s1] 71 +Filter utility: 35.4%
I250820 21:30:50.586283 408 3@kv/kvserver/store.go:3801 ⋮ [T1,Vsystem,n1,s1] 71 +Ingestions: 0  as flushable: 0 (0B in 0 tables)
I250820 21:30:50.586283 408 3@kv/kvserver/store.go:3801 ⋮ [T1,Vsystem,n1,s1] 71 +Cgo memory usage: 50MB  block cache: 1.6MB (data: 1.5MB, maps: 16KB, entries: 5.5KB)  memtables: 48MB
I250820 21:34:40.706553 752 3@pebble/event.go:1059 ⋮ [n1,s1,pebble] 72  [JOB 9] WAL created 003306
I250820 21:34:40.709599 7073 3@pebble/event.go:1011 ⋮ [n1,s1,pebble] 73  [JOB 10] flushing 1 memtable (32MB) to L0
I250820 21:34:40.711006 7073 3@pebble/event.go:1039 ⋮ [n1,s1,pebble] 74  [JOB 10] flushing: sstable created 003307
I250820 21:34:40.728324 7073 3@pebble/event.go:1039 ⋮ [n1,s1,pebble] 75  [JOB 10] flushing: sstable created 003308
I250820 21:34:40.736559 7073 3@pebble/event.go:1039 ⋮ [n1,s1,pebble] 76  [JOB 10] flushing: sstable created 003309
I250820 21:34:40.742830 7073 3@pebble/event.go:1039 ⋮ [n1,s1,pebble] 77  [JOB 10] flushing: sstable created 003310
I250820 21:34:40.745983 7073 3@pebble/event.go:1015 ⋮ [n1,s1,pebble] 78  [JOB 10] flushed 1 memtable (32MB) to L0 [003307 003308 003309 003310] (359KB), in 0.0s (0.0s total), output rate 9.9MB/s
I250820 21:34:40.747515 7201 3@pebble/event.go:999 ⋮ [n1,s1,pebble] 79  [JOB 11] compacting(default) L0 [003307] (224KB) Score=1.01 + L6 [003289 003290 003293 003295 003297] (18MB) Score=0.99; OverlappingRatio: Single 81.58, Multi 0.00
I250820 21:34:40.750842 7201 3@pebble/event.go:1039 ⋮ [n1,s1,pebble] 80  [JOB 11] compacting: sstable created 003311
I250820 21:34:40.860607 7201 3@pebble/event.go:1039 ⋮ [n1,s1,pebble] 81  [JOB 11] compacting: sstable created 003312
I250820 21:34:41.046358 7201 3@pebble/event.go:1039 ⋮ [n1,s1,pebble] 82  [JOB 11] compacting: sstable created 003313
I250820 21:34:41.229016 7201 3@pebble/event.go:1039 ⋮ [n1,s1,pebble] 83  [JOB 11] compacting: sstable created 003314
I250820 21:34:41.373953 7201 3@pebble/event.go:1039 ⋮ [n1,s1,pebble] 84  [JOB 11] compacting: sstable created 003315
I250820 21:34:41.430220 7201 3@pebble/event.go:1003 ⋮ [n1,s1,pebble] 85  [JOB 11] compacted(default) L0 [003307] (224KB) Score=1.01 + L6 [003289 003290 003293 003295 003297] (18MB) Score=0.99 -> L6 [003311 003312 003313 003314 003315] (18MB), in 0.7s (0.7s total), output rate 26MB/s
I250820 21:34:41.431567 6771 3@pebble/event.go:999 ⋮ [n1,s1,pebble] 86  [JOB 13] compacting(default) L0 [003308] (57KB) Score=1.01 + L6 [003288 003291 003292 003294 003296] (18MB) Score=0.99; OverlappingRatio: Single 313.86, Multi 0.00
I250820 21:34:41.432150 77 3@pebble/event.go:1043 ⋮ [n1,s1,pebble] 87  [JOB 11] sstable deleted 003289
I250820 21:34:41.432895 77 3@pebble/event.go:1043 ⋮ [n1,s1,pebble] 88  [JOB 11] sstable deleted 003290
I250820 21:34:41.433303 77 3@pebble/event.go:1043 ⋮ [n1,s1,pebble] 89  [JOB 11] sstable deleted 003293
I250820 21:34:41.433819 77 3@pebble/event.go:1043 ⋮ [n1,s1,pebble] 90  [JOB 11] sstable deleted 003295
I250820 21:34:41.434131 77 3@pebble/event.go:1043 ⋮ [n1,s1,pebble] 91  [JOB 11] sstable deleted 003297
I250820 21:34:41.434280 77 3@pebble/event.go:1043 ⋮ [n1,s1,pebble] 92  [JOB 11] sstable deleted 003307
I250820 21:34:41.435281 6771 3@pebble/event.go:1039 ⋮ [n1,s1,pebble] 93  [JOB 13] compacting: sstable created 003316
I250820 21:34:41.558164 6771 3@pebble/event.go:1039 ⋮ [n1,s1,pebble] 94  [JOB 13] compacting: sstable created 003317
I250820 21:34:41.656120 6771 3@pebble/event.go:1039 ⋮ [n1,s1,pebble] 95  [JOB 13] compacting: sstable created 003318
I250820 21:34:41.764205 6771 3@pebble/event.go:1039 ⋮ [n1,s1,pebble] 96  [JOB 13] compacting: sstable created 003319
I250820 21:34:41.861086 6771 3@pebble/event.go:1039 ⋮ [n1,s1,pebble] 97  [JOB 13] compacting: sstable created 003320
I250820 21:34:41.896386 6771 3@pebble/event.go:1003 ⋮ [n1,s1,pebble] 98  [JOB 13] compacted(default) L0 [003308] (57KB) Score=1.01 + L6 [003288 003291 003292 003294 003296] (18MB) Score=0.99 -> L6 [003316 003317 003318 003319 003320] (18MB), in 0.5s (0.5s total), output rate 38MB/s
I250820 21:34:41.896636 5500 3@pebble/event.go:999 ⋮ [n1,s1,pebble] 99  [JOB 14] compacting(default) L0 [003309] (52KB) Score=1.01 + L6 [003298 003299 003300 003301 003302] (17MB) Score=0.99; OverlappingRatio: Single 343.49, Multi 0.00
I250820 21:34:41.898148 77 3@pebble/event.go:1043 ⋮ [n1,s1,pebble] 100  [JOB 13] sstable deleted 003288
I250820 21:34:41.898426 77 3@pebble/event.go:1043 ⋮ [n1,s1,pebble] 101  [JOB 13] sstable deleted 003291
I250820 21:34:41.898695 77 3@pebble/event.go:1043 ⋮ [n1,s1,pebble] 102  [JOB 13] sstable deleted 003292
I250820 21:34:41.898939 77 3@pebble/event.go:1043 ⋮ [n1,s1,pebble] 103  [JOB 13] sstable deleted 003294
I250820 21:34:41.899109 77 3@pebble/event.go:1043 ⋮ [n1,s1,pebble] 104  [JOB 13] sstable deleted 003296
I250820 21:34:41.899243 77 3@pebble/event.go:1043 ⋮ [n1,s1,pebble] 105  [JOB 13] sstable deleted 003308
I250820 21:34:41.900023 5500 3@pebble/event.go:1039 ⋮ [n1,s1,pebble] 106  [JOB 14] compacting: sstable created 003321
I250820 21:34:42.009842 5500 3@pebble/event.go:1039 ⋮ [n1,s1,pebble] 107  [JOB 14] compacting: sstable created 003322
I250820 21:34:42.097161 5500 3@pebble/event.go:1039 ⋮ [n1,s1,pebble] 108  [JOB 14] compacting: sstable created 003323
I250820 21:34:42.177807 5500 3@pebble/event.go:1039 ⋮ [n1,s1,pebble] 109  [JOB 14] compacting: sstable created 003324
I250820 21:34:42.232438 5500 3@pebble/event.go:1039 ⋮ [n1,s1,pebble] 110  [JOB 14] compacting: sstable created 003325
I250820 21:34:42.256281 5500 3@pebble/event.go:1003 ⋮ [n1,s1,pebble] 111  [JOB 14] compacted(default) L0 [003309] (52KB) Score=1.01 + L6 [003298 003299 003300 003301 003302] (17MB) Score=0.99 -> L6 [003321 003322 003323 003324 003325] (17MB), in 0.4s (0.4s total), output rate 48MB/s
I250820 21:34:42.256554 6776 3@pebble/event.go:999 ⋮ [n1,s1,pebble] 112  [JOB 15] compacting(default) L0 [003310] (26KB) Score=1.01 + L6 [003303 003304 003305] (10MB) Score=0.99; OverlappingRatio: Single 407.62, Multi 0.00
I250820 21:34:42.257099 77 3@pebble/event.go:1043 ⋮ [n1,s1,pebble] 113  [JOB 14] sstable deleted 003298
I250820 21:34:42.257522 77 3@pebble/event.go:1043 ⋮ [n1,s1,pebble] 114  [JOB 14] sstable deleted 003299
I250820 21:34:42.257820 77 3@pebble/event.go:1043 ⋮ [n1,s1,pebble] 115  [JOB 14] sstable deleted 003300
I250820 21:34:42.258004 6776 3@pebble/event.go:1039 ⋮ [n1,s1,pebble] 116  [JOB 15] compacting: sstable created 003326
I250820 21:34:42.258245 77 3@pebble/event.go:1043 ⋮ [n1,s1,pebble] 117  [JOB 14] sstable deleted 003301
I250820 21:34:42.258772 77 3@pebble/event.go:1043 ⋮ [n1,s1,pebble] 118  [JOB 14] sstable deleted 003302
I250820 21:34:42.259008 77 3@pebble/event.go:1043 ⋮ [n1,s1,pebble] 119  [JOB 14] sstable deleted 003309
I250820 21:34:42.353087 6776 3@pebble/event.go:1039 ⋮ [n1,s1,pebble] 120  [JOB 15] compacting: sstable created 003327
I250820 21:34:42.428581 6776 3@pebble/event.go:1039 ⋮ [n1,s1,pebble] 121  [JOB 15] compacting: sstable created 003328
I250820 21:34:42.472225 6776 3@pebble/event.go:1003 ⋮ [n1,s1,pebble] 122  [JOB 15] compacted(default) L0 [003310] (26KB) Score=1.01 + L6 [003303 003304 003305] (10MB) Score=0.99 -> L6 [003326 003327 003328] (10MB), in 0.2s (0.2s total), output rate 48MB/s
I250820 21:34:42.473131 77 3@pebble/event.go:1043 ⋮ [n1,s1,pebble] 123  [JOB 15] sstable deleted 003303
I250820 21:34:42.473446 77 3@pebble/event.go:1043 ⋮ [n1,s1,pebble] 124  [JOB 15] sstable deleted 003304
I250820 21:34:42.473746 77 3@pebble/event.go:1043 ⋮ [n1,s1,pebble] 125  [JOB 15] sstable deleted 003305
I250820 21:34:42.473932 77 3@pebble/event.go:1043 ⋮ [n1,s1,pebble] 126  [JOB 15] sstable deleted 003310
I250820 21:40:50.650797 408 3@kv/kvserver/store.go:3801 ⋮ [T1,Vsystem,n1,s1] 127  Pebble metrics:
I250820 21:40:50.650797 408 3@kv/kvserver/store.go:3801 ⋮ [T1,Vsystem,n1,s1] 127 +      |                             |       |       |   ingested   |     moved    |    written   |       |    amp
I250820 21:40:50.650797 408 3@kv/kvserver/store.go:3801 ⋮ [T1,Vsystem,n1,s1] 127 +level | tables  size val-bl vtables | score |   in  | tables  size | tables  size | tables  size |  read |   r   w
I250820 21:40:50.650797 408 3@kv/kvserver/store.go:3801 ⋮ [T1,Vsystem,n1,s1] 127 +------+-----------------------------+-------+-------+--------------+--------------+--------------+-------+---------
I250820 21:40:50.650797 408 3@kv/kvserver/store.go:3801 ⋮ [T1,Vsystem,n1,s1] 127 +    0 |     0     0B     0B       0 |  0.00 |  43MB |     0     0B |     0     0B |     8  643KB |    0B |   0  0.0
I250820 21:40:50.650797 408 3@kv/kvserver/store.go:3801 ⋮ [T1,Vsystem,n1,s1] 127 +    1 |     0     0B     0B       0 |  0.00 |    0B |     0     0B |     0     0B |     0     0B |    0B |   0  0.0
I250820 21:40:50.650797 408 3@kv/kvserver/store.go:3801 ⋮ [T1,Vsystem,n1,s1] 127 +    2 |     0     0B     0B       0 |  0.00 |    0B |     0     0B |     0     0B |     0     0B |    0B |   0  0.0
I250820 21:40:50.650797 408 3@kv/kvserver/store.go:3801 ⋮ [T1,Vsystem,n1,s1] 127 +    3 |     0     0B     0B       0 |  0.00 |    0B |     0     0B |     0     0B |     0     0B |    0B |   0  0.0
I250820 21:40:50.650797 408 3@kv/kvserver/store.go:3801 ⋮ [T1,Vsystem,n1,s1] 127 +    4 |     0     0B     0B       0 |  0.00 |    0B |     0     0B |     0     0B |     0     0B |    0B |   0  0.0
I250820 21:40:50.650797 408 3@kv/kvserver/store.go:3801 ⋮ [T1,Vsystem,n1,s1] 127 +    5 |     0     0B     0B       0 |  0.00 |    0B |     0     0B |     0     0B |     0     0B |    0B |   0  0.0
I250820 21:40:50.650797 408 3@kv/kvserver/store.go:3801 ⋮ [T1,Vsystem,n1,s1] 127 +    6 |    18   63MB  1.3MB       0 |     - | 643KB |     0     0B |     0     0B |    36  126MB | 127MB |   1  201
I250820 21:40:50.650797 408 3@kv/kvserver/store.go:3801 ⋮ [T1,Vsystem,n1,s1] 127 +total |    18   63MB  1.3MB       0 |     - |  85MB |     0     0B |     0     0B |    44  212MB | 127MB |   1  2.5
I250820 21:40:50.650797 408 3@kv/kvserver/store.go:3801 ⋮ [T1,Vsystem,n1,s1] 127 +-------------------------------------------------------------------------------------------------------------------
I250820 21:40:50.650797 408 3@kv/kvserver/store.go:3801 ⋮ [T1,Vsystem,n1,s1] 127 +WAL: 1 files (42MB)  in: 70MB  written: 85MB (20% overhead)
I250820 21:40:50.650797 408 3@kv/kvserver/store.go:3801 ⋮ [T1,Vsystem,n1,s1] 127 +Flushes: 2
I250820 21:40:50.650797 408 3@kv/kvserver/store.go:3801 ⋮ [T1,Vsystem,n1,s1] 127 +Compactions: 8  estimated debt: 0B  in progress: 0 (0B)
I250820 21:40:50.650797 408 3@kv/kvserver/store.go:3801 ⋮ [T1,Vsystem,n1,s1] 127 +             default: 8  delete: 0  elision: 0  move: 0  read: 0  tombstone-density: 0  rewrite: 0  copy: 0  multi-level: 0
I250820 21:40:50.650797 408 3@kv/kvserver/store.go:3801 ⋮ [T1,Vsystem,n1,s1] 127 +MemTables: 1 (64MB)  zombie: 1 (32MB)
I250820 21:40:50.650797 408 3@kv/kvserver/store.go:3801 ⋮ [T1,Vsystem,n1,s1] 127 +Zombie tables: 0 (0B, local: 0B)
I250820 21:40:50.650797 408 3@kv/kvserver/store.go:3801 ⋮ [T1,Vsystem,n1,s1] 127 +Backing tables: 0 (0B)
I250820 21:40:50.650797 408 3@kv/kvserver/store.go:3801 ⋮ [T1,Vsystem,n1,s1] 127 +Virtual tables: 0 (0B)
I250820 21:40:50.650797 408 3@kv/kvserver/store.go:3801 ⋮ [T1,Vsystem,n1,s1] 127 +Local tables size: 63MB
I250820 21:40:50.650797 408 3@kv/kvserver/store.go:3801 ⋮ [T1,Vsystem,n1,s1] 127 +Compression types: snappy: 18
I250820 21:40:50.650797 408 3@kv/kvserver/store.go:3801 ⋮ [T1,Vsystem,n1,s1] 127 +Block cache: 483 entries (15MB)  hit rate: 54.1%
I250820 21:40:50.650797 408 3@kv/kvserver/store.go:3801 ⋮ [T1,Vsystem,n1,s1] 127 +Table cache: 4 entries (3.3KB)  hit rate: 99.7%
I250820 21:40:50.650797 408 3@kv/kvserver/store.go:3801 ⋮ [T1,Vsystem,n1,s1] 127 +Snapshots: 0  earliest seq num: 0
I250820 21:40:50.650797 408 3@kv/kvserver/store.go:3801 ⋮ [T1,Vsystem,n1,s1] 127 +Table iters: 0
I250820 21:40:50.650797 408 3@kv/kvserver/store.go:3801 ⋮ [T1,Vsystem,n1,s1] 127 +Filter utility: 36.5%
I250820 21:40:50.650797 408 3@kv/kvserver/store.go:3801 ⋮ [T1,Vsystem,n1,s1] 127 +Ingestions: 0  as flushable: 0 (0B in 0 tables)
I250820 21:40:50.650797 408 3@kv/kvserver/store.go:3801 ⋮ [T1,Vsystem,n1,s1] 127 +Cgo memory usage: 111MB  block cache: 15MB (data: 15MB, maps: 41KB, entries: 38KB)  memtables: 96MB
I250820 21:43:00.745703 756 3@pebble/event.go:1059 ⋮ [n1,s1,pebble] 128  [JOB 16] WAL created 003329 (recycled 003286)
I250820 21:43:00.761972 16516 3@pebble/event.go:1011 ⋮ [n1,s1,pebble] 129  [JOB 17] flushing 1 memtable (63MB) to L0
I250820 21:43:00.763428 16516 3@pebble/event.go:1039 ⋮ [n1,s1,pebble] 130  [JOB 17] flushing: sstable created 003330
I250820 21:43:00.797947 16516 3@pebble/event.go:1039 ⋮ [n1,s1,pebble] 131  [JOB 17] flushing: sstable created 003331
I250820 21:43:00.814078 16516 3@pebble/event.go:1039 ⋮ [n1,s1,pebble] 132  [JOB 17] flushing: sstable created 003332
I250820 21:43:00.826281 16516 3@pebble/event.go:1039 ⋮ [n1,s1,pebble] 133  [JOB 17] flushing: sstable created 003333
I250820 21:43:00.832666 16516 3@pebble/event.go:1015 ⋮ [n1,s1,pebble] 134  [JOB 17] flushed 1 memtable (63MB) to L0 [003330 003331 003332 003333] (598KB), in 0.1s (0.1s total), output rate 8.3MB/s
I250820 21:43:00.832795 16490 3@pebble/event.go:999 ⋮ [n1,s1,pebble] 135  [JOB 18] compacting(default) L0 [003330] (266KB) Score=1.01 + L6 [003311 003312 003313 003314 003315] (18MB) Score=0.99; OverlappingRatio: Single 68.92, Multi 0.00
I250820 21:43:00.835364 16490 3@pebble/event.go:1039 ⋮ [n1,s1,pebble] 136  [JOB 18] compacting: sstable created 003334
I250820 21:43:00.959028 16490 3@pebble/event.go:1039 ⋮ [n1,s1,pebble] 137  [JOB 18] compacting: sstable created 003335
I250820 21:43:01.138363 16490 3@pebble/event.go:1039 ⋮ [n1,s1,pebble] 138  [JOB 18] compacting: sstable created 003336
I250820 21:43:01.283223 16490 3@pebble/event.go:1039 ⋮ [n1,s1,pebble] 139  [JOB 18] compacting: sstable created 003337
I250820 21:43:01.446303 16490 3@pebble/event.go:1039 ⋮ [n1,s1,pebble] 140  [JOB 18] compacting: sstable created 003338
I250820 21:43:01.510966 16490 3@pebble/event.go:1003 ⋮ [n1,s1,pebble] 141  [JOB 18] compacted(default) L0 [003330] (266KB) Score=1.01 + L6 [003311 003312 003313 003314 003315] (18MB) Score=0.99 -> L6 [003334 003335 003336 003337 003338] (18MB), in 0.7s (0.7s total), output rate 26MB/s
I250820 21:43:01.511336 16460 3@pebble/event.go:999 ⋮ [n1,s1,pebble] 142  [JOB 20] compacting(default) L0 [003331] (87KB) Score=1.01 + L6 [003316 003317 003318 003319 003320] (18MB) Score=0.99; OverlappingRatio: Single 206.16, Multi 0.00
I250820 21:43:01.513048 77 3@pebble/event.go:1043 ⋮ [n1,s1,pebble] 143  [JOB 18] sstable deleted 003311
I250820 21:43:01.513444 77 3@pebble/event.go:1043 ⋮ [n1,s1,pebble] 144  [JOB 18] sstable deleted 003312
I250820 21:43:01.513924 77 3@pebble/event.go:1043 ⋮ [n1,s1,pebble] 145  [JOB 18] sstable deleted 003313
I250820 21:43:01.514572 77 3@pebble/event.go:1043 ⋮ [n1,s1,pebble] 146  [JOB 18] sstable deleted 003314
I250820 21:43:01.514623 16460 3@pebble/event.go:1039 ⋮ [n1,s1,pebble] 147  [JOB 20] compacting: sstable created 003339
I250820 21:43:01.514782 77 3@pebble/event.go:1043 ⋮ [n1,s1,pebble] 148  [JOB 18] sstable deleted 003315
I250820 21:43:01.515128 77 3@pebble/event.go:1043 ⋮ [n1,s1,pebble] 149  [JOB 18] sstable deleted 003330
I250820 21:43:01.647795 16460 3@pebble/event.go:1039 ⋮ [n1,s1,pebble] 150  [JOB 20] compacting: sstable created 003340
I250820 21:43:01.751616 16460 3@pebble/event.go:1039 ⋮ [n1,s1,pebble] 151  [JOB 20] compacting: sstable created 003341
I250820 21:43:01.849120 16460 3@pebble/event.go:1039 ⋮ [n1,s1,pebble] 152  [JOB 20] compacting: sstable created 003342
I250820 21:43:01.939333 16460 3@pebble/event.go:1039 ⋮ [n1,s1,pebble] 153  [JOB 20] compacting: sstable created 003343
I250820 21:43:01.969038 16460 3@pebble/event.go:1003 ⋮ [n1,s1,pebble] 154  [JOB 20] compacted(default) L0 [003331] (87KB) Score=1.01 + L6 [003316 003317 003318 003319 003320] (18MB) Score=0.99 -> L6 [003339 003340 003341 003342 003343] (18MB), in 0.5s (0.5s total), output rate 38MB/s
I250820 21:43:01.969340 16504 3@pebble/event.go:999 ⋮ [n1,s1,pebble] 155  [JOB 21] compacting(default) L0 [003332] (84KB) Score=1.01 + L6 [003321 003322 003323 003324 003325] (17MB) Score=0.99; OverlappingRatio: Single 211.70, Multi 0.00
I250820 21:43:01.969793 77 3@pebble/event.go:1043 ⋮ [n1,s1,pebble] 156  [JOB 20] sstable deleted 003316
I250820 21:43:01.970130 77 3@pebble/event.go:1043 ⋮ [n1,s1,pebble] 157  [JOB 20] sstable deleted 003317
I250820 21:43:01.970474 77 3@pebble/event.go:1043 ⋮ [n1,s1,pebble] 158  [JOB 20] sstable deleted 003318
I250820 21:43:01.970823 77 3@pebble/event.go:1043 ⋮ [n1,s1,pebble] 159  [JOB 20] sstable deleted 003319
I250820 21:43:01.971090 77 3@pebble/event.go:1043 ⋮ [n1,s1,pebble] 160  [JOB 20] sstable deleted 003320
I250820 21:43:01.971293 77 3@pebble/event.go:1043 ⋮ [n1,s1,pebble] 161  [JOB 20] sstable deleted 003331
I250820 21:43:01.972263 16504 3@pebble/event.go:1039 ⋮ [n1,s1,pebble] 162  [JOB 21] compacting: sstable created 003344
I250820 21:43:02.077631 16504 3@pebble/event.go:1039 ⋮ [n1,s1,pebble] 163  [JOB 21] compacting: sstable created 003345
I250820 21:43:02.168970 16504 3@pebble/event.go:1039 ⋮ [n1,s1,pebble] 164  [JOB 21] compacting: sstable created 003346
I250820 21:43:02.254090 16504 3@pebble/event.go:1039 ⋮ [n1,s1,pebble] 165  [JOB 21] compacting: sstable created 003347
I250820 21:43:02.311489 16504 3@pebble/event.go:1039 ⋮ [n1,s1,pebble] 166  [JOB 21] compacting: sstable created 003348
I250820 21:43:02.337228 16504 3@pebble/event.go:1003 ⋮ [n1,s1,pebble] 167  [JOB 21] compacted(default) L0 [003332] (84KB) Score=1.01 + L6 [003321 003322 003323 003324 003325] (17MB) Score=0.99 -> L6 [003344 003345 003346 003347 003348] (18MB), in 0.4s (0.4s total), output rate 48MB/s
I250820 21:43:02.337634 16534 3@pebble/event.go:999 ⋮ [n1,s1,pebble] 168  [JOB 22] compacting(default) L0 [003333] (161KB) Score=1.01 + L6 [003326 003327 003328] (10MB) Score=0.99; OverlappingRatio: Single 66.55, Multi 0.00
I250820 21:43:02.338869 16534 3@pebble/event.go:1039 ⋮ [n1,s1,pebble] 169  [JOB 22] compacting: sstable created 003349
I250820 21:43:02.338892 77 3@pebble/event.go:1043 ⋮ [n1,s1,pebble] 170  [JOB 21] sstable deleted 003321
I250820 21:43:02.339589 77 3@pebble/event.go:1043 ⋮ [n1,s1,pebble] 171  [JOB 21] sstable deleted 003322
I250820 21:43:02.340087 77 3@pebble/event.go:1043 ⋮ [n1,s1,pebble] 172  [JOB 21] sstable deleted 003323
I250820 21:43:02.340383 77 3@pebble/event.go:1043 ⋮ [n1,s1,pebble] 173  [JOB 21] sstable deleted 003324
I250820 21:43:02.340561 77 3@pebble/event.go:1043 ⋮ [n1,s1,pebble] 174  [JOB 21] sstable deleted 003325
I250820 21:43:02.340734 77 3@pebble/event.go:1043 ⋮ [n1,s1,pebble] 175  [JOB 21] sstable deleted 003332
I250820 21:43:02.425313 16534 3@pebble/event.go:1039 ⋮ [n1,s1,pebble] 176  [JOB 22] compacting: sstable created 003350
I250820 21:43:02.502705 16534 3@pebble/event.go:1039 ⋮ [n1,s1,pebble] 177  [JOB 22] compacting: sstable created 003351
I250820 21:43:02.531645 16534 3@pebble/event.go:1003 ⋮ [n1,s1,pebble] 178  [JOB 22] compacted(default) L0 [003333] (161KB) Score=1.01 + L6 [003326 003327 003328] (10MB) Score=0.99 -> L6 [003349 003350 003351] (9.9MB), in 0.2s (0.2s total), output rate 51MB/s
I250820 21:43:02.532192 77 3@pebble/event.go:1043 ⋮ [n1,s1,pebble] 179  [JOB 22] sstable deleted 003326
I250820 21:43:02.532452 77 3@pebble/event.go:1043 ⋮ [n1,s1,pebble] 180  [JOB 22] sstable deleted 003327
I250820 21:43:02.532668 77 3@pebble/event.go:1043 ⋮ [n1,s1,pebble] 181  [JOB 22] sstable deleted 003328
I250820 21:43:02.532832 77 3@pebble/event.go:1043 ⋮ [n1,s1,pebble] 182  [JOB 22] sstable deleted 003333
I250820 21:50:50.650221 408 3@kv/kvserver/store.go:3801 ⋮ [T1,Vsystem,n1,s1] 183  Pebble metrics:
I250820 21:50:50.650221 408 3@kv/kvserver/store.go:3801 ⋮ [T1,Vsystem,n1,s1] 183 +      |                             |       |       |   ingested   |     moved    |    written   |       |    amp
I250820 21:50:50.650221 408 3@kv/kvserver/store.go:3801 ⋮ [T1,Vsystem,n1,s1] 183 +level | tables  size val-bl vtables | score |   in  | tables  size | tables  size | tables  size |  read |   r   w
I250820 21:50:50.650221 408 3@kv/kvserver/store.go:3801 ⋮ [T1,Vsystem,n1,s1] 183 +------+-----------------------------+-------+-------+--------------+--------------+--------------+-------+---------
I250820 21:50:50.650221 408 3@kv/kvserver/store.go:3801 ⋮ [T1,Vsystem,n1,s1] 183 +    0 |     0     0B     0B       0 |  0.00 | 100MB |     0     0B |     0     0B |    12  1.2MB |    0B |   0  0.0
I250820 21:50:50.650221 408 3@kv/kvserver/store.go:3801 ⋮ [T1,Vsystem,n1,s1] 183 +    1 |     0     0B     0B       0 |  0.00 |    0B |     0     0B |     0     0B |     0     0B |    0B |   0  0.0
I250820 21:50:50.650221 408 3@kv/kvserver/store.go:3801 ⋮ [T1,Vsystem,n1,s1] 183 +    2 |     0     0B     0B       0 |  0.00 |    0B |     0     0B |     0     0B |     0     0B |    0B |   0  0.0
I250820 21:50:50.650221 408 3@kv/kvserver/store.go:3801 ⋮ [T1,Vsystem,n1,s1] 183 +    3 |     0     0B     0B       0 |  0.00 |    0B |     0     0B |     0     0B |     0     0B |    0B |   0  0.0
I250820 21:50:50.650221 408 3@kv/kvserver/store.go:3801 ⋮ [T1,Vsystem,n1,s1] 183 +    4 |     0     0B     0B       0 |  0.00 |    0B |     0     0B |     0     0B |     0     0B |    0B |   0  0.0
I250820 21:50:50.650221 408 3@kv/kvserver/store.go:3801 ⋮ [T1,Vsystem,n1,s1] 183 +    5 |     0     0B     0B       0 |  0.00 |    0B |     0     0B |     0     0B |     0     0B |    0B |   0  0.0
I250820 21:50:50.650221 408 3@kv/kvserver/store.go:3801 ⋮ [T1,Vsystem,n1,s1] 183 +    6 |    18   63MB  663KB       0 |     - | 1.2MB |     0     0B |     0     0B |    54  189MB | 190MB |   1  156
I250820 21:50:50.650221 408 3@kv/kvserver/store.go:3801 ⋮ [T1,Vsystem,n1,s1] 183 +total |    18   63MB  663KB       0 |     - | 152MB |     0     0B |     0     0B |    66  343MB | 190MB |   1  2.2
I250820 21:50:50.650221 408 3@kv/kvserver/store.go:3801 ⋮ [T1,Vsystem,n1,s1] 183 +-------------------------------------------------------------------------------------------------------------------
I250820 21:50:50.650221 408 3@kv/kvserver/store.go:3801 ⋮ [T1,Vsystem,n1,s1] 183 +WAL: 1 files (52MB)  in: 138MB  written: 152MB (10% overhead)
I250820 21:50:50.650221 408 3@kv/kvserver/store.go:3801 ⋮ [T1,Vsystem,n1,s1] 183 +Flushes: 3
I250820 21:50:50.650221 408 3@kv/kvserver/store.go:3801 ⋮ [T1,Vsystem,n1,s1] 183 +Compactions: 12  estimated debt: 0B  in progress: 0 (0B)
I250820 21:50:50.650221 408 3@kv/kvserver/store.go:3801 ⋮ [T1,Vsystem,n1,s1] 183 +             default: 12  delete: 0  elision: 0  move: 0  read: 0  tombstone-density: 0  rewrite: 0  copy: 0  multi-level: 0
I250820 21:50:50.650221 408 3@kv/kvserver/store.go:3801 ⋮ [T1,Vsystem,n1,s1] 183 +MemTables: 1 (64MB)  zombie: 1 (64MB)
I250820 21:50:50.650221 408 3@kv/kvserver/store.go:3801 ⋮ [T1,Vsystem,n1,s1] 183 +Zombie tables: 0 (0B, local: 0B)
I250820 21:50:50.650221 408 3@kv/kvserver/store.go:3801 ⋮ [T1,Vsystem,n1,s1] 183 +Backing tables: 0 (0B)
I250820 21:50:50.650221 408 3@kv/kvserver/store.go:3801 ⋮ [T1,Vsystem,n1,s1] 183 +Virtual tables: 0 (0B)
I250820 21:50:50.650221 408 3@kv/kvserver/store.go:3801 ⋮ [T1,Vsystem,n1,s1] 183 +Local tables size: 63MB
I250820 21:50:50.650221 408 3@kv/kvserver/store.go:3801 ⋮ [T1,Vsystem,n1,s1] 183 +Compression types: snappy: 18
I250820 21:50:50.650221 408 3@kv/kvserver/store.go:3801 ⋮ [T1,Vsystem,n1,s1] 183 +Block cache: 0 entries (0B)  hit rate: 39.3%
I250820 21:50:50.650221 408 3@kv/kvserver/store.go:3801 ⋮ [T1,Vsystem,n1,s1] 183 +Table cache: 4 entries (3.3KB)  hit rate: 99.7%
I250820 21:50:50.650221 408 3@kv/kvserver/store.go:3801 ⋮ [T1,Vsystem,n1,s1] 183 +Snapshots: 0  earliest seq num: 0
I250820 21:50:50.650221 408 3@kv/kvserver/store.go:3801 ⋮ [T1,Vsystem,n1,s1] 183 +Table iters: 0
I250820 21:50:50.650221 408 3@kv/kvserver/store.go:3801 ⋮ [T1,Vsystem,n1,s1] 183 +Filter utility: 36.6%
I250820 21:50:50.650221 408 3@kv/kvserver/store.go:3801 ⋮ [T1,Vsystem,n1,s1] 183 +Ingestions: 0  as flushable: 0 (0B in 0 tables)
I250820 21:50:50.650221 408 3@kv/kvserver/store.go:3801 ⋮ [T1,Vsystem,n1,s1] 183 +Cgo memory usage: 128MB  block cache: 42KB (data: 0B, maps: 41KB, entries: 800B)  memtables: 128MB
I250820 21:51:30.803606 757 3@pebble/event.go:1059 ⋮ [n1,s1,pebble] 184  [JOB 23] WAL created 003352 (recycled 003306)
I250820 21:51:30.805415 25788 3@pebble/event.go:1011 ⋮ [n1,s1,pebble] 185  [JOB 24] flushing 1 memtable (64MB) to L0
I250820 21:51:30.806362 25788 3@pebble/event.go:1039 ⋮ [n1,s1,pebble] 186  [JOB 24] flushing: sstable created 003353
I250820 21:51:30.866622 25788 3@pebble/event.go:1039 ⋮ [n1,s1,pebble] 187  [JOB 24] flushing: sstable created 003354
I250820 21:51:30.888406 25788 3@pebble/event.go:1039 ⋮ [n1,s1,pebble] 188  [JOB 24] flushing: sstable created 003355
I250820 21:51:30.903398 25788 3@pebble/event.go:1039 ⋮ [n1,s1,pebble] 189  [JOB 24] flushing: sstable created 003356
I250820 21:51:30.907468 25788 3@pebble/event.go:1015 ⋮ [n1,s1,pebble] 190  [JOB 24] flushed 1 memtable (64MB) to L0 [003353 003354 003355 003356] (485KB), in 0.1s (0.1s total), output rate 4.7MB/s
I250820 21:51:30.907639 25812 3@pebble/event.go:999 ⋮ [n1,s1,pebble] 191  [JOB 25] compacting(default) L0 [003353] (274KB) Score=1.02 + L6 [003334 003335 003336 003337 003338] (18MB) Score=0.98; OverlappingRatio: Single 67.01, Multi 0.00
I250820 21:51:30.910330 25812 3@pebble/event.go:1039 ⋮ [n1,s1,pebble] 192  [JOB 25] compacting: sstable created 003357
I250820 21:51:31.048475 25812 3@pebble/event.go:1039 ⋮ [n1,s1,pebble] 193  [JOB 25] compacting: sstable created 003358
I250820 21:51:31.209944 25812 3@pebble/event.go:1039 ⋮ [n1,s1,pebble] 194  [JOB 25] compacting: sstable created 003359
I250820 21:51:31.339795 25812 3@pebble/event.go:1039 ⋮ [n1,s1,pebble] 195  [JOB 25] compacting: sstable created 003360
I250820 21:51:31.475939 25812 3@pebble/event.go:1039 ⋮ [n1,s1,pebble] 196  [JOB 25] compacting: sstable created 003361
I250820 21:51:31.553730 25812 3@pebble/event.go:1003 ⋮ [n1,s1,pebble] 197  [JOB 25] compacted(default) L0 [003353] (274KB) Score=1.02 + L6 [003334 003335 003336 003337 003338] (18MB) Score=0.98 -> L6 [003357 003358 003359 003360 003361] (18MB), in 0.6s (0.6s total), output rate 28MB/s
I250820 21:51:31.554055 25177 3@pebble/event.go:999 ⋮ [n1,s1,pebble] 198  [JOB 27] compacting(default) L0 [003354] (87KB) Score=1.02 + L6 [003339 003340 003341 003342 003343] (18MB) Score=0.98; OverlappingRatio: Single 208.08, Multi 0.00
I250820 21:51:31.554972 77 3@pebble/event.go:1043 ⋮ [n1,s1,pebble] 199  [JOB 25] sstable deleted 003334
I250820 21:51:31.555382 77 3@pebble/event.go:1043 ⋮ [n1,s1,pebble] 200  [JOB 25] sstable deleted 003335
I250820 21:51:31.555840 77 3@pebble/event.go:1043 ⋮ [n1,s1,pebble] 201  [JOB 25] sstable deleted 003336
I250820 21:51:31.556141 77 3@pebble/event.go:1043 ⋮ [n1,s1,pebble] 202  [JOB 25] sstable deleted 003337
I250820 21:51:31.556466 77 3@pebble/event.go:1043 ⋮ [n1,s1,pebble] 203  [JOB 25] sstable deleted 003338
I250820 21:51:31.556740 77 3@pebble/event.go:1043 ⋮ [n1,s1,pebble] 204  [JOB 25] sstable deleted 003353
I250820 21:51:31.557287 25177 3@pebble/event.go:1039 ⋮ [n1,s1,pebble] 205  [JOB 27] compacting: sstable created 003362
I250820 21:51:31.690263 25177 3@pebble/event.go:1039 ⋮ [n1,s1,pebble] 206  [JOB 27] compacting: sstable created 003363
I250820 21:51:31.800427 25177 3@pebble/event.go:1039 ⋮ [n1,s1,pebble] 207  [JOB 27] compacting: sstable created 003364
I250820 21:51:31.907528 25177 3@pebble/event.go:1039 ⋮ [n1,s1,pebble] 208  [JOB 27] compacting: sstable created 003365
I250820 21:51:32.029257 25177 3@pebble/event.go:1039 ⋮ [n1,s1,pebble] 209  [JOB 27] compacting: sstable created 003366
I250820 21:51:32.064741 25177 3@pebble/event.go:1003 ⋮ [n1,s1,pebble] 210  [JOB 27] compacted(default) L0 [003354] (87KB) Score=1.02 + L6 [003339 003340 003341 003342 003343] (18MB) Score=0.98 -> L6 [003362 003363 003364 003365 003366] (18MB), in 0.5s (0.5s total), output rate 35MB/s
I250820 21:51:32.065059 25806 3@pebble/event.go:999 ⋮ [n1,s1,pebble] 211  [JOB 28] compacting(default) L0 [003355] (84KB) Score=1.01 + L6 [003344 003345 003346 003347 003348] (18MB) Score=0.99; OverlappingRatio: Single 212.10, Multi 0.00
I250820 21:51:32.065939 77 3@pebble/event.go:1043 ⋮ [n1,s1,pebble] 212  [JOB 27] sstable deleted 003339
I250820 21:51:32.066467 77 3@pebble/event.go:1043 ⋮ [n1,s1,pebble] 213  [JOB 27] sstable deleted 003340
I250820 21:51:32.066929 77 3@pebble/event.go:1043 ⋮ [n1,s1,pebble] 214  [JOB 27] sstable deleted 003341
I250820 21:51:32.067420 77 3@pebble/event.go:1043 ⋮ [n1,s1,pebble] 215  [JOB 27] sstable deleted 003342
I250820 21:51:32.067626 77 3@pebble/event.go:1043 ⋮ [n1,s1,pebble] 216  [JOB 27] sstable deleted 003343
I250820 21:51:32.067938 77 3@pebble/event.go:1043 ⋮ [n1,s1,pebble] 217  [JOB 27] sstable deleted 003354
I250820 21:51:32.069018 25806 3@pebble/event.go:1039 ⋮ [n1,s1,pebble] 218  [JOB 28] compacting: sstable created 003367
I250820 21:51:32.176327 25806 3@pebble/event.go:1039 ⋮ [n1,s1,pebble] 219  [JOB 28] compacting: sstable created 003368
I250820 21:51:32.273799 25806 3@pebble/event.go:1039 ⋮ [n1,s1,pebble] 220  [JOB 28] compacting: sstable created 003369
I250820 21:51:32.351628 25806 3@pebble/event.go:1039 ⋮ [n1,s1,pebble] 221  [JOB 28] compacting: sstable created 003370
I250820 21:51:32.409362 25806 3@pebble/event.go:1039 ⋮ [n1,s1,pebble] 222  [JOB 28] compacting: sstable created 003371
I250820 21:51:32.434798 25806 3@pebble/event.go:1003 ⋮ [n1,s1,pebble] 223  [JOB 28] compacted(default) L0 [003355] (84KB) Score=1.01 + L6 [003344 003345 003346 003347 003348] (18MB) Score=0.99 -> L6 [003367 003368 003369 003370 003371] (18MB), in 0.4s (0.4s total), output rate 47MB/s
I250820 21:51:32.435196 25859 3@pebble/event.go:999 ⋮ [n1,s1,pebble] 224  [JOB 29] compacting(default) L0 [003356] (40KB) Score=1.01 + L6 [003349 003350 003351] (9.9MB) Score=0.99; OverlappingRatio: Single 249.76, Multi 0.00
I250820 21:51:32.435891 77 3@pebble/event.go:1043 ⋮ [n1,s1,pebble] 225  [JOB 28] sstable deleted 003344
I250820 21:51:32.436298 77 3@pebble/event.go:1043 ⋮ [n1,s1,pebble] 226  [JOB 28] sstable deleted 003345
I250820 21:51:32.436883 77 3@pebble/event.go:1043 ⋮ [n1,s1,pebble] 227  [JOB 28] sstable deleted 003346
I250820 21:51:32.437632 77 3@pebble/event.go:1043 ⋮ [n1,s1,pebble] 228  [JOB 28] sstable deleted 003347
I250820 21:51:32.438084 25859 3@pebble/event.go:1039 ⋮ [n1,s1,pebble] 229  [JOB 29] compacting: sstable created 003372
I250820 21:51:32.438516 77 3@pebble/event.go:1043 ⋮ [n1,s1,pebble] 230  [JOB 28] sstable deleted 003348
I250820 21:51:32.438834 77 3@pebble/event.go:1043 ⋮ [n1,s1,pebble] 231  [JOB 28] sstable deleted 003355
I250820 21:51:32.541346 25859 3@pebble/event.go:1039 ⋮ [n1,s1,pebble] 232  [JOB 29] compacting: sstable created 003373
I250820 21:51:32.613740 25859 3@pebble/event.go:1039 ⋮ [n1,s1,pebble] 233  [JOB 29] compacting: sstable created 003374
I250820 21:51:32.645173 25859 3@pebble/event.go:1003 ⋮ [n1,s1,pebble] 234  [JOB 29] compacted(default) L0 [003356] (40KB) Score=1.01 + L6 [003349 003350 003351] (9.9MB) Score=0.99 -> L6 [003372 003373 003374] (9.9MB), in 0.2s (0.2s total), output rate 47MB/s
I250820 21:51:32.645774 77 3@pebble/event.go:1043 ⋮ [n1,s1,pebble] 235  [JOB 29] sstable deleted 003349
I250820 21:51:32.646050 77 3@pebble/event.go:1043 ⋮ [n1,s1,pebble] 236  [JOB 29] sstable deleted 003350
I250820 21:51:32.646281 77 3@pebble/event.go:1043 ⋮ [n1,s1,pebble] 237  [JOB 29] sstable deleted 003351
I250820 21:51:32.646448 77 3@pebble/event.go:1043 ⋮ [n1,s1,pebble] 238  [JOB 29] sstable deleted 003356
