I250824 14:21:45.565147 1 util/log/file_sync_buffer.go:237 ⋮ [config]   file created at: 2025/08/24 14:21:45
I250824 14:21:45.565177 1 util/log/file_sync_buffer.go:237 ⋮ [config]   running on machine: ‹add5224875b7›
I250824 14:21:45.565211 1 util/log/file_sync_buffer.go:237 ⋮ [config]   binary: CockroachDB CCL v25.2.0 (aarch64-unknown-linux-gnu, built 2025/05/15 21:07:42, go1.23.7 X:nocoverageredesign)
I250824 14:21:45.565232 1 util/log/file_sync_buffer.go:237 ⋮ [config]   arguments: [‹/cockroach/cockroach› ‹start-single-node› ‹--certs-dir=certs› ‹--advertise-addr=127.0.0.1:26257› ‹--insecure› ‹--http-addr=0.0.0.0:8080›]
I250824 14:21:45.565252 1 util/log/file_sync_buffer.go:237 ⋮ [config]   log format (utf8=✓): crdb-v2
I250824 14:21:45.565258 1 util/log/file_sync_buffer.go:237 ⋮ [config]   line format: [IWEF]yymmdd hh:mm:ss.uuuuuu goid [chan@]file:line redactionmark \[tags\] [counter] msg
W250824 14:21:45.542706 1 1@cli/start.go:1438 ⋮ [n?] 1  ALL SECURITY CONTROLS HAVE BEEN DISABLED!
W250824 14:21:45.542706 1 1@cli/start.go:1438 ⋮ [n?] 1 +
W250824 14:21:45.542706 1 1@cli/start.go:1438 ⋮ [n?] 1 +This mode is intended for non-production testing only.
W250824 14:21:45.542706 1 1@cli/start.go:1438 ⋮ [n?] 1 +
W250824 14:21:45.542706 1 1@cli/start.go:1438 ⋮ [n?] 1 +In this mode:
W250824 14:21:45.542706 1 1@cli/start.go:1438 ⋮ [n?] 1 +- Your cluster is open to any client that can access ‹any of your IP addresses›.
W250824 14:21:45.542706 1 1@cli/start.go:1438 ⋮ [n?] 1 +- Intruders with access to your machine or network can observe client-server traffic.
W250824 14:21:45.542706 1 1@cli/start.go:1438 ⋮ [n?] 1 +- Intruders can log in without password and read or write any data in the cluster.
W250824 14:21:45.542706 1 1@cli/start.go:1438 ⋮ [n?] 1 +- Intruders can consume all your server's resources and cause unavailability.
I250824 14:21:45.586412 1 1@cli/start.go:1448 ⋮ [n?] 2  To start a secure server without mandating TLS for clients,
I250824 14:21:45.586412 1 1@cli/start.go:1448 ⋮ [n?] 2 +consider --accept-sql-without-tls instead. For other options, see:
I250824 14:21:45.586412 1 1@cli/start.go:1448 ⋮ [n?] 2 +
I250824 14:21:45.586412 1 1@cli/start.go:1448 ⋮ [n?] 2 +- https://go.crdb.dev/issue-v/53404/v25.2
I250824 14:21:45.586412 1 1@cli/start.go:1448 ⋮ [n?] 2 +- https://www.cockroachlabs.com/docs/v25.2/secure-a-cluster.html
I250824 14:21:45.589948 1 server/status/recorder.go:856 ⋮ [n?] 3  ‹available memory from cgroups (8.0 EiB) is unsupported, using system memory 12 GiB instead: ›
W250824 14:21:45.592069 1 1@cli/start.go:1360 ⋮ [n?] 4  Using the default setting for --cache (128 MiB).
W250824 14:21:45.592069 1 1@cli/start.go:1360 ⋮ [n?] 4 +  A significantly larger value is usually needed for good performance.
W250824 14:21:45.592069 1 1@cli/start.go:1360 ⋮ [n?] 4 +  If you have a dedicated server a reasonable setting is --cache=.25 (2.9 GiB).
I250824 14:21:45.596158 1 server/status/recorder.go:856 ⋮ [n?] 5  ‹available memory from cgroups (8.0 EiB) is unsupported, using system memory 12 GiB instead: ›
I250824 14:21:45.596200 1 1@cli/start.go:1477 ⋮ [n?] 6  CockroachDB CCL v25.2.0 (aarch64-unknown-linux-gnu, built 2025/05/15 21:07:42, go1.23.7 X:nocoverageredesign)
I250824 14:21:45.601478 1 server/status/recorder.go:856 ⋮ [n?] 7  ‹available memory from cgroups (8.0 EiB) is unsupported, using system memory 12 GiB instead: ›
I250824 14:21:45.601506 1 1@cli/start.go:554 ⋮ [n?] 8  soft memory limit of Go runtime is set to 6.6 GiB
I250824 14:21:45.601533 1 1@cli/start.go:591 ⋮ [n?] 9  GC target percentage of Go runtime is set to 300%
I250824 14:21:45.978299 1 server/status/recorder.go:856 ⋮ [T1,Vsystem,n?] 10  ‹available memory from cgroups (8.0 EiB) is unsupported, using system memory 12 GiB instead: ›
I250824 14:21:45.978399 1 server/config.go:674 ⋮ [T1,Vsystem,n?] 11  system total memory: 12 GiB
I250824 14:21:45.979353 1 server/config.go:676 ⋮ [T1,Vsystem,n?] 12  server configuration:
I250824 14:21:45.979353 1 server/config.go:676 ⋮ [T1,Vsystem,n?] 12 +max offset             500000000
I250824 14:21:45.979353 1 server/config.go:676 ⋮ [T1,Vsystem,n?] 12 +cache size             128 MiB
I250824 14:21:45.979353 1 server/config.go:676 ⋮ [T1,Vsystem,n?] 12 +SQL memory pool size   2.9 GiB
I250824 14:21:45.979353 1 server/config.go:676 ⋮ [T1,Vsystem,n?] 12 +scan interval          10m0s
I250824 14:21:45.979353 1 server/config.go:676 ⋮ [T1,Vsystem,n?] 12 +scan min idle time     10ms
I250824 14:21:45.979353 1 server/config.go:676 ⋮ [T1,Vsystem,n?] 12 +scan max idle time     1s
I250824 14:21:45.979353 1 server/config.go:676 ⋮ [T1,Vsystem,n?] 12 +event log enabled      true
I250824 14:21:45.980792 1 1@cli/start.go:1338 ⋮ [T1,Vsystem,n?] 13  using local environment variables:
I250824 14:21:45.980792 1 1@cli/start.go:1338 ⋮ [T1,Vsystem,n?] 13 +COCKROACH_CHANNEL=official-docker
I250824 14:21:45.981200 1 1@cli/start.go:1345 ⋮ [T1,Vsystem,n?] 14  process identity: uid 0 euid 0 gid 0 egid 0
I250824 14:21:46.126530 1 1@cli/start.go:1500 ⋮ [T1,Vsystem,n?] 15  GEOS loaded from directory ‹/usr/local/lib/cockroach›
I250824 14:21:46.127014 1 1@cli/start.go:777 ⋮ [T1,Vsystem,n?] 16  starting cockroach node
I250824 14:21:47.783684 78 server/config.go:880 ⋮ [T1,Vsystem,n?] 17  1 storage engine initialized
I250824 14:21:47.783909 78 server/config.go:883 ⋮ [T1,Vsystem,n?] 18  Pebble cache size: 128 MiB
I250824 14:21:47.783935 78 server/config.go:883 ⋮ [T1,Vsystem,n?] 19  store 0: max size 0 B, max open file limit 1043576
I250824 14:21:47.783944 78 server/config.go:883 ⋮ [T1,Vsystem,n?] 20  store 0: /cockroach/cockroach-data: rw encrypted=false fs:{bdev=/run/host_mark/Users fstype=fakeowner mountpoint=/cockroach/cockroach-data mountopts=rw,nosuid,nodev,relatime,fakeowner}
I250824 14:21:47.811494 124 util/cidr/cidr.go:299 ⋮ [T1,Vsystem,n?] 21  CIDR lookup updated with 0 destinations
I250824 14:21:47.921126 78 1@server/clock_monotonicity.go:61 ⋮ [T1,Vsystem,n?] 22  monitoring forward clock jumps based on server.clock.forward_jump_check.enabled
I250824 14:21:47.951931 546 1@server/server.go:1802 ⋮ [T1,Vsystem,n1] 23  connecting to gossip network to verify cluster ID "7c4e678d-486f-4806-8e59-dd3b5b489461"
I250824 14:21:47.951925 78 1@server/clock_monotonicity.go:136 ⋮ [T1,Vsystem,n1] 24  Sleeping till wall time 1756045307951919711 to catches up to 1756045308421033545 to ensure monotonicity. Sub: 469.113834ms
W250824 14:21:48.422568 78 1@cli/start.go:1299 ⋮ [T1,Vsystem,n1] 25  Running a server without --sql-addr, with a combined RPC/SQL listener, is deprecated.
W250824 14:21:48.422568 78 1@cli/start.go:1299 ⋮ [T1,Vsystem,n1] 25 +This feature will be removed in a later version of CockroachDB.
W250824 14:21:48.422725 78 1@gossip/gossip.go:1460 ⋮ [T1,Vsystem,n1] 26  no addresses found; use --join to specify a connected node
I250824 14:21:48.434807 565 kv/kvserver/kvstorage/init.go:250 ⋮ [T1,Vsystem,n1,s1] 27  beginning range descriptor iteration
I250824 14:21:48.437726 565 kv/kvserver/kvstorage/init.go:374 ⋮ [T1,Vsystem,n1,s1] 28  range descriptor iteration done: 58 range descriptors, 0 intents, 0 tombstones; stats: ‹seeked 120 times (61 internal); stepped 0 times (0 internal); blocks: 228KB cached, 42KB not cached (read time: 1.030667ms); points: 59 (1.2KB keys, 1.8KB values); separated: 6 (343B, 0B fetched)›
I250824 14:21:48.443432 565 kv/kvserver/kvstorage/init.go:501 ⋮ [T1,Vsystem,n1,s1] 29  loaded replica ID for 58/58 replicas
I250824 14:21:48.444362 565 kv/kvserver/kvstorage/init.go:518 ⋮ [T1,Vsystem,n1,s1] 30  loaded Raft state for 58/58 replicas
I250824 14:21:48.444393 565 kv/kvserver/kvstorage/init.go:545 ⋮ [T1,Vsystem,n1,s1] 31  loaded 58 replicas
I250824 14:21:48.444405 565 kv/kvserver/kvstorage/init.go:576 ⋮ [T1,Vsystem,n1,s1] 32  verified 58/58 replicas
I250824 14:21:48.461913 565 kv/kvserver/store.go:2369 ⋮ [T1,Vsystem,n1,s1] 33  initialized 58/58 replicas
I250824 14:21:48.462874 565 server/node.go:690 ⋮ [T1,Vsystem,n1] 34  initialized store s1 in 38ms (58 replicas)
I250824 14:21:48.463359 546 1@server/server.go:1805 ⋮ [T1,Vsystem,n1] 35  node connected via gossip
I250824 14:21:48.463916 78 kv/kvserver/stores.go:261 ⋮ [T1,Vsystem,n1] 36  read 0 node addresses from persistent storage
I250824 14:21:48.469881 620 kv/kvserver/storeliveness/support_manager.go:285 ⋮ [T1,Vsystem,n1,s1] 37  starting to heartbeat store {NodeID:1 StoreID:1}
I250824 14:21:48.469516 643 kv/kvserver/queue.go:612 ⋮ [T1,Vsystem,n1,s1,r48/1:‹/Table/4{5-6}›,raft] 38  rate limited in MaybeAdd (replicate): throttled on async limiting semaphore
I250824 14:21:48.472078 78 server/node.go:801 ⋮ [T1,Vsystem,n1] 39  started with attributes []
I250824 14:21:48.472292 78 server/goroutinedumper/goroutinedumper.go:117 ⋮ [T1,Vsystem,n1] 40  writing goroutine dumps to ‹/cockroach/cockroach-data/logs/goroutine_dump›
I250824 14:21:48.473580 78 server/profiler/heapprofiler.go:72 ⋮ [T1,Vsystem,n1] 41  writing go heap profiles to ‹/cockroach/cockroach-data/logs/heap_profiler› at least every 1h0m0s
I250824 14:21:48.473681 78 server/profiler/memory_monitoring_profiler.go:66 ⋮ [T1,Vsystem,n1] 42  writing memory monitoring dumps to ‹/cockroach/cockroach-data/logs/heap_profiler› at least every 1h0m0s
I250824 14:21:48.473702 78 server/profiler/cgoprofiler.go:66 ⋮ [T1,Vsystem,n1] 43  to enable jmalloc profiling: "export MALLOC_CONF=prof:true" or "ln -s prof:true /etc/malloc.conf"
I250824 14:21:48.473830 78 server/profiler/statsprofiler.go:68 ⋮ [T1,Vsystem,n1] 44  writing memory stats to ‹/cockroach/cockroach-data/logs/heap_profiler› at last every 1h0m0s
I250824 14:21:48.474367 78 server/profiler/activequeryprofiler.go:88 ⋮ [T1,Vsystem,n1] 45  writing go query profiles to ‹/cockroach/cockroach-data/logs/heap_profiler›
I250824 14:21:48.474412 78 server/profiler/cpuprofiler.go:87 ⋮ [T1,Vsystem,n1] 46  writing cpu profile dumps to ‹/cockroach/cockroach-data/logs/pprof_dump›
I250824 14:21:48.474404 620 kv/kvserver/storeliveness/supporter_state.go:298 ⋮ [T1,Vsystem,n1,s1] 47  provided support for store {NodeID:1 StoreID:1}; old = {Target:{NodeID:1 StoreID:1} Epoch:120 Expiration:1756033064.723086086,0}, new = {Target:{NodeID:1 StoreID:1} Epoch:121 Expiration:1756045311.469943211,0}
I250824 14:21:48.475104 78 1@server/server.go:1999 ⋮ [T1,Vsystem,n1] 48  starting http server at ‹[::]:8080› (use: ‹127.0.0.1:8080›)
I250824 14:21:48.475122 78 1@server/server.go:2007 ⋮ [T1,Vsystem,n1] 49  starting grpc/postgres server at ‹[::]:26257›
I250824 14:21:48.475131 78 1@server/server.go:2008 ⋮ [T1,Vsystem,n1] 50  advertising CockroachDB node at ‹127.0.0.1:26257›
I250824 14:21:48.473185 629 kv/kvserver/queue.go:612 ⋮ [T1,Vsystem,n1,s1,r30/1:‹/Table/2{7-8}›,raft] 51  rate limited in MaybeAdd (merge): throttled on async limiting semaphore
I250824 14:21:48.475622 620 kv/kvserver/storeliveness/requester_state.go:425 ⋮ [T1,Vsystem,n1,s1] 52  received support from store {NodeID:1 StoreID:1}; old = {Target:{NodeID:1 StoreID:1} Epoch:121 Expiration:0,0}, new = {Target:{NodeID:1 StoreID:1} Epoch:121 Expiration:1756045311.469943211,0}
I250824 14:21:48.494550 78 1@util/log/event_log.go:39 ⋮ [T1,Vsystem,n1] 53 ={"Timestamp":1756045308494531461,"EventType":"node_restart","NodeID":1,"StartedAt":1756045308424627336,"LastUp":1756033060433255960}
I250824 14:21:48.495763 849 kv/kvclient/rangefeed/rangefeedcache/watcher.go:340 ⋮ [T1,Vsystem,n1] 54  spanconfig-subscriber: established range feed cache
I250824 14:21:48.496618 915 kv/kvclient/rangefeed/rangefeedcache/watcher.go:340 ⋮ [T1,Vsystem,n1] 55  settings-watcher: established range feed cache
I250824 14:21:48.518227 78 sql/sqlliveness/slinstance/slinstance.go:435 ⋮ [T1,Vsystem,n1] 56  starting SQL liveness instance
I250824 14:21:48.522138 1030 sql/sqlliveness/slstorage/slstorage.go:540 ⋮ [T1,Vsystem,n1] 57  inserted sqlliveness session 01018058fc3c8d346845a58cedeea47cbaee9f with expiry 1756045348.519916753,0
I250824 14:21:48.522193 1030 sql/sqlliveness/slinstance/slinstance.go:247 ⋮ [T1,Vsystem,n1] 58  created new SQL liveness session 01018058fc3c8d346845a58cedeea47cbaee9f
I250824 14:21:48.522221 78 sql/sqlinstance/instancestorage/instancestorage.go:338 ⋮ [T1,Vsystem,n1] 59  assigning instance id to rpc addr ‹127.0.0.1:26257› and sql addr ‹127.0.0.1:26257›
I250824 14:21:48.525441 78 server/server_sql.go:1618 ⋮ [T1,Vsystem,n1] 60  bound sqlinstance: Instance{RegionPrefix: gA==, InstanceID: 1, SQLAddr: ‹127.0.0.1:26257›, RPCAddr: ‹127.0.0.1:26257›, SessionID: 01018058fc3c8d346845a58cedeea47cbaee9f, Locality: , BinaryVersion: 25.2}
I250824 14:21:48.525740 78 upgrade/upgrademanager/manager.go:171 ⋮ [T1,Vsystem,n1] 61  running permanent upgrades up to version: 25.2
I250824 14:21:48.526111 1196 sql/sqlstats/persistedsqlstats/provider.go:159 ⋮ [T1,Vsystem,n1] 62  starting sql-stats-worker with initial delay: 9m59.638614401s
I250824 14:21:48.526810 1193 sql/temporary_schema.go:506 ⋮ [T1,Vsystem,n1] 63  running temporary object cleanup background job
I250824 14:21:48.527618 1225 kv/kvclient/rangefeed/rangefeedcache/watcher.go:340 ⋮ [T1,Vsystem,n1] 64  system-config-cache: established range feed cache
I250824 14:21:48.527767 1239 kv/kvserver/replica_rangefeed.go:882 ⋮ [T1,Vsystem,n1,rangefeed=‹lease›,mux_n=1,gen=2,r6/1:‹/Table/{0-4}›,sm=1,sid=1,s1] 65  RangeFeed closed timestamp 1756026657.782717125,0 is behind by 5h10m50.745045711s (behind=5h10m50.745045711s target=3s nudge=true cancel=false)
I250824 14:21:48.556370 1193 sql/temporary_schema.go:556 ⋮ [T1,Vsystem,n1] 66  found 0 temporary schemas
I250824 14:21:48.556399 1193 sql/temporary_schema.go:559 ⋮ [T1,Vsystem,n1] 67  early exiting temporary schema cleaner as no temporary schemas were found
I250824 14:21:48.556406 1193 sql/temporary_schema.go:560 ⋮ [T1,Vsystem,n1] 68  completed temporary object cleanup job
I250824 14:21:48.556425 1193 sql/temporary_schema.go:641 ⋮ [T1,Vsystem,n1] 69  temporary object cleaner next scheduled to run at 2025-08-24 14:51:48.525949503 +0000 UTC m=+1809.355041921
I250824 14:21:48.613928 78 upgrade/upgrademanager/manager.go:233 ⋮ [T1,Vsystem,n1] 70  detected the last permanent upgrade (v0.0-upgrading-step-004) to have already completed; no permanent upgrades will run
I250824 14:21:48.614001 78 server/server_sql.go:1720 ⋮ [T1,Vsystem,n1] 71  done ensuring all necessary startup migrations have run
I250824 14:21:48.614725 78 server/license/enforcer.go:262 ⋮ [T1,Vsystem,n1] 72  trial license expiry initialized to 1970-01-01 00:00:00 +0000 UTC
I250824 14:21:48.614843 78 server/license/enforcer.go:298 ⋮ [T1,Vsystem,n1] 73  fetched existing cluster init grace period end time: 2025-08-24 14:50:24 +0000 UTC
I250824 14:21:48.614958 78 server/license/enforcer.go:498 ⋮ [T1,Vsystem,n1] 74  enforcer license updated: type is none, grace period ends at "2025-08-24 14:50:24 +0000 UTC", telemetry required: false
I250824 14:21:48.614996 78 server/license/enforcer.go:498 ⋮ [T1,Vsystem,n1] 75  enforcer license updated: type is none, grace period ends at "2025-08-24 14:50:24 +0000 UTC", telemetry required: false
I250824 14:21:48.621764 1433 sql/sqlliveness/slstorage/slstorage.go:391 ⋮ [n1,intExec=expire-sessions] 76  deleted session 01018007192eb82aeb493da6876ad4b1c576c5 which expired at 1756033099.470726793,0
I250824 14:21:48.635242 1495 sql/syntheticprivilegecache/cache.go:202 ⋮ [T1,Vsystem,n1] 77  warmed privileges for virtual tables in 18.673708ms
I250824 14:21:48.674481 1505 kv/kvclient/rangefeed/rangefeedcache/watcher.go:340 ⋮ [T1,Vsystem,n1] 78  tenant-settings-watcher: established range feed cache
I250824 14:21:48.674666 1651 kv/kvclient/rangefeed/rangefeedcache/watcher.go:340 ⋮ [T1,Vsystem,n1] 79  tenant-entry-watcher: established range feed cache
I250824 14:21:48.674705 1497 jobs/job_scheduler.go:407 ⋮ [T1,Vsystem,n1] 80  waiting 4m0s before scheduled jobs daemon start
I250824 14:21:48.675923 1651 multitenant/tenantcapabilities/tenantcapabilitieswatcher/watcher.go:285 ⋮ [T1,Vsystem,n1] 81  received results of a full table scan for tenant capabilities
I250824 14:21:48.682776 78 server/license/enforcer.go:582 ⋮ [T1,Vsystem,n1] 82  disable all license enforcement
I250824 14:21:48.682827 78 1@server/server_sql.go:1971 ⋮ [T1,Vsystem,n1] 83  serving sql connections
I250824 14:21:48.683052 78 1@cli/start.go:1286 ⋮ [T1,Vsystem,n1] 84  node startup completed:
I250824 14:21:48.683052 78 1@cli/start.go:1286 ⋮ [T1,Vsystem,n1] 84 +CockroachDB node starting at 2025-08-24 14:21:48.682869003 +0000 UTC m=+9.511961546 (took 7.7s)
I250824 14:21:48.683052 78 1@cli/start.go:1286 ⋮ [T1,Vsystem,n1] 84 +build:               CCL v25.2.0 @ 2025/05/15 21:07:42 (go1.23.7 X:nocoverageredesign)
I250824 14:21:48.683052 78 1@cli/start.go:1286 ⋮ [T1,Vsystem,n1] 84 +malloc_conf:         prof:false,prof_active:true,background_thread:true,thp:never,metadata_thp:disabled,narenas:48,dirty_decay_ms:2000,muzzy_decay_ms:0
I250824 14:21:48.683052 78 1@cli/start.go:1286 ⋮ [T1,Vsystem,n1] 84 +webui:               ‹http://127.0.0.1:8080›
I250824 14:21:48.683052 78 1@cli/start.go:1286 ⋮ [T1,Vsystem,n1] 84 +sql:                 ‹postgresql://root@127.0.0.1:26257/defaultdb?sslmode=disable›
I250824 14:21:48.683052 78 1@cli/start.go:1286 ⋮ [T1,Vsystem,n1] 84 +sql (JDBC):          ‹jdbc:postgresql://127.0.0.1:26257/defaultdb?sslmode=disable&user=root›
I250824 14:21:48.683052 78 1@cli/start.go:1286 ⋮ [T1,Vsystem,n1] 84 +RPC client flags:    ‹/cockroach/cockroach <client cmd> --host=127.0.0.1:26257 --insecure›
I250824 14:21:48.683052 78 1@cli/start.go:1286 ⋮ [T1,Vsystem,n1] 84 +logs:                ‹/cockroach/cockroach-data/logs›
I250824 14:21:48.683052 78 1@cli/start.go:1286 ⋮ [T1,Vsystem,n1] 84 +temp dir:            ‹/cockroach/cockroach-data/cockroach-temp4269171942›
I250824 14:21:48.683052 78 1@cli/start.go:1286 ⋮ [T1,Vsystem,n1] 84 +external I/O path:   ‹/cockroach/cockroach-data/extern›
I250824 14:21:48.683052 78 1@cli/start.go:1286 ⋮ [T1,Vsystem,n1] 84 +store[0]:            ‹path=/cockroach/cockroach-data›
I250824 14:21:48.683052 78 1@cli/start.go:1286 ⋮ [T1,Vsystem,n1] 84 +clusterID:           7c4e678d-486f-4806-8e59-dd3b5b489461
I250824 14:21:48.683052 78 1@cli/start.go:1286 ⋮ [T1,Vsystem,n1] 84 +status:              restarted pre-existing node
I250824 14:21:48.683052 78 1@cli/start.go:1286 ⋮ [T1,Vsystem,n1] 84 +nodeID:              1
I250824 14:21:48.690564 1503 server/auto_upgrade.go:81 ⋮ [T1,Vsystem,n1] 85  no need to upgrade, cluster already at the newest version
I250824 14:21:48.726577 1722 sql/catalog/lease/lease.go:2467 ⋮ [T1,Vsystem,n1] 86  released orphaned lease: ID=3 ver=1 expiration={0001-01-01 00:00:00 +0000 UTC}
I250824 14:21:48.727055 1724 sql/catalog/lease/lease.go:2467 ⋮ [T1,Vsystem,n1] 87  released orphaned lease: ID=5 ver=1 expiration={0001-01-01 00:00:00 +0000 UTC}
I250824 14:21:48.727076 1725 sql/catalog/lease/lease.go:2467 ⋮ [T1,Vsystem,n1] 88  released orphaned lease: ID=6 ver=1 expiration={0001-01-01 00:00:00 +0000 UTC}
I250824 14:21:48.727092 1723 sql/catalog/lease/lease.go:2467 ⋮ [T1,Vsystem,n1] 89  released orphaned lease: ID=4 ver=1 expiration={0001-01-01 00:00:00 +0000 UTC}
I250824 14:21:48.727109 1721 sql/catalog/lease/lease.go:2467 ⋮ [T1,Vsystem,n1] 90  released orphaned lease: ID=1 ver=1 expiration={0001-01-01 00:00:00 +0000 UTC}
I250824 14:21:48.730453 1732 sql/catalog/lease/lease.go:2467 ⋮ [T1,Vsystem,n1] 91  released orphaned lease: ID=12 ver=1 expiration={0001-01-01 00:00:00 +0000 UTC}
I250824 14:21:48.730459 1728 sql/catalog/lease/lease.go:2467 ⋮ [T1,Vsystem,n1] 92  released orphaned lease: ID=9 ver=1 expiration={0001-01-01 00:00:00 +0000 UTC}
I250824 14:21:48.730882 1726 sql/catalog/lease/lease.go:2467 ⋮ [T1,Vsystem,n1] 93  released orphaned lease: ID=7 ver=1 expiration={0001-01-01 00:00:00 +0000 UTC}
I250824 14:21:48.731202 1731 sql/catalog/lease/lease.go:2467 ⋮ [T1,Vsystem,n1] 94  released orphaned lease: ID=11 ver=1 expiration={0001-01-01 00:00:00 +0000 UTC}
I250824 14:21:48.731244 1727 sql/catalog/lease/lease.go:2467 ⋮ [T1,Vsystem,n1] 95  released orphaned lease: ID=8 ver=1 expiration={0001-01-01 00:00:00 +0000 UTC}
I250824 14:21:48.733627 1748 sql/catalog/lease/lease.go:2467 ⋮ [T1,Vsystem,n1] 96  released orphaned lease: ID=14 ver=1 expiration={0001-01-01 00:00:00 +0000 UTC}
I250824 14:21:48.733923 1747 sql/catalog/lease/lease.go:2467 ⋮ [T1,Vsystem,n1] 97  released orphaned lease: ID=13 ver=1 expiration={0001-01-01 00:00:00 +0000 UTC}
I250824 14:21:48.734078 1749 sql/catalog/lease/lease.go:2467 ⋮ [T1,Vsystem,n1] 98  released orphaned lease: ID=15 ver=1 expiration={0001-01-01 00:00:00 +0000 UTC}
I250824 14:21:48.734174 1751 sql/catalog/lease/lease.go:2467 ⋮ [T1,Vsystem,n1] 99  released orphaned lease: ID=20 ver=1 expiration={0001-01-01 00:00:00 +0000 UTC}
I250824 14:21:48.734255 1750 sql/catalog/lease/lease.go:2467 ⋮ [T1,Vsystem,n1] 100  released orphaned lease: ID=19 ver=1 expiration={0001-01-01 00:00:00 +0000 UTC}
I250824 14:21:48.737040 1543 sql/catalog/lease/lease.go:2467 ⋮ [T1,Vsystem,n1] 101  released orphaned lease: ID=25 ver=1 expiration={0001-01-01 00:00:00 +0000 UTC}
I250824 14:21:48.737708 1540 sql/catalog/lease/lease.go:2467 ⋮ [T1,Vsystem,n1] 102  released orphaned lease: ID=21 ver=1 expiration={0001-01-01 00:00:00 +0000 UTC}
I250824 14:21:48.738069 1541 sql/catalog/lease/lease.go:2467 ⋮ [T1,Vsystem,n1] 103  released orphaned lease: ID=23 ver=1 expiration={0001-01-01 00:00:00 +0000 UTC}
I250824 14:21:48.738377 1542 sql/catalog/lease/lease.go:2467 ⋮ [T1,Vsystem,n1] 104  released orphaned lease: ID=24 ver=1 expiration={0001-01-01 00:00:00 +0000 UTC}
I250824 14:21:48.739254 1619 sql/catalog/lease/lease.go:2467 ⋮ [T1,Vsystem,n1] 105  released orphaned lease: ID=26 ver=1 expiration={0001-01-01 00:00:00 +0000 UTC}
I250824 14:21:48.740001 1620 sql/catalog/lease/lease.go:2467 ⋮ [T1,Vsystem,n1] 106  released orphaned lease: ID=27 ver=1 expiration={0001-01-01 00:00:00 +0000 UTC}
I250824 14:21:48.740482 1622 sql/catalog/lease/lease.go:2467 ⋮ [T1,Vsystem,n1] 107  released orphaned lease: ID=30 ver=1 expiration={0001-01-01 00:00:00 +0000 UTC}
I250824 14:21:48.741192 1621 sql/catalog/lease/lease.go:2467 ⋮ [T1,Vsystem,n1] 108  released orphaned lease: ID=28 ver=1 expiration={0001-01-01 00:00:00 +0000 UTC}
I250824 14:21:48.741349 1623 sql/catalog/lease/lease.go:2467 ⋮ [T1,Vsystem,n1] 109  released orphaned lease: ID=31 ver=1 expiration={0001-01-01 00:00:00 +0000 UTC}
I250824 14:21:48.743434 1700 sql/catalog/lease/lease.go:2467 ⋮ [T1,Vsystem,n1] 110  released orphaned lease: ID=34 ver=1 expiration={0001-01-01 00:00:00 +0000 UTC}
I250824 14:21:48.744242 1457 sql/catalog/lease/lease.go:2467 ⋮ [T1,Vsystem,n1] 111  released orphaned lease: ID=32 ver=1 expiration={0001-01-01 00:00:00 +0000 UTC}
I250824 14:21:48.744595 1701 sql/catalog/lease/lease.go:2467 ⋮ [T1,Vsystem,n1] 112  released orphaned lease: ID=35 ver=1 expiration={0001-01-01 00:00:00 +0000 UTC}
I250824 14:21:48.744887 1702 sql/catalog/lease/lease.go:2467 ⋮ [T1,Vsystem,n1] 113  released orphaned lease: ID=36 ver=1 expiration={0001-01-01 00:00:00 +0000 UTC}
I250824 14:21:48.745291 1595 sql/catalog/lease/lease.go:2467 ⋮ [T1,Vsystem,n1] 114  released orphaned lease: ID=33 ver=1 expiration={0001-01-01 00:00:00 +0000 UTC}
I250824 14:21:48.746722 1544 sql/catalog/lease/lease.go:2467 ⋮ [T1,Vsystem,n1] 115  released orphaned lease: ID=42 ver=1 expiration={0001-01-01 00:00:00 +0000 UTC}
I250824 14:21:48.747278 1778 sql/catalog/lease/lease.go:2467 ⋮ [T1,Vsystem,n1] 116  released orphaned lease: ID=37 ver=1 expiration={0001-01-01 00:00:00 +0000 UTC}
I250824 14:21:48.747636 1779 sql/catalog/lease/lease.go:2467 ⋮ [T1,Vsystem,n1] 117  released orphaned lease: ID=39 ver=1 expiration={0001-01-01 00:00:00 +0000 UTC}
I250824 14:21:48.747632 1780 sql/catalog/lease/lease.go:2467 ⋮ [T1,Vsystem,n1] 118  released orphaned lease: ID=40 ver=1 expiration={0001-01-01 00:00:00 +0000 UTC}
I250824 14:21:48.747687 1781 sql/catalog/lease/lease.go:2467 ⋮ [T1,Vsystem,n1] 119  released orphaned lease: ID=41 ver=1 expiration={0001-01-01 00:00:00 +0000 UTC}
I250824 14:21:48.748686 1545 sql/catalog/lease/lease.go:2467 ⋮ [T1,Vsystem,n1] 120  released orphaned lease: ID=43 ver=1 expiration={0001-01-01 00:00:00 +0000 UTC}
I250824 14:21:48.749719 1547 sql/catalog/lease/lease.go:2467 ⋮ [T1,Vsystem,n1] 121  released orphaned lease: ID=48 ver=1 expiration={0001-01-01 00:00:00 +0000 UTC}
I250824 14:21:48.750032 1598 sql/catalog/lease/lease.go:2467 ⋮ [T1,Vsystem,n1] 122  released orphaned lease: ID=47 ver=1 expiration={0001-01-01 00:00:00 +0000 UTC}
I250824 14:21:48.750139 1546 sql/catalog/lease/lease.go:2467 ⋮ [T1,Vsystem,n1] 123  released orphaned lease: ID=44 ver=1 expiration={0001-01-01 00:00:00 +0000 UTC}
I250824 14:21:48.750219 1597 sql/catalog/lease/lease.go:2467 ⋮ [T1,Vsystem,n1] 124  released orphaned lease: ID=46 ver=1 expiration={0001-01-01 00:00:00 +0000 UTC}
I250824 14:21:48.750396 1596 sql/catalog/lease/lease.go:2467 ⋮ [T1,Vsystem,n1] 125  released orphaned lease: ID=45 ver=1 expiration={0001-01-01 00:00:00 +0000 UTC}
I250824 14:21:48.751706 1786 sql/catalog/lease/lease.go:2467 ⋮ [T1,Vsystem,n1] 126  released orphaned lease: ID=54 ver=1 expiration={0001-01-01 00:00:00 +0000 UTC}
I250824 14:21:48.751952 1782 sql/catalog/lease/lease.go:2467 ⋮ [T1,Vsystem,n1] 127  released orphaned lease: ID=50 ver=1 expiration={0001-01-01 00:00:00 +0000 UTC}
I250824 14:21:48.752049 1783 sql/catalog/lease/lease.go:2467 ⋮ [T1,Vsystem,n1] 128  released orphaned lease: ID=51 ver=1 expiration={0001-01-01 00:00:00 +0000 UTC}
I250824 14:21:48.752127 1784 sql/catalog/lease/lease.go:2467 ⋮ [T1,Vsystem,n1] 129  released orphaned lease: ID=52 ver=1 expiration={0001-01-01 00:00:00 +0000 UTC}
I250824 14:21:48.752265 1785 sql/catalog/lease/lease.go:2467 ⋮ [T1,Vsystem,n1] 130  released orphaned lease: ID=53 ver=1 expiration={0001-01-01 00:00:00 +0000 UTC}
I250824 14:21:48.753194 1788 sql/catalog/lease/lease.go:2467 ⋮ [T1,Vsystem,n1] 131  released orphaned lease: ID=56 ver=1 expiration={0001-01-01 00:00:00 +0000 UTC}
I250824 14:21:48.753243 1789 sql/catalog/lease/lease.go:2467 ⋮ [T1,Vsystem,n1] 133  released orphaned lease: ID=57 ver=1 expiration={0001-01-01 00:00:00 +0000 UTC}
I250824 14:21:48.753435 1790 sql/catalog/lease/lease.go:2467 ⋮ [T1,Vsystem,n1] 134  released orphaned lease: ID=58 ver=1 expiration={0001-01-01 00:00:00 +0000 UTC}
I250824 14:21:48.753556 1787 sql/catalog/lease/lease.go:2467 ⋮ [T1,Vsystem,n1] 135  released orphaned lease: ID=55 ver=1 expiration={0001-01-01 00:00:00 +0000 UTC}
I250824 14:21:48.753199 1791 sql/catalog/lease/lease.go:2467 ⋮ [T1,Vsystem,n1] 132  released orphaned lease: ID=59 ver=1 expiration={0001-01-01 00:00:00 +0000 UTC}
I250824 14:21:48.754984 1792 sql/catalog/lease/lease.go:2467 ⋮ [T1,Vsystem,n1] 136  released orphaned lease: ID=61 ver=1 expiration={0001-01-01 00:00:00 +0000 UTC}
I250824 14:21:48.755050 1703 sql/catalog/lease/lease.go:2467 ⋮ [T1,Vsystem,n1] 137  released orphaned lease: ID=60 ver=1 expiration={0001-01-01 00:00:00 +0000 UTC}
I250824 14:21:48.755946 1704 sql/catalog/lease/lease.go:2467 ⋮ [T1,Vsystem,n1] 138  released orphaned lease: ID=64 ver=1 expiration={0001-01-01 00:00:00 +0000 UTC}
I250824 14:21:48.756377 1752 sql/catalog/lease/lease.go:2467 ⋮ [T1,Vsystem,n1] 139  released orphaned lease: ID=65 ver=1 expiration={0001-01-01 00:00:00 +0000 UTC}
I250824 14:21:48.756953 1794 sql/catalog/lease/lease.go:2467 ⋮ [T1,Vsystem,n1] 140  released orphaned lease: ID=66 ver=1 expiration={0001-01-01 00:00:00 +0000 UTC}
I250824 14:21:48.757283 1793 sql/catalog/lease/lease.go:2467 ⋮ [T1,Vsystem,n1] 141  released orphaned lease: ID=63 ver=1 expiration={0001-01-01 00:00:00 +0000 UTC}
I250824 14:21:48.757454 1599 sql/catalog/lease/lease.go:2467 ⋮ [T1,Vsystem,n1] 142  released orphaned lease: ID=62 ver=1 expiration={0001-01-01 00:00:00 +0000 UTC}
I250824 14:21:48.761526 1705 sql/catalog/lease/lease.go:2467 ⋮ [T1,Vsystem,n1] 143  released orphaned lease: ID=68 ver=1 expiration={0001-01-01 00:00:00 +0000 UTC}
I250824 14:21:48.761574 1706 sql/catalog/lease/lease.go:2467 ⋮ [T1,Vsystem,n1] 144  released orphaned lease: ID=69 ver=1 expiration={0001-01-01 00:00:00 +0000 UTC}
I250824 14:21:48.762241 1795 sql/catalog/lease/lease.go:2467 ⋮ [T1,Vsystem,n1] 145  released orphaned lease: ID=67 ver=1 expiration={0001-01-01 00:00:00 +0000 UTC}
I250824 14:21:48.762614 1601 sql/catalog/lease/lease.go:2467 ⋮ [T1,Vsystem,n1] 146  released orphaned lease: ID=71 ver=1 expiration={0001-01-01 00:00:00 +0000 UTC}
I250824 14:21:48.762979 1600 sql/catalog/lease/lease.go:2467 ⋮ [T1,Vsystem,n1] 147  released orphaned lease: ID=70 ver=1 expiration={0001-01-01 00:00:00 +0000 UTC}
I250824 14:21:48.763490 1754 sql/catalog/lease/lease.go:2467 ⋮ [T1,Vsystem,n1] 148  released orphaned lease: ID=104 ver=1 expiration={0001-01-01 00:00:00 +0000 UTC}
I250824 14:21:48.763488 1753 sql/catalog/lease/lease.go:2467 ⋮ [T1,Vsystem,n1] 149  released orphaned lease: ID=72 ver=1 expiration={0001-01-01 00:00:00 +0000 UTC}
I250824 14:21:48.763548 1755 sql/catalog/lease/lease.go:2467 ⋮ [T1,Vsystem,n1] 150  released orphaned lease: ID=105 ver=1 expiration={0001-01-01 00:00:00 +0000 UTC}
I250824 14:21:48.764226 1796 sql/catalog/lease/lease.go:2467 ⋮ [T1,Vsystem,n1] 151  released orphaned lease: ID=106 ver=15 expiration={0001-01-01 00:00:00 +0000 UTC}
I250824 14:21:48.764389 1756 sql/catalog/lease/lease.go:2467 ⋮ [T1,Vsystem,n1] 152  released orphaned lease: ID=107 ver=1 expiration={0001-01-01 00:00:00 +0000 UTC}
I250824 14:21:48.764794 1798 sql/catalog/lease/lease.go:2467 ⋮ [T1,Vsystem,n1] 153  released orphaned lease: ID=109 ver=2 expiration={0001-01-01 00:00:00 +0000 UTC}
I250824 14:21:48.764878 1707 sql/catalog/lease/lease.go:2467 ⋮ [T1,Vsystem,n1] 154  released orphaned lease: ID=110 ver=1 expiration={0001-01-01 00:00:00 +0000 UTC}
I250824 14:21:48.765057 1797 sql/catalog/lease/lease.go:2467 ⋮ [T1,Vsystem,n1] 155  released orphaned lease: ID=108 ver=2 expiration={0001-01-01 00:00:00 +0000 UTC}
I250824 14:21:48.765577 1810 sql/catalog/lease/lease.go:2467 ⋮ [T1,Vsystem,n1] 156  released orphaned lease: ID=112 ver=1 expiration={0001-01-01 00:00:00 +0000 UTC}
I250824 14:21:48.765608 1811 sql/catalog/lease/lease.go:2467 ⋮ [T1,Vsystem,n1] 157  released orphaned lease: ID=113 ver=7 expiration={0001-01-01 00:00:00 +0000 UTC}
I250824 14:21:48.766099 1709 sql/catalog/lease/lease.go:2467 ⋮ [T1,Vsystem,n1] 158  released orphaned lease: ID=115 ver=7 expiration={0001-01-01 00:00:00 +0000 UTC}
I250824 14:21:48.766219 1708 sql/catalog/lease/lease.go:2467 ⋮ [T1,Vsystem,n1] 159  released orphaned lease: ID=114 ver=1 expiration={0001-01-01 00:00:00 +0000 UTC}
I250824 14:21:48.766361 1757 sql/catalog/lease/lease.go:2467 ⋮ [T1,Vsystem,n1] 160  released orphaned lease: ID=111 ver=3 expiration={0001-01-01 00:00:00 +0000 UTC}
I250824 14:21:48.766705 1758 sql/catalog/lease/lease.go:2467 ⋮ [T1,Vsystem,n1] 161  released orphaned lease: ID=116 ver=1 expiration={0001-01-01 00:00:00 +0000 UTC}
I250824 14:21:48.767150 1759 sql/catalog/lease/lease.go:2467 ⋮ [T1,Vsystem,n1] 162  released orphaned lease: ID=117 ver=3 expiration={0001-01-01 00:00:00 +0000 UTC}
I250824 14:21:48.767792 1812 sql/catalog/lease/lease.go:2467 ⋮ [T1,Vsystem,n1] 163  released orphaned lease: ID=118 ver=1 expiration={0001-01-01 00:00:00 +0000 UTC}
I250824 14:21:48.767924 1813 sql/catalog/lease/lease.go:2467 ⋮ [T1,Vsystem,n1] 164  released orphaned lease: ID=119 ver=2 expiration={0001-01-01 00:00:00 +0000 UTC}
I250824 14:21:48.768460 1626 sql/catalog/lease/lease.go:2467 ⋮ [T1,Vsystem,n1] 165  released orphaned lease: ID=125 ver=3 expiration={0001-01-01 00:00:00 +0000 UTC}
I250824 14:21:48.768836 1814 sql/catalog/lease/lease.go:2467 ⋮ [T1,Vsystem,n1] 166  released orphaned lease: ID=122 ver=2 expiration={0001-01-01 00:00:00 +0000 UTC}
I250824 14:21:48.769205 1624 sql/catalog/lease/lease.go:2467 ⋮ [T1,Vsystem,n1] 167  released orphaned lease: ID=123 ver=1 expiration={0001-01-01 00:00:00 +0000 UTC}
I250824 14:21:48.769461 1625 sql/catalog/lease/lease.go:2467 ⋮ [T1,Vsystem,n1] 168  released orphaned lease: ID=124 ver=3 expiration={0001-01-01 00:00:00 +0000 UTC}
I250824 14:21:48.770630 1760 sql/catalog/lease/lease.go:2467 ⋮ [T1,Vsystem,n1] 169  released orphaned lease: ID=126 ver=2 expiration={0001-01-01 00:00:00 +0000 UTC}
I250824 14:21:48.770576 1816 sql/catalog/lease/lease.go:2467 ⋮ [T1,Vsystem,n1] 170  released orphaned lease: ID=129 ver=3 expiration={0001-01-01 00:00:00 +0000 UTC}
I250824 14:21:48.770749 1815 sql/catalog/lease/lease.go:2467 ⋮ [T1,Vsystem,n1] 171  released orphaned lease: ID=128 ver=2 expiration={0001-01-01 00:00:00 +0000 UTC}
I250824 14:21:48.770839 1761 sql/catalog/lease/lease.go:2467 ⋮ [T1,Vsystem,n1] 172  released orphaned lease: ID=127 ver=3 expiration={0001-01-01 00:00:00 +0000 UTC}
I250824 14:21:48.771448 1710 sql/catalog/lease/lease.go:2467 ⋮ [T1,Vsystem,n1] 173  released orphaned lease: ID=130 ver=2 expiration={0001-01-01 00:00:00 +0000 UTC}
I250824 14:21:48.772112 1711 sql/catalog/lease/lease.go:2467 ⋮ [T1,Vsystem,n1] 174  released orphaned lease: ID=134 ver=1 expiration={0001-01-01 00:00:00 +0000 UTC}
I250824 14:21:48.772156 1627 sql/catalog/lease/lease.go:2467 ⋮ [T1,Vsystem,n1] 175  released orphaned lease: ID=131 ver=2 expiration={0001-01-01 00:00:00 +0000 UTC}
I250824 14:21:48.772167 1817 sql/catalog/lease/lease.go:2467 ⋮ [T1,Vsystem,n1] 176  released orphaned lease: ID=133 ver=3 expiration={0001-01-01 00:00:00 +0000 UTC}
I250824 14:21:48.772528 1628 sql/catalog/lease/lease.go:2467 ⋮ [T1,Vsystem,n1] 177  released orphaned lease: ID=132 ver=2 expiration={0001-01-01 00:00:00 +0000 UTC}
I250824 14:21:48.772583 1818 sql/catalog/lease/lease.go:2467 ⋮ [T1,Vsystem,n1] 178  released orphaned lease: ID=136 ver=1 expiration={0001-01-01 00:00:00 +0000 UTC}
I250824 14:21:49.624399 564 1@gossip/gossip.go:1476 ⋮ [T1,Vsystem,n1] 179  node has connected to cluster via gossip
I250824 14:21:49.624804 564 kv/kvserver/stores.go:280 ⋮ [T1,Vsystem,n1] 180  wrote 0 node addresses to persistent storage
I250824 14:21:50.237421 1498 server/diagnostics/update_checker.go:144 ⋮ [T1,Vsystem,n1] 181  a new version is available: ‹25.3.0›, details: ‹https://www.cockroachlabs.com/docs/releases/v25.3#v25-3-0›
I250824 14:22:22.221218 1223 jobs/adopt.go:105 ⋮ [T1,Vsystem,n1] 182  claimed 7 jobs
I250824 14:22:22.233747 2399 jobs/adopt.go:224 ⋮ [T1,Vsystem,n1,job=1098958321112612865] 183  job 1098958321112612865: resuming execution
I250824 14:22:22.233646 2401 jobs/adopt.go:224 ⋮ [T1,Vsystem,n1,job=100] 184  job 100: resuming execution
I250824 14:22:22.233876 2400 jobs/adopt.go:224 ⋮ [T1,Vsystem,n1,job=1098946398292541441] 185  job 1098946398292541441: resuming execution
I250824 14:22:22.234454 2498 jobs/adopt.go:224 ⋮ [T1,Vsystem,n1,job=101] 186  job 101: resuming execution
I250824 14:22:22.234473 2500 jobs/adopt.go:224 ⋮ [T1,Vsystem,n1,job=104] 187  job 104: resuming execution
I250824 14:22:22.234296 2499 jobs/adopt.go:224 ⋮ [T1,Vsystem,n1,job=103] 188  job 103: resuming execution
I250824 14:22:22.235461 2501 jobs/adopt.go:224 ⋮ [T1,Vsystem,n1,job=105] 189  job 105: resuming execution
I250824 14:22:22.264671 2225 jobs/registry.go:1681 ⋮ [T1,Vsystem,n1,job=104] 190  MVCC STATISTICS UPDATE job 104: stepping through state running
I250824 14:22:22.264987 2458 jobs/registry.go:1681 ⋮ [T1,Vsystem,n1,job=105] 191  UPDATE TABLE METADATA CACHE job 105: stepping through state running
I250824 14:22:22.264982 2139 jobs/registry.go:1681 ⋮ [T1,Vsystem,n1,job=100] 192  KEY VISUALIZER job 100: stepping through state running
I250824 14:22:22.264753 1974 jobs/registry.go:1681 ⋮ [T1,Vsystem,n1,job=103] 193  AUTO UPDATE SQL ACTIVITY job 103: stepping through state running
I250824 14:22:22.265427 2470 jobs/registry.go:1681 ⋮ [T1,Vsystem,n1,job=1098958321112612865] 194  CHANGEFEED job 1098958321112612865: stepping through state running
I250824 14:22:22.266595 2517 jobs/registry.go:1681 ⋮ [T1,Vsystem,n1,job=1098946398292541441] 195  AUTO SPAN CONFIG RECONCILIATION job 1098946398292541441: stepping through state running
I250824 14:22:22.269260 2487 jobs/registry.go:1681 ⋮ [T1,Vsystem,n1,job=101] 196  POLL JOBS STATS job 101: stepping through state running
I250824 14:22:22.273112 2225 sql/mvcc_statistics_update_job.go:63 ⋮ [T1,Vsystem,n1,job=MVCC STATISTICS UPDATE id=104] 197  starting mvcc statistics update job
I250824 14:22:22.273693 1974 sql/sql_activity_update_job.go:88 ⋮ [T1,Vsystem,n1,job=AUTO UPDATE SQL ACTIVITY id=103] 198  starting sql stats activity flush job
I250824 14:22:22.284522 2474 ccl/changefeedccl/changefeed_dist.go:414 ⋮ [T1,Vsystem,n1,job=CHANGEFEED id=1098958321112612865] 199  using bulk oracle for DistSQL planning
I250824 14:22:22.286272 2474 ccl/changefeedccl/changefeed_dist.go:577 ⋮ [T1,Vsystem,n1,job=CHANGEFEED id=1098958321112612865] 200  changefeed plan diagram: ‹https://cockroachdb.github.io/distsqlplan/decode.html#eJyUkV3LmzAUx-_3KeRcRzRRH22uOvYw6MXWsRV2UWSkydGGWeOSSDfE7z7UvbSFFnp5Xvz9f54M4H40wEEeRVtjhah4QONVscqKhFFK2QtlxUsGBFqj8KM4oQO-Bwolgc4aic4ZO7WGeWGjfgKPCei26_3ULglIYxH4AF77BoHDuznqbV1brIU3NoqBgEIvdDOzvwovj-iCPS15EO3EocGIJkk00JCNUI4ETO__450XNQKnFz6bV-DxSJ5Vem9N6zXaiF4LbXvPgzUj64Ss07sC7EaAPiPwGV1nWodXwfeS4pukkI4lAVQ1Lg_hTG8lfrJGzrtLuZ1Bc0Oh88uULsWm_Tty3qI4_bvfJYk-JLFHpJJA1ZjzN62Ag8pEUuSqChFZHqYYY1iwuApzlhaHLE_lKk1g-kDUbjrRl6M5z9jdr276wUo0Dgl8EN_xFT3ak26181r-mYzjm98BAAD__zVZ6ZA=›
I250824 14:22:22.291206 2480 ccl/changefeedccl/sink_kafka_v2.go:246 ⋮ [-] 201  updating kafka metadata for topics: [‹users_changes›]
I250824 14:22:22.321258 2480 ccl/changefeedccl/sink_kafka_v2.go:246 ⋮ [-] 202  updating kafka metadata for topics: [‹users_changes›]
I250824 14:22:22.323163 2629 ccl/changefeedccl/kvfeed/kv_feed.go:332 ⋮ [T1,Vsystem,n1,job=1098958321112612865,change-aggregator] 203  kv feed run starting
I250824 14:22:22.416925 2517 spanconfig/spanconfigsqlwatcher/sqlwatcher.go:241 ⋮ [T1,Vsystem,n1,job=AUTO SPAN CONFIG RECONCILIATION id=1098946398292541441] 204  established range feed over system.descriptors starting at time 1756045342.301659588,0
I250824 14:22:22.417088 2517 spanconfig/spanconfigsqlwatcher/sqlwatcher.go:300 ⋮ [T1,Vsystem,n1,job=AUTO SPAN CONFIG RECONCILIATION id=1098946398292541441] 205  established range feed over system.zones starting at time 1756045342.301659588,0
I250824 14:22:22.417157 2517 spanconfig/spanconfigsqlwatcher/sqlwatcher.go:401 ⋮ [T1,Vsystem,n1,job=AUTO SPAN CONFIG RECONCILIATION id=1098946398292541441] 206  established range feed over system.protected_ts_records starting at time 1756045342.301659588,0
I250824 14:22:41.564114 3157 kv/kvserver/mvcc_gc_queue.go:796 ⋮ [T1,Vsystem,n1,mvccGC,s1,r86/1:‹/{Table/134-Max}›] 207  GC still needed following GC, recomputing MVCC stats
I250824 14:22:41.567642 3157 kv/kvserver/mvcc_gc_queue.go:797 ⋮ [T1,Vsystem,n1,mvccGC,s1,r86/1:‹/{Table/134-Max}›] 208  old score ‹queue=true with 0.00/fuzz(0.95)=0.00=valScaleScore(0.00)*deadFrac(0.00)+intentScore(0.00)›
I250824 14:22:41.567642 3157 kv/kvserver/mvcc_gc_queue.go:797 ⋮ [T1,Vsystem,n1,mvccGC,s1,r86/1:‹/{Table/134-Max}›] 208 +‹likely last GC: 3h25m5.071481209s ago, 0 B non-live, curr. age 0 B*s, min exp. reduction: 0 B*s›
I250824 14:22:41.567642 3157 kv/kvserver/mvcc_gc_queue.go:797 ⋮ [T1,Vsystem,n1,mvccGC,s1,r86/1:‹/{Table/134-Max}›] 208 +‹hint: {0,0 1755445834.582834013,0 1755445834.587412388,0}›
I250824 14:22:41.567878 3157 kv/kvserver/mvcc_gc_queue.go:798 ⋮ [T1,Vsystem,n1,mvccGC,s1,r86/1:‹/{Table/134-Max}›] 209  new score ‹queue=true with 0.00/fuzz(0.95)=0.00=valScaleScore(0.00)*deadFrac(0.00)+intentScore(0.00)›
I250824 14:22:41.567878 3157 kv/kvserver/mvcc_gc_queue.go:798 ⋮ [T1,Vsystem,n1,mvccGC,s1,r86/1:‹/{Table/134-Max}›] 209 +‹likely last GC: 3h25m10.19468878s ago, 0 B non-live, curr. age 0 B*s, min exp. reduction: 0 B*s›
I250824 14:22:41.567878 3157 kv/kvserver/mvcc_gc_queue.go:798 ⋮ [T1,Vsystem,n1,mvccGC,s1,r86/1:‹/{Table/134-Max}›] 209 +‹hint: {0,0 1755445834.582834013,0 1755445834.587412388,0}›
I250824 14:23:10.602684 4020 kv/kvserver/mvcc_gc_queue.go:796 ⋮ [T1,Vsystem,n1,mvccGC,s1,r86/1:‹/{Table/134-Max}›] 210  GC still needed following GC, recomputing MVCC stats
I250824 14:23:10.602882 4020 kv/kvserver/mvcc_gc_queue.go:797 ⋮ [T1,Vsystem,n1,mvccGC,s1,r86/1:‹/{Table/134-Max}›] 211  old score ‹queue=true with 0.00/fuzz(0.95)=0.00=valScaleScore(0.00)*deadFrac(0.00)+intentScore(0.00)›
I250824 14:23:10.602882 4020 kv/kvserver/mvcc_gc_queue.go:797 ⋮ [T1,Vsystem,n1,mvccGC,s1,r86/1:‹/{Table/134-Max}›] 211 +‹likely last GC: 24.961640499s ago, 0 B non-live, curr. age 0 B*s, min exp. reduction: 0 B*s›
I250824 14:23:10.602882 4020 kv/kvserver/mvcc_gc_queue.go:797 ⋮ [T1,Vsystem,n1,mvccGC,s1,r86/1:‹/{Table/134-Max}›] 211 +‹hint: {0,0 1755445834.582834013,0 1755445834.587412388,0}›
I250824 14:23:10.603055 4020 kv/kvserver/mvcc_gc_queue.go:798 ⋮ [T1,Vsystem,n1,mvccGC,s1,r86/1:‹/{Table/134-Max}›] 212  new score ‹queue=true with 0.00/fuzz(0.95)=0.00=valScaleScore(0.00)*deadFrac(0.00)+intentScore(0.00)›
I250824 14:23:10.603055 4020 kv/kvserver/mvcc_gc_queue.go:798 ⋮ [T1,Vsystem,n1,mvccGC,s1,r86/1:‹/{Table/134-Max}›] 212 +‹likely last GC: 29.054843291s ago, 0 B non-live, curr. age 0 B*s, min exp. reduction: 0 B*s›
I250824 14:23:10.603055 4020 kv/kvserver/mvcc_gc_queue.go:798 ⋮ [T1,Vsystem,n1,mvccGC,s1,r86/1:‹/{Table/134-Max}›] 212 +‹hint: {0,0 1755445834.582834013,0 1755445834.587412388,0}›
I250824 14:24:16.858553 5227 kv/kvserver/mvcc_gc_queue.go:796 ⋮ [T1,Vsystem,n1,mvccGC,s1,r86/1:‹/{Table/134-Max}›] 213  GC still needed following GC, recomputing MVCC stats
I250824 14:24:16.859147 5227 kv/kvserver/mvcc_gc_queue.go:797 ⋮ [T1,Vsystem,n1,mvccGC,s1,r86/1:‹/{Table/134-Max}›] 214  old score ‹queue=true with 0.00/fuzz(0.95)=0.00=valScaleScore(0.00)*deadFrac(0.00)+intentScore(0.00)›
I250824 14:24:16.859147 5227 kv/kvserver/mvcc_gc_queue.go:797 ⋮ [T1,Vsystem,n1,mvccGC,s1,r86/1:‹/{Table/134-Max}›] 214 +‹likely last GC: 1m1.971678029s ago, 0 B non-live, curr. age 0 B*s, min exp. reduction: 0 B*s›
I250824 14:24:16.859147 5227 kv/kvserver/mvcc_gc_queue.go:797 ⋮ [T1,Vsystem,n1,mvccGC,s1,r86/1:‹/{Table/134-Max}›] 214 +‹hint: {0,0 1755445834.582834013,0 1755445834.587412388,0}›
I250824 14:24:16.864683 5227 kv/kvserver/mvcc_gc_queue.go:798 ⋮ [T1,Vsystem,n1,mvccGC,s1,r86/1:‹/{Table/134-Max}›] 215  new score ‹queue=true with 0.00/fuzz(0.95)=0.00=valScaleScore(0.00)*deadFrac(0.00)+intentScore(0.00)›
I250824 14:24:16.864683 5227 kv/kvserver/mvcc_gc_queue.go:798 ⋮ [T1,Vsystem,n1,mvccGC,s1,r86/1:‹/{Table/134-Max}›] 215 +‹likely last GC: 1m6.25938078s ago, 0 B non-live, curr. age 0 B*s, min exp. reduction: 0 B*s›
I250824 14:24:16.864683 5227 kv/kvserver/mvcc_gc_queue.go:798 ⋮ [T1,Vsystem,n1,mvccGC,s1,r86/1:‹/{Table/134-Max}›] 215 +‹hint: {0,0 1755445834.582834013,0 1755445834.587412388,0}›
I250824 14:24:45.907788 5843 kv/kvserver/mvcc_gc_queue.go:796 ⋮ [T1,Vsystem,n1,mvccGC,s1,r86/1:‹/{Table/134-Max}›] 216  GC still needed following GC, recomputing MVCC stats
I250824 14:24:45.907998 5843 kv/kvserver/mvcc_gc_queue.go:797 ⋮ [T1,Vsystem,n1,mvccGC,s1,r86/1:‹/{Table/134-Max}›] 217  old score ‹queue=true with 0.00/fuzz(0.95)=0.00=valScaleScore(0.00)*deadFrac(0.00)+intentScore(0.00)›
I250824 14:24:45.907998 5843 kv/kvserver/mvcc_gc_queue.go:797 ⋮ [T1,Vsystem,n1,mvccGC,s1,r86/1:‹/{Table/134-Max}›] 217 +‹likely last GC: 25.606258625s ago, 0 B non-live, curr. age 0 B*s, min exp. reduction: 0 B*s›
I250824 14:24:45.907998 5843 kv/kvserver/mvcc_gc_queue.go:797 ⋮ [T1,Vsystem,n1,mvccGC,s1,r86/1:‹/{Table/134-Max}›] 217 +‹hint: {0,0 1755445834.582834013,0 1755445834.587412388,0}›
I250824 14:24:45.908102 5843 kv/kvserver/mvcc_gc_queue.go:798 ⋮ [T1,Vsystem,n1,mvccGC,s1,r86/1:‹/{Table/134-Max}›] 218  new score ‹queue=true with 0.00/fuzz(0.95)=0.00=valScaleScore(0.00)*deadFrac(0.00)+intentScore(0.00)›
I250824 14:24:45.908102 5843 kv/kvserver/mvcc_gc_queue.go:798 ⋮ [T1,Vsystem,n1,mvccGC,s1,r86/1:‹/{Table/134-Max}›] 218 +‹likely last GC: 29.069139667s ago, 0 B non-live, curr. age 0 B*s, min exp. reduction: 0 B*s›
I250824 14:24:45.908102 5843 kv/kvserver/mvcc_gc_queue.go:798 ⋮ [T1,Vsystem,n1,mvccGC,s1,r86/1:‹/{Table/134-Max}›] 218 +‹hint: {0,0 1755445834.582834013,0 1755445834.587412388,0}›
I250824 14:25:48.758173 1497 jobs/job_scheduler.go:171 ⋮ [T1,Vsystem,n1] 219  Starting job for schedule 1098946398426431489 (‹"sql-stats-compaction"›); scheduled to run at 2025-08-24 11:00:00 +0000 UTC; next run scheduled for 2025-08-24 15:00:00 +0000 UTC
I250824 14:25:58.255591 7169 kv/kvserver/mvcc_gc_queue.go:796 ⋮ [T1,Vsystem,n1,mvccGC,s1,r86/1:‹/{Table/134-Max}›] 220  GC still needed following GC, recomputing MVCC stats
I250824 14:25:58.255792 7169 kv/kvserver/mvcc_gc_queue.go:797 ⋮ [T1,Vsystem,n1,mvccGC,s1,r86/1:‹/{Table/134-Max}›] 221  old score ‹queue=true with 0.00/fuzz(0.95)=0.00=valScaleScore(0.00)*deadFrac(0.00)+intentScore(0.00)›
I250824 14:25:58.255792 7169 kv/kvserver/mvcc_gc_queue.go:797 ⋮ [T1,Vsystem,n1,mvccGC,s1,r86/1:‹/{Table/134-Max}›] 221 +‹likely last GC: 1m8.770115547s ago, 0 B non-live, curr. age 0 B*s, min exp. reduction: 0 B*s›
I250824 14:25:58.255792 7169 kv/kvserver/mvcc_gc_queue.go:797 ⋮ [T1,Vsystem,n1,mvccGC,s1,r86/1:‹/{Table/134-Max}›] 221 +‹hint: {0,0 1755445834.582834013,0 1755445834.587412388,0}›
I250824 14:25:58.255917 7169 kv/kvserver/mvcc_gc_queue.go:798 ⋮ [T1,Vsystem,n1,mvccGC,s1,r86/1:‹/{Table/134-Max}›] 222  new score ‹queue=true with 0.00/fuzz(0.95)=0.00=valScaleScore(0.00)*deadFrac(0.00)+intentScore(0.00)›
I250824 14:25:58.255917 7169 kv/kvserver/mvcc_gc_queue.go:798 ⋮ [T1,Vsystem,n1,mvccGC,s1,r86/1:‹/{Table/134-Max}›] 222 +‹likely last GC: 1m12.352320798s ago, 0 B non-live, curr. age 0 B*s, min exp. reduction: 0 B*s›
I250824 14:25:58.255917 7169 kv/kvserver/mvcc_gc_queue.go:798 ⋮ [T1,Vsystem,n1,mvccGC,s1,r86/1:‹/{Table/134-Max}›] 222 +‹hint: {0,0 1755445834.582834013,0 1755445834.587412388,0}›
I250824 14:26:01.436397 1223 jobs/adopt.go:105 ⋮ [T1,Vsystem,n1] 223  claimed 1 jobs
I250824 14:26:01.464805 7329 jobs/adopt.go:224 ⋮ [T1,Vsystem,n1,job=1100923367472529409] 224  job 1100923367472529409: resuming execution
I250824 14:26:01.488281 7334 jobs/registry.go:1681 ⋮ [T1,Vsystem,n1,job=1100923367472529409] 225  AUTO SQL STATS COMPACTION job 1100923367472529409: stepping through state running
I250824 14:26:01.556127 7334 1@jobs/structured_log.go:49 ⋮ [T1,Vsystem,n1,job=1100923367472529409] 226 ={"Timestamp":1756045561556107759,"EventType":"status_change","JobID":1100923367472529409,"JobType":"AUTO SQL STATS COMPACTION","Description":"state changed to: running","PreviousStatus":"running","NewStatus":"running","RunNum":0}
I250824 14:26:01.558076 7334 sql/compact_sql_stats.go:37 ⋮ [T1,Vsystem,n1,job=AUTO SQL STATS COMPACTION id=1100923367472529409] 227  starting sql stats compaction job
I250824 14:26:01.999894 7334 sql/compact_sql_stats.go:101 ⋮ [T1,Vsystem,n1,job=AUTO SQL STATS COMPACTION id=1100923367472529409] 228  sql stats compaction job terminated with status = succeeded
I250824 14:26:02.015806 7334 jobs/registry.go:1681 ⋮ [T1,Vsystem,n1,job=1100923367472529409] 229  AUTO SQL STATS COMPACTION job 1100923367472529409: stepping through state succeeded
I250824 14:26:02.059706 7334 1@jobs/structured_log.go:49 ⋮ [T1,Vsystem,n1,job=1100923367472529409] 230 ={"Timestamp":1756045562059699759,"EventType":"status_change","JobID":1100923367472529409,"JobType":"AUTO SQL STATS COMPACTION","Description":"state changed to: succeeded","PreviousStatus":"running","NewStatus":"succeeded","RunNum":0}
I250824 14:27:12.575101 8661 kv/kvserver/mvcc_gc_queue.go:796 ⋮ [T1,Vsystem,n1,mvccGC,s1,r86/1:‹/{Table/134-Max}›] 231  GC still needed following GC, recomputing MVCC stats
I250824 14:27:12.575957 8661 kv/kvserver/mvcc_gc_queue.go:797 ⋮ [T1,Vsystem,n1,mvccGC,s1,r86/1:‹/{Table/134-Max}›] 232  old score ‹queue=true with 0.00/fuzz(0.95)=0.00=valScaleScore(0.00)*deadFrac(0.00)+intentScore(0.00)›
I250824 14:27:12.575957 8661 kv/kvserver/mvcc_gc_queue.go:797 ⋮ [T1,Vsystem,n1,mvccGC,s1,r86/1:‹/{Table/134-Max}›] 232 +‹likely last GC: 1m8.379736588s ago, 0 B non-live, curr. age 0 B*s, min exp. reduction: 0 B*s›
I250824 14:27:12.575957 8661 kv/kvserver/mvcc_gc_queue.go:797 ⋮ [T1,Vsystem,n1,mvccGC,s1,r86/1:‹/{Table/134-Max}›] 232 +‹hint: {0,0 1755445834.582834013,0 1755445834.587412388,0}›
I250824 14:27:12.577279 8661 kv/kvserver/mvcc_gc_queue.go:798 ⋮ [T1,Vsystem,n1,mvccGC,s1,r86/1:‹/{Table/134-Max}›] 233  new score ‹queue=true with 0.00/fuzz(0.95)=0.00=valScaleScore(0.00)*deadFrac(0.00)+intentScore(0.00)›
I250824 14:27:12.577279 8661 kv/kvserver/mvcc_gc_queue.go:798 ⋮ [T1,Vsystem,n1,mvccGC,s1,r86/1:‹/{Table/134-Max}›] 233 +‹likely last GC: 1m14.330625242s ago, 0 B non-live, curr. age 0 B*s, min exp. reduction: 0 B*s›
I250824 14:27:12.577279 8661 kv/kvserver/mvcc_gc_queue.go:798 ⋮ [T1,Vsystem,n1,mvccGC,s1,r86/1:‹/{Table/134-Max}›] 233 +‹hint: {0,0 1755445834.582834013,0 1755445834.587412388,0}›
I250824 14:27:39.671764 9240 kv/kvserver/mvcc_gc_queue.go:796 ⋮ [T1,Vsystem,n1,mvccGC,s1,r86/1:‹/{Table/134-Max}›] 234  GC still needed following GC, recomputing MVCC stats
I250824 14:27:39.673399 9240 kv/kvserver/mvcc_gc_queue.go:797 ⋮ [T1,Vsystem,n1,mvccGC,s1,r86/1:‹/{Table/134-Max}›] 235  old score ‹queue=true with 0.00/fuzz(0.95)=0.00=valScaleScore(0.00)*deadFrac(0.00)+intentScore(0.00)›
I250824 14:27:39.673399 9240 kv/kvserver/mvcc_gc_queue.go:797 ⋮ [T1,Vsystem,n1,mvccGC,s1,r86/1:‹/{Table/134-Max}›] 235 +‹likely last GC: 21.03985197s ago, 0 B non-live, curr. age 0 B*s, min exp. reduction: 0 B*s›
I250824 14:27:39.673399 9240 kv/kvserver/mvcc_gc_queue.go:797 ⋮ [T1,Vsystem,n1,mvccGC,s1,r86/1:‹/{Table/134-Max}›] 235 +‹hint: {0,0 1755445834.582834013,0 1755445834.587412388,0}›
I250824 14:27:39.675171 9240 kv/kvserver/mvcc_gc_queue.go:798 ⋮ [T1,Vsystem,n1,mvccGC,s1,r86/1:‹/{Table/134-Max}›] 236  new score ‹queue=true with 0.00/fuzz(0.95)=0.00=valScaleScore(0.00)*deadFrac(0.00)+intentScore(0.00)›
I250824 14:27:39.675171 9240 kv/kvserver/mvcc_gc_queue.go:798 ⋮ [T1,Vsystem,n1,mvccGC,s1,r86/1:‹/{Table/134-Max}›] 236 +‹likely last GC: 27.12147293s ago, 0 B non-live, curr. age 0 B*s, min exp. reduction: 0 B*s›
I250824 14:27:39.675171 9240 kv/kvserver/mvcc_gc_queue.go:798 ⋮ [T1,Vsystem,n1,mvccGC,s1,r86/1:‹/{Table/134-Max}›] 236 +‹hint: {0,0 1755445834.582834013,0 1755445834.587412388,0}›
I250824 14:28:50.072403 10538 kv/kvserver/mvcc_gc_queue.go:796 ⋮ [T1,Vsystem,n1,mvccGC,s1,r86/1:‹/{Table/134-Max}›] 237  GC still needed following GC, recomputing MVCC stats
I250824 14:28:50.072759 10538 kv/kvserver/mvcc_gc_queue.go:797 ⋮ [T1,Vsystem,n1,mvccGC,s1,r86/1:‹/{Table/134-Max}›] 238  old score ‹queue=true with 0.00/fuzz(0.95)=0.00=valScaleScore(0.00)*deadFrac(0.00)+intentScore(0.00)›
I250824 14:28:50.072759 10538 kv/kvserver/mvcc_gc_queue.go:797 ⋮ [T1,Vsystem,n1,mvccGC,s1,r86/1:‹/{Table/134-Max}›] 238 +‹likely last GC: 1m6.110030074s ago, 0 B non-live, curr. age 0 B*s, min exp. reduction: 0 B*s›
I250824 14:28:50.072759 10538 kv/kvserver/mvcc_gc_queue.go:797 ⋮ [T1,Vsystem,n1,mvccGC,s1,r86/1:‹/{Table/134-Max}›] 238 +‹hint: {0,0 1755445834.582834013,0 1755445834.587412388,0}›
I250824 14:28:50.072997 10538 kv/kvserver/mvcc_gc_queue.go:798 ⋮ [T1,Vsystem,n1,mvccGC,s1,r86/1:‹/{Table/134-Max}›] 239  new score ‹queue=true with 0.00/fuzz(0.95)=0.00=valScaleScore(0.00)*deadFrac(0.00)+intentScore(0.00)›
I250824 14:28:50.072997 10538 kv/kvserver/mvcc_gc_queue.go:798 ⋮ [T1,Vsystem,n1,mvccGC,s1,r86/1:‹/{Table/134-Max}›] 239 +‹likely last GC: 1m10.432295657s ago, 0 B non-live, curr. age 0 B*s, min exp. reduction: 0 B*s›
I250824 14:28:50.072997 10538 kv/kvserver/mvcc_gc_queue.go:798 ⋮ [T1,Vsystem,n1,mvccGC,s1,r86/1:‹/{Table/134-Max}›] 239 +‹hint: {0,0 1755445834.582834013,0 1755445834.587412388,0}›
W250824 14:28:59.395077 1486 2@rpc/clock_offset.go:307 ⋮ [T1,Vsystem,n1,rnode=1,raddr=‹127.0.0.1:26257›,class=default,rpc] 240  latency jump (prev avg 3.26ms, current 66.35ms)
I250824 14:29:44.329049 11510 kv/kvserver/mvcc_gc_queue.go:796 ⋮ [T1,Vsystem,n1,mvccGC,s1,r86/1:‹/{Table/134-Max}›] 241  GC still needed following GC, recomputing MVCC stats
I250824 14:29:44.329482 11510 kv/kvserver/mvcc_gc_queue.go:797 ⋮ [T1,Vsystem,n1,mvccGC,s1,r86/1:‹/{Table/134-Max}›] 242  old score ‹queue=true with 0.00/fuzz(0.95)=0.00=valScaleScore(0.00)*deadFrac(0.00)+intentScore(0.00)›
I250824 14:29:44.329482 11510 kv/kvserver/mvcc_gc_queue.go:797 ⋮ [T1,Vsystem,n1,mvccGC,s1,r86/1:‹/{Table/134-Max}›] 242 +‹likely last GC: 49.681654247s ago, 0 B non-live, curr. age 0 B*s, min exp. reduction: 0 B*s›
I250824 14:29:44.329482 11510 kv/kvserver/mvcc_gc_queue.go:797 ⋮ [T1,Vsystem,n1,mvccGC,s1,r86/1:‹/{Table/134-Max}›] 242 +‹hint: {0,0 1755445834.582834013,0 1755445834.587412388,0}›
I250824 14:29:44.330038 11510 kv/kvserver/mvcc_gc_queue.go:798 ⋮ [T1,Vsystem,n1,mvccGC,s1,r86/1:‹/{Table/134-Max}›] 243  new score ‹queue=true with 0.00/fuzz(0.95)=0.00=valScaleScore(0.00)*deadFrac(0.00)+intentScore(0.00)›
I250824 14:29:44.330038 11510 kv/kvserver/mvcc_gc_queue.go:798 ⋮ [T1,Vsystem,n1,mvccGC,s1,r86/1:‹/{Table/134-Max}›] 243 +‹likely last GC: 54.261207581s ago, 0 B non-live, curr. age 0 B*s, min exp. reduction: 0 B*s›
I250824 14:29:44.330038 11510 kv/kvserver/mvcc_gc_queue.go:798 ⋮ [T1,Vsystem,n1,mvccGC,s1,r86/1:‹/{Table/134-Max}›] 243 +‹hint: {0,0 1755445834.582834013,0 1755445834.587412388,0}›
I250824 14:30:50.043098 12693 1@jobs/structured_log.go:49 ⋮ [T1,Vsystem,n1] 244 ={"Timestamp":1756045850042937045,"EventType":"status_change","JobID":1100924353877278721,"JobType":"AUTO CREATE STATS","Description":"state changed to: running","PreviousStatus":"running","NewStatus":"running","RunNum":0}
I250824 14:30:50.093997 12693 sql/distsql_plan_stats.go:209 ⋮ [T1,Vsystem,n1,job=AUTO CREATE STATS id=1100924353877278721,create-stats-distsql] 245  using computed sample size of 10000 for histogram construction
I250824 14:30:51.429456 12693 1@jobs/structured_log.go:49 ⋮ [T1,Vsystem,n1] 246 ={"Timestamp":1756045851428994671,"EventType":"status_change","JobID":1100924353877278721,"JobType":"AUTO CREATE STATS","Description":"state changed to: succeeded","PreviousStatus":"running","NewStatus":"succeeded","RunNum":0}
I250824 14:31:02.907245 13029 kv/kvserver/mvcc_gc_queue.go:796 ⋮ [T1,Vsystem,n1,mvccGC,s1,r86/1:‹/{Table/134-Max}›] 247  GC still needed following GC, recomputing MVCC stats
I250824 14:31:02.908839 13029 kv/kvserver/mvcc_gc_queue.go:797 ⋮ [T1,Vsystem,n1,mvccGC,s1,r86/1:‹/{Table/134-Max}›] 248  old score ‹queue=true with 0.00/fuzz(0.95)=0.00=valScaleScore(0.00)*deadFrac(0.00)+intentScore(0.00)›
I250824 14:31:02.908839 13029 kv/kvserver/mvcc_gc_queue.go:797 ⋮ [T1,Vsystem,n1,mvccGC,s1,r86/1:‹/{Table/134-Max}›] 248 +‹likely last GC: 1m13.343180675s ago, 0 B non-live, curr. age 0 B*s, min exp. reduction: 0 B*s›
I250824 14:31:02.908839 13029 kv/kvserver/mvcc_gc_queue.go:797 ⋮ [T1,Vsystem,n1,mvccGC,s1,r86/1:‹/{Table/134-Max}›] 248 +‹hint: {0,0 1755445834.582834013,0 1755445834.587412388,0}›
I250824 14:31:02.910208 13029 kv/kvserver/mvcc_gc_queue.go:798 ⋮ [T1,Vsystem,n1,mvccGC,s1,r86/1:‹/{Table/134-Max}›] 249  new score ‹queue=true with 0.00/fuzz(0.95)=0.00=valScaleScore(0.00)*deadFrac(0.00)+intentScore(0.00)›
I250824 14:31:02.910208 13029 kv/kvserver/mvcc_gc_queue.go:798 ⋮ [T1,Vsystem,n1,mvccGC,s1,r86/1:‹/{Table/134-Max}›] 249 +‹likely last GC: 1m18.586820717s ago, 0 B non-live, curr. age 0 B*s, min exp. reduction: 0 B*s›
I250824 14:31:02.910208 13029 kv/kvserver/mvcc_gc_queue.go:798 ⋮ [T1,Vsystem,n1,mvccGC,s1,r86/1:‹/{Table/134-Max}›] 249 +‹hint: {0,0 1755445834.582834013,0 1755445834.587412388,0}›
I250824 14:31:45.939524 13706 kv/kvserver/mvcc_gc_queue.go:796 ⋮ [T1,Vsystem,n1,mvccGC,s1,r86/1:‹/{Table/134-Max}›] 250  GC still needed following GC, recomputing MVCC stats
I250824 14:31:45.950527 13706 kv/kvserver/mvcc_gc_queue.go:797 ⋮ [T1,Vsystem,n1,mvccGC,s1,r86/1:‹/{Table/134-Max}›] 251  old score ‹queue=true with 0.00/fuzz(0.95)=0.00=valScaleScore(0.00)*deadFrac(0.00)+intentScore(0.00)›
I250824 14:31:45.950527 13706 kv/kvserver/mvcc_gc_queue.go:797 ⋮ [T1,Vsystem,n1,mvccGC,s1,r86/1:‹/{Table/134-Max}›] 251 +‹likely last GC: 39.998691117s ago, 0 B non-live, curr. age 0 B*s, min exp. reduction: 0 B*s›
I250824 14:31:45.950527 13706 kv/kvserver/mvcc_gc_queue.go:797 ⋮ [T1,Vsystem,n1,mvccGC,s1,r86/1:‹/{Table/134-Max}›] 251 +‹hint: {0,0 1755445834.582834013,0 1755445834.587412388,0}›
I250824 14:31:45.951095 13706 kv/kvserver/mvcc_gc_queue.go:798 ⋮ [T1,Vsystem,n1,mvccGC,s1,r86/1:‹/{Table/134-Max}›] 252  new score ‹queue=true with 0.00/fuzz(0.95)=0.00=valScaleScore(0.00)*deadFrac(0.00)+intentScore(0.00)›
I250824 14:31:45.951095 13706 kv/kvserver/mvcc_gc_queue.go:798 ⋮ [T1,Vsystem,n1,mvccGC,s1,r86/1:‹/{Table/134-Max}›] 252 +‹likely last GC: 43.209153617s ago, 0 B non-live, curr. age 0 B*s, min exp. reduction: 0 B*s›
I250824 14:31:45.951095 13706 kv/kvserver/mvcc_gc_queue.go:798 ⋮ [T1,Vsystem,n1,mvccGC,s1,r86/1:‹/{Table/134-Max}›] 252 +‹hint: {0,0 1755445834.582834013,0 1755445834.587412388,0}›
I250824 14:31:51.487343 13877 1@jobs/structured_log.go:49 ⋮ [T1,Vsystem,n1] 253 ={"Timestamp":1756045911487305796,"EventType":"status_change","JobID":1100924555936006145,"JobType":"AUTO CREATE STATS","Description":"state changed to: running","PreviousStatus":"running","NewStatus":"running","RunNum":0}
I250824 14:31:51.489904 13877 sql/distsql_plan_stats.go:209 ⋮ [T1,Vsystem,n1,job=AUTO CREATE STATS id=1100924555936006145,create-stats-distsql] 254  using computed sample size of 10000 for histogram construction
I250824 14:31:51.565316 13877 1@jobs/structured_log.go:49 ⋮ [T1,Vsystem,n1] 255 ={"Timestamp":1756045911565312629,"EventType":"status_change","JobID":1100924555936006145,"JobType":"AUTO CREATE STATS","Description":"state changed to: succeeded","PreviousStatus":"running","NewStatus":"succeeded","RunNum":0}
I250824 14:32:11.659413 1974 sql/sql_activity_update_job.go:250 ⋮ [T1,Vsystem,n1,job=AUTO UPDATE SQL ACTIVITY id=103] 256  sql stats activity found no rows at 2025-08-24 14:00:00 +0000 UTC
I250824 14:32:11.662704 1974 sql/sql_activity_update_job.go:250 ⋮ [T1,Vsystem,n1,job=AUTO UPDATE SQL ACTIVITY id=103] 257  sql stats activity found no rows at 2025-08-24 13:00:00 +0000 UTC
I250824 14:32:28.582539 836 server/status/runtime_jemalloc.go:226 ⋮ [T1,Vsystem,n1] 258  jemalloc arenas purged (took 355.625µs)
I250824 14:32:48.226709 15030 kv/kvserver/mvcc_gc_queue.go:796 ⋮ [T1,Vsystem,n1,mvccGC,s1,r86/1:‹/{Table/134-Max}›] 259  GC still needed following GC, recomputing MVCC stats
I250824 14:32:48.227266 15030 kv/kvserver/mvcc_gc_queue.go:797 ⋮ [T1,Vsystem,n1,mvccGC,s1,r86/1:‹/{Table/134-Max}›] 260  old score ‹queue=true with 0.00/fuzz(0.95)=0.00=valScaleScore(0.00)*deadFrac(0.00)+intentScore(0.00)›
I250824 14:32:48.227266 15030 kv/kvserver/mvcc_gc_queue.go:797 ⋮ [T1,Vsystem,n1,mvccGC,s1,r86/1:‹/{Table/134-Max}›] 260 +‹likely last GC: 56.975264625s ago, 0 B non-live, curr. age 0 B*s, min exp. reduction: 0 B*s›
I250824 14:32:48.227266 15030 kv/kvserver/mvcc_gc_queue.go:797 ⋮ [T1,Vsystem,n1,mvccGC,s1,r86/1:‹/{Table/134-Max}›] 260 +‹hint: {0,0 1755445834.582834013,0 1755445834.587412388,0}›
I250824 14:32:48.228647 15030 kv/kvserver/mvcc_gc_queue.go:798 ⋮ [T1,Vsystem,n1,mvccGC,s1,r86/1:‹/{Table/134-Max}›] 261  new score ‹queue=true with 0.00/fuzz(0.95)=0.00=valScaleScore(0.00)*deadFrac(0.00)+intentScore(0.00)›
I250824 14:32:48.228647 15030 kv/kvserver/mvcc_gc_queue.go:798 ⋮ [T1,Vsystem,n1,mvccGC,s1,r86/1:‹/{Table/134-Max}›] 261 +‹likely last GC: 1m2.346104335s ago, 0 B non-live, curr. age 0 B*s, min exp. reduction: 0 B*s›
I250824 14:32:48.228647 15030 kv/kvserver/mvcc_gc_queue.go:798 ⋮ [T1,Vsystem,n1,mvccGC,s1,r86/1:‹/{Table/134-Max}›] 261 +‹hint: {0,0 1755445834.582834013,0 1755445834.587412388,0}›
I250824 14:34:16.540899 16650 kv/kvserver/mvcc_gc_queue.go:796 ⋮ [T1,Vsystem,n1,mvccGC,s1,r86/1:‹/{Table/134-Max}›] 262  GC still needed following GC, recomputing MVCC stats
I250824 14:34:16.541172 16650 kv/kvserver/mvcc_gc_queue.go:797 ⋮ [T1,Vsystem,n1,mvccGC,s1,r86/1:‹/{Table/134-Max}›] 263  old score ‹queue=true with 0.00/fuzz(0.95)=0.00=valScaleScore(0.00)*deadFrac(0.00)+intentScore(0.00)›
I250824 14:34:16.541172 16650 kv/kvserver/mvcc_gc_queue.go:797 ⋮ [T1,Vsystem,n1,mvccGC,s1,r86/1:‹/{Table/134-Max}›] 263 +‹likely last GC: 1m24.632051373s ago, 0 B non-live, curr. age 0 B*s, min exp. reduction: 0 B*s›
I250824 14:34:16.541172 16650 kv/kvserver/mvcc_gc_queue.go:797 ⋮ [T1,Vsystem,n1,mvccGC,s1,r86/1:‹/{Table/134-Max}›] 263 +‹hint: {0,0 1755445834.582834013,0 1755445834.587412388,0}›
I250824 14:34:16.541355 16650 kv/kvserver/mvcc_gc_queue.go:798 ⋮ [T1,Vsystem,n1,mvccGC,s1,r86/1:‹/{Table/134-Max}›] 264  new score ‹queue=true with 0.00/fuzz(0.95)=0.00=valScaleScore(0.00)*deadFrac(0.00)+intentScore(0.00)›
I250824 14:34:16.541355 16650 kv/kvserver/mvcc_gc_queue.go:798 ⋮ [T1,Vsystem,n1,mvccGC,s1,r86/1:‹/{Table/134-Max}›] 264 +‹likely last GC: 1m28.340886624s ago, 0 B non-live, curr. age 0 B*s, min exp. reduction: 0 B*s›
I250824 14:34:16.541355 16650 kv/kvserver/mvcc_gc_queue.go:798 ⋮ [T1,Vsystem,n1,mvccGC,s1,r86/1:‹/{Table/134-Max}›] 264 +‹hint: {0,0 1755445834.582834013,0 1755445834.587412388,0}›
I250824 14:34:28.584276 836 server/status/runtime_jemalloc.go:226 ⋮ [T1,Vsystem,n1] 265  jemalloc arenas purged (took 52.584µs)
I250824 14:34:41.609279 17077 kv/kvserver/mvcc_gc_queue.go:796 ⋮ [T1,Vsystem,n1,mvccGC,s1,r86/1:‹/{Table/134-Max}›] 266  GC still needed following GC, recomputing MVCC stats
I250824 14:34:41.609852 17077 kv/kvserver/mvcc_gc_queue.go:797 ⋮ [T1,Vsystem,n1,mvccGC,s1,r86/1:‹/{Table/134-Max}›] 267  old score ‹queue=true with 0.00/fuzz(0.95)=0.00=valScaleScore(0.00)*deadFrac(0.00)+intentScore(0.00)›
I250824 14:34:41.609852 17077 kv/kvserver/mvcc_gc_queue.go:797 ⋮ [T1,Vsystem,n1,mvccGC,s1,r86/1:‹/{Table/134-Max}›] 267 +‹likely last GC: 20.318664053s ago, 0 B non-live, curr. age 0 B*s, min exp. reduction: 0 B*s›
I250824 14:34:41.609852 17077 kv/kvserver/mvcc_gc_queue.go:797 ⋮ [T1,Vsystem,n1,mvccGC,s1,r86/1:‹/{Table/134-Max}›] 267 +‹hint: {0,0 1755445834.582834013,0 1755445834.587412388,0}›
I250824 14:34:41.610052 17077 kv/kvserver/mvcc_gc_queue.go:798 ⋮ [T1,Vsystem,n1,mvccGC,s1,r86/1:‹/{Table/134-Max}›] 268  new score ‹queue=true with 0.00/fuzz(0.95)=0.00=valScaleScore(0.00)*deadFrac(0.00)+intentScore(0.00)›
I250824 14:34:41.610052 17077 kv/kvserver/mvcc_gc_queue.go:798 ⋮ [T1,Vsystem,n1,mvccGC,s1,r86/1:‹/{Table/134-Max}›] 268 +‹likely last GC: 25.079951096s ago, 0 B non-live, curr. age 0 B*s, min exp. reduction: 0 B*s›
I250824 14:34:41.610052 17077 kv/kvserver/mvcc_gc_queue.go:798 ⋮ [T1,Vsystem,n1,mvccGC,s1,r86/1:‹/{Table/134-Max}›] 268 +‹hint: {0,0 1755445834.582834013,0 1755445834.587412388,0}›
I250824 14:35:32.826259 17793 kv/kvserver/mvcc_gc_queue.go:796 ⋮ [T1,Vsystem,n1,mvccGC,s1,r86/1:‹/{Table/134-Max}›] 269  GC still needed following GC, recomputing MVCC stats
I250824 14:35:32.828298 17793 kv/kvserver/mvcc_gc_queue.go:797 ⋮ [T1,Vsystem,n1,mvccGC,s1,r86/1:‹/{Table/134-Max}›] 270  old score ‹queue=true with 0.00/fuzz(0.95)=0.00=valScaleScore(0.00)*deadFrac(0.00)+intentScore(0.00)›
I250824 14:35:32.828298 17793 kv/kvserver/mvcc_gc_queue.go:797 ⋮ [T1,Vsystem,n1,mvccGC,s1,r86/1:‹/{Table/134-Max}›] 270 +‹likely last GC: 46.240222536s ago, 0 B non-live, curr. age 0 B*s, min exp. reduction: 0 B*s›
I250824 14:35:32.828298 17793 kv/kvserver/mvcc_gc_queue.go:797 ⋮ [T1,Vsystem,n1,mvccGC,s1,r86/1:‹/{Table/134-Max}›] 270 +‹hint: {0,0 1755445834.582834013,0 1755445834.587412388,0}›
I250824 14:35:32.829354 17793 kv/kvserver/mvcc_gc_queue.go:798 ⋮ [T1,Vsystem,n1,mvccGC,s1,r86/1:‹/{Table/134-Max}›] 271  new score ‹queue=true with 0.00/fuzz(0.95)=0.00=valScaleScore(0.00)*deadFrac(0.00)+intentScore(0.00)›
I250824 14:35:32.829354 17793 kv/kvserver/mvcc_gc_queue.go:798 ⋮ [T1,Vsystem,n1,mvccGC,s1,r86/1:‹/{Table/134-Max}›] 271 +‹likely last GC: 51.221388579s ago, 0 B non-live, curr. age 0 B*s, min exp. reduction: 0 B*s›
I250824 14:35:32.829354 17793 kv/kvserver/mvcc_gc_queue.go:798 ⋮ [T1,Vsystem,n1,mvccGC,s1,r86/1:‹/{Table/134-Max}›] 271 +‹hint: {0,0 1755445834.582834013,0 1755445834.587412388,0}›
I250824 14:36:28.640721 836 server/status/runtime_jemalloc.go:226 ⋮ [T1,Vsystem,n1] 272  jemalloc arenas purged (took 56.5µs)
I250824 14:37:02.395655 19545 kv/kvserver/mvcc_gc_queue.go:796 ⋮ [T1,Vsystem,n1,mvccGC,s1,r86/1:‹/{Table/134-Max}›] 273  GC still needed following GC, recomputing MVCC stats
I250824 14:37:02.397529 19545 kv/kvserver/mvcc_gc_queue.go:797 ⋮ [T1,Vsystem,n1,mvccGC,s1,r86/1:‹/{Table/134-Max}›] 274  old score ‹queue=true with 0.00/fuzz(0.95)=0.00=valScaleScore(0.00)*deadFrac(0.00)+intentScore(0.00)›
I250824 14:37:02.397529 19545 kv/kvserver/mvcc_gc_queue.go:797 ⋮ [T1,Vsystem,n1,mvccGC,s1,r86/1:‹/{Table/134-Max}›] 274 +‹likely last GC: 1m25.13402125s ago, 0 B non-live, curr. age 0 B*s, min exp. reduction: 0 B*s›
I250824 14:37:02.397529 19545 kv/kvserver/mvcc_gc_queue.go:797 ⋮ [T1,Vsystem,n1,mvccGC,s1,r86/1:‹/{Table/134-Max}›] 274 +‹hint: {0,0 1755445834.582834013,0 1755445834.587412388,0}›
I250824 14:37:02.401439 19545 kv/kvserver/mvcc_gc_queue.go:798 ⋮ [T1,Vsystem,n1,mvccGC,s1,r86/1:‹/{Table/134-Max}›] 275  new score ‹queue=true with 0.00/fuzz(0.95)=0.00=valScaleScore(0.00)*deadFrac(0.00)+intentScore(0.00)›
I250824 14:37:02.401439 19545 kv/kvserver/mvcc_gc_queue.go:798 ⋮ [T1,Vsystem,n1,mvccGC,s1,r86/1:‹/{Table/134-Max}›] 275 +‹likely last GC: 1m29.591884709s ago, 0 B non-live, curr. age 0 B*s, min exp. reduction: 0 B*s›
I250824 14:37:02.401439 19545 kv/kvserver/mvcc_gc_queue.go:798 ⋮ [T1,Vsystem,n1,mvccGC,s1,r86/1:‹/{Table/134-Max}›] 275 +‹hint: {0,0 1755445834.582834013,0 1755445834.587412388,0}›
I250824 14:37:41.352339 1 1@cli/start.go:993 ⋮ [T1,Vsystem,n1] 276  received signal 'terminated'
I250824 14:37:41.355208 1 1@cli/start.go:1034 ⋮ [T1,Vsystem,n1] 277  initiating graceful shutdown of server
I250824 14:37:41.372579 20315 server/drain.go:353 ⋮ [T1,Vsystem,n1,server drain process,call-graceful-drain] 278  all tenant servers stopped
I250824 14:37:41.374392 20315 1@server/drain.go:399 ⋮ [T1,Vsystem,n1,server drain process,call-graceful-drain] 279  waiting for health probes to notice that the node is not ready for new sql connections
I250824 14:37:44.377659 20125 1@server/drain.go:513 ⋮ [T1,Vsystem,n1,server drain process,call-graceful-drain] 280  number of open connections: 0
I250824 14:37:46.359607 20316 1@cli/start.go:1046 ⋮ [T1,Vsystem,n1] 281  371 running tasks
I250824 14:37:51.359581 20316 1@cli/start.go:1046 ⋮ [T1,Vsystem,n1] 282  370 running tasks
