I250821 10:03:33.019138 1 util/log/file_sync_buffer.go:237 ⋮ [config]   file created at: 2025/08/21 10:03:33
I250821 10:03:33.019159 1 util/log/file_sync_buffer.go:237 ⋮ [config]   running on machine: ‹eab30339867e›
I250821 10:03:33.019170 1 util/log/file_sync_buffer.go:237 ⋮ [config]   binary: CockroachDB CCL v25.2.0 (aarch64-unknown-linux-gnu, built 2025/05/15 21:07:42, go1.23.7 X:nocoverageredesign)
I250821 10:03:33.019175 1 util/log/file_sync_buffer.go:237 ⋮ [config]   arguments: [‹/cockroach/cockroach› ‹start-single-node› ‹--certs-dir=certs› ‹--advertise-addr=127.0.0.1:26257› ‹--insecure› ‹--http-addr=0.0.0.0:8080›]
I250821 10:03:33.019194 1 util/log/file_sync_buffer.go:237 ⋮ [config]   log format (utf8=✓): crdb-v2
I250821 10:03:33.019197 1 util/log/file_sync_buffer.go:237 ⋮ [config]   line format: [IWEF]yymmdd hh:mm:ss.uuuuuu goid [chan@]file:line redactionmark \[tags\] [counter] msg
W250821 10:03:33.008776 1 1@cli/start.go:1438 ⋮ [n?] 1  ALL SECURITY CONTROLS HAVE BEEN DISABLED!
W250821 10:03:33.008776 1 1@cli/start.go:1438 ⋮ [n?] 1 +
W250821 10:03:33.008776 1 1@cli/start.go:1438 ⋮ [n?] 1 +This mode is intended for non-production testing only.
W250821 10:03:33.008776 1 1@cli/start.go:1438 ⋮ [n?] 1 +
W250821 10:03:33.008776 1 1@cli/start.go:1438 ⋮ [n?] 1 +In this mode:
W250821 10:03:33.008776 1 1@cli/start.go:1438 ⋮ [n?] 1 +- Your cluster is open to any client that can access ‹any of your IP addresses›.
W250821 10:03:33.008776 1 1@cli/start.go:1438 ⋮ [n?] 1 +- Intruders with access to your machine or network can observe client-server traffic.
W250821 10:03:33.008776 1 1@cli/start.go:1438 ⋮ [n?] 1 +- Intruders can log in without password and read or write any data in the cluster.
W250821 10:03:33.008776 1 1@cli/start.go:1438 ⋮ [n?] 1 +- Intruders can consume all your server's resources and cause unavailability.
I250821 10:03:33.056759 1 1@cli/start.go:1448 ⋮ [n?] 2  To start a secure server without mandating TLS for clients,
I250821 10:03:33.056759 1 1@cli/start.go:1448 ⋮ [n?] 2 +consider --accept-sql-without-tls instead. For other options, see:
I250821 10:03:33.056759 1 1@cli/start.go:1448 ⋮ [n?] 2 +
I250821 10:03:33.056759 1 1@cli/start.go:1448 ⋮ [n?] 2 +- https://go.crdb.dev/issue-v/53404/v25.2
I250821 10:03:33.056759 1 1@cli/start.go:1448 ⋮ [n?] 2 +- https://www.cockroachlabs.com/docs/v25.2/secure-a-cluster.html
I250821 10:03:33.057264 1 server/status/recorder.go:856 ⋮ [n?] 3  ‹available memory from cgroups (8.0 EiB) is unsupported, using system memory 8.7 GiB instead: ›
W250821 10:03:33.057337 1 1@cli/start.go:1360 ⋮ [n?] 4  Using the default setting for --cache (128 MiB).
W250821 10:03:33.057337 1 1@cli/start.go:1360 ⋮ [n?] 4 +  A significantly larger value is usually needed for good performance.
W250821 10:03:33.057337 1 1@cli/start.go:1360 ⋮ [n?] 4 +  If you have a dedicated server a reasonable setting is --cache=.25 (2.2 GiB).
I250821 10:03:33.058969 1 server/status/recorder.go:856 ⋮ [n?] 5  ‹available memory from cgroups (8.0 EiB) is unsupported, using system memory 8.7 GiB instead: ›
I250821 10:03:33.059003 1 1@cli/start.go:1477 ⋮ [n?] 6  CockroachDB CCL v25.2.0 (aarch64-unknown-linux-gnu, built 2025/05/15 21:07:42, go1.23.7 X:nocoverageredesign)
I250821 10:03:33.059656 1 server/status/recorder.go:856 ⋮ [n?] 7  ‹available memory from cgroups (8.0 EiB) is unsupported, using system memory 8.7 GiB instead: ›
I250821 10:03:33.059679 1 1@cli/start.go:554 ⋮ [n?] 8  soft memory limit of Go runtime is set to 4.9 GiB
I250821 10:03:33.059704 1 1@cli/start.go:591 ⋮ [n?] 9  GC target percentage of Go runtime is set to 300%
I250821 10:03:33.188146 1 server/status/recorder.go:856 ⋮ [T1,Vsystem,n?] 10  ‹available memory from cgroups (8.0 EiB) is unsupported, using system memory 8.7 GiB instead: ›
I250821 10:03:33.188182 1 server/config.go:674 ⋮ [T1,Vsystem,n?] 11  system total memory: 8.7 GiB
I250821 10:03:33.188511 1 server/config.go:676 ⋮ [T1,Vsystem,n?] 12  server configuration:
I250821 10:03:33.188511 1 server/config.go:676 ⋮ [T1,Vsystem,n?] 12 +max offset             500000000
I250821 10:03:33.188511 1 server/config.go:676 ⋮ [T1,Vsystem,n?] 12 +cache size             128 MiB
I250821 10:03:33.188511 1 server/config.go:676 ⋮ [T1,Vsystem,n?] 12 +SQL memory pool size   2.2 GiB
I250821 10:03:33.188511 1 server/config.go:676 ⋮ [T1,Vsystem,n?] 12 +scan interval          10m0s
I250821 10:03:33.188511 1 server/config.go:676 ⋮ [T1,Vsystem,n?] 12 +scan min idle time     10ms
I250821 10:03:33.188511 1 server/config.go:676 ⋮ [T1,Vsystem,n?] 12 +scan max idle time     1s
I250821 10:03:33.188511 1 server/config.go:676 ⋮ [T1,Vsystem,n?] 12 +event log enabled      true
I250821 10:03:33.188854 1 1@cli/start.go:1338 ⋮ [T1,Vsystem,n?] 13  using local environment variables:
I250821 10:03:33.188854 1 1@cli/start.go:1338 ⋮ [T1,Vsystem,n?] 13 +COCKROACH_CHANNEL=official-docker
I250821 10:03:33.188891 1 1@cli/start.go:1345 ⋮ [T1,Vsystem,n?] 14  process identity: uid 0 euid 0 gid 0 egid 0
I250821 10:03:33.237019 1 1@cli/start.go:1500 ⋮ [T1,Vsystem,n?] 15  GEOS loaded from directory ‹/usr/local/lib/cockroach›
I250821 10:03:33.239799 1 1@cli/start.go:777 ⋮ [T1,Vsystem,n?] 16  starting cockroach node
I250821 10:03:34.032542 94 server/config.go:880 ⋮ [T1,Vsystem,n?] 17  1 storage engine initialized
I250821 10:03:34.032582 94 server/config.go:883 ⋮ [T1,Vsystem,n?] 18  Pebble cache size: 128 MiB
I250821 10:03:34.032592 94 server/config.go:883 ⋮ [T1,Vsystem,n?] 19  store 0: max size 0 B, max open file limit 1043576
I250821 10:03:34.032597 94 server/config.go:883 ⋮ [T1,Vsystem,n?] 20  store 0: /cockroach/cockroach-data: rw encrypted=false fs:{bdev=/run/host_mark/Users fstype=fakeowner mountpoint=/cockroach/cockroach-data mountopts=rw,nosuid,nodev,relatime,fakeowner}
I250821 10:03:34.047345 39 util/cidr/cidr.go:299 ⋮ [T1,Vsystem,n?] 21  CIDR lookup updated with 0 destinations
I250821 10:03:34.147084 94 1@server/clock_monotonicity.go:61 ⋮ [T1,Vsystem,n?] 22  monitoring forward clock jumps based on server.clock.forward_jump_check.enabled
I250821 10:03:34.247851 94 1@server/clock_monotonicity.go:136 ⋮ [T1,Vsystem,n1] 23  Sleeping till wall time 1755770614247847341 to catches up to 1755770614647043259 to ensure monotonicity. Sub: 399.195918ms
I250821 10:03:34.248583 580 1@server/server.go:1802 ⋮ [T1,Vsystem,n1] 24  connecting to gossip network to verify cluster ID "7c4e678d-486f-4806-8e59-dd3b5b489461"
W250821 10:03:34.647339 94 1@cli/start.go:1299 ⋮ [T1,Vsystem,n1] 25  Running a server without --sql-addr, with a combined RPC/SQL listener, is deprecated.
W250821 10:03:34.647339 94 1@cli/start.go:1299 ⋮ [T1,Vsystem,n1] 25 +This feature will be removed in a later version of CockroachDB.
W250821 10:03:34.647411 94 1@gossip/gossip.go:1460 ⋮ [T1,Vsystem,n1] 26  no addresses found; use --join to specify a connected node
I250821 10:03:34.722855 603 kv/kvserver/kvstorage/init.go:250 ⋮ [T1,Vsystem,n1,s1] 27  beginning range descriptor iteration
I250821 10:03:34.724094 603 kv/kvserver/kvstorage/init.go:374 ⋮ [T1,Vsystem,n1,s1] 28  range descriptor iteration done: 58 range descriptors, 0 intents, 0 tombstones; stats: ‹seeked 120 times (61 internal); stepped 0 times (0 internal); blocks: 152KB cached, 12KB not cached (read time: 400.792µs); points: 59 (1.2KB keys, 1.8KB values); separated: 6 (343B, 0B fetched)›
I250821 10:03:34.757603 603 kv/kvserver/kvstorage/init.go:501 ⋮ [T1,Vsystem,n1,s1] 29  loaded replica ID for 58/58 replicas
I250821 10:03:34.761880 603 kv/kvserver/kvstorage/init.go:518 ⋮ [T1,Vsystem,n1,s1] 30  loaded Raft state for 58/58 replicas
I250821 10:03:34.761935 603 kv/kvserver/kvstorage/init.go:545 ⋮ [T1,Vsystem,n1,s1] 31  loaded 58 replicas
I250821 10:03:34.761962 603 kv/kvserver/kvstorage/init.go:576 ⋮ [T1,Vsystem,n1,s1] 32  verified 58/58 replicas
I250821 10:03:34.837886 603 kv/kvserver/store.go:2369 ⋮ [T1,Vsystem,n1,s1] 33  initialized 58/58 replicas
I250821 10:03:34.838761 603 server/node.go:690 ⋮ [T1,Vsystem,n1] 34  initialized store s1 in 182ms (58 replicas)
I250821 10:03:34.838976 94 kv/kvserver/stores.go:261 ⋮ [T1,Vsystem,n1] 35  read 0 node addresses from persistent storage
I250821 10:03:34.843515 94 server/node.go:801 ⋮ [T1,Vsystem,n1] 36  started with attributes []
I250821 10:03:34.843592 94 server/goroutinedumper/goroutinedumper.go:117 ⋮ [T1,Vsystem,n1] 37  writing goroutine dumps to ‹/cockroach/cockroach-data/logs/goroutine_dump›
I250821 10:03:34.843698 94 server/profiler/heapprofiler.go:72 ⋮ [T1,Vsystem,n1] 38  writing go heap profiles to ‹/cockroach/cockroach-data/logs/heap_profiler› at least every 1h0m0s
I250821 10:03:34.843714 94 server/profiler/memory_monitoring_profiler.go:66 ⋮ [T1,Vsystem,n1] 39  writing memory monitoring dumps to ‹/cockroach/cockroach-data/logs/heap_profiler› at least every 1h0m0s
I250821 10:03:34.843718 94 server/profiler/cgoprofiler.go:66 ⋮ [T1,Vsystem,n1] 40  to enable jmalloc profiling: "export MALLOC_CONF=prof:true" or "ln -s prof:true /etc/malloc.conf"
I250821 10:03:34.843977 94 server/profiler/statsprofiler.go:68 ⋮ [T1,Vsystem,n1] 41  writing memory stats to ‹/cockroach/cockroach-data/logs/heap_profiler› at last every 1h0m0s
I250821 10:03:34.844112 94 server/profiler/activequeryprofiler.go:88 ⋮ [T1,Vsystem,n1] 42  writing go query profiles to ‹/cockroach/cockroach-data/logs/heap_profiler›
I250821 10:03:34.844132 94 server/profiler/cpuprofiler.go:87 ⋮ [T1,Vsystem,n1] 43  writing cpu profile dumps to ‹/cockroach/cockroach-data/logs/pprof_dump›
I250821 10:03:34.844400 94 1@server/server.go:1999 ⋮ [T1,Vsystem,n1] 44  starting http server at ‹[::]:8080› (use: ‹127.0.0.1:8080›)
I250821 10:03:34.844587 94 1@server/server.go:2007 ⋮ [T1,Vsystem,n1] 45  starting grpc/postgres server at ‹[::]:26257›
I250821 10:03:34.844597 94 1@server/server.go:2008 ⋮ [T1,Vsystem,n1] 46  advertising CockroachDB node at ‹127.0.0.1:26257›
I250821 10:03:34.859817 580 1@server/server.go:1805 ⋮ [T1,Vsystem,n1] 47  node connected via gossip
I250821 10:03:34.883759 680 kv/kvserver/storeliveness/support_manager.go:285 ⋮ [T1,Vsystem,n1,s1] 48  starting to heartbeat store {NodeID:1 StoreID:1}
I250821 10:03:34.882564 705 kv/kvserver/queue.go:612 ⋮ [T1,Vsystem,n1,s1,r24/1:‹/Table/2{1-2}›,raft] 49  rate limited in MaybeAdd (replicate): throttled on async limiting semaphore
I250821 10:03:34.902217 680 kv/kvserver/storeliveness/supporter_state.go:298 ⋮ [T1,Vsystem,n1,s1] 50  provided support for store {NodeID:1 StoreID:1}; old = {Target:{NodeID:1 StoreID:1} Epoch:59 Expiration:1755733256.976195713,0}, new = {Target:{NodeID:1 StoreID:1} Epoch:60 Expiration:1755770617.883810966,0}
I250821 10:03:34.927247 680 kv/kvserver/storeliveness/requester_state.go:425 ⋮ [T1,Vsystem,n1,s1] 51  received support from store {NodeID:1 StoreID:1}; old = {Target:{NodeID:1 StoreID:1} Epoch:60 Expiration:0,0}, new = {Target:{NodeID:1 StoreID:1} Epoch:60 Expiration:1755770617.883810966,0}
I250821 10:03:34.984366 94 1@util/log/event_log.go:39 ⋮ [T1,Vsystem,n1] 52 ={"Timestamp":1755770614984362091,"EventType":"node_restart","NodeID":1,"StartedAt":1755770614647535174,"LastUp":1755733254058504630}
I250821 10:03:34.987467 415 kv/kvclient/rangefeed/rangefeedcache/watcher.go:340 ⋮ [T1,Vsystem,n1] 53  settings-watcher: established range feed cache
I250821 10:03:34.993090 413 kv/kvclient/rangefeed/rangefeedcache/watcher.go:340 ⋮ [T1,Vsystem,n1] 54  spanconfig-subscriber: established range feed cache
I250821 10:03:35.023371 94 sql/sqlliveness/slinstance/slinstance.go:435 ⋮ [T1,Vsystem,n1] 55  starting SQL liveness instance
I250821 10:03:35.062742 1189 kv/kvserver/replica_rangefeed.go:882 ⋮ [T1,Vsystem,n1,rangefeed=‹spanconfig-subscriber›,mux_n=1,gen=2,r50/1:‹/Table/4{7-8}›,sm=1,sid=1,s1] 56  RangeFeed closed timestamp 1755732721.003276010,0 is behind by 10h31m34.059462623s (behind=10h31m34.059462623s target=3s nudge=true cancel=false)
I250821 10:03:35.064814 689 sql/sqlliveness/slstorage/slstorage.go:540 ⋮ [T1,Vsystem,n1] 57  inserted sqlliveness session 0101800dfb16f370d8498c8bd510e734262673 with expiry 1755770655.023483425,0
I250821 10:03:35.064863 689 sql/sqlliveness/slinstance/slinstance.go:247 ⋮ [T1,Vsystem,n1] 58  created new SQL liveness session 0101800dfb16f370d8498c8bd510e734262673
I250821 10:03:35.064878 94 sql/sqlinstance/instancestorage/instancestorage.go:338 ⋮ [T1,Vsystem,n1] 59  assigning instance id to rpc addr ‹127.0.0.1:26257› and sql addr ‹127.0.0.1:26257›
I250821 10:03:35.069908 94 server/server_sql.go:1618 ⋮ [T1,Vsystem,n1] 60  bound sqlinstance: Instance{RegionPrefix: gA==, InstanceID: 1, SQLAddr: ‹127.0.0.1:26257›, RPCAddr: ‹127.0.0.1:26257›, SessionID: 0101800dfb16f370d8498c8bd510e734262673, Locality: , BinaryVersion: 25.2}
I250821 10:03:35.070505 94 upgrade/upgrademanager/manager.go:171 ⋮ [T1,Vsystem,n1] 61  running permanent upgrades up to version: 25.2
I250821 10:03:35.071736 1162 sql/sqlstats/persistedsqlstats/provider.go:159 ⋮ [T1,Vsystem,n1] 62  starting sql-stats-worker with initial delay: 8m45.01466363s
I250821 10:03:35.072449 1223 kv/kvclient/rangefeed/rangefeedcache/watcher.go:340 ⋮ [T1,Vsystem,n1] 63  system-config-cache: established range feed cache
I250821 10:03:35.073088 1159 sql/temporary_schema.go:506 ⋮ [T1,Vsystem,n1] 64  running temporary object cleanup background job
I250821 10:03:35.128321 1159 sql/temporary_schema.go:556 ⋮ [T1,Vsystem,n1] 65  found 0 temporary schemas
I250821 10:03:35.128368 1159 sql/temporary_schema.go:559 ⋮ [T1,Vsystem,n1] 66  early exiting temporary schema cleaner as no temporary schemas were found
I250821 10:03:35.128378 1159 sql/temporary_schema.go:560 ⋮ [T1,Vsystem,n1] 67  completed temporary object cleanup job
I250821 10:03:35.128402 1159 sql/temporary_schema.go:641 ⋮ [T1,Vsystem,n1] 68  temporary object cleaner next scheduled to run at 2025-08-21 10:33:35.07136055 +0000 UTC m=+1804.310484670
I250821 10:03:35.208977 94 upgrade/upgrademanager/manager.go:233 ⋮ [T1,Vsystem,n1] 69  detected the last permanent upgrade (v0.0-upgrading-step-004) to have already completed; no permanent upgrades will run
I250821 10:03:35.209011 94 server/server_sql.go:1720 ⋮ [T1,Vsystem,n1] 70  done ensuring all necessary startup migrations have run
I250821 10:03:35.209348 94 server/license/enforcer.go:262 ⋮ [T1,Vsystem,n1] 71  trial license expiry initialized to 1970-01-01 00:00:00 +0000 UTC
I250821 10:03:35.209383 94 server/license/enforcer.go:298 ⋮ [T1,Vsystem,n1] 72  fetched existing cluster init grace period end time: 2025-08-24 14:50:24 +0000 UTC
I250821 10:03:35.209440 94 server/license/enforcer.go:498 ⋮ [T1,Vsystem,n1] 73  enforcer license updated: type is none, grace period ends at "2025-08-24 14:50:24 +0000 UTC", telemetry required: false
I250821 10:03:35.209448 94 server/license/enforcer.go:498 ⋮ [T1,Vsystem,n1] 74  enforcer license updated: type is none, grace period ends at "2025-08-24 14:50:24 +0000 UTC", telemetry required: false
I250821 10:03:35.269409 1479 sql/syntheticprivilegecache/cache.go:202 ⋮ [T1,Vsystem,n1] 75  warmed privileges for virtual tables in 56.705ms
I250821 10:03:35.269565 1470 sql/sqlliveness/slstorage/slstorage.go:391 ⋮ [n1,intExec=query-lease-table-dead-sessions] 76  deleted session 010180a685a8b89ece46409addeb86e1c37c9c which expired at 1755733293.465535505,0
I250821 10:03:35.319117 1481 jobs/job_scheduler.go:407 ⋮ [T1,Vsystem,n1] 77  waiting 2m0s before scheduled jobs daemon start
I250821 10:03:35.319676 1446 kv/kvclient/rangefeed/rangefeedcache/watcher.go:340 ⋮ [T1,Vsystem,n1] 78  tenant-settings-watcher: established range feed cache
I250821 10:03:35.319791 1448 kv/kvclient/rangefeed/rangefeedcache/watcher.go:340 ⋮ [T1,Vsystem,n1] 79  tenant-entry-watcher: established range feed cache
I250821 10:03:35.319902 1448 multitenant/tenantcapabilities/tenantcapabilitieswatcher/watcher.go:285 ⋮ [T1,Vsystem,n1] 80  received results of a full table scan for tenant capabilities
I250821 10:03:35.388637 1487 server/auto_upgrade.go:81 ⋮ [T1,Vsystem,n1] 81  no need to upgrade, cluster already at the newest version
I250821 10:03:35.391300 94 server/license/enforcer.go:582 ⋮ [T1,Vsystem,n1] 82  disable all license enforcement
I250821 10:03:35.391325 94 1@server/server_sql.go:1971 ⋮ [T1,Vsystem,n1] 83  serving sql connections
I250821 10:03:35.391395 94 1@cli/start.go:1286 ⋮ [T1,Vsystem,n1] 84  node startup completed:
I250821 10:03:35.391395 94 1@cli/start.go:1286 ⋮ [T1,Vsystem,n1] 84 +CockroachDB node starting at 2025-08-21 10:03:35.3913368 +0000 UTC m=+4.630460961 (took 3.1s)
I250821 10:03:35.391395 94 1@cli/start.go:1286 ⋮ [T1,Vsystem,n1] 84 +build:               CCL v25.2.0 @ 2025/05/15 21:07:42 (go1.23.7 X:nocoverageredesign)
I250821 10:03:35.391395 94 1@cli/start.go:1286 ⋮ [T1,Vsystem,n1] 84 +malloc_conf:         prof:false,prof_active:true,background_thread:true,thp:never,metadata_thp:disabled,narenas:48,dirty_decay_ms:2000,muzzy_decay_ms:0
I250821 10:03:35.391395 94 1@cli/start.go:1286 ⋮ [T1,Vsystem,n1] 84 +webui:               ‹http://127.0.0.1:8080›
I250821 10:03:35.391395 94 1@cli/start.go:1286 ⋮ [T1,Vsystem,n1] 84 +sql:                 ‹postgresql://root@127.0.0.1:26257/defaultdb?sslmode=disable›
I250821 10:03:35.391395 94 1@cli/start.go:1286 ⋮ [T1,Vsystem,n1] 84 +sql (JDBC):          ‹jdbc:postgresql://127.0.0.1:26257/defaultdb?sslmode=disable&user=root›
I250821 10:03:35.391395 94 1@cli/start.go:1286 ⋮ [T1,Vsystem,n1] 84 +RPC client flags:    ‹/cockroach/cockroach <client cmd> --host=127.0.0.1:26257 --insecure›
I250821 10:03:35.391395 94 1@cli/start.go:1286 ⋮ [T1,Vsystem,n1] 84 +logs:                ‹/cockroach/cockroach-data/logs›
I250821 10:03:35.391395 94 1@cli/start.go:1286 ⋮ [T1,Vsystem,n1] 84 +temp dir:            ‹/cockroach/cockroach-data/cockroach-temp446631819›
I250821 10:03:35.391395 94 1@cli/start.go:1286 ⋮ [T1,Vsystem,n1] 84 +external I/O path:   ‹/cockroach/cockroach-data/extern›
I250821 10:03:35.391395 94 1@cli/start.go:1286 ⋮ [T1,Vsystem,n1] 84 +store[0]:            ‹path=/cockroach/cockroach-data›
I250821 10:03:35.391395 94 1@cli/start.go:1286 ⋮ [T1,Vsystem,n1] 84 +clusterID:           7c4e678d-486f-4806-8e59-dd3b5b489461
I250821 10:03:35.391395 94 1@cli/start.go:1286 ⋮ [T1,Vsystem,n1] 84 +status:              restarted pre-existing node
I250821 10:03:35.391395 94 1@cli/start.go:1286 ⋮ [T1,Vsystem,n1] 84 +nodeID:              1
I250821 10:03:35.560156 1706 sql/catalog/lease/lease.go:2467 ⋮ [T1,Vsystem,n1] 85  released orphaned lease: ID=6 ver=1 expiration={0001-01-01 00:00:00 +0000 UTC}
I250821 10:03:35.560404 1702 sql/catalog/lease/lease.go:2467 ⋮ [T1,Vsystem,n1] 86  released orphaned lease: ID=1 ver=1 expiration={0001-01-01 00:00:00 +0000 UTC}
I250821 10:03:35.560495 1703 sql/catalog/lease/lease.go:2467 ⋮ [T1,Vsystem,n1] 87  released orphaned lease: ID=3 ver=1 expiration={0001-01-01 00:00:00 +0000 UTC}
I250821 10:03:35.560589 1704 sql/catalog/lease/lease.go:2467 ⋮ [T1,Vsystem,n1] 88  released orphaned lease: ID=4 ver=1 expiration={0001-01-01 00:00:00 +0000 UTC}
I250821 10:03:35.560654 1705 sql/catalog/lease/lease.go:2467 ⋮ [T1,Vsystem,n1] 89  released orphaned lease: ID=5 ver=1 expiration={0001-01-01 00:00:00 +0000 UTC}
I250821 10:03:35.580754 1710 sql/catalog/lease/lease.go:2467 ⋮ [T1,Vsystem,n1] 90  released orphaned lease: ID=11 ver=1 expiration={0001-01-01 00:00:00 +0000 UTC}
I250821 10:03:35.581160 1708 sql/catalog/lease/lease.go:2467 ⋮ [T1,Vsystem,n1] 91  released orphaned lease: ID=8 ver=1 expiration={0001-01-01 00:00:00 +0000 UTC}
I250821 10:03:35.581273 1707 sql/catalog/lease/lease.go:2467 ⋮ [T1,Vsystem,n1] 92  released orphaned lease: ID=7 ver=1 expiration={0001-01-01 00:00:00 +0000 UTC}
I250821 10:03:35.581286 1709 sql/catalog/lease/lease.go:2467 ⋮ [T1,Vsystem,n1] 93  released orphaned lease: ID=9 ver=1 expiration={0001-01-01 00:00:00 +0000 UTC}
I250821 10:03:35.581703 1711 sql/catalog/lease/lease.go:2467 ⋮ [T1,Vsystem,n1] 94  released orphaned lease: ID=12 ver=1 expiration={0001-01-01 00:00:00 +0000 UTC}
I250821 10:03:35.582758 1717 sql/catalog/lease/lease.go:2467 ⋮ [T1,Vsystem,n1] 95  released orphaned lease: ID=14 ver=1 expiration={0001-01-01 00:00:00 +0000 UTC}
I250821 10:03:35.583393 1629 sql/catalog/lease/lease.go:2467 ⋮ [T1,Vsystem,n1] 96  released orphaned lease: ID=19 ver=1 expiration={0001-01-01 00:00:00 +0000 UTC}
I250821 10:03:35.583529 1718 sql/catalog/lease/lease.go:2467 ⋮ [T1,Vsystem,n1] 97  released orphaned lease: ID=15 ver=1 expiration={0001-01-01 00:00:00 +0000 UTC}
I250821 10:03:35.583648 1730 sql/catalog/lease/lease.go:2467 ⋮ [T1,Vsystem,n1] 98  released orphaned lease: ID=13 ver=1 expiration={0001-01-01 00:00:00 +0000 UTC}
I250821 10:03:35.588469 1630 sql/catalog/lease/lease.go:2467 ⋮ [T1,Vsystem,n1] 99  released orphaned lease: ID=20 ver=1 expiration={0001-01-01 00:00:00 +0000 UTC}
I250821 10:03:35.589419 1734 sql/catalog/lease/lease.go:2467 ⋮ [T1,Vsystem,n1] 100  released orphaned lease: ID=25 ver=1 expiration={0001-01-01 00:00:00 +0000 UTC}
I250821 10:03:35.589630 1732 sql/catalog/lease/lease.go:2467 ⋮ [T1,Vsystem,n1] 101  released orphaned lease: ID=23 ver=1 expiration={0001-01-01 00:00:00 +0000 UTC}
I250821 10:03:35.590024 1733 sql/catalog/lease/lease.go:2467 ⋮ [T1,Vsystem,n1] 102  released orphaned lease: ID=24 ver=1 expiration={0001-01-01 00:00:00 +0000 UTC}
I250821 10:03:35.590430 1731 sql/catalog/lease/lease.go:2467 ⋮ [T1,Vsystem,n1] 103  released orphaned lease: ID=21 ver=1 expiration={0001-01-01 00:00:00 +0000 UTC}
I250821 10:03:35.612114 1712 sql/catalog/lease/lease.go:2467 ⋮ [T1,Vsystem,n1] 104  released orphaned lease: ID=26 ver=1 expiration={0001-01-01 00:00:00 +0000 UTC}
I250821 10:03:35.614020 1737 sql/catalog/lease/lease.go:2467 ⋮ [T1,Vsystem,n1] 105  released orphaned lease: ID=27 ver=1 expiration={0001-01-01 00:00:00 +0000 UTC}
I250821 10:03:35.614441 1670 sql/catalog/lease/lease.go:2467 ⋮ [T1,Vsystem,n1] 106  released orphaned lease: ID=28 ver=1 expiration={0001-01-01 00:00:00 +0000 UTC}
I250821 10:03:35.614771 1658 sql/catalog/lease/lease.go:2467 ⋮ [T1,Vsystem,n1] 107  released orphaned lease: ID=30 ver=1 expiration={0001-01-01 00:00:00 +0000 UTC}
I250821 10:03:35.615136 1438 sql/catalog/lease/lease.go:2467 ⋮ [T1,Vsystem,n1] 108  released orphaned lease: ID=31 ver=1 expiration={0001-01-01 00:00:00 +0000 UTC}
I250821 10:03:35.617663 1547 sql/catalog/lease/lease.go:2467 ⋮ [T1,Vsystem,n1] 109  released orphaned lease: ID=36 ver=1 expiration={0001-01-01 00:00:00 +0000 UTC}
I250821 10:03:35.617697 1545 sql/catalog/lease/lease.go:2467 ⋮ [T1,Vsystem,n1] 110  released orphaned lease: ID=34 ver=1 expiration={0001-01-01 00:00:00 +0000 UTC}
I250821 10:03:35.617962 1546 sql/catalog/lease/lease.go:2467 ⋮ [T1,Vsystem,n1] 111  released orphaned lease: ID=35 ver=1 expiration={0001-01-01 00:00:00 +0000 UTC}
I250821 10:03:35.618218 1719 sql/catalog/lease/lease.go:2467 ⋮ [T1,Vsystem,n1] 112  released orphaned lease: ID=32 ver=1 expiration={0001-01-01 00:00:00 +0000 UTC}
I250821 10:03:35.617663 1544 sql/catalog/lease/lease.go:2467 ⋮ [T1,Vsystem,n1] 113  released orphaned lease: ID=33 ver=1 expiration={0001-01-01 00:00:00 +0000 UTC}
I250821 10:03:35.625387 1631 sql/catalog/lease/lease.go:2467 ⋮ [T1,Vsystem,n1] 114  released orphaned lease: ID=37 ver=1 expiration={0001-01-01 00:00:00 +0000 UTC}
I250821 10:03:35.627137 1738 sql/catalog/lease/lease.go:2467 ⋮ [T1,Vsystem,n1] 115  released orphaned lease: ID=42 ver=1 expiration={0001-01-01 00:00:00 +0000 UTC}
I250821 10:03:35.627320 1632 sql/catalog/lease/lease.go:2467 ⋮ [T1,Vsystem,n1] 116  released orphaned lease: ID=40 ver=1 expiration={0001-01-01 00:00:00 +0000 UTC}
I250821 10:03:35.627689 1721 sql/catalog/lease/lease.go:2467 ⋮ [T1,Vsystem,n1] 117  released orphaned lease: ID=41 ver=1 expiration={0001-01-01 00:00:00 +0000 UTC}
I250821 10:03:35.627802 1720 sql/catalog/lease/lease.go:2467 ⋮ [T1,Vsystem,n1] 118  released orphaned lease: ID=39 ver=1 expiration={0001-01-01 00:00:00 +0000 UTC}
I250821 10:03:35.628779 1548 sql/catalog/lease/lease.go:2467 ⋮ [T1,Vsystem,n1] 119  released orphaned lease: ID=43 ver=1 expiration={0001-01-01 00:00:00 +0000 UTC}
I250821 10:03:35.635881 1550 sql/catalog/lease/lease.go:2467 ⋮ [T1,Vsystem,n1] 120  released orphaned lease: ID=48 ver=1 expiration={0001-01-01 00:00:00 +0000 UTC}
I250821 10:03:35.635837 1724 sql/catalog/lease/lease.go:2467 ⋮ [T1,Vsystem,n1] 121  released orphaned lease: ID=47 ver=1 expiration={0001-01-01 00:00:00 +0000 UTC}
I250821 10:03:35.635938 1722 sql/catalog/lease/lease.go:2467 ⋮ [T1,Vsystem,n1] 122  released orphaned lease: ID=44 ver=1 expiration={0001-01-01 00:00:00 +0000 UTC}
I250821 10:03:35.636019 1549 sql/catalog/lease/lease.go:2467 ⋮ [T1,Vsystem,n1] 123  released orphaned lease: ID=45 ver=1 expiration={0001-01-01 00:00:00 +0000 UTC}
I250821 10:03:35.636611 1746 sql/catalog/lease/lease.go:2467 ⋮ [T1,Vsystem,n1] 124  released orphaned lease: ID=51 ver=1 expiration={0001-01-01 00:00:00 +0000 UTC}
I250821 10:03:35.636657 1723 sql/catalog/lease/lease.go:2467 ⋮ [T1,Vsystem,n1] 125  released orphaned lease: ID=46 ver=1 expiration={0001-01-01 00:00:00 +0000 UTC}
I250821 10:03:35.636681 1747 sql/catalog/lease/lease.go:2467 ⋮ [T1,Vsystem,n1] 126  released orphaned lease: ID=53 ver=1 expiration={0001-01-01 00:00:00 +0000 UTC}
I250821 10:03:35.636729 1725 sql/catalog/lease/lease.go:2467 ⋮ [T1,Vsystem,n1] 127  released orphaned lease: ID=52 ver=1 expiration={0001-01-01 00:00:00 +0000 UTC}
I250821 10:03:35.636743 1633 sql/catalog/lease/lease.go:2467 ⋮ [T1,Vsystem,n1] 128  released orphaned lease: ID=50 ver=1 expiration={0001-01-01 00:00:00 +0000 UTC}
I250821 10:03:35.637269 1740 sql/catalog/lease/lease.go:2467 ⋮ [T1,Vsystem,n1] 129  released orphaned lease: ID=58 ver=1 expiration={0001-01-01 00:00:00 +0000 UTC}
I250821 10:03:35.637398 1748 sql/catalog/lease/lease.go:2467 ⋮ [T1,Vsystem,n1] 130  released orphaned lease: ID=54 ver=1 expiration={0001-01-01 00:00:00 +0000 UTC}
I250821 10:03:35.637488 1749 sql/catalog/lease/lease.go:2467 ⋮ [T1,Vsystem,n1] 131  released orphaned lease: ID=56 ver=1 expiration={0001-01-01 00:00:00 +0000 UTC}
I250821 10:03:35.637537 1750 sql/catalog/lease/lease.go:2467 ⋮ [T1,Vsystem,n1] 132  released orphaned lease: ID=57 ver=1 expiration={0001-01-01 00:00:00 +0000 UTC}
I250821 10:03:35.637602 1739 sql/catalog/lease/lease.go:2467 ⋮ [T1,Vsystem,n1] 133  released orphaned lease: ID=55 ver=1 expiration={0001-01-01 00:00:00 +0000 UTC}
I250821 10:03:35.638038 1751 sql/catalog/lease/lease.go:2467 ⋮ [T1,Vsystem,n1] 134  released orphaned lease: ID=63 ver=1 expiration={0001-01-01 00:00:00 +0000 UTC}
I250821 10:03:35.638141 1742 sql/catalog/lease/lease.go:2467 ⋮ [T1,Vsystem,n1] 135  released orphaned lease: ID=60 ver=1 expiration={0001-01-01 00:00:00 +0000 UTC}
I250821 10:03:35.638269 1741 sql/catalog/lease/lease.go:2467 ⋮ [T1,Vsystem,n1] 136  released orphaned lease: ID=59 ver=1 expiration={0001-01-01 00:00:00 +0000 UTC}
I250821 10:03:35.638683 1551 sql/catalog/lease/lease.go:2467 ⋮ [T1,Vsystem,n1] 137  released orphaned lease: ID=62 ver=1 expiration={0001-01-01 00:00:00 +0000 UTC}
I250821 10:03:35.639227 1743 sql/catalog/lease/lease.go:2467 ⋮ [T1,Vsystem,n1] 138  released orphaned lease: ID=61 ver=1 expiration={0001-01-01 00:00:00 +0000 UTC}
I250821 10:03:35.639766 1552 sql/catalog/lease/lease.go:2467 ⋮ [T1,Vsystem,n1] 139  released orphaned lease: ID=66 ver=1 expiration={0001-01-01 00:00:00 +0000 UTC}
I250821 10:03:35.639857 1713 sql/catalog/lease/lease.go:2467 ⋮ [T1,Vsystem,n1] 140  released orphaned lease: ID=65 ver=1 expiration={0001-01-01 00:00:00 +0000 UTC}
I250821 10:03:35.642774 1744 sql/catalog/lease/lease.go:2467 ⋮ [T1,Vsystem,n1] 141  released orphaned lease: ID=64 ver=1 expiration={0001-01-01 00:00:00 +0000 UTC}
I250821 10:03:35.644012 1745 sql/catalog/lease/lease.go:2467 ⋮ [T1,Vsystem,n1] 142  released orphaned lease: ID=67 ver=1 expiration={0001-01-01 00:00:00 +0000 UTC}
I250821 10:03:35.644476 1752 sql/catalog/lease/lease.go:2467 ⋮ [T1,Vsystem,n1] 143  released orphaned lease: ID=68 ver=1 expiration={0001-01-01 00:00:00 +0000 UTC}
I250821 10:03:35.644606 1753 sql/catalog/lease/lease.go:2467 ⋮ [T1,Vsystem,n1] 144  released orphaned lease: ID=69 ver=1 expiration={0001-01-01 00:00:00 +0000 UTC}
I250821 10:03:35.644782 1754 sql/catalog/lease/lease.go:2467 ⋮ [T1,Vsystem,n1] 145  released orphaned lease: ID=70 ver=1 expiration={0001-01-01 00:00:00 +0000 UTC}
I250821 10:03:35.645857 1553 sql/catalog/lease/lease.go:2467 ⋮ [T1,Vsystem,n1] 146  released orphaned lease: ID=71 ver=1 expiration={0001-01-01 00:00:00 +0000 UTC}
I250821 10:03:35.646591 1779 sql/catalog/lease/lease.go:2467 ⋮ [T1,Vsystem,n1] 147  released orphaned lease: ID=107 ver=1 expiration={0001-01-01 00:00:00 +0000 UTC}
I250821 10:03:35.646693 1762 sql/catalog/lease/lease.go:2467 ⋮ [T1,Vsystem,n1] 148  released orphaned lease: ID=72 ver=1 expiration={0001-01-01 00:00:00 +0000 UTC}
I250821 10:03:35.647383 1778 sql/catalog/lease/lease.go:2467 ⋮ [T1,Vsystem,n1] 149  released orphaned lease: ID=106 ver=15 expiration={0001-01-01 00:00:00 +0000 UTC}
I250821 10:03:35.647781 1763 sql/catalog/lease/lease.go:2467 ⋮ [T1,Vsystem,n1] 150  released orphaned lease: ID=104 ver=1 expiration={0001-01-01 00:00:00 +0000 UTC}
I250821 10:03:35.649638 1755 sql/catalog/lease/lease.go:2467 ⋮ [T1,Vsystem,n1] 151  released orphaned lease: ID=108 ver=2 expiration={0001-01-01 00:00:00 +0000 UTC}
I250821 10:03:35.651272 1764 sql/catalog/lease/lease.go:2467 ⋮ [T1,Vsystem,n1] 152  released orphaned lease: ID=112 ver=1 expiration={0001-01-01 00:00:00 +0000 UTC}
I250821 10:03:35.651446 1756 sql/catalog/lease/lease.go:2467 ⋮ [T1,Vsystem,n1] 153  released orphaned lease: ID=109 ver=2 expiration={0001-01-01 00:00:00 +0000 UTC}
I250821 10:03:35.651503 1758 sql/catalog/lease/lease.go:2467 ⋮ [T1,Vsystem,n1] 154  released orphaned lease: ID=111 ver=3 expiration={0001-01-01 00:00:00 +0000 UTC}
I250821 10:03:35.651548 1757 sql/catalog/lease/lease.go:2467 ⋮ [T1,Vsystem,n1] 155  released orphaned lease: ID=110 ver=1 expiration={0001-01-01 00:00:00 +0000 UTC}
I250821 10:03:35.653059 1765 sql/catalog/lease/lease.go:2467 ⋮ [T1,Vsystem,n1] 156  released orphaned lease: ID=114 ver=1 expiration={0001-01-01 00:00:00 +0000 UTC}
I250821 10:03:35.653928 1794 sql/catalog/lease/lease.go:2467 ⋮ [T1,Vsystem,n1] 157  released orphaned lease: ID=113 ver=7 expiration={0001-01-01 00:00:00 +0000 UTC}
I250821 10:03:35.654885 1768 sql/catalog/lease/lease.go:2467 ⋮ [T1,Vsystem,n1] 158  released orphaned lease: ID=117 ver=3 expiration={0001-01-01 00:00:00 +0000 UTC}
I250821 10:03:35.655046 1766 sql/catalog/lease/lease.go:2467 ⋮ [T1,Vsystem,n1] 159  released orphaned lease: ID=115 ver=7 expiration={0001-01-01 00:00:00 +0000 UTC}
I250821 10:03:35.655183 1767 sql/catalog/lease/lease.go:2467 ⋮ [T1,Vsystem,n1] 160  released orphaned lease: ID=116 ver=1 expiration={0001-01-01 00:00:00 +0000 UTC}
I250821 10:03:35.655725 1795 sql/catalog/lease/lease.go:2467 ⋮ [T1,Vsystem,n1] 161  released orphaned lease: ID=119 ver=2 expiration={0001-01-01 00:00:00 +0000 UTC}
I250821 10:03:35.655957 1770 sql/catalog/lease/lease.go:2467 ⋮ [T1,Vsystem,n1] 162  released orphaned lease: ID=123 ver=1 expiration={0001-01-01 00:00:00 +0000 UTC}
I250821 10:03:35.656019 1769 sql/catalog/lease/lease.go:2467 ⋮ [T1,Vsystem,n1] 163  released orphaned lease: ID=122 ver=2 expiration={0001-01-01 00:00:00 +0000 UTC}
I250821 10:03:35.656098 1771 sql/catalog/lease/lease.go:2467 ⋮ [T1,Vsystem,n1] 164  released orphaned lease: ID=124 ver=3 expiration={0001-01-01 00:00:00 +0000 UTC}
I250821 10:03:35.656156 1726 sql/catalog/lease/lease.go:2467 ⋮ [T1,Vsystem,n1] 165  released orphaned lease: ID=118 ver=1 expiration={0001-01-01 00:00:00 +0000 UTC}
I250821 10:03:35.657477 1728 sql/catalog/lease/lease.go:2467 ⋮ [T1,Vsystem,n1] 166  released orphaned lease: ID=129 ver=3 expiration={0001-01-01 00:00:00 +0000 UTC}
I250821 10:03:35.657778 1772 sql/catalog/lease/lease.go:2467 ⋮ [T1,Vsystem,n1] 167  released orphaned lease: ID=126 ver=2 expiration={0001-01-01 00:00:00 +0000 UTC}
I250821 10:03:35.657989 1727 sql/catalog/lease/lease.go:2467 ⋮ [T1,Vsystem,n1] 168  released orphaned lease: ID=125 ver=3 expiration={0001-01-01 00:00:00 +0000 UTC}
I250821 10:03:35.658157 1780 sql/catalog/lease/lease.go:2467 ⋮ [T1,Vsystem,n1] 169  released orphaned lease: ID=127 ver=3 expiration={0001-01-01 00:00:00 +0000 UTC}
I250821 10:03:35.658191 1773 sql/catalog/lease/lease.go:2467 ⋮ [T1,Vsystem,n1] 170  released orphaned lease: ID=128 ver=2 expiration={0001-01-01 00:00:00 +0000 UTC}
I250821 10:03:35.658668 1782 sql/catalog/lease/lease.go:2467 ⋮ [T1,Vsystem,n1] 171  released orphaned lease: ID=132 ver=2 expiration={0001-01-01 00:00:00 +0000 UTC}
I250821 10:03:35.658688 1781 sql/catalog/lease/lease.go:2467 ⋮ [T1,Vsystem,n1] 172  released orphaned lease: ID=131 ver=2 expiration={0001-01-01 00:00:00 +0000 UTC}
I250821 10:03:35.659711 1796 sql/catalog/lease/lease.go:2467 ⋮ [T1,Vsystem,n1] 173  released orphaned lease: ID=130 ver=2 expiration={0001-01-01 00:00:00 +0000 UTC}
I250821 10:03:35.659731 1729 sql/catalog/lease/lease.go:2467 ⋮ [T1,Vsystem,n1] 174  released orphaned lease: ID=133 ver=3 expiration={0001-01-01 00:00:00 +0000 UTC}
I250821 10:03:35.659782 1774 sql/catalog/lease/lease.go:2467 ⋮ [T1,Vsystem,n1] 175  released orphaned lease: ID=134 ver=1 expiration={0001-01-01 00:00:00 +0000 UTC}
I250821 10:03:35.725287 602 1@gossip/gossip.go:1476 ⋮ [T1,Vsystem,n1] 176  node has connected to cluster via gossip
I250821 10:03:35.728249 602 kv/kvserver/stores.go:280 ⋮ [T1,Vsystem,n1] 177  wrote 0 node addresses to persistent storage
I250821 10:03:38.159600 1482 server/diagnostics/update_checker.go:144 ⋮ [T1,Vsystem,n1] 178  a new version is available: ‹25.3.0›, details: ‹https://www.cockroachlabs.com/docs/releases/v25.3#v25-3-0›
I250821 10:04:04.871359 802 server/status/runtime_jemalloc.go:226 ⋮ [T1,Vsystem,n1] 179  jemalloc arenas purged (took 123.792µs)
I250821 10:04:05.233444 1221 jobs/adopt.go:105 ⋮ [T1,Vsystem,n1] 180  claimed 7 jobs
I250821 10:04:05.243696 2447 jobs/adopt.go:224 ⋮ [T1,Vsystem,n1,job=104] 181  job 104: resuming execution
I250821 10:04:05.243947 2443 jobs/adopt.go:224 ⋮ [T1,Vsystem,n1,job=1098946398292541441] 182  job 1098946398292541441: resuming execution
I250821 10:04:05.244933 2445 jobs/adopt.go:224 ⋮ [T1,Vsystem,n1,job=101] 183  job 101: resuming execution
I250821 10:04:05.246126 2442 jobs/adopt.go:224 ⋮ [T1,Vsystem,n1,job=1098958321112612865] 184  job 1098958321112612865: resuming execution
I250821 10:04:05.247719 2444 jobs/adopt.go:224 ⋮ [T1,Vsystem,n1,job=100] 185  job 100: resuming execution
I250821 10:04:05.250425 2441 jobs/adopt.go:224 ⋮ [T1,Vsystem,n1,job=105] 186  job 105: resuming execution
I250821 10:04:05.247795 2446 jobs/adopt.go:224 ⋮ [T1,Vsystem,n1,job=103] 187  job 103: resuming execution
I250821 10:04:05.330134 2431 jobs/registry.go:1681 ⋮ [T1,Vsystem,n1,job=105] 188  UPDATE TABLE METADATA CACHE job 105: stepping through state running
I250821 10:04:05.331639 2469 jobs/registry.go:1681 ⋮ [T1,Vsystem,n1,job=1098946398292541441] 189  AUTO SPAN CONFIG RECONCILIATION job 1098946398292541441: stepping through state running
I250821 10:04:05.331806 2483 jobs/registry.go:1681 ⋮ [T1,Vsystem,n1,job=103] 190  AUTO UPDATE SQL ACTIVITY job 103: stepping through state running
I250821 10:04:05.334238 2453 jobs/registry.go:1681 ⋮ [T1,Vsystem,n1,job=100] 191  KEY VISUALIZER job 100: stepping through state running
I250821 10:04:05.334256 2071 jobs/registry.go:1681 ⋮ [T1,Vsystem,n1,job=104] 192  MVCC STATISTICS UPDATE job 104: stepping through state running
I250821 10:04:05.334738 2397 jobs/registry.go:1681 ⋮ [T1,Vsystem,n1,job=101] 193  POLL JOBS STATS job 101: stepping through state running
I250821 10:04:05.340762 2071 sql/mvcc_statistics_update_job.go:63 ⋮ [T1,Vsystem,n1,job=MVCC STATISTICS UPDATE id=104] 194  starting mvcc statistics update job
I250821 10:04:05.343179 2483 sql/sql_activity_update_job.go:88 ⋮ [T1,Vsystem,n1,job=AUTO UPDATE SQL ACTIVITY id=103] 195  starting sql stats activity flush job
I250821 10:04:05.348297 2505 jobs/registry.go:1681 ⋮ [T1,Vsystem,n1,job=1098958321112612865] 196  CHANGEFEED job 1098958321112612865: stepping through state running
I250821 10:04:05.385048 2458 ccl/changefeedccl/changefeed_dist.go:414 ⋮ [T1,Vsystem,n1,job=CHANGEFEED id=1098958321112612865] 197  using bulk oracle for DistSQL planning
I250821 10:04:05.388411 2458 ccl/changefeedccl/changefeed_dist.go:577 ⋮ [T1,Vsystem,n1,job=CHANGEFEED id=1098958321112612865] 198  changefeed plan diagram: ‹https://cockroachdb.github.io/distsqlplan/decode.html#eJyUkU2PmzAQhu_9FWjORjCGROBTqq4q5dBu1a7UwwpVjj0QqwRT22hbIf57BfRjEymRcpwPnvdhPIL_0YIAdZRdQzWRFhGmZVFuiowjIt8iL7YbYNBZTR_liTyIZ0CoGPTOKvLeurk1Lgt7_RNEysB0_RDmdsVAWUcgRggmtAQC3i1Rb5vGUSODdUkKDDQFadqF_VUGdSQfPWMlouRJHlpKMMuSEWM-QTUxsEP4j_dBNgQCX_nsH0CkE7tX6b2zXTDkEjwXehyCiHac7TK2y68K8AsBvEfgM_nedp7Ogq8lpRdJMU4VA9INrQ_h7eAUfXJWLbtr-biAloYmH9YprsW--zvywZE8_bvfaxLeJPFbpIpB3dqXb0aDgIwf8kO9zeOSI4_zlCgudEmxLss8y3W5IVIwfyAbP5_oy9G-LNinX_38g7VsPTH4IL_TAwVyJ9MZH4z6M5mmN78DAAD__zXM6cI=›
I250821 10:04:05.401855 2464 ccl/changefeedccl/sink_kafka_v2.go:246 ⋮ [-] 199  updating kafka metadata for topics: [‹users_changes›]
I250821 10:04:05.421771 2464 ccl/changefeedccl/sink_kafka_v2.go:246 ⋮ [-] 200  updating kafka metadata for topics: [‹users_changes›]
I250821 10:04:05.421833 2578 ccl/changefeedccl/kvfeed/kv_feed.go:332 ⋮ [T1,Vsystem,n1,job=1098958321112612865,change-aggregator] 201  kv feed run starting
I250821 10:04:05.534301 2469 spanconfig/spanconfigsqlwatcher/sqlwatcher.go:241 ⋮ [T1,Vsystem,n1,job=AUTO SPAN CONFIG RECONCILIATION id=1098946398292541441] 202  established range feed over system.descriptors starting at time 1755770645.389703050,0
I250821 10:04:05.534354 2469 spanconfig/spanconfigsqlwatcher/sqlwatcher.go:300 ⋮ [T1,Vsystem,n1,job=AUTO SPAN CONFIG RECONCILIATION id=1098946398292541441] 203  established range feed over system.zones starting at time 1755770645.389703050,0
I250821 10:04:05.534397 2469 spanconfig/spanconfigsqlwatcher/sqlwatcher.go:401 ⋮ [T1,Vsystem,n1,job=AUTO SPAN CONFIG RECONCILIATION id=1098946398292541441] 204  established range feed over system.protected_ts_records starting at time 1755770645.389703050,0
I250821 10:04:27.962328 3160 kv/kvserver/mvcc_gc_queue.go:796 ⋮ [T1,Vsystem,n1,mvccGC,s1,r86/1:‹/{Table/134-Max}›] 205  GC still needed following GC, recomputing MVCC stats
I250821 10:04:27.962378 3160 kv/kvserver/mvcc_gc_queue.go:797 ⋮ [T1,Vsystem,n1,mvccGC,s1,r86/1:‹/{Table/134-Max}›] 206  old score ‹queue=true with 0.00/fuzz(0.95)=0.00=valScaleScore(0.00)*deadFrac(0.04)+intentScore(0.00)›
I250821 10:04:27.962378 3160 kv/kvserver/mvcc_gc_queue.go:797 ⋮ [T1,Vsystem,n1,mvccGC,s1,r86/1:‹/{Table/134-Max}›] 206 +‹likely last GC: 10h24m1.417499083s ago, 0 B non-live, curr. age 0 B*s, min exp. reduction: 0 B*s›
I250821 10:04:27.962378 3160 kv/kvserver/mvcc_gc_queue.go:797 ⋮ [T1,Vsystem,n1,mvccGC,s1,r86/1:‹/{Table/134-Max}›] 206 +‹hint: {0,0 1755445834.582834013,0 1755445834.587412388,0}›
I250821 10:04:27.962432 3160 kv/kvserver/mvcc_gc_queue.go:798 ⋮ [T1,Vsystem,n1,mvccGC,s1,r86/1:‹/{Table/134-Max}›] 207  new score ‹queue=true with 0.00/fuzz(0.95)=0.00=valScaleScore(0.00)*deadFrac(0.04)+intentScore(0.00)›
I250821 10:04:27.962432 3160 kv/kvserver/mvcc_gc_queue.go:798 ⋮ [T1,Vsystem,n1,mvccGC,s1,r86/1:‹/{Table/134-Max}›] 207 +‹likely last GC: 10h24m6.504808709s ago, 0 B non-live, curr. age 0 B*s, min exp. reduction: 0 B*s›
I250821 10:04:27.962432 3160 kv/kvserver/mvcc_gc_queue.go:798 ⋮ [T1,Vsystem,n1,mvccGC,s1,r86/1:‹/{Table/134-Max}›] 207 +‹hint: {0,0 1755445834.582834013,0 1755445834.587412388,0}›
I250821 10:04:35.388028 3449 1@jobs/structured_log.go:49 ⋮ [T1,Vsystem,n1] 208 ={"Timestamp":1755770675388024341,"EventType":"status_change","JobID":1100022662268911617,"JobType":"AUTO CREATE STATS","Description":"state changed to: running","PreviousStatus":"running","NewStatus":"running","RunNum":0}
I250821 10:04:35.395012 3449 sql/distsql_plan_stats.go:209 ⋮ [T1,Vsystem,n1,job=AUTO CREATE STATS id=1100022662268911617,create-stats-distsql] 209  using computed sample size of 10000 for histogram construction
I250821 10:04:35.477679 3449 1@jobs/structured_log.go:49 ⋮ [T1,Vsystem,n1] 210 ={"Timestamp":1755770675477674091,"EventType":"status_change","JobID":1100022662268911617,"JobType":"AUTO CREATE STATS","Description":"state changed to: succeeded","PreviousStatus":"running","NewStatus":"succeeded","RunNum":0}
I250821 10:04:35.534655 3701 1@jobs/structured_log.go:49 ⋮ [T1,Vsystem,n1] 211 ={"Timestamp":1755770675534652466,"EventType":"status_change","JobID":1100022662823411713,"JobType":"AUTO CREATE STATS","Description":"state changed to: running","PreviousStatus":"running","NewStatus":"running","RunNum":0}
I250821 10:04:35.535802 3701 sql/distsql_plan_stats.go:209 ⋮ [T1,Vsystem,n1,job=AUTO CREATE STATS id=1100022662823411713,create-stats-distsql] 212  using computed sample size of 10000 for histogram construction
I250821 10:04:35.582348 3701 1@jobs/structured_log.go:49 ⋮ [T1,Vsystem,n1] 213 ={"Timestamp":1755770675582345550,"EventType":"status_change","JobID":1100022662823411713,"JobType":"AUTO CREATE STATS","Description":"state changed to: succeeded","PreviousStatus":"running","NewStatus":"succeeded","RunNum":0}
I250821 10:04:35.607120 3847 1@jobs/structured_log.go:49 ⋮ [T1,Vsystem,n1] 214 ={"Timestamp":1755770675607116633,"EventType":"status_change","JobID":1100022663063339009,"JobType":"AUTO CREATE STATS","Description":"state changed to: running","PreviousStatus":"running","NewStatus":"running","RunNum":0}
I250821 10:04:35.621351 3847 sql/distsql_plan_stats.go:209 ⋮ [T1,Vsystem,n1,job=AUTO CREATE STATS id=1100022663063339009,create-stats-distsql] 215  using computed sample size of 10000 for histogram construction
I250821 10:04:36.075956 3847 1@jobs/structured_log.go:49 ⋮ [T1,Vsystem,n1] 216 ={"Timestamp":1755770676075952967,"EventType":"status_change","JobID":1100022663063339009,"JobType":"AUTO CREATE STATS","Description":"state changed to: succeeded","PreviousStatus":"running","NewStatus":"succeeded","RunNum":0}
I250821 10:04:36.118595 4011 1@jobs/structured_log.go:49 ⋮ [T1,Vsystem,n1] 217 ={"Timestamp":1755770676118592883,"EventType":"status_change","JobID":1100022664677064705,"JobType":"AUTO CREATE STATS","Description":"state changed to: running","PreviousStatus":"running","NewStatus":"running","RunNum":0}
I250821 10:04:36.121190 4011 sql/distsql_plan_stats.go:209 ⋮ [T1,Vsystem,n1,job=AUTO CREATE STATS id=1100022664677064705,create-stats-distsql] 218  using computed sample size of 10000 for histogram construction
I250821 10:04:36.184024 4011 1@jobs/structured_log.go:49 ⋮ [T1,Vsystem,n1] 219 ={"Timestamp":1755770676184019883,"EventType":"status_change","JobID":1100022664677064705,"JobType":"AUTO CREATE STATS","Description":"state changed to: succeeded","PreviousStatus":"running","NewStatus":"succeeded","RunNum":0}
I250821 10:04:36.256239 4150 1@jobs/structured_log.go:49 ⋮ [T1,Vsystem,n1] 220 ={"Timestamp":1755770676256235050,"EventType":"status_change","JobID":1100022665158295553,"JobType":"AUTO CREATE STATS","Description":"state changed to: running","PreviousStatus":"running","NewStatus":"running","RunNum":0}
I250821 10:04:36.258500 4150 sql/distsql_plan_stats.go:209 ⋮ [T1,Vsystem,n1,job=AUTO CREATE STATS id=1100022665158295553,create-stats-distsql] 221  using computed sample size of 10000 for histogram construction
I250821 10:04:36.349643 4150 1@jobs/structured_log.go:49 ⋮ [T1,Vsystem,n1] 222 ={"Timestamp":1755770676349639800,"EventType":"status_change","JobID":1100022665158295553,"JobType":"AUTO CREATE STATS","Description":"state changed to: succeeded","PreviousStatus":"running","NewStatus":"succeeded","RunNum":0}
I250821 10:04:45.073047 4540 kv/kvserver/mvcc_gc_queue.go:796 ⋮ [T1,Vsystem,n1,mvccGC,s1,r86/1:‹/{Table/134-Max}›] 223  GC still needed following GC, recomputing MVCC stats
I250821 10:04:45.073106 4540 kv/kvserver/mvcc_gc_queue.go:797 ⋮ [T1,Vsystem,n1,mvccGC,s1,r86/1:‹/{Table/134-Max}›] 224  old score ‹queue=true with 0.00/fuzz(0.95)=0.00=valScaleScore(0.00)*deadFrac(0.04)+intentScore(0.00)›
I250821 10:04:45.073106 4540 kv/kvserver/mvcc_gc_queue.go:797 ⋮ [T1,Vsystem,n1,mvccGC,s1,r86/1:‹/{Table/134-Max}›] 224 +‹likely last GC: 12.832241716s ago, 0 B non-live, curr. age 0 B*s, min exp. reduction: 0 B*s›
I250821 10:04:45.073106 4540 kv/kvserver/mvcc_gc_queue.go:797 ⋮ [T1,Vsystem,n1,mvccGC,s1,r86/1:‹/{Table/134-Max}›] 224 +‹hint: {0,0 1755445834.582834013,0 1755445834.587412388,0}›
I250821 10:04:45.073160 4540 kv/kvserver/mvcc_gc_queue.go:798 ⋮ [T1,Vsystem,n1,mvccGC,s1,r86/1:‹/{Table/134-Max}›] 225  new score ‹queue=true with 0.00/fuzz(0.95)=0.00=valScaleScore(0.00)*deadFrac(0.04)+intentScore(0.00)›
I250821 10:04:45.073160 4540 kv/kvserver/mvcc_gc_queue.go:798 ⋮ [T1,Vsystem,n1,mvccGC,s1,r86/1:‹/{Table/134-Max}›] 225 +‹likely last GC: 17.113225425s ago, 0 B non-live, curr. age 0 B*s, min exp. reduction: 0 B*s›
I250821 10:04:45.073160 4540 kv/kvserver/mvcc_gc_queue.go:798 ⋮ [T1,Vsystem,n1,mvccGC,s1,r86/1:‹/{Table/134-Max}›] 225 +‹hint: {0,0 1755445834.582834013,0 1755445834.587412388,0}›
I250821 10:05:35.371757 1481 jobs/job_scheduler.go:171 ⋮ [T1,Vsystem,n1] 226  Starting job for schedule 1098946398426431489 (‹"sql-stats-compaction"›); scheduled to run at 2025-08-21 00:00:00 +0000 UTC; next run scheduled for 2025-08-21 11:00:00 +0000 UTC
I250821 10:05:35.793651 1221 jobs/adopt.go:105 ⋮ [T1,Vsystem,n1] 227  claimed 1 jobs
I250821 10:05:35.799203 5464 jobs/adopt.go:224 ⋮ [T1,Vsystem,n1,job=1100022858955358209] 228  job 1100022858955358209: resuming execution
I250821 10:05:35.805684 5468 jobs/registry.go:1681 ⋮ [T1,Vsystem,n1,job=1100022858955358209] 229  AUTO SQL STATS COMPACTION job 1100022858955358209: stepping through state running
I250821 10:05:35.818128 5468 1@jobs/structured_log.go:49 ⋮ [T1,Vsystem,n1,job=1100022858955358209] 230 ={"Timestamp":1755770735818121758,"EventType":"status_change","JobID":1100022858955358209,"JobType":"AUTO SQL STATS COMPACTION","Description":"state changed to: running","PreviousStatus":"running","NewStatus":"running","RunNum":0}
I250821 10:05:35.819120 5468 sql/compact_sql_stats.go:37 ⋮ [T1,Vsystem,n1,job=AUTO SQL STATS COMPACTION id=1100022858955358209] 231  starting sql stats compaction job
I250821 10:05:35.873196 5468 sql/compact_sql_stats.go:101 ⋮ [T1,Vsystem,n1,job=AUTO SQL STATS COMPACTION id=1100022858955358209] 232  sql stats compaction job terminated with status = succeeded
I250821 10:05:35.875281 5468 jobs/registry.go:1681 ⋮ [T1,Vsystem,n1,job=1100022858955358209] 233  AUTO SQL STATS COMPACTION job 1100022858955358209: stepping through state succeeded
I250821 10:05:35.883209 5468 1@jobs/structured_log.go:49 ⋮ [T1,Vsystem,n1,job=1100022858955358209] 234 ={"Timestamp":1755770735883206467,"EventType":"status_change","JobID":1100022858955358209,"JobType":"AUTO SQL STATS COMPACTION","Description":"state changed to: succeeded","PreviousStatus":"running","NewStatus":"succeeded","RunNum":0}
I250821 10:05:39.102024 5626 kv/kvserver/mvcc_gc_queue.go:796 ⋮ [T1,Vsystem,n1,mvccGC,s1,r86/1:‹/{Table/134-Max}›] 235  GC still needed following GC, recomputing MVCC stats
I250821 10:05:39.102088 5626 kv/kvserver/mvcc_gc_queue.go:797 ⋮ [T1,Vsystem,n1,mvccGC,s1,r86/1:‹/{Table/134-Max}›] 236  old score ‹queue=true with 0.00/fuzz(0.95)=0.00=valScaleScore(0.00)*deadFrac(0.04)+intentScore(0.00)›
I250821 10:05:39.102088 5626 kv/kvserver/mvcc_gc_queue.go:797 ⋮ [T1,Vsystem,n1,mvccGC,s1,r86/1:‹/{Table/134-Max}›] 236 +‹likely last GC: 49.775340205s ago, 0 B non-live, curr. age 0 B*s, min exp. reduction: 0 B*s›
I250821 10:05:39.102088 5626 kv/kvserver/mvcc_gc_queue.go:797 ⋮ [T1,Vsystem,n1,mvccGC,s1,r86/1:‹/{Table/134-Max}›] 236 +‹hint: {0,0 1755445834.582834013,0 1755445834.587412388,0}›
I250821 10:05:39.102174 5626 kv/kvserver/mvcc_gc_queue.go:798 ⋮ [T1,Vsystem,n1,mvccGC,s1,r86/1:‹/{Table/134-Max}›] 237  new score ‹queue=true with 0.00/fuzz(0.95)=0.00=valScaleScore(0.00)*deadFrac(0.04)+intentScore(0.00)›
I250821 10:05:39.102174 5626 kv/kvserver/mvcc_gc_queue.go:798 ⋮ [T1,Vsystem,n1,mvccGC,s1,r86/1:‹/{Table/134-Max}›] 237 +‹likely last GC: 54.117199039s ago, 0 B non-live, curr. age 0 B*s, min exp. reduction: 0 B*s›
I250821 10:05:39.102174 5626 kv/kvserver/mvcc_gc_queue.go:798 ⋮ [T1,Vsystem,n1,mvccGC,s1,r86/1:‹/{Table/134-Max}›] 237 +‹hint: {0,0 1755445834.582834013,0 1755445834.587412388,0}›
I250821 10:06:04.885042 802 server/status/runtime_jemalloc.go:226 ⋮ [T1,Vsystem,n1] 238  jemalloc arenas purged (took 1.11925ms)
I250821 10:06:31.154669 6384 kv/kvserver/mvcc_gc_queue.go:796 ⋮ [T1,Vsystem,n1,mvccGC,s1,r86/1:‹/{Table/134-Max}›] 239  GC still needed following GC, recomputing MVCC stats
I250821 10:06:31.154766 6384 kv/kvserver/mvcc_gc_queue.go:797 ⋮ [T1,Vsystem,n1,mvccGC,s1,r86/1:‹/{Table/134-Max}›] 240  old score ‹queue=true with 0.00/fuzz(0.95)=0.00=valScaleScore(0.00)*deadFrac(0.04)+intentScore(0.00)›
I250821 10:06:31.154766 6384 kv/kvserver/mvcc_gc_queue.go:797 ⋮ [T1,Vsystem,n1,mvccGC,s1,r86/1:‹/{Table/134-Max}›] 240 +‹likely last GC: 46.749452995s ago, 0 B non-live, curr. age 0 B*s, min exp. reduction: 0 B*s›
I250821 10:06:31.154766 6384 kv/kvserver/mvcc_gc_queue.go:797 ⋮ [T1,Vsystem,n1,mvccGC,s1,r86/1:‹/{Table/134-Max}›] 240 +‹hint: {0,0 1755445834.582834013,0 1755445834.587412388,0}›
I250821 10:06:31.154868 6384 kv/kvserver/mvcc_gc_queue.go:798 ⋮ [T1,Vsystem,n1,mvccGC,s1,r86/1:‹/{Table/134-Max}›] 241  new score ‹queue=true with 0.00/fuzz(0.95)=0.00=valScaleScore(0.00)*deadFrac(0.04)+intentScore(0.00)›
I250821 10:06:31.154868 6384 kv/kvserver/mvcc_gc_queue.go:798 ⋮ [T1,Vsystem,n1,mvccGC,s1,r86/1:‹/{Table/134-Max}›] 241 +‹likely last GC: 52.056167454s ago, 0 B non-live, curr. age 0 B*s, min exp. reduction: 0 B*s›
I250821 10:06:31.154868 6384 kv/kvserver/mvcc_gc_queue.go:798 ⋮ [T1,Vsystem,n1,mvccGC,s1,r86/1:‹/{Table/134-Max}›] 241 +‹hint: {0,0 1755445834.582834013,0 1755445834.587412388,0}›
I250821 10:07:49.235943 7994 kv/kvserver/mvcc_gc_queue.go:796 ⋮ [T1,Vsystem,n1,mvccGC,s1,r86/1:‹/{Table/134-Max}›] 242  GC still needed following GC, recomputing MVCC stats
I250821 10:07:49.236041 7994 kv/kvserver/mvcc_gc_queue.go:797 ⋮ [T1,Vsystem,n1,mvccGC,s1,r86/1:‹/{Table/134-Max}›] 243  old score ‹queue=true with 0.00/fuzz(0.95)=0.00=valScaleScore(0.00)*deadFrac(0.04)+intentScore(0.00)›
I250821 10:07:49.236041 7994 kv/kvserver/mvcc_gc_queue.go:797 ⋮ [T1,Vsystem,n1,mvccGC,s1,r86/1:‹/{Table/134-Max}›] 243 +‹likely last GC: 1m12.728289883s ago, 0 B non-live, curr. age 0 B*s, min exp. reduction: 0 B*s›
I250821 10:07:49.236041 7994 kv/kvserver/mvcc_gc_queue.go:797 ⋮ [T1,Vsystem,n1,mvccGC,s1,r86/1:‹/{Table/134-Max}›] 243 +‹hint: {0,0 1755445834.582834013,0 1755445834.587412388,0}›
I250821 10:07:49.236139 7994 kv/kvserver/mvcc_gc_queue.go:798 ⋮ [T1,Vsystem,n1,mvccGC,s1,r86/1:‹/{Table/134-Max}›] 244  new score ‹queue=true with 0.00/fuzz(0.95)=0.00=valScaleScore(0.00)*deadFrac(0.04)+intentScore(0.00)›
I250821 10:07:49.236139 7994 kv/kvserver/mvcc_gc_queue.go:798 ⋮ [T1,Vsystem,n1,mvccGC,s1,r86/1:‹/{Table/134-Max}›] 244 +‹likely last GC: 1m18.085986536s ago, 0 B non-live, curr. age 0 B*s, min exp. reduction: 0 B*s›
I250821 10:07:49.236139 7994 kv/kvserver/mvcc_gc_queue.go:798 ⋮ [T1,Vsystem,n1,mvccGC,s1,r86/1:‹/{Table/134-Max}›] 244 +‹hint: {0,0 1755445834.582834013,0 1755445834.587412388,0}›
I250821 10:08:04.889971 802 server/status/runtime_jemalloc.go:226 ⋮ [T1,Vsystem,n1] 245  jemalloc arenas purged (took 75.542µs)
I250821 10:08:32.281438 8795 kv/kvserver/mvcc_gc_queue.go:796 ⋮ [T1,Vsystem,n1,mvccGC,s1,r86/1:‹/{Table/134-Max}›] 246  GC still needed following GC, recomputing MVCC stats
I250821 10:08:32.281519 8795 kv/kvserver/mvcc_gc_queue.go:797 ⋮ [T1,Vsystem,n1,mvccGC,s1,r86/1:‹/{Table/134-Max}›] 247  old score ‹queue=true with 0.00/fuzz(0.95)=0.00=valScaleScore(0.00)*deadFrac(0.04)+intentScore(0.00)›
I250821 10:08:32.281519 8795 kv/kvserver/mvcc_gc_queue.go:797 ⋮ [T1,Vsystem,n1,mvccGC,s1,r86/1:‹/{Table/134-Max}›] 247 +‹likely last GC: 39.695722297s ago, 0 B non-live, curr. age 0 B*s, min exp. reduction: 0 B*s›
I250821 10:08:32.281519 8795 kv/kvserver/mvcc_gc_queue.go:797 ⋮ [T1,Vsystem,n1,mvccGC,s1,r86/1:‹/{Table/134-Max}›] 247 +‹hint: {0,0 1755445834.582834013,0 1755445834.587412388,0}›
I250821 10:08:32.281601 8795 kv/kvserver/mvcc_gc_queue.go:798 ⋮ [T1,Vsystem,n1,mvccGC,s1,r86/1:‹/{Table/134-Max}›] 248  new score ‹queue=true with 0.00/fuzz(0.95)=0.00=valScaleScore(0.00)*deadFrac(0.04)+intentScore(0.00)›
I250821 10:08:32.281601 8795 kv/kvserver/mvcc_gc_queue.go:798 ⋮ [T1,Vsystem,n1,mvccGC,s1,r86/1:‹/{Table/134-Max}›] 248 +‹likely last GC: 43.048460298s ago, 0 B non-live, curr. age 0 B*s, min exp. reduction: 0 B*s›
I250821 10:08:32.281601 8795 kv/kvserver/mvcc_gc_queue.go:798 ⋮ [T1,Vsystem,n1,mvccGC,s1,r86/1:‹/{Table/134-Max}›] 248 +‹hint: {0,0 1755445834.582834013,0 1755445834.587412388,0}›
I250821 10:09:56.404564 10357 kv/kvserver/mvcc_gc_queue.go:796 ⋮ [T1,Vsystem,n1,mvccGC,s1,r86/1:‹/{Table/134-Max}›] 249  GC still needed following GC, recomputing MVCC stats
I250821 10:09:56.404636 10357 kv/kvserver/mvcc_gc_queue.go:797 ⋮ [T1,Vsystem,n1,mvccGC,s1,r86/1:‹/{Table/134-Max}›] 250  old score ‹queue=true with 0.00/fuzz(0.95)=0.00=valScaleScore(0.00)*deadFrac(0.04)+intentScore(0.00)›
I250821 10:09:56.404636 10357 kv/kvserver/mvcc_gc_queue.go:797 ⋮ [T1,Vsystem,n1,mvccGC,s1,r86/1:‹/{Table/134-Max}›] 250 +‹likely last GC: 1m20.563077246s ago, 0 B non-live, curr. age 0 B*s, min exp. reduction: 0 B*s›
I250821 10:09:56.404636 10357 kv/kvserver/mvcc_gc_queue.go:797 ⋮ [T1,Vsystem,n1,mvccGC,s1,r86/1:‹/{Table/134-Max}›] 250 +‹hint: {0,0 1755445834.582834013,0 1755445834.587412388,0}›
I250821 10:09:56.404714 10357 kv/kvserver/mvcc_gc_queue.go:798 ⋮ [T1,Vsystem,n1,mvccGC,s1,r86/1:‹/{Table/134-Max}›] 251  new score ‹queue=true with 0.00/fuzz(0.95)=0.00=valScaleScore(0.00)*deadFrac(0.04)+intentScore(0.00)›
I250821 10:09:56.404714 10357 kv/kvserver/mvcc_gc_queue.go:798 ⋮ [T1,Vsystem,n1,mvccGC,s1,r86/1:‹/{Table/134-Max}›] 251 +‹likely last GC: 1m24.126236913s ago, 0 B non-live, curr. age 0 B*s, min exp. reduction: 0 B*s›
I250821 10:09:56.404714 10357 kv/kvserver/mvcc_gc_queue.go:798 ⋮ [T1,Vsystem,n1,mvccGC,s1,r86/1:‹/{Table/134-Max}›] 251 +‹hint: {0,0 1755445834.582834013,0 1755445834.587412388,0}›
I250821 10:10:04.924172 802 server/status/runtime_jemalloc.go:226 ⋮ [T1,Vsystem,n1] 252  jemalloc arenas purged (took 201.959µs)
I250821 10:10:32.439224 11005 kv/kvserver/mvcc_gc_queue.go:796 ⋮ [T1,Vsystem,n1,mvccGC,s1,r86/1:‹/{Table/134-Max}›] 253  GC still needed following GC, recomputing MVCC stats
I250821 10:10:32.439252 11005 kv/kvserver/mvcc_gc_queue.go:797 ⋮ [T1,Vsystem,n1,mvccGC,s1,r86/1:‹/{Table/134-Max}›] 254  old score ‹queue=true with 0.00/fuzz(0.95)=0.00=valScaleScore(0.00)*deadFrac(0.04)+intentScore(0.00)›
I250821 10:10:32.439252 11005 kv/kvserver/mvcc_gc_queue.go:797 ⋮ [T1,Vsystem,n1,mvccGC,s1,r86/1:‹/{Table/134-Max}›] 254 +‹likely last GC: 32.463733711s ago, 0 B non-live, curr. age 0 B*s, min exp. reduction: 0 B*s›
I250821 10:10:32.439252 11005 kv/kvserver/mvcc_gc_queue.go:797 ⋮ [T1,Vsystem,n1,mvccGC,s1,r86/1:‹/{Table/134-Max}›] 254 +‹hint: {0,0 1755445834.582834013,0 1755445834.587412388,0}›
I250821 10:10:32.439293 11005 kv/kvserver/mvcc_gc_queue.go:798 ⋮ [T1,Vsystem,n1,mvccGC,s1,r86/1:‹/{Table/134-Max}›] 255  new score ‹queue=true with 0.00/fuzz(0.95)=0.00=valScaleScore(0.00)*deadFrac(0.04)+intentScore(0.00)›
I250821 10:10:32.439293 11005 kv/kvserver/mvcc_gc_queue.go:798 ⋮ [T1,Vsystem,n1,mvccGC,s1,r86/1:‹/{Table/134-Max}›] 255 +‹likely last GC: 36.037678794s ago, 0 B non-live, curr. age 0 B*s, min exp. reduction: 0 B*s›
I250821 10:10:32.439293 11005 kv/kvserver/mvcc_gc_queue.go:798 ⋮ [T1,Vsystem,n1,mvccGC,s1,r86/1:‹/{Table/134-Max}›] 255 +‹hint: {0,0 1755445834.582834013,0 1755445834.587412388,0}›
I250821 10:12:04.937769 802 server/status/runtime_jemalloc.go:226 ⋮ [T1,Vsystem,n1] 256  jemalloc arenas purged (took 123.25µs)
I250821 10:12:15.558738 12780 kv/kvserver/mvcc_gc_queue.go:796 ⋮ [T1,Vsystem,n1,mvccGC,s1,r86/1:‹/{Table/134-Max}›] 257  GC still needed following GC, recomputing MVCC stats
I250821 10:12:15.558776 12780 kv/kvserver/mvcc_gc_queue.go:797 ⋮ [T1,Vsystem,n1,mvccGC,s1,r86/1:‹/{Table/134-Max}›] 258  old score ‹queue=true with 0.00/fuzz(0.95)=0.00=valScaleScore(0.00)*deadFrac(0.04)+intentScore(0.00)›
I250821 10:12:15.558776 12780 kv/kvserver/mvcc_gc_queue.go:797 ⋮ [T1,Vsystem,n1,mvccGC,s1,r86/1:‹/{Table/134-Max}›] 258 +‹likely last GC: 1m38.603057714s ago, 0 B non-live, curr. age 0 B*s, min exp. reduction: 0 B*s›
I250821 10:12:15.558776 12780 kv/kvserver/mvcc_gc_queue.go:797 ⋮ [T1,Vsystem,n1,mvccGC,s1,r86/1:‹/{Table/134-Max}›] 258 +‹hint: {0,0 1755445834.582834013,0 1755445834.587412388,0}›
I250821 10:12:15.558817 12780 kv/kvserver/mvcc_gc_queue.go:798 ⋮ [T1,Vsystem,n1,mvccGC,s1,r86/1:‹/{Table/134-Max}›] 259  new score ‹queue=true with 0.00/fuzz(0.95)=0.00=valScaleScore(0.00)*deadFrac(0.04)+intentScore(0.00)›
I250821 10:12:15.558817 12780 kv/kvserver/mvcc_gc_queue.go:798 ⋮ [T1,Vsystem,n1,mvccGC,s1,r86/1:‹/{Table/134-Max}›] 259 +‹likely last GC: 1m43.121051423s ago, 0 B non-live, curr. age 0 B*s, min exp. reduction: 0 B*s›
I250821 10:12:15.558817 12780 kv/kvserver/mvcc_gc_queue.go:798 ⋮ [T1,Vsystem,n1,mvccGC,s1,r86/1:‹/{Table/134-Max}›] 259 +‹hint: {0,0 1755445834.582834013,0 1755445834.587412388,0}›
I250821 10:12:22.566882 13034 kv/kvserver/mvcc_gc_queue.go:796 ⋮ [T1,Vsystem,n1,mvccGC,s1,r86/1:‹/{Table/134-Max}›] 260  GC still needed following GC, recomputing MVCC stats
I250821 10:12:22.566935 13034 kv/kvserver/mvcc_gc_queue.go:797 ⋮ [T1,Vsystem,n1,mvccGC,s1,r86/1:‹/{Table/134-Max}›] 261  old score ‹queue=true with 0.00/fuzz(0.95)=0.00=valScaleScore(0.00)*deadFrac(0.04)+intentScore(0.00)›
I250821 10:12:22.566935 13034 kv/kvserver/mvcc_gc_queue.go:797 ⋮ [T1,Vsystem,n1,mvccGC,s1,r86/1:‹/{Table/134-Max}›] 261 +‹likely last GC: 1.518636029s ago, 0 B non-live, curr. age 0 B*s, min exp. reduction: 0 B*s›
I250821 10:12:22.566935 13034 kv/kvserver/mvcc_gc_queue.go:797 ⋮ [T1,Vsystem,n1,mvccGC,s1,r86/1:‹/{Table/134-Max}›] 261 +‹hint: {0,0 1755445834.582834013,0 1755445834.587412388,0}›
I250821 10:12:22.566974 13034 kv/kvserver/mvcc_gc_queue.go:798 ⋮ [T1,Vsystem,n1,mvccGC,s1,r86/1:‹/{Table/134-Max}›] 262  new score ‹queue=true with 0.00/fuzz(0.95)=0.00=valScaleScore(0.00)*deadFrac(0.04)+intentScore(0.00)›
I250821 10:12:22.566974 13034 kv/kvserver/mvcc_gc_queue.go:798 ⋮ [T1,Vsystem,n1,mvccGC,s1,r86/1:‹/{Table/134-Max}›] 262 +‹likely last GC: 7.009940947s ago, 0 B non-live, curr. age 0 B*s, min exp. reduction: 0 B*s›
I250821 10:12:22.566974 13034 kv/kvserver/mvcc_gc_queue.go:798 ⋮ [T1,Vsystem,n1,mvccGC,s1,r86/1:‹/{Table/134-Max}›] 262 +‹hint: {0,0 1755445834.582834013,0 1755445834.587412388,0}›
I250821 10:13:03.470621 2483 sql/sql_activity_update_job.go:250 ⋮ [T1,Vsystem,n1,job=AUTO UPDATE SQL ACTIVITY id=103] 263  sql stats activity found no rows at 2025-08-21 10:00:00 +0000 UTC
I250821 10:13:03.472839 2483 sql/sql_activity_update_job.go:250 ⋮ [T1,Vsystem,n1,job=AUTO UPDATE SQL ACTIVITY id=103] 264  sql stats activity found no rows at 2025-08-21 09:00:00 +0000 UTC
