I250822 09:54:35.727148 36 util/log/file_sync_buffer.go:237 ⋮ [config]   file created at: 2025/08/22 09:54:35
I250822 09:54:35.728300 36 util/log/file_sync_buffer.go:237 ⋮ [config]   running on machine: ‹26b99e302154›
I250822 09:54:35.728331 36 util/log/file_sync_buffer.go:237 ⋮ [config]   binary: CockroachDB CCL v25.2.0 (aarch64-unknown-linux-gnu, built 2025/05/15 21:07:42, go1.23.7 X:nocoverageredesign)
I250822 09:54:35.728338 36 util/log/file_sync_buffer.go:237 ⋮ [config]   arguments: [‹/cockroach/cockroach› ‹start-single-node› ‹--certs-dir=certs› ‹--advertise-addr=127.0.0.1:26257› ‹--insecure› ‹--http-addr=0.0.0.0:8080›]
I250822 09:54:35.728363 36 util/log/file_sync_buffer.go:237 ⋮ [config]   log format (utf8=✓): crdb-v2
I250822 09:54:35.728369 36 util/log/file_sync_buffer.go:237 ⋮ [config]   line format: [IWEF]yymmdd hh:mm:ss.uuuuuu goid [chan@]file:line redactionmark \[tags\] [counter] msg
I250822 09:54:35.714052 36 3@pebble/objstorage/objstorageprovider/remote.go:102 ⋮ [n?,s?,pebble] 1  remote storage configured; creatorID = 1
I250822 09:54:36.416868 36 3@pebble/open.go:1054 ⋮ [n?,s?,pebble] 2  [JOB ‹1›] WAL ‹004166: {(/cockroach/cockroach-data,000)}› stopped reading at offset: (‹/cockroach/cockroach-data/004166.log›: 3986465); replayed 13967 keys in 356 batches
I250822 09:54:36.427390 89 3@pebble/event.go:1011 ⋮ [n?,s?,pebble] 3  [JOB 2] flushing 5 memtables (4.3MB) to L0
I250822 09:54:36.436225 89 3@pebble/event.go:1039 ⋮ [n?,s?,pebble] 4  [JOB 2] flushing: sstable created 004172
I250822 09:54:36.577700 89 3@pebble/event.go:1031 ⋮ [n?,s?,pebble] 5  [JOB 2] MANIFEST created 004173
I250822 09:54:36.578589 89 3@pebble/event.go:1015 ⋮ [n?,s?,pebble] 6  [JOB 2] flushed 5 memtables (4.3MB) to L0 [004172] (148KB), in 0.1s (0.2s total), output rate 1.8MB/s
I250822 09:54:36.580008 102 3@pebble/event.go:999 ⋮ [n?,s?,pebble] 7  [JOB 3] compacting(default) L0 [004172] (148KB) Score=12.74 + L5 [004168 004169 004170] (5.0MB) Score=0.08; OverlappingRatio: Single 34.89, Multi 0.00
I250822 09:54:36.580222 87 3@pebble/event.go:1063 ⋮ [n?,s?,pebble] 8  [JOB 2] WAL deleted 004161
I250822 09:54:36.585537 36 3@pebble/event.go:1059 ⋮ [n?,s?,pebble] 9  [JOB 1] WAL created 004174
I250822 09:54:36.589697 87 3@pebble/event.go:1063 ⋮ [n?,s?,pebble] 10  [JOB 2] WAL deleted 004166
I250822 09:54:36.677991 102 3@pebble/event.go:1039 ⋮ [n?,s?,pebble] 11  [JOB 3] compacting: sstable created 004176
I250822 09:54:38.145000 102 3@pebble/event.go:1039 ⋮ [n?,s?,pebble] 12  [JOB 3] compacting: sstable created 004177
I250822 09:54:38.321435 102 3@pebble/event.go:1039 ⋮ [n?,s?,pebble] 13  [JOB 3] compacting: sstable created 004178
I250822 09:54:38.363562 102 3@pebble/event.go:1003 ⋮ [n?,s?,pebble] 14  [JOB 3] compacted(default) L0 [004172] (148KB) Score=12.74 + L5 [004168 004169 004170] (5.0MB) Score=0.08 -> L5 [004176 004177 004178] (4.9MB), in 1.8s (1.8s total), output rate 2.8MB/s
I250822 09:54:38.367106 87 3@pebble/event.go:1043 ⋮ [n?,s?,pebble] 15  [JOB 3] sstable deleted 004168
I250822 09:54:38.368069 87 3@pebble/event.go:1043 ⋮ [n?,s?,pebble] 16  [JOB 3] sstable deleted 004169
I250822 09:54:38.371450 87 3@pebble/event.go:1043 ⋮ [n?,s?,pebble] 17  [JOB 3] sstable deleted 004170
I250822 09:54:38.377194 87 3@pebble/event.go:1043 ⋮ [n?,s?,pebble] 18  [JOB 3] sstable deleted 004172
I250822 09:54:38.378260 87 3@pebble/event.go:1035 ⋮ [n?,s?,pebble] 19  [JOB 1] MANIFEST deleted 004121
I250822 09:54:38.409488 92 3@pebble/event.go:1051 ⋮ [n?,s?,pebble] 20  [JOB 5] all initial table stats loaded
I250822 09:54:38.417589 36 3@pebble/event.go:1031 ⋮ [n?,s?,pebble] 21  [JOB 1] MANIFEST created 000001
I250822 09:54:38.421295 36 3@pebble/event.go:1059 ⋮ [n?,s?,pebble] 22  [JOB 1] WAL created 000002
I250822 09:54:38.422239 36 3@pebble/event.go:1027 ⋮ [n?,s?,pebble] 23  upgraded to format version: 014
I250822 09:54:38.423466 36 3@pebble/event.go:1027 ⋮ [n?,s?,pebble] 24  upgraded to format version: 015
I250822 09:54:38.425586 36 3@pebble/event.go:1027 ⋮ [n?,s?,pebble] 25  upgraded to format version: 016
I250822 09:54:38.433246 36 3@pebble/event.go:1027 ⋮ [n?,s?,pebble] 26  upgraded to format version: 017
I250822 09:54:38.437171 36 3@pebble/event.go:1027 ⋮ [n?,s?,pebble] 27  upgraded to format version: 018
I250822 09:54:38.439787 36 3@pebble/event.go:1027 ⋮ [n?,s?,pebble] 28  upgraded to format version: 019
I250822 09:54:38.446908 161 3@pebble/event.go:1051 ⋮ [n?,s?,pebble] 29  [JOB 2] all initial table stats loaded
I250822 09:54:59.046350 70 3@kv/kvserver/store.go:3801 ⋮ [T1,Vsystem,n1,s1] 30  Pebble metrics:
I250822 09:54:59.046350 70 3@kv/kvserver/store.go:3801 ⋮ [T1,Vsystem,n1,s1] 30 +      |                             |       |       |   ingested   |     moved    |    written   |       |    amp
I250822 09:54:59.046350 70 3@kv/kvserver/store.go:3801 ⋮ [T1,Vsystem,n1,s1] 30 +level | tables  size val-bl vtables | score |   in  | tables  size | tables  size | tables  size |  read |   r   w
I250822 09:54:59.046350 70 3@kv/kvserver/store.go:3801 ⋮ [T1,Vsystem,n1,s1] 30 +------+-----------------------------+-------+-------+--------------+--------------+--------------+-------+---------
I250822 09:54:59.046350 70 3@kv/kvserver/store.go:3801 ⋮ [T1,Vsystem,n1,s1] 30 +    0 |     0     0B     0B       0 |  0.00 | 3.8MB |     0     0B |     0     0B |     1  148KB |    0B |   0  0.0
I250822 09:54:59.046350 70 3@kv/kvserver/store.go:3801 ⋮ [T1,Vsystem,n1,s1] 30 +    1 |     0     0B     0B       0 |  0.00 |    0B |     0     0B |     0     0B |     0     0B |    0B |   0  0.0
I250822 09:54:59.046350 70 3@kv/kvserver/store.go:3801 ⋮ [T1,Vsystem,n1,s1] 30 +    2 |     0     0B     0B       0 |  0.00 |    0B |     0     0B |     0     0B |     0     0B |    0B |   0  0.0
I250822 09:54:59.046350 70 3@kv/kvserver/store.go:3801 ⋮ [T1,Vsystem,n1,s1] 30 +    3 |     0     0B     0B       0 |  0.00 |    0B |     0     0B |     0     0B |     0     0B |    0B |   0  0.0
I250822 09:54:59.046350 70 3@kv/kvserver/store.go:3801 ⋮ [T1,Vsystem,n1,s1] 30 +    4 |     0     0B     0B       0 |  0.00 |    0B |     0     0B |     0     0B |     0     0B |    0B |   0  0.0
I250822 09:54:59.046350 70 3@kv/kvserver/store.go:3801 ⋮ [T1,Vsystem,n1,s1] 30 +    5 |     3  4.9MB  112KB       0 |  0.21 | 148KB |     0     0B |     0     0B |     3  4.9MB | 5.2MB |   1 34.4
I250822 09:54:59.046350 70 3@kv/kvserver/store.go:3801 ⋮ [T1,Vsystem,n1,s1] 30 +    6 |    10   75MB  841KB       0 |     - |    0B |     0     0B |     0     0B |     0     0B |    0B |   1  0.0
I250822 09:54:59.046350 70 3@kv/kvserver/store.go:3801 ⋮ [T1,Vsystem,n1,s1] 30 +total |    13   80MB  953KB       0 |     - | 6.1MB |     0     0B |     0     0B |     4   11MB | 5.2MB |   2  1.8
I250822 09:54:59.046350 70 3@kv/kvserver/store.go:3801 ⋮ [T1,Vsystem,n1,s1] 30 +-------------------------------------------------------------------------------------------------------------------
I250822 09:54:59.046350 70 3@kv/kvserver/store.go:3801 ⋮ [T1,Vsystem,n1,s1] 30 +WAL: 1 files (2.3MB)  in: 2.3MB  written: 6.1MB (167% overhead)
I250822 09:54:59.046350 70 3@kv/kvserver/store.go:3801 ⋮ [T1,Vsystem,n1,s1] 30 +Flushes: 1
I250822 09:54:59.046350 70 3@kv/kvserver/store.go:3801 ⋮ [T1,Vsystem,n1,s1] 30 +Compactions: 1  estimated debt: 0B  in progress: 0 (0B)
I250822 09:54:59.046350 70 3@kv/kvserver/store.go:3801 ⋮ [T1,Vsystem,n1,s1] 30 +             default: 1  delete: 0  elision: 0  move: 0  read: 0  tombstone-density: 0  rewrite: 0  copy: 0  multi-level: 0
I250822 09:54:59.046350 70 3@kv/kvserver/store.go:3801 ⋮ [T1,Vsystem,n1,s1] 30 +MemTables: 1 (8.0MB)  zombie: 1 (4.0MB)
I250822 09:54:59.046350 70 3@kv/kvserver/store.go:3801 ⋮ [T1,Vsystem,n1,s1] 30 +Zombie tables: 0 (0B, local: 0B)
I250822 09:54:59.046350 70 3@kv/kvserver/store.go:3801 ⋮ [T1,Vsystem,n1,s1] 30 +Backing tables: 0 (0B)
I250822 09:54:59.046350 70 3@kv/kvserver/store.go:3801 ⋮ [T1,Vsystem,n1,s1] 30 +Virtual tables: 0 (0B)
I250822 09:54:59.046350 70 3@kv/kvserver/store.go:3801 ⋮ [T1,Vsystem,n1,s1] 30 +Local tables size: 80MB
I250822 09:54:59.046350 70 3@kv/kvserver/store.go:3801 ⋮ [T1,Vsystem,n1,s1] 30 +Compression types: snappy: 13
I250822 09:54:59.046350 70 3@kv/kvserver/store.go:3801 ⋮ [T1,Vsystem,n1,s1] 30 +Block cache: 90 entries (3.2MB)  hit rate: 89.1%
I250822 09:54:59.046350 70 3@kv/kvserver/store.go:3801 ⋮ [T1,Vsystem,n1,s1] 30 +Table cache: 12 entries (9.8KB)  hit rate: 99.6%
I250822 09:54:59.046350 70 3@kv/kvserver/store.go:3801 ⋮ [T1,Vsystem,n1,s1] 30 +Snapshots: 0  earliest seq num: 0
I250822 09:54:59.046350 70 3@kv/kvserver/store.go:3801 ⋮ [T1,Vsystem,n1,s1] 30 +Table iters: 0
I250822 09:54:59.046350 70 3@kv/kvserver/store.go:3801 ⋮ [T1,Vsystem,n1,s1] 30 +Filter utility: 64.1%
I250822 09:54:59.046350 70 3@kv/kvserver/store.go:3801 ⋮ [T1,Vsystem,n1,s1] 30 +Ingestions: 0  as flushable: 0 (0B in 0 tables)
I250822 09:54:59.046350 70 3@kv/kvserver/store.go:3801 ⋮ [T1,Vsystem,n1,s1] 30 +Cgo memory usage: 15MB  block cache: 3.2MB (data: 3.2MB, maps: 16KB, entries: 7.0KB)  memtables: 12MB
I250822 09:55:39.092169 714 3@pebble/event.go:1059 ⋮ [n1,s1,pebble] 31  [JOB 6] WAL created 004179
