I250817 15:50:05.068537 1 util/log/file_sync_buffer.go:237 ⋮ [config]   file created at: 2025/08/17 15:50:05
I250817 15:50:05.068562 1 util/log/file_sync_buffer.go:237 ⋮ [config]   running on machine: ‹a2fbe9c52a04›
I250817 15:50:05.068578 1 util/log/file_sync_buffer.go:237 ⋮ [config]   binary: CockroachDB CCL v25.2.0 (aarch64-unknown-linux-gnu, built 2025/05/15 21:07:42, go1.23.7 X:nocoverageredesign)
I250817 15:50:05.068585 1 util/log/file_sync_buffer.go:237 ⋮ [config]   arguments: [‹/cockroach/cockroach› ‹start-single-node› ‹--certs-dir=certs› ‹--advertise-addr=127.0.0.1:26257› ‹--insecure› ‹--http-addr=0.0.0.0:8080›]
I250817 15:50:05.068599 1 util/log/file_sync_buffer.go:237 ⋮ [config]   log format (utf8=✓): crdb-v2
I250817 15:50:05.068605 1 util/log/file_sync_buffer.go:237 ⋮ [config]   line format: [IWEF]yymmdd hh:mm:ss.uuuuuu goid [chan@]file:line redactionmark \[tags\] [counter] msg
W250817 15:50:05.064088 1 1@cli/start.go:1438 ⋮ [n?] 1  ALL SECURITY CONTROLS HAVE BEEN DISABLED!
W250817 15:50:05.064088 1 1@cli/start.go:1438 ⋮ [n?] 1 +
W250817 15:50:05.064088 1 1@cli/start.go:1438 ⋮ [n?] 1 +This mode is intended for non-production testing only.
W250817 15:50:05.064088 1 1@cli/start.go:1438 ⋮ [n?] 1 +
W250817 15:50:05.064088 1 1@cli/start.go:1438 ⋮ [n?] 1 +In this mode:
W250817 15:50:05.064088 1 1@cli/start.go:1438 ⋮ [n?] 1 +- Your cluster is open to any client that can access ‹any of your IP addresses›.
W250817 15:50:05.064088 1 1@cli/start.go:1438 ⋮ [n?] 1 +- Intruders with access to your machine or network can observe client-server traffic.
W250817 15:50:05.064088 1 1@cli/start.go:1438 ⋮ [n?] 1 +- Intruders can log in without password and read or write any data in the cluster.
W250817 15:50:05.064088 1 1@cli/start.go:1438 ⋮ [n?] 1 +- Intruders can consume all your server's resources and cause unavailability.
I250817 15:50:05.073402 1 1@cli/start.go:1448 ⋮ [n?] 2  To start a secure server without mandating TLS for clients,
I250817 15:50:05.073402 1 1@cli/start.go:1448 ⋮ [n?] 2 +consider --accept-sql-without-tls instead. For other options, see:
I250817 15:50:05.073402 1 1@cli/start.go:1448 ⋮ [n?] 2 +
I250817 15:50:05.073402 1 1@cli/start.go:1448 ⋮ [n?] 2 +- https://go.crdb.dev/issue-v/53404/v25.2
I250817 15:50:05.073402 1 1@cli/start.go:1448 ⋮ [n?] 2 +- https://www.cockroachlabs.com/docs/v25.2/secure-a-cluster.html
I250817 15:50:05.074450 1 server/status/recorder.go:856 ⋮ [n?] 3  ‹available memory from cgroups (8.0 EiB) is unsupported, using system memory 8.7 GiB instead: ›
W250817 15:50:05.074602 1 1@cli/start.go:1360 ⋮ [n?] 4  Using the default setting for --cache (128 MiB).
W250817 15:50:05.074602 1 1@cli/start.go:1360 ⋮ [n?] 4 +  A significantly larger value is usually needed for good performance.
W250817 15:50:05.074602 1 1@cli/start.go:1360 ⋮ [n?] 4 +  If you have a dedicated server a reasonable setting is --cache=.25 (2.2 GiB).
I250817 15:50:05.074684 1 server/status/recorder.go:856 ⋮ [n?] 5  ‹available memory from cgroups (8.0 EiB) is unsupported, using system memory 8.7 GiB instead: ›
I250817 15:50:05.074690 1 1@cli/start.go:1477 ⋮ [n?] 6  CockroachDB CCL v25.2.0 (aarch64-unknown-linux-gnu, built 2025/05/15 21:07:42, go1.23.7 X:nocoverageredesign)
I250817 15:50:05.097493 1 server/status/recorder.go:856 ⋮ [n?] 7  ‹available memory from cgroups (8.0 EiB) is unsupported, using system memory 8.7 GiB instead: ›
I250817 15:50:05.097522 1 1@cli/start.go:554 ⋮ [n?] 8  soft memory limit of Go runtime is set to 4.9 GiB
I250817 15:50:05.097536 1 1@cli/start.go:591 ⋮ [n?] 9  GC target percentage of Go runtime is set to 300%
I250817 15:50:05.140540 1 server/status/recorder.go:856 ⋮ [T1,Vsystem,n?] 10  ‹available memory from cgroups (8.0 EiB) is unsupported, using system memory 8.7 GiB instead: ›
I250817 15:50:05.140571 1 server/config.go:674 ⋮ [T1,Vsystem,n?] 11  system total memory: 8.7 GiB
I250817 15:50:05.140649 1 server/config.go:676 ⋮ [T1,Vsystem,n?] 12  server configuration:
I250817 15:50:05.140649 1 server/config.go:676 ⋮ [T1,Vsystem,n?] 12 +max offset             500000000
I250817 15:50:05.140649 1 server/config.go:676 ⋮ [T1,Vsystem,n?] 12 +cache size             128 MiB
I250817 15:50:05.140649 1 server/config.go:676 ⋮ [T1,Vsystem,n?] 12 +SQL memory pool size   2.2 GiB
I250817 15:50:05.140649 1 server/config.go:676 ⋮ [T1,Vsystem,n?] 12 +scan interval          10m0s
I250817 15:50:05.140649 1 server/config.go:676 ⋮ [T1,Vsystem,n?] 12 +scan min idle time     10ms
I250817 15:50:05.140649 1 server/config.go:676 ⋮ [T1,Vsystem,n?] 12 +scan max idle time     1s
I250817 15:50:05.140649 1 server/config.go:676 ⋮ [T1,Vsystem,n?] 12 +event log enabled      true
I250817 15:50:05.141040 1 1@cli/start.go:1338 ⋮ [T1,Vsystem,n?] 13  using local environment variables:
I250817 15:50:05.141040 1 1@cli/start.go:1338 ⋮ [T1,Vsystem,n?] 13 +COCKROACH_CHANNEL=official-docker
I250817 15:50:05.141421 1 1@cli/start.go:1345 ⋮ [T1,Vsystem,n?] 14  process identity: uid 0 euid 0 gid 0 egid 0
I250817 15:50:05.153571 1 1@cli/start.go:1500 ⋮ [T1,Vsystem,n?] 15  GEOS loaded from directory ‹/usr/local/lib/cockroach›
I250817 15:50:05.153631 1 1@cli/start.go:777 ⋮ [T1,Vsystem,n?] 16  starting cockroach node
I250817 15:50:06.962628 25 server/config.go:880 ⋮ [T1,Vsystem,n?] 17  1 storage engine initialized
I250817 15:50:06.962661 25 server/config.go:883 ⋮ [T1,Vsystem,n?] 18  Pebble cache size: 128 MiB
I250817 15:50:06.962676 25 server/config.go:883 ⋮ [T1,Vsystem,n?] 19  store 0: max size 0 B, max open file limit 1043576
I250817 15:50:06.962682 25 server/config.go:883 ⋮ [T1,Vsystem,n?] 20  store 0: /cockroach/cockroach-data: rw encrypted=false fs:{bdev=/run/host_mark/Users fstype=fakeowner mountpoint=/cockroach/cockroach-data mountopts=rw,nosuid,nodev,relatime,fakeowner}
I250817 15:50:06.978832 125 util/cidr/cidr.go:299 ⋮ [T1,Vsystem,n?] 21  CIDR lookup updated with 0 destinations
I250817 15:50:07.312115 25 1@server/clock_monotonicity.go:61 ⋮ [T1,Vsystem,n?] 22  monitoring forward clock jumps based on server.clock.forward_jump_check.enabled
I250817 15:50:07.388586 566 1@server/server.go:1802 ⋮ [T1,Vsystem,n1] 23  connecting to gossip network to verify cluster ID "7c4e678d-486f-4806-8e59-dd3b5b489461"
I250817 15:50:07.388621 25 1@server/clock_monotonicity.go:136 ⋮ [T1,Vsystem,n1] 24  Sleeping till wall time 1755445807388618708 to catches up to 1755445807808280334 to ensure monotonicity. Sub: 419.661626ms
W250817 15:50:07.810480 25 1@cli/start.go:1299 ⋮ [T1,Vsystem,n1] 25  Running a server without --sql-addr, with a combined RPC/SQL listener, is deprecated.
W250817 15:50:07.810480 25 1@cli/start.go:1299 ⋮ [T1,Vsystem,n1] 25 +This feature will be removed in a later version of CockroachDB.
W250817 15:50:07.810578 25 1@gossip/gossip.go:1460 ⋮ [T1,Vsystem,n1] 26  no addresses found; use --join to specify a connected node
I250817 15:50:07.825639 588 kv/kvserver/kvstorage/init.go:250 ⋮ [T1,Vsystem,n1,s1] 27  beginning range descriptor iteration
I250817 15:50:07.836958 588 kv/kvserver/kvstorage/init.go:374 ⋮ [T1,Vsystem,n1,s1] 28  range descriptor iteration done: 55 range descriptors, 0 intents, 0 tombstones; stats: ‹seeked 114 times (58 internal); stepped 0 times (0 internal); blocks: 0B cached, 52KB not cached (read time: 117.626µs); points: 56 (1.1KB keys, 1.6KB values); separated: 11 (337B, 0B fetched)›
I250817 15:50:07.859368 588 kv/kvserver/kvstorage/init.go:501 ⋮ [T1,Vsystem,n1,s1] 29  loaded replica ID for 55/55 replicas
I250817 15:50:07.874735 588 kv/kvserver/kvstorage/init.go:518 ⋮ [T1,Vsystem,n1,s1] 30  loaded Raft state for 55/55 replicas
I250817 15:50:07.874785 588 kv/kvserver/kvstorage/init.go:545 ⋮ [T1,Vsystem,n1,s1] 31  loaded 55 replicas
I250817 15:50:07.874802 588 kv/kvserver/kvstorage/init.go:576 ⋮ [T1,Vsystem,n1,s1] 32  verified 55/55 replicas
I250817 15:50:07.935274 588 kv/kvserver/store.go:2369 ⋮ [T1,Vsystem,n1,s1] 33  initialized 55/55 replicas
I250817 15:50:07.940884 588 server/node.go:690 ⋮ [T1,Vsystem,n1] 34  initialized store s1 in 129ms (55 replicas)
I250817 15:50:07.941060 25 kv/kvserver/stores.go:261 ⋮ [T1,Vsystem,n1] 35  read 0 node addresses from persistent storage
I250817 15:50:07.943996 25 server/node.go:801 ⋮ [T1,Vsystem,n1] 36  started with attributes []
I250817 15:50:07.944317 25 server/goroutinedumper/goroutinedumper.go:117 ⋮ [T1,Vsystem,n1] 37  writing goroutine dumps to ‹/cockroach/cockroach-data/logs/goroutine_dump›
I250817 15:50:07.944368 25 server/profiler/heapprofiler.go:72 ⋮ [T1,Vsystem,n1] 38  writing go heap profiles to ‹/cockroach/cockroach-data/logs/heap_profiler› at least every 1h0m0s
I250817 15:50:07.944386 25 server/profiler/memory_monitoring_profiler.go:66 ⋮ [T1,Vsystem,n1] 39  writing memory monitoring dumps to ‹/cockroach/cockroach-data/logs/heap_profiler› at least every 1h0m0s
I250817 15:50:07.944392 25 server/profiler/cgoprofiler.go:66 ⋮ [T1,Vsystem,n1] 40  to enable jmalloc profiling: "export MALLOC_CONF=prof:true" or "ln -s prof:true /etc/malloc.conf"
I250817 15:50:07.944406 25 server/profiler/statsprofiler.go:68 ⋮ [T1,Vsystem,n1] 41  writing memory stats to ‹/cockroach/cockroach-data/logs/heap_profiler› at last every 1h0m0s
I250817 15:50:07.944550 25 server/profiler/activequeryprofiler.go:88 ⋮ [T1,Vsystem,n1] 42  writing go query profiles to ‹/cockroach/cockroach-data/logs/heap_profiler›
I250817 15:50:07.944567 25 server/profiler/cpuprofiler.go:87 ⋮ [T1,Vsystem,n1] 43  writing cpu profile dumps to ‹/cockroach/cockroach-data/logs/pprof_dump›
I250817 15:50:07.946460 741 kv/kvserver/queue.go:612 ⋮ [T1,Vsystem,n1,s1,r23/1:‹/Table/2{0-1}›,raft] 44  rate limited in MaybeAdd (replicate): throttled on async limiting semaphore
I250817 15:50:07.948357 25 1@server/server.go:1999 ⋮ [T1,Vsystem,n1] 45  starting http server at ‹[::]:8080› (use: ‹127.0.0.1:8080›)
I250817 15:50:07.948390 25 1@server/server.go:2007 ⋮ [T1,Vsystem,n1] 46  starting grpc/postgres server at ‹[::]:26257›
I250817 15:50:07.948400 25 1@server/server.go:2008 ⋮ [T1,Vsystem,n1] 47  advertising CockroachDB node at ‹127.0.0.1:26257›
I250817 15:50:07.948471 643 kv/kvserver/storeliveness/support_manager.go:285 ⋮ [T1,Vsystem,n1,s1] 48  starting to heartbeat store {NodeID:1 StoreID:1}
I250817 15:50:07.955283 566 1@server/server.go:1805 ⋮ [T1,Vsystem,n1] 49  node connected via gossip
I250817 15:50:07.966711 713 kv/kvserver/queue.go:612 ⋮ [T1,Vsystem,n1,s1,r45/1:‹/Table/4{2-3}›,raft] 50  rate limited in MaybeAdd (merge): throttled on async limiting semaphore
I250817 15:50:07.972180 643 kv/kvserver/storeliveness/supporter_state.go:298 ⋮ [T1,Vsystem,n1,s1] 51  provided support for store {NodeID:1 StoreID:1}; old = {Target:{NodeID:1 StoreID:1} Epoch:2 Expiration:1755444719.055932176,0}, new = {Target:{NodeID:1 StoreID:1} Epoch:3 Expiration:1755445810.948508959,0}
I250817 15:50:07.972969 643 kv/kvserver/storeliveness/requester_state.go:425 ⋮ [T1,Vsystem,n1,s1] 52  received support from store {NodeID:1 StoreID:1}; old = {Target:{NodeID:1 StoreID:1} Epoch:3 Expiration:0,0}, new = {Target:{NodeID:1 StoreID:1} Epoch:3 Expiration:1755445810.948508959,0}
I250817 15:50:08.039194 901 kv/kvclient/rangefeed/rangefeedcache/watcher.go:340 ⋮ [T1,Vsystem,n1] 53  spanconfig-subscriber: established range feed cache
I250817 15:50:08.038181 25 1@util/log/event_log.go:39 ⋮ [T1,Vsystem,n1] 54 ={"Timestamp":1755445808038173459,"EventType":"node_restart","NodeID":1,"StartedAt":1755445807810968334,"LastUp":1755444714612703342}
I250817 15:50:08.042661 903 kv/kvclient/rangefeed/rangefeedcache/watcher.go:340 ⋮ [T1,Vsystem,n1] 55  settings-watcher: established range feed cache
I250817 15:50:08.076194 25 sql/sqlliveness/slinstance/slinstance.go:435 ⋮ [T1,Vsystem,n1] 56  starting SQL liveness instance
I250817 15:50:08.102816 1160 kv/kvserver/replica_rangefeed.go:882 ⋮ [T1,Vsystem,n1,rangefeed=‹spanconfig-subscriber›,mux_n=1,gen=2,r50/1:‹/Table/4{7-8}›,sm=1,sid=1,s1] 57  RangeFeed closed timestamp 1755443514.116506676,0 is behind by 38m13.986303241s (behind=38m13.986303241s target=3s nudge=true cancel=false)
I250817 15:50:08.123793 1019 sql/sqlliveness/slstorage/slstorage.go:540 ⋮ [T1,Vsystem,n1] 58  inserted sqlliveness session 0101800adb6815f657457391217c8eb69c1c3e with expiry 1755445848.076309334,0
I250817 15:50:08.123923 1019 sql/sqlliveness/slinstance/slinstance.go:247 ⋮ [T1,Vsystem,n1] 59  created new SQL liveness session 0101800adb6815f657457391217c8eb69c1c3e
I250817 15:50:08.123945 25 sql/sqlinstance/instancestorage/instancestorage.go:338 ⋮ [T1,Vsystem,n1] 60  assigning instance id to rpc addr ‹127.0.0.1:26257› and sql addr ‹127.0.0.1:26257›
I250817 15:50:08.129962 25 server/server_sql.go:1618 ⋮ [T1,Vsystem,n1] 61  bound sqlinstance: Instance{RegionPrefix: gA==, InstanceID: 1, SQLAddr: ‹127.0.0.1:26257›, RPCAddr: ‹127.0.0.1:26257›, SessionID: 0101800adb6815f657457391217c8eb69c1c3e, Locality: , BinaryVersion: 25.2}
I250817 15:50:08.132398 1170 sql/sqlstats/persistedsqlstats/provider.go:159 ⋮ [T1,Vsystem,n1] 62  starting sql-stats-worker with initial delay: 10m27.698176981s
I250817 15:50:08.133889 25 upgrade/upgrademanager/manager.go:171 ⋮ [T1,Vsystem,n1] 63  running permanent upgrades up to version: 25.2
I250817 15:50:08.135733 1183 kv/kvclient/rangefeed/rangefeedcache/watcher.go:340 ⋮ [T1,Vsystem,n1] 64  system-config-cache: established range feed cache
I250817 15:50:08.137804 1167 sql/temporary_schema.go:506 ⋮ [T1,Vsystem,n1] 65  running temporary object cleanup background job
I250817 15:50:08.189823 1167 sql/temporary_schema.go:556 ⋮ [T1,Vsystem,n1] 66  found 0 temporary schemas
I250817 15:50:08.189850 1167 sql/temporary_schema.go:559 ⋮ [T1,Vsystem,n1] 67  early exiting temporary schema cleaner as no temporary schemas were found
I250817 15:50:08.189856 1167 sql/temporary_schema.go:560 ⋮ [T1,Vsystem,n1] 68  completed temporary object cleanup job
I250817 15:50:08.189867 1167 sql/temporary_schema.go:641 ⋮ [T1,Vsystem,n1] 69  temporary object cleaner next scheduled to run at 2025-08-17 16:20:08.132915084 +0000 UTC m=+1804.022383294
I250817 15:50:08.191234 25 upgrade/upgrademanager/manager.go:233 ⋮ [T1,Vsystem,n1] 70  detected the last permanent upgrade (v0.0-upgrading-step-004) to have already completed; no permanent upgrades will run
I250817 15:50:08.191312 25 server/server_sql.go:1720 ⋮ [T1,Vsystem,n1] 71  done ensuring all necessary startup migrations have run
I250817 15:50:08.198969 25 server/license/enforcer.go:262 ⋮ [T1,Vsystem,n1] 72  trial license expiry initialized to 1970-01-01 00:00:00 +0000 UTC
I250817 15:50:08.199630 25 server/license/enforcer.go:298 ⋮ [T1,Vsystem,n1] 73  fetched existing cluster init grace period end time: 2025-08-24 14:50:24 +0000 UTC
I250817 15:50:08.199738 25 server/license/enforcer.go:498 ⋮ [T1,Vsystem,n1] 74  enforcer license updated: type is none, grace period ends at "2025-08-24 14:50:24 +0000 UTC", telemetry required: false
I250817 15:50:08.199749 25 server/license/enforcer.go:498 ⋮ [T1,Vsystem,n1] 75  enforcer license updated: type is none, grace period ends at "2025-08-24 14:50:24 +0000 UTC", telemetry required: false
I250817 15:50:08.256029 1432 sql/syntheticprivilegecache/cache.go:202 ⋮ [T1,Vsystem,n1] 76  warmed privileges for virtual tables in 61.591084ms
I250817 15:50:08.278965 1564 kv/kvclient/rangefeed/rangefeedcache/watcher.go:340 ⋮ [T1,Vsystem,n1] 77  tenant-settings-watcher: established range feed cache
I250817 15:50:08.279118 1556 jobs/job_scheduler.go:407 ⋮ [T1,Vsystem,n1] 78  waiting 4m0s before scheduled jobs daemon start
I250817 15:50:08.289176 1566 kv/kvclient/rangefeed/rangefeedcache/watcher.go:340 ⋮ [T1,Vsystem,n1] 79  tenant-entry-watcher: established range feed cache
I250817 15:50:08.289623 1566 multitenant/tenantcapabilities/tenantcapabilitieswatcher/watcher.go:285 ⋮ [T1,Vsystem,n1] 80  received results of a full table scan for tenant capabilities
I250817 15:50:08.296706 1562 server/auto_upgrade.go:81 ⋮ [T1,Vsystem,n1] 81  no need to upgrade, cluster already at the newest version
I250817 15:50:08.340527 25 server/license/enforcer.go:582 ⋮ [T1,Vsystem,n1] 82  disable all license enforcement
I250817 15:50:08.340564 25 1@server/server_sql.go:1971 ⋮ [T1,Vsystem,n1] 83  serving sql connections
I250817 15:50:08.340727 25 1@cli/start.go:1286 ⋮ [T1,Vsystem,n1] 84  node startup completed:
I250817 15:50:08.340727 25 1@cli/start.go:1286 ⋮ [T1,Vsystem,n1] 84 +CockroachDB node starting at 2025-08-17 15:50:08.34058175 +0000 UTC m=+4.230049919 (took 3.4s)
I250817 15:50:08.340727 25 1@cli/start.go:1286 ⋮ [T1,Vsystem,n1] 84 +build:               CCL v25.2.0 @ 2025/05/15 21:07:42 (go1.23.7 X:nocoverageredesign)
I250817 15:50:08.340727 25 1@cli/start.go:1286 ⋮ [T1,Vsystem,n1] 84 +malloc_conf:         prof:false,prof_active:true,background_thread:true,thp:never,metadata_thp:disabled,narenas:48,dirty_decay_ms:2000,muzzy_decay_ms:0
I250817 15:50:08.340727 25 1@cli/start.go:1286 ⋮ [T1,Vsystem,n1] 84 +webui:               ‹http://127.0.0.1:8080›
I250817 15:50:08.340727 25 1@cli/start.go:1286 ⋮ [T1,Vsystem,n1] 84 +sql:                 ‹postgresql://root@127.0.0.1:26257/defaultdb?sslmode=disable›
I250817 15:50:08.340727 25 1@cli/start.go:1286 ⋮ [T1,Vsystem,n1] 84 +sql (JDBC):          ‹jdbc:postgresql://127.0.0.1:26257/defaultdb?sslmode=disable&user=root›
I250817 15:50:08.340727 25 1@cli/start.go:1286 ⋮ [T1,Vsystem,n1] 84 +RPC client flags:    ‹/cockroach/cockroach <client cmd> --host=127.0.0.1:26257 --insecure›
I250817 15:50:08.340727 25 1@cli/start.go:1286 ⋮ [T1,Vsystem,n1] 84 +logs:                ‹/cockroach/cockroach-data/logs›
I250817 15:50:08.340727 25 1@cli/start.go:1286 ⋮ [T1,Vsystem,n1] 84 +temp dir:            ‹/cockroach/cockroach-data/cockroach-temp3095357767›
I250817 15:50:08.340727 25 1@cli/start.go:1286 ⋮ [T1,Vsystem,n1] 84 +external I/O path:   ‹/cockroach/cockroach-data/extern›
I250817 15:50:08.340727 25 1@cli/start.go:1286 ⋮ [T1,Vsystem,n1] 84 +store[0]:            ‹path=/cockroach/cockroach-data›
I250817 15:50:08.340727 25 1@cli/start.go:1286 ⋮ [T1,Vsystem,n1] 84 +clusterID:           7c4e678d-486f-4806-8e59-dd3b5b489461
I250817 15:50:08.340727 25 1@cli/start.go:1286 ⋮ [T1,Vsystem,n1] 84 +status:              restarted pre-existing node
I250817 15:50:08.340727 25 1@cli/start.go:1286 ⋮ [T1,Vsystem,n1] 84 +nodeID:              1
I250817 15:50:08.814128 587 1@gossip/gossip.go:1476 ⋮ [T1,Vsystem,n1] 85  node has connected to cluster via gossip
I250817 15:50:08.815517 587 kv/kvserver/stores.go:280 ⋮ [T1,Vsystem,n1] 86  wrote 0 node addresses to persistent storage
I250817 15:50:09.820212 1557 server/diagnostics/update_checker.go:144 ⋮ [T1,Vsystem,n1] 87  a new version is available: ‹25.2.4›, details: ‹https://www.cockroachlabs.com/docs/releases/v25.2#v25-2-4›
I250817 15:50:33.968745 2073 sql/schemachanger/scbuild/event_log.go:61 ⋮ [T1,Vsystem,n1,client=169.254.169.254:54640,hostnossl,user=‹admin›] 88  event logging for declarative schema change targets built for DROP TABLE
I250817 15:50:33.970046 2073 sql/schemachanger/scplan/plan.go:96 ⋮ [T1,Vsystem,n1,client=169.254.169.254:54640,hostnossl,user=‹admin›] 89  building declarative schema changer plan in StatementPhase (rollback=false) for DROP TABLE
I250817 15:50:33.989982 2073 sql/schemachanger/scrun/scrun.go:186 ⋮ [T1,Vsystem,n1,client=169.254.169.254:54640,hostnossl,user=‹admin›] 90  executing declarative schema change StatementPhase stage 1 of 1 with 90 MutationType ops (rollback=false) for DROP TABLE
I250817 15:50:33.994212 2073 sql/schemachanger/scplan/plan.go:96 ⋮ [T1,Vsystem,n1,client=169.254.169.254:54640,hostnossl,user=‹admin›] 91  building declarative schema changer plan in PreCommitPhase (rollback=false) for DROP TABLE
I250817 15:50:34.003373 2073 sql/schemachanger/scrun/scrun.go:186 ⋮ [T1,Vsystem,n1,client=169.254.169.254:54640,hostnossl,user=‹admin›] 92  executing declarative schema change PreCommitPhase stage 1 of 2 with 1 MutationType op (rollback=false) for DROP TABLE
I250817 15:50:34.003432 2073 sql/schemachanger/scrun/scrun.go:186 ⋮ [T1,Vsystem,n1,client=169.254.169.254:54640,hostnossl,user=‹admin›] 93  executing declarative schema change PreCommitPhase stage 2 of 2 with 96 MutationType ops (rollback=false) for DROP TABLE
I250817 15:50:34.028711 2073 sql/conn_executor_ddl.go:134 ⋮ [T1,Vsystem,n1,client=169.254.169.254:54640,hostnossl,user=‹admin›] 94  queued new schema change job 1098958222097350657 using the new schema changer
I250817 15:50:34.050486 2073 jobs/wait.go:56 ⋮ [T1,Vsystem,n1,client=169.254.169.254:54640,hostnossl,user=‹admin›] 95  waiting for 1 [1098958222097350657] queued jobs to complete
I250817 15:50:34.054557 2201 jobs/adopt.go:224 ⋮ [T1,Vsystem,n1,client=169.254.169.254:54640,hostnossl,user=‹admin›,job=1098958222097350657] 96  job 1098958222097350657: resuming execution
I250817 15:50:34.097364 2171 jobs/registry.go:1681 ⋮ [T1,Vsystem,n1,job=1098958222097350657] 97  NEW SCHEMA CHANGE job 1098958222097350657: stepping through state running
I250817 15:50:34.204034 2171 1@jobs/structured_log.go:49 ⋮ [T1,Vsystem,n1,job=1098958222097350657] 98 ={"Timestamp":1755445834204027804,"EventType":"status_change","JobID":1098958222097350657,"JobType":"NEW SCHEMA CHANGE","Description":"state changed to: running","PreviousStatus":"running","NewStatus":"running","RunNum":0}
I250817 15:50:34.234775 2171 sql/schemachanger/scrun/scrun.go:315 ⋮ [T1,Vsystem,n1,job=NEW SCHEMA CHANGE id=1098958222097350657] 99  rebuilding declarative schema change state from descriptors [106 113 115 120 121]
I250817 15:50:34.235458 2171 sql/schemachanger/scplan/plan.go:96 ⋮ [T1,Vsystem,n1,job=NEW SCHEMA CHANGE id=1098958222097350657] 100  building declarative schema changer plan in PostCommitPhase (rollback=false) for DROP TABLE
I250817 15:50:34.245575 2171 sql/schemachanger/scrun/scrun.go:186 ⋮ [T1,Vsystem,n1,job=NEW SCHEMA CHANGE id=1098958222097350657] 101  executing declarative schema change PostCommitNonRevertiblePhase stage 1 of 1 with 10 MutationType ops (rollback=false) for DROP TABLE
I250817 15:50:34.358980 2171 sql/catalog/lease/lease.go:485 ⋮ [T1,Vsystem,n1,job=NEW SCHEMA CHANGE id=1098958222097350657] 102  waiting for 1 leases to expire: desc=[{‹users› 106 13}]
I250817 15:50:34.359288 2299 sql/catalog/lease/descriptor_state.go:135 ⋮ [n1] 103  new lease: tabledesc.immutable: {ID: 106, Version: 14, ModificationTime: "1755445834.245376138,0", ParentID: 104, ParentSchemaID: 105, State: PUBLIC, NextColumnID: 6, Columns: [{ID: 1, TypeID: 20, Null: false, HasDefault: true, OwnsSequenceIDs: [107], UsesSequenceIDs: [107]}, {ID: 2, TypeID: 1043, Null: false}, {ID: 3, TypeID: 1043, Null: false}, {ID: 4, TypeID: 1043, Null: false}, {ID: 5, TypeID: 1184, Null: true, HasDefault: true}], NextFamilyID: 1, Families: [{ID: 0, Columns: [1, 2, 3, 4, 5]}], PrimaryIndex: 1, NextIndexID: 4, Indexes: [{ID: 1, Unique: true, KeyColumns: [{ID: 1, Dir: ASC}], StoreColumns: [2, 3, 4, 5]}, {ID: 2, Unique: true, KeyColumns: [{ID: 2, Dir: ASC}], KeySuffixColumns: [1]}, {ID: 3, Unique: true, KeyColumns: [{ID: 4, Dir: ASC}], KeySuffixColumns: [1]}], InboundFKs: [{OriginTableID: 108, OriginColumns: [1], ReferencedTableID: 106, ReferencedColumnIDs: [1], Validity: Validated}, {OriginTableID: 109, OriginColumns: [2], ReferencedTableID: 106, ReferencedColumnIDs: [1], Validity: Validated}, {OriginTableID: 113, OriginColumns: [2], ReferencedTableID: 106, ReferencedColumnIDs: [1], Validity: Validated}, {OriginTableID: 122, OriginColumns: [1], ReferencedTableID: 106, ReferencedColumnIDs: [1], Validity: Validated}, {OriginTableID: 124, OriginColumns: [2], ReferencedTableID: 106, ReferencedColumnIDs: [1], Validity: Validated}, {OriginTableID: 125, OriginColumns: [2], ReferencedTableID: 106, ReferencedColumnIDs: [1], Validity: Validated}, {OriginTableID: 128, OriginColumns: [1], ReferencedTableID: 106, ReferencedColumnIDs: [1], Validity: Validated}, {OriginTableID: 130, OriginColumns: [1], ReferencedTableID: 106, ReferencedColumnIDs: [1], Validity: Validated}, {OriginTableID: 131, OriginColumns: [1], ReferencedTableID: 106, ReferencedColumnIDs: [1], Validity: Validated}, {OriginTableID: 132, OriginColumns: [1], ReferencedTableID: 106, ReferencedColumnIDs: [1], Validity: Validated}]}
I250817 15:50:34.371262 2171 sql/catalog/lease/lease.go:479 ⋮ [T1,Vsystem,n1,job=NEW SCHEMA CHANGE id=1098958222097350657] 104  all leases have expired at 1755445834.368265346,0: desc=[{‹users› 106 13}]
I250817 15:50:34.374919 2252 sql/catalog/lease/descriptor_state.go:135 ⋮ [n1] 105  new lease: tabledesc.immutable: {ID: 113, Version: 6, ModificationTime: "1755445834.245376138,0", ParentID: 104, ParentSchemaID: 105, State: PUBLIC, NextColumnID: 7, Columns: [{ID: 1, TypeID: 20, Null: false, HasDefault: true, OwnsSequenceIDs: [114], UsesSequenceIDs: [114]}, {ID: 2, TypeID: 20, Null: false}, {ID: 3, TypeID: 1043, Null: false}, {ID: 4, TypeID: 20, Null: false}, {ID: 5, TypeID: 1043, Null: true}, {ID: 6, TypeID: 1184, Null: true, HasDefault: true}], NextFamilyID: 1, Families: [{ID: 0, Columns: [1, 2, 3, 4, 5, 6]}], PrimaryIndex: 1, NextIndexID: 3, Indexes: [{ID: 1, Unique: true, KeyColumns: [{ID: 1, Dir: ASC}], StoreColumns: [2, 3, 4, 5, 6]}, {ID: 2, Unique: true, KeyColumns: [{ID: 2, Dir: ASC}, {ID: 5, Dir: ASC}], KeySuffixColumns: [1]}], InboundFKs: [{OriginTableID: 122, OriginColumns: [3], ReferencedTableID: 113, ReferencedColumnIDs: [1], Validity: Validated}], OutboundFKs: [{OriginTableID: 113, OriginColumns: [2], ReferencedTableID: 106, ReferencedColumnIDs: [1], Validity: Validated}, {OriginTableID: 113, OriginColumns: [4], ReferencedTableID: 111, ReferencedColumnIDs: [1], Validity: Validated}]}
I250817 15:50:34.377027 2171 sql/catalog/lease/lease.go:485 ⋮ [T1,Vsystem,n1,job=NEW SCHEMA CHANGE id=1098958222097350657] 106  waiting for 1 leases to expire: desc=[{‹device› 113 5}]
I250817 15:50:34.386979 2171 sql/catalog/lease/lease.go:479 ⋮ [T1,Vsystem,n1,job=NEW SCHEMA CHANGE id=1098958222097350657] 107  all leases have expired at 1755445834.379517221,0: desc=[{‹device› 113 5}]
I250817 15:50:34.390503 2373 sql/catalog/lease/descriptor_state.go:135 ⋮ [n1] 108  new lease: tabledesc.immutable: {ID: 115, Version: 6, ModificationTime: "1755445834.245376138,0", ParentID: 104, ParentSchemaID: 105, State: PUBLIC, NextColumnID: 5, Columns: [{ID: 1, TypeID: 20, Null: false, HasDefault: true, OwnsSequenceIDs: [116], UsesSequenceIDs: [116]}, {ID: 2, TypeID: 1043, Null: false}, {ID: 3, TypeID: 1043, Null: false}, {ID: 4, TypeID: 25, Null: true}], NextFamilyID: 1, Families: [{ID: 0, Columns: [1, 2, 3, 4]}], PrimaryIndex: 1, NextIndexID: 3, Indexes: [{ID: 1, Unique: true, KeyColumns: [{ID: 1, Dir: ASC}], StoreColumns: [2, 3, 4]}, {ID: 2, Unique: true, KeyColumns: [{ID: 2, Dir: ASC}], KeySuffixColumns: [1]}], InboundFKs: [{OriginTableID: 117, OriginColumns: [4], ReferencedTableID: 115, ReferencedColumnIDs: [1], Validity: Validated}, {OriginTableID: 119, OriginColumns: [2], ReferencedTableID: 115, ReferencedColumnIDs: [1], Validity: Validated}]}
I250817 15:50:34.392396 2171 sql/catalog/lease/lease.go:485 ⋮ [T1,Vsystem,n1,job=NEW SCHEMA CHANGE id=1098958222097350657] 109  waiting for 1 leases to expire: desc=[{‹sensor_type› 115 5}]
I250817 15:50:34.397873 2171 sql/catalog/lease/lease.go:479 ⋮ [T1,Vsystem,n1,job=NEW SCHEMA CHANGE id=1098958222097350657] 110  all leases have expired at 1755445834.395632971,0: desc=[{‹sensor_type› 115 5}]
I250817 15:50:34.401623 2171 sql/catalog/lease/lease.go:479 ⋮ [T1,Vsystem,n1,job=NEW SCHEMA CHANGE id=1098958222097350657] 111  all leases have expired at 1755445834.399050180,0: desc=[{‹sensor_to_user› 120 3}]
I250817 15:50:34.410007 2171 sql/catalog/lease/lease.go:479 ⋮ [T1,Vsystem,n1,job=NEW SCHEMA CHANGE id=1098958222097350657] 112  all leases have expired at 1755445834.405014680,0: desc=[{‹sensor_to_user_sensor_id_seq› 121 2}]
I250817 15:50:34.410063 2171 jobs/registry.go:1681 ⋮ [T1,Vsystem,n1,job=1098958222097350657] 113  NEW SCHEMA CHANGE job 1098958222097350657: stepping through state succeeded
I250817 15:50:34.412244 2328 jobs/adopt.go:224 ⋮ [T1,Vsystem,n1,job=1098958223011708929] 114  job 1098958223011708929: resuming execution
I250817 15:50:34.447114 2332 jobs/registry.go:1681 ⋮ [T1,Vsystem,n1,job=1098958223011708929] 115  SCHEMA CHANGE GC job 1098958223011708929: stepping through state running
I250817 15:50:34.470929 2332 1@jobs/structured_log.go:49 ⋮ [T1,Vsystem,n1,job=1098958223011708929] 116 ={"Timestamp":1755445834470924138,"EventType":"status_change","JobID":1098958223011708929,"JobType":"SCHEMA CHANGE GC","Description":"state changed to: running","PreviousStatus":"running","NewStatus":"running","RunNum":0}
I250817 15:50:34.486060 2171 1@jobs/structured_log.go:49 ⋮ [T1,Vsystem,n1,job=1098958222097350657] 117 ={"Timestamp":1755445834486055263,"EventType":"status_change","JobID":1098958222097350657,"JobType":"NEW SCHEMA CHANGE","Description":"state changed to: succeeded","PreviousStatus":"running","NewStatus":"succeeded","RunNum":0}
I250817 15:50:34.503930 2073 jobs/wait.go:148 ⋮ [T1,Vsystem,n1,client=169.254.169.254:54640,hostnossl,user=‹admin›] 118  waited for 1 [1098958222097350657] queued jobs to complete 452.854417ms
I250817 15:50:34.528879 2332 sql/gcjob/gc_job_utils.go:273 ⋮ [T1,Vsystem,n1,job=SCHEMA CHANGE GC id=1098958223011708929] 119  updated progress status: waiting for GC TTL, payload: ‹tables:<id:120 > tables:<id:121 > ranges_unsplit_done:true ›
I250817 15:50:34.576690 2332 sql/gcjob/gc_job_utils.go:273 ⋮ [T1,Vsystem,n1,job=SCHEMA CHANGE GC id=1098958223011708929] 120  updated progress status: deleting data, payload: ‹tables:<id:120 > tables:<id:121 > ranges_unsplit_done:true ›
I250817 15:50:34.580719 2332 sql/gcjob/table_garbage_collection.go:203 ⋮ [T1,Vsystem,n1,job=SCHEMA CHANGE GC id=1098958223011708929] 121  deleting data for table 120
I250817 15:50:34.587358 2332 sql/gcjob/table_garbage_collection.go:203 ⋮ [T1,Vsystem,n1,job=SCHEMA CHANGE GC id=1098958223011708929] 122  deleting data for table 121
I250817 15:50:34.611768 2332 sql/gcjob/gc_job_utils.go:273 ⋮ [T1,Vsystem,n1,job=SCHEMA CHANGE GC id=1098958223011708929] 123  updated progress status: waiting for MVCC GC, payload: ‹tables:<id:120 status:WAITING_FOR_MVCC_GC > tables:<id:121 status:WAITING_FOR_MVCC_GC > ranges_unsplit_done:true ›
I250817 15:50:39.106019 1181 jobs/adopt.go:105 ⋮ [T1,Vsystem,n1] 124  claimed 6 jobs
I250817 15:50:39.109822 3505 jobs/adopt.go:224 ⋮ [T1,Vsystem,n1,job=104] 125  job 104: resuming execution
I250817 15:50:39.109891 3507 jobs/adopt.go:224 ⋮ [T1,Vsystem,n1,job=1098946398292541441] 127  job 1098946398292541441: resuming execution
I250817 15:50:39.110130 3504 jobs/adopt.go:224 ⋮ [T1,Vsystem,n1,job=103] 128  job 103: resuming execution
I250817 15:50:39.109816 3508 jobs/adopt.go:224 ⋮ [T1,Vsystem,n1,job=100] 129  job 100: resuming execution
I250817 15:50:39.109826 3506 jobs/adopt.go:224 ⋮ [T1,Vsystem,n1,job=105] 126  job 105: resuming execution
I250817 15:50:39.112228 3512 jobs/registry.go:1681 ⋮ [T1,Vsystem,n1,job=100] 130  KEY VISUALIZER job 100: stepping through state running
I250817 15:50:39.112654 3522 jobs/registry.go:1681 ⋮ [T1,Vsystem,n1,job=105] 131  UPDATE TABLE METADATA CACHE job 105: stepping through state running
I250817 15:50:39.113617 3503 jobs/adopt.go:224 ⋮ [T1,Vsystem,n1,job=101] 132  job 101: resuming execution
I250817 15:50:39.114675 2576 jobs/registry.go:1681 ⋮ [T1,Vsystem,n1,job=103] 133  AUTO UPDATE SQL ACTIVITY job 103: stepping through state running
I250817 15:50:39.114778 2592 jobs/registry.go:1681 ⋮ [T1,Vsystem,n1,job=104] 134  MVCC STATISTICS UPDATE job 104: stepping through state running
I250817 15:50:39.116645 1211 jobs/registry.go:1681 ⋮ [T1,Vsystem,n1,job=101] 135  POLL JOBS STATS job 101: stepping through state running
I250817 15:50:39.116644 2592 sql/mvcc_statistics_update_job.go:63 ⋮ [T1,Vsystem,n1,job=MVCC STATISTICS UPDATE id=104] 136  starting mvcc statistics update job
I250817 15:50:39.116908 2576 sql/sql_activity_update_job.go:88 ⋮ [T1,Vsystem,n1,job=AUTO UPDATE SQL ACTIVITY id=103] 137  starting sql stats activity flush job
I250817 15:50:39.117332 3539 jobs/registry.go:1681 ⋮ [T1,Vsystem,n1,job=1098946398292541441] 138  AUTO SPAN CONFIG RECONCILIATION job 1098946398292541441: stepping through state running
I250817 15:50:39.158561 3539 spanconfig/spanconfigsqlwatcher/sqlwatcher.go:241 ⋮ [T1,Vsystem,n1,job=AUTO SPAN CONFIG RECONCILIATION id=1098946398292541441] 139  established range feed over system.descriptors starting at time 1755445839.125423793,0
I250817 15:50:39.158621 3539 spanconfig/spanconfigsqlwatcher/sqlwatcher.go:300 ⋮ [T1,Vsystem,n1,job=AUTO SPAN CONFIG RECONCILIATION id=1098946398292541441] 140  established range feed over system.zones starting at time 1755445839.125423793,0
I250817 15:50:39.158656 3539 spanconfig/spanconfigsqlwatcher/sqlwatcher.go:401 ⋮ [T1,Vsystem,n1,job=AUTO SPAN CONFIG RECONCILIATION id=1098946398292541441] 141  established range feed over system.protected_ts_records starting at time 1755445839.125423793,0
I250817 15:50:47.949698 776 server/status/runtime_jemalloc.go:226 ⋮ [T1,Vsystem,n1] 142  jemalloc arenas purged (took 89.292µs)
I250817 15:50:58.016533 3781 sql/table.go:205 ⋮ [T1,Vsystem,n1,client=169.254.169.254:35171,hostnossl,user=‹admin›] 143  queued new schema-change job 1098958300828532737 for table 133, mutation 0
I250817 15:50:58.017470 3781 sql/table.go:205 ⋮ [T1,Vsystem,n1,client=169.254.169.254:35171,hostnossl,user=‹admin›] 144  queued new schema-change job 1098958300831612929 for table 106, mutation 0
I250817 15:50:58.017874 3781 sql/table.go:205 ⋮ [T1,Vsystem,n1,client=169.254.169.254:35171,hostnossl,user=‹admin›] 145  queued new schema-change job 1098958300832956417 for table 113, mutation 0
I250817 15:50:58.018215 3781 sql/table.go:205 ⋮ [T1,Vsystem,n1,client=169.254.169.254:35171,hostnossl,user=‹admin›] 146  queued new schema-change job 1098958300834070529 for table 115, mutation 0
I250817 15:50:58.031372 3781 jobs/wait.go:56 ⋮ [T1,Vsystem,n1,client=169.254.169.254:35171,hostnossl,user=‹admin›] 147  waiting for 4 [1098958300828532737 1098958300831612929 1098958300832956417 1098958300834070529] queued jobs to complete
I250817 15:50:58.031714 4048 jobs/adopt.go:224 ⋮ [T1,Vsystem,n1,client=169.254.169.254:35171,hostnossl,user=‹admin›,job=1098958300834070529] 148  job 1098958300834070529: resuming execution
I250817 15:50:58.032136 4046 jobs/adopt.go:224 ⋮ [T1,Vsystem,n1,client=169.254.169.254:35171,hostnossl,user=‹admin›,job=1098958300831612929] 149  job 1098958300831612929: resuming execution
I250817 15:50:58.032230 4047 jobs/adopt.go:224 ⋮ [T1,Vsystem,n1,client=169.254.169.254:35171,hostnossl,user=‹admin›,job=1098958300832956417] 150  job 1098958300832956417: resuming execution
I250817 15:50:58.032222 4045 jobs/adopt.go:224 ⋮ [T1,Vsystem,n1,client=169.254.169.254:35171,hostnossl,user=‹admin›,job=1098958300828532737] 151  job 1098958300828532737: resuming execution
I250817 15:50:58.040730 4058 sql/catalog/lease/descriptor_state.go:135 ⋮ [n1] 152  new lease: tabledesc.immutable: {ID: 106, Version: 15, ModificationTime: "1755445857.998454135,1", ParentID: 104, ParentSchemaID: 105, State: PUBLIC, NextColumnID: 6, Columns: [{ID: 1, TypeID: 20, Null: false, HasDefault: true, OwnsSequenceIDs: [107], UsesSequenceIDs: [107]}, {ID: 2, TypeID: 1043, Null: false}, {ID: 3, TypeID: 1043, Null: false}, {ID: 4, TypeID: 1043, Null: false}, {ID: 5, TypeID: 1184, Null: true, HasDefault: true}], NextFamilyID: 1, Families: [{ID: 0, Columns: [1, 2, 3, 4, 5]}], PrimaryIndex: 1, NextIndexID: 4, Indexes: [{ID: 1, Unique: true, KeyColumns: [{ID: 1, Dir: ASC}], StoreColumns: [2, 3, 4, 5]}, {ID: 2, Unique: true, KeyColumns: [{ID: 2, Dir: ASC}], KeySuffixColumns: [1]}, {ID: 3, Unique: true, KeyColumns: [{ID: 4, Dir: ASC}], KeySuffixColumns: [1]}], InboundFKs: [{OriginTableID: 108, OriginColumns: [1], ReferencedTableID: 106, ReferencedColumnIDs: [1], Validity: Validated}, {OriginTableID: 109, OriginColumns: [2], ReferencedTableID: 106, ReferencedColumnIDs: [1], Validity: Validated}, {OriginTableID: 113, OriginColumns: [2], ReferencedTableID: 106, ReferencedColumnIDs: [1], Validity: Validated}, {OriginTableID: 122, OriginColumns: [1], ReferencedTableID: 106, ReferencedColumnIDs: [1], Validity: Validated}, {OriginTableID: 124, OriginColumns: [2], ReferencedTableID: 106, ReferencedColumnIDs: [1], Validity: Validated}, {OriginTableID: 125, OriginColumns: [2], ReferencedTableID: 106, ReferencedColumnIDs: [1], Validity: Validated}, {OriginTableID: 128, OriginColumns: [1], ReferencedTableID: 106, ReferencedColumnIDs: [1], Validity: Validated}, {OriginTableID: 130, OriginColumns: [1], ReferencedTableID: 106, ReferencedColumnIDs: [1], Validity: Validated}, {OriginTableID: 131, OriginColumns: [1], ReferencedTableID: 106, ReferencedColumnIDs: [1], Validity: Validated}, {OriginTableID: 132, OriginColumns: [1], ReferencedTableID: 106, ReferencedColumnIDs: [1], Validity: Validated}, {OriginTableID: 133, OriginColumns: [2], ReferencedTableID: 106, ReferencedColumnIDs: [1], Validity: Validated}]}
I250817 15:50:58.045190 4086 sql/catalog/lease/descriptor_state.go:135 ⋮ [n1] 153  new lease: tabledesc.immutable: {ID: 113, Version: 7, ModificationTime: "1755445857.998454135,1", ParentID: 104, ParentSchemaID: 105, State: PUBLIC, NextColumnID: 7, Columns: [{ID: 1, TypeID: 20, Null: false, HasDefault: true, OwnsSequenceIDs: [114], UsesSequenceIDs: [114]}, {ID: 2, TypeID: 20, Null: false}, {ID: 3, TypeID: 1043, Null: false}, {ID: 4, TypeID: 20, Null: false}, {ID: 5, TypeID: 1043, Null: true}, {ID: 6, TypeID: 1184, Null: true, HasDefault: true}], NextFamilyID: 1, Families: [{ID: 0, Columns: [1, 2, 3, 4, 5, 6]}], PrimaryIndex: 1, NextIndexID: 3, Indexes: [{ID: 1, Unique: true, KeyColumns: [{ID: 1, Dir: ASC}], StoreColumns: [2, 3, 4, 5, 6]}, {ID: 2, Unique: true, KeyColumns: [{ID: 2, Dir: ASC}, {ID: 5, Dir: ASC}], KeySuffixColumns: [1]}], InboundFKs: [{OriginTableID: 122, OriginColumns: [3], ReferencedTableID: 113, ReferencedColumnIDs: [1], Validity: Validated}, {OriginTableID: 133, OriginColumns: [3], ReferencedTableID: 113, ReferencedColumnIDs: [1], Validity: Validated}], OutboundFKs: [{OriginTableID: 113, OriginColumns: [2], ReferencedTableID: 106, ReferencedColumnIDs: [1], Validity: Validated}, {OriginTableID: 113, OriginColumns: [4], ReferencedTableID: 111, ReferencedColumnIDs: [1], Validity: Validated}]}
I250817 15:50:58.046849 4012 jobs/registry.go:1681 ⋮ [T1,Vsystem,n1,job=1098958300832956417] 154  SCHEMA CHANGE job 1098958300832956417: stepping through state running
I250817 15:50:58.046998 4099 jobs/registry.go:1681 ⋮ [T1,Vsystem,n1,job=1098958300831612929] 155  SCHEMA CHANGE job 1098958300831612929: stepping through state running
I250817 15:50:58.047059 4026 jobs/registry.go:1681 ⋮ [T1,Vsystem,n1,job=1098958300834070529] 156  SCHEMA CHANGE job 1098958300834070529: stepping through state running
I250817 15:50:58.047223 4091 jobs/registry.go:1681 ⋮ [T1,Vsystem,n1,job=1098958300828532737] 157  SCHEMA CHANGE job 1098958300828532737: stepping through state running
I250817 15:50:58.047403 1661 sql/catalog/lease/descriptor_state.go:135 ⋮ [n1] 158  new lease: tabledesc.immutable: {ID: 115, Version: 7, ModificationTime: "1755445857.998454135,1", ParentID: 104, ParentSchemaID: 105, State: PUBLIC, NextColumnID: 5, Columns: [{ID: 1, TypeID: 20, Null: false, HasDefault: true, OwnsSequenceIDs: [116], UsesSequenceIDs: [116]}, {ID: 2, TypeID: 1043, Null: false}, {ID: 3, TypeID: 1043, Null: false}, {ID: 4, TypeID: 25, Null: true}], NextFamilyID: 1, Families: [{ID: 0, Columns: [1, 2, 3, 4]}], PrimaryIndex: 1, NextIndexID: 3, Indexes: [{ID: 1, Unique: true, KeyColumns: [{ID: 1, Dir: ASC}], StoreColumns: [2, 3, 4]}, {ID: 2, Unique: true, KeyColumns: [{ID: 2, Dir: ASC}], KeySuffixColumns: [1]}], InboundFKs: [{OriginTableID: 117, OriginColumns: [4], ReferencedTableID: 115, ReferencedColumnIDs: [1], Validity: Validated}, {OriginTableID: 119, OriginColumns: [2], ReferencedTableID: 115, ReferencedColumnIDs: [1], Validity: Validated}, {OriginTableID: 133, OriginColumns: [4], ReferencedTableID: 115, ReferencedColumnIDs: [1], Validity: Validated}]}
I250817 15:50:58.054914 4091 1@jobs/structured_log.go:49 ⋮ [T1,Vsystem,n1,job=1098958300828532737] 159 ={"Timestamp":1755445858054910218,"EventType":"status_change","JobID":1098958300828532737,"JobType":"SCHEMA CHANGE","Description":"state changed to: running","PreviousStatus":"running","NewStatus":"running","RunNum":0}
I250817 15:50:58.057216 4099 1@jobs/structured_log.go:49 ⋮ [T1,Vsystem,n1,job=1098958300831612929] 160 ={"Timestamp":1755445858057213802,"EventType":"status_change","JobID":1098958300831612929,"JobType":"SCHEMA CHANGE","Description":"state changed to: running","PreviousStatus":"running","NewStatus":"running","RunNum":0}
I250817 15:50:58.057274 4026 1@jobs/structured_log.go:49 ⋮ [T1,Vsystem,n1,job=1098958300834070529] 161 ={"Timestamp":1755445858057273968,"EventType":"status_change","JobID":1098958300834070529,"JobType":"SCHEMA CHANGE","Description":"state changed to: running","PreviousStatus":"running","NewStatus":"running","RunNum":0}
I250817 15:50:58.057275 4012 1@jobs/structured_log.go:49 ⋮ [T1,Vsystem,n1,job=1098958300832956417] 162 ={"Timestamp":1755445858057274843,"EventType":"status_change","JobID":1098958300832956417,"JobType":"SCHEMA CHANGE","Description":"state changed to: running","PreviousStatus":"running","NewStatus":"running","RunNum":0}
I250817 15:50:58.058798 4026 sql/schema_changer.go:828 ⋮ [T1,Vsystem,n1,job=SCHEMA CHANGE id=1098958300834070529,scExec,id=115] 163  schema change on ‹"sensor_type"› (v7) starting execution...
I250817 15:50:58.060029 4091 sql/schema_changer.go:828 ⋮ [T1,Vsystem,n1,job=SCHEMA CHANGE id=1098958300828532737,scExec,id=133] 164  schema change on ‹"sensor_to_user"› (v1) starting execution...
I250817 15:50:58.061009 4099 sql/schema_changer.go:828 ⋮ [T1,Vsystem,n1,job=SCHEMA CHANGE id=1098958300831612929,scExec,id=106] 165  schema change on ‹"users"› (v15) starting execution...
I250817 15:50:58.063257 4012 sql/schema_changer.go:828 ⋮ [T1,Vsystem,n1,job=SCHEMA CHANGE id=1098958300832956417,scExec,id=113] 166  schema change on ‹"device"› (v7) starting execution...
I250817 15:50:58.064213 4091 sql/schema_changer.go:575 ⋮ [T1,Vsystem,n1,job=SCHEMA CHANGE id=1098958300828532737,scExec,id=133] 167  making table public
I250817 15:50:58.066677 4026 sql/schema_changer.go:1485 ⋮ [T1,Vsystem,n1,job=SCHEMA CHANGE id=1098958300834070529,scExec,id=115] 168  waiting for a single version...
I250817 15:50:58.068315 4012 sql/schema_changer.go:1485 ⋮ [T1,Vsystem,n1,job=SCHEMA CHANGE id=1098958300832956417,scExec,id=113] 169  waiting for a single version...
I250817 15:50:58.069747 4026 sql/catalog/lease/lease.go:479 ⋮ [T1,Vsystem,n1,job=SCHEMA CHANGE id=1098958300834070529,scExec,id=115] 170  all leases have expired at 1755445858.067522552,0: desc=[{‹sensor_type› 115 6}]
I250817 15:50:58.070292 4026 sql/schema_changer.go:1490 ⋮ [T1,Vsystem,n1,job=SCHEMA CHANGE id=1098958300834070529,scExec,id=115] 171  waiting for a single version... done (at v 7), took 3.615625ms
I250817 15:50:58.070313 4026 jobs/registry.go:1681 ⋮ [T1,Vsystem,n1,job=1098958300834070529] 172  SCHEMA CHANGE job 1098958300834070529: stepping through state succeeded
I250817 15:50:58.070925 4099 sql/schema_changer.go:1485 ⋮ [T1,Vsystem,n1,job=SCHEMA CHANGE id=1098958300831612929,scExec,id=106] 173  waiting for a single version...
I250817 15:50:58.073029 4012 sql/catalog/lease/lease.go:479 ⋮ [T1,Vsystem,n1,job=SCHEMA CHANGE id=1098958300832956417,scExec,id=113] 174  all leases have expired at 1755445858.069208427,0: desc=[{‹device› 113 6}]
I250817 15:50:58.073050 4012 sql/schema_changer.go:1490 ⋮ [T1,Vsystem,n1,job=SCHEMA CHANGE id=1098958300832956417,scExec,id=113] 175  waiting for a single version... done (at v 7), took 4.736ms
I250817 15:50:58.073061 4012 jobs/registry.go:1681 ⋮ [T1,Vsystem,n1,job=1098958300832956417] 176  SCHEMA CHANGE job 1098958300832956417: stepping through state succeeded
I250817 15:50:58.074049 4099 sql/catalog/lease/lease.go:479 ⋮ [T1,Vsystem,n1,job=SCHEMA CHANGE id=1098958300831612929,scExec,id=106] 177  all leases have expired at 1755445858.073055510,0: desc=[{‹users› 106 14}]
I250817 15:50:58.074068 4099 sql/schema_changer.go:1490 ⋮ [T1,Vsystem,n1,job=SCHEMA CHANGE id=1098958300831612929,scExec,id=106] 178  waiting for a single version... done (at v 15), took 3.143583ms
I250817 15:50:58.074076 4099 jobs/registry.go:1681 ⋮ [T1,Vsystem,n1,job=1098958300831612929] 179  SCHEMA CHANGE job 1098958300831612929: stepping through state succeeded
I250817 15:50:58.075964 4091 sql/catalog/lease/lease.go:479 ⋮ [T1,Vsystem,n1,job=SCHEMA CHANGE id=1098958300828532737,scExec,id=133] 180  all leases have expired at 1755445858.074828135,0: desc=[{‹sensor_to_user› 133 1}]
I250817 15:50:58.075993 4091 sql/schema_changer.go:1485 ⋮ [T1,Vsystem,n1,job=SCHEMA CHANGE id=1098958300828532737,scExec,id=133] 181  waiting for a single version...
I250817 15:50:58.078354 4091 sql/catalog/lease/lease.go:479 ⋮ [T1,Vsystem,n1,job=SCHEMA CHANGE id=1098958300828532737,scExec,id=133] 182  all leases have expired at 1755445858.076757385,0: desc=[{‹sensor_to_user› 133 1}]
I250817 15:50:58.078383 4091 sql/schema_changer.go:1490 ⋮ [T1,Vsystem,n1,job=SCHEMA CHANGE id=1098958300828532737,scExec,id=133] 183  waiting for a single version... done (at v 2), took 2.389708ms
I250817 15:50:58.078397 4091 jobs/registry.go:1681 ⋮ [T1,Vsystem,n1,job=1098958300828532737] 184  SCHEMA CHANGE job 1098958300828532737: stepping through state succeeded
I250817 15:50:58.084432 4026 1@jobs/structured_log.go:49 ⋮ [T1,Vsystem,n1,job=1098958300834070529] 185 ={"Timestamp":1755445858084426510,"EventType":"status_change","JobID":1098958300834070529,"JobType":"SCHEMA CHANGE","Description":"state changed to: succeeded","PreviousStatus":"running","NewStatus":"succeeded","RunNum":0}
I250817 15:50:58.087856 4012 1@jobs/structured_log.go:49 ⋮ [T1,Vsystem,n1,job=1098958300832956417] 186 ={"Timestamp":1755445858087854802,"EventType":"status_change","JobID":1098958300832956417,"JobType":"SCHEMA CHANGE","Description":"state changed to: succeeded","PreviousStatus":"running","NewStatus":"succeeded","RunNum":0}
I250817 15:50:58.088690 4099 1@jobs/structured_log.go:49 ⋮ [T1,Vsystem,n1,job=1098958300831612929] 187 ={"Timestamp":1755445858088689843,"EventType":"status_change","JobID":1098958300831612929,"JobType":"SCHEMA CHANGE","Description":"state changed to: succeeded","PreviousStatus":"running","NewStatus":"succeeded","RunNum":0}
I250817 15:50:58.089128 4091 1@jobs/structured_log.go:49 ⋮ [T1,Vsystem,n1,job=1098958300828532737] 188 ={"Timestamp":1755445858089128468,"EventType":"status_change","JobID":1098958300828532737,"JobType":"SCHEMA CHANGE","Description":"state changed to: succeeded","PreviousStatus":"running","NewStatus":"succeeded","RunNum":0}
I250817 15:50:58.102764 3781 jobs/wait.go:148 ⋮ [T1,Vsystem,n1,client=169.254.169.254:35171,hostnossl,user=‹admin›] 189  waited for 4 [1098958300828532737 1098958300831612929 1098958300832956417 1098958300834070529] queued jobs to complete 71.301375ms
I250817 15:51:04.105214 4631 sql/table.go:205 ⋮ [T1,Vsystem,n1,client=169.254.169.254:20485,hostnossl,user=‹admin›] 190  queued new schema-change job 1098958320779952129 for table 133, mutation 0
I250817 15:51:04.112265 4631 jobs/wait.go:56 ⋮ [T1,Vsystem,n1,client=169.254.169.254:20485,hostnossl,user=‹admin›] 191  waiting for 1 [1098958320779952129] queued jobs to complete
I250817 15:51:04.112368 4661 jobs/adopt.go:224 ⋮ [T1,Vsystem,n1,client=169.254.169.254:20485,hostnossl,user=‹admin›,job=1098958320779952129] 192  job 1098958320779952129: resuming execution
I250817 15:51:04.116273 4675 sql/catalog/lease/descriptor_state.go:135 ⋮ [n1] 193  new lease: tabledesc.immutable: {ID: 133, Version: 3, ModificationTime: "1755445864.096295804,0", ParentID: 104, ParentSchemaID: 105, State: PUBLIC, NextColumnID: 6, Columns: [{ID: 1, TypeID: 20, Null: false, HasDefault: true, OwnsSequenceIDs: [134], UsesSequenceIDs: [134]}, {ID: 2, TypeID: 20, Null: false}, {ID: 3, TypeID: 20, Null: false}, {ID: 4, TypeID: 20, Null: false}, {ID: 5, TypeID: 1184, Null: true, HasDefault: true}], NextFamilyID: 1, Families: [{ID: 0, Columns: [1, 2, 3, 4, 5]}], PrimaryIndex: 1, NextIndexID: 3, Indexes: [{ID: 1, Unique: true, KeyColumns: [{ID: 1, Dir: ASC}], StoreColumns: [2, 3, 4, 5]}, {ID: 2, Unique: true, KeyColumns: [{ID: 3, Dir: ASC}, {ID: 4, Dir: ASC}], KeySuffixColumns: [1]}], OutboundFKs: [{OriginTableID: 133, OriginColumns: [2], ReferencedTableID: 106, ReferencedColumnIDs: [1], Validity: Validated}, {OriginTableID: 133, OriginColumns: [3], ReferencedTableID: 113, ReferencedColumnIDs: [1], Validity: Validated}, {OriginTableID: 133, OriginColumns: [4], ReferencedTableID: 115, ReferencedColumnIDs: [1], Validity: Validated}]}
I250817 15:51:04.123718 4240 jobs/registry.go:1681 ⋮ [T1,Vsystem,n1,job=1098958320779952129] 194  SCHEMA CHANGE job 1098958320779952129: stepping through state running
I250817 15:51:04.130005 4240 1@jobs/structured_log.go:49 ⋮ [T1,Vsystem,n1,job=1098958320779952129] 195 ={"Timestamp":1755445864130000429,"EventType":"status_change","JobID":1098958320779952129,"JobType":"SCHEMA CHANGE","Description":"state changed to: running","PreviousStatus":"running","NewStatus":"running","RunNum":0}
I250817 15:51:04.132284 4240 sql/schema_changer.go:828 ⋮ [T1,Vsystem,n1,job=SCHEMA CHANGE id=1098958320779952129,scExec,id=133] 196  schema change on ‹"sensor_to_user"› (v3) starting execution...
I250817 15:51:04.134203 4240 sql/schema_changer.go:1485 ⋮ [T1,Vsystem,n1,job=SCHEMA CHANGE id=1098958320779952129,scExec,id=133] 197  waiting for a single version...
I250817 15:51:04.136306 4240 sql/catalog/lease/lease.go:479 ⋮ [T1,Vsystem,n1,job=SCHEMA CHANGE id=1098958320779952129,scExec,id=133] 198  all leases have expired at 1755445864.134711263,0: desc=[{‹sensor_to_user› 133 2}]
I250817 15:51:04.136341 4240 sql/schema_changer.go:1490 ⋮ [T1,Vsystem,n1,job=SCHEMA CHANGE id=1098958320779952129,scExec,id=133] 199  waiting for a single version... done (at v 3), took 2.139167ms
I250817 15:51:04.136360 4240 jobs/registry.go:1681 ⋮ [T1,Vsystem,n1,job=1098958320779952129] 200  SCHEMA CHANGE job 1098958320779952129: stepping through state succeeded
I250817 15:51:04.149478 4240 1@jobs/structured_log.go:49 ⋮ [T1,Vsystem,n1,job=1098958320779952129] 201 ={"Timestamp":1755445864149473096,"EventType":"status_change","JobID":1098958320779952129,"JobType":"SCHEMA CHANGE","Description":"state changed to: succeeded","PreviousStatus":"running","NewStatus":"succeeded","RunNum":0}
I250817 15:51:04.158769 4631 jobs/wait.go:148 ⋮ [T1,Vsystem,n1,client=169.254.169.254:20485,hostnossl,user=‹admin›] 202  waited for 1 [1098958320779952129] queued jobs to complete 46.481125ms
I250817 15:51:04.172467 4631 1@util/log/event_log.go:39 ⋮ [T1,Vsystem,n1,client=169.254.169.254:20485,hostnossl,user=‹admin›] 203 ={"Timestamp":1755445864167655013,"EventType":"set_cluster_setting","Statement":"SET CLUSTER SETTING \"kv.rangefeed.enabled\" = true","Tag":"SET CLUSTER SETTING","User":"‹admin›","ApplicationName":"PyCharm 2025.1.3.1","SettingName":"kv.rangefeed.enabled","Value":"‹true›"}
I250817 15:51:04.186390 4631 1@ccl/changefeedccl/changefeed_stmt.go:1144 ⋮ [T1,Vsystem,n1,client=169.254.169.254:20485,hostnossl,user=‹admin›] 204  changefeed planning to connect to destination kafka://broker_kafka:9092?topic_name=users_changes
I250817 15:51:04.197991 4720 ccl/changefeedccl/sink_kafka_v2.go:246 ⋮ [-] 205  updating kafka metadata for topics: [‹users_changes›]
I250817 15:51:04.213880 4735 jobs/registry.go:1681 ⋮ [T1,Vsystem,n1] 206  CHANGEFEED job 1098958321112612865: stepping through state running
I250817 15:51:04.228133 4735 1@jobs/structured_log.go:49 ⋮ [T1,Vsystem,n1] 207 ={"Timestamp":1755445864228129471,"EventType":"status_change","JobID":1098958321112612865,"JobType":"CHANGEFEED","Description":"state changed to: running","PreviousStatus":"running","NewStatus":"running","RunNum":0}
I250817 15:51:04.230781 4773 ccl/changefeedccl/changefeed_dist.go:414 ⋮ [T1,Vsystem,n1,job=CHANGEFEED id=1098958321112612865] 208  using bulk oracle for DistSQL planning
I250817 15:51:04.232692 4773 ccl/changefeedccl/changefeed_dist.go:577 ⋮ [T1,Vsystem,n1,job=CHANGEFEED id=1098958321112612865] 209  changefeed plan diagram: ‹https://cockroachdb.github.io/distsqlplan/decode.html#eJyUkU2PmzAQhu_9FWjORjBmE1ifUnVVKYd2q3alHlaoMvZArBJMbaNthfjvFdCPTaREynE-eN6H8Qj-RwsC1EF2DdVEWkSY3hf3myLjiMi3yIvtBhh0VtNHeSQP4hkQSga9s4q8t25ujcvCXv8EkTIwXT-EuV0yUNYRiBGCCS2BgHdL1NumcdTIYF2SAgNNQZp2YX-VQR3IR89Yiih5klVLCWZZMmLMJygnBnYI__E-yIZA4Cuf_QOIdGK3Kr13tguGXIKnQo9DENGOs13GdncXBfiZAN4i8Jl8bztPJ8GXktKzpBinkgHphtaH8HZwij45q5bdtXxcQEtDkw_rFNdi3_0d-eBIHv_d7zUJr5L4NVLJoG7tyzejQQDneaZztYlltq3iO6owLtK8jrMqr-sq12md5zB_IBs_n-jLwb4s2Kdf_fyDtWw9Mfggv9MDBXJH0xkfjPozmaY3vwMAAP__Qerp5g==›
I250817 15:51:04.232965 4779 ccl/changefeedccl/sink_kafka_v2.go:246 ⋮ [-] 210  updating kafka metadata for topics: [‹users_changes›]
I250817 15:51:04.235773 4779 ccl/changefeedccl/sink_kafka_v2.go:246 ⋮ [-] 211  updating kafka metadata for topics: [‹users_changes›]
I250817 15:51:04.235924 4867 ccl/changefeedccl/kvfeed/kv_feed.go:332 ⋮ [T1,Vsystem,n1,job=1098958321112612865,change-aggregator] 212  kv feed run starting
I250817 15:51:08.241894 5343 1@jobs/structured_log.go:49 ⋮ [T1,Vsystem,n1] 213 ={"Timestamp":1755445868241889084,"EventType":"status_change","JobID":1098958334270701569,"JobType":"AUTO CREATE STATS","Description":"state changed to: running","PreviousStatus":"running","NewStatus":"running","RunNum":0}
I250817 15:51:08.246023 5343 sql/distsql_plan_stats.go:209 ⋮ [T1,Vsystem,n1,job=AUTO CREATE STATS id=1098958334270701569,create-stats-distsql] 214  using computed sample size of 10000 for histogram construction
I250817 15:51:08.305958 5343 1@jobs/structured_log.go:49 ⋮ [T1,Vsystem,n1] 215 ={"Timestamp":1755445868305953959,"EventType":"status_change","JobID":1098958334270701569,"JobType":"AUTO CREATE STATS","Description":"state changed to: succeeded","PreviousStatus":"running","NewStatus":"succeeded","RunNum":0}
I250817 15:51:08.349283 5578 1@jobs/structured_log.go:49 ⋮ [T1,Vsystem,n1] 216 ={"Timestamp":1755445868349280500,"EventType":"status_change","JobID":1098958334641111041,"JobType":"AUTO CREATE STATS","Description":"state changed to: running","PreviousStatus":"running","NewStatus":"running","RunNum":0}
I250817 15:51:08.350860 5578 sql/distsql_plan_stats.go:209 ⋮ [T1,Vsystem,n1,job=AUTO CREATE STATS id=1098958334641111041,create-stats-distsql] 217  using computed sample size of 10000 for histogram construction
I250817 15:51:08.378059 5578 1@jobs/structured_log.go:49 ⋮ [T1,Vsystem,n1] 218 ={"Timestamp":1755445868378056125,"EventType":"status_change","JobID":1098958334641111041,"JobType":"AUTO CREATE STATS","Description":"state changed to: succeeded","PreviousStatus":"running","NewStatus":"succeeded","RunNum":0}
I250817 15:51:08.405083 5684 1@jobs/structured_log.go:49 ⋮ [T1,Vsystem,n1] 219 ={"Timestamp":1755445868405079167,"EventType":"status_change","JobID":1098958334823170049,"JobType":"AUTO CREATE STATS","Description":"state changed to: running","PreviousStatus":"running","NewStatus":"running","RunNum":0}
I250817 15:51:08.406963 5684 sql/distsql_plan_stats.go:209 ⋮ [T1,Vsystem,n1,job=AUTO CREATE STATS id=1098958334823170049,create-stats-distsql] 220  using computed sample size of 10000 for histogram construction
I250817 15:51:08.436873 5684 1@jobs/structured_log.go:49 ⋮ [T1,Vsystem,n1] 221 ={"Timestamp":1755445868436870667,"EventType":"status_change","JobID":1098958334823170049,"JobType":"AUTO CREATE STATS","Description":"state changed to: succeeded","PreviousStatus":"running","NewStatus":"succeeded","RunNum":0}
I250817 15:51:08.456267 5812 1@jobs/structured_log.go:49 ⋮ [T1,Vsystem,n1] 222 ={"Timestamp":1755445868456265292,"EventType":"status_change","JobID":1098958334994251777,"JobType":"AUTO CREATE STATS","Description":"state changed to: running","PreviousStatus":"running","NewStatus":"running","RunNum":0}
I250817 15:51:08.458881 5812 sql/distsql_plan_stats.go:209 ⋮ [T1,Vsystem,n1,job=AUTO CREATE STATS id=1098958334994251777,create-stats-distsql] 223  using computed sample size of 10000 for histogram construction
I250817 15:51:08.487692 5812 1@jobs/structured_log.go:49 ⋮ [T1,Vsystem,n1] 224 ={"Timestamp":1755445868487689709,"EventType":"status_change","JobID":1098958334994251777,"JobType":"AUTO CREATE STATS","Description":"state changed to: succeeded","PreviousStatus":"running","NewStatus":"succeeded","RunNum":0}
I250817 15:51:08.503149 5788 1@jobs/structured_log.go:49 ⋮ [T1,Vsystem,n1] 225 ={"Timestamp":1755445868503147042,"EventType":"status_change","JobID":1098958335149080577,"JobType":"AUTO CREATE STATS","Description":"state changed to: running","PreviousStatus":"running","NewStatus":"running","RunNum":0}
I250817 15:51:08.504579 5788 sql/distsql_plan_stats.go:209 ⋮ [T1,Vsystem,n1,job=AUTO CREATE STATS id=1098958335149080577,create-stats-distsql] 226  using computed sample size of 10000 for histogram construction
I250817 15:51:08.548055 5788 1@jobs/structured_log.go:49 ⋮ [T1,Vsystem,n1] 227 ={"Timestamp":1755445868548052709,"EventType":"status_change","JobID":1098958335149080577,"JobType":"AUTO CREATE STATS","Description":"state changed to: succeeded","PreviousStatus":"running","NewStatus":"succeeded","RunNum":0}
I250817 15:51:08.578810 6044 1@jobs/structured_log.go:49 ⋮ [T1,Vsystem,n1] 228 ={"Timestamp":1755445868578807084,"EventType":"status_change","JobID":1098958335392055297,"JobType":"AUTO CREATE STATS","Description":"state changed to: running","PreviousStatus":"running","NewStatus":"running","RunNum":0}
I250817 15:51:08.580915 6044 sql/distsql_plan_stats.go:209 ⋮ [T1,Vsystem,n1,job=AUTO CREATE STATS id=1098958335392055297,create-stats-distsql] 229  using computed sample size of 10000 for histogram construction
I250817 15:51:08.608573 6044 1@jobs/structured_log.go:49 ⋮ [T1,Vsystem,n1] 230 ={"Timestamp":1755445868608568959,"EventType":"status_change","JobID":1098958335392055297,"JobType":"AUTO CREATE STATS","Description":"state changed to: succeeded","PreviousStatus":"running","NewStatus":"succeeded","RunNum":0}
E250817 15:51:08.614185 3342 sql/stats/automatic_stats.go:509 ⋮ [T1,Vsystem,n1] 231  failed to get table descriptor for automatic stats on table id: 120: descriptor is being dropped
I250817 15:51:08.632275 6145 1@jobs/structured_log.go:49 ⋮ [T1,Vsystem,n1] 232 ={"Timestamp":1755445868632273542,"EventType":"status_change","JobID":1098958335568936961,"JobType":"AUTO CREATE STATS","Description":"state changed to: running","PreviousStatus":"running","NewStatus":"running","RunNum":0}
I250817 15:51:08.633619 6145 sql/distsql_plan_stats.go:209 ⋮ [T1,Vsystem,n1,job=AUTO CREATE STATS id=1098958335568936961,create-stats-distsql] 233  using computed sample size of 10000 for histogram construction
I250817 15:51:08.667790 6145 1@jobs/structured_log.go:49 ⋮ [T1,Vsystem,n1] 234 ={"Timestamp":1755445868667788251,"EventType":"status_change","JobID":1098958335568936961,"JobType":"AUTO CREATE STATS","Description":"state changed to: succeeded","PreviousStatus":"running","NewStatus":"succeeded","RunNum":0}
E250817 15:51:08.668834 3342 sql/stats/automatic_stats.go:509 ⋮ [T1,Vsystem,n1] 235  failed to get table descriptor for automatic stats on table id: 121: descriptor is being dropped
W250817 15:51:08.670149 3342 sql/stats/automatic_stats.go:1016 ⋮ [T1,Vsystem,n1] 236  failed to create statistics on table 121: create-stats: descriptor is being dropped
I250817 15:51:08.693075 6319 1@jobs/structured_log.go:49 ⋮ [T1,Vsystem,n1] 237 ={"Timestamp":1755445868693073626,"EventType":"status_change","JobID":1098958335768985601,"JobType":"AUTO CREATE STATS","Description":"state changed to: running","PreviousStatus":"running","NewStatus":"running","RunNum":0}
I250817 15:51:08.694488 6319 sql/distsql_plan_stats.go:209 ⋮ [T1,Vsystem,n1,job=AUTO CREATE STATS id=1098958335768985601,create-stats-distsql] 238  using computed sample size of 10000 for histogram construction
I250817 15:51:08.722765 6319 1@jobs/structured_log.go:49 ⋮ [T1,Vsystem,n1] 239 ={"Timestamp":1755445868722763084,"EventType":"status_change","JobID":1098958335768985601,"JobType":"AUTO CREATE STATS","Description":"state changed to: succeeded","PreviousStatus":"running","NewStatus":"succeeded","RunNum":0}
I250817 15:51:26.292640 6700 github.com/twmb/franz-go/pkg/kgo/logger.go:123 ⋮ [T1,Vsystem,n1,job=1098958321112612865,change-aggregator] 240  kafka(kgo): INFO producing to a new topic for the first time, fetching metadata to learn its partitions ‹topic›=‹users_changes›
I250817 15:51:26.292724 4781 github.com/twmb/franz-go/pkg/kgo/logger.go:123 ⋮ [T1,Vsystem,n1,job=1098958321112612865,change-aggregator] 241  kafka(kgo): INFO immediate metadata update triggered ‹why›=‹forced load because we are producing to a topic for the first time›
I250817 15:51:26.301171 6700 github.com/twmb/franz-go/pkg/kgo/logger.go:123 ⋮ [T1,Vsystem,n1,job=1098958321112612865,change-aggregator] 242  kafka(kgo): INFO done waiting for metadata for new topic ‹topic›=‹users_changes›
I250817 15:51:26.301571 6772 github.com/twmb/franz-go/pkg/kgo/logger.go:123 ⋮ [T1,Vsystem,n1,job=1098958321112612865,change-aggregator] 243  kafka(kgo): INFO skipping producer id initialization because the client was configured to disable idempotent writes
I250817 15:52:08.771503 7602 1@jobs/structured_log.go:49 ⋮ [T1,Vsystem,n1] 244 ={"Timestamp":1755445928771498251,"EventType":"status_change","JobID":1098958532562223105,"JobType":"AUTO CREATE STATS","Description":"state changed to: running","PreviousStatus":"running","NewStatus":"running","RunNum":0}
I250817 15:52:08.774433 7602 sql/distsql_plan_stats.go:209 ⋮ [T1,Vsystem,n1,job=AUTO CREATE STATS id=1098958532562223105,create-stats-distsql] 245  using computed sample size of 10000 for histogram construction
I250817 15:52:08.828014 7602 1@jobs/structured_log.go:49 ⋮ [T1,Vsystem,n1] 246 ={"Timestamp":1755445928828009334,"EventType":"status_change","JobID":1098958532562223105,"JobType":"AUTO CREATE STATS","Description":"state changed to: succeeded","PreviousStatus":"running","NewStatus":"succeeded","RunNum":0}
I250817 15:52:08.846975 7662 1@jobs/structured_log.go:49 ⋮ [T1,Vsystem,n1] 247 ={"Timestamp":1755445928846971792,"EventType":"status_change","JobID":1098958532876042241,"JobType":"AUTO CREATE PARTIAL STATS","Description":"state changed to: running","PreviousStatus":"running","NewStatus":"running","RunNum":0}
I250817 15:52:08.849747 7662 sql/distsql_plan_stats.go:209 ⋮ [T1,Vsystem,n1,job=AUTO CREATE PARTIAL STATS id=1098958532876042241,create-stats-distsql] 248  using computed sample size of 10000 for histogram construction
I250817 15:52:08.878694 7662 1@jobs/structured_log.go:49 ⋮ [T1,Vsystem,n1] 249 ={"Timestamp":1755445928878690667,"EventType":"status_change","JobID":1098958532876042241,"JobType":"AUTO CREATE PARTIAL STATS","Description":"state changed to: succeeded","PreviousStatus":"running","NewStatus":"succeeded","RunNum":0}
I250817 15:52:08.895903 7780 1@jobs/structured_log.go:49 ⋮ [T1,Vsystem,n1] 250 ={"Timestamp":1755445928895900542,"EventType":"status_change","JobID":1098958533038702593,"JobType":"AUTO CREATE PARTIAL STATS","Description":"state changed to: running","PreviousStatus":"running","NewStatus":"running","RunNum":0}
I250817 15:52:08.898138 7780 sql/distsql_plan_stats.go:209 ⋮ [T1,Vsystem,n1,job=AUTO CREATE PARTIAL STATS id=1098958533038702593,create-stats-distsql] 251  using computed sample size of 10000 for histogram construction
I250817 15:52:08.908263 7780 sql/distsql_plan_stats.go:209 ⋮ [T1,Vsystem,n1,job=AUTO CREATE PARTIAL STATS id=1098958533038702593,create-stats-distsql] 252  using computed sample size of 10000 for histogram construction
I250817 15:52:08.915843 7780 sql/distsql_plan_stats.go:209 ⋮ [T1,Vsystem,n1,job=AUTO CREATE PARTIAL STATS id=1098958533038702593,create-stats-distsql] 253  using computed sample size of 10000 for histogram construction
I250817 15:52:08.924786 7780 sql/distsql_plan_stats.go:209 ⋮ [T1,Vsystem,n1,job=AUTO CREATE PARTIAL STATS id=1098958533038702593,create-stats-distsql] 254  using computed sample size of 10000 for histogram construction
I250817 15:52:08.954197 7780 1@jobs/structured_log.go:49 ⋮ [T1,Vsystem,n1] 255 ={"Timestamp":1755445928954194209,"EventType":"status_change","JobID":1098958533038702593,"JobType":"AUTO CREATE PARTIAL STATS","Description":"state changed to: succeeded","PreviousStatus":"running","NewStatus":"succeeded","RunNum":0}
I250817 15:52:08.971341 7964 1@jobs/structured_log.go:49 ⋮ [T1,Vsystem,n1] 256 ={"Timestamp":1755445928971338917,"EventType":"status_change","JobID":1098958533285117953,"JobType":"AUTO CREATE PARTIAL STATS","Description":"state changed to: running","PreviousStatus":"running","NewStatus":"running","RunNum":0}
I250817 15:52:08.973827 7964 sql/distsql_plan_stats.go:209 ⋮ [T1,Vsystem,n1,job=AUTO CREATE PARTIAL STATS id=1098958533285117953,create-stats-distsql] 257  using computed sample size of 10000 for histogram construction
I250817 15:52:09.000417 7964 1@jobs/structured_log.go:49 ⋮ [T1,Vsystem,n1] 258 ={"Timestamp":1755445929000413709,"EventType":"status_change","JobID":1098958533285117953,"JobType":"AUTO CREATE PARTIAL STATS","Description":"state changed to: succeeded","PreviousStatus":"running","NewStatus":"succeeded","RunNum":0}
I250817 15:52:09.017506 7916 1@jobs/structured_log.go:49 ⋮ [T1,Vsystem,n1] 259 ={"Timestamp":1755445929017503417,"EventType":"status_change","JobID":1098958533438275585,"JobType":"AUTO CREATE PARTIAL STATS","Description":"state changed to: running","PreviousStatus":"running","NewStatus":"running","RunNum":0}
I250817 15:52:09.019519 7916 sql/distsql_plan_stats.go:209 ⋮ [T1,Vsystem,n1,job=AUTO CREATE PARTIAL STATS id=1098958533438275585,create-stats-distsql] 260  using computed sample size of 10000 for histogram construction
I250817 15:52:09.045951 7916 1@jobs/structured_log.go:49 ⋮ [T1,Vsystem,n1] 261 ={"Timestamp":1755445929045948834,"EventType":"status_change","JobID":1098958533438275585,"JobType":"AUTO CREATE PARTIAL STATS","Description":"state changed to: succeeded","PreviousStatus":"running","NewStatus":"succeeded","RunNum":0}
I250817 15:52:47.962285 776 server/status/runtime_jemalloc.go:226 ⋮ [T1,Vsystem,n1] 262  jemalloc arenas purged (took 57.708µs)
I250817 15:54:09.081810 10145 1@jobs/structured_log.go:49 ⋮ [T1,Vsystem,n1] 263 ={"Timestamp":1755446049081805626,"EventType":"status_change","JobID":1098958926839250945,"JobType":"AUTO CREATE PARTIAL STATS","Description":"state changed to: running","PreviousStatus":"running","NewStatus":"running","RunNum":0}
I250817 15:54:09.084146 10145 sql/distsql_plan_stats.go:209 ⋮ [T1,Vsystem,n1,job=AUTO CREATE PARTIAL STATS id=1098958926839250945,create-stats-distsql] 264  using computed sample size of 10000 for histogram construction
I250817 15:54:09.115042 10145 1@jobs/structured_log.go:49 ⋮ [T1,Vsystem,n1] 265 ={"Timestamp":1755446049115039584,"EventType":"status_change","JobID":1098958926839250945,"JobType":"AUTO CREATE PARTIAL STATS","Description":"state changed to: succeeded","PreviousStatus":"running","NewStatus":"succeeded","RunNum":0}
I250817 15:54:09.131782 10274 1@jobs/structured_log.go:49 ⋮ [T1,Vsystem,n1] 266 ={"Timestamp":1755446049131780709,"EventType":"status_change","JobID":1098958927028387841,"JobType":"AUTO CREATE PARTIAL STATS","Description":"state changed to: running","PreviousStatus":"running","NewStatus":"running","RunNum":0}
I250817 15:54:09.134044 10274 sql/distsql_plan_stats.go:209 ⋮ [T1,Vsystem,n1,job=AUTO CREATE PARTIAL STATS id=1098958927028387841,create-stats-distsql] 267  using computed sample size of 10000 for histogram construction
I250817 15:54:09.163438 10274 1@jobs/structured_log.go:49 ⋮ [T1,Vsystem,n1] 268 ={"Timestamp":1755446049163435459,"EventType":"status_change","JobID":1098958927028387841,"JobType":"AUTO CREATE PARTIAL STATS","Description":"state changed to: succeeded","PreviousStatus":"running","NewStatus":"succeeded","RunNum":0}
I250817 15:54:47.976841 776 server/status/runtime_jemalloc.go:226 ⋮ [T1,Vsystem,n1] 269  jemalloc arenas purged (took 127.75µs)
I250817 15:56:33.617596 1 1@cli/start.go:993 ⋮ [T1,Vsystem,n1] 270  received signal 'terminated'
I250817 15:56:33.620073 1 1@cli/start.go:1034 ⋮ [T1,Vsystem,n1] 271  initiating graceful shutdown of server
I250817 15:56:33.624540 12843 server/drain.go:353 ⋮ [T1,Vsystem,n1,server drain process,call-graceful-drain] 272  all tenant servers stopped
I250817 15:56:33.624809 12843 1@server/drain.go:399 ⋮ [T1,Vsystem,n1,server drain process,call-graceful-drain] 273  waiting for health probes to notice that the node is not ready for new sql connections
W250817 15:56:33.625015 12843 1@util/log/event_log.go:39 ⋮ [T1,Vsystem,n1,server drain process,call-graceful-drain] 274 ={"Timestamp":1755446193625000221,"EventType":"node_shutdown_connection_timeout","NodeID":1,"Detail":"draining SQL queries after waiting for server.shutdown.connections.timeout","ConnectionsRemaining":5,"TimeoutMillis":0}
I250817 15:56:36.628582 12846 1@server/drain.go:513 ⋮ [T1,Vsystem,n1,server drain process,call-graceful-drain] 275  number of open connections: 5
I250817 15:56:38.621727 12844 1@cli/start.go:1046 ⋮ [T1,Vsystem,n1] 276  378 running tasks
I250817 15:56:39.626746 12846 1@server/drain.go:513 ⋮ [T1,Vsystem,n1,server drain process,call-graceful-drain] 277  number of open connections: 5
I250817 15:56:42.629596 12846 1@server/drain.go:513 ⋮ [T1,Vsystem,n1,server drain process,call-graceful-drain] 278  number of open connections: 5
I250817 15:56:43.622828 12844 1@cli/start.go:1046 ⋮ [T1,Vsystem,n1] 279  378 running tasks
I250817 15:56:43.625930 12843 1@sql/pgwire/server.go:731 ⋮ [T1,Vsystem,n1,server drain process,call-graceful-drain] 280  starting draining SQL connections
I250817 15:56:43.626399 1427 sql/stats/automatic_stats.go:694 ⋮ [T1,Vsystem,n1] 281  draining auto stats refresher
I250817 15:56:43.626491 1428 sql/stats/automatic_stats.go:745 ⋮ [T1,Vsystem,n1] 282  draining stats garbage collector
W250817 15:56:43.625942 1179 jobs/registry.go:1069 ⋮ [T1,Vsystem,n1] 283  canceling all adopted jobs due to graceful drain request
