I250821 16:42:10.569826 84 util/log/file_sync_buffer.go:237 ⋮ [config]   file created at: 2025/08/21 16:42:10
I250821 16:42:10.569863 84 util/log/file_sync_buffer.go:237 ⋮ [config]   running on machine: ‹42e90816d139›
I250821 16:42:10.569898 84 util/log/file_sync_buffer.go:237 ⋮ [config]   binary: CockroachDB CCL v25.2.0 (aarch64-unknown-linux-gnu, built 2025/05/15 21:07:42, go1.23.7 X:nocoverageredesign)
I250821 16:42:10.569912 84 util/log/file_sync_buffer.go:237 ⋮ [config]   arguments: [‹/cockroach/cockroach› ‹start-single-node› ‹--certs-dir=certs› ‹--advertise-addr=127.0.0.1:26257› ‹--insecure› ‹--http-addr=0.0.0.0:8080›]
I250821 16:42:10.569931 84 util/log/file_sync_buffer.go:237 ⋮ [config]   log format (utf8=✓): crdb-v2
I250821 16:42:10.569938 84 util/log/file_sync_buffer.go:237 ⋮ [config]   line format: [IWEF]yymmdd hh:mm:ss.uuuuuu goid [chan@]file:line redactionmark \[tags\] [counter] msg
I250821 16:42:10.560816 84 3@pebble/objstorage/objstorageprovider/remote.go:102 ⋮ [n?,s?,pebble] 1  remote storage configured; creatorID = 1
I250821 16:42:11.406001 84 3@pebble/open.go:1054 ⋮ [n?,s?,pebble] 2  [JOB ‹1›] WAL ‹004066: {(/cockroach/cockroach-data,000)}› stopped reading at offset: (‹/cockroach/cockroach-data/004066.log›: 25977164); replayed 78533 keys in 3264 batches
I250821 16:42:11.406541 101 3@pebble/event.go:1011 ⋮ [n?,s?,pebble] 3  [JOB 2] flushing 7 memtables (27MB) to L0
I250821 16:42:11.439693 101 3@pebble/event.go:1039 ⋮ [n?,s?,pebble] 4  [JOB 2] flushing: sstable created 004071
I250821 16:42:12.377613 101 3@pebble/event.go:1031 ⋮ [n?,s?,pebble] 5  [JOB 2] MANIFEST created 004072
I250821 16:42:12.378646 101 3@pebble/event.go:1015 ⋮ [n?,s?,pebble] 6  [JOB 2] flushed 7 memtables (27MB) to L0 [004071] (287KB), in 0.9s (1.0s total), output rate 302KB/s
I250821 16:42:12.386781 84 3@pebble/event.go:1059 ⋮ [n?,s?,pebble] 7  [JOB 1] WAL created 004073
I250821 16:42:12.387026 99 3@pebble/event.go:1063 ⋮ [n?,s?,pebble] 8  [JOB 2] WAL deleted 004066
I250821 16:42:12.412000 105 3@pebble/event.go:999 ⋮ [n?,s?,pebble] 9  [JOB 4] compacting(default) L0 [004071] (287KB) Score=14.87 + L5 [004068 004069] (4.3MB) Score=0.07; OverlappingRatio: Single 15.36, Multi 0.00
I250821 16:42:12.562572 105 3@pebble/event.go:1039 ⋮ [n?,s?,pebble] 10  [JOB 4] compacting: sstable created 004075
I250821 16:42:12.720540 130 3@pebble/event.go:1051 ⋮ [n?,s?,pebble] 11  [JOB 5] all initial table stats loaded
I250821 16:42:13.158955 105 3@pebble/event.go:1039 ⋮ [n?,s?,pebble] 12  [JOB 4] compacting: sstable created 004076
I250821 16:42:13.601188 105 3@pebble/event.go:1003 ⋮ [n?,s?,pebble] 13  [JOB 4] compacted(default) L0 [004071] (287KB) Score=14.87 + L5 [004068 004069] (4.3MB) Score=0.07 -> L5 [004075 004076] (4.4MB), in 1.2s (1.2s total), output rate 3.7MB/s
I250821 16:42:13.607101 99 3@pebble/event.go:1043 ⋮ [n?,s?,pebble] 14  [JOB 4] sstable deleted 004068
I250821 16:42:13.610989 99 3@pebble/event.go:1043 ⋮ [n?,s?,pebble] 15  [JOB 4] sstable deleted 004069
I250821 16:42:13.611573 99 3@pebble/event.go:1043 ⋮ [n?,s?,pebble] 16  [JOB 4] sstable deleted 004071
I250821 16:42:13.613015 99 3@pebble/event.go:1035 ⋮ [n?,s?,pebble] 17  [JOB 1] MANIFEST deleted 004050
I250821 16:42:13.782408 84 3@pebble/event.go:1031 ⋮ [n?,s?,pebble] 18  [JOB 1] MANIFEST created 000001
I250821 16:42:13.844855 84 3@pebble/event.go:1059 ⋮ [n?,s?,pebble] 19  [JOB 1] WAL created 000002
I250821 16:42:13.845805 84 3@pebble/event.go:1027 ⋮ [n?,s?,pebble] 20  upgraded to format version: 014
I250821 16:42:13.871562 84 3@pebble/event.go:1027 ⋮ [n?,s?,pebble] 21  upgraded to format version: 015
I250821 16:42:13.895832 84 3@pebble/event.go:1027 ⋮ [n?,s?,pebble] 22  upgraded to format version: 016
I250821 16:42:13.932785 84 3@pebble/event.go:1027 ⋮ [n?,s?,pebble] 23  upgraded to format version: 017
I250821 16:42:13.940041 84 3@pebble/event.go:1027 ⋮ [n?,s?,pebble] 24  upgraded to format version: 018
I250821 16:42:13.942406 84 3@pebble/event.go:1027 ⋮ [n?,s?,pebble] 25  upgraded to format version: 019
I250821 16:42:13.985436 140 3@pebble/event.go:1051 ⋮ [n?,s?,pebble] 26  [JOB 2] all initial table stats loaded
I250821 16:42:34.921433 607 3@kv/kvserver/store.go:3801 ⋮ [T1,Vsystem,n1,s1] 27  Pebble metrics:
I250821 16:42:34.921433 607 3@kv/kvserver/store.go:3801 ⋮ [T1,Vsystem,n1,s1] 27 +      |                             |       |       |   ingested   |     moved    |    written   |       |    amp
I250821 16:42:34.921433 607 3@kv/kvserver/store.go:3801 ⋮ [T1,Vsystem,n1,s1] 27 +level | tables  size val-bl vtables | score |   in  | tables  size | tables  size | tables  size |  read |   r   w
I250821 16:42:34.921433 607 3@kv/kvserver/store.go:3801 ⋮ [T1,Vsystem,n1,s1] 27 +------+-----------------------------+-------+-------+--------------+--------------+--------------+-------+---------
I250821 16:42:34.921433 607 3@kv/kvserver/store.go:3801 ⋮ [T1,Vsystem,n1,s1] 27 +    0 |     0     0B     0B       0 |  0.00 |  25MB |     0     0B |     0     0B |     1  287KB |    0B |   0  0.0
I250821 16:42:34.921433 607 3@kv/kvserver/store.go:3801 ⋮ [T1,Vsystem,n1,s1] 27 +    1 |     0     0B     0B       0 |  0.00 |    0B |     0     0B |     0     0B |     0     0B |    0B |   0  0.0
I250821 16:42:34.921433 607 3@kv/kvserver/store.go:3801 ⋮ [T1,Vsystem,n1,s1] 27 +    2 |     0     0B     0B       0 |  0.00 |    0B |     0     0B |     0     0B |     0     0B |    0B |   0  0.0
I250821 16:42:34.921433 607 3@kv/kvserver/store.go:3801 ⋮ [T1,Vsystem,n1,s1] 27 +    3 |     0     0B     0B       0 |  0.00 |    0B |     0     0B |     0     0B |     0     0B |    0B |   0  0.0
I250821 16:42:34.921433 607 3@kv/kvserver/store.go:3801 ⋮ [T1,Vsystem,n1,s1] 27 +    4 |     0     0B     0B       0 |  0.00 |    0B |     0     0B |     0     0B |     0     0B |    0B |   0  0.0
I250821 16:42:34.921433 607 3@kv/kvserver/store.go:3801 ⋮ [T1,Vsystem,n1,s1] 27 +    5 |     2  4.4MB  262KB       0 |  0.15 | 287KB |     0     0B |     0     0B |     2  4.4MB | 4.6MB |   1 15.7
I250821 16:42:34.921433 607 3@kv/kvserver/store.go:3801 ⋮ [T1,Vsystem,n1,s1] 27 +    6 |    14   72MB  498KB       0 |     - |    0B |     0     0B |     0     0B |     0     0B |    0B |   1  0.0
I250821 16:42:34.921433 607 3@kv/kvserver/store.go:3801 ⋮ [T1,Vsystem,n1,s1] 27 +total |    16   76MB  761KB       0 |     - |  27MB |     0     0B |     0     0B |     3   32MB | 4.6MB |   2  1.2
I250821 16:42:34.921433 607 3@kv/kvserver/store.go:3801 ⋮ [T1,Vsystem,n1,s1] 27 +-------------------------------------------------------------------------------------------------------------------
I250821 16:42:34.921433 607 3@kv/kvserver/store.go:3801 ⋮ [T1,Vsystem,n1,s1] 27 +WAL: 1 files (2.3MB)  in: 2.3MB  written: 27MB (1076% overhead)
I250821 16:42:34.921433 607 3@kv/kvserver/store.go:3801 ⋮ [T1,Vsystem,n1,s1] 27 +Flushes: 1
I250821 16:42:34.921433 607 3@kv/kvserver/store.go:3801 ⋮ [T1,Vsystem,n1,s1] 27 +Compactions: 1  estimated debt: 0B  in progress: 0 (0B)
I250821 16:42:34.921433 607 3@kv/kvserver/store.go:3801 ⋮ [T1,Vsystem,n1,s1] 27 +             default: 1  delete: 0  elision: 0  move: 0  read: 0  tombstone-density: 0  rewrite: 0  copy: 0  multi-level: 0
I250821 16:42:34.921433 607 3@kv/kvserver/store.go:3801 ⋮ [T1,Vsystem,n1,s1] 27 +MemTables: 1 (32MB)  zombie: 1 (16MB)
I250821 16:42:34.921433 607 3@kv/kvserver/store.go:3801 ⋮ [T1,Vsystem,n1,s1] 27 +Zombie tables: 0 (0B, local: 0B)
I250821 16:42:34.921433 607 3@kv/kvserver/store.go:3801 ⋮ [T1,Vsystem,n1,s1] 27 +Backing tables: 0 (0B)
I250821 16:42:34.921433 607 3@kv/kvserver/store.go:3801 ⋮ [T1,Vsystem,n1,s1] 27 +Virtual tables: 0 (0B)
I250821 16:42:34.921433 607 3@kv/kvserver/store.go:3801 ⋮ [T1,Vsystem,n1,s1] 27 +Local tables size: 76MB
I250821 16:42:34.921433 607 3@kv/kvserver/store.go:3801 ⋮ [T1,Vsystem,n1,s1] 27 +Compression types: snappy: 16
I250821 16:42:34.921433 607 3@kv/kvserver/store.go:3801 ⋮ [T1,Vsystem,n1,s1] 27 +Block cache: 85 entries (2.9MB)  hit rate: 90.6%
I250821 16:42:34.921433 607 3@kv/kvserver/store.go:3801 ⋮ [T1,Vsystem,n1,s1] 27 +Table cache: 16 entries (13KB)  hit rate: 99.5%
I250821 16:42:34.921433 607 3@kv/kvserver/store.go:3801 ⋮ [T1,Vsystem,n1,s1] 27 +Snapshots: 0  earliest seq num: 0
I250821 16:42:34.921433 607 3@kv/kvserver/store.go:3801 ⋮ [T1,Vsystem,n1,s1] 27 +Table iters: 0
I250821 16:42:34.921433 607 3@kv/kvserver/store.go:3801 ⋮ [T1,Vsystem,n1,s1] 27 +Filter utility: 66.8%
I250821 16:42:34.921433 607 3@kv/kvserver/store.go:3801 ⋮ [T1,Vsystem,n1,s1] 27 +Ingestions: 0  as flushable: 0 (0B in 0 tables)
I250821 16:42:34.921433 607 3@kv/kvserver/store.go:3801 ⋮ [T1,Vsystem,n1,s1] 27 +Cgo memory usage: 51MB  block cache: 3.0MB (data: 2.9MB, maps: 16KB, entries: 6.6KB)  memtables: 48MB
I250821 16:46:25.150814 735 3@pebble/event.go:1059 ⋮ [n1,s1,pebble] 28  [JOB 7] WAL created 004077
I250821 16:46:25.188078 7235 3@pebble/event.go:1011 ⋮ [n1,s1,pebble] 29  [JOB 8] flushing 1 memtable (32MB) to L0
I250821 16:46:25.190875 7235 3@pebble/event.go:1039 ⋮ [n1,s1,pebble] 30  [JOB 8] flushing: sstable created 004078
I250821 16:46:25.494278 7235 3@pebble/event.go:1015 ⋮ [n1,s1,pebble] 31  [JOB 8] flushed 1 memtable (32MB) to L0 [004078] (392KB), in 0.3s (0.3s total), output rate 1.3MB/s
I250821 16:46:25.496210 7255 3@pebble/event.go:999 ⋮ [n1,s1,pebble] 32  [JOB 9] compacting(default) L0 [004078] (392KB) Score=14.55 + L5 [004075 004076] (4.4MB) Score=0.15; OverlappingRatio: Single 11.47, Multi 0.00
I250821 16:46:25.516846 7255 3@pebble/event.go:1039 ⋮ [n1,s1,pebble] 33  [JOB 9] compacting: sstable created 004079
I250821 16:46:26.236170 7255 3@pebble/event.go:1039 ⋮ [n1,s1,pebble] 34  [JOB 9] compacting: sstable created 004080
I250821 16:46:27.922458 7255 3@pebble/event.go:1003 ⋮ [n1,s1,pebble] 35  [JOB 9] compacted(default) L0 [004078] (392KB) Score=14.55 + L5 [004075 004076] (4.4MB) Score=0.15 -> L5 [004079 004080] (4.6MB), in 2.4s (2.4s total), output rate 1.9MB/s
I250821 16:46:27.947836 99 3@pebble/event.go:1043 ⋮ [n1,s1,pebble] 36  [JOB 9] sstable deleted 004075
I250821 16:46:27.952938 99 3@pebble/event.go:1043 ⋮ [n1,s1,pebble] 37  [JOB 9] sstable deleted 004076
I250821 16:46:27.955114 99 3@pebble/event.go:1043 ⋮ [n1,s1,pebble] 38  [JOB 9] sstable deleted 004078
I250821 16:52:35.302696 607 3@kv/kvserver/store.go:3801 ⋮ [T1,Vsystem,n1,s1] 39  Pebble metrics:
I250821 16:52:35.302696 607 3@kv/kvserver/store.go:3801 ⋮ [T1,Vsystem,n1,s1] 39 +      |                             |       |       |   ingested   |     moved    |    written   |       |    amp
I250821 16:52:35.302696 607 3@kv/kvserver/store.go:3801 ⋮ [T1,Vsystem,n1,s1] 39 +level | tables  size val-bl vtables | score |   in  | tables  size | tables  size | tables  size |  read |   r   w
I250821 16:52:35.302696 607 3@kv/kvserver/store.go:3801 ⋮ [T1,Vsystem,n1,s1] 39 +------+-----------------------------+-------+-------+--------------+--------------+--------------+-------+---------
I250821 16:52:35.302696 607 3@kv/kvserver/store.go:3801 ⋮ [T1,Vsystem,n1,s1] 39 +    0 |     0     0B     0B       0 |  0.00 |  54MB |     0     0B |     0     0B |     2  679KB |    0B |   0  0.0
I250821 16:52:35.302696 607 3@kv/kvserver/store.go:3801 ⋮ [T1,Vsystem,n1,s1] 39 +    1 |     0     0B     0B       0 |  0.00 |    0B |     0     0B |     0     0B |     0     0B |    0B |   0  0.0
I250821 16:52:35.302696 607 3@kv/kvserver/store.go:3801 ⋮ [T1,Vsystem,n1,s1] 39 +    2 |     0     0B     0B       0 |  0.00 |    0B |     0     0B |     0     0B |     0     0B |    0B |   0  0.0
I250821 16:52:35.302696 607 3@kv/kvserver/store.go:3801 ⋮ [T1,Vsystem,n1,s1] 39 +    3 |     0     0B     0B       0 |  0.00 |    0B |     0     0B |     0     0B |     0     0B |    0B |   0  0.0
I250821 16:52:35.302696 607 3@kv/kvserver/store.go:3801 ⋮ [T1,Vsystem,n1,s1] 39 +    4 |     0     0B     0B       0 |  0.00 |    0B |     0     0B |     0     0B |     0     0B |    0B |   0  0.0
I250821 16:52:35.302696 607 3@kv/kvserver/store.go:3801 ⋮ [T1,Vsystem,n1,s1] 39 +    5 |     2  4.6MB  267KB       0 |  0.15 | 679KB |     0     0B |     0     0B |     4  9.0MB | 9.4MB |   1 13.6
I250821 16:52:35.302696 607 3@kv/kvserver/store.go:3801 ⋮ [T1,Vsystem,n1,s1] 39 +    6 |    14   72MB  498KB       0 |     - |    0B |     0     0B |     0     0B |     0     0B |    0B |   1  0.0
I250821 16:52:35.302696 607 3@kv/kvserver/store.go:3801 ⋮ [T1,Vsystem,n1,s1] 39 +total |    16   76MB  765KB       0 |     - |  95MB |     0     0B |     0     0B |     6  104MB | 9.4MB |   2  1.1
I250821 16:52:35.302696 607 3@kv/kvserver/store.go:3801 ⋮ [T1,Vsystem,n1,s1] 39 +-------------------------------------------------------------------------------------------------------------------
I250821 16:52:35.302696 607 3@kv/kvserver/store.go:3801 ⋮ [T1,Vsystem,n1,s1] 39 +WAL: 1 files (41MB)  in: 70MB  written: 95MB (36% overhead)
I250821 16:52:35.302696 607 3@kv/kvserver/store.go:3801 ⋮ [T1,Vsystem,n1,s1] 39 +Flushes: 2
I250821 16:52:35.302696 607 3@kv/kvserver/store.go:3801 ⋮ [T1,Vsystem,n1,s1] 39 +Compactions: 2  estimated debt: 0B  in progress: 0 (0B)
I250821 16:52:35.302696 607 3@kv/kvserver/store.go:3801 ⋮ [T1,Vsystem,n1,s1] 39 +             default: 2  delete: 0  elision: 0  move: 0  read: 0  tombstone-density: 0  rewrite: 0  copy: 0  multi-level: 0
I250821 16:52:35.302696 607 3@kv/kvserver/store.go:3801 ⋮ [T1,Vsystem,n1,s1] 39 +MemTables: 1 (64MB)  zombie: 1 (32MB)
I250821 16:52:35.302696 607 3@kv/kvserver/store.go:3801 ⋮ [T1,Vsystem,n1,s1] 39 +Zombie tables: 0 (0B, local: 0B)
I250821 16:52:35.302696 607 3@kv/kvserver/store.go:3801 ⋮ [T1,Vsystem,n1,s1] 39 +Backing tables: 0 (0B)
I250821 16:52:35.302696 607 3@kv/kvserver/store.go:3801 ⋮ [T1,Vsystem,n1,s1] 39 +Virtual tables: 0 (0B)
I250821 16:52:35.302696 607 3@kv/kvserver/store.go:3801 ⋮ [T1,Vsystem,n1,s1] 39 +Local tables size: 76MB
I250821 16:52:35.302696 607 3@kv/kvserver/store.go:3801 ⋮ [T1,Vsystem,n1,s1] 39 +Compression types: snappy: 16
I250821 16:52:35.302696 607 3@kv/kvserver/store.go:3801 ⋮ [T1,Vsystem,n1,s1] 39 +Block cache: 126 entries (4.5MB)  hit rate: 97.2%
I250821 16:52:35.302696 607 3@kv/kvserver/store.go:3801 ⋮ [T1,Vsystem,n1,s1] 39 +Table cache: 16 entries (13KB)  hit rate: 99.9%
I250821 16:52:35.302696 607 3@kv/kvserver/store.go:3801 ⋮ [T1,Vsystem,n1,s1] 39 +Snapshots: 0  earliest seq num: 0
I250821 16:52:35.302696 607 3@kv/kvserver/store.go:3801 ⋮ [T1,Vsystem,n1,s1] 39 +Table iters: 3
I250821 16:52:35.302696 607 3@kv/kvserver/store.go:3801 ⋮ [T1,Vsystem,n1,s1] 39 +Filter utility: 81.0%
I250821 16:52:35.302696 607 3@kv/kvserver/store.go:3801 ⋮ [T1,Vsystem,n1,s1] 39 +Ingestions: 0  as flushable: 0 (0B in 0 tables)
I250821 16:52:35.302696 607 3@kv/kvserver/store.go:3801 ⋮ [T1,Vsystem,n1,s1] 39 +Cgo memory usage: 101MB  block cache: 4.5MB (data: 4.5MB, maps: 21KB, entries: 9.8KB)  memtables: 96MB
