I250819 13:35:27.488364 81 util/log/file_sync_buffer.go:237 ⋮ [config]   file created at: 2025/08/19 13:35:27
I250819 13:35:27.488369 81 util/log/file_sync_buffer.go:237 ⋮ [config]   running on machine: ‹89b004967872›
I250819 13:35:27.488375 81 util/log/file_sync_buffer.go:237 ⋮ [config]   binary: CockroachDB CCL v25.2.0 (aarch64-unknown-linux-gnu, built 2025/05/15 21:07:42, go1.23.7 X:nocoverageredesign)
I250819 13:35:27.488379 81 util/log/file_sync_buffer.go:237 ⋮ [config]   arguments: [‹/cockroach/cockroach› ‹start-single-node› ‹--certs-dir=certs› ‹--advertise-addr=127.0.0.1:26257› ‹--insecure› ‹--http-addr=0.0.0.0:8080›]
I250819 13:35:27.488385 81 util/log/file_sync_buffer.go:237 ⋮ [config]   log format (utf8=✓): crdb-v2
I250819 13:35:27.488386 81 util/log/file_sync_buffer.go:237 ⋮ [config]   line format: [IWEF]yymmdd hh:mm:ss.uuuuuu goid [chan@]file:line redactionmark \[tags\] [counter] msg
I250819 13:35:27.488004 81 3@pebble/objstorage/objstorageprovider/remote.go:102 ⋮ [n?,s?,pebble] 1  remote storage configured; creatorID = 1
I250819 13:35:27.567200 81 3@pebble/open.go:1054 ⋮ [n?,s?,pebble] 2  [JOB ‹1›] WAL ‹000222: {(/cockroach/cockroach-data,000)}› stopped reading at offset: (‹/cockroach/cockroach-data/000222.log›: 35641313); replayed 104548 keys in 2540 batches
I250819 13:35:27.567438 52 3@pebble/event.go:1011 ⋮ [n?,s?,pebble] 3  [JOB 2] flushing 8 memtables (38MB) to L0
I250819 13:35:27.567904 52 3@pebble/event.go:1039 ⋮ [n?,s?,pebble] 4  [JOB 2] flushing: sstable created 000228
I250819 13:35:27.601930 52 3@pebble/event.go:1031 ⋮ [n?,s?,pebble] 5  [JOB 2] MANIFEST created 000229
I250819 13:35:27.601993 52 3@pebble/event.go:1015 ⋮ [n?,s?,pebble] 6  [JOB 2] flushed 8 memtables (38MB) to L0 [000228] (396KB), in 0.0s (0.0s total), output rate 12MB/s
I250819 13:35:27.602448 58 3@pebble/event.go:999 ⋮ [n?,s?,pebble] 7  [JOB 4] compacting(default) L0 [000228] (396KB) Score=6.47 + L6 [000224 000225 000226] (9.9MB) Score=0.15; OverlappingRatio: Single 25.56, Multi 0.00
I250819 13:35:27.602629 96 3@pebble/event.go:1063 ⋮ [n?,s?,pebble] 8  [JOB 2] WAL deleted 000217
I250819 13:35:27.603083 81 3@pebble/event.go:1059 ⋮ [n?,s?,pebble] 9  [JOB 1] WAL created 000230
I250819 13:35:27.604249 96 3@pebble/event.go:1063 ⋮ [n?,s?,pebble] 10  [JOB 2] WAL deleted 000222
I250819 13:35:27.604342 100 3@pebble/event.go:1051 ⋮ [n?,s?,pebble] 11  [JOB 5] all initial table stats loaded
I250819 13:35:27.604913 58 3@pebble/event.go:1039 ⋮ [n?,s?,pebble] 12  [JOB 4] compacting: sstable created 000232
I250819 13:35:27.720475 58 3@pebble/event.go:1039 ⋮ [n?,s?,pebble] 13  [JOB 4] compacting: sstable created 000233
I250819 13:35:27.812464 58 3@pebble/event.go:1039 ⋮ [n?,s?,pebble] 14  [JOB 4] compacting: sstable created 000234
I250819 13:35:27.845703 58 3@pebble/event.go:1003 ⋮ [n?,s?,pebble] 15  [JOB 4] compacted(default) L0 [000228] (396KB) Score=6.47 + L6 [000224 000225 000226] (9.9MB) Score=0.15 -> L6 [000232 000233 000234] (10MB), in 0.2s (0.2s total), output rate 41MB/s
I250819 13:35:27.846456 96 3@pebble/event.go:1043 ⋮ [n?,s?,pebble] 16  [JOB 4] sstable deleted 000224
I250819 13:35:27.846770 96 3@pebble/event.go:1043 ⋮ [n?,s?,pebble] 17  [JOB 4] sstable deleted 000225
I250819 13:35:27.849950 96 3@pebble/event.go:1043 ⋮ [n?,s?,pebble] 18  [JOB 4] sstable deleted 000226
I250819 13:35:27.850348 96 3@pebble/event.go:1043 ⋮ [n?,s?,pebble] 19  [JOB 4] sstable deleted 000228
I250819 13:35:27.850527 96 3@pebble/event.go:1035 ⋮ [n?,s?,pebble] 20  [JOB 1] MANIFEST deleted 000184
I250819 13:35:27.852392 81 3@pebble/event.go:1031 ⋮ [n?,s?,pebble] 21  [JOB 1] MANIFEST created 000001
I250819 13:35:27.852924 81 3@pebble/event.go:1059 ⋮ [n?,s?,pebble] 22  [JOB 1] WAL created 000002
I250819 13:35:27.853155 81 3@pebble/event.go:1027 ⋮ [n?,s?,pebble] 23  upgraded to format version: 014
I250819 13:35:27.853497 81 3@pebble/event.go:1027 ⋮ [n?,s?,pebble] 24  upgraded to format version: 015
I250819 13:35:27.853814 81 3@pebble/event.go:1027 ⋮ [n?,s?,pebble] 25  upgraded to format version: 016
I250819 13:35:27.854127 81 3@pebble/event.go:1027 ⋮ [n?,s?,pebble] 26  upgraded to format version: 017
I250819 13:35:27.854459 81 3@pebble/event.go:1027 ⋮ [n?,s?,pebble] 27  upgraded to format version: 018
I250819 13:35:27.854825 81 3@pebble/event.go:1027 ⋮ [n?,s?,pebble] 28  upgraded to format version: 019
I250819 13:35:27.855983 165 3@pebble/event.go:1051 ⋮ [n?,s?,pebble] 29  [JOB 2] all initial table stats loaded
I250819 13:35:48.389324 786 3@kv/kvserver/store.go:3801 ⋮ [T1,Vsystem,n1,s1] 30  Pebble metrics:
I250819 13:35:48.389324 786 3@kv/kvserver/store.go:3801 ⋮ [T1,Vsystem,n1,s1] 30 +      |                             |       |       |   ingested   |     moved    |    written   |       |    amp
I250819 13:35:48.389324 786 3@kv/kvserver/store.go:3801 ⋮ [T1,Vsystem,n1,s1] 30 +level | tables  size val-bl vtables | score |   in  | tables  size | tables  size | tables  size |  read |   r   w
I250819 13:35:48.389324 786 3@kv/kvserver/store.go:3801 ⋮ [T1,Vsystem,n1,s1] 30 +------+-----------------------------+-------+-------+--------------+--------------+--------------+-------+---------
I250819 13:35:48.389324 786 3@kv/kvserver/store.go:3801 ⋮ [T1,Vsystem,n1,s1] 30 +    0 |     0     0B     0B       0 |  0.00 |  34MB |     0     0B |     0     0B |     1  396KB |    0B |   0  0.0
I250819 13:35:48.389324 786 3@kv/kvserver/store.go:3801 ⋮ [T1,Vsystem,n1,s1] 30 +    1 |     0     0B     0B       0 |  0.00 |    0B |     0     0B |     0     0B |     0     0B |    0B |   0  0.0
I250819 13:35:48.389324 786 3@kv/kvserver/store.go:3801 ⋮ [T1,Vsystem,n1,s1] 30 +    2 |     0     0B     0B       0 |  0.00 |    0B |     0     0B |     0     0B |     0     0B |    0B |   0  0.0
I250819 13:35:48.389324 786 3@kv/kvserver/store.go:3801 ⋮ [T1,Vsystem,n1,s1] 30 +    3 |     0     0B     0B       0 |  0.00 |    0B |     0     0B |     0     0B |     0     0B |    0B |   0  0.0
I250819 13:35:48.389324 786 3@kv/kvserver/store.go:3801 ⋮ [T1,Vsystem,n1,s1] 30 +    4 |     0     0B     0B       0 |  0.00 |    0B |     0     0B |     0     0B |     0     0B |    0B |   0  0.0
I250819 13:35:48.389324 786 3@kv/kvserver/store.go:3801 ⋮ [T1,Vsystem,n1,s1] 30 +    5 |     0     0B     0B       0 |  0.00 |    0B |     0     0B |     0     0B |     0     0B |    0B |   0  0.0
I250819 13:35:48.389324 786 3@kv/kvserver/store.go:3801 ⋮ [T1,Vsystem,n1,s1] 30 +    6 |     3   10MB  241KB       0 |     - | 396KB |     0     0B |     0     0B |     3   10MB |  10MB |   1 26.0
I250819 13:35:48.389324 786 3@kv/kvserver/store.go:3801 ⋮ [T1,Vsystem,n1,s1] 30 +total |     3   10MB  241KB       0 |     - |  36MB |     0     0B |     0     0B |     4   47MB |  10MB |   1  1.3
I250819 13:35:48.389324 786 3@kv/kvserver/store.go:3801 ⋮ [T1,Vsystem,n1,s1] 30 +-------------------------------------------------------------------------------------------------------------------
I250819 13:35:48.389324 786 3@kv/kvserver/store.go:3801 ⋮ [T1,Vsystem,n1,s1] 30 +WAL: 1 files (2.3MB)  in: 2.3MB  written: 36MB (1499% overhead)
I250819 13:35:48.389324 786 3@kv/kvserver/store.go:3801 ⋮ [T1,Vsystem,n1,s1] 30 +Flushes: 1
I250819 13:35:48.389324 786 3@kv/kvserver/store.go:3801 ⋮ [T1,Vsystem,n1,s1] 30 +Compactions: 1  estimated debt: 0B  in progress: 0 (0B)
I250819 13:35:48.389324 786 3@kv/kvserver/store.go:3801 ⋮ [T1,Vsystem,n1,s1] 30 +             default: 1  delete: 0  elision: 0  move: 0  read: 0  tombstone-density: 0  rewrite: 0  copy: 0  multi-level: 0
I250819 13:35:48.389324 786 3@kv/kvserver/store.go:3801 ⋮ [T1,Vsystem,n1,s1] 30 +MemTables: 1 (64MB)  zombie: 1 (32MB)
I250819 13:35:48.389324 786 3@kv/kvserver/store.go:3801 ⋮ [T1,Vsystem,n1,s1] 30 +Zombie tables: 0 (0B, local: 0B)
I250819 13:35:48.389324 786 3@kv/kvserver/store.go:3801 ⋮ [T1,Vsystem,n1,s1] 30 +Backing tables: 0 (0B)
I250819 13:35:48.389324 786 3@kv/kvserver/store.go:3801 ⋮ [T1,Vsystem,n1,s1] 30 +Virtual tables: 0 (0B)
I250819 13:35:48.389324 786 3@kv/kvserver/store.go:3801 ⋮ [T1,Vsystem,n1,s1] 30 +Local tables size: 10MB
I250819 13:35:48.389324 786 3@kv/kvserver/store.go:3801 ⋮ [T1,Vsystem,n1,s1] 30 +Compression types: snappy: 3
I250819 13:35:48.389324 786 3@kv/kvserver/store.go:3801 ⋮ [T1,Vsystem,n1,s1] 30 +Block cache: 49 entries (1.7MB)  hit rate: 66.8%
I250819 13:35:48.389324 786 3@kv/kvserver/store.go:3801 ⋮ [T1,Vsystem,n1,s1] 30 +Table cache: 3 entries (2.4KB)  hit rate: 99.7%
I250819 13:35:48.389324 786 3@kv/kvserver/store.go:3801 ⋮ [T1,Vsystem,n1,s1] 30 +Snapshots: 0  earliest seq num: 0
I250819 13:35:48.389324 786 3@kv/kvserver/store.go:3801 ⋮ [T1,Vsystem,n1,s1] 30 +Table iters: 0
I250819 13:35:48.389324 786 3@kv/kvserver/store.go:3801 ⋮ [T1,Vsystem,n1,s1] 30 +Filter utility: 0.0%
I250819 13:35:48.389324 786 3@kv/kvserver/store.go:3801 ⋮ [T1,Vsystem,n1,s1] 30 +Ingestions: 0  as flushable: 0 (0B in 0 tables)
I250819 13:35:48.389324 786 3@kv/kvserver/store.go:3801 ⋮ [T1,Vsystem,n1,s1] 30 +Cgo memory usage: 98MB  block cache: 1.7MB (data: 1.7MB, maps: 16KB, entries: 3.8KB)  memtables: 96MB
I250819 13:43:58.444443 721 3@pebble/event.go:1059 ⋮ [n1,s1,pebble] 31  [JOB 6] WAL created 000235
I250819 13:43:58.446820 11198 3@pebble/event.go:1011 ⋮ [n1,s1,pebble] 32  [JOB 7] flushing 1 memtable (64MB) to L0
I250819 13:43:58.448393 11198 3@pebble/event.go:1039 ⋮ [n1,s1,pebble] 33  [JOB 7] flushing: sstable created 000236
I250819 13:43:58.511654 11198 3@pebble/event.go:1015 ⋮ [n1,s1,pebble] 34  [JOB 7] flushed 1 memtable (64MB) to L0 [000236] (491KB), in 0.1s (0.1s total), output rate 7.4MB/s
I250819 13:43:58.511772 11350 3@pebble/event.go:999 ⋮ [n1,s1,pebble] 35  [JOB 8] compacting(default) L0 [000236] (491KB) Score=6.36 + L6 [000232 000233 000234] (10MB) Score=0.16; OverlappingRatio: Single 21.00, Multi 0.00
I250819 13:43:58.513398 11350 3@pebble/event.go:1039 ⋮ [n1,s1,pebble] 36  [JOB 8] compacting: sstable created 000237
I250819 13:43:58.644071 11350 3@pebble/event.go:1039 ⋮ [n1,s1,pebble] 37  [JOB 8] compacting: sstable created 000238
I250819 13:43:58.762044 11350 3@pebble/event.go:1039 ⋮ [n1,s1,pebble] 38  [JOB 8] compacting: sstable created 000239
I250819 13:43:58.803394 11350 3@pebble/event.go:1003 ⋮ [n1,s1,pebble] 39  [JOB 8] compacted(default) L0 [000236] (491KB) Score=6.36 + L6 [000232 000233 000234] (10MB) Score=0.16 -> L6 [000237 000238 000239] (10MB), in 0.3s (0.3s total), output rate 35MB/s
I250819 13:43:58.804110 96 3@pebble/event.go:1043 ⋮ [n1,s1,pebble] 40  [JOB 8] sstable deleted 000232
I250819 13:43:58.804394 96 3@pebble/event.go:1043 ⋮ [n1,s1,pebble] 41  [JOB 8] sstable deleted 000233
I250819 13:43:58.804610 96 3@pebble/event.go:1043 ⋮ [n1,s1,pebble] 42  [JOB 8] sstable deleted 000234
I250819 13:43:58.804808 96 3@pebble/event.go:1043 ⋮ [n1,s1,pebble] 43  [JOB 8] sstable deleted 000236
I250819 13:45:48.369916 786 3@kv/kvserver/store.go:3801 ⋮ [T1,Vsystem,n1,s1] 44  Pebble metrics:
I250819 13:45:48.369916 786 3@kv/kvserver/store.go:3801 ⋮ [T1,Vsystem,n1,s1] 44 +      |                             |       |       |   ingested   |     moved    |    written   |       |    amp
I250819 13:45:48.369916 786 3@kv/kvserver/store.go:3801 ⋮ [T1,Vsystem,n1,s1] 44 +level | tables  size val-bl vtables | score |   in  | tables  size | tables  size | tables  size |  read |   r   w
I250819 13:45:48.369916 786 3@kv/kvserver/store.go:3801 ⋮ [T1,Vsystem,n1,s1] 44 +------+-----------------------------+-------+-------+--------------+--------------+--------------+-------+---------
I250819 13:45:48.369916 786 3@kv/kvserver/store.go:3801 ⋮ [T1,Vsystem,n1,s1] 44 +    0 |     0     0B     0B       0 |  0.00 |  92MB |     0     0B |     0     0B |     2  887KB |    0B |   0  0.0
I250819 13:45:48.369916 786 3@kv/kvserver/store.go:3801 ⋮ [T1,Vsystem,n1,s1] 44 +    1 |     0     0B     0B       0 |  0.00 |    0B |     0     0B |     0     0B |     0     0B |    0B |   0  0.0
I250819 13:45:48.369916 786 3@kv/kvserver/store.go:3801 ⋮ [T1,Vsystem,n1,s1] 44 +    2 |     0     0B     0B       0 |  0.00 |    0B |     0     0B |     0     0B |     0     0B |    0B |   0  0.0
I250819 13:45:48.369916 786 3@kv/kvserver/store.go:3801 ⋮ [T1,Vsystem,n1,s1] 44 +    3 |     0     0B     0B       0 |  0.00 |    0B |     0     0B |     0     0B |     0     0B |    0B |   0  0.0
I250819 13:45:48.369916 786 3@kv/kvserver/store.go:3801 ⋮ [T1,Vsystem,n1,s1] 44 +    4 |     0     0B     0B       0 |  0.00 |    0B |     0     0B |     0     0B |     0     0B |    0B |   0  0.0
I250819 13:45:48.369916 786 3@kv/kvserver/store.go:3801 ⋮ [T1,Vsystem,n1,s1] 44 +    5 |     0     0B     0B       0 |  0.00 |    0B |     0     0B |     0     0B |     0     0B |    0B |   0  0.0
I250819 13:45:48.369916 786 3@kv/kvserver/store.go:3801 ⋮ [T1,Vsystem,n1,s1] 44 +    6 |     3   10MB  255KB       0 |     - | 887KB |     0     0B |     0     0B |     6   20MB |  21MB |   1 23.5
I250819 13:45:48.369916 786 3@kv/kvserver/store.go:3801 ⋮ [T1,Vsystem,n1,s1] 44 +total |     3   10MB  255KB       0 |     - | 103MB |     0     0B |     0     0B |     8  124MB |  21MB |   1  1.2
I250819 13:45:48.369916 786 3@kv/kvserver/store.go:3801 ⋮ [T1,Vsystem,n1,s1] 44 +-------------------------------------------------------------------------------------------------------------------
I250819 13:45:48.369916 786 3@kv/kvserver/store.go:3801 ⋮ [T1,Vsystem,n1,s1] 44 +WAL: 1 files (12MB)  in: 69MB  written: 103MB (50% overhead)
I250819 13:45:48.369916 786 3@kv/kvserver/store.go:3801 ⋮ [T1,Vsystem,n1,s1] 44 +Flushes: 2
I250819 13:45:48.369916 786 3@kv/kvserver/store.go:3801 ⋮ [T1,Vsystem,n1,s1] 44 +Compactions: 2  estimated debt: 0B  in progress: 0 (0B)
I250819 13:45:48.369916 786 3@kv/kvserver/store.go:3801 ⋮ [T1,Vsystem,n1,s1] 44 +             default: 2  delete: 0  elision: 0  move: 0  read: 0  tombstone-density: 0  rewrite: 0  copy: 0  multi-level: 0
I250819 13:45:48.369916 786 3@kv/kvserver/store.go:3801 ⋮ [T1,Vsystem,n1,s1] 44 +MemTables: 1 (64MB)  zombie: 1 (64MB)
I250819 13:45:48.369916 786 3@kv/kvserver/store.go:3801 ⋮ [T1,Vsystem,n1,s1] 44 +Zombie tables: 0 (0B, local: 0B)
I250819 13:45:48.369916 786 3@kv/kvserver/store.go:3801 ⋮ [T1,Vsystem,n1,s1] 44 +Backing tables: 0 (0B)
I250819 13:45:48.369916 786 3@kv/kvserver/store.go:3801 ⋮ [T1,Vsystem,n1,s1] 44 +Virtual tables: 0 (0B)
I250819 13:45:48.369916 786 3@kv/kvserver/store.go:3801 ⋮ [T1,Vsystem,n1,s1] 44 +Local tables size: 10MB
I250819 13:45:48.369916 786 3@kv/kvserver/store.go:3801 ⋮ [T1,Vsystem,n1,s1] 44 +Compression types: snappy: 3
I250819 13:45:48.369916 786 3@kv/kvserver/store.go:3801 ⋮ [T1,Vsystem,n1,s1] 44 +Block cache: 0 entries (0B)  hit rate: 77.1%
I250819 13:45:48.369916 786 3@kv/kvserver/store.go:3801 ⋮ [T1,Vsystem,n1,s1] 44 +Table cache: 2 entries (1.6KB)  hit rate: 99.9%
I250819 13:45:48.369916 786 3@kv/kvserver/store.go:3801 ⋮ [T1,Vsystem,n1,s1] 44 +Snapshots: 0  earliest seq num: 0
I250819 13:45:48.369916 786 3@kv/kvserver/store.go:3801 ⋮ [T1,Vsystem,n1,s1] 44 +Table iters: 0
I250819 13:45:48.369916 786 3@kv/kvserver/store.go:3801 ⋮ [T1,Vsystem,n1,s1] 44 +Filter utility: 50.0%
I250819 13:45:48.369916 786 3@kv/kvserver/store.go:3801 ⋮ [T1,Vsystem,n1,s1] 44 +Ingestions: 0  as flushable: 0 (0B in 0 tables)
I250819 13:45:48.369916 786 3@kv/kvserver/store.go:3801 ⋮ [T1,Vsystem,n1,s1] 44 +Cgo memory usage: 128MB  block cache: 23KB (data: 0B, maps: 16KB, entries: 6.3KB)  memtables: 128MB
I250819 13:52:18.478890 720 3@pebble/event.go:1059 ⋮ [n1,s1,pebble] 45  [JOB 10] WAL created 000240 (recycled 000230)
I250819 13:52:18.481352 19813 3@pebble/event.go:1011 ⋮ [n1,s1,pebble] 46  [JOB 11] flushing 1 memtable (64MB) to L0
I250819 13:52:18.482635 19813 3@pebble/event.go:1039 ⋮ [n1,s1,pebble] 47  [JOB 11] flushing: sstable created 000241
I250819 13:52:18.548069 19813 3@pebble/event.go:1015 ⋮ [n1,s1,pebble] 48  [JOB 11] flushed 1 memtable (64MB) to L0 [000241] (582KB), in 0.1s (0.1s total), output rate 8.6MB/s
I250819 13:52:18.548162 19922 3@pebble/event.go:999 ⋮ [n1,s1,pebble] 49  [JOB 12] compacting(default) L0 [000241] (582KB) Score=6.22 + L6 [000237 000238 000239] (10MB) Score=0.16; OverlappingRatio: Single 18.09, Multi 0.00
I250819 13:52:18.550242 19922 3@pebble/event.go:1039 ⋮ [n1,s1,pebble] 50  [JOB 12] compacting: sstable created 000242
I250819 13:52:18.678902 19922 3@pebble/event.go:1039 ⋮ [n1,s1,pebble] 51  [JOB 12] compacting: sstable created 000243
I250819 13:52:18.768844 19922 3@pebble/event.go:1039 ⋮ [n1,s1,pebble] 52  [JOB 12] compacting: sstable created 000244
I250819 13:52:18.813346 19922 3@pebble/event.go:1003 ⋮ [n1,s1,pebble] 53  [JOB 12] compacted(default) L0 [000241] (582KB) Score=6.22 + L6 [000237 000238 000239] (10MB) Score=0.16 -> L6 [000242 000243 000244] (11MB), in 0.3s (0.3s total), output rate 40MB/s
I250819 13:52:18.814351 96 3@pebble/event.go:1043 ⋮ [n1,s1,pebble] 54  [JOB 12] sstable deleted 000237
I250819 13:52:18.814741 96 3@pebble/event.go:1043 ⋮ [n1,s1,pebble] 55  [JOB 12] sstable deleted 000238
I250819 13:52:18.814948 96 3@pebble/event.go:1043 ⋮ [n1,s1,pebble] 56  [JOB 12] sstable deleted 000239
I250819 13:52:18.815193 96 3@pebble/event.go:1043 ⋮ [n1,s1,pebble] 57  [JOB 12] sstable deleted 000241
I250819 13:55:48.368885 786 3@kv/kvserver/store.go:3801 ⋮ [T1,Vsystem,n1,s1] 58  Pebble metrics:
I250819 13:55:48.368885 786 3@kv/kvserver/store.go:3801 ⋮ [T1,Vsystem,n1,s1] 58 +      |                             |       |       |   ingested   |     moved    |    written   |       |    amp
I250819 13:55:48.368885 786 3@kv/kvserver/store.go:3801 ⋮ [T1,Vsystem,n1,s1] 58 +level | tables  size val-bl vtables | score |   in  | tables  size | tables  size | tables  size |  read |   r   w
I250819 13:55:48.368885 786 3@kv/kvserver/store.go:3801 ⋮ [T1,Vsystem,n1,s1] 58 +------+-----------------------------+-------+-------+--------------+--------------+--------------+-------+---------
I250819 13:55:48.368885 786 3@kv/kvserver/store.go:3801 ⋮ [T1,Vsystem,n1,s1] 58 +    0 |     0     0B     0B       0 |  0.00 | 149MB |     0     0B |     0     0B |     3  1.4MB |    0B |   0  0.0
I250819 13:55:48.368885 786 3@kv/kvserver/store.go:3801 ⋮ [T1,Vsystem,n1,s1] 58 +    1 |     0     0B     0B       0 |  0.00 |    0B |     0     0B |     0     0B |     0     0B |    0B |   0  0.0
I250819 13:55:48.368885 786 3@kv/kvserver/store.go:3801 ⋮ [T1,Vsystem,n1,s1] 58 +    2 |     0     0B     0B       0 |  0.00 |    0B |     0     0B |     0     0B |     0     0B |    0B |   0  0.0
I250819 13:55:48.368885 786 3@kv/kvserver/store.go:3801 ⋮ [T1,Vsystem,n1,s1] 58 +    3 |     0     0B     0B       0 |  0.00 |    0B |     0     0B |     0     0B |     0     0B |    0B |   0  0.0
I250819 13:55:48.368885 786 3@kv/kvserver/store.go:3801 ⋮ [T1,Vsystem,n1,s1] 58 +    4 |     0     0B     0B       0 |  0.00 |    0B |     0     0B |     0     0B |     0     0B |    0B |   0  0.0
I250819 13:55:48.368885 786 3@kv/kvserver/store.go:3801 ⋮ [T1,Vsystem,n1,s1] 58 +    5 |     0     0B     0B       0 |  0.00 |    0B |     0     0B |     0     0B |     0     0B |    0B |   0  0.0
I250819 13:55:48.368885 786 3@kv/kvserver/store.go:3801 ⋮ [T1,Vsystem,n1,s1] 58 +    6 |     3   11MB  304KB       0 |     - | 1.4MB |     0     0B |     0     0B |     9   31MB |  32MB |   1 21.6
I250819 13:55:48.368885 786 3@kv/kvserver/store.go:3801 ⋮ [T1,Vsystem,n1,s1] 58 +total |     3   11MB  304KB       0 |     - | 172MB |     0     0B |     0     0B |    12  205MB |  32MB |   1  1.2
I250819 13:55:48.368885 786 3@kv/kvserver/store.go:3801 ⋮ [T1,Vsystem,n1,s1] 58 +-------------------------------------------------------------------------------------------------------------------
I250819 13:55:48.368885 786 3@kv/kvserver/store.go:3801 ⋮ [T1,Vsystem,n1,s1] 58 +WAL: 1 files (23MB)  in: 138MB  written: 172MB (25% overhead)
I250819 13:55:48.368885 786 3@kv/kvserver/store.go:3801 ⋮ [T1,Vsystem,n1,s1] 58 +Flushes: 3
I250819 13:55:48.368885 786 3@kv/kvserver/store.go:3801 ⋮ [T1,Vsystem,n1,s1] 58 +Compactions: 3  estimated debt: 0B  in progress: 0 (0B)
I250819 13:55:48.368885 786 3@kv/kvserver/store.go:3801 ⋮ [T1,Vsystem,n1,s1] 58 +             default: 3  delete: 0  elision: 0  move: 0  read: 0  tombstone-density: 0  rewrite: 0  copy: 0  multi-level: 0
I250819 13:55:48.368885 786 3@kv/kvserver/store.go:3801 ⋮ [T1,Vsystem,n1,s1] 58 +MemTables: 1 (64MB)  zombie: 1 (64MB)
I250819 13:55:48.368885 786 3@kv/kvserver/store.go:3801 ⋮ [T1,Vsystem,n1,s1] 58 +Zombie tables: 0 (0B, local: 0B)
I250819 13:55:48.368885 786 3@kv/kvserver/store.go:3801 ⋮ [T1,Vsystem,n1,s1] 58 +Backing tables: 0 (0B)
I250819 13:55:48.368885 786 3@kv/kvserver/store.go:3801 ⋮ [T1,Vsystem,n1,s1] 58 +Virtual tables: 0 (0B)
I250819 13:55:48.368885 786 3@kv/kvserver/store.go:3801 ⋮ [T1,Vsystem,n1,s1] 58 +Local tables size: 11MB
I250819 13:55:48.368885 786 3@kv/kvserver/store.go:3801 ⋮ [T1,Vsystem,n1,s1] 58 +Compression types: snappy: 3
I250819 13:55:48.368885 786 3@kv/kvserver/store.go:3801 ⋮ [T1,Vsystem,n1,s1] 58 +Block cache: 0 entries (0B)  hit rate: 46.2%
I250819 13:55:48.368885 786 3@kv/kvserver/store.go:3801 ⋮ [T1,Vsystem,n1,s1] 58 +Table cache: 2 entries (1.6KB)  hit rate: 99.9%
I250819 13:55:48.368885 786 3@kv/kvserver/store.go:3801 ⋮ [T1,Vsystem,n1,s1] 58 +Snapshots: 0  earliest seq num: 0
I250819 13:55:48.368885 786 3@kv/kvserver/store.go:3801 ⋮ [T1,Vsystem,n1,s1] 58 +Table iters: 0
I250819 13:55:48.368885 786 3@kv/kvserver/store.go:3801 ⋮ [T1,Vsystem,n1,s1] 58 +Filter utility: 50.0%
I250819 13:55:48.368885 786 3@kv/kvserver/store.go:3801 ⋮ [T1,Vsystem,n1,s1] 58 +Ingestions: 0  as flushable: 0 (0B in 0 tables)
I250819 13:55:48.368885 786 3@kv/kvserver/store.go:3801 ⋮ [T1,Vsystem,n1,s1] 58 +Cgo memory usage: 128MB  block cache: 23KB (data: 0B, maps: 16KB, entries: 6.1KB)  memtables: 128MB
I250819 14:00:38.569079 728 3@pebble/event.go:1059 ⋮ [n1,s1,pebble] 59  [JOB 14] WAL created 000245 (recycled 000235)
I250819 14:00:38.570867 28393 3@pebble/event.go:1011 ⋮ [n1,s1,pebble] 60  [JOB 15] flushing 1 memtable (64MB) to L0
I250819 14:00:38.573029 28393 3@pebble/event.go:1039 ⋮ [n1,s1,pebble] 61  [JOB 15] flushing: sstable created 000246
I250819 14:00:38.633059 28393 3@pebble/event.go:1015 ⋮ [n1,s1,pebble] 62  [JOB 15] flushed 1 memtable (64MB) to L0 [000246] (667KB), in 0.1s (0.1s total), output rate 10MB/s
I250819 14:00:38.633138 28350 3@pebble/event.go:999 ⋮ [n1,s1,pebble] 63  [JOB 16] compacting(default) L0 [000246] (667KB) Score=6.00 + L6 [000242 000243 000244] (11MB) Score=0.17; OverlappingRatio: Single 16.38, Multi 0.00
I250819 14:00:38.635759 28350 3@pebble/event.go:1039 ⋮ [n1,s1,pebble] 64  [JOB 16] compacting: sstable created 000247
I250819 14:00:38.738754 28350 3@pebble/event.go:1039 ⋮ [n1,s1,pebble] 65  [JOB 16] compacting: sstable created 000248
I250819 14:00:38.831677 28350 3@pebble/event.go:1039 ⋮ [n1,s1,pebble] 66  [JOB 16] compacting: sstable created 000249
I250819 14:00:38.883537 28350 3@pebble/event.go:1003 ⋮ [n1,s1,pebble] 67  [JOB 16] compacted(default) L0 [000246] (667KB) Score=6.00 + L6 [000242 000243 000244] (11MB) Score=0.17 -> L6 [000247 000248 000249] (11MB), in 0.3s (0.3s total), output rate 44MB/s
I250819 14:00:38.884141 96 3@pebble/event.go:1043 ⋮ [n1,s1,pebble] 68  [JOB 16] sstable deleted 000242
I250819 14:00:38.884452 96 3@pebble/event.go:1043 ⋮ [n1,s1,pebble] 69  [JOB 16] sstable deleted 000243
I250819 14:00:38.884688 96 3@pebble/event.go:1043 ⋮ [n1,s1,pebble] 70  [JOB 16] sstable deleted 000244
I250819 14:00:38.884912 96 3@pebble/event.go:1043 ⋮ [n1,s1,pebble] 71  [JOB 16] sstable deleted 000246
I250819 14:05:48.367892 786 3@kv/kvserver/store.go:3801 ⋮ [T1,Vsystem,n1,s1] 72  Pebble metrics:
I250819 14:05:48.367892 786 3@kv/kvserver/store.go:3801 ⋮ [T1,Vsystem,n1,s1] 72 +      |                             |       |       |   ingested   |     moved    |    written   |       |    amp
I250819 14:05:48.367892 786 3@kv/kvserver/store.go:3801 ⋮ [T1,Vsystem,n1,s1] 72 +level | tables  size val-bl vtables | score |   in  | tables  size | tables  size | tables  size |  read |   r   w
I250819 14:05:48.367892 786 3@kv/kvserver/store.go:3801 ⋮ [T1,Vsystem,n1,s1] 72 +------+-----------------------------+-------+-------+--------------+--------------+--------------+-------+---------
I250819 14:05:48.367892 786 3@kv/kvserver/store.go:3801 ⋮ [T1,Vsystem,n1,s1] 72 +    0 |     0     0B     0B       0 |  0.00 | 207MB |     0     0B |     0     0B |     4  2.1MB |    0B |   0  0.0
I250819 14:05:48.367892 786 3@kv/kvserver/store.go:3801 ⋮ [T1,Vsystem,n1,s1] 72 +    1 |     0     0B     0B       0 |  0.00 |    0B |     0     0B |     0     0B |     0     0B |    0B |   0  0.0
I250819 14:05:48.367892 786 3@kv/kvserver/store.go:3801 ⋮ [T1,Vsystem,n1,s1] 72 +    2 |     0     0B     0B       0 |  0.00 |    0B |     0     0B |     0     0B |     0     0B |    0B |   0  0.0
I250819 14:05:48.367892 786 3@kv/kvserver/store.go:3801 ⋮ [T1,Vsystem,n1,s1] 72 +    3 |     0     0B     0B       0 |  0.00 |    0B |     0     0B |     0     0B |     0     0B |    0B |   0  0.0
I250819 14:05:48.367892 786 3@kv/kvserver/store.go:3801 ⋮ [T1,Vsystem,n1,s1] 72 +    4 |     0     0B     0B       0 |  0.00 |    0B |     0     0B |     0     0B |     0     0B |    0B |   0  0.0
I250819 14:05:48.367892 786 3@kv/kvserver/store.go:3801 ⋮ [T1,Vsystem,n1,s1] 72 +    5 |     0     0B     0B       0 |  0.00 |    0B |     0     0B |     0     0B |     0     0B |    0B |   0  0.0
I250819 14:05:48.367892 786 3@kv/kvserver/store.go:3801 ⋮ [T1,Vsystem,n1,s1] 72 +    6 |     3   11MB  363KB       0 |     - | 2.1MB |     0     0B |     0     0B |    12   42MB |  43MB |   1 20.2
I250819 14:05:48.367892 786 3@kv/kvserver/store.go:3801 ⋮ [T1,Vsystem,n1,s1] 72 +total |     3   11MB  363KB       0 |     - | 241MB |     0     0B |     0     0B |    16  285MB |  43MB |   1  1.2
I250819 14:05:48.367892 786 3@kv/kvserver/store.go:3801 ⋮ [T1,Vsystem,n1,s1] 72 +-------------------------------------------------------------------------------------------------------------------
I250819 14:05:48.367892 786 3@kv/kvserver/store.go:3801 ⋮ [T1,Vsystem,n1,s1] 72 +WAL: 1 files (34MB)  in: 207MB  written: 241MB (17% overhead)
I250819 14:05:48.367892 786 3@kv/kvserver/store.go:3801 ⋮ [T1,Vsystem,n1,s1] 72 +Flushes: 4
I250819 14:05:48.367892 786 3@kv/kvserver/store.go:3801 ⋮ [T1,Vsystem,n1,s1] 72 +Compactions: 4  estimated debt: 0B  in progress: 0 (0B)
I250819 14:05:48.367892 786 3@kv/kvserver/store.go:3801 ⋮ [T1,Vsystem,n1,s1] 72 +             default: 4  delete: 0  elision: 0  move: 0  read: 0  tombstone-density: 0  rewrite: 0  copy: 0  multi-level: 0
I250819 14:05:48.367892 786 3@kv/kvserver/store.go:3801 ⋮ [T1,Vsystem,n1,s1] 72 +MemTables: 1 (64MB)  zombie: 1 (64MB)
I250819 14:05:48.367892 786 3@kv/kvserver/store.go:3801 ⋮ [T1,Vsystem,n1,s1] 72 +Zombie tables: 0 (0B, local: 0B)
I250819 14:05:48.367892 786 3@kv/kvserver/store.go:3801 ⋮ [T1,Vsystem,n1,s1] 72 +Backing tables: 0 (0B)
I250819 14:05:48.367892 786 3@kv/kvserver/store.go:3801 ⋮ [T1,Vsystem,n1,s1] 72 +Virtual tables: 0 (0B)
I250819 14:05:48.367892 786 3@kv/kvserver/store.go:3801 ⋮ [T1,Vsystem,n1,s1] 72 +Local tables size: 11MB
I250819 14:05:48.367892 786 3@kv/kvserver/store.go:3801 ⋮ [T1,Vsystem,n1,s1] 72 +Compression types: snappy: 3
I250819 14:05:48.367892 786 3@kv/kvserver/store.go:3801 ⋮ [T1,Vsystem,n1,s1] 72 +Block cache: 0 entries (0B)  hit rate: 32.5%
I250819 14:05:48.367892 786 3@kv/kvserver/store.go:3801 ⋮ [T1,Vsystem,n1,s1] 72 +Table cache: 2 entries (1.6KB)  hit rate: 99.9%
I250819 14:05:48.367892 786 3@kv/kvserver/store.go:3801 ⋮ [T1,Vsystem,n1,s1] 72 +Snapshots: 0  earliest seq num: 0
I250819 14:05:48.367892 786 3@kv/kvserver/store.go:3801 ⋮ [T1,Vsystem,n1,s1] 72 +Table iters: 0
I250819 14:05:48.367892 786 3@kv/kvserver/store.go:3801 ⋮ [T1,Vsystem,n1,s1] 72 +Filter utility: 75.0%
I250819 14:05:48.367892 786 3@kv/kvserver/store.go:3801 ⋮ [T1,Vsystem,n1,s1] 72 +Ingestions: 0  as flushable: 0 (0B in 0 tables)
I250819 14:05:48.367892 786 3@kv/kvserver/store.go:3801 ⋮ [T1,Vsystem,n1,s1] 72 +Cgo memory usage: 128MB  block cache: 23KB (data: 0B, maps: 16KB, entries: 6.2KB)  memtables: 128MB
I250819 14:08:58.677658 721 3@pebble/event.go:1059 ⋮ [n1,s1,pebble] 73  [JOB 18] WAL created 000250 (recycled 000240)
I250819 14:08:58.679463 36729 3@pebble/event.go:1011 ⋮ [n1,s1,pebble] 74  [JOB 19] flushing 1 memtable (64MB) to L0
I250819 14:08:58.681518 36729 3@pebble/event.go:1039 ⋮ [n1,s1,pebble] 75  [JOB 19] flushing: sstable created 000251
I250819 14:08:58.740100 36729 3@pebble/event.go:1015 ⋮ [n1,s1,pebble] 76  [JOB 19] flushed 1 memtable (64MB) to L0 [000251] (578KB), in 0.1s (0.1s total), output rate 9.3MB/s
I250819 14:08:58.740172 36749 3@pebble/event.go:999 ⋮ [n1,s1,pebble] 77  [JOB 20] compacting(default) L0 [000251] (578KB) Score=5.78 + L6 [000247 000248 000249] (11MB) Score=0.17; OverlappingRatio: Single 19.62, Multi 0.00
I250819 14:08:58.742411 36749 3@pebble/event.go:1039 ⋮ [n1,s1,pebble] 78  [JOB 20] compacting: sstable created 000252
I250819 14:08:58.849481 36749 3@pebble/event.go:1039 ⋮ [n1,s1,pebble] 79  [JOB 20] compacting: sstable created 000253
I250819 14:08:58.940616 36749 3@pebble/event.go:1039 ⋮ [n1,s1,pebble] 80  [JOB 20] compacting: sstable created 000254
I250819 14:08:58.998031 36749 3@pebble/event.go:1003 ⋮ [n1,s1,pebble] 81  [JOB 20] compacted(default) L0 [000251] (578KB) Score=5.78 + L6 [000247 000248 000249] (11MB) Score=0.17 -> L6 [000252 000253 000254] (11MB), in 0.3s (0.3s total), output rate 44MB/s
I250819 14:08:58.998524 96 3@pebble/event.go:1043 ⋮ [n1,s1,pebble] 82  [JOB 20] sstable deleted 000247
I250819 14:08:58.998785 96 3@pebble/event.go:1043 ⋮ [n1,s1,pebble] 83  [JOB 20] sstable deleted 000248
I250819 14:08:58.998990 96 3@pebble/event.go:1043 ⋮ [n1,s1,pebble] 84  [JOB 20] sstable deleted 000249
I250819 14:08:58.999144 96 3@pebble/event.go:1043 ⋮ [n1,s1,pebble] 85  [JOB 20] sstable deleted 000251
I250819 14:15:48.369890 786 3@kv/kvserver/store.go:3801 ⋮ [T1,Vsystem,n1,s1] 86  Pebble metrics:
I250819 14:15:48.369890 786 3@kv/kvserver/store.go:3801 ⋮ [T1,Vsystem,n1,s1] 86 +      |                             |       |       |   ingested   |     moved    |    written   |       |    amp
I250819 14:15:48.369890 786 3@kv/kvserver/store.go:3801 ⋮ [T1,Vsystem,n1,s1] 86 +level | tables  size val-bl vtables | score |   in  | tables  size | tables  size | tables  size |  read |   r   w
I250819 14:15:48.369890 786 3@kv/kvserver/store.go:3801 ⋮ [T1,Vsystem,n1,s1] 86 +------+-----------------------------+-------+-------+--------------+--------------+--------------+-------+---------
I250819 14:15:48.369890 786 3@kv/kvserver/store.go:3801 ⋮ [T1,Vsystem,n1,s1] 86 +    0 |     0     0B     0B       0 |  0.00 | 264MB |     0     0B |     0     0B |     5  2.7MB |    0B |   0  0.0
I250819 14:15:48.369890 786 3@kv/kvserver/store.go:3801 ⋮ [T1,Vsystem,n1,s1] 86 +    1 |     0     0B     0B       0 |  0.00 |    0B |     0     0B |     0     0B |     0     0B |    0B |   0  0.0
I250819 14:15:48.369890 786 3@kv/kvserver/store.go:3801 ⋮ [T1,Vsystem,n1,s1] 86 +    2 |     0     0B     0B       0 |  0.00 |    0B |     0     0B |     0     0B |     0     0B |    0B |   0  0.0
I250819 14:15:48.369890 786 3@kv/kvserver/store.go:3801 ⋮ [T1,Vsystem,n1,s1] 86 +    3 |     0     0B     0B       0 |  0.00 |    0B |     0     0B |     0     0B |     0     0B |    0B |   0  0.0
I250819 14:15:48.369890 786 3@kv/kvserver/store.go:3801 ⋮ [T1,Vsystem,n1,s1] 86 +    4 |     0     0B     0B       0 |  0.00 |    0B |     0     0B |     0     0B |     0     0B |    0B |   0  0.0
I250819 14:15:48.369890 786 3@kv/kvserver/store.go:3801 ⋮ [T1,Vsystem,n1,s1] 86 +    5 |     0     0B     0B       0 |  0.00 |    0B |     0     0B |     0     0B |     0     0B |    0B |   0  0.0
I250819 14:15:48.369890 786 3@kv/kvserver/store.go:3801 ⋮ [T1,Vsystem,n1,s1] 86 +    6 |     3   11MB  387KB       0 |     - | 2.7MB |     0     0B |     0     0B |    15   54MB |  55MB |   1 20.2
I250819 14:15:48.369890 786 3@kv/kvserver/store.go:3801 ⋮ [T1,Vsystem,n1,s1] 86 +total |     3   11MB  387KB       0 |     - | 310MB |     0     0B |     0     0B |    20  366MB |  55MB |   1  1.2
I250819 14:15:48.369890 786 3@kv/kvserver/store.go:3801 ⋮ [T1,Vsystem,n1,s1] 86 +-------------------------------------------------------------------------------------------------------------------
I250819 14:15:48.369890 786 3@kv/kvserver/store.go:3801 ⋮ [T1,Vsystem,n1,s1] 86 +WAL: 1 files (46MB)  in: 275MB  written: 310MB (13% overhead)
I250819 14:15:48.369890 786 3@kv/kvserver/store.go:3801 ⋮ [T1,Vsystem,n1,s1] 86 +Flushes: 5
I250819 14:15:48.369890 786 3@kv/kvserver/store.go:3801 ⋮ [T1,Vsystem,n1,s1] 86 +Compactions: 5  estimated debt: 0B  in progress: 0 (0B)
I250819 14:15:48.369890 786 3@kv/kvserver/store.go:3801 ⋮ [T1,Vsystem,n1,s1] 86 +             default: 5  delete: 0  elision: 0  move: 0  read: 0  tombstone-density: 0  rewrite: 0  copy: 0  multi-level: 0
I250819 14:15:48.369890 786 3@kv/kvserver/store.go:3801 ⋮ [T1,Vsystem,n1,s1] 86 +MemTables: 1 (64MB)  zombie: 1 (64MB)
I250819 14:15:48.369890 786 3@kv/kvserver/store.go:3801 ⋮ [T1,Vsystem,n1,s1] 86 +Zombie tables: 0 (0B, local: 0B)
I250819 14:15:48.369890 786 3@kv/kvserver/store.go:3801 ⋮ [T1,Vsystem,n1,s1] 86 +Backing tables: 0 (0B)
I250819 14:15:48.369890 786 3@kv/kvserver/store.go:3801 ⋮ [T1,Vsystem,n1,s1] 86 +Virtual tables: 0 (0B)
I250819 14:15:48.369890 786 3@kv/kvserver/store.go:3801 ⋮ [T1,Vsystem,n1,s1] 86 +Local tables size: 11MB
I250819 14:15:48.369890 786 3@kv/kvserver/store.go:3801 ⋮ [T1,Vsystem,n1,s1] 86 +Compression types: snappy: 3
I250819 14:15:48.369890 786 3@kv/kvserver/store.go:3801 ⋮ [T1,Vsystem,n1,s1] 86 +Block cache: 0 entries (0B)  hit rate: 25.3%
I250819 14:15:48.369890 786 3@kv/kvserver/store.go:3801 ⋮ [T1,Vsystem,n1,s1] 86 +Table cache: 2 entries (1.6KB)  hit rate: 99.9%
I250819 14:15:48.369890 786 3@kv/kvserver/store.go:3801 ⋮ [T1,Vsystem,n1,s1] 86 +Snapshots: 0  earliest seq num: 0
I250819 14:15:48.369890 786 3@kv/kvserver/store.go:3801 ⋮ [T1,Vsystem,n1,s1] 86 +Table iters: 0
I250819 14:15:48.369890 786 3@kv/kvserver/store.go:3801 ⋮ [T1,Vsystem,n1,s1] 86 +Filter utility: 83.3%
I250819 14:15:48.369890 786 3@kv/kvserver/store.go:3801 ⋮ [T1,Vsystem,n1,s1] 86 +Ingestions: 0  as flushable: 0 (0B in 0 tables)
I250819 14:15:48.369890 786 3@kv/kvserver/store.go:3801 ⋮ [T1,Vsystem,n1,s1] 86 +Cgo memory usage: 128MB  block cache: 23KB (data: 0B, maps: 16KB, entries: 6.1KB)  memtables: 128MB
I250819 14:17:18.817351 716 3@pebble/event.go:1059 ⋮ [n1,s1,pebble] 87  [JOB 22] WAL created 000255 (recycled 000245)
I250819 14:17:18.818705 44869 3@pebble/event.go:1011 ⋮ [n1,s1,pebble] 88  [JOB 23] flushing 1 memtable (63MB) to L0
I250819 14:17:18.820943 44869 3@pebble/event.go:1039 ⋮ [n1,s1,pebble] 89  [JOB 23] flushing: sstable created 000256
I250819 14:17:18.876612 44869 3@pebble/event.go:1015 ⋮ [n1,s1,pebble] 90  [JOB 23] flushed 1 memtable (63MB) to L0 [000256] (548KB), in 0.1s (0.1s total), output rate 9.3MB/s
I250819 14:17:18.876685 44872 3@pebble/event.go:999 ⋮ [n1,s1,pebble] 91  [JOB 24] compacting(default) L0 [000256] (548KB) Score=5.60 + L6 [000252 000253 000254] (11MB) Score=0.18; OverlappingRatio: Single 21.35, Multi 0.00
I250819 14:17:18.878951 44872 3@pebble/event.go:1039 ⋮ [n1,s1,pebble] 92  [JOB 24] compacting: sstable created 000257
I250819 14:17:18.998472 44872 3@pebble/event.go:1039 ⋮ [n1,s1,pebble] 93  [JOB 24] compacting: sstable created 000258
I250819 14:17:19.095703 44872 3@pebble/event.go:1039 ⋮ [n1,s1,pebble] 94  [JOB 24] compacting: sstable created 000259
I250819 14:17:19.153558 44872 3@pebble/event.go:1003 ⋮ [n1,s1,pebble] 95  [JOB 24] compacted(default) L0 [000256] (548KB) Score=5.60 + L6 [000252 000253 000254] (11MB) Score=0.18 -> L6 [000257 000258 000259] (12MB), in 0.3s (0.3s total), output rate 42MB/s
I250819 14:17:19.154075 96 3@pebble/event.go:1043 ⋮ [n1,s1,pebble] 96  [JOB 24] sstable deleted 000252
I250819 14:17:19.154321 96 3@pebble/event.go:1043 ⋮ [n1,s1,pebble] 97  [JOB 24] sstable deleted 000253
I250819 14:17:19.154519 96 3@pebble/event.go:1043 ⋮ [n1,s1,pebble] 98  [JOB 24] sstable deleted 000254
I250819 14:17:19.154696 96 3@pebble/event.go:1043 ⋮ [n1,s1,pebble] 99  [JOB 24] sstable deleted 000256
I250819 14:25:38.856924 713 3@pebble/event.go:1059 ⋮ [n1,s1,pebble] 100  [JOB 26] WAL created 000260 (recycled 000250)
I250819 14:25:38.858853 53444 3@pebble/event.go:1011 ⋮ [n1,s1,pebble] 101  [JOB 27] flushing 1 memtable (64MB) to L0
I250819 14:25:38.859392 53444 3@pebble/event.go:1039 ⋮ [n1,s1,pebble] 102  [JOB 27] flushing: sstable created 000261
I250819 14:25:38.916096 53444 3@pebble/event.go:1015 ⋮ [n1,s1,pebble] 103  [JOB 27] flushed 1 memtable (64MB) to L0 [000261] (583KB), in 0.1s (0.1s total), output rate 10MB/s
I250819 14:25:38.916165 53432 3@pebble/event.go:999 ⋮ [n1,s1,pebble] 104  [JOB 28] compacting(default) L0 [000261] (583KB) Score=5.44 + L6 [000257 000258 000259] (12MB) Score=0.18; OverlappingRatio: Single 20.66, Multi 0.00
I250819 14:25:38.918077 53432 3@pebble/event.go:1039 ⋮ [n1,s1,pebble] 105  [JOB 28] compacting: sstable created 000262
I250819 14:25:39.024891 53432 3@pebble/event.go:1039 ⋮ [n1,s1,pebble] 106  [JOB 28] compacting: sstable created 000263
I250819 14:25:39.128176 53432 3@pebble/event.go:1039 ⋮ [n1,s1,pebble] 107  [JOB 28] compacting: sstable created 000264
I250819 14:25:39.187940 53432 3@pebble/event.go:1003 ⋮ [n1,s1,pebble] 108  [JOB 28] compacted(default) L0 [000261] (583KB) Score=5.44 + L6 [000257 000258 000259] (12MB) Score=0.18 -> L6 [000262 000263 000264] (12MB), in 0.3s (0.3s total), output rate 44MB/s
I250819 14:25:39.188489 96 3@pebble/event.go:1043 ⋮ [n1,s1,pebble] 109  [JOB 28] sstable deleted 000257
I250819 14:25:39.188779 96 3@pebble/event.go:1043 ⋮ [n1,s1,pebble] 110  [JOB 28] sstable deleted 000258
I250819 14:25:39.189010 96 3@pebble/event.go:1043 ⋮ [n1,s1,pebble] 111  [JOB 28] sstable deleted 000259
I250819 14:25:39.189190 96 3@pebble/event.go:1043 ⋮ [n1,s1,pebble] 112  [JOB 28] sstable deleted 000261
I250819 14:25:48.335467 786 3@kv/kvserver/store.go:3801 ⋮ [T1,Vsystem,n1,s1] 113  Pebble metrics:
I250819 14:25:48.335467 786 3@kv/kvserver/store.go:3801 ⋮ [T1,Vsystem,n1,s1] 113 +      |                             |       |       |   ingested   |     moved    |    written   |       |    amp
I250819 14:25:48.335467 786 3@kv/kvserver/store.go:3801 ⋮ [T1,Vsystem,n1,s1] 113 +level | tables  size val-bl vtables | score |   in  | tables  size | tables  size | tables  size |  read |   r   w
I250819 14:25:48.335467 786 3@kv/kvserver/store.go:3801 ⋮ [T1,Vsystem,n1,s1] 113 +------+-----------------------------+-------+-------+--------------+--------------+--------------+-------+---------
I250819 14:25:48.335467 786 3@kv/kvserver/store.go:3801 ⋮ [T1,Vsystem,n1,s1] 113 +    0 |     0     0B     0B       0 |  0.00 | 379MB |     0     0B |     0     0B |     7  3.8MB |    0B |   0  0.0
I250819 14:25:48.335467 786 3@kv/kvserver/store.go:3801 ⋮ [T1,Vsystem,n1,s1] 113 +    1 |     0     0B     0B       0 |  0.00 |    0B |     0     0B |     0     0B |     0     0B |    0B |   0  0.0
I250819 14:25:48.335467 786 3@kv/kvserver/store.go:3801 ⋮ [T1,Vsystem,n1,s1] 113 +    2 |     0     0B     0B       0 |  0.00 |    0B |     0     0B |     0     0B |     0     0B |    0B |   0  0.0
I250819 14:25:48.335467 786 3@kv/kvserver/store.go:3801 ⋮ [T1,Vsystem,n1,s1] 113 +    3 |     0     0B     0B       0 |  0.00 |    0B |     0     0B |     0     0B |     0     0B |    0B |   0  0.0
I250819 14:25:48.335467 786 3@kv/kvserver/store.go:3801 ⋮ [T1,Vsystem,n1,s1] 113 +    4 |     0     0B     0B       0 |  0.00 |    0B |     0     0B |     0     0B |     0     0B |    0B |   0  0.0
I250819 14:25:48.335467 786 3@kv/kvserver/store.go:3801 ⋮ [T1,Vsystem,n1,s1] 113 +    5 |     0     0B     0B       0 |  0.00 |    0B |     0     0B |     0     0B |     0     0B |    0B |   0  0.0
I250819 14:25:48.335467 786 3@kv/kvserver/store.go:3801 ⋮ [T1,Vsystem,n1,s1] 113 +    6 |     3   12MB  498KB       0 |     - | 3.8MB |     0     0B |     0     0B |    21   77MB |  79MB |   1 20.6
I250819 14:25:48.335467 786 3@kv/kvserver/store.go:3801 ⋮ [T1,Vsystem,n1,s1] 113 +total |     3   12MB  498KB       0 |     - | 380MB |     0     0B |     0     0B |    28  460MB |  79MB |   1  1.2
I250819 14:25:48.335467 786 3@kv/kvserver/store.go:3801 ⋮ [T1,Vsystem,n1,s1] 113 +-------------------------------------------------------------------------------------------------------------------
I250819 14:25:48.335467 786 3@kv/kvserver/store.go:3801 ⋮ [T1,Vsystem,n1,s1] 113 +WAL: 1 files (417KB)  in: 345MB  written: 380MB (10% overhead)
I250819 14:25:48.335467 786 3@kv/kvserver/store.go:3801 ⋮ [T1,Vsystem,n1,s1] 113 +Flushes: 7
I250819 14:25:48.335467 786 3@kv/kvserver/store.go:3801 ⋮ [T1,Vsystem,n1,s1] 113 +Compactions: 7  estimated debt: 0B  in progress: 0 (0B)
I250819 14:25:48.335467 786 3@kv/kvserver/store.go:3801 ⋮ [T1,Vsystem,n1,s1] 113 +             default: 7  delete: 0  elision: 0  move: 0  read: 0  tombstone-density: 0  rewrite: 0  copy: 0  multi-level: 0
I250819 14:25:48.335467 786 3@kv/kvserver/store.go:3801 ⋮ [T1,Vsystem,n1,s1] 113 +MemTables: 1 (64MB)  zombie: 1 (64MB)
I250819 14:25:48.335467 786 3@kv/kvserver/store.go:3801 ⋮ [T1,Vsystem,n1,s1] 113 +Zombie tables: 0 (0B, local: 0B)
I250819 14:25:48.335467 786 3@kv/kvserver/store.go:3801 ⋮ [T1,Vsystem,n1,s1] 113 +Backing tables: 0 (0B)
I250819 14:25:48.335467 786 3@kv/kvserver/store.go:3801 ⋮ [T1,Vsystem,n1,s1] 113 +Virtual tables: 0 (0B)
I250819 14:25:48.335467 786 3@kv/kvserver/store.go:3801 ⋮ [T1,Vsystem,n1,s1] 113 +Local tables size: 12MB
I250819 14:25:48.335467 786 3@kv/kvserver/store.go:3801 ⋮ [T1,Vsystem,n1,s1] 113 +Compression types: snappy: 3
I250819 14:25:48.335467 786 3@kv/kvserver/store.go:3801 ⋮ [T1,Vsystem,n1,s1] 113 +Block cache: 0 entries (0B)  hit rate: 20.1%
I250819 14:25:48.335467 786 3@kv/kvserver/store.go:3801 ⋮ [T1,Vsystem,n1,s1] 113 +Table cache: 2 entries (1.6KB)  hit rate: 99.9%
I250819 14:25:48.335467 786 3@kv/kvserver/store.go:3801 ⋮ [T1,Vsystem,n1,s1] 113 +Snapshots: 0  earliest seq num: 0
I250819 14:25:48.335467 786 3@kv/kvserver/store.go:3801 ⋮ [T1,Vsystem,n1,s1] 113 +Table iters: 0
I250819 14:25:48.335467 786 3@kv/kvserver/store.go:3801 ⋮ [T1,Vsystem,n1,s1] 113 +Filter utility: 83.3%
I250819 14:25:48.335467 786 3@kv/kvserver/store.go:3801 ⋮ [T1,Vsystem,n1,s1] 113 +Ingestions: 0  as flushable: 0 (0B in 0 tables)
I250819 14:25:48.335467 786 3@kv/kvserver/store.go:3801 ⋮ [T1,Vsystem,n1,s1] 113 +Cgo memory usage: 128MB  block cache: 23KB (data: 0B, maps: 16KB, entries: 6.2KB)  memtables: 128MB
I250819 14:34:08.896677 727 3@pebble/event.go:1059 ⋮ [n1,s1,pebble] 114  [JOB 30] WAL created 000265 (recycled 000255)
I250819 14:34:08.897265 62008 3@pebble/event.go:1011 ⋮ [n1,s1,pebble] 115  [JOB 31] flushing 1 memtable (64MB) to L0
I250819 14:34:08.897832 62008 3@pebble/event.go:1039 ⋮ [n1,s1,pebble] 116  [JOB 31] flushing: sstable created 000266
I250819 14:34:08.957549 62008 3@pebble/event.go:1015 ⋮ [n1,s1,pebble] 117  [JOB 31] flushed 1 memtable (64MB) to L0 [000266] (398KB), in 0.1s (0.1s total), output rate 6.5MB/s
I250819 14:34:08.957646 61050 3@pebble/event.go:999 ⋮ [n1,s1,pebble] 118  [JOB 32] compacting(default) L0 [000266] (398KB) Score=5.33 + L6 [000262 000263 000264] (12MB) Score=0.19; OverlappingRatio: Single 30.86, Multi 0.00
I250819 14:34:08.959623 61050 3@pebble/event.go:1039 ⋮ [n1,s1,pebble] 119  [JOB 32] compacting: sstable created 000267
I250819 14:34:09.075997 61050 3@pebble/event.go:1039 ⋮ [n1,s1,pebble] 120  [JOB 32] compacting: sstable created 000268
I250819 14:34:09.177820 61050 3@pebble/event.go:1039 ⋮ [n1,s1,pebble] 121  [JOB 32] compacting: sstable created 000269
I250819 14:34:09.258191 61050 3@pebble/event.go:1039 ⋮ [n1,s1,pebble] 122  [JOB 32] compacting: sstable created 000270
I250819 14:34:09.258825 61050 3@pebble/event.go:1003 ⋮ [n1,s1,pebble] 123  [JOB 32] compacted(default) L0 [000266] (398KB) Score=5.33 + L6 [000262 000263 000264] (12MB) Score=0.19 -> L6 [000267 000268 000269 000270] (12MB), in 0.3s (0.3s total), output rate 40MB/s
I250819 14:34:09.259330 96 3@pebble/event.go:1043 ⋮ [n1,s1,pebble] 124  [JOB 32] sstable deleted 000262
I250819 14:34:09.259584 96 3@pebble/event.go:1043 ⋮ [n1,s1,pebble] 125  [JOB 32] sstable deleted 000263
I250819 14:34:09.259808 96 3@pebble/event.go:1043 ⋮ [n1,s1,pebble] 126  [JOB 32] sstable deleted 000264
I250819 14:34:09.259984 96 3@pebble/event.go:1043 ⋮ [n1,s1,pebble] 127  [JOB 32] sstable deleted 000266
I250819 14:35:48.327202 786 3@kv/kvserver/store.go:3801 ⋮ [T1,Vsystem,n1,s1] 128  Pebble metrics:
I250819 14:35:48.327202 786 3@kv/kvserver/store.go:3801 ⋮ [T1,Vsystem,n1,s1] 128 +      |                             |       |       |   ingested   |     moved    |    written   |       |    amp
I250819 14:35:48.327202 786 3@kv/kvserver/store.go:3801 ⋮ [T1,Vsystem,n1,s1] 128 +level | tables  size val-bl vtables | score |   in  | tables  size | tables  size | tables  size |  read |   r   w
I250819 14:35:48.327202 786 3@kv/kvserver/store.go:3801 ⋮ [T1,Vsystem,n1,s1] 128 +------+-----------------------------+-------+-------+--------------+--------------+--------------+-------+---------
I250819 14:35:48.327202 786 3@kv/kvserver/store.go:3801 ⋮ [T1,Vsystem,n1,s1] 128 +    0 |     0     0B     0B       0 |  0.00 | 437MB |     0     0B |     0     0B |     8  4.1MB |    0B |   0  0.0
I250819 14:35:48.327202 786 3@kv/kvserver/store.go:3801 ⋮ [T1,Vsystem,n1,s1] 128 +    1 |     0     0B     0B       0 |  0.00 |    0B |     0     0B |     0     0B |     0     0B |    0B |   0  0.0
I250819 14:35:48.327202 786 3@kv/kvserver/store.go:3801 ⋮ [T1,Vsystem,n1,s1] 128 +    2 |     0     0B     0B       0 |  0.00 |    0B |     0     0B |     0     0B |     0     0B |    0B |   0  0.0
I250819 14:35:48.327202 786 3@kv/kvserver/store.go:3801 ⋮ [T1,Vsystem,n1,s1] 128 +    3 |     0     0B     0B       0 |  0.00 |    0B |     0     0B |     0     0B |     0     0B |    0B |   0  0.0
I250819 14:35:48.327202 786 3@kv/kvserver/store.go:3801 ⋮ [T1,Vsystem,n1,s1] 128 +    4 |     0     0B     0B       0 |  0.00 |    0B |     0     0B |     0     0B |     0     0B |    0B |   0  0.0
I250819 14:35:48.327202 786 3@kv/kvserver/store.go:3801 ⋮ [T1,Vsystem,n1,s1] 128 +    5 |     0     0B     0B       0 |  0.00 |    0B |     0     0B |     0     0B |     0     0B |    0B |   0  0.0
I250819 14:35:48.327202 786 3@kv/kvserver/store.go:3801 ⋮ [T1,Vsystem,n1,s1] 128 +    6 |     4   12MB  510KB       0 |     - | 4.1MB |     0     0B |     0     0B |    25   89MB |  91MB |   1 21.6
I250819 14:35:48.327202 786 3@kv/kvserver/store.go:3801 ⋮ [T1,Vsystem,n1,s1] 128 +total |     4   12MB  510KB       0 |     - | 449MB |     0     0B |     0     0B |    33  542MB |  91MB |   1  1.2
I250819 14:35:48.327202 786 3@kv/kvserver/store.go:3801 ⋮ [T1,Vsystem,n1,s1] 128 +-------------------------------------------------------------------------------------------------------------------
I250819 14:35:48.327202 786 3@kv/kvserver/store.go:3801 ⋮ [T1,Vsystem,n1,s1] 128 +WAL: 1 files (12MB)  in: 414MB  written: 449MB (8% overhead)
I250819 14:35:48.327202 786 3@kv/kvserver/store.go:3801 ⋮ [T1,Vsystem,n1,s1] 128 +Flushes: 8
I250819 14:35:48.327202 786 3@kv/kvserver/store.go:3801 ⋮ [T1,Vsystem,n1,s1] 128 +Compactions: 8  estimated debt: 0B  in progress: 0 (0B)
I250819 14:35:48.327202 786 3@kv/kvserver/store.go:3801 ⋮ [T1,Vsystem,n1,s1] 128 +             default: 8  delete: 0  elision: 0  move: 0  read: 0  tombstone-density: 0  rewrite: 0  copy: 0  multi-level: 0
I250819 14:35:48.327202 786 3@kv/kvserver/store.go:3801 ⋮ [T1,Vsystem,n1,s1] 128 +MemTables: 1 (64MB)  zombie: 1 (64MB)
I250819 14:35:48.327202 786 3@kv/kvserver/store.go:3801 ⋮ [T1,Vsystem,n1,s1] 128 +Zombie tables: 0 (0B, local: 0B)
I250819 14:35:48.327202 786 3@kv/kvserver/store.go:3801 ⋮ [T1,Vsystem,n1,s1] 128 +Backing tables: 0 (0B)
I250819 14:35:48.327202 786 3@kv/kvserver/store.go:3801 ⋮ [T1,Vsystem,n1,s1] 128 +Virtual tables: 0 (0B)
I250819 14:35:48.327202 786 3@kv/kvserver/store.go:3801 ⋮ [T1,Vsystem,n1,s1] 128 +Local tables size: 12MB
I250819 14:35:48.327202 786 3@kv/kvserver/store.go:3801 ⋮ [T1,Vsystem,n1,s1] 128 +Compression types: snappy: 4
I250819 14:35:48.327202 786 3@kv/kvserver/store.go:3801 ⋮ [T1,Vsystem,n1,s1] 128 +Block cache: 0 entries (0B)  hit rate: 16.6%
I250819 14:35:48.327202 786 3@kv/kvserver/store.go:3801 ⋮ [T1,Vsystem,n1,s1] 128 +Table cache: 3 entries (2.4KB)  hit rate: 99.9%
I250819 14:35:48.327202 786 3@kv/kvserver/store.go:3801 ⋮ [T1,Vsystem,n1,s1] 128 +Snapshots: 0  earliest seq num: 0
I250819 14:35:48.327202 786 3@kv/kvserver/store.go:3801 ⋮ [T1,Vsystem,n1,s1] 128 +Table iters: 0
I250819 14:35:48.327202 786 3@kv/kvserver/store.go:3801 ⋮ [T1,Vsystem,n1,s1] 128 +Filter utility: 83.3%
I250819 14:35:48.327202 786 3@kv/kvserver/store.go:3801 ⋮ [T1,Vsystem,n1,s1] 128 +Ingestions: 0  as flushable: 0 (0B in 0 tables)
I250819 14:35:48.327202 786 3@kv/kvserver/store.go:3801 ⋮ [T1,Vsystem,n1,s1] 128 +Cgo memory usage: 128MB  block cache: 17KB (data: 0B, maps: 16KB, entries: 720B)  memtables: 128MB
I250819 14:42:18.957024 724 3@pebble/event.go:1059 ⋮ [n1,s1,pebble] 129  [JOB 34] WAL created 000271 (recycled 000260)
I250819 14:42:18.958586 70600 3@pebble/event.go:1011 ⋮ [n1,s1,pebble] 130  [JOB 35] flushing 1 memtable (63MB) to L0
I250819 14:42:18.959404 70600 3@pebble/event.go:1039 ⋮ [n1,s1,pebble] 131  [JOB 35] flushing: sstable created 000272
I250819 14:42:19.029559 70600 3@pebble/event.go:1015 ⋮ [n1,s1,pebble] 132  [JOB 35] flushed 1 memtable (63MB) to L0 [000272] (613KB), in 0.1s (0.1s total), output rate 8.5MB/s
I250819 14:42:19.029663 70707 3@pebble/event.go:999 ⋮ [n1,s1,pebble] 133  [JOB 36] compacting(default) L0 [000272] (613KB) Score=5.27 + L6 [000267 000268 000269] (12MB) Score=0.19; OverlappingRatio: Single 20.24, Multi 0.00
I250819 14:42:19.032112 70707 3@pebble/event.go:1039 ⋮ [n1,s1,pebble] 134  [JOB 36] compacting: sstable created 000273
I250819 14:42:19.153957 70707 3@pebble/event.go:1039 ⋮ [n1,s1,pebble] 135  [JOB 36] compacting: sstable created 000274
I250819 14:42:19.254587 70707 3@pebble/event.go:1039 ⋮ [n1,s1,pebble] 136  [JOB 36] compacting: sstable created 000275
I250819 14:42:19.323701 70707 3@pebble/event.go:1039 ⋮ [n1,s1,pebble] 137  [JOB 36] compacting: sstable created 000276
I250819 14:42:19.330322 70707 3@pebble/event.go:1003 ⋮ [n1,s1,pebble] 138  [JOB 36] compacted(default) L0 [000272] (613KB) Score=5.27 + L6 [000267 000268 000269] (12MB) Score=0.19 -> L6 [000273 000274 000275 000276] (13MB), in 0.3s (0.3s total), output rate 42MB/s
I250819 14:42:19.330872 96 3@pebble/event.go:1043 ⋮ [n1,s1,pebble] 139  [JOB 36] sstable deleted 000267
I250819 14:42:19.331146 96 3@pebble/event.go:1043 ⋮ [n1,s1,pebble] 140  [JOB 36] sstable deleted 000268
I250819 14:42:19.331379 96 3@pebble/event.go:1043 ⋮ [n1,s1,pebble] 141  [JOB 36] sstable deleted 000269
I250819 14:42:19.331535 96 3@pebble/event.go:1043 ⋮ [n1,s1,pebble] 142  [JOB 36] sstable deleted 000272
I250819 14:45:48.320864 786 3@kv/kvserver/store.go:3801 ⋮ [T1,Vsystem,n1,s1] 143  Pebble metrics:
I250819 14:45:48.320864 786 3@kv/kvserver/store.go:3801 ⋮ [T1,Vsystem,n1,s1] 143 +      |                             |       |       |   ingested   |     moved    |    written   |       |    amp
I250819 14:45:48.320864 786 3@kv/kvserver/store.go:3801 ⋮ [T1,Vsystem,n1,s1] 143 +level | tables  size val-bl vtables | score |   in  | tables  size | tables  size | tables  size |  read |   r   w
I250819 14:45:48.320864 786 3@kv/kvserver/store.go:3801 ⋮ [T1,Vsystem,n1,s1] 143 +------+-----------------------------+-------+-------+--------------+--------------+--------------+-------+---------
I250819 14:45:48.320864 786 3@kv/kvserver/store.go:3801 ⋮ [T1,Vsystem,n1,s1] 143 +    0 |     0     0B     0B       0 |  0.00 | 494MB |     0     0B |     0     0B |     9  4.7MB |    0B |   0  0.0
I250819 14:45:48.320864 786 3@kv/kvserver/store.go:3801 ⋮ [T1,Vsystem,n1,s1] 143 +    1 |     0     0B     0B       0 |  0.00 |    0B |     0     0B |     0     0B |     0     0B |    0B |   0  0.0
I250819 14:45:48.320864 786 3@kv/kvserver/store.go:3801 ⋮ [T1,Vsystem,n1,s1] 143 +    2 |     0     0B     0B       0 |  0.00 |    0B |     0     0B |     0     0B |     0     0B |    0B |   0  0.0
I250819 14:45:48.320864 786 3@kv/kvserver/store.go:3801 ⋮ [T1,Vsystem,n1,s1] 143 +    3 |     0     0B     0B       0 |  0.00 |    0B |     0     0B |     0     0B |     0     0B |    0B |   0  0.0
I250819 14:45:48.320864 786 3@kv/kvserver/store.go:3801 ⋮ [T1,Vsystem,n1,s1] 143 +    4 |     0     0B     0B       0 |  0.00 |    0B |     0     0B |     0     0B |     0     0B |    0B |   0  0.0
I250819 14:45:48.320864 786 3@kv/kvserver/store.go:3801 ⋮ [T1,Vsystem,n1,s1] 143 +    5 |     0     0B     0B       0 |  0.00 |    0B |     0     0B |     0     0B |     0     0B |    0B |   0  0.0
I250819 14:45:48.320864 786 3@kv/kvserver/store.go:3801 ⋮ [T1,Vsystem,n1,s1] 143 +    6 |     5   13MB  570KB       0 |     - | 4.7MB |     0     0B |     0     0B |    29  102MB | 104MB |   1 21.5
I250819 14:45:48.320864 786 3@kv/kvserver/store.go:3801 ⋮ [T1,Vsystem,n1,s1] 143 +total |     5   13MB  570KB       0 |     - | 518MB |     0     0B |     0     0B |    38  625MB | 104MB |   1  1.2
I250819 14:45:48.320864 786 3@kv/kvserver/store.go:3801 ⋮ [T1,Vsystem,n1,s1] 143 +-------------------------------------------------------------------------------------------------------------------
I250819 14:45:48.320864 786 3@kv/kvserver/store.go:3801 ⋮ [T1,Vsystem,n1,s1] 143 +WAL: 1 files (24MB)  in: 483MB  written: 518MB (7% overhead)
I250819 14:45:48.320864 786 3@kv/kvserver/store.go:3801 ⋮ [T1,Vsystem,n1,s1] 143 +Flushes: 9
I250819 14:45:48.320864 786 3@kv/kvserver/store.go:3801 ⋮ [T1,Vsystem,n1,s1] 143 +Compactions: 9  estimated debt: 0B  in progress: 0 (0B)
I250819 14:45:48.320864 786 3@kv/kvserver/store.go:3801 ⋮ [T1,Vsystem,n1,s1] 143 +             default: 9  delete: 0  elision: 0  move: 0  read: 0  tombstone-density: 0  rewrite: 0  copy: 0  multi-level: 0
I250819 14:45:48.320864 786 3@kv/kvserver/store.go:3801 ⋮ [T1,Vsystem,n1,s1] 143 +MemTables: 1 (64MB)  zombie: 1 (64MB)
I250819 14:45:48.320864 786 3@kv/kvserver/store.go:3801 ⋮ [T1,Vsystem,n1,s1] 143 +Zombie tables: 0 (0B, local: 0B)
I250819 14:45:48.320864 786 3@kv/kvserver/store.go:3801 ⋮ [T1,Vsystem,n1,s1] 143 +Backing tables: 0 (0B)
I250819 14:45:48.320864 786 3@kv/kvserver/store.go:3801 ⋮ [T1,Vsystem,n1,s1] 143 +Virtual tables: 0 (0B)
I250819 14:45:48.320864 786 3@kv/kvserver/store.go:3801 ⋮ [T1,Vsystem,n1,s1] 143 +Local tables size: 13MB
I250819 14:45:48.320864 786 3@kv/kvserver/store.go:3801 ⋮ [T1,Vsystem,n1,s1] 143 +Compression types: snappy: 5
I250819 14:45:48.320864 786 3@kv/kvserver/store.go:3801 ⋮ [T1,Vsystem,n1,s1] 143 +Block cache: 0 entries (0B)  hit rate: 14.4%
I250819 14:45:48.320864 786 3@kv/kvserver/store.go:3801 ⋮ [T1,Vsystem,n1,s1] 143 +Table cache: 4 entries (3.3KB)  hit rate: 99.9%
I250819 14:45:48.320864 786 3@kv/kvserver/store.go:3801 ⋮ [T1,Vsystem,n1,s1] 143 +Snapshots: 0  earliest seq num: 0
I250819 14:45:48.320864 786 3@kv/kvserver/store.go:3801 ⋮ [T1,Vsystem,n1,s1] 143 +Table iters: 0
I250819 14:45:48.320864 786 3@kv/kvserver/store.go:3801 ⋮ [T1,Vsystem,n1,s1] 143 +Filter utility: 73.3%
I250819 14:45:48.320864 786 3@kv/kvserver/store.go:3801 ⋮ [T1,Vsystem,n1,s1] 143 +Ingestions: 0  as flushable: 0 (0B in 0 tables)
I250819 14:45:48.320864 786 3@kv/kvserver/store.go:3801 ⋮ [T1,Vsystem,n1,s1] 143 +Cgo memory usage: 128MB  block cache: 17KB (data: 0B, maps: 16KB, entries: 640B)  memtables: 128MB
I250819 14:50:39.028855 719 3@pebble/event.go:1059 ⋮ [n1,s1,pebble] 144  [JOB 38] WAL created 000277 (recycled 000265)
I250819 14:50:39.029654 79102 3@pebble/event.go:1011 ⋮ [n1,s1,pebble] 145  [JOB 39] flushing 1 memtable (64MB) to L0
I250819 14:50:39.030897 79102 3@pebble/event.go:1039 ⋮ [n1,s1,pebble] 146  [JOB 39] flushing: sstable created 000278
I250819 14:50:39.097117 79102 3@pebble/event.go:1015 ⋮ [n1,s1,pebble] 147  [JOB 39] flushed 1 memtable (64MB) to L0 [000278] (579KB), in 0.1s (0.1s total), output rate 8.4MB/s
I250819 14:50:39.097206 79323 3@pebble/event.go:999 ⋮ [n1,s1,pebble] 148  [JOB 40] compacting(default) L0 [000278] (579KB) Score=5.09 + L6 [000273 000274 000275 000276] (13MB) Score=0.20; OverlappingRatio: Single 22.22, Multi 0.00
I250819 14:50:39.099225 79323 3@pebble/event.go:1039 ⋮ [n1,s1,pebble] 149  [JOB 40] compacting: sstable created 000279
I250819 14:50:39.216184 79323 3@pebble/event.go:1039 ⋮ [n1,s1,pebble] 150  [JOB 40] compacting: sstable created 000280
I250819 14:50:39.315185 79323 3@pebble/event.go:1039 ⋮ [n1,s1,pebble] 151  [JOB 40] compacting: sstable created 000281
I250819 14:50:39.391963 79323 3@pebble/event.go:1039 ⋮ [n1,s1,pebble] 152  [JOB 40] compacting: sstable created 000282
I250819 14:50:39.403382 79323 3@pebble/event.go:1003 ⋮ [n1,s1,pebble] 153  [JOB 40] compacted(default) L0 [000278] (579KB) Score=5.09 + L6 [000273 000274 000275 000276] (13MB) Score=0.20 -> L6 [000279 000280 000281 000282] (13MB), in 0.3s (0.3s total), output rate 42MB/s
I250819 14:50:39.403979 96 3@pebble/event.go:1043 ⋮ [n1,s1,pebble] 154  [JOB 40] sstable deleted 000273
I250819 14:50:39.404248 96 3@pebble/event.go:1043 ⋮ [n1,s1,pebble] 155  [JOB 40] sstable deleted 000274
I250819 14:50:39.404471 96 3@pebble/event.go:1043 ⋮ [n1,s1,pebble] 156  [JOB 40] sstable deleted 000275
I250819 14:50:39.404680 96 3@pebble/event.go:1043 ⋮ [n1,s1,pebble] 157  [JOB 40] sstable deleted 000276
I250819 14:50:39.404850 96 3@pebble/event.go:1043 ⋮ [n1,s1,pebble] 158  [JOB 40] sstable deleted 000278
