I250729 21:28:25.923800 41 util/log/file_sync_buffer.go:237 ⋮ [config]   file created at: 2025/07/29 21:28:25
I250729 21:28:25.923809 41 util/log/file_sync_buffer.go:237 ⋮ [config]   running on machine: ‹24eff5112e12›
I250729 21:28:25.923818 41 util/log/file_sync_buffer.go:237 ⋮ [config]   binary: CockroachDB CCL v25.2.0 (aarch64-unknown-linux-gnu, built 2025/05/15 21:07:42, go1.23.7 X:nocoverageredesign)
I250729 21:28:25.923821 41 util/log/file_sync_buffer.go:237 ⋮ [config]   arguments: [‹/cockroach/cockroach› ‹start-single-node› ‹--certs-dir=certs› ‹--advertise-addr=127.0.0.1:26257› ‹--insecure› ‹--http-addr=0.0.0.0:8080›]
I250729 21:28:25.923838 41 util/log/file_sync_buffer.go:237 ⋮ [config]   log format (utf8=✓): crdb-v2
I250729 21:28:25.923841 41 util/log/file_sync_buffer.go:237 ⋮ [config]   line format: [IWEF]yymmdd hh:mm:ss.uuuuuu goid [chan@]file:line redactionmark \[tags\] [counter] msg
I250729 21:28:25.922452 41 3@pebble/objstorage/objstorageprovider/remote.go:102 ⋮ [n?,s?,pebble] 1  remote storage configured; creatorID = 1
I250729 21:28:26.174711 41 3@pebble/open.go:1054 ⋮ [n?,s?,pebble] 2  [JOB ‹1›] WAL ‹000363: {(/cockroach/cockroach-data,000)}› stopped reading at offset: (‹/cockroach/cockroach-data/000363.log›: 56442163); replayed 165004 keys in 4583 batches
I250729 21:28:26.174935 69 3@pebble/event.go:1011 ⋮ [n?,s?,pebble] 3  [JOB 2] flushing 8 memtables (59MB) to L0
I250729 21:28:26.175532 69 3@pebble/event.go:1039 ⋮ [n?,s?,pebble] 4  [JOB 2] flushing: sstable created 000371
I250729 21:28:26.226281 69 3@pebble/event.go:1031 ⋮ [n?,s?,pebble] 5  [JOB 2] MANIFEST created 000372
I250729 21:28:26.226348 69 3@pebble/event.go:1015 ⋮ [n?,s?,pebble] 6  [JOB 2] flushed 8 memtables (59MB) to L0 [000371] (520KB), in 0.0s (0.1s total), output rate 10MB/s
I250729 21:28:26.227464 85 3@pebble/event.go:1063 ⋮ [n?,s?,pebble] 7  [JOB 2] WAL deleted 000357
I250729 21:28:26.227512 41 3@pebble/event.go:1059 ⋮ [n?,s?,pebble] 8  [JOB 1] WAL created 000373
I250729 21:28:26.229449 85 3@pebble/event.go:1063 ⋮ [n?,s?,pebble] 9  [JOB 2] WAL deleted 000363
I250729 21:28:26.229481 117 3@pebble/event.go:999 ⋮ [n?,s?,pebble] 10  [JOB 4] compacting(default) L0 [000371] (520KB) Score=3.92 + L6 [000365 000366 000367 000368 000369] (16MB) Score=0.26; OverlappingRatio: Single 32.17, Multi 0.00
I250729 21:28:26.231025 121 3@pebble/event.go:1051 ⋮ [n?,s?,pebble] 11  [JOB 5] all initial table stats loaded
I250729 21:28:26.232362 117 3@pebble/event.go:1039 ⋮ [n?,s?,pebble] 12  [JOB 4] compacting: sstable created 000375
I250729 21:28:26.380340 117 3@pebble/event.go:1039 ⋮ [n?,s?,pebble] 13  [JOB 4] compacting: sstable created 000376
I250729 21:28:26.492969 117 3@pebble/event.go:1039 ⋮ [n?,s?,pebble] 14  [JOB 4] compacting: sstable created 000377
I250729 21:28:26.584009 117 3@pebble/event.go:1039 ⋮ [n?,s?,pebble] 15  [JOB 4] compacting: sstable created 000378
I250729 21:28:26.656728 117 3@pebble/event.go:1039 ⋮ [n?,s?,pebble] 16  [JOB 4] compacting: sstable created 000379
I250729 21:28:26.668592 117 3@pebble/event.go:1003 ⋮ [n?,s?,pebble] 17  [JOB 4] compacted(default) L0 [000371] (520KB) Score=3.92 + L6 [000365 000366 000367 000368 000369] (16MB) Score=0.26 -> L6 [000375 000376 000377 000378 000379] (17MB), in 0.4s (0.4s total), output rate 38MB/s
I250729 21:28:26.669766 85 3@pebble/event.go:1043 ⋮ [n?,s?,pebble] 18  [JOB 4] sstable deleted 000365
I250729 21:28:26.673232 85 3@pebble/event.go:1043 ⋮ [n?,s?,pebble] 19  [JOB 4] sstable deleted 000366
I250729 21:28:26.673613 85 3@pebble/event.go:1043 ⋮ [n?,s?,pebble] 20  [JOB 4] sstable deleted 000367
I250729 21:28:26.673899 85 3@pebble/event.go:1043 ⋮ [n?,s?,pebble] 21  [JOB 4] sstable deleted 000368
I250729 21:28:26.674078 85 3@pebble/event.go:1043 ⋮ [n?,s?,pebble] 22  [JOB 4] sstable deleted 000369
I250729 21:28:26.674433 85 3@pebble/event.go:1043 ⋮ [n?,s?,pebble] 23  [JOB 4] sstable deleted 000371
I250729 21:28:26.674605 85 3@pebble/event.go:1035 ⋮ [n?,s?,pebble] 24  [JOB 1] MANIFEST deleted 000341
I250729 21:28:26.676802 41 3@pebble/event.go:1031 ⋮ [n?,s?,pebble] 25  [JOB 1] MANIFEST created 000001
I250729 21:28:26.677360 41 3@pebble/event.go:1059 ⋮ [n?,s?,pebble] 26  [JOB 1] WAL created 000002
I250729 21:28:26.677675 41 3@pebble/event.go:1027 ⋮ [n?,s?,pebble] 27  upgraded to format version: 014
I250729 21:28:26.678017 41 3@pebble/event.go:1027 ⋮ [n?,s?,pebble] 28  upgraded to format version: 015
I250729 21:28:26.678363 41 3@pebble/event.go:1027 ⋮ [n?,s?,pebble] 29  upgraded to format version: 016
I250729 21:28:26.679060 41 3@pebble/event.go:1027 ⋮ [n?,s?,pebble] 30  upgraded to format version: 017
I250729 21:28:26.679551 41 3@pebble/event.go:1027 ⋮ [n?,s?,pebble] 31  upgraded to format version: 018
I250729 21:28:26.679959 41 3@pebble/event.go:1027 ⋮ [n?,s?,pebble] 32  upgraded to format version: 019
I250729 21:28:26.681503 166 3@pebble/event.go:1051 ⋮ [n?,s?,pebble] 33  [JOB 2] all initial table stats loaded
I250729 21:28:44.907667 3019 3@pebble/event.go:1059 ⋮ [n1,s1,pebble] 34  [JOB 6] WAL created 000380
I250729 21:28:44.930838 5675 3@pebble/event.go:1011 ⋮ [n1,s1,pebble] 35  [JOB 7] flushing 1 memtable (4.2MB) to L0
I250729 21:28:44.933270 5675 3@pebble/event.go:1039 ⋮ [n1,s1,pebble] 36  [JOB 7] flushing: sstable created 000381
I250729 21:28:44.948330 5675 3@pebble/event.go:1015 ⋮ [n1,s1,pebble] 37  [JOB 7] flushed 1 memtable (4.2MB) to L0 [000381] (320KB), in 0.0s (0.0s total), output rate 18MB/s
I250729 21:28:44.948509 5615 3@pebble/event.go:999 ⋮ [n1,s1,pebble] 38  [JOB 8] compacting(default) L0 [000381] (320KB) Score=3.85 + L6 [000375 000376 000377 000378 000379] (17MB) Score=0.26; OverlappingRatio: Single 53.10, Multi 0.00
I250729 21:28:44.951459 5615 3@pebble/event.go:1039 ⋮ [n1,s1,pebble] 39  [JOB 8] compacting: sstable created 000382
I250729 21:28:45.080197 5615 3@pebble/event.go:1039 ⋮ [n1,s1,pebble] 40  [JOB 8] compacting: sstable created 000383
I250729 21:28:45.191536 5615 3@pebble/event.go:1039 ⋮ [n1,s1,pebble] 41  [JOB 8] compacting: sstable created 000384
I250729 21:28:45.279467 5615 3@pebble/event.go:1039 ⋮ [n1,s1,pebble] 42  [JOB 8] compacting: sstable created 000385
I250729 21:28:45.365850 5615 3@pebble/event.go:1039 ⋮ [n1,s1,pebble] 43  [JOB 8] compacting: sstable created 000386
I250729 21:28:45.377569 5615 3@pebble/event.go:1003 ⋮ [n1,s1,pebble] 44  [JOB 8] compacted(default) L0 [000381] (320KB) Score=3.85 + L6 [000375 000376 000377 000378 000379] (17MB) Score=0.26 -> L6 [000382 000383 000384 000385 000386] (17MB), in 0.4s (0.4s total), output rate 39MB/s
I250729 21:28:45.378324 85 3@pebble/event.go:1043 ⋮ [n1,s1,pebble] 45  [JOB 8] sstable deleted 000375
I250729 21:28:45.378652 85 3@pebble/event.go:1043 ⋮ [n1,s1,pebble] 46  [JOB 8] sstable deleted 000376
I250729 21:28:45.378935 85 3@pebble/event.go:1043 ⋮ [n1,s1,pebble] 47  [JOB 8] sstable deleted 000377
I250729 21:28:45.379208 85 3@pebble/event.go:1043 ⋮ [n1,s1,pebble] 48  [JOB 8] sstable deleted 000378
I250729 21:28:45.379369 85 3@pebble/event.go:1043 ⋮ [n1,s1,pebble] 49  [JOB 8] sstable deleted 000379
I250729 21:28:45.379536 85 3@pebble/event.go:1043 ⋮ [n1,s1,pebble] 50  [JOB 8] sstable deleted 000381
I250729 21:28:47.249778 777 3@kv/kvserver/store.go:3801 ⋮ [T1,Vsystem,n1,s1] 51  Pebble metrics:
I250729 21:28:47.249778 777 3@kv/kvserver/store.go:3801 ⋮ [T1,Vsystem,n1,s1] 51 +      |                             |       |       |   ingested   |     moved    |    written   |       |    amp
I250729 21:28:47.249778 777 3@kv/kvserver/store.go:3801 ⋮ [T1,Vsystem,n1,s1] 51 +level | tables  size val-bl vtables | score |   in  | tables  size | tables  size | tables  size |  read |   r   w
I250729 21:28:47.249778 777 3@kv/kvserver/store.go:3801 ⋮ [T1,Vsystem,n1,s1] 51 +------+-----------------------------+-------+-------+--------------+--------------+--------------+-------+---------
I250729 21:28:47.249778 777 3@kv/kvserver/store.go:3801 ⋮ [T1,Vsystem,n1,s1] 51 +    0 |     0     0B     0B       0 |  0.00 |  58MB |     0     0B |     0     0B |     2  840KB |    0B |   0  0.0
I250729 21:28:47.249778 777 3@kv/kvserver/store.go:3801 ⋮ [T1,Vsystem,n1,s1] 51 +    1 |     0     0B     0B       0 |  0.00 |    0B |     0     0B |     0     0B |     0     0B |    0B |   0  0.0
I250729 21:28:47.249778 777 3@kv/kvserver/store.go:3801 ⋮ [T1,Vsystem,n1,s1] 51 +    2 |     0     0B     0B       0 |  0.00 |    0B |     0     0B |     0     0B |     0     0B |    0B |   0  0.0
I250729 21:28:47.249778 777 3@kv/kvserver/store.go:3801 ⋮ [T1,Vsystem,n1,s1] 51 +    3 |     0     0B     0B       0 |  0.00 |    0B |     0     0B |     0     0B |     0     0B |    0B |   0  0.0
I250729 21:28:47.249778 777 3@kv/kvserver/store.go:3801 ⋮ [T1,Vsystem,n1,s1] 51 +    4 |     0     0B     0B       0 |  0.00 |    0B |     0     0B |     0     0B |     0     0B |    0B |   0  0.0
I250729 21:28:47.249778 777 3@kv/kvserver/store.go:3801 ⋮ [T1,Vsystem,n1,s1] 51 +    5 |     0     0B     0B       0 |  0.00 |    0B |     0     0B |     0     0B |     0     0B |    0B |   0  0.0
I250729 21:28:47.249778 777 3@kv/kvserver/store.go:3801 ⋮ [T1,Vsystem,n1,s1] 51 +    6 |     5   17MB  1.3MB       0 |     - | 840KB |     0     0B |     0     0B |    10   33MB |  34MB |   1 40.6
I250729 21:28:47.249778 777 3@kv/kvserver/store.go:3801 ⋮ [T1,Vsystem,n1,s1] 51 +total |     5   17MB  1.3MB       0 |     - |  58MB |     0     0B |     0     0B |    12   92MB |  34MB |   1  1.6
I250729 21:28:47.249778 777 3@kv/kvserver/store.go:3801 ⋮ [T1,Vsystem,n1,s1] 51 +-------------------------------------------------------------------------------------------------------------------
I250729 21:28:47.249778 777 3@kv/kvserver/store.go:3801 ⋮ [T1,Vsystem,n1,s1] 51 +WAL: 1 files (2.0KB)  in: 3.7MB  written: 58MB (1444% overhead)
I250729 21:28:47.249778 777 3@kv/kvserver/store.go:3801 ⋮ [T1,Vsystem,n1,s1] 51 +Flushes: 2
I250729 21:28:47.249778 777 3@kv/kvserver/store.go:3801 ⋮ [T1,Vsystem,n1,s1] 51 +Compactions: 2  estimated debt: 0B  in progress: 0 (0B)
I250729 21:28:47.249778 777 3@kv/kvserver/store.go:3801 ⋮ [T1,Vsystem,n1,s1] 51 +             default: 2  delete: 0  elision: 0  move: 0  read: 0  tombstone-density: 0  rewrite: 0  copy: 0  multi-level: 0
I250729 21:28:47.249778 777 3@kv/kvserver/store.go:3801 ⋮ [T1,Vsystem,n1,s1] 51 +MemTables: 1 (64MB)  zombie: 1 (64MB)
I250729 21:28:47.249778 777 3@kv/kvserver/store.go:3801 ⋮ [T1,Vsystem,n1,s1] 51 +Zombie tables: 0 (0B, local: 0B)
I250729 21:28:47.249778 777 3@kv/kvserver/store.go:3801 ⋮ [T1,Vsystem,n1,s1] 51 +Backing tables: 0 (0B)
I250729 21:28:47.249778 777 3@kv/kvserver/store.go:3801 ⋮ [T1,Vsystem,n1,s1] 51 +Virtual tables: 0 (0B)
I250729 21:28:47.249778 777 3@kv/kvserver/store.go:3801 ⋮ [T1,Vsystem,n1,s1] 51 +Local tables size: 17MB
I250729 21:28:47.249778 777 3@kv/kvserver/store.go:3801 ⋮ [T1,Vsystem,n1,s1] 51 +Compression types: snappy: 5
I250729 21:28:47.249778 777 3@kv/kvserver/store.go:3801 ⋮ [T1,Vsystem,n1,s1] 51 +Block cache: 0 entries (0B)  hit rate: 82.0%
I250729 21:28:47.249778 777 3@kv/kvserver/store.go:3801 ⋮ [T1,Vsystem,n1,s1] 51 +Table cache: 1 entries (832B)  hit rate: 99.9%
I250729 21:28:47.249778 777 3@kv/kvserver/store.go:3801 ⋮ [T1,Vsystem,n1,s1] 51 +Snapshots: 0  earliest seq num: 0
I250729 21:28:47.249778 777 3@kv/kvserver/store.go:3801 ⋮ [T1,Vsystem,n1,s1] 51 +Table iters: 0
I250729 21:28:47.249778 777 3@kv/kvserver/store.go:3801 ⋮ [T1,Vsystem,n1,s1] 51 +Filter utility: 71.4%
I250729 21:28:47.249778 777 3@kv/kvserver/store.go:3801 ⋮ [T1,Vsystem,n1,s1] 51 +Ingestions: 0  as flushable: 0 (0B in 0 tables)
I250729 21:28:47.249778 777 3@kv/kvserver/store.go:3801 ⋮ [T1,Vsystem,n1,s1] 51 +Cgo memory usage: 128MB  block cache: 22KB (data: 0B, maps: 16KB, entries: 5.9KB)  memtables: 128MB
