I250731 17:10:26.307609 1 util/log/file_sync_buffer.go:237 ⋮ [config]   file created at: 2025/07/31 17:10:26
I250731 17:10:26.307629 1 util/log/file_sync_buffer.go:237 ⋮ [config]   running on machine: ‹cc4030c650e6›
I250731 17:10:26.307638 1 util/log/file_sync_buffer.go:237 ⋮ [config]   binary: CockroachDB CCL v25.2.0 (aarch64-unknown-linux-gnu, built 2025/05/15 21:07:42, go1.23.7 X:nocoverageredesign)
I250731 17:10:26.307643 1 util/log/file_sync_buffer.go:237 ⋮ [config]   arguments: [‹/cockroach/cockroach› ‹start-single-node› ‹--certs-dir=certs› ‹--advertise-addr=127.0.0.1:26257› ‹--insecure› ‹--http-addr=0.0.0.0:8080›]
I250731 17:10:26.307654 1 util/log/file_sync_buffer.go:237 ⋮ [config]   log format (utf8=✓): crdb-v2
I250731 17:10:26.307656 1 util/log/file_sync_buffer.go:237 ⋮ [config]   line format: [IWEF]yymmdd hh:mm:ss.uuuuuu goid [chan@]file:line redactionmark \[tags\] [counter] msg
W250731 17:10:26.305274 1 1@cli/start.go:1438 ⋮ [n?] 1  ALL SECURITY CONTROLS HAVE BEEN DISABLED!
W250731 17:10:26.305274 1 1@cli/start.go:1438 ⋮ [n?] 1 +
W250731 17:10:26.305274 1 1@cli/start.go:1438 ⋮ [n?] 1 +This mode is intended for non-production testing only.
W250731 17:10:26.305274 1 1@cli/start.go:1438 ⋮ [n?] 1 +
W250731 17:10:26.305274 1 1@cli/start.go:1438 ⋮ [n?] 1 +In this mode:
W250731 17:10:26.305274 1 1@cli/start.go:1438 ⋮ [n?] 1 +- Your cluster is open to any client that can access ‹any of your IP addresses›.
W250731 17:10:26.305274 1 1@cli/start.go:1438 ⋮ [n?] 1 +- Intruders with access to your machine or network can observe client-server traffic.
W250731 17:10:26.305274 1 1@cli/start.go:1438 ⋮ [n?] 1 +- Intruders can log in without password and read or write any data in the cluster.
W250731 17:10:26.305274 1 1@cli/start.go:1438 ⋮ [n?] 1 +- Intruders can consume all your server's resources and cause unavailability.
I250731 17:10:26.314619 1 1@cli/start.go:1448 ⋮ [n?] 2  To start a secure server without mandating TLS for clients,
I250731 17:10:26.314619 1 1@cli/start.go:1448 ⋮ [n?] 2 +consider --accept-sql-without-tls instead. For other options, see:
I250731 17:10:26.314619 1 1@cli/start.go:1448 ⋮ [n?] 2 +
I250731 17:10:26.314619 1 1@cli/start.go:1448 ⋮ [n?] 2 +- https://go.crdb.dev/issue-v/53404/v25.2
I250731 17:10:26.314619 1 1@cli/start.go:1448 ⋮ [n?] 2 +- https://www.cockroachlabs.com/docs/v25.2/secure-a-cluster.html
I250731 17:10:26.316609 1 server/status/recorder.go:856 ⋮ [n?] 3  ‹available memory from cgroups (8.0 EiB) is unsupported, using system memory 8.7 GiB instead: ›
W250731 17:10:26.317401 1 1@cli/start.go:1360 ⋮ [n?] 4  Using the default setting for --cache (128 MiB).
W250731 17:10:26.317401 1 1@cli/start.go:1360 ⋮ [n?] 4 +  A significantly larger value is usually needed for good performance.
W250731 17:10:26.317401 1 1@cli/start.go:1360 ⋮ [n?] 4 +  If you have a dedicated server a reasonable setting is --cache=.25 (2.2 GiB).
I250731 17:10:26.319295 1 server/status/recorder.go:856 ⋮ [n?] 5  ‹available memory from cgroups (8.0 EiB) is unsupported, using system memory 8.7 GiB instead: ›
I250731 17:10:26.319600 1 1@cli/start.go:1477 ⋮ [n?] 6  CockroachDB CCL v25.2.0 (aarch64-unknown-linux-gnu, built 2025/05/15 21:07:42, go1.23.7 X:nocoverageredesign)
I250731 17:10:26.321721 1 server/status/recorder.go:856 ⋮ [n?] 7  ‹available memory from cgroups (8.0 EiB) is unsupported, using system memory 8.7 GiB instead: ›
I250731 17:10:26.321759 1 1@cli/start.go:554 ⋮ [n?] 8  soft memory limit of Go runtime is set to 4.9 GiB
I250731 17:10:26.321786 1 1@cli/start.go:591 ⋮ [n?] 9  GC target percentage of Go runtime is set to 300%
I250731 17:10:26.328714 1 server/status/recorder.go:856 ⋮ [T1,Vsystem,n?] 10  ‹available memory from cgroups (8.0 EiB) is unsupported, using system memory 8.7 GiB instead: ›
I250731 17:10:26.328778 1 server/config.go:674 ⋮ [T1,Vsystem,n?] 11  system total memory: 8.7 GiB
I250731 17:10:26.328804 1 server/config.go:676 ⋮ [T1,Vsystem,n?] 12  server configuration:
I250731 17:10:26.328804 1 server/config.go:676 ⋮ [T1,Vsystem,n?] 12 +max offset             500000000
I250731 17:10:26.328804 1 server/config.go:676 ⋮ [T1,Vsystem,n?] 12 +cache size             128 MiB
I250731 17:10:26.328804 1 server/config.go:676 ⋮ [T1,Vsystem,n?] 12 +SQL memory pool size   2.2 GiB
I250731 17:10:26.328804 1 server/config.go:676 ⋮ [T1,Vsystem,n?] 12 +scan interval          10m0s
I250731 17:10:26.328804 1 server/config.go:676 ⋮ [T1,Vsystem,n?] 12 +scan min idle time     10ms
I250731 17:10:26.328804 1 server/config.go:676 ⋮ [T1,Vsystem,n?] 12 +scan max idle time     1s
I250731 17:10:26.328804 1 server/config.go:676 ⋮ [T1,Vsystem,n?] 12 +event log enabled      true
I250731 17:10:26.329448 1 1@cli/start.go:1338 ⋮ [T1,Vsystem,n?] 13  using local environment variables:
I250731 17:10:26.329448 1 1@cli/start.go:1338 ⋮ [T1,Vsystem,n?] 13 +COCKROACH_CHANNEL=official-docker
I250731 17:10:26.329468 1 1@cli/start.go:1345 ⋮ [T1,Vsystem,n?] 14  process identity: uid 0 euid 0 gid 0 egid 0
I250731 17:10:26.363162 1 1@cli/start.go:1500 ⋮ [T1,Vsystem,n?] 15  GEOS loaded from directory ‹/usr/local/lib/cockroach›
I250731 17:10:26.363220 1 1@cli/start.go:777 ⋮ [T1,Vsystem,n?] 16  starting cockroach node
I250731 17:10:30.042742 66 server/config.go:880 ⋮ [T1,Vsystem,n?] 17  1 storage engine initialized
I250731 17:10:30.042761 66 server/config.go:883 ⋮ [T1,Vsystem,n?] 18  Pebble cache size: 128 MiB
I250731 17:10:30.042768 66 server/config.go:883 ⋮ [T1,Vsystem,n?] 19  store 0: max size 0 B, max open file limit 1043576
I250731 17:10:30.042771 66 server/config.go:883 ⋮ [T1,Vsystem,n?] 20  store 0: /cockroach/cockroach-data: rw encrypted=false fs:{bdev=/run/host_mark/Users fstype=fakeowner mountpoint=/cockroach/cockroach-data mountopts=rw,nosuid,nodev,relatime,fakeowner}
I250731 17:10:30.048870 140 util/cidr/cidr.go:299 ⋮ [T1,Vsystem,n?] 21  CIDR lookup updated with 0 destinations
I250731 17:10:30.128754 66 1@server/clock_monotonicity.go:61 ⋮ [T1,Vsystem,n?] 22  monitoring forward clock jumps based on server.clock.forward_jump_check.enabled
I250731 17:10:30.178258 66 1@server/clock_monotonicity.go:136 ⋮ [T1,Vsystem,n1] 23  Sleeping till wall time 1753981830178253584 to catches up to 1753981830628676293 to ensure monotonicity. Sub: 450.422709ms
I250731 17:10:30.178340 566 1@server/server.go:1802 ⋮ [T1,Vsystem,n1] 24  connecting to gossip network to verify cluster ID "ad7eb413-6f81-429f-8b5f-ee89af2e84c8"
W250731 17:10:30.629002 66 1@cli/start.go:1299 ⋮ [T1,Vsystem,n1] 25  Running a server without --sql-addr, with a combined RPC/SQL listener, is deprecated.
W250731 17:10:30.629002 66 1@cli/start.go:1299 ⋮ [T1,Vsystem,n1] 25 +This feature will be removed in a later version of CockroachDB.
W250731 17:10:30.629141 66 1@gossip/gossip.go:1460 ⋮ [T1,Vsystem,n1] 26  no addresses found; use --join to specify a connected node
I250731 17:10:30.632133 613 kv/kvserver/kvstorage/init.go:250 ⋮ [T1,Vsystem,n1,s1] 27  beginning range descriptor iteration
I250731 17:10:30.632561 613 kv/kvserver/kvstorage/init.go:374 ⋮ [T1,Vsystem,n1,s1] 28  range descriptor iteration done: 55 range descriptors, 0 intents, 0 tombstones; stats: ‹seeked 114 times (58 internal); stepped 0 times (0 internal); blocks: 130KB cached; points: 56 (1.1KB keys, 1.6KB values); separated: 3 (88B, 0B fetched)›
I250731 17:10:30.635906 613 kv/kvserver/kvstorage/init.go:501 ⋮ [T1,Vsystem,n1,s1] 29  loaded replica ID for 55/55 replicas
I250731 17:10:30.636167 613 kv/kvserver/kvstorage/init.go:518 ⋮ [T1,Vsystem,n1,s1] 30  loaded Raft state for 55/55 replicas
I250731 17:10:30.636192 613 kv/kvserver/kvstorage/init.go:545 ⋮ [T1,Vsystem,n1,s1] 31  loaded 55 replicas
I250731 17:10:30.636202 613 kv/kvserver/kvstorage/init.go:576 ⋮ [T1,Vsystem,n1,s1] 32  verified 55/55 replicas
I250731 17:10:30.645704 613 kv/kvserver/store.go:2369 ⋮ [T1,Vsystem,n1,s1] 33  initialized 55/55 replicas
I250731 17:10:30.645899 613 server/node.go:690 ⋮ [T1,Vsystem,n1] 34  initialized store s1 in 16ms (55 replicas)
I250731 17:10:30.645941 66 kv/kvserver/stores.go:261 ⋮ [T1,Vsystem,n1] 35  read 0 node addresses from persistent storage
I250731 17:10:30.647459 566 1@server/server.go:1805 ⋮ [T1,Vsystem,n1] 36  node connected via gossip
I250731 17:10:30.647817 66 server/node.go:801 ⋮ [T1,Vsystem,n1] 37  started with attributes []
I250731 17:10:30.647952 66 server/goroutinedumper/goroutinedumper.go:117 ⋮ [T1,Vsystem,n1] 38  writing goroutine dumps to ‹/cockroach/cockroach-data/logs/goroutine_dump›
I250731 17:10:30.648029 66 server/profiler/heapprofiler.go:72 ⋮ [T1,Vsystem,n1] 39  writing go heap profiles to ‹/cockroach/cockroach-data/logs/heap_profiler› at least every 1h0m0s
I250731 17:10:30.648068 66 server/profiler/memory_monitoring_profiler.go:66 ⋮ [T1,Vsystem,n1] 40  writing memory monitoring dumps to ‹/cockroach/cockroach-data/logs/heap_profiler› at least every 1h0m0s
I250731 17:10:30.648079 66 server/profiler/cgoprofiler.go:66 ⋮ [T1,Vsystem,n1] 41  to enable jmalloc profiling: "export MALLOC_CONF=prof:true" or "ln -s prof:true /etc/malloc.conf"
I250731 17:10:30.648106 66 server/profiler/statsprofiler.go:68 ⋮ [T1,Vsystem,n1] 42  writing memory stats to ‹/cockroach/cockroach-data/logs/heap_profiler› at last every 1h0m0s
I250731 17:10:30.648315 66 server/profiler/activequeryprofiler.go:88 ⋮ [T1,Vsystem,n1] 43  writing go query profiles to ‹/cockroach/cockroach-data/logs/heap_profiler›
I250731 17:10:30.648387 66 server/profiler/cpuprofiler.go:87 ⋮ [T1,Vsystem,n1] 44  writing cpu profile dumps to ‹/cockroach/cockroach-data/logs/pprof_dump›
I250731 17:10:30.648824 66 1@server/server.go:1999 ⋮ [T1,Vsystem,n1] 45  starting http server at ‹[::]:8080› (use: ‹127.0.0.1:8080›)
I250731 17:10:30.649336 66 1@server/server.go:2007 ⋮ [T1,Vsystem,n1] 46  starting grpc/postgres server at ‹[::]:26257›
I250731 17:10:30.649354 66 1@server/server.go:2008 ⋮ [T1,Vsystem,n1] 47  advertising CockroachDB node at ‹127.0.0.1:26257›
I250731 17:10:30.649885 695 kv/kvserver/queue.go:612 ⋮ [T1,Vsystem,n1,s1,r25/1:‹/Table/2{2-3}›,raft] 48  rate limited in MaybeAdd (replicate): throttled on async limiting semaphore
I250731 17:10:30.649961 668 kv/kvserver/storeliveness/support_manager.go:285 ⋮ [T1,Vsystem,n1,s1] 49  starting to heartbeat store {NodeID:1 StoreID:1}
I250731 17:10:30.653390 668 kv/kvserver/storeliveness/supporter_state.go:298 ⋮ [T1,Vsystem,n1,s1] 50  provided support for store {NodeID:1 StoreID:1}; old = {Target:{NodeID:1 StoreID:1} Epoch:34 Expiration:1753981253.233903427,0}, new = {Target:{NodeID:1 StoreID:1} Epoch:35 Expiration:1753981833.649980001,0}
I250731 17:10:30.654148 668 kv/kvserver/storeliveness/requester_state.go:425 ⋮ [T1,Vsystem,n1,s1] 51  received support from store {NodeID:1 StoreID:1}; old = {Target:{NodeID:1 StoreID:1} Epoch:35 Expiration:0,0}, new = {Target:{NodeID:1 StoreID:1} Epoch:35 Expiration:1753981833.649980001,0}
I250731 17:10:30.693871 66 1@util/log/event_log.go:39 ⋮ [T1,Vsystem,n1] 52 ={"Timestamp":1753981830693861918,"EventType":"node_restart","NodeID":1,"StartedAt":1753981830629224168,"LastUp":1753981248980879302}
I250731 17:10:30.694069 606 kv/kvclient/rangefeed/rangefeedcache/watcher.go:340 ⋮ [T1,Vsystem,n1] 53  settings-watcher: established range feed cache
I250731 17:10:30.694817 604 kv/kvclient/rangefeed/rangefeedcache/watcher.go:340 ⋮ [T1,Vsystem,n1] 54  spanconfig-subscriber: established range feed cache
I250731 17:10:30.721457 66 sql/sqlliveness/slinstance/slinstance.go:435 ⋮ [T1,Vsystem,n1] 55  starting SQL liveness instance
I250731 17:10:30.733176 1171 sql/sqlliveness/slstorage/slstorage.go:540 ⋮ [T1,Vsystem,n1] 56  inserted sqlliveness session 01018045da7ed5416e4212b26c7cc3af1a7f86 with expiry 1753981870.721516793,0
I250731 17:10:30.733293 1171 sql/sqlliveness/slinstance/slinstance.go:247 ⋮ [T1,Vsystem,n1] 57  created new SQL liveness session 01018045da7ed5416e4212b26c7cc3af1a7f86
I250731 17:10:30.733337 66 sql/sqlinstance/instancestorage/instancestorage.go:338 ⋮ [T1,Vsystem,n1] 58  assigning instance id to rpc addr ‹127.0.0.1:26257› and sql addr ‹127.0.0.1:26257›
I250731 17:10:30.737235 66 server/server_sql.go:1618 ⋮ [T1,Vsystem,n1] 59  bound sqlinstance: Instance{RegionPrefix: gA==, InstanceID: 1, SQLAddr: ‹127.0.0.1:26257›, RPCAddr: ‹127.0.0.1:26257›, SessionID: 01018045da7ed5416e4212b26c7cc3af1a7f86, Locality: , BinaryVersion: 25.2}
I250731 17:10:30.737482 66 upgrade/upgrademanager/manager.go:171 ⋮ [T1,Vsystem,n1] 60  running permanent upgrades up to version: 25.2
I250731 17:10:30.738343 1222 sql/sqlstats/persistedsqlstats/provider.go:159 ⋮ [T1,Vsystem,n1] 61  starting sql-stats-worker with initial delay: 10m6.450640118s
I250731 17:10:30.738898 1235 kv/kvclient/rangefeed/rangefeedcache/watcher.go:340 ⋮ [T1,Vsystem,n1] 62  system-config-cache: established range feed cache
I250731 17:10:30.740360 1179 kv/kvserver/replica_rangefeed.go:882 ⋮ [T1,Vsystem,n1,rangefeed=‹lease›,mux_n=1,gen=2,r6/1:‹/Table/{0-4}›,sm=1,sid=1,s1] 63  RangeFeed closed timestamp 1753976854.210121963,0 is behind by 1h22m56.530235163s (behind=1h22m56.530235163s target=3s nudge=true cancel=false)
I250731 17:10:30.744425 1219 sql/temporary_schema.go:506 ⋮ [T1,Vsystem,n1] 64  running temporary object cleanup background job
I250731 17:10:30.776700 1219 sql/temporary_schema.go:556 ⋮ [T1,Vsystem,n1] 65  found 0 temporary schemas
I250731 17:10:30.776723 1219 sql/temporary_schema.go:559 ⋮ [T1,Vsystem,n1] 66  early exiting temporary schema cleaner as no temporary schemas were found
I250731 17:10:30.776728 1219 sql/temporary_schema.go:560 ⋮ [T1,Vsystem,n1] 67  completed temporary object cleanup job
I250731 17:10:30.776747 1219 sql/temporary_schema.go:641 ⋮ [T1,Vsystem,n1] 68  temporary object cleaner next scheduled to run at 2025-07-31 17:40:30.738311834 +0000 UTC m=+1805.307216835
I250731 17:10:30.799457 66 upgrade/upgrademanager/manager.go:233 ⋮ [T1,Vsystem,n1] 69  detected the last permanent upgrade (v0.0-upgrading-step-004) to have already completed; no permanent upgrades will run
I250731 17:10:30.799516 66 server/server_sql.go:1720 ⋮ [T1,Vsystem,n1] 70  done ensuring all necessary startup migrations have run
I250731 17:10:30.800405 66 server/license/enforcer.go:262 ⋮ [T1,Vsystem,n1] 71  trial license expiry initialized to 1970-01-01 00:00:00 +0000 UTC
I250731 17:10:30.800585 66 server/license/enforcer.go:298 ⋮ [T1,Vsystem,n1] 72  fetched existing cluster init grace period end time: 2025-08-05 14:00:31 +0000 UTC
I250731 17:10:30.800819 66 server/license/enforcer.go:498 ⋮ [T1,Vsystem,n1] 73  enforcer license updated: type is none, grace period ends at "2025-08-05 14:00:31 +0000 UTC", telemetry required: false
I250731 17:10:30.800899 66 server/license/enforcer.go:498 ⋮ [T1,Vsystem,n1] 74  enforcer license updated: type is none, grace period ends at "2025-08-05 14:00:31 +0000 UTC", telemetry required: false
I250731 17:10:30.832973 1493 sql/syntheticprivilegecache/cache.go:202 ⋮ [T1,Vsystem,n1] 75  warmed privileges for virtual tables in 30.138167ms
I250731 17:10:30.840099 1495 jobs/job_scheduler.go:407 ⋮ [T1,Vsystem,n1] 76  waiting 4m0s before scheduled jobs daemon start
I250731 17:10:30.841516 1503 kv/kvclient/rangefeed/rangefeedcache/watcher.go:340 ⋮ [T1,Vsystem,n1] 77  tenant-settings-watcher: established range feed cache
I250731 17:10:30.841940 1505 kv/kvclient/rangefeed/rangefeedcache/watcher.go:340 ⋮ [T1,Vsystem,n1] 78  tenant-entry-watcher: established range feed cache
I250731 17:10:30.844577 1505 multitenant/tenantcapabilities/tenantcapabilitieswatcher/watcher.go:285 ⋮ [T1,Vsystem,n1] 79  received results of a full table scan for tenant capabilities
I250731 17:10:30.855791 66 server/license/enforcer.go:582 ⋮ [T1,Vsystem,n1] 80  disable all license enforcement
I250731 17:10:30.855831 66 1@server/server_sql.go:1971 ⋮ [T1,Vsystem,n1] 81  serving sql connections
I250731 17:10:30.855908 66 1@cli/start.go:1286 ⋮ [T1,Vsystem,n1] 82  node startup completed:
I250731 17:10:30.855908 66 1@cli/start.go:1286 ⋮ [T1,Vsystem,n1] 82 +CockroachDB node starting at 2025-07-31 17:10:30.855840501 +0000 UTC m=+5.424745544 (took 4.8s)
I250731 17:10:30.855908 66 1@cli/start.go:1286 ⋮ [T1,Vsystem,n1] 82 +build:               CCL v25.2.0 @ 2025/05/15 21:07:42 (go1.23.7 X:nocoverageredesign)
I250731 17:10:30.855908 66 1@cli/start.go:1286 ⋮ [T1,Vsystem,n1] 82 +malloc_conf:         prof:false,prof_active:true,background_thread:true,thp:never,metadata_thp:disabled,narenas:48,dirty_decay_ms:2000,muzzy_decay_ms:0
I250731 17:10:30.855908 66 1@cli/start.go:1286 ⋮ [T1,Vsystem,n1] 82 +webui:               ‹http://127.0.0.1:8080›
I250731 17:10:30.855908 66 1@cli/start.go:1286 ⋮ [T1,Vsystem,n1] 82 +sql:                 ‹postgresql://root@127.0.0.1:26257/defaultdb?sslmode=disable›
I250731 17:10:30.855908 66 1@cli/start.go:1286 ⋮ [T1,Vsystem,n1] 82 +sql (JDBC):          ‹jdbc:postgresql://127.0.0.1:26257/defaultdb?sslmode=disable&user=root›
I250731 17:10:30.855908 66 1@cli/start.go:1286 ⋮ [T1,Vsystem,n1] 82 +RPC client flags:    ‹/cockroach/cockroach <client cmd> --host=127.0.0.1:26257 --insecure›
I250731 17:10:30.855908 66 1@cli/start.go:1286 ⋮ [T1,Vsystem,n1] 82 +logs:                ‹/cockroach/cockroach-data/logs›
I250731 17:10:30.855908 66 1@cli/start.go:1286 ⋮ [T1,Vsystem,n1] 82 +temp dir:            ‹/cockroach/cockroach-data/cockroach-temp3960342386›
I250731 17:10:30.855908 66 1@cli/start.go:1286 ⋮ [T1,Vsystem,n1] 82 +external I/O path:   ‹/cockroach/cockroach-data/extern›
I250731 17:10:30.855908 66 1@cli/start.go:1286 ⋮ [T1,Vsystem,n1] 82 +store[0]:            ‹path=/cockroach/cockroach-data›
I250731 17:10:30.855908 66 1@cli/start.go:1286 ⋮ [T1,Vsystem,n1] 82 +clusterID:           ad7eb413-6f81-429f-8b5f-ee89af2e84c8
I250731 17:10:30.855908 66 1@cli/start.go:1286 ⋮ [T1,Vsystem,n1] 82 +status:              restarted pre-existing node
I250731 17:10:30.855908 66 1@cli/start.go:1286 ⋮ [T1,Vsystem,n1] 82 +nodeID:              1
I250731 17:10:30.860332 1501 server/auto_upgrade.go:81 ⋮ [T1,Vsystem,n1] 83  no need to upgrade, cluster already at the newest version
I250731 17:10:31.777042 1496 server/diagnostics/update_checker.go:144 ⋮ [T1,Vsystem,n1] 84  a new version is available: ‹25.2.3›, details: ‹https://www.cockroachlabs.com/docs/releases/v25.2#v25-2-3›
I250731 17:10:31.829872 612 1@gossip/gossip.go:1476 ⋮ [T1,Vsystem,n1] 85  node has connected to cluster via gossip
I250731 17:10:31.830488 612 kv/kvserver/stores.go:280 ⋮ [T1,Vsystem,n1] 86  wrote 0 node addresses to persistent storage
I250731 17:10:57.566437 1233 jobs/adopt.go:105 ⋮ [T1,Vsystem,n1] 87  claimed 6 jobs
I250731 17:10:57.572031 1966 jobs/adopt.go:224 ⋮ [T1,Vsystem,n1,job=103] 88  job 103: resuming execution
I250731 17:10:57.572040 2387 jobs/adopt.go:224 ⋮ [T1,Vsystem,n1,job=101] 89  job 101: resuming execution
I250731 17:10:57.572052 1969 jobs/adopt.go:224 ⋮ [T1,Vsystem,n1,job=1093557394742509569] 90  job 1093557394742509569: resuming execution
I250731 17:10:57.572053 2386 jobs/adopt.go:224 ⋮ [T1,Vsystem,n1,job=100] 91  job 100: resuming execution
I250731 17:10:57.572055 1967 jobs/adopt.go:224 ⋮ [T1,Vsystem,n1,job=104] 92  job 104: resuming execution
I250731 17:10:57.572084 1968 jobs/adopt.go:224 ⋮ [T1,Vsystem,n1,job=105] 93  job 105: resuming execution
I250731 17:10:57.592994 2389 jobs/registry.go:1681 ⋮ [T1,Vsystem,n1,job=103] 94  AUTO UPDATE SQL ACTIVITY job 103: stepping through state running
I250731 17:10:57.593158 2362 jobs/registry.go:1681 ⋮ [T1,Vsystem,n1,job=100] 95  KEY VISUALIZER job 100: stepping through state running
I250731 17:10:57.593273 2379 jobs/registry.go:1681 ⋮ [T1,Vsystem,n1,job=1093557394742509569] 96  AUTO SPAN CONFIG RECONCILIATION job 1093557394742509569: stepping through state running
I250731 17:10:57.593324 2279 jobs/registry.go:1681 ⋮ [T1,Vsystem,n1,job=105] 97  UPDATE TABLE METADATA CACHE job 105: stepping through state running
I250731 17:10:57.594186 2145 jobs/registry.go:1681 ⋮ [T1,Vsystem,n1,job=104] 98  MVCC STATISTICS UPDATE job 104: stepping through state running
I250731 17:10:57.597712 2316 jobs/registry.go:1681 ⋮ [T1,Vsystem,n1,job=101] 99  POLL JOBS STATS job 101: stepping through state running
I250731 17:10:57.599144 2145 sql/mvcc_statistics_update_job.go:63 ⋮ [T1,Vsystem,n1,job=MVCC STATISTICS UPDATE id=104] 100  starting mvcc statistics update job
I250731 17:10:57.599919 2389 sql/sql_activity_update_job.go:88 ⋮ [T1,Vsystem,n1,job=AUTO UPDATE SQL ACTIVITY id=103] 101  starting sql stats activity flush job
I250731 17:10:57.688191 2379 spanconfig/spanconfigsqlwatcher/sqlwatcher.go:241 ⋮ [T1,Vsystem,n1,job=AUTO SPAN CONFIG RECONCILIATION id=1093557394742509569] 102  established range feed over system.descriptors starting at time 1753981857.608509541,0
I250731 17:10:57.688333 2379 spanconfig/spanconfigsqlwatcher/sqlwatcher.go:300 ⋮ [T1,Vsystem,n1,job=AUTO SPAN CONFIG RECONCILIATION id=1093557394742509569] 103  established range feed over system.zones starting at time 1753981857.608509541,0
I250731 17:10:57.688365 2379 spanconfig/spanconfigsqlwatcher/sqlwatcher.go:401 ⋮ [T1,Vsystem,n1,job=AUTO SPAN CONFIG RECONCILIATION id=1093557394742509569] 104  established range feed over system.protected_ts_records starting at time 1753981857.608509541,0
I250731 17:14:30.857231 1495 jobs/job_scheduler.go:171 ⋮ [T1,Vsystem,n1] 105  Starting job for schedule 1093557394989973505 (‹"sql-stats-compaction"›); scheduled to run at 2025-07-31 17:00:00 +0000 UTC; next run scheduled for 2025-07-31 18:00:00 +0000 UTC
I250731 17:14:54.294878 1233 jobs/adopt.go:105 ⋮ [T1,Vsystem,n1] 106  claimed 1 jobs
I250731 17:14:54.303220 6481 jobs/adopt.go:224 ⋮ [T1,Vsystem,n1,job=1094161763065856001] 107  job 1094161763065856001: resuming execution
I250731 17:14:54.306179 6565 jobs/registry.go:1681 ⋮ [T1,Vsystem,n1,job=1094161763065856001] 108  AUTO SQL STATS COMPACTION job 1094161763065856001: stepping through state running
I250731 17:14:54.321846 6565 1@jobs/structured_log.go:49 ⋮ [T1,Vsystem,n1,job=1094161763065856001] 109 ={"Timestamp":1753982094321841971,"EventType":"status_change","JobID":1094161763065856001,"JobType":"AUTO SQL STATS COMPACTION","Description":"state changed to: running","PreviousStatus":"running","NewStatus":"running","RunNum":0}
I250731 17:14:54.321989 6565 sql/compact_sql_stats.go:37 ⋮ [T1,Vsystem,n1,job=AUTO SQL STATS COMPACTION id=1094161763065856001] 110  starting sql stats compaction job
I250731 17:14:54.395256 6565 sql/compact_sql_stats.go:101 ⋮ [T1,Vsystem,n1,job=AUTO SQL STATS COMPACTION id=1094161763065856001] 111  sql stats compaction job terminated with status = succeeded
I250731 17:14:54.396760 6565 jobs/registry.go:1681 ⋮ [T1,Vsystem,n1,job=1094161763065856001] 112  AUTO SQL STATS COMPACTION job 1094161763065856001: stepping through state succeeded
I250731 17:14:54.409411 6565 1@jobs/structured_log.go:49 ⋮ [T1,Vsystem,n1,job=1094161763065856001] 113 ={"Timestamp":1753982094409407596,"EventType":"status_change","JobID":1094161763065856001,"JobType":"AUTO SQL STATS COMPACTION","Description":"state changed to: succeeded","PreviousStatus":"running","NewStatus":"succeeded","RunNum":0}
I250731 17:19:31.598120 11039 1@jobs/structured_log.go:49 ⋮ [T1,Vsystem,n1] 114 ={"Timestamp":1753982371598116710,"EventType":"status_change","JobID":1094162748468002817,"JobType":"AUTO CREATE PARTIAL STATS","Description":"state changed to: running","PreviousStatus":"running","NewStatus":"running","RunNum":0}
I250731 17:19:31.601921 11039 sql/distsql_plan_stats.go:209 ⋮ [T1,Vsystem,n1,job=AUTO CREATE PARTIAL STATS id=1094162748468002817,create-stats-distsql] 115  using computed sample size of 10000 for histogram construction
I250731 17:19:31.636738 11039 1@jobs/structured_log.go:49 ⋮ [T1,Vsystem,n1] 116 ={"Timestamp":1753982371636735293,"EventType":"status_change","JobID":1094162748468002817,"JobType":"AUTO CREATE PARTIAL STATS","Description":"state changed to: succeeded","PreviousStatus":"running","NewStatus":"succeeded","RunNum":0}
I250731 17:20:31.664046 12121 1@jobs/structured_log.go:49 ⋮ [T1,Vsystem,n1] 117 ={"Timestamp":1753982431664043210,"EventType":"status_change","JobID":1094162945290174465,"JobType":"AUTO CREATE PARTIAL STATS","Description":"state changed to: running","PreviousStatus":"running","NewStatus":"running","RunNum":0}
I250731 17:20:31.666778 12121 sql/distsql_plan_stats.go:209 ⋮ [T1,Vsystem,n1,job=AUTO CREATE PARTIAL STATS id=1094162945290174465,create-stats-distsql] 118  using computed sample size of 10000 for histogram construction
I250731 17:20:31.696944 12121 1@jobs/structured_log.go:49 ⋮ [T1,Vsystem,n1] 119 ={"Timestamp":1753982431696941543,"EventType":"status_change","JobID":1094162945290174465,"JobType":"AUTO CREATE PARTIAL STATS","Description":"state changed to: succeeded","PreviousStatus":"running","NewStatus":"succeeded","RunNum":0}
I250731 17:21:14.232089 1 1@cli/start.go:993 ⋮ [T1,Vsystem,n1] 120  received signal 'terminated'
I250731 17:21:14.242588 1 1@cli/start.go:1034 ⋮ [T1,Vsystem,n1] 121  initiating graceful shutdown of server
I250731 17:21:14.249740 12772 server/drain.go:353 ⋮ [T1,Vsystem,n1,server drain process,call-graceful-drain] 122  all tenant servers stopped
I250731 17:21:14.250499 12772 1@server/drain.go:399 ⋮ [T1,Vsystem,n1,server drain process,call-graceful-drain] 123  waiting for health probes to notice that the node is not ready for new sql connections
I250731 17:21:14.251513 1296 sql/stats/automatic_stats.go:694 ⋮ [T1,Vsystem,n1] 124  draining auto stats refresher
I250731 17:21:14.252072 1297 sql/stats/automatic_stats.go:745 ⋮ [T1,Vsystem,n1] 126  draining stats garbage collector
W250731 17:21:14.251915 1231 jobs/registry.go:1069 ⋮ [T1,Vsystem,n1] 125  canceling all adopted jobs due to graceful drain request
I250731 17:21:14.256897 2389 jobs/registry.go:1681 ⋮ [T1,Vsystem,n1,job=103] 127  AUTO UPDATE SQL ACTIVITY job 103: stepping through state succeeded
W250731 17:21:14.259431 2498 kv/kvclient/kvcoord/dist_sender_mux_rangefeed.go:406 ⋮ [T1,Vsystem,n1,job=AUTO SPAN CONFIG RECONCILIATION id=1093557394742509569,rangefeed=‹sql-watcher-descriptor-rangefeed›,mux_n=1,gen=2] 128  error closing mux rangefeed client: context canceled
W250731 17:21:14.260939 2367 kv/kvclient/kvcoord/dist_sender_mux_rangefeed.go:406 ⋮ [T1,Vsystem,n1,job=AUTO SPAN CONFIG RECONCILIATION id=1093557394742509569,rangefeed=‹sql-watcher-zones-rangefeed›,mux_n=1,gen=2] 130  error closing mux rangefeed client: context canceled
I250731 17:21:14.260039 2362 jobs/registry.go:1681 ⋮ [T1,Vsystem,n1,job=100] 129  KEY VISUALIZER job 100: stepping through state succeeded
W250731 17:21:14.260979 2495 kv/kvclient/kvcoord/dist_sender_mux_rangefeed.go:406 ⋮ [T1,Vsystem,n1,job=AUTO SPAN CONFIG RECONCILIATION id=1093557394742509569,rangefeed=‹sql-watcher-protected-ts-records-rangefeed›,mux_n=1,gen=2] 131  error closing mux rangefeed client: context canceled
I250731 17:21:14.341615 12772 sql/sqlstats/persistedsqlstats/provider.go:122 ⋮ [T1,Vsystem,n1,server drain process,call-graceful-drain] 132  stopping persisted SQL stats tasks
I250731 17:21:14.342008 12772 sql/sqlstats/persistedsqlstats/provider.go:128 ⋮ [T1,Vsystem,n1,server drain process,call-graceful-drain] 133  persisted SQL stats tasks successfully shut down
I250731 17:21:14.342137 12772 sql/stats/automatic_stats.go:516 ⋮ [T1,Vsystem,n1,server drain process,call-graceful-drain] 134  starting to wait for auto-stats tasks to shut down
I250731 17:21:14.342643 12772 sql/stats/automatic_stats.go:519 ⋮ [T1,Vsystem,n1,server drain process,call-graceful-drain] 135  auto-stats tasks successfully shut down
I250731 17:21:14.342826 12772 jobs/registry.go:2060 ⋮ [T1,Vsystem,n1,server drain process,call-graceful-drain] 136  starting to wait for job registry to shut down
I250731 17:21:14.343002 12772 jobs/registry.go:2063 ⋮ [T1,Vsystem,n1,server drain process,call-graceful-drain] 137  job registry tasks successfully shut down
W250731 17:21:14.413226 1171 sql/sqlliveness/slinstance/slinstance.go:331 ⋮ [T1,Vsystem,n1] 138  exiting heartbeat loop
I250731 17:21:14.413453 1171 sql/sqlliveness/slinstance/slinstance.go:316 ⋮ [T1,Vsystem,n1] 139  draining heartbeat loop
I250731 17:21:14.418385 12772 server/drain.go:482 ⋮ [T1,Vsystem,n1,server drain process,call-graceful-drain] 140  SQL server drained successfully; SQL queries cannot execute any more
I250731 17:21:14.418921 12772 server/drain.go:361 ⋮ [T1,Vsystem,n1,server drain process,call-graceful-drain] 141  done draining clients
I250731 17:21:14.424660 12772 1@server/drain.go:312 ⋮ [T1,Vsystem,n1,server drain process,call-graceful-drain] 142  drain remaining: 83
I250731 17:21:14.425105 12772 1@server/drain.go:314 ⋮ [T1,Vsystem,n1,server drain process,call-graceful-drain] 143  drain details: descriptor leases: 82, liveness record: 1
I250731 17:21:14.626163 12772 server/drain.go:353 ⋮ [T1,Vsystem,n1,server drain process,call-graceful-drain] 144  all tenant servers stopped
W250731 17:21:14.626838 12885 sql/sqlstats/persistedsqlstats/flush.go:235 ⋮ [T1,Vsystem,n1,server drain process,call-graceful-drain] 145  failed to flush transaction statistics: upsert-txn-stats: cannot acquire lease when draining
W250731 17:21:14.627263 12884 sql/sqlstats/persistedsqlstats/flush.go:254 ⋮ [T1,Vsystem,n1,server drain process,call-graceful-drain] 146  failed to flush statement statistics: upsert-stmt-stats: cannot acquire lease when draining
I250731 17:21:14.627333 12772 sql/sqlstats/persistedsqlstats/provider.go:122 ⋮ [T1,Vsystem,n1,server drain process,call-graceful-drain] 147  stopping persisted SQL stats tasks
I250731 17:21:14.627358 12772 sql/sqlstats/persistedsqlstats/provider.go:128 ⋮ [T1,Vsystem,n1,server drain process,call-graceful-drain] 148  persisted SQL stats tasks successfully shut down
I250731 17:21:14.627383 12772 sql/stats/automatic_stats.go:516 ⋮ [T1,Vsystem,n1,server drain process,call-graceful-drain] 149  starting to wait for auto-stats tasks to shut down
I250731 17:21:14.627413 12772 sql/stats/automatic_stats.go:519 ⋮ [T1,Vsystem,n1,server drain process,call-graceful-drain] 150  auto-stats tasks successfully shut down
I250731 17:21:14.627434 12772 jobs/registry.go:2060 ⋮ [T1,Vsystem,n1,server drain process,call-graceful-drain] 151  starting to wait for job registry to shut down
I250731 17:21:14.627455 12772 jobs/registry.go:2063 ⋮ [T1,Vsystem,n1,server drain process,call-graceful-drain] 152  job registry tasks successfully shut down
I250731 17:21:14.627772 12772 server/drain.go:482 ⋮ [T1,Vsystem,n1,server drain process,call-graceful-drain] 153  SQL server drained successfully; SQL queries cannot execute any more
I250731 17:21:14.627802 12772 server/drain.go:361 ⋮ [T1,Vsystem,n1,server drain process,call-graceful-drain] 154  done draining clients
I250731 17:21:14.628343 12772 1@server/drain.go:312 ⋮ [T1,Vsystem,n1,server drain process,call-graceful-drain] 155  drain remaining: 0
I250731 17:21:14.628372 12772 1@server/drain.go:564 ⋮ [T1,Vsystem,n1,server drain process,call-graceful-drain] 156  graceful drain complete
W250731 17:21:14.628502 1753 server/structlogging/hot_ranges_log.go:92 ⋮ [T1,Vsystem,n1] 157  hot ranges stats logging scheduler stopped: %!s(<nil>)
I250731 17:21:14.628968 565 server/start_listen.go:112 ⋮ [T1,Vsystem,n1] 158  server shutting down: instructing cmux to stop accepting
W250731 17:21:14.629185 1267 kv/kvclient/kvcoord/dist_sender_mux_rangefeed.go:406 ⋮ [T1,Vsystem,n1,rangefeed=‹sql_instances›,mux_n=1,gen=2] 159  error closing mux rangefeed client: context canceled
W250731 17:21:14.629519 1741 kv/kvclient/kvcoord/dist_sender_mux_rangefeed.go:406 ⋮ [T1,Vsystem,n1,rangefeed=‹tenant-settings-watcher›,mux_n=1,gen=2] 166  error closing mux rangefeed client: context canceled
W250731 17:21:14.629520 1319 kv/kvclient/kvcoord/dist_sender_mux_rangefeed.go:406 ⋮ [T1,Vsystem,n1,rangefeed=‹spanconfig-subscriber›,mux_n=1,gen=2] 167  error closing mux rangefeed client: context canceled
W250731 17:21:14.629365 1758 kv/kvclient/kvcoord/dist_sender_mux_rangefeed.go:406 ⋮ [T1,Vsystem,n1,rangefeed=‹tenant-entry-watcher›,mux_n=1,gen=2] 161  error closing mux rangefeed client: context canceled
W250731 17:21:14.629382 1178 kv/kvclient/kvcoord/dist_sender_mux_rangefeed.go:406 ⋮ [T1,Vsystem,n1,rangefeed=‹lease›,mux_n=1,gen=2] 162  error closing mux rangefeed client: context canceled
W250731 17:21:14.629468 1388 kv/kvclient/kvcoord/dist_sender_mux_rangefeed.go:406 ⋮ [T1,Vsystem,n1,rangefeed=‹system-config-cache›,mux_n=1,gen=2] 163  error closing mux rangefeed client: context canceled
W250731 17:21:14.629484 1280 kv/kvclient/kvcoord/dist_sender_mux_rangefeed.go:406 ⋮ [T1,Vsystem,n1,rangefeed=‹table-stats-cache›,mux_n=1,gen=2] 164  error closing mux rangefeed client: context canceled
W250731 17:21:14.629496 854 kv/kvclient/kvcoord/dist_sender_mux_rangefeed.go:406 ⋮ [T1,Vsystem,n1,rangefeed=‹settings-watcher›,mux_n=1,gen=2] 165  error closing mux rangefeed client: context canceled
W250731 17:21:14.629194 1730 kv/kvclient/kvcoord/dist_sender_mux_rangefeed.go:406 ⋮ [T1,Vsystem,n1,rangefeed=‹tenant-boundaries-watcher›,mux_n=1,gen=2] 160  error closing mux rangefeed client: context canceled
I250731 17:21:14.661538 12772 server/server_controller.go:409 ⋮ [T1,Vsystem,n1] 168  server controller shutting down
I250731 17:21:14.661663 12772 server/server_controller.go:418 ⋮ [T1,Vsystem,n1] 169  waiting for tenant servers to report stopped
I250731 17:21:14.661812 1 1@cli/start.go:1105 ⋮ [T1,Vsystem,n1] 170  server drained and shutdown completed
